PocketMine-MP Crash Dump Fri Nov 20 12:04:00 +07 2020

Error: Argument 2 passed to ShinPickaxeLevel\provider\DataProvider::savePlayer() must be of the type array, null given, called in C:\Users\Administrator\Desktop\SkyBlock 1.16\plugins\PickaxeLevelV6\src\ShinPickaxeLevel\Main.php on line 92
File: plugins/PickaxeLevelV6/src/ShinPickaxeLevel/provider/DataProvider
Line: 33
Type: TypeError

THIS CRASH WAS CAUSED BY A PLUGIN
BAD PLUGIN: ShinPickaxeLevel v6.0.0

Code:

Backtrace:
#0 plugins/PickaxeLevelV6/src/ShinPickaxeLevel/Main(92): ShinPickaxeLevel\provider\DataProvider->savePlayer(object koth\KothPlayer, NULL )
#1 src/pocketmine/plugin/MethodEventExecutor(42): ShinPickaxeLevel\Main->onQuit(object pocketmine\event\player\PlayerQuitEvent)
#2 src/pocketmine/plugin/RegisteredListener(80): pocketmine\plugin\MethodEventExecutor->execute(object ShinPickaxeLevel\Main, object pocketmine\event\player\PlayerQuitEvent)
#3 src/pocketmine/event/Event(88): pocketmine\plugin\RegisteredListener->callEvent(object pocketmine\event\player\PlayerQuitEvent)
#4 src/pocketmine/Player(3643): pocketmine\event\Event->call()
#5 src/pocketmine/network/mcpe/RakLibInterface(176): pocketmine\Player->close(object pocketmine\lang\TranslationContainer, string[21] Internal server error)
#6 vendor/pocketmine/raklib/src/server/ServerHandler(95): pocketmine\network\mcpe\RakLibInterface->handleEncapsulated(string[20] 14.246.128.239 57672, object raklib\protocol\EncapsulatedPacket, integer 0)
#7 src/pocketmine/network/mcpe/RakLibInterface(109): raklib\server\ServerHandler->handlePacket()
#8 src/pocketmine/network/mcpe/RakLibInterface(99): pocketmine\network\mcpe\RakLibInterface->process()
#9 vendor/pocketmine/snooze/src/SleeperHandler(123): pocketmine\network\mcpe\RakLibInterface->pocketmine\network\mcpe\{closure}()
#10 vendor/pocketmine/snooze/src/SleeperHandler(85): pocketmine\snooze\SleeperHandler->processNotifications()
#11 src/pocketmine/Server(2157): pocketmine\snooze\SleeperHandler->sleepUntil(double 1605848640.1508)
#12 src/pocketmine/Server(1994): pocketmine\Server->tickProcessor()
#13 src/pocketmine/Server(1588): pocketmine\Server->start()
#14 src/pocketmine/PocketMine(273): pocketmine\Server->__construct(object BaseClassLoader, object pocketmine\utils\MainLogger, string[45] C:\Users\Administrator\Desktop\SkyBlock 1.16\, string[53] C:\Users\Administrator\Desktop\SkyBlock 1.16\plugins\)
#15 src/pocketmine/PocketMine(304): pocketmine\server()

PocketMine-MP version: 3.15.2 [Protocol 408]
Git commit: 0000000000000000000000000000000000000000
uname -a: Windows NT WIN-4A4JKK157BG 6.3 build 9600 (Windows Server 2012 R2 Standard Edition) AMD64
PHP Version: 7.3.23
Zend version: 3.3.23
OS : WINNT, win
Composer libraries: 
- adhocore/json-comment 0.1.0@8448076039389f558f39ad0553aab87db3f81614
- ocramius/package-versions 1.5.1@1d32342b8c1eb27353c8887c366147b4c2da673c
- pocketmine/binaryutils 0.1.12@566fa87829e007eda0bd96e39fe20b9b0d638132
- pocketmine/callback-validator 1.0.2@8321aa3ccfe63639b0d08f0cbf270755cfc99fe2
- pocketmine/classloader 0.1.1@7c0363491d1ce8f914fe96d41a4338c982adedff
- pocketmine/log 0.2.0@e59bedb5d4bbeb9a26647cb7c367cb2fa72addfa
- pocketmine/log-pthreads 0.1.1@9bbcef398b01487ab47c234a6a7054722abbe067
- pocketmine/math 0.2.5@8c46cfa95351fb0b2b30739a381310941934b55f
- pocketmine/nbt 0.2.15@f8a81d37d24eb79fb77d985a52549d68955bc6a1
- pocketmine/raklib 0.12.9@5f2a02009f486ca4d90892814570fa13ebdc078d
- pocketmine/snooze 0.1.3@849510fa62e57512b8467e3694e9b3add97038fd
- pocketmine/spl 0.4.1@ff0579a0be41bbe65d3637607715c0f87728a838
- doctrine/instantiator 1.3.1@f350df0268e904597e3bd9c4685c53e0e333feea
- myclabs/deep-copy 1.10.1@969b211f9a51aa1f6c01d1d2aef56d3bd91598e5
- nikic/php-parser v4.10.2@658f1be311a230e0907f5dfe0213742aff0596de
- phar-io/manifest 2.0.1@85265efd3af7ba3ca4b2a2c34dbfc5788dd29133
- phar-io/version 3.0.2@c6bb6825def89e0a32220f88337f8ceaf1975fa0
- phpdocumentor/reflection-common 2.2.0@1d01c49d4ed62f25aa84a747ad35d5a16924662b
- phpdocumentor/reflection-docblock 5.2.2@069a785b2141f5bcf49f3e353548dc1cce6df556
- phpdocumentor/type-resolver 1.4.0@6a467b8989322d92aa1c8bf2bebcc6e5c2ba55c0
- phpspec/prophecy 1.12.1@8ce87516be71aae9b956f81906aaf0338e0d8a2d
- phpstan/phpstan 0.12.48@d364cfbac9ffd869570cdfea7eaa6541c3dac666
- phpstan/phpstan-phpunit 0.12.16@1dd916d181b0539dea5cd37e91546afb8b107e17
- phpstan/phpstan-strict-rules 0.12.5@334898a32217e4605e0f9cfa3d3fc3101bda26be
- phpunit/php-code-coverage 9.2.0@53a4b737e83be724efd2bc4e7b929b9a30c48972
- phpunit/php-file-iterator 3.0.5@aa4be8575f26070b100fccb67faabb28f21f66f8
- phpunit/php-invoker 3.1.1@5a10147d0aaf65b58940a0b72f71c9ac0423cc67
- phpunit/php-text-template 2.0.3@18c887016e60e52477e54534956d7b47bc52cd84
- phpunit/php-timer 5.0.2@c9ff14f493699e2f6adee9fd06a0245b276643b7
- phpunit/phpunit 9.4.0@ef533467a7974c4b6c354f3eff42a115910bd4e5
- sebastian/cli-parser 1.0.1@442e7c7e687e42adc03470c7b668bc4b2402c0b2
- sebastian/code-unit 1.0.7@59236be62b1bb9919e6d7f60b0b832dc05cef9ab
- sebastian/code-unit-reverse-lookup 2.0.3@ac91f01ccec49fb77bdc6fd1e548bc70f7faa3e5
- sebastian/comparator 4.0.5@7a8ff306445707539c1a6397372a982a1ec55120
- sebastian/complexity 2.0.1@ba8cc2da0c0bfbc813d03b56406734030c7f1eff
- sebastian/diff 4.0.3@ffc949a1a2aae270ea064453d7535b82e4c32092
- sebastian/environment 5.1.3@388b6ced16caa751030f6a69e588299fa09200ac
- sebastian/exporter 4.0.3@d89cc98761b8cb5a1a235a6b703ae50d34080e65
- sebastian/global-state 5.0.1@ea779cb749a478b22a2564ac41cd7bda79c78dc7
- sebastian/lines-of-code 1.0.1@6514b8f21906b8b46f520d1fbd17a4523fa59a54
- sebastian/object-enumerator 4.0.3@f6f5957013d84725427d361507e13513702888a4
- sebastian/object-reflector 2.0.3@d9d0ab3b12acb1768bc1e0a89b23c90d2043cbe5
- sebastian/recursion-context 4.0.3@ed8c9cd355089134bc9cba421b5cfdd58f0eaef7
- sebastian/resource-operations 3.0.3@0f4443cb3a1d92ce809899753bc0d5d5a8dd19a8
- sebastian/type 2.3.0@fa592377f3923946cb90bf1f6a71ba2e5f229909
- sebastian/version 3.0.2@c6c1022351a901512170118436c764e473f6de8c
- symfony/polyfill-ctype v1.18.1@1c302646f6efc070cd46856e600e5e0684d6b454
- theseer/tokenizer 1.2.0@75a63c33a8577608444246075ea0af0d052e452a
- webmozart/assert 1.9.1@bafc69caeb4d49c39fd0779086c03a3738cbb389
- pocketmine/pocketmine-mp 3.15.2@d7a66ad7559f23d24ffe95813421a720203109b1

Loaded plugins:
RedstoneCircuit 2.0.0 by tedo0627 for API(s) 3.6.0
PM-Beacons 1.0.5-1 by jasonwynn10 for API(s) 3.0.0
KeepInventory 1.0 by KhoaGamingPro for API(s) 3.0.0
StairSeat 1.5.5 by korado531m7 for API(s) 3.14.0
MaxEnchants 1.2.1 by Xenophilicy for API(s) 3.0.0
AutoXP 1.0.1 by JackMD for API(s) 3.0.0
MineReset 3.2.0 by Falk for API(s) 3.0.0
RenameItems 1.1 by Wertzui123 for API(s) 3.0.0
BuilderTools 1.2.0-beta2 by CzechPMDevs, VixikCZ for API(s) 3.0.0
NoFallDamage 1.0 by DeveloperNeb101 for API(s) 3.0.0
DevTools 1.13.0 by PocketMine Team for API(s) 3.0.0
KhungLong 1.0.0 by xXNiceYT for API(s) 3.0.0
BlockProtect 1.0.0 by DarkByx for API(s) 3.3.1, 3.3.4, 4.0.0
MSpawns 2.2 by EvolSoft for API(s) 3.0.0
KillRegen 1.1.0 by NashanPlaysYT for API(s) 3.4.0, 3.3.0, 3.2.0, 3.1.0, 3.6.0
VanillaEntityAI 1.0.0-alpha5 by jasonwynn10 for API(s) 3.0.0
NoAdvertisingPE 1.0.1 by Vaivez66 for API(s) 3.0.0
SimpleWarp 4.0.1 by Falkirks for API(s) 3.0.0
InvCrashFix 0.0.1 by  for API(s) 3.14.0
WorldProtect 2.3.8 by aliuly for API(s) 3.0.0
Slapper 1.6.1 by jojoe77777 for API(s) 3.13.0
Worlds 3.0.6 by survanetwork for API(s) 3.0.0
ARQuest 0.2 by phuongaz for API(s) 3.9.0
NameTag 1 by MTwins for API(s) 3.0.0, 4.0.0
SETVIP 2.3 by MCPEVN TEAM for API(s) 3.0.0
FormAPI 1.1 by jojoe77777 for API(s) 3.0.0
PointAPI 2.0.9 by onebone for API(s) 3.0.0
Marry 1.0.0 by GreenJajot for API(s) 3.0.0
SizePlayer 1.0.3 by  for API(s) 3.0.0
DOLNapTheUI 1.0.87 by Shin1134 for API(s) 3.0.0
CachMuaLand 1.2 by Noob for API(s) 3.1.1
BuyceUIEF 0.4 by UnknownOre for API(s) 3.0.0
AntiSpam 1.3 by xBeastMode for API(s) 3.0.0
MuaDanhHieu 3.5 by BlackPMFury for API(s) 3.0.0, 3.2.0
OrionTasks 1.0.0 by Clik for API(s) 3.0.0
MapImageEngine 1.1.3 by FaigerSYS for API(s) 3.0.0
DeTuMF 3.0.0 by CLADevs And Shin1134 for API(s) 3.0.0
TheoDoi 1.2.0 by HotshotHD & CodeRed2019 for API(s) 3.0.0
Sell 2 by Muqsit for API(s) 3.0.0
Kickk 1.1 by MCPEVN-TEAM for API(s) 3.0.0
PlayerVaults 3.2.0 by  for API(s) 3.0.0
PHP-Sell 1.2.7 by Muqsit for API(s) 3.0.0-ALPHA9, 3.0.0-ALPHA10, 3.0.0-ALPHA11, 3.0.0-ALPHA12, 3.0.0
SlapperRotation 1.2.1 by jojoe77777 for API(s) 3.0.0
ShinPickaxeLevel 6.0.0 by shin for API(s) 3.0.0
iProtector 3.1.1 by LDX for API(s) 3.0.0
KitUI 1.3.5 by Infernus101 for API(s) 3.4.0
InvSee 1.0.0 by BlockHorizons for API(s) 3.0.0
Eternity 1 by minefore and shin1134 for API(s) 3.9.0
SkyBlockUI 2.0 KSCore by KaysilGMVN for API(s) 3.0.0
essentialsTP 1.2.2 by  for API(s) 3.0.0
DanhHieu 3.0.0 by padreon for API(s) 3.0.0
QuyenVipUI 1.2 by NightBlackDM for API(s) 3.1.1
AutoClearLagg 3.1.0 by Twisted for API(s) 3.0.0
PurePerms 1.4.2 by 64FF00 & ProjectInfinity for API(s) 3.0.0
AntiTNT 0.1 by Adam1609 for API(s) 3.0.0
ShellyEssentials 1.0.2 by Shelly7w7 and BlazeTheDev for API(s) 3.0.0
NoTP 1.0.7 by awzaw for API(s) 3.0.0
ScoreHud 2.0.0 by JackMD for API(s) 3.0.0
AutoFix 1 by Noob for API(s) 2.0.0, 3.0.0
Weapons 1.12.0c by xBeastMode for API(s) 3.0.0
sblevel 0.1 by AmGM-Encode for API(s) 3.0.0, 2.0.0
MuaCoinUI 3.5 by BlackPMFury for API(s) 3.0.0, 3.2.0
Banking_vonfram 1 by Noob for API(s) 3.0.0
Warps 2.0 KSCore by KaysilGMVN for API(s) 3.0.0
CustomAlerts 2.1 by EvolSoft for API(s) 3.0.0
PiggyCustomEnchants 1.4.6 by DaPigGuy for API(s) 3.2.0
BuyFix 1.0.0 by HumYaiJang for API(s) 3.0.6
Eff 2 by AmGM for API(s) 2.0.0, 3.0.0
ItemDropText 1.0.0 by AlexItz16 for API(s) 1.0.0, 3.0.0, 4.0.0
EconomyAPI 5.7.2 by onebone for API(s) 3.0.0
LoadWorlds 1.1 by shin for API(s) 3.0.0
1vs1 1.0.1 by VixikHD for API(s) 3.0.0, 4.0.0
AutoInv 1.0.0 by Nope for API(s) 3.0.0
Alias 1.2.0 by Ghast Noob for API(s) 3.0.0
ChongBug 1.0.0 by shin1134 for API(s) 3.0.0
OreGenerator 2.0.0 by vividmemory for API(s) 3.0.0
ChoDenUI 3.5 by BlackPMFury for API(s) 3.0.0, 3.2.0
MysteryCrate 9.1.1 by JackMD, DaPigGuy for API(s) 3.9.0
Minerloot 1.0.0 by Distoxicqted for API(s) 3.1.4
NameCorrector 1.0.0#build011 by PEMapModder for API(s) 3.0.0
PECollide 1 by saxavlax001 for API(s) 3.0.0
TableSpoon 0.0.7-ALPHA by CortexPE, Xenophilicy, HyperFlareMC for API(s) 3.13.0
GCPClan 1.1 by InstantlyTa for API(s) 3.0.0, 4.0.0
EnchantUI 0.4 by UnknownOre for API(s) 3.0.0
ShopUI 0.0.1 by InstantlyTa for API(s) 3.0.0
DEVirion 1.2.5-ALPHA12 by poggit, SOFe for API(s) 3.0.1
KingOfTheHill 3.0.0-ALPHA1 by Tethered, iZeaoGamer for API(s) 3.0.0
AuctionHouse 1.2.3 by Shock95x for API(s) 3.0.0
MenuUI 2.0 KSCore by KaysilGMVN for API(s) 3.0.0
GiftCode 1 by ZulfahmiFjr for API(s) 3.0.0, 4.0.0
PureChat 1.4.11 by 64FF00 for API(s) 3.0.0
SkyBlock 1 by KhoaGamingPro for API(s) 3.0.0
RankShopSystem 1.0.0 by zZPROGAMERZz423 | §eFor issues report by §2Visiting GitHub.com/zZPROGAMERZz423 for API(s) 3.0.0
BlackSmithFGC 1.0.0 by  for API(s) 3.0.0

----------------------REPORT THE DATA BELOW THIS LINE-----------------------

===BEGIN CRASH DUMP===
eNrtXW1z27ay/isa98yddMay+f6SDx07fknS2I6OraZtDjsZEAQl1hSpwxfZcm//+30AUhJAO5Zs
K7dfkmkjckUtdrGL3WcBEPlrJ86LCam+zFhRJnm289rc3amSCdt5rTua7VmeY2m7Oykpq5OiyIud
13/tVPMpvt4Z4qOh7e5MWFmSEaceFqN6wrKqZ/SmpCxZ1Kvy3tU4yQYJvSa37IzNWBoE0yKfJREr
guCYVGTQ3r1+XZIZG6RkzopXP/YmdVn1QtbL4141Zj3ebo8UBZnv9rI6TXujZMay3R4laYp2kqx3
9DoIfimhSRAcRpMkS8qqIFXOW2HldZVPg+Dqev4mzel1T9/THciR1qMkw/OyeJ/wRVlQPHxP7nOS
ZHvT8bSXZ700yVjPN6B+DGlOk5Tr/+1FeLjruFBckkaKlue+ynIfHPe7DPcX/PZldmDF1YM7cH8o
CMXlf3Z+0HpP4cw765Vv/Ph6Ywfo/yQ5QB7+yWjVu86rcRB8wN8Nfbd38cvZWe9HiPiD3uMNT9GZ
rEJns/1GvP1zVo3z6ATuUZ3cMlrDAK+shwXhQvZ/yrN/10m1aHLFMAgYZ8KtxNuGkcQnf1hwF1IY
X5Hiko1gflaw6Ix/ZtDJ0yCEzL55FGLcl7j/ExNXbCHWw8Lv9p4ntdmVWvxmXzzwyvO+Iud9nfo/
8QHY/Ox5klhdSVoHMB3L7IjRchO/bRp+JVjYXRYZq27y4np/Qqds/5JcnyXh+wxyx3DlV7rrdPg2
LYJjmpfsITVSko2CYFiQrExJhUh5lGcVep/7I4Z4ko3+Y+h/9EQbGUl7CAEIqT3GA6SQ0OlB5igv
ZCELcp0moRg8zfP7V+LjHcmiFB3g2x0xW62CgKsFY6h69X8aix+eZJRMyxpysujVQjjtj55u7RmW
s6cb3p5h+j3bdVxj6T2NLGJgVjnN4VwymwHhQuwiyFZsBL00oZP7tF7XfKizaKdRGAFO1nihQdNc
Y1rvSY34/hO7DPpSZK+mLf8BI5VZnt+xJsKljE1X5tEN86mNff3Zv7jr1QX7u5FE154kitf1lOZR
dK/y3FLdi7xK4oQKT2511+8F08Y0rwzddjfkXvL7X7IqSV9FeR2mrLdCEXu6rXlNS8ZXWtJ93+q0
1HzT/6lC3Bs0siOWN2zMr7Gx74WvBZuyIkXrV/r9sCMuz3H5ynDNr3D48oWiy6qipstw94aU7AgQ
qTzLScQDwgPxo0aflE3APstHIylsWPYfzwAuy5/b5h8vwT1NV9iPdIWpdW3SDF304h9/7+6w77Dw
q7Bw+2AMHd6w+5JkszydMd6paCNKCnjczuJbULqs8R3NIw7j/viO6L4juu+I7jui+47oviO674ju
O6KTEd3uzoinAJJySJcRPhG4s/pp/3wA7iF6ZzVhuGPCD/Y43gnrJI12Xuuebu/uJOWXiM12Xsck
LRlwSRuEdl5bmodGEo5atA3/gHfdyvJrgiF0U/Yuhr1f31/0rUPr5w8f4M5v3vacPbMnROj5jqb1
Xi0ebezcMzR46aXRu6rg26SIeidRwgfLj73D82PH4thpPEUL7p6JYIrbO4xWoV57j6+/5CWX4f3F
xRAEcXMDtMWh1WSKPFN8QSQsSJGwkvcficbQuWD7f5Z51sczLVrDyNnTDjzL8jTX0Uzf9PzYtr3Y
9Emk2bZJSOi5UWjGnu7oXLKcFmSS1OX+FGEUiLrf9j4XQN+z9/QDPTIN0zJCj+oshK/bJvU8z6Wm
Aw5uaFEjIo5rUq7HyinCJCPFXHhyK5ZuHNiOExPP9QyfaZrLIqKFke8w04+ZoYV+qEWO6emmobLi
mTuEdP0ZSZOI+6qQTdszDjzT0AkxKY2ZYzom56B5sUbD2HA117ZpTH3OvMOQj79UjL+FbAcu1cDA
8vVIp8yLfd2Kme9Elk4s0/So7xl4PIpjlVOajwQHA53ObD9kUWhHVhiy0CeG41guDXlH4cOIiQsW
UUzucehPq3HBSLTsqAM/DCmDzbxQ0y3PJSEYwQbEIa5mW65hEDShOa7KakKqcSuNfeBRy6Ex8W3T
1uNQC43Q1Fx4Ae9fJFdL900rtO2OPllYtRx0+yD2iAfju5FhsdD149B1I9+ziW3Ylh85nm/bIXWI
rrJocnajirHnH9ixQTRD0/wYkZ0SK/I1zzc83bJdLSa6ycKIaq4XqVyapNF2iAmH9m0djzsGs11b
hzNajstMx7eYH5roVt/VTC/uMpmmgoOFLo1jzXZ9OByzdHSeY0cwN4aI6+o21WLPdQ2oa3rgEOWU
h0u2j6CHEV0lS5czOSPT1qJYMxyP+Zpl+xADToze9mxqm0xjpmnGjHEzT+bwtLDcj5DoMEanc8FE
17iFHT80dD32iQ0H1mOHavC8yCAstp2Ic9Rt32M2uGTJdYJ4O572p6QohcvOLM7FOHAwsvWQmbpO
DFNjmq+5sR3FTDN007UMwpWGEzMRYkjRT3I4SZbErORmhtNCEs82HJvFkUliN8RQIlZoEIOaVhTG
1HY9L4oMXzdNiYccoLkY1AlDxzPsiMUeRjYxDcNAl3qm6cYeZSTWfdeOidZEOnSvKNgBVwoWp0h+
SRvCBEtDDCY90nQKL7NY5BixYRPiWcS1XBKZdmQT3fGBTh0jfIwlqCFPY2CKLAI5Nccnrmej4y09
hu/Glh+bDAHNtryI6pQyJ0K0dO4x5RMB/YKVvCxuPMGCjA6BE4ae7/lQOPIN2JF6iDwY/ZQ6zKZG
SBCCWrXLKaO8CJ+OGW0dweDdj2gDj3ZC5sIR4M2+7SA4+5pDSKwh9DAt8ogRtUzgj/vt52KIWd4B
fNmiMWKkH8eR5/gYWhRuQFxGiGNbOjUjQh3Huc+kj886S6oFM91B18P5nAi5NtRs048YsSmiAINH
Wg6JQy/UEbt19wFmHGbQql/UKSsXHO0D07TQSdwrdJdZwHhMi33EJjMyY4pgpIcRgmXYeKmQRng7
n1PAX+jxZqLHF46BFGaFLsTxTHQZIlMcGSG1mBv6BjqPmBpFa67RYcYnTPoJsHU7lrnj2gcEvJiH
iBIbiAQaFNNiSkPHjZEnQ8OLDYxMmKPDjE+QXLOGDQ/X8EfEaTfSYDLHDm3PtzREGteIXZ36hGqW
gRTluB02Fbut8NdkyqumdjyaB7qH9OpqusMcjdmG5brMtmxkJsQFZFs3pLZBI8/qMksmQiK7GZFw
BGQwy0eI9JkRO0hezI8jeJVmWBgBLpKTGXYkah3BF96NQATDOS5xfdeiVuhQDBMMlzhGYNERnXQk
b0tEqJIBtyFMZsisySpK6SK+WJbBXOoyx4PxkQGRZy24pxs6jgfDhYalGRT5SeXDbd+Kw9m4B7Zv
mPARDHmEb9/XfYxVN3Y0pDaAAHC1kTF9Ej7MBoOXBy3WT/P8up4uOxsjRo81PvIRbHiCQzJy4khH
l0M4JCjuCWZXSSAysnAkSziSS7w4NjXH4lnNxaihOgEcgZ8ahEMHnVEbaUu7xydlt0k1XwbjkHiU
4ykNPRKHFLk60szQRkUEhGVpcG431plAISs+UQJCI4mJPEd9yydICIgmAEGMCKnMCFLZoWcwi5qG
5qvdzbJZUuRZiyFtkXJNz4PNWaQjaRNEKDQON3J8hoLJAKgiYKJphKqMbqd5UbFiKU7k+RTgyXV0
4MfQ5nKZNnFCpGvCkEihlKchGytcRmkekhTRpBkXtugaRDPXB5yCcpbrhcBABvqFUEQ3jIsIbkqB
IqircOKTm2U/j/vNBGXrko6tWyEf3IiyCGeWE9uGFgEmRbpLLNswY2IjMVsKq6ZO67MMSUE2Proc
v+chF8byAM5sy3ARkFHBIkoCfZmuZgAwkwfZtelKcGtcMvIRR0Iz1A1CQ93lg0RHTvWAF0zqa5Gh
WSYNOy5ZMFqLnAxFMx5XlsKxCOAV8dtGQY00boW4C4ll6CHAcRQBQMBFWOx22JV5XVDWz6dc17Yc
MAVDLbYsLoFJdOQ8ZC8NCRD53QypFvHcDMCg+8RTGLYz+AYQlHbAe9cwXRcA1zB9wNTQh7cj0hJX
DwkQXmzAwTRf4XAfc1BdM+BMOvE1HWNLhwF0zzId6joWs1wzBvDxhHvOJ3GezVGypnPkgbRPW3Fm
CN4er3CoCTwHN3BYDCyK3MnRHA/AiMDA2Z4VOaEl/KEas5IxIAIkgCy5a+McT0wu3NqkpkmQT4Ar
UYJZgCgIBhiByOSovjD2bIPjwhsWTvI7UlT7fMGiaIKcL4Z/TB2fEhZakeVTk0dseL0G4IzxYroo
RMIQJZ0Kc1eX/cl0WTUfRC5xEPdRBfmxYQLEx6hobIQUGB+1CDA5LwRCfefv5dS/KC0vWVRWecaO
koLWPAIvq/XuN7s7K6tw5+XhjdTVOC9KvgJQsSjXHMPlpT+ZJpxk7jl4CvcsI2HKUARXRY0aPmJT
lMRls4RQ5nF1LBMmRKw7FG3zzcwIX7pACcfXI4aHl8NfBk3HlomIGTvQaXDef8MIzRu1FjMOK6Is
Pg8Mdl9XFfiToLi+mWeZrik6aM/XQWIZBKEQJAhWArUaDT5eDX/9eHl2fE+nDygl3mczAUvnkloq
vaOZqtWHcU7eoubPRoMi35ZeCtMgUMTp2uvr2l1VJCmuGJGdbkVTtbL3bFWv67wgUW6b+kT1ON16
vloSzyBYSiJdbqLVObk9yegYlaTsiDJV1QwoXNXsN5ahbEjSBIXDluwlseTmWYqi3Gyi3GFd5b8N
JL1aQndwdVT6mdDr8+NtadNwC4Km7c38bVxV0/L1/v4oqcZ1uAcwtt+w2W814JZDTL1EwJf9cUWT
VTR5DlBVPCXp9bYUjMErKa5hHh7mC948tJQkWWunS8blf49yo1Qi+oqqWqxjr1+Rpu7qRDfMbam0
4sgXCpdiPNt4K377slZQ/Q2fuWXFMM9TWXeF3B2BWj9kFTHUTji6Y3Q8OD9mM/6DT8ltcn30eVv9
QTnz6SQCc2SGRraKy4b8oEr61J6RxN5XWKFvLnK4aXpMJqLGXvaNQn40mxzzxWUOEy8Yymd9W73R
YRsEskSbJxSw6Zp9Ser4u9nVbLU20RsyMtmiZsPGrJIkjyCZBwy6kmx/yYNjg3Gdjc7ybCTjgiWt
G5A72t7+dpFQ9vtwa2omWb65ncRyE5BDxbeaSENUJq9R4JgU12/mt4r8pghj/JNjd+sl+siiYESq
gq2HAFdTcqPg0AVFxdCdgHMyy9MrCLQto7SNwi7L1jfwvJubmz0GSTjXvepauBrKqEs2Ypnsakta
Z2R1LXVBSsALvoui7PibJR7l9mo+jfZTbz9fUDxIjQKeXvL/NzHcJ5JBLXKSVUk1P3wvqdv95p57
9kk6HRP7G5UUO4O6YKLxhJW/7XylwugIyfdpLMVdUz1d5IcRNKqSkoP6EyU5qN+sgXqfSDJjd46z
LSde8OM5QRGkQ9io4Ej4FNyvpJjKFceKKKtm3VfttIVlLzTlKSkrsVsoFjvyrtL8Rro9KUvGF6HS
En39ECQshbw3kBeFiSz7WvVRoh0VGBinya2kv0yVO0C71wHbKrMm9X8hVRAk2YzyluPkNgiaDRKb
qPFrXqTR/eyhkNU4a+55qiVJmtTp1qqrhlsQ3HAJpouksX7W4oFcf14nRZywNJKneRYbK6uC8WVf
vsduX9GWu3ZKplNWyH7dUtTx6nSd+s/8z5y5/I9aRpvP74+yafnZ2H4l0v5CiYXZy67By05dpu05
qn5lXcxIu6FqWwYXPFt7Y0QuBdlI0daae4LJ3mLH2g8NM1FjX/67Fku2qyK7pajDs4MepuMawI/c
KUr6z1dywS8IROPtxyYD9AJSD4mMSxcUxRdV8c+HN3xGsmuhF+I4hBbuiJsHl6uT4af38gRHS+gE
lI7sR4OTTxe94cnh+dawm2DJ95ZVn5KNovtpXkwOBzJmWVAeLfW/Mv5fMum55BgErQjLi00UGeRJ
VqmaLEndOWhfVSbPWIj/t6VJlPPdUmJzMc2zfDIHU4Cq5npDbc5JoUzdNvdrqpu3iPTZz+TPfGu1
wIojD8vFk6Zpk7t2372CmpbEri7mV0HDC+QX7Z01G8VX1xtNCnw8uyDT4Zj9InuUTO0q4LmqNfjm
el03ra0Vy6u2N7fCEaHj85qcEb6XcKmGTO1ManWqsDwP1QS/pz9X/hStBUEGjkEwqUnaNL6+6q/n
FCqfnCqzcguamtssVfpfsussv8k+Flsb2iuOfMJNCLG5LQ4B0FFST+QUvSCpVugkits3DPDtnK9O
b0mP25BznIBjEPDNayVkmPBBshBoIo+Sr1V/cKFjko3fJayWQ5VEVVFWp8x9kxJ6PTg/rYv5Awm8
Keyfqd/ROD+CDNw67eXmZvpYQN4hKa9l1CgR1wThozTZGmLkvIJAtP2MhbJzMn3PZ0JPspF4fUtK
JsoX3ZkYs1u/JiNWXP1+tS2tlgy5KrIk3fvNJm+H9fmpMnUrCF1837XS2SGf6u4dZlFv24G65S3W
XhK+dLupwRDb8+M8kZRZUO6tPKjavMurcpxX7457/9M7wqC+ZJGh6f7WVh0mEd9qK4qzo0l01Vxv
BAJYKu/kF7cKGOsgYlHib0ts3to7kXQ2NcCHhF5fK7OV/P5RINwg7v63APGL1tdDX4GoPpE6VRaP
FfLj65BbknwxRdO8mzcTLS9ehVvKsV6dd4N+x3GWpO5AcDdxoP7h2eDdoS+SyvJW1zr3eufeWNz/
//lfO29xmVdiP9X9aZnlN2s2A2y/POsI8ASdui8CS0rdf0d4pZVzP2iXeH5r+jz46usmCiXt/Fku
FzYSUR1p9wLG2fFv29IBrIJg1fKzZ87Ap8+Dzr6khYiGlVL8NPcdpNoFde+zmBVZXXaXeV8w8Sux
5EGxegrmBmy6Ykydt+aENSBOLN29y4vkLs/KbZlLYRoEjSRPmWU64a8Ci53AS3WWpEfmyPhcRJwX
rIdY1CsfAjsvmO9bMEdNFz8hKLQvDyr+JRE7Eza9D1dHaKOzRY3MyyR9e/7pYmsxYSnA5pqw5cLL
UJ7/U8jdYG18i9wrtxgEnfbXw+j7ddxXirh7Y2VKooLlWwvMLbsgGCZVlbLD48vNjfHves6yT8lU
cSuJ+PhcRzIaV6ImPT7f1pzHp/cDvg9A8AyChRAb7Zc7Shkpzsho1Nk2t6J3E03HLsMbfp5CtC27
VA27IEATOeVCpBCi2U4ny/TU5NOKeVjO03pyfrSv8uNwsC7YgBXKlrQVTTWp1TWqY52eahrKImQ2
vpceuSQR8XJLvfKlaQAgdyGRdPmM3hC/XZyIsuTTTh4NL4aduaOheBFYngLrxP7DiEx0R9taKdg2
uunu6qsxMPB8tTitgL/OV92UbHSnU/nz7o0r0hjG1B1DdYxCe3uIUBVo87BzkSuxX9x2tekUKuTm
jtxsbSWZM+NTq9X02RiwEYibjL8x/q6Wp4uXpDV7+b/Nft1F60+YaEUIUXcrLCiPoKTOVLexnIZ8
gQrNZPeq8fWbFBiZqq8iLCidSQiIR7/5JPGSYxC0YiwvNlGmRItqwbegPB6yJm/P+ycZfUiT3dYu
Lyj6gqAMF9Xm+inUmhzlSabgiRXtn5rdhgSfac5VOc6TYcKeUI2/Idl1ko2+zPIsLpSliO43mw+V
FznZhRgivPHNleA7l5QxIu7/mZpBtP2E9bi6rPLJYcoKZapOIauK6N92t6fcchB05Hjevs9BMhrN
G04PvNLy0LddEOd0d+3iR29rdRy9YPws+PHz9e4J84SxVM/VLNMS1swtvKsnv5PkZ5KNOjZ0nj2x
INrdXPAT/irwagpBvCn81Tl5Ho63nRfRpI68CM76E6ZyKjY5LvLpULy5uprQkclruh6Offu+utPl
baa6otALNw5xYbggT7DFaluIZBJ5r8hKI3vP7aLiLW9dadm9ZOcKn866t+lOIj66mrLNGd5Vm5uD
Yo6J6XSW7VX5lCujz0pdUkPcrtvJzN/4eXe87S1pM852DBAM88xKYaOPGftUfly/TPoA2n9LJuT6
6PO+UKhFzO+zWQcxc8qaEXWRT7fmfIPhBwSFX4Yf3198egLYTxMiu1pzv2bB9O0YyLa3TRwjmm2k
Fie3bQQGxnk2elPLMzxL0pp+L7e8Zr1YAxf7JRYSbLBVgr0Vx7WpiyEKeU3NOEtmSTRhk7zY2pyM
3HwQtJdsQ4McMxXtL0n/4FYWIYCwzPFTsP75nO/5nh8J7aX6RSbLWvn3F6vain73YQjmv7y4l4V5
6Su5imLti7lFmufdF3Mb2ro3xRKAwtuE/rc7hQp8+vzX3VY8g6B6wpoj3wmNaqboLjuq9Hsq/SBe
EdX0jlUHJ+dkirqeLzttK3avWAaBIlXndqMNACdHeZomkey1K9ojhWlJbsksJbfa9t4xlVgGwRSw
SAix6fznkDd4Nc2VtXyJ2H1zxm32HnT2KvHTcm7FO1TyS/67O+/mU1acpqRg50dbew1Deel/Jap8
vV7vt0cDZEFZ6QXlUfj3vjlLL50PybbxU7JgXZEgiCmhECYITo8OW6k2gYb42ZTtzTKB25tyUckV
K9o/uC11KcRTtmjk6pJZS3j8va5HrfWYInJ589jIgxB1wo+7zzdcNjs++ZQU6r6ZJakLCG1pl4+8
mJmPRuLQmquPp13zPHsVsGEaBDMhShBEbHElibdmRH1IstHHeDhm7xJlZ5RKv7dU22rZWRlk1Zgf
uL7bSz4zkqMY2F4iWB2uv/lsvTiJ8V1el0wpQCRy13pmd20op9e+ffvCVyyVQld+wVFxStESXwYV
8o25fHyOX5F2PTZjWa3OKjeEf3AS8ykR420SV0e5kqCXpEfy8+c6jcl4kpz+WWw7vi+a31wHvrx6
NFaOEVqSuhOSXQTVrPo+LeqtlnMferlXuE/JD1viWX6WwJEGJ/0FfecrK85c2NXVFtabBRtpg84D
23MeM/AWj41SR2N7mkWesbnUF+fzQSpeTRKf64PoJcmueTq54pWCvPjR+WJNbXD3eXD58e3h+cnl
5zvLMHv/2wtqTSMuO82LXlKWNSt7BeOHHPbCefud8SmBIOiY3tuketf2fofR0/2ptfrqNTl574FE
XbwI98gAUrvgKadyoPq6msClTt8eKcdyyPTHe/QboIcP5Pe65ruoFTk2Vetv+ey8vfmEHxEtThrk
R7nv8QN6+QEC4vxafsweKaAzas9WBHZbsaw9H/2vHRHApXPdQ9qewb2kUJIyfia8QssnX6K8yvix
UhK1PZRwRaiLVL6PmtMwl/dxkjYnbS4po4lyyvwYKU6+T9C7M5nAz44XRnOF0SZh888EyI+U7ZH2
Mm1KVa0vl0cuK78UnVyqpCipJzLlanAm307m5X9TcTR+e9UTZ38afcCqXp+fs29rlubi8l/vo9c9
l1L85zvMce3YiVyD2TTWYsNxY8tjuuNSflA6RvG/+MmN0omNywbnRNjfaLdY3SXTpnaxBbC/aw4y
Xz6N29uJapOcq2NomqnrBt+FPjj+qHRVlH8RqnSJICWqOeF3WVkqDzaHOfx2rvRRRwLc8rPjVbVA
vCmSjndIp8zzWSud/xsKEHisOudqbHyh4zq7lk/w512UjJqT/duNabyborKFbrwDxC6AKFycIs/9
uJhPq1wQmvN4RtE9myeKm4i+MWXS8nzTUd0440KczxhdvY8DFH1jqTf//vv/AOvgAas=
===END CRASH DUMP===
