PocketMine-MP Crash Dump Fri Nov 20 19:14:20 +07 2020

Error: file_get_contents(C:\xampp\htdocs\api\): failed to open stream: No such file or directory
File: plugins/DOLNapTheUI/src/DOLNapTheUI/CheckTheTask
Line: 20
Type: ErrorException

THIS CRASH WAS CAUSED BY A PLUGIN
BAD PLUGIN: DOLNapTheUI v1.0.87

Code:

Backtrace:
#0 (): pocketmine\utils\Utils::errorExceptionHandler(integer 2, string[89] file_get_contents(C:\xampp\htdocs\api\): failed to open stream: No such file or , string[106] C:\Users\Administrator\Desktop\SkyBlock\SkyBlock 1.16\plugins\DOLNapTheUI\src\DO, integer 20, array[2])
#1 plugins/DOLNapTheUI/src/DOLNapTheUI/CheckTheTask(20): file_get_contents(string[20] C:\xampp\htdocs\api\)
#2 src/pocketmine/scheduler/TaskHandler(137): DOLNapTheUI\CheckTheTask->onRun(integer 1)
#3 src/pocketmine/scheduler/TaskScheduler(179): pocketmine\scheduler\TaskHandler->run(integer 1)
#4 src/pocketmine/plugin/PluginManager(654): pocketmine\scheduler\TaskScheduler->mainThreadHeartbeat(integer 1)
#5 src/pocketmine/Server(2391): pocketmine\plugin\PluginManager->tickSchedulers(integer 1)
#6 src/pocketmine/Server(2154): pocketmine\Server->tick()
#7 src/pocketmine/Server(1994): pocketmine\Server->tickProcessor()
#8 src/pocketmine/Server(1588): pocketmine\Server->start()
#9 src/pocketmine/PocketMine(273): pocketmine\Server->__construct(object BaseClassLoader, object pocketmine\utils\MainLogger, string[54] C:\Users\Administrator\Desktop\SkyBlock\SkyBlock 1.16\, string[62] C:\Users\Administrator\Desktop\SkyBlock\SkyBlock 1.16\plugins\)
#10 src/pocketmine/PocketMine(304): pocketmine\server()

PocketMine-MP version: 3.15.2 [Protocol 408]
Git commit: 0000000000000000000000000000000000000000
uname -a: Windows NT WIN-4P2C3VGUPNN 6.3 build 9600 (Windows Server 2012 R2 Standard Edition) AMD64
PHP Version: 7.3.23
Zend version: 3.3.23
OS : WINNT, win
Composer libraries: 
- adhocore/json-comment 0.1.0@8448076039389f558f39ad0553aab87db3f81614
- ocramius/package-versions 1.5.1@1d32342b8c1eb27353c8887c366147b4c2da673c
- pocketmine/binaryutils 0.1.12@566fa87829e007eda0bd96e39fe20b9b0d638132
- pocketmine/callback-validator 1.0.2@8321aa3ccfe63639b0d08f0cbf270755cfc99fe2
- pocketmine/classloader 0.1.1@7c0363491d1ce8f914fe96d41a4338c982adedff
- pocketmine/log 0.2.0@e59bedb5d4bbeb9a26647cb7c367cb2fa72addfa
- pocketmine/log-pthreads 0.1.1@9bbcef398b01487ab47c234a6a7054722abbe067
- pocketmine/math 0.2.5@8c46cfa95351fb0b2b30739a381310941934b55f
- pocketmine/nbt 0.2.15@f8a81d37d24eb79fb77d985a52549d68955bc6a1
- pocketmine/raklib 0.12.9@5f2a02009f486ca4d90892814570fa13ebdc078d
- pocketmine/snooze 0.1.3@849510fa62e57512b8467e3694e9b3add97038fd
- pocketmine/spl 0.4.1@ff0579a0be41bbe65d3637607715c0f87728a838
- doctrine/instantiator 1.3.1@f350df0268e904597e3bd9c4685c53e0e333feea
- myclabs/deep-copy 1.10.1@969b211f9a51aa1f6c01d1d2aef56d3bd91598e5
- nikic/php-parser v4.10.2@658f1be311a230e0907f5dfe0213742aff0596de
- phar-io/manifest 2.0.1@85265efd3af7ba3ca4b2a2c34dbfc5788dd29133
- phar-io/version 3.0.2@c6bb6825def89e0a32220f88337f8ceaf1975fa0
- phpdocumentor/reflection-common 2.2.0@1d01c49d4ed62f25aa84a747ad35d5a16924662b
- phpdocumentor/reflection-docblock 5.2.2@069a785b2141f5bcf49f3e353548dc1cce6df556
- phpdocumentor/type-resolver 1.4.0@6a467b8989322d92aa1c8bf2bebcc6e5c2ba55c0
- phpspec/prophecy 1.12.1@8ce87516be71aae9b956f81906aaf0338e0d8a2d
- phpstan/phpstan 0.12.48@d364cfbac9ffd869570cdfea7eaa6541c3dac666
- phpstan/phpstan-phpunit 0.12.16@1dd916d181b0539dea5cd37e91546afb8b107e17
- phpstan/phpstan-strict-rules 0.12.5@334898a32217e4605e0f9cfa3d3fc3101bda26be
- phpunit/php-code-coverage 9.2.0@53a4b737e83be724efd2bc4e7b929b9a30c48972
- phpunit/php-file-iterator 3.0.5@aa4be8575f26070b100fccb67faabb28f21f66f8
- phpunit/php-invoker 3.1.1@5a10147d0aaf65b58940a0b72f71c9ac0423cc67
- phpunit/php-text-template 2.0.3@18c887016e60e52477e54534956d7b47bc52cd84
- phpunit/php-timer 5.0.2@c9ff14f493699e2f6adee9fd06a0245b276643b7
- phpunit/phpunit 9.4.0@ef533467a7974c4b6c354f3eff42a115910bd4e5
- sebastian/cli-parser 1.0.1@442e7c7e687e42adc03470c7b668bc4b2402c0b2
- sebastian/code-unit 1.0.7@59236be62b1bb9919e6d7f60b0b832dc05cef9ab
- sebastian/code-unit-reverse-lookup 2.0.3@ac91f01ccec49fb77bdc6fd1e548bc70f7faa3e5
- sebastian/comparator 4.0.5@7a8ff306445707539c1a6397372a982a1ec55120
- sebastian/complexity 2.0.1@ba8cc2da0c0bfbc813d03b56406734030c7f1eff
- sebastian/diff 4.0.3@ffc949a1a2aae270ea064453d7535b82e4c32092
- sebastian/environment 5.1.3@388b6ced16caa751030f6a69e588299fa09200ac
- sebastian/exporter 4.0.3@d89cc98761b8cb5a1a235a6b703ae50d34080e65
- sebastian/global-state 5.0.1@ea779cb749a478b22a2564ac41cd7bda79c78dc7
- sebastian/lines-of-code 1.0.1@6514b8f21906b8b46f520d1fbd17a4523fa59a54
- sebastian/object-enumerator 4.0.3@f6f5957013d84725427d361507e13513702888a4
- sebastian/object-reflector 2.0.3@d9d0ab3b12acb1768bc1e0a89b23c90d2043cbe5
- sebastian/recursion-context 4.0.3@ed8c9cd355089134bc9cba421b5cfdd58f0eaef7
- sebastian/resource-operations 3.0.3@0f4443cb3a1d92ce809899753bc0d5d5a8dd19a8
- sebastian/type 2.3.0@fa592377f3923946cb90bf1f6a71ba2e5f229909
- sebastian/version 3.0.2@c6c1022351a901512170118436c764e473f6de8c
- symfony/polyfill-ctype v1.18.1@1c302646f6efc070cd46856e600e5e0684d6b454
- theseer/tokenizer 1.2.0@75a63c33a8577608444246075ea0af0d052e452a
- webmozart/assert 1.9.1@bafc69caeb4d49c39fd0779086c03a3738cbb389
- pocketmine/pocketmine-mp 3.15.2@d7a66ad7559f23d24ffe95813421a720203109b1

Loaded plugins:
SimpleWarp 4.0.1 by Falkirks for API(s) 3.0.0
KhungLong 1.0.0 by xXNiceYT for API(s) 3.0.0
VanillaEntityAI 1.0.0-alpha5 by jasonwynn10 for API(s) 3.0.0
AutoXP 1.0.1 by JackMD for API(s) 3.0.0
MaxEnchants 1.2.1 by Xenophilicy for API(s) 3.0.0
WorldProtect 2.3.8 by aliuly for API(s) 3.0.0
ARQuest 0.2 by phuongaz for API(s) 3.9.0
NoFallDamage 1.0 by DeveloperNeb101 for API(s) 3.0.0
RedstoneCircuit 2.0.0 by tedo0627 for API(s) 3.6.0
MSpawns 2.2 by EvolSoft for API(s) 3.0.0
MineReset 3.2.0 by Falk for API(s) 3.0.0
RenameItems 1.1 by Wertzui123 for API(s) 3.0.0
BuilderTools 1.2.0-beta2 by CzechPMDevs, VixikCZ for API(s) 3.0.0
PM-Beacons 1.0.5-1 by jasonwynn10 for API(s) 3.0.0
NoAdvertisingPE 1.0.1 by Vaivez66 for API(s) 3.0.0
InvCrashFix 0.0.1 by  for API(s) 3.14.0
KillRegen 1.1.0 by NashanPlaysYT for API(s) 3.4.0, 3.3.0, 3.2.0, 3.1.0, 3.6.0
KeepInventory 1.0 by KhoaGamingPro for API(s) 3.0.0
NameTag 1 by MTwins for API(s) 3.0.0, 4.0.0
Worlds 3.0.6 by survanetwork for API(s) 3.0.0
DevTools 1.13.0 by PocketMine Team for API(s) 3.0.0
StairSeat 1.5.5 by korado531m7 for API(s) 3.14.0
Slapper 1.6.1 by jojoe77777 for API(s) 3.13.0
BlockProtect 1.0.0 by DarkByx for API(s) 3.3.1, 3.3.4, 4.0.0
Warps 2.0 KSCore by KaysilGMVN for API(s) 3.0.0
EnchantUI 0.4 by UnknownOre for API(s) 3.0.0
AutoClearLagg 3.1.0 by Twisted for API(s) 3.0.0
QuyenVipUI 1.2 by NightBlackDM for API(s) 3.1.1
PECollide 1 by saxavlax001 for API(s) 3.0.0
Weapons 1.12.0c by xBeastMode for API(s) 3.0.0
PlayerVaults 3.2.0 by  for API(s) 3.0.0
BuyFix 1.0.0 by HumYaiJang for API(s) 3.0.6
Minerloot 1.0.0 by Distoxicqted for API(s) 3.1.4
MuaCoinUI 3.5 by BlackPMFury for API(s) 3.0.0, 3.2.0
BuyceUIEF 0.4 by UnknownOre for API(s) 3.0.0
MenuUI 2.0 KSCore by KaysilGMVN for API(s) 3.0.0
SizePlayer 1.0.3 by  for API(s) 3.0.0
DanhHieu 3.0.0 by padreon for API(s) 3.0.0
ChongBug 1.0.0 by shin1134 for API(s) 3.0.0
ShellyEssentials 1.0.2 by Shelly7w7 and BlazeTheDev for API(s) 3.0.0
sblevel 0.1 by AmGM-Encode for API(s) 3.0.0, 2.0.0
SkyBlockUI 2.0 KSCore by KaysilGMVN for API(s) 3.0.0
OreGenerator 2.0.0 by vividmemory for API(s) 3.0.0
OrionTasks 1.0.0 by Clik for API(s) 3.0.0
DEVirion 1.2.5-ALPHA12 by poggit, SOFe for API(s) 3.0.1
PiggyCustomEnchants 1.4.6 by DaPigGuy for API(s) 3.2.0
PointAPI 2.0.9 by onebone for API(s) 3.0.0
EconomyAPI 5.7.2 by onebone for API(s) 3.0.0
ItemDropText 1.0.0 by AlexItz16 for API(s) 1.0.0, 3.0.0, 4.0.0
1vs1 1.0.1 by VixikHD for API(s) 3.0.0, 4.0.0
TableSpoon 0.0.7-ALPHA by CortexPE, Xenophilicy, HyperFlareMC for API(s) 3.13.0
AutoFix 1 by Noob for API(s) 2.0.0, 3.0.0
SETVIP 2.3 by MCPEVN TEAM for API(s) 3.0.0
SlapperRotation 1.2.1 by jojoe77777 for API(s) 3.0.0
ChoDenUI 3.5 by BlackPMFury for API(s) 3.0.0, 3.2.0
DOLNapTheUI 1.0.87 by Shin1134 for API(s) 3.0.0
AntiSpam 1.3 by xBeastMode for API(s) 3.0.0
Banking_vonfram 1 by Noob for API(s) 3.0.0
Eternity 1 by minefore and shin1134 for API(s) 3.9.0
Marry 1.0.0 by GreenJajot for API(s) 3.0.0
ShinPickaxeLevel 6.0.0 by shin for API(s) 3.0.0
CustomAlerts 2.1 by EvolSoft for API(s) 3.0.0
CachMuaLand 1.2 by Noob for API(s) 3.1.1
PHP-Sell 1.2.7 by Muqsit for API(s) 3.0.0-ALPHA9, 3.0.0-ALPHA10, 3.0.0-ALPHA11, 3.0.0-ALPHA12, 3.0.0
Sell 2 by Muqsit for API(s) 3.0.0
ShopUI 0.0.1 by InstantlyTa for API(s) 3.0.0
AntiTNT 0.1 by Adam1609 for API(s) 3.0.0
GCPClan 1.1 by InstantlyTa for API(s) 3.0.0, 4.0.0
LoadWorlds 1.1 by shin for API(s) 3.0.0
ScoreHud 2.0.0 by JackMD for API(s) 3.0.0
MapImageEngine 1.1.3 by FaigerSYS for API(s) 3.0.0
GiftCode 1 by ZulfahmiFjr for API(s) 3.0.0, 4.0.0
Kickk 1.1 by MCPEVN-TEAM for API(s) 3.0.0
MysteryCrate 9.1.1 by JackMD, DaPigGuy for API(s) 3.9.0
Eff 2 by AmGM for API(s) 2.0.0, 3.0.0
iProtector 3.1.1 by LDX for API(s) 3.0.0
DeTuMF 3.0.0 by CLADevs And Shin1134 for API(s) 3.0.0
KingOfTheHill 3.0.0-ALPHA1 by Tethered, iZeaoGamer for API(s) 3.0.0
PurePerms 1.4.2 by 64FF00 & ProjectInfinity for API(s) 3.0.0
Alias 1.2.0 by Ghast Noob for API(s) 3.0.0
TheoDoi 1.2.0 by HotshotHD & CodeRed2019 for API(s) 3.0.0
AutoInv 1.0.0 by Nope for API(s) 3.0.0
KitUI 1.3.5 by Infernus101 for API(s) 3.4.0
NoTP 1.0.7 by awzaw for API(s) 3.0.0
InvSee 1.0.0 by BlockHorizons for API(s) 3.0.0
PureChat 1.4.11 by 64FF00 for API(s) 3.0.0
NameCorrector 1.0.0#build011 by PEMapModder for API(s) 3.0.0
MuaDanhHieu 3.5 by BlackPMFury for API(s) 3.0.0, 3.2.0
FormAPI 1.1 by jojoe77777 for API(s) 3.0.0
essentialsTP 1.2.2 by  for API(s) 3.0.0
BlackSmithFGC 1.0.0 by  for API(s) 3.0.0
SkyBlock 1 by KhoaGamingPro for API(s) 3.0.0
AuctionHouse 1.2.3 by Shock95x for API(s) 3.0.0
RankShopSystem 1.0.0 by zZPROGAMERZz423 | §eFor issues report by §2Visiting GitHub.com/zZPROGAMERZz423 for API(s) 3.0.0

----------------------REPORT THE DATA BELOW THIS LINE-----------------------

===BEGIN CRASH DUMP===
eNrtPWtz27ayf0XjnrmTzlg2AL7zoWNHdmKfxI6uraRtDjsZEAAlxhSpw4dt+dz+97sAKQmgHUu2
ldv7oZk2IpfkYnex2Bce+c9OnBdTWn29FkWZ5NnOa2t3p0qmYuc1dpHje7btot2dlJbVcVHkxc7r
/+xU8xk83lH3x7dMzCr54e7OVJQlHctHcZKKr2NRfWV5VomsKl8NXofhLZ3OZmE4qXjOyjCksyQM
f37diym8zXtV3stnIuuVVSHo9HXvPO+VNZv0JK5eXvR4UghW5cUcWorrNH0LcGhKIv5UAvFheMin
SZbA9xReC8MjUV5VOTR4eTV/k+bsanXVw3vYDcNZWo+TDL48+vjhnM5GE/HpNAzLgnUgg4lgV3A9
ouXV3mwykxQ0rbcY9rXX9+F7417/Gr5Mkwy+JCBUIJTB5b92fkK9VyCIGVAmKuBBhGFdJSkQ9kn+
vH4tDFGf0IynoniVgGzHouiRXSm0JBv/yw/+6P0I2S8bwMj9o/fDRL7bW7KEdnu0KOj8X+SPn0Fo
P+HeU0X9iiDJ4D1ptJwQ1DDyoGBki6Qnsa/6ZL9kE8FrEPy+RL/oBGx50Mx31aX/S55d1Nmyr7DC
bT2O+3Jx9wp7QUcxlm+GoUZG/5fiXiN2t5FGgvtD9XNGMxirxSvXsR9vYUlM/5cpTbLRBFSEnwha
VJGgVadNp9vmpSjAsrwiVoA7zTTUhKFBTv+XKmGrJssOevd76PE9LponDb5X6mPvOx/jIHjs42GR
MzBsedFg8b+HxfH972ApKxBW83XQ/XqoLs/g8hXxrO8g+Cq1F/S2ZtWrPPoGZrD3hpZiAFa5/JBT
LordXgt/wIacQa99yMdj+Var/I79slG8ROSSLZmDZpCjR8RjoXuK2kj+550//tzdEf+PvNOLfQPw
03z9Ncmu8/RaTIFMQNm0srN4ChANGYBZzqVD+eNv3/K3b/nbt/ztW/72LS/3Lbs7Y5GJgqbSuWRU
ZkY7q0/7Z0PAHoHEVhnUjrWHnT0i4XWScsikfOzs7iTlVy6ud17HNC0FmPAir3KWA1ob+dBIIg08
2vAP4K5bWn5NMp7flL3zUe/X0/O+PSQD6/O7T8Pz8567Z/UUCb3AReAHFq82fQ+GEJPeBeldVjDQ
acF7xzyRPuDn3uHZkWtLNwO5zusdb8/aIxbc3omMK/bae3j8NS8lDafn5yMAqJubJFOuaDrLQYpf
0yQqaJGIUsqP8gnwXIj9b2We9eGd1rGhPbyHDnzb9pHnIiuw/CB2HD+2AsqR41iURr7HIyv2sYsl
ZTkr6DSpy/0ZZVcwuvut9CUBeM/ZwweYW8SySeQzLCLQf8divu97zHIBgxfZjHDqehaTfKyUIkoy
WsyVdrdkYXLguG5Mfc8ngUDIE5yiiAeusIJYEBQFEeKu5WOLmKgYTdMIqOtf0zThUmsVbWiPHPgW
wZRajMXCtVxLYkB+jFgUEw95jsNiFkjkHYRyTKZqTC5oO/AYAgR2gDlmwo8DbMcicLmNqW1ZPgt8
Aq/zODYxpflYYSAgdOEEkeCRw+0oElFAievaHoukoOCHxNQDFDym9zD0Z5Wy10tBHQRRxAT0mR8h
bPsejQAR9AF1qYcc2yOEQhPI9UxUU1pNWmqcA5/ZLotp4FgOjiMUkchCHmiBlC9GgY0Dy44cp8NP
FlUtBuwcxD71ofM9TmwReUEceR4PfIc6xLED7vqB40TMpdhEUdAr0NSGFbIXHDgxoYggFMS27zJq
8wD5AfGx7XgoptgSEWfI87mJpczy/E60ArFAoQMHw+suEY7nYFBG2/WE5Qa2CCILxBp4yPLjLpJZ
qjDYINI4Ro4XgMIJG4PwXIdDd8MQ8TzsMBT7nkeAXcsHDBBkSMMp9sHowYiukqXKWRKR5SAeI+L6
IkC2EwAZoMQgbd9hjiWQsCwrFkJ283QOmhaV+1yIGYzR2VwhwUj2sBtEBOM4oA4oMI5dhkDzOKEi
dlwuMWIn8IUDWLLkKgF7O5n1Z7Qolcpe2xILOXBhZONIWBhTYiGBAuTFDo8FIhDx2IRKpkGJhTIx
tOgnOShJlsSilN0MSguU+A5xHRFzi8ZeBEOJ2hGhhFk2j2LmeL7POQmwZWk4dAMtyWBuFLk+cbiI
fRjZ1CKEgEh9y/Jinwka48BzYooaSwfiraW1yov9QsQpOMSkNWEKJVGDCXOEGWiZLbhLYuJQ6tvU
sz3KLYc7FLsBsV2XRI+hBGgk3RggBS8CdCI3oJ7vgOBtHIPuxnYQWwIMmmP7nGHGhMvBWrr3kMpU
qF+IUmYQjSbYQKNLQQkjP/ADYJgHBPqR+WB5YPQz5gqHkYiCCWrZLmcCerHIZxB4topApPjB2oBG
u5HwQBFAmwPHBeMcIJfSGIHpEYj7lPAWCejjfvu7GGK2fwC6bLMYbGQQx9x3AxhaDNSAeoJSiB0x
szhlruveR9KH3zpLqgUy7ILoQflcDr42Qo4VcEEdBlZAgEbaLo0jP8Jgu7H3ADIZcLCqX0BYWC4w
OgeWZYOQpFZgT9gucgSKA7BNFrdiBsYIRxyMZdRoqaJGabvMweAvkHiTbQZKMcCF2ZEH5PgWiAws
U8xJxGzhRQEB4VELMWjNIx1kMsXoJ5Uo2rEsFdc5oIBL+GBRYgKWAAFjKGYscr0Y/GRE/JjAyITu
6CCTueSVaNBIcw36CHba4wi6zHUixw9sBJbGI7GHWUAZsgm4KNfroKnEbQV/TWcprUQ7Hq0D7IN7
9RB2hYuEQ2zPE47tgGcCuwDe1ouYQxj37S6yZKoocpoRCYoAHswOwEQGgsQuOC8RxBy0ChEbRoAH
zsmKOhS1ihAo7QZDBB3netQLPJvZkctgmMBwiWMwLBisEwbnbSsLVQqI28BMZuBZk5WVwsq+2DYR
HvOE60PngwcEP2uDenqR6/rQcRGxEWHgn0w8su9bciQa78AJiAU6AkMezHcQ4ADGqhe7CFwbBAGA
1QGPGdDoYTQweKXREv00z6/q2VLYMGJwjOTIB2MjHRw4IzfmGEQOxIGDkppgdZmEiIwuFMlWiuRR
P44t5NrSq3kwahimEI6AnhIqQwcsmANuC93Dk4rbpJovjXFEfSbjKQQSiSMGvpojK3JcG5y9ZSNQ
bi/GQkUhKzw8AUBDiQV+jgV2QMEhgDWBIEhQRZXFgSon8omwmUVQYIpbZNdJkWdtDOkol2v5PvS5
4BicNgULBY2DGrmBgByKQFBFAQlClJmIbmd5UYliSQ73AwbBk+diiB8jR9JlOdSNwF1TAY4UmPIR
eGMDyzjNI5qCNWnGhaNEA9bMCyCcAuZsz48gBiIgF8rAusG44KCmDKII5hmYZB2o7OdxvynotCrp
OtiO5OAGKwvmzHZjhyAOYRLHHrUdYsXUAcdsG6ia3K0vMnAKeueDyOF7aXKhs3wIzhybeGCQsSOt
JERflocIBMz0QXStu1LYGpXkAdiRyIowoSzCnhwkGHyqD/GCxQLECbItFnVUshCsVj65r0oot9WS
OMEheAX77TgQdmGI+eAuojbBEQTHnEMAASoiYq+Drszrgol+PpO8tumApRCi2LYlBRbF4PPAeyFw
gODfrYghLn0zBAw4oL6BsK0lEoig0IGULrE8DwJcYgUQpkYBaDtYWurhiEKEFxNQMBQYGO7HHAwj
AsqEaYAwjC0MHYB923KZ59rC9qwYAh9fqed8GufZHFLWdA5+IO2zlpxrMN6+zHCYBfEcqIErYohF
wXfKaE4aYLDAEGf7NncjW+lDNRGlEBARgAPIkrvWzknH5IFaW8yyKPgTiCshBbMhRAFjACMQPDlk
XzD2HCLjwhsRTfM7WlT7kIeIojFygRr+MXMDRkVkcztglrTYoPUIAmcYL5YHiUgUQUpnhrmry/50
tsyaD7hHXbD7kAUFMbEgiI8ho3HApEDnQy4CMblMBCK88+eySqpSy8tEmqVfaTHTEnUNuLuz6gup
YzL+p3U1yYtS1knf0vQqKa5KmfDTWSJBsseQvBcZjVIBqW9V1JC5czGDRLhsCq1lHldHSwCgKatR
QbMyBhnv7lym+Y12ewxyk4F5Wg6PJWJZ9JIF6bbtMCwVvTdAbxgatMu0TxYePl6Ofv148eGo6Y4y
UZZmByTxflJn4w95Nta4X8F05rFiy2D+9rfzhInfRy9jfsXQUZLlTXFoE9I/Q2yfpvQYJFPND081
BrpP7rHRpylE947JzTda5tnNPMswemFvDutCqMYTUf6mdZjWQhh2iAxDjdyW98vR4cXo0/Ae54d1
lf821BhuAV0+O7r6T8quzo621VkNtjBs2t6s2yZVNStf7++Pk2pSR3sQEuw3aPZbDoC5M3p7nLEJ
ZKKlxqEONdkkXTZ/ExmkHUmaQOKxJV41lJLRJSnGzSY6+2tepHxY5JWcj1lxZ4B19qQL8U32aJrU
6dY4a7CF4Y2kYNZQ0O3Lh9TwgZ48q5MiTkTKdRO9mCKpCiFLNiVES/sGt1KdL/67Vjn6Sp9biC4K
pEqjmiBmkxpsFL0zRBE8XxQLfGGoGm9/NunV8xzcQHpEpyp1W3JhgDtj02TlCOL1VEYf5wKyMrw1
e2qiDUOdos0N7YXgZZVnYpAUrE70fuo+MVX3nr+oBM+RSzyDP/f5/BVt85sorDItlzN6kxlmpYWY
hHcU7fg6Ty+BhG11S9soUL1sfYORdnNzsyeAEol1r7pS/MAIu4AITe+SFUznyZJB2/3IZVscrSIR
OegL2Txwp1GygY5J+k8rMS0N/VpBzQHUsfm/Qlx5VyeYWNtiaYUxDDUynu3nVvj2da6A9TdyqkUU
ozxPdd4NcNfloX4kKtrR08GdYJPhGYx6+cHn5Da5GnzZljyYRD6bckAehlFDWyVpC8MOpU+VjEb2
voEKZDM8678RlOXGoNWA3YjH6eMfFNR9J4qLFCEggyVBG3iLQw5UV0mZZGMI6HWHYT5ZE899psm1
uHPdbTG2wCf9hEFIB7AJk6fZ9aCg5eRtcqsxqENN395lTmcJ28/naVr/G6gKwyS7ZrLlOLkNw2aC
eqP0CEL0CzEWmZ4eLWEdk9S1sOfQHs2GKZ2XnRzJVq/KCdHml7S/uP19gU/UGg3D9xfy/40YFWIG
vaMmAOY6swb80SDm/SSn7+hUakyRb0snDaTAjE7O5hHMOTAzonqOu4AYHJn8nI1uZI2gy8iuKgM8
31Umt3IZy+YqqKLlspsslB33jvZck/qyLq5pJioI7Lfm5hXONlcA7VoSspHFbzOBPYVkr6Vs/6cG
mWQUHEDXBy5BnZFmdXVvtbKiNxJ0usUAetT4OI2Sp2VFK8r2lziA2cuKJsWloHrotoKZ7Dp7nUrF
VV5QnjsWnpqh9EsMpYYzDJeUaJeb6OplSmczUeg8tRCTI7fryr7l33LhyT8mQ9YLlLVp+dkB24qk
/QUTMliTU6z3E3gDvKZqdkSLqzfzW4NRSwlE/tovNTA6KRCXmISttza0mBnGRt138rre+8tBXoiO
+QePk6Tvzj6fby0El21vbuTbOswnvRK4gpnhhm3S/im7yvKb7CPwtCXaVxhlYa8lYnNeZDlskApa
fKDjcafQt4KbLuCeQwb/VULKvS2WqgZdGEITOZNEpEBEUwDUaXrqQGvJPCznaT09G+yb+EAY/13P
RfY5mRk9qwE7yVEnCEvGk+pNStnV0ZlpW/bwswPl06EcWQpnGC6IWNupw+NBnqYJ12tEK9gjkUhJ
b+l1Sm/R9kpDGsownAnWELFpIeVXQWdmTraAdBw1GAvWmTOATKmszuQE5ZZYWWGEkKQhY3mxUbdA
rCyKz7ROjYqzAX68lrIlRha5yky1fK1alouRDTrWsvOmnptJVwtY45VO6unvNPknhfTOZMd9tiNS
7W5u82SMVKR53q1mNbB1ThVsSH6bsH93DR4GW//s6agVzjCs0iewUtNBnmSGwVrBTGXqxHbKrAzP
3tbF/IHUo9G959Yda/qF5XKB+1GejBKRbc4Q9CUTn06P35p61cL+Qt/aEvGErhFZbfZLA/gLQ5yn
kH+Z3InGIhjT1Utgd5hYP8JQqfY+yPbkdPPiehPyj2g2OUlEred4C1A3oe2M8BnlhYCHW+KhRReG
o6SqUnF4dLF5JwwmeTZ+U+uB2RK0xk6VkyTD2LK3xcZli09u8VlSsF6LJiJN56tlBboudR91GerE
V8373o3XoxnvgfW6E6OJgFR3exyaBG3eTSW0dS30DRgLiGmwOtHW4fTdWR9i9odClN12WusFvRWG
ZfShpWJ9R7V7UwyLpQH/Gqu1ImDzzgBr/U5tiKly3XQZ4DXTh9fJdcKnYpoXW5v+1psPw/ZSbMYP
0Ck3o5UGN0vgGjswSJOtleUkrjBUbT+jNnp0/DkpFJ0rk7wAdaednP7hh+HJIe7OxOfjsZr9vfz4
tjtmnp1kNUjD8FqREoZcLK408tbkKcNkPJ4Pagjjpg+sKXnoqcmx3a2qHlH46F1t6t8LQrIFPgjz
7xOzeR8OIaqrDoenxl6zFtQdVIHJUZ6JCP7fli7yXG6wklPykFNm+XSudq8eN9cNOesLOau3tUqO
jmLFkbPndT3Sljlq0b2EITnVe1Tks5FaqrqaDdPBa+zFYSpuT6s7rE/24WVSsIV5CUmMJGRzpcPX
Jda4UbfrZizlnPTJ0bbnVK4l2gnkaNBP16XqrI+Z+FzCX8+oR72jU3o1+LKvGAI+R5Kgy1lumEgN
2J3I9Boj2bH3cqH4rZrT1den7e6czGeieJvSQpwNtlb7NtarrUjVrzdbZWhWEhaQR0pV53keaWwQ
Q0WfyU0GOJsyY9P4+qjpePT5VF8f2QI6K+s6032D4fHn897o+PBsawt9FEq5abr6nMyeMIFykVdq
Hfr9iZTlkzWLIL8zofKSoM8k4EnZ0pEwayFL0F9VClkQoNKmo6dUQvSTM7SIyThPw7SBvtfNmLab
AhoHPWw8wQDJ1OWMTvXRvQCZDFg/vH4bSYxTVb+V+09LoGEqSwsLgqZ6beF71uoNza6SbPz1Os/i
wuCr+2Rz6/Uits6V1ZKNP2EKqxJFpnZIreKeBegRsmXAFUPep1LwBysML1gWu0AehtP4CWU2Whjr
SJr7NUHOu0KI7J/0W761pZYrjJL04il5kRymw4Rd0VvxoVNGuPdI58t9uOizzYKP3vYT7LBKLiCQ
LIwsyACbHhL/2HWwestgiE06nrcidkDZ5KymH6g8cWLFogZ9fLKwO/5fMEmYQmth2MQu05qmTePr
U7mTYf9SpMaxIQtQ1+d3HMuZmj/q9k4TjQaLIKzN4FHnHnfuyUuDNknwiRLBxgPO5Poex2QTbv8P
yZ3k5ox0C3h8XePOaXPKQjof0SfRrifAj83rAhE1JKhLYjaKBEbno04gMFIHszxWJeV0il0UbKsD
2kY3nYF+NxgOUqoHyAvIo+vEH5P+C5PQZIG6omEYM8qAmDB8OzhsqVqbhoJFg89mYu86kxzKFYL3
1v5pwEf53KbHWbW5+VoqmVGz2XW2V+UzNVjk6T0ntW6Ul6A1Vd8fs2tt0fpTIprZqdw3c5yN1XF7
WmhjPOguCra62y6SsSguf7/cFkdLhJIVnZLu/SZMvkviapAbK1SWoEcC0C91GtPJNHn7rdj2sFo0
v3lHvYfo6MpYry3vHx0uTaLe/xG5/6L19fo1l5vj5gM1AaFplw7WmQj28Hc2eO4+XKYOXj5qdGJe
uuPTYEzmPvJYh1Xao059+K7zl3N02y4zQZMYkk7AjDdXtqRdW2lMamnA7hK9To99OPpta2b66Lcw
XLX87O4BPH2pvPsaF2p19qg+e2uszVaANbP2gw+HcmNP7xAy020XPlrcaqfZkypS75Ns/DEeTcRJ
YoScJvweZ21o3FlkKaqJKATf7SVfBM3fUVmt2BKDV3k1AQsCf288EVQXYigKYxPdCtad3OoMKtd+
+xah3n/1oOPlcR2nWZyo0sOW2PnaNBCGS4q0y2doqvq23V+8wiND2jShugSa+3t76DrFhwktq942
K0Cq2UYr1bmYm3QgKF9+lCf6TEMLWUP+SV5B7F+dHEH/SX95IThBeGvhOZtyeUidWlA/mPLL5nrT
pcyn2XVnGkFC1lSDzqGFbZE/HL0H0/5p9PH0/PNT7IS5mry575RHu1VrGDWiyOqyu4/7BXszNJQy
oHjSSvLzfDQ0thiO7p8T0akj0Js7erO1AwYkMlkHqWbPdkkNQc2uwkshzA2FErBGk9RilZO8SO7y
rNwWYwbSMGwoecrGLmmyBhNjB9AS1LXUGD9kqp9WQFiZyIfOn1GHCJZy556cobxO8rocHvcX8J3v
WHFJ7OpqCzZcoWl37A3youiGVib8Xr//pHYmo664hseQCp3lnG/PN2sow9CgqnO74XrhB1ZG6tC/
cKJsADS0M2XycnPT8zYvpuYijgXk0WRs+1OXK4xh2JKwvNiEEbFcfGjYUgPcdc/kRyy81VsMw077
6xdxSzW5nMLge/tuYGxe0+GP29IfULJ8T3+va5kqG3Q8oRDbrkZ8YIXkYzWLLW5XNhcntTs+80zM
NbN5Nh+mahZK/W6y+kJZ3hOww8KInTRwV+es7kQzUBI4t9tkTt/Bb1SdVUtyb5iibyLpk2s2DGrX
nwJCsytZub6UtQF9DrfzYI2/v/syvPj47vDs+OLLnU2s3v/0whoh6gkY872kLGtR9gohz27sRfP2
GfmcACGgDb13SXXSeqcOoqf729YrrmyNnu9o0MVivUeGiSmCTYfHn/rZeXvzqTwiWp00KI9y35MH
9MpTHdT5tfKYPVqAvCuxGOrithJZez76f3bU0mLtXPeItWdwLyGMpkKeCW/A8ulXnleZPKVGg7aH
Eq4AdZHq97w5DXN5Hydpc9LmEjKeGqfMQ/pm0JKA2l7rAHl2vNIXT+nLNGr+wQD9lbI90l6HzZjJ
9cXyyGXjSyXk0gTxpJ7qkMvhB/12Oi//naqj8durnjr7k/S5uO715Tn7DrKRB5f/OOWvex5j8F/g
CtdzYpd7RDgsRjFxvdj2BXY9Jg9KB3X/hzy5UTuxcdngnKr+J+1W0btk1vhfR+3ZuWsOMl++Dbe3
U7NPcskOQcjCmMgZxeHRR0NUPP+qWOkCAZSY3Sn/bZeyNF5sDi787cyQUYcCuJVnx5tsAfCmSDra
oZ0yLwMgLP8NBSB4Yirnamx8ZZM6u9JP8JciSsbNyf5t9U6KiZettZUCUNsJeLQ4RV7qcTGfVbkC
NJu6x/xenyeGmijZWDpoeb7puG6UcUHOFxhdvY9DRtlEk+aff/4vNjlohA==
===END CRASH DUMP===
