PocketMine-MP Crash Dump Fri Nov 20 18:58:48 +07 2020

Error: Class 'DOLNapTheUI\Main' not found
File: plugins/ScoreHud/src/JackMD/ScoreHud/Main
Line: 211
Type: Error

THIS CRASH WAS CAUSED BY A PLUGIN
BAD PLUGIN: ScoreHud v2.0.0

Code:

Backtrace:
#0 plugins/ScoreHud/src/JackMD/ScoreHud/Main(191): JackMD\ScoreHud\Main->process(object koth\KothPlayer, string[36]  ..l..6... ..cT..n: ..rRichHaoGaming)
#1 plugins/ScoreHud/src/JackMD/ScoreHud/Main(174): JackMD\ScoreHud\Main->updateScore(object koth\KothPlayer)
#2 plugins/ScoreHud/src/JackMD/ScoreHud/task/ScoreUpdateTask(71): JackMD\ScoreHud\Main->addScore(object koth\KothPlayer, string[70] ..c..l.....e>> ..l..bs......e....oc......a....c.....a.. ..e..l<<..c...)
#3 src/pocketmine/scheduler/TaskHandler(137): JackMD\ScoreHud\task\ScoreUpdateTask->onRun(integer 1561)
#4 src/pocketmine/scheduler/TaskScheduler(179): pocketmine\scheduler\TaskHandler->run(integer 1561)
#5 src/pocketmine/plugin/PluginManager(654): pocketmine\scheduler\TaskScheduler->mainThreadHeartbeat(integer 1561)
#6 src/pocketmine/Server(2391): pocketmine\plugin\PluginManager->tickSchedulers(integer 1561)
#7 src/pocketmine/Server(2154): pocketmine\Server->tick()
#8 src/pocketmine/Server(1994): pocketmine\Server->tickProcessor()
#9 src/pocketmine/Server(1588): pocketmine\Server->start()
#10 src/pocketmine/PocketMine(273): pocketmine\Server->__construct(object BaseClassLoader, object pocketmine\utils\MainLogger, string[54] C:\Users\Administrator\Desktop\SkyBlock\SkyBlock 1.16\, string[62] C:\Users\Administrator\Desktop\SkyBlock\SkyBlock 1.16\plugins\)
#11 src/pocketmine/PocketMine(304): pocketmine\server()

PocketMine-MP version: 3.15.2 [Protocol 408]
Git commit: 0000000000000000000000000000000000000000
uname -a: Windows NT WIN-4P2C3VGUPNN 6.3 build 9600 (Windows Server 2012 R2 Standard Edition) AMD64
PHP Version: 7.3.23
Zend version: 3.3.23
OS : WINNT, win
Composer libraries: 
- adhocore/json-comment 0.1.0@8448076039389f558f39ad0553aab87db3f81614
- ocramius/package-versions 1.5.1@1d32342b8c1eb27353c8887c366147b4c2da673c
- pocketmine/binaryutils 0.1.12@566fa87829e007eda0bd96e39fe20b9b0d638132
- pocketmine/callback-validator 1.0.2@8321aa3ccfe63639b0d08f0cbf270755cfc99fe2
- pocketmine/classloader 0.1.1@7c0363491d1ce8f914fe96d41a4338c982adedff
- pocketmine/log 0.2.0@e59bedb5d4bbeb9a26647cb7c367cb2fa72addfa
- pocketmine/log-pthreads 0.1.1@9bbcef398b01487ab47c234a6a7054722abbe067
- pocketmine/math 0.2.5@8c46cfa95351fb0b2b30739a381310941934b55f
- pocketmine/nbt 0.2.15@f8a81d37d24eb79fb77d985a52549d68955bc6a1
- pocketmine/raklib 0.12.9@5f2a02009f486ca4d90892814570fa13ebdc078d
- pocketmine/snooze 0.1.3@849510fa62e57512b8467e3694e9b3add97038fd
- pocketmine/spl 0.4.1@ff0579a0be41bbe65d3637607715c0f87728a838
- doctrine/instantiator 1.3.1@f350df0268e904597e3bd9c4685c53e0e333feea
- myclabs/deep-copy 1.10.1@969b211f9a51aa1f6c01d1d2aef56d3bd91598e5
- nikic/php-parser v4.10.2@658f1be311a230e0907f5dfe0213742aff0596de
- phar-io/manifest 2.0.1@85265efd3af7ba3ca4b2a2c34dbfc5788dd29133
- phar-io/version 3.0.2@c6bb6825def89e0a32220f88337f8ceaf1975fa0
- phpdocumentor/reflection-common 2.2.0@1d01c49d4ed62f25aa84a747ad35d5a16924662b
- phpdocumentor/reflection-docblock 5.2.2@069a785b2141f5bcf49f3e353548dc1cce6df556
- phpdocumentor/type-resolver 1.4.0@6a467b8989322d92aa1c8bf2bebcc6e5c2ba55c0
- phpspec/prophecy 1.12.1@8ce87516be71aae9b956f81906aaf0338e0d8a2d
- phpstan/phpstan 0.12.48@d364cfbac9ffd869570cdfea7eaa6541c3dac666
- phpstan/phpstan-phpunit 0.12.16@1dd916d181b0539dea5cd37e91546afb8b107e17
- phpstan/phpstan-strict-rules 0.12.5@334898a32217e4605e0f9cfa3d3fc3101bda26be
- phpunit/php-code-coverage 9.2.0@53a4b737e83be724efd2bc4e7b929b9a30c48972
- phpunit/php-file-iterator 3.0.5@aa4be8575f26070b100fccb67faabb28f21f66f8
- phpunit/php-invoker 3.1.1@5a10147d0aaf65b58940a0b72f71c9ac0423cc67
- phpunit/php-text-template 2.0.3@18c887016e60e52477e54534956d7b47bc52cd84
- phpunit/php-timer 5.0.2@c9ff14f493699e2f6adee9fd06a0245b276643b7
- phpunit/phpunit 9.4.0@ef533467a7974c4b6c354f3eff42a115910bd4e5
- sebastian/cli-parser 1.0.1@442e7c7e687e42adc03470c7b668bc4b2402c0b2
- sebastian/code-unit 1.0.7@59236be62b1bb9919e6d7f60b0b832dc05cef9ab
- sebastian/code-unit-reverse-lookup 2.0.3@ac91f01ccec49fb77bdc6fd1e548bc70f7faa3e5
- sebastian/comparator 4.0.5@7a8ff306445707539c1a6397372a982a1ec55120
- sebastian/complexity 2.0.1@ba8cc2da0c0bfbc813d03b56406734030c7f1eff
- sebastian/diff 4.0.3@ffc949a1a2aae270ea064453d7535b82e4c32092
- sebastian/environment 5.1.3@388b6ced16caa751030f6a69e588299fa09200ac
- sebastian/exporter 4.0.3@d89cc98761b8cb5a1a235a6b703ae50d34080e65
- sebastian/global-state 5.0.1@ea779cb749a478b22a2564ac41cd7bda79c78dc7
- sebastian/lines-of-code 1.0.1@6514b8f21906b8b46f520d1fbd17a4523fa59a54
- sebastian/object-enumerator 4.0.3@f6f5957013d84725427d361507e13513702888a4
- sebastian/object-reflector 2.0.3@d9d0ab3b12acb1768bc1e0a89b23c90d2043cbe5
- sebastian/recursion-context 4.0.3@ed8c9cd355089134bc9cba421b5cfdd58f0eaef7
- sebastian/resource-operations 3.0.3@0f4443cb3a1d92ce809899753bc0d5d5a8dd19a8
- sebastian/type 2.3.0@fa592377f3923946cb90bf1f6a71ba2e5f229909
- sebastian/version 3.0.2@c6c1022351a901512170118436c764e473f6de8c
- symfony/polyfill-ctype v1.18.1@1c302646f6efc070cd46856e600e5e0684d6b454
- theseer/tokenizer 1.2.0@75a63c33a8577608444246075ea0af0d052e452a
- webmozart/assert 1.9.1@bafc69caeb4d49c39fd0779086c03a3738cbb389
- pocketmine/pocketmine-mp 3.15.2@d7a66ad7559f23d24ffe95813421a720203109b1

Loaded plugins:
RedstoneCircuit 2.0.0 by tedo0627 for API(s) 3.6.0
SimpleWarp 4.0.1 by Falkirks for API(s) 3.0.0
NoAdvertisingPE 1.0.1 by Vaivez66 for API(s) 3.0.0
Worlds 3.0.6 by survanetwork for API(s) 3.0.0
KillRegen 1.1.0 by NashanPlaysYT for API(s) 3.4.0, 3.3.0, 3.2.0, 3.1.0, 3.6.0
MaxEnchants 1.2.1 by Xenophilicy for API(s) 3.0.0
KhungLong 1.0.0 by xXNiceYT for API(s) 3.0.0
VanillaEntityAI 1.0.0-alpha5 by jasonwynn10 for API(s) 3.0.0
MineReset 3.2.0 by Falk for API(s) 3.0.0
MSpawns 2.2 by EvolSoft for API(s) 3.0.0
KeepInventory 1.0 by KhoaGamingPro for API(s) 3.0.0
ARQuest 0.2 by phuongaz for API(s) 3.9.0
NameTag 1 by MTwins for API(s) 3.0.0, 4.0.0
NoFallDamage 1.0 by DeveloperNeb101 for API(s) 3.0.0
RenameItems 1.1 by Wertzui123 for API(s) 3.0.0
BlockProtect 1.0.0 by DarkByx for API(s) 3.3.1, 3.3.4, 4.0.0
WorldProtect 2.3.8 by aliuly for API(s) 3.0.0
AutoXP 1.0.1 by JackMD for API(s) 3.0.0
BuilderTools 1.2.0-beta2 by CzechPMDevs, VixikCZ for API(s) 3.0.0
Slapper 1.6.1 by jojoe77777 for API(s) 3.13.0
PM-Beacons 1.0.5-1 by jasonwynn10 for API(s) 3.0.0
InvCrashFix 0.0.1 by  for API(s) 3.14.0
StairSeat 1.5.5 by korado531m7 for API(s) 3.14.0
DevTools 1.13.0 by PocketMine Team for API(s) 3.0.0
KitUI 1.3.5 by Infernus101 for API(s) 3.4.0
LoadWorlds 1.1 by shin for API(s) 3.0.0
PurePerms 1.4.2 by 64FF00 & ProjectInfinity for API(s) 3.0.0
NoTP 1.0.7 by awzaw for API(s) 3.0.0
Eternity 1 by minefore and shin1134 for API(s) 3.9.0
BuyceUIEF 0.4 by UnknownOre for API(s) 3.0.0
1vs1 1.0.1 by VixikHD for API(s) 3.0.0, 4.0.0
OrionTasks 1.0.0 by Clik for API(s) 3.0.0
QuyenVipUI 1.2 by NightBlackDM for API(s) 3.1.1
DanhHieu 3.0.0 by padreon for API(s) 3.0.0
MuaCoinUI 3.5 by BlackPMFury for API(s) 3.0.0, 3.2.0
Warps 2.0 KSCore by KaysilGMVN for API(s) 3.0.0
Eff 2 by AmGM for API(s) 2.0.0, 3.0.0
CachMuaLand 1.2 by Noob for API(s) 3.1.1
ChongBug 1.0.0 by shin1134 for API(s) 3.0.0
Minerloot 1.0.0 by Distoxicqted for API(s) 3.1.4
SizePlayer 1.0.3 by  for API(s) 3.0.0
PointAPI 2.0.9 by onebone for API(s) 3.0.0
Alias 1.2.0 by Ghast Noob for API(s) 3.0.0
AntiSpam 1.3 by xBeastMode for API(s) 3.0.0
ItemDropText 1.0.0 by AlexItz16 for API(s) 1.0.0, 3.0.0, 4.0.0
MenuUI 2.0 KSCore by KaysilGMVN for API(s) 3.0.0
AutoClearLagg 3.1.0 by Twisted for API(s) 3.0.0
EconomyAPI 5.7.2 by onebone for API(s) 3.0.0
InvSee 1.0.0 by BlockHorizons for API(s) 3.0.0
TheoDoi 1.2.0 by HotshotHD & CodeRed2019 for API(s) 3.0.0
BlackSmithFGC 1.0.0 by  for API(s) 3.0.0
CustomAlerts 2.1 by EvolSoft for API(s) 3.0.0
SETVIP 2.3 by MCPEVN TEAM for API(s) 3.0.0
Marry 1.0.0 by GreenJajot for API(s) 3.0.0
PECollide 1 by saxavlax001 for API(s) 3.0.0
MapImageEngine 1.1.3 by FaigerSYS for API(s) 3.0.0
essentialsTP 1.2.2 by  for API(s) 3.0.0
AutoInv 1.0.0 by Nope for API(s) 3.0.0
sblevel 0.1 by AmGM-Encode for API(s) 3.0.0, 2.0.0
PiggyCustomEnchants 1.4.6 by DaPigGuy for API(s) 3.2.0
SkyBlockUI 2.0 KSCore by KaysilGMVN for API(s) 3.0.0
KingOfTheHill 3.0.0-ALPHA1 by Tethered, iZeaoGamer for API(s) 3.0.0
EnchantUI 0.4 by UnknownOre for API(s) 3.0.0
AuctionHouse 1.2.3 by Shock95x for API(s) 3.0.0
SlapperRotation 1.2.1 by jojoe77777 for API(s) 3.0.0
Weapons 1.12.0c by xBeastMode for API(s) 3.0.0
AutoFix 1 by Noob for API(s) 2.0.0, 3.0.0
NameCorrector 1.0.0#build011 by PEMapModder for API(s) 3.0.0
ScoreHud 2.0.0 by JackMD for API(s) 3.0.0
Banking_vonfram 1 by Noob for API(s) 3.0.0
ShinPickaxeLevel 6.0.0 by shin for API(s) 3.0.0
DEVirion 1.2.5-ALPHA12 by poggit, SOFe for API(s) 3.0.1
Kickk 1.1 by MCPEVN-TEAM for API(s) 3.0.0
FormAPI 1.1 by jojoe77777 for API(s) 3.0.0
ShellyEssentials 1.0.2 by Shelly7w7 and BlazeTheDev for API(s) 3.0.0
iProtector 3.1.1 by LDX for API(s) 3.0.0
GCPClan 1.1 by InstantlyTa for API(s) 3.0.0, 4.0.0
GiftCode 1 by ZulfahmiFjr for API(s) 3.0.0, 4.0.0
MysteryCrate 9.1.1 by JackMD, DaPigGuy for API(s) 3.9.0
TableSpoon 0.0.7-ALPHA by CortexPE, Xenophilicy, HyperFlareMC for API(s) 3.13.0
MuaDanhHieu 3.5 by BlackPMFury for API(s) 3.0.0, 3.2.0
AntiTNT 0.1 by Adam1609 for API(s) 3.0.0
PHP-Sell 1.2.7 by Muqsit for API(s) 3.0.0-ALPHA9, 3.0.0-ALPHA10, 3.0.0-ALPHA11, 3.0.0-ALPHA12, 3.0.0
PureChat 1.4.11 by 64FF00 for API(s) 3.0.0
Sell 2 by Muqsit for API(s) 3.0.0
OreGenerator 2.0.0 by vividmemory for API(s) 3.0.0
ChoDenUI 3.5 by BlackPMFury for API(s) 3.0.0, 3.2.0
DeTuMF 3.0.0 by CLADevs And Shin1134 for API(s) 3.0.0
PlayerVaults 3.2.0 by  for API(s) 3.0.0
BuyFix 1.0.0 by HumYaiJang for API(s) 3.0.6
ShopUI 0.0.1 by InstantlyTa for API(s) 3.0.0
SkyBlock 1 by KhoaGamingPro for API(s) 3.0.0
RankShopSystem 1.0.0 by zZPROGAMERZz423 | §eFor issues report by §2Visiting GitHub.com/zZPROGAMERZz423 for API(s) 3.0.0

----------------------REPORT THE DATA BELOW THIS LINE-----------------------

===BEGIN CRASH DUMP===
eNrtPQ1v2ziyf8XIHe66QO2I1HdxWCRN0ibXJvUlbvfjtCgokrK1kUWfPpI49/a/vyEl26SS2k7i
fYsHbHEbS2NrOMP5Jke8/+4lopiS6usNL8pU5Htv7Nd7VTrle2+QZ7mBb7s4eL2XkbI6KQpR7L35
7141n8HXe839670pL0sylpAj+FnZ+/vxp48XZDaa8M9nUXRO0vzvvVxUvUTUOYPfJ3WWvUsz9cCb
KPpcwshRdMimaZ6WVUEqUUTRMS+vKzGLoqvr+dtM0OvVVQ8NkBdFs6wepzk8eUVFwU9rFkVlQaPo
n4Renx/rYEnCYDaZybGbcdtn9xe/2Ycn95sHVzD5GDySpTk8ghGCeSkIhet/7/3F6m2N4hUK0Xdv
eo+T1f9+VggKE/hKxL9yWvWuRTWJog/wd5iROS9e92BK0nz8b9v7pdcbDLLBwBsMBnBFR4NB/gYu
isuUTk6JeE9gBsffAcl/QU8hz3fWkFfPGKm4gn6LRDUi3m7EipTXzd1nhXgE96/8dfNDGFs7+nKC
fOsXOStqiuAf//77ZrrictAA5B9Bmxsi/9DFZU99m/3jHw1MMWT3JP0z0Ddewbzy/ZJOOKszXuxL
ok9JzuD6FbL9R4mXjLb3K07734v8ss5fpXnFx7zoIddDajBn/WBXizsQVgjDrX4IOr/4Loo0uvrf
F4+N43bHaYS2P1Qf5yQHOy5eea6zfpAlPf3vpyCk0aTghJ1yUlQxJ9XDYb3usFe8AH/zCtvKNPSR
GoKiyKCo/32V0tWo5cMR/G+NgB7w0nzToHylHg6+8TAKw3UPDxvLFUWDJfwWFjcIvoGlrGDKmqeR
1X18qC7P4fIV9u1vYPj6lYocDKCm1cJA3pKSK0f8URAm7aOF64/XVZqVjYV9FOOxZkWu80vvJV55
icjDL0O0dO/N9KA102NbD/S1mfrv9n757fUe31XcekHsADKa576m+Y3IbviU5xUgY2kBstlbfAuQ
BQqAUcFktPnlz8DzZ+D5M/D8GXj+DDz/jwLP670xz3lBMhl5ciILqr3Vo/3zIWCPYcZWhdeePUDu
AEt4nWYMCrAAua/30vIr4zd7bxKSlRwCRSEqQQWgdSwozMapDCPWlv8Ad93S8kOaM3Fb9i5GvR/O
LvrOEB/ZX95/Hl5c9LyB3VMk9ELPsnqvFj9tZN/DFsK9S9y7qsDkScF6JyytgIPveofnx54jgxnU
Wm/2/IE9wDbc3nOIn5K99h6+/ipKScPZxcUIAOrmVkVMKqYzAbP4NUvjghQpL+X8ETYR0qPt/1qK
vA+/acOnNUAD6yBwnMDyPcsO7SBMXDdI7JAwy3VtQuLAZ7GdBMhDkjJBCwhWdbk/A8cJFt5vZ18S
gAbuAB0gZmPbwXFAEY9B/12bBkHgU9sDDH7sUMyI59tU8rFSijjNSTFX2t2ShfCB63kJCfwAh9yy
fM6IFbPQ43aYcGzFYWwxzw6QjU1UlGRZDNT1b0iWMqm1ijZrgA8CGyNCbEoT7tmeLTFYQWLROMG+
5bsuTWgokXcQSpvMlE0uaDvwqQUInBAxRHmQhMhJeOgxBxHHtgMaBhh+zpLExJSJscKAYdK5G8ac
xS5z4pjHIcGe5/g0lhMFHzghPqBgCXmAoT+rlNteTtRBGMeUg8yC2EJO4JMYEIEMiEd8y3V8jAkM
YXm+iWpKqklLjXsQUMejCQld20VJbMU4ti0ftEDOL7JCB4W2E7tuh588rloMyD1IAhKA8H2GHR77
YRL7PgsDl7jYdULmBaHrxtQjyERRkGvQ1IYVPAgP3AQTC1tWmDiBR4nDQisIcYAc17cSgmweM2r5
ATOxlLkQ97ydEBsUOnQR/NzD3PVdBMroeD63vdDhYWzDtIa+ZQdJF8ksUxgcmNIksVw/BIXjDoLJ
81wG4gYT8X3kUisJfB8Du3YAGJig0nHyfXB6YNFVulQ5WyKyXYslFvYCHlqOGwIZoMQw24FLXZtb
3LbthHMp5ukcNC0u9xnnM7DR2VwhQZaUsBfGkAUnIXFBgVHiUQs0j2HCE9djEiNyw4C7gCVPr1Pw
t5NZf0aKUqnsjSOx4AMPLBvF3EaIYNviVmj5icsSbmFIhhxMJNOgxFy5GFL0UwFKkqcJL6WYQWmB
ksDFnssTZpPEj8GUiBNjgqntsDihrh8EjOEQ2baGQ3fQkgzqxbEXYJfxJADLJjbGGKY0sG0/CSgn
CQp9NyFW4+lgemvprUSxX/Akg4CYti5MocTKmBCzEAUtczjzcIJdQgKH+I5PmO0ylyAvxI7n4Xgd
SoDGMowBUogiQKflhcQPXJh4ByWgu4kTJjYHh+Y6AaOIUu4x8JbeA6SyTuoXvJR1SqMJDtDoEVDC
OAiDEBhmIQY50gA8D1g/pR53KY4JuKCW7XLGQYqFmE04bRUBy+kHbwMa7cXcB0UAbQ5dD5xzaHmE
JBa4Hm6xgGDWIgF93G8/FybmBAegyw5NwEeGScICLwTToqAGxOeEQAqJqM0I9TzvIZI+fNZ5Wi2Q
IQ+mHpTPYxBrY8u1Q8aJS8ELcNBIxyNJHMQIfDfyH0EmEw5a9QtIDcsFRvfAth2YJKkVyOeOZ7nc
SkLwTTazEwrOCMUMnGXcaKmiRmm7LPbgD8x4U5OGSjEghDmxD+QENkwZeKaE4Zg63I9DDJNHbIvC
aD7uIJOlaj+teNHaslRc94AALh6AR0kweAILGLMSSmPPTyBOxjhIMFgmiKODTFas17xBI9016CP4
aZ9ZIDLPjd0gdCzwND5OfERDQi0HQ4jy/A6ait9V8Gc6y6Aoae3RPkABhFffQh73LO5ix/e567gQ
mcAvQLT1Y+piygKniyydKorcxiJBESCCOSG4yJDjxIPgxcOEgVZZ2AEL8CE42XGHolYRQqXd4IhA
cJ5P/NB3qBN7FMwEzCVJwLEg8E4IgrejPFTJIW8DN5lDZE1XXgop/+I4mPvU514AwocICHHWAfX0
Y88LQHAxdixMIT6ZeKTsW3IkGv/ADbENOgImD+47DFEItuonngWhDZIAwOpCxAxJ/DgaMF7ptHg/
E+K6ni0nGywGJZa0fHA2MsBBMPIShmDKgTgIUFIT7C6TkJGRhSI5SpF8EiSJbXmOjGo+WA1FBNIR
0FNMZOqAOHUhbFkP8GT8Lq3mS2cck4DKfMqCGUliCrGaWXbseg4Ee9uxQLn9BHGVhazwsBQADSU2
xDkaOiGBgADeBJIgThRVNgOq3DjA3KE2tkJzunl+kxYib3NIV4VcOwhA5pwhCNoEPBQMDmrkhRyK
KAxJFQEklkWoiehuJoqKF0tyWBBSSJ58D0H+GLuSLtslXgzhmnAIpMBUYEE0NrCMMxGTDLxJYxeu
mhrwZn4I6RQw5/hBDDkQhnkhFLwb2AUDNaWQRVDfwCSXm8q+SPrNylGrkp6LnFgaN3hZcGeOl7jY
YpAmMeQTx8V2QlwIzI6Bqqnd+jyHoKALH6YcnpcuF4QVQHLmOtgHh4xc6SUh+7J9C0PCTB5F14Yr
ha1RSRaCH4ntGGFCY+RLI0EQUwPIF2waWgxbjk3jjkoWnNYqJgOjufQrS+I4g+QV/LfrQtqFIOeD
u5g4GMWQHDMGCQSoCE/8DrpS1AXlfTGTvLblgK0QWonjSApsgiDmQfSyIABCfLdjajEZmyFhQCEJ
DITtQiOGDMo6kLOLbd+HBBfbIaSpcQjaDp6W+CgmkOElGBTMCg0MD3MOiiwMyoRIaCGwLQQCQIFj
e9T3HO74dgKJT6DUcz5NRD6HkjWbQxzI+rQl5wacdyArHGpDPgdq4PEEclGInTKbkw4YPDDk2YHD
vNhR+lBNeMk5ZAQQAPL0vvVzMjD5oNY2tW0C8QTySijBHEhRwBmABUIkh+oLbM/FMi+85fFU3JOi
2oc6hBeNkwuV+SfUCynhscOckNrSY4PWW5A4g73YPhQicQwlnZnmri7709myaj5gPvHA70MVFCbY
hiQ+gYrGBZcCwodaBHJyWQjEaO+35VqsKi0vOSsrkfOjtKC19MDLar37zeu9lVSk8kr3RupqIopS
Ls1WnAnLw74s/ckslSB74MGv4J7nJM44FMFVUUMNz/gMSuKyWdstRVId6wC5sgVDFO3wzWqJXEyG
Ek4uEI8OL0efh83ElqnyGXvA01Uq/esPpJhpPGhAnXxpLMgk/x3JrtPiujTIt55KPqApq1FB8jLh
co39KhO32u0JKICsMLJyeLK3YjVpx46iUtF7C/RGkUF7y/zw09Xoh0+XH48fsH8hDhkwWKVlmo8B
+2oOut/oE4EeTsQXkt7we8geXzQRK+YW+KKoQ0gHsA2TP4giY6XGWwvQWZLEeiZLZV3ckJxXt6K4
3hVbCmcU3SoComhJyFoeJlU1K9/st6u/5UAhGbSU7f+lQSYZ/QCO65KPea7xuoKZEkRdS7wg5YTk
cpW+/Glk8Ouon8qFqOYTt5+o/XyBuWqDRtGHS/nfNhI9J3cnOYUnK12sOtRkFnfV9UeeQ5GVZimU
WTsSrYZSOp8lKcbNNsx9mNT5+KMA3dakuIR17bAjxbsfL1LKOwJ8AVfHaS66vvTbpH8hOagbOQFv
Vc0PzzQGut88YKNPstmEuCY3v5JS5LfzPEfWCz3ssC64Gjzl5Y+aE9VGiKIOkVGkkbshjsjl6UsI
+3ooXMFMT4O7QpNRZFcCW0UFGewLOTzIT6Nks3FdzchtbhhWCzFjOTaZOLkR2RUQtStG2kGB+OXo
a2Sw8JG3t7cDDpRIrIPqWtkT57Oz/Eat0sx1mzLgHYU0efswEaTZrx0WYlcMGkjB8+nkbG9yh5f/
qtVS3ZKvBUTnyOpKazapwZuQe4OZ8PnMLPBFkRq8/dgqBQGqR0R3dguIIRKT/PPRrcxEu5J4rXK0
59tOeif3TJuduO3SJzDd7JhM1eqTljtp4LWKdcxveCYLqAseIwvtzGubaGXOtKJoe9265JKhs4pP
SyPDX0E7OYXJ3A+QpN3XKcL2rvhaYYwijYztOFq4iHFaTep4QMV0f4VvX+cKWFd7m2CXlWw0WfFu
gDeE4mNSXL+d3xm822qO5KfzUmXVSYmiDmHb5cQP+TPApru3B4HJH8nSOttZ+tRga1Pj2YKtzUXc
I1I9r9MiSXnG9Kp30e9SFVzugpUVFOgGt9KX1pX4cai70gawofZp2kl2NRGL5pRm7GerdtvK03Ig
NVruTfNiJESmW7MB7mbNVj/mFemEjqN7TifDc/Ax8oEv6V16ffTzrrinEvlsygB5FMUNbZWkDVTc
pPSpE6KRvW+gkqsAGZnNeKEvAbQQc0a8ruh/Fb8K7st/xgQg+wUlYjPyswW/Iml/wQRwODzvv+WE
CiOv04BdFXf76HdKxb+Re8eKEJDykqCNPgyypaMCCsh36Z3GlA41U6Cu4RoSc57Px7T+D1AVRWl+
Q+XIkEY8JYm4qkhaXHGi++EVzBSMO+hUSNeiIEy4Npp2NPAF/Gg4o2hJiXa5DVdgZ11XswR1sga7
GzlXHT+9ESfTHWZFo8aVaJQ8LbSsKNtf4lALL9XnM2PRRd6bbNpd0Z3lCS/yuuzmfS+QnIYSCgpJ
xPbJnlTYBytlGnBtqldOYJAdiWk15vY+UEqJzm7yQSVmyt1BuT/khZG3rmAmK063NvKcd+8sq/e3
HqQGcgMGZjXN5Q7cjhj82gwQRUuKtMtneHz1bJverPCo8mQ0NMqS0cNcxu8kdbf35HZnOZ1EFkW5
qGbPDmcNQcDMCWRsSgorhpagNZWiTP4SUfAeyVlPqilCtrOrqneBPIqmyfaW9raeU/757OSdkYYt
YGbMckxuPufXubjNPxV8VzJaYZQZliJie07QTYk0JtTtpo0CmS+eHu+6dL+RaCcsikQOCZ7aAPqU
8y8l/HmG0r2HQhmS2n3FEPD5qQB+ZCu17k804IZK8ChLd7a+J3EBb3LsZ6wW/aue8/xLOjOilQbs
FACdHYJ0PKneZlBYHJ+bycYAPXuf52woi1eFM4oWRGzOLkg+OU15rWcXC1B3W6cjjBlhBRc7i1Yt
uigapVWV8cPjy+2lcV6TI5HmhjBWMJOPTvKgpmx4/q4u5o+YUrPG/NyF15r8TIXs6j8W6Sjl+fYM
yW1HY6NN3Xe2gHsfro7AZ3ZWWMm8TLP3518udrZWJMfenvQT2R+ziiyqfUYj26T2cPpetwC8nPYX
0AtDQtImMaPtqT4idALy+khkr/iSeh263qKFiHdlyRmMJmO9iCEa1iRrBt/MwUTk47e1vv67BG1w
q49G8xdI4KrFF0UaBZuNWG6zZEJ0d34a2KY1wrSsxF1K/1MBraYgnOdv2a1wRlGVba9NV+k9b17T
MpohlsAuM/Y3y+mXSEGO91GOJ5sZFtfbkD8Ep1UdDs+Md0daULcNJTTlAAlDDP/tSpOYkC9MyCSE
U5GL6RyQRtFJc92Qs3ljJ0uJ7kub+wcrdCYf7yekrHoPzPoFrKhhGxVSryltRXpepVczKNw16heg
TlHc2b1+y4H+c9mHtyPy72KJcQoYo0i26ZdAw1Sq1oKgqa5b39rdldsCx4WYjVTX3GqpSQdvsPTD
jN+dVfdI75BBRtx4YQYsiZGEPCH94Hlt5h4N4A+M108pPuTS9lHGSfGRjMedRfsV3MyiHmzAjW7B
W3Z87wuYqBp0oGtABJVEZEBEs5iv0/TUgqQl87CcZ/X0/GjfxCfTl5Vv0bIY3eGspsEd+N1EYMf+
r0X3EvcHxc0V5+a6rgRsMDO1D3YqivRe5OWu2DGQRlFDyVOWeEcTLiCZ1rhZQDb481NRlRNRnR73
/tY7Aid2yRm2ULiz3ZYpky9Rqe2Goym7aq63WsOQ9cfVFDT03fsjY4NUh68X1lOY0HV5XU8F+amu
v1y0JeWCjifk0zXkTlPw1YXRWWaATfeIft8uGH1kkJFJx/P6Ya5ORlB16xleA+hs93YaLo6GJ18u
eqOTw/OdNfgolPLl6Arq/u3a/gqjg6e53+AR3hec5/8kv4qdyWSFUSpW8ZT1l+HJkciylOmObQVb
s4xZkjtyk5E7a3dNIhrKKJqBp1ZEbNs4fU5mZ7Kb5CQfq+M6NKEYX3S7Tu1u61s65sXVT1e74mqJ
UDKiU9K930ZcfNl5bSykG+CuB8e/R1GkjwhR1Rx/q0wJglYnR5KQDbZzAeFgV4IZjj5AHvR59Ons
4sv2BlPCODdcPw5gATHXydHDBZr+SU4fqyRet+s1L1gliKIy/thSsdnm0/F43njuR5qWH/u2uz/l
dRuL4KH3tbnw94IFvwW+KHqEmCesHrQnQhglhQb8Y8qKFQHbc/IhzcefEkjRTtMsM7Z1dfiDdeb+
4cfh6WFHE0e8mvCCs9e99GeuTv2BBGtHvK0O19l6lbORqiGiFewP3HpaEvGU+k+9wn0q6pIbrk0D
d51zJ/pcTUAzQvfuhc3lRmWj959owbYdSVaGir6JpE8Whga1m42saem5FJV65e5hx9Lymw1vQHyj
c+kllmYS8IRdA05mZmPSAtJJHsBr0N99wWiJMYpaMpYX28ZasyFpAVmT3XUW7Hayn9CsxK8G36oR
Gzxy0b5qarRjr+APMoa/qC49C3VYGp5AugXTyHbn7jSUUWRQ1bndypAWJ8ZpFrQ6RG7tO4u/T7+n
eZLaVjU4ya8hIn29EXlSGKut3W+2V70XsXKhVE4O/oSsAdKpYUqvyR3/2Mn0Hnyls+E9vh+0y70g
feztGTo++ZIWpmtegro+2W1Thu7LGWI8Vq/OXn1613Vsz96fa5BG0Y0iJYoYX1xp5G0o+j7AjFwb
CZG8X9sZ1lT5/d9j4WAx+kaRvBPF1FwZXUDWkr77ELnCGEUtCcuL7YyFZ9l89T6wYSydr7qOGndT
H/l7/9ZXjVFvM3LPIbE95je7syCToO0tKG1b8o0opAG7S/odsX08/nFnrYjHP0bRauRnN7EBnr7U
2n2NC2D0/dHwKCO6p1hA1urlWXPkVDYfkV23UaUL1BWJooQSCsSAhh4dtlRt04gJj8344CZXHKZJ
dSSM5a4laE1Q+rnOEjKZpu9+LXbN4WL4J2yTzeXLInNI6itjnUsH67yED1WyzRheP166hy9PHnRi
XvrKiMGY3LyQZF3NhBHSNGC3yd5vglqnBU4e+XKnzhHQ371+vXc6h5rhXUYKfn60s3cojHexV6Tq
11uscNbkkTYzHfpHdWgdTcQR0CCL5fbyCVUzeOPRxaizNT9SJ0quW1BjZIo8a2c7T+2g2642D0+H
/StuLMYsQd2kqtPRfK7ezujS3ehouCiy2jzM6tyjzj1+aVEmCT5VjVJb7xjUBT+aGC+HLEHddcJu
Ddb0mT9JZFqX/GPHlKjFilK+BC3t+CYVdTk86S/ge9/ocZfErq520OGu0Mh8yFSJB+qAt1GF/ztZ
fir4e3W8rZnaGOANtedNepOyKZ+KYmevI+jDR1F7ybfs3TvmZvvqEvQH+kZFgHKNx09pXj3mo/r8
nfG+kgJs6Cc++ngo3ynsHUIafbXjjsQWtzrA4UlLak3D3hdSZ+Zmgw5efyjFjjhYvBs3UyPfqJHl
ceEGHdu8MWGuqbWADdtXp/X0J5L+k+TjjkC8Z3eCqHGfsrohzF77FrD+xcS1Gf4OuiRKIKJOo2hJ
zNZ7O4/s7KzL43d4boa5yN6+hydyPteCzvl8mKlNefW5Oau4JPm1nIMrmfHq62edLzao2f3Pw8tP
7w/PTy5/vnew3fufXlRbFvE5VPa9tCxrXvYKLg897MXz9jv8JQVCYGJ679PqtA1zHURPD9xteF2t
KOivlWnQRVfsGh0xp2Bbjf9NP3RuMJ/Ks5XVEX3yDPSBPNlWHtylDn6V59ORAuYbio12aH5X8bw9
WPy/e2p3UDsQPabt4dVLCCUZl4epGzAx/cpElcuTeDRoe5rfClAXmX7PmmMkl/dJmjVHVC4h46lx
PPuElAYtKajnjQ6Qh64rffGVvkzj5qR9/Sdlexa8DptRk+vL5VnFxpNqkksTxNJ6qkOuhh/12+m8
/E+mzpRvr3rq0EzcZ/ym15cH1LuWY/lw+dcz9qbnUwr/Cz3u+W7iMR9zlyZWgj0/cQKOPJ/KE8ZB
3f8qjzzUjjpcDjgnSv647bq8T2fNaoarthbvmxPAl7+G27upKRMh2cGWZSOEZao+PP5kTBUTXxUr
XSCAUlOcoHd5WRo/bA7K+/HcmKMOBXArD1032QLgbZF2tEM7nl3GUiT/zweA4ImpnCvb+EondX6t
H30vpygdN0fitwtbcppY2ZY1cgJU5wOLF8evSz0u5rNKKEBztsiYPZB5aqiJmhtbBy0PBh3XjTIu
yPkZrKv3aUgJnWiz+dtv/wuLZx3X
===END CRASH DUMP===
