PocketMine-MP Crash Dump Fri Nov 20 19:09:38 +07 2020

Error: file_get_contents(C:\xampp\htdocs\api\data.txt): failed to open stream: No such file or directory
File: plugins/DOLNapTheUI/src/DOLNapTheUI/CheckTheTask
Line: 20
Type: ErrorException

THIS CRASH WAS CAUSED BY A PLUGIN
BAD PLUGIN: DOLNapTheUI v1.0.87

Code:

Backtrace:
#0 (): pocketmine\utils\Utils::errorExceptionHandler(integer 2, string[97] file_get_contents(C:\xampp\htdocs\api\data.txt): failed to open stream: No such , string[106] C:\Users\Administrator\Desktop\SkyBlock\SkyBlock 1.16\plugins\DOLNapTheUI\src\DO, integer 20, array[2])
#1 plugins/DOLNapTheUI/src/DOLNapTheUI/CheckTheTask(20): file_get_contents(string[28] C:\xampp\htdocs\api\data.txt)
#2 src/pocketmine/scheduler/TaskHandler(137): DOLNapTheUI\CheckTheTask->onRun(integer 1)
#3 src/pocketmine/scheduler/TaskScheduler(179): pocketmine\scheduler\TaskHandler->run(integer 1)
#4 src/pocketmine/plugin/PluginManager(654): pocketmine\scheduler\TaskScheduler->mainThreadHeartbeat(integer 1)
#5 src/pocketmine/Server(2391): pocketmine\plugin\PluginManager->tickSchedulers(integer 1)
#6 src/pocketmine/Server(2154): pocketmine\Server->tick()
#7 src/pocketmine/Server(1994): pocketmine\Server->tickProcessor()
#8 src/pocketmine/Server(1588): pocketmine\Server->start()
#9 src/pocketmine/PocketMine(273): pocketmine\Server->__construct(object BaseClassLoader, object pocketmine\utils\MainLogger, string[54] C:\Users\Administrator\Desktop\SkyBlock\SkyBlock 1.16\, string[62] C:\Users\Administrator\Desktop\SkyBlock\SkyBlock 1.16\plugins\)
#10 src/pocketmine/PocketMine(304): pocketmine\server()

PocketMine-MP version: 3.15.2 [Protocol 408]
Git commit: 0000000000000000000000000000000000000000
uname -a: Windows NT WIN-4P2C3VGUPNN 6.3 build 9600 (Windows Server 2012 R2 Standard Edition) AMD64
PHP Version: 7.3.23
Zend version: 3.3.23
OS : WINNT, win
Composer libraries: 
- adhocore/json-comment 0.1.0@8448076039389f558f39ad0553aab87db3f81614
- ocramius/package-versions 1.5.1@1d32342b8c1eb27353c8887c366147b4c2da673c
- pocketmine/binaryutils 0.1.12@566fa87829e007eda0bd96e39fe20b9b0d638132
- pocketmine/callback-validator 1.0.2@8321aa3ccfe63639b0d08f0cbf270755cfc99fe2
- pocketmine/classloader 0.1.1@7c0363491d1ce8f914fe96d41a4338c982adedff
- pocketmine/log 0.2.0@e59bedb5d4bbeb9a26647cb7c367cb2fa72addfa
- pocketmine/log-pthreads 0.1.1@9bbcef398b01487ab47c234a6a7054722abbe067
- pocketmine/math 0.2.5@8c46cfa95351fb0b2b30739a381310941934b55f
- pocketmine/nbt 0.2.15@f8a81d37d24eb79fb77d985a52549d68955bc6a1
- pocketmine/raklib 0.12.9@5f2a02009f486ca4d90892814570fa13ebdc078d
- pocketmine/snooze 0.1.3@849510fa62e57512b8467e3694e9b3add97038fd
- pocketmine/spl 0.4.1@ff0579a0be41bbe65d3637607715c0f87728a838
- doctrine/instantiator 1.3.1@f350df0268e904597e3bd9c4685c53e0e333feea
- myclabs/deep-copy 1.10.1@969b211f9a51aa1f6c01d1d2aef56d3bd91598e5
- nikic/php-parser v4.10.2@658f1be311a230e0907f5dfe0213742aff0596de
- phar-io/manifest 2.0.1@85265efd3af7ba3ca4b2a2c34dbfc5788dd29133
- phar-io/version 3.0.2@c6bb6825def89e0a32220f88337f8ceaf1975fa0
- phpdocumentor/reflection-common 2.2.0@1d01c49d4ed62f25aa84a747ad35d5a16924662b
- phpdocumentor/reflection-docblock 5.2.2@069a785b2141f5bcf49f3e353548dc1cce6df556
- phpdocumentor/type-resolver 1.4.0@6a467b8989322d92aa1c8bf2bebcc6e5c2ba55c0
- phpspec/prophecy 1.12.1@8ce87516be71aae9b956f81906aaf0338e0d8a2d
- phpstan/phpstan 0.12.48@d364cfbac9ffd869570cdfea7eaa6541c3dac666
- phpstan/phpstan-phpunit 0.12.16@1dd916d181b0539dea5cd37e91546afb8b107e17
- phpstan/phpstan-strict-rules 0.12.5@334898a32217e4605e0f9cfa3d3fc3101bda26be
- phpunit/php-code-coverage 9.2.0@53a4b737e83be724efd2bc4e7b929b9a30c48972
- phpunit/php-file-iterator 3.0.5@aa4be8575f26070b100fccb67faabb28f21f66f8
- phpunit/php-invoker 3.1.1@5a10147d0aaf65b58940a0b72f71c9ac0423cc67
- phpunit/php-text-template 2.0.3@18c887016e60e52477e54534956d7b47bc52cd84
- phpunit/php-timer 5.0.2@c9ff14f493699e2f6adee9fd06a0245b276643b7
- phpunit/phpunit 9.4.0@ef533467a7974c4b6c354f3eff42a115910bd4e5
- sebastian/cli-parser 1.0.1@442e7c7e687e42adc03470c7b668bc4b2402c0b2
- sebastian/code-unit 1.0.7@59236be62b1bb9919e6d7f60b0b832dc05cef9ab
- sebastian/code-unit-reverse-lookup 2.0.3@ac91f01ccec49fb77bdc6fd1e548bc70f7faa3e5
- sebastian/comparator 4.0.5@7a8ff306445707539c1a6397372a982a1ec55120
- sebastian/complexity 2.0.1@ba8cc2da0c0bfbc813d03b56406734030c7f1eff
- sebastian/diff 4.0.3@ffc949a1a2aae270ea064453d7535b82e4c32092
- sebastian/environment 5.1.3@388b6ced16caa751030f6a69e588299fa09200ac
- sebastian/exporter 4.0.3@d89cc98761b8cb5a1a235a6b703ae50d34080e65
- sebastian/global-state 5.0.1@ea779cb749a478b22a2564ac41cd7bda79c78dc7
- sebastian/lines-of-code 1.0.1@6514b8f21906b8b46f520d1fbd17a4523fa59a54
- sebastian/object-enumerator 4.0.3@f6f5957013d84725427d361507e13513702888a4
- sebastian/object-reflector 2.0.3@d9d0ab3b12acb1768bc1e0a89b23c90d2043cbe5
- sebastian/recursion-context 4.0.3@ed8c9cd355089134bc9cba421b5cfdd58f0eaef7
- sebastian/resource-operations 3.0.3@0f4443cb3a1d92ce809899753bc0d5d5a8dd19a8
- sebastian/type 2.3.0@fa592377f3923946cb90bf1f6a71ba2e5f229909
- sebastian/version 3.0.2@c6c1022351a901512170118436c764e473f6de8c
- symfony/polyfill-ctype v1.18.1@1c302646f6efc070cd46856e600e5e0684d6b454
- theseer/tokenizer 1.2.0@75a63c33a8577608444246075ea0af0d052e452a
- webmozart/assert 1.9.1@bafc69caeb4d49c39fd0779086c03a3738cbb389
- pocketmine/pocketmine-mp 3.15.2@d7a66ad7559f23d24ffe95813421a720203109b1

Loaded plugins:
NameTag 1 by MTwins for API(s) 3.0.0, 4.0.0
WorldProtect 2.3.8 by aliuly for API(s) 3.0.0
Slapper 1.6.1 by jojoe77777 for API(s) 3.13.0
BuilderTools 1.2.0-beta2 by CzechPMDevs, VixikCZ for API(s) 3.0.0
BlockProtect 1.0.0 by DarkByx for API(s) 3.3.1, 3.3.4, 4.0.0
KhungLong 1.0.0 by xXNiceYT for API(s) 3.0.0
DevTools 1.13.0 by PocketMine Team for API(s) 3.0.0
MSpawns 2.2 by EvolSoft for API(s) 3.0.0
VanillaEntityAI 1.0.0-alpha5 by jasonwynn10 for API(s) 3.0.0
MineReset 3.2.0 by Falk for API(s) 3.0.0
NoFallDamage 1.0 by DeveloperNeb101 for API(s) 3.0.0
RedstoneCircuit 2.0.0 by tedo0627 for API(s) 3.6.0
AutoXP 1.0.1 by JackMD for API(s) 3.0.0
MaxEnchants 1.2.1 by Xenophilicy for API(s) 3.0.0
StairSeat 1.5.5 by korado531m7 for API(s) 3.14.0
ARQuest 0.2 by phuongaz for API(s) 3.9.0
KeepInventory 1.0 by KhoaGamingPro for API(s) 3.0.0
Worlds 3.0.6 by survanetwork for API(s) 3.0.0
RenameItems 1.1 by Wertzui123 for API(s) 3.0.0
PM-Beacons 1.0.5-1 by jasonwynn10 for API(s) 3.0.0
InvCrashFix 0.0.1 by  for API(s) 3.14.0
SimpleWarp 4.0.1 by Falkirks for API(s) 3.0.0
NoAdvertisingPE 1.0.1 by Vaivez66 for API(s) 3.0.0
KillRegen 1.1.0 by NashanPlaysYT for API(s) 3.4.0, 3.3.0, 3.2.0, 3.1.0, 3.6.0
GCPClan 1.1 by InstantlyTa for API(s) 3.0.0, 4.0.0
ChongBug 1.0.0 by shin1134 for API(s) 3.0.0
Alias 1.2.0 by Ghast Noob for API(s) 3.0.0
TheoDoi 1.2.0 by HotshotHD & CodeRed2019 for API(s) 3.0.0
Banking_vonfram 1 by Noob for API(s) 3.0.0
EconomyAPI 5.7.2 by onebone for API(s) 3.0.0
Kickk 1.1 by MCPEVN-TEAM for API(s) 3.0.0
AntiTNT 0.1 by Adam1609 for API(s) 3.0.0
LoadWorlds 1.1 by shin for API(s) 3.0.0
ItemDropText 1.0.0 by AlexItz16 for API(s) 1.0.0, 3.0.0, 4.0.0
AutoFix 1 by Noob for API(s) 2.0.0, 3.0.0
PHP-Sell 1.2.7 by Muqsit for API(s) 3.0.0-ALPHA9, 3.0.0-ALPHA10, 3.0.0-ALPHA11, 3.0.0-ALPHA12, 3.0.0
TableSpoon 0.0.7-ALPHA by CortexPE, Xenophilicy, HyperFlareMC for API(s) 3.13.0
PlayerVaults 3.2.0 by  for API(s) 3.0.0
MuaCoinUI 3.5 by BlackPMFury for API(s) 3.0.0, 3.2.0
SETVIP 2.3 by MCPEVN TEAM for API(s) 3.0.0
ShellyEssentials 1.0.2 by Shelly7w7 and BlazeTheDev for API(s) 3.0.0
MuaDanhHieu 3.5 by BlackPMFury for API(s) 3.0.0, 3.2.0
iProtector 3.1.1 by LDX for API(s) 3.0.0
CustomAlerts 2.1 by EvolSoft for API(s) 3.0.0
PiggyCustomEnchants 1.4.6 by DaPigGuy for API(s) 3.2.0
BuyceUIEF 0.4 by UnknownOre for API(s) 3.0.0
DanhHieu 3.0.0 by padreon for API(s) 3.0.0
Sell 2 by Muqsit for API(s) 3.0.0
Eff 2 by AmGM for API(s) 2.0.0, 3.0.0
Weapons 1.12.0c by xBeastMode for API(s) 3.0.0
DeTuMF 3.0.0 by CLADevs And Shin1134 for API(s) 3.0.0
AutoInv 1.0.0 by Nope for API(s) 3.0.0
DOLNapTheUI 1.0.87 by Shin1134 for API(s) 3.0.0
SkyBlockUI 2.0 KSCore by KaysilGMVN for API(s) 3.0.0
SlapperRotation 1.2.1 by jojoe77777 for API(s) 3.0.0
BlackSmithFGC 1.0.0 by  for API(s) 3.0.0
MapImageEngine 1.1.3 by FaigerSYS for API(s) 3.0.0
SkyBlock 1 by KhoaGamingPro for API(s) 3.0.0
NoTP 1.0.7 by awzaw for API(s) 3.0.0
ShinPickaxeLevel 6.0.0 by shin for API(s) 3.0.0
essentialsTP 1.2.2 by  for API(s) 3.0.0
QuyenVipUI 1.2 by NightBlackDM for API(s) 3.1.1
KitUI 1.3.5 by Infernus101 for API(s) 3.4.0
FormAPI 1.1 by jojoe77777 for API(s) 3.0.0
sblevel 0.1 by AmGM-Encode for API(s) 3.0.0, 2.0.0
OreGenerator 2.0.0 by vividmemory for API(s) 3.0.0
AuctionHouse 1.2.3 by Shock95x for API(s) 3.0.0
Eternity 1 by minefore and shin1134 for API(s) 3.9.0
MenuUI 2.0 KSCore by KaysilGMVN for API(s) 3.0.0
EnchantUI 0.4 by UnknownOre for API(s) 3.0.0
NameCorrector 1.0.0#build011 by PEMapModder for API(s) 3.0.0
1vs1 1.0.1 by VixikHD for API(s) 3.0.0, 4.0.0
PECollide 1 by saxavlax001 for API(s) 3.0.0
Warps 2.0 KSCore by KaysilGMVN for API(s) 3.0.0
OrionTasks 1.0.0 by Clik for API(s) 3.0.0
InvSee 1.0.0 by BlockHorizons for API(s) 3.0.0
Marry 1.0.0 by GreenJajot for API(s) 3.0.0
AntiSpam 1.3 by xBeastMode for API(s) 3.0.0
GiftCode 1 by ZulfahmiFjr for API(s) 3.0.0, 4.0.0
MysteryCrate 9.1.1 by JackMD, DaPigGuy for API(s) 3.9.0
BuyFix 1.0.0 by HumYaiJang for API(s) 3.0.6
PointAPI 2.0.9 by onebone for API(s) 3.0.0
Minerloot 1.0.0 by Distoxicqted for API(s) 3.1.4
SizePlayer 1.0.3 by  for API(s) 3.0.0
KingOfTheHill 3.0.0-ALPHA1 by Tethered, iZeaoGamer for API(s) 3.0.0
AutoClearLagg 3.1.0 by Twisted for API(s) 3.0.0
DEVirion 1.2.5-ALPHA12 by poggit, SOFe for API(s) 3.0.1
PurePerms 1.4.2 by 64FF00 & ProjectInfinity for API(s) 3.0.0
ShopUI 0.0.1 by InstantlyTa for API(s) 3.0.0
CachMuaLand 1.2 by Noob for API(s) 3.1.1
ChoDenUI 3.5 by BlackPMFury for API(s) 3.0.0, 3.2.0
ScoreHud 2.0.0 by JackMD for API(s) 3.0.0
PureChat 1.4.11 by 64FF00 for API(s) 3.0.0
RankShopSystem 1.0.0 by zZPROGAMERZz423 | §eFor issues report by §2Visiting GitHub.com/zZPROGAMERZz423 for API(s) 3.0.0

----------------------REPORT THE DATA BELOW THIS LINE-----------------------

===BEGIN CRASH DUMP===
eNrtPWtz2za2f0Xj7uxkZyKbAN/50LHjR+xt7GgjJW2z7GRAAJRYU4SWD9ny3v73ewBSEkA7lmwr
t/dDM21EHokH5wDnjUPkv3uJKKak+jrnRZmKfO+N/XqvSqd87w3yLDfwHeQHr/cyUlanRSGKvTf/
3asWM/h6T92f3lI+q+SDr/emvCzJWH6VpBn/OubVVyryiudV+er4TRTdkulsFkWTiglaRhGZpVHE
SEX2q9vqH296CYGnWK8SPTHjea+sCk6mb3pXolfWdNKTOHui6LG04LQSxQJGTOosOwM4DCkH+FQC
E1F0xKZpnsLzBH4WRSe8vK4EDDy8XrzNBL1eX/XQPvKiaJbV4zSHJ08+vL8is9GEf7qIorKgHcjx
hNNruB6R8np/NplJCprRWwwH2s8P4HnjXn8anszSHJ7EFkx3QShc/nvvB6v3CiZiBpTxCnjgUVRX
aQaEfZIfb95wY8rPSc4yXrxKYY7HvOjh13LS0nz879D/rfc91mA1ALK833rfbcpf91YsWa97pCjI
4t/4t3/ApP2Aek+d6lfYkozdm42WExw0jDw6MXJk3JOjrNfmoKQTzmpYgAM5zHIxkO3DcN8Um/6P
Iv9Y56s1Qwq3/Tju4fLuFfLDjoCsfhlFGhn9H4t7gzjdQZqZPBioj0uSg+4WrzzXeXyEFTH9H6ck
zUcTEBF2zklRxZxUnTHd7phDXoCleYXtEHWGaaiJIoOc/o9VStdDlh303rfQo3tcNN80+F6ph/1v
PIzC8LGHB4WgYOhE0WAJvoXFDYJvYCkrmKzm6bD79EBdXsLlK+zb30DwVUoxyG9Nq1ci/h3MYe8t
KfkxWOnyvSCMF697LfwBW3IJq/ZejMfyV60SuM7LtHmFyMM7MguNsluPTI9t3RPUZub/sffbH6/3
+P9Db/ViXwF8NU9/TfO5yOZ8CuQCymaUveW3ANGQAZgKJh3Mb3/5mr98zV++5i9f85ev2Z2veb03
5jkvSCadTU5k5rS3frR/OQDsMczYOsPas/eRu48lvE4zBplWgNzXe2n5lfH53puEZCUHU16ISlAB
aB0LMrBxKg29teUfwF23tPyc5kzclL2rUe/ni6u+M8DH9ud3nwZXVz1v3+4pEnqhZ4E/WP60WXsw
iAj3PuLesAJFJwXrnbJU+oJ/9I4uTzxHuhvIgd7s+fv2Prbh9o7nTLHX3sPXX0Upabi4uhoBQN3c
pLlySdOZgFn8mqVxQYqUl3L+CJsAzwU/+L0UeR9+0zo4ax/tW4eB4wSW71l2aAdh4rpBYoeEWa5r
ExIHPovtJEAekpQJWpBpWpcHM0KvQbv77exLAtC+u48OEbOx7eA4oIjHIP+uTYMg8KntAQY/dihm
xPNtKvlYC0Wc5qRYKOluyUL40PW8hAR+gENuWT5nxIpZ6HE7TDi24jC2mGcHyMYmKkqyLAbq+nOS
pUxKraLN2seHgY0RITalCfdsz5YYrCCxaJxg3/JdlyY0lMg7CKVOZkonl7Qd+tQCBE6IGKI8SELk
JDz0mIOIY9sBDQMMP2dJYmLKxFhhwDDp3A1jzmKXOXHM45Bgz3N8GsuJgg+cEB9QsITcw9CfVcpe
rybqMIxjymHNgthCTuCTGBDBGhCP+Jbr+BgTGMLyfBPVlFSTlhr3MKCORxMSuraLktiKcWxbPkiB
nF9khQ4KbSd23Q4/eVy1GJB7mAQkgMX3GXZ47IdJ7PssDFziYtcJmReErhtTjyATRUGuQVIbVvB+
eOgmmFjYssLECTxKHBZaQYgD5Li+lRBk85hRyw+YiaXMhbjj7YTYINChi+DnHuau7yIQRsfzue2F
Dg9jG6Y19C07SLpIZpnC4MCUJonl+iEIHHcQTJ7nMlhuUBHfRy61ksD3MbBrB4ABgg1pOPkBGD3Q
6CpdiZwtEdmuxRILewEPLccNgQwQYpjtwKWuzS1u23bCuVzm6QIkLS4PGOcz0NHZQiFBllxhL4wx
QklIXBBglHjUAsljmPDE9ZjEiNww4C5gydPrFOztZNafkaJUIjt3JBZ86IFmo5jbCBFsW9wKLT9x
WcItDBGPg4lkGoSYKxNDin4qQEjyNOGlXGYQWqAkcLHn8oTZJPFjUCXixJhgajssTqjrBwFjOES2
reHQDbQkg3px7AXYZTwJQLOJjTGGKQ1s208CykmCQt9NiNVYOpjeWlorURwUPMnAIaatCVMosVIm
xCxEQcoczjycYJeQwCG+4xNmu8wlyAux43k4fgwlQGPpxgApeBGg0/JC4gcuTLyDEpDdxAkTm4NB
c52AUUQp9xhYS+8eUpka9QteykyikQQHaPQICGEchEEIDLMQwzrSACwPaD+lHncpjgmYoJbtcsZh
FQsxg8CzFQQspx+sDUi0F3MfBAGkOXQ9MM6h5RGSWGB6uMUCglmLBOTxoP1cqpgTHIIsOzQBGxkm
CQu8EFSLghgQnxMCsSOiNiPU87z7SPrwWedptUSGPJh6ED6Pga+NLdcOGScuBSvAQSIdjyRxECOw
3ch/AJkMOGjVLyAsLJcY3UPbdmCSpFQgnzue5XIrCcE22cxOKBgjFDMwlnEjpYoaJe0yF4O/YMab
7DNUggEuzIl9ICewYcrAMiUMx9ThfhximDxiWxRG83EHmUw1+mnFi1aXpeC6hwRw8QAsSoLBEljA
mJVQGnt+An4yxkGCQTNhOTrIZE55zRs00lyDPIKd9pkFS+a5sRuEjgWWxseJj2hIqOVgcFGe30FT
8dsK/prOMlLxVh/tQxSAe/Ut5HHP4i52fJ+7jgueCewCeFs/pi6mLHC6yNKposhtNBIEATyYE4KJ
DDlOPHBePEwYSJWFHdAAH5yTHXcoagUhVNINhggWzvOJH/oOdWKPgpqAuiQJGBYE1gmB83aUhSo5
xG1gJnPwrOnaSiFlXxwHc5/63Atg8cEDgp91QDz92PMCWLgYOxam4J9MPHLtW3IkGv/QDbENMgIq
D+Y7DFEIuuonngWuDYIAwOqCxwxJ/DAaUF5ptHg/E+K6nq0mGzQGJZbUfDA20sGBM/IShmDKgThw
UFIS7C6TEJGRpSA5SpB8EiSJbXmO9Go+aA1FBMIRkFNMZOiAOHXBbVn38GT8Nq0WK2Mck4DKeMqC
GUliCr6aWXbseg44e9uxQLj9BHEVhazxsBQADSU2+DkaOiEBhwDWBIIgThRVNgOq3DjA3KE2tkJz
unk+TwuRtzGkq1yuHQSw5pwhcNoELBQMDmLkhRxyKAxBFQEklkWoieh2JoqKFytyWBBSCJ58D0H8
GLuSLtslXgzumnBwpMBUYIE3NrCMMxGTDKxJoxeumhqwZn4I4RQw5/hBDDEQhnkhFKwb6AUDMaUQ
RVDfwCTrQWVfJP2msNOKpOciJ5bKDVYWzJnjJS62GIRJDPnEcbGdEBccs2OganK3Ps/BKeiLD1MO
z0uTC4sVQHDmOtgHg4xcaSUh+rJ9C0PATB5E17orha0RSRaCHYntGGFCY+RLJUHgUwOIF2waWgxb
jk3jjkgWnNbKJ/dVKeW2WhHHGQSvYL9dF8IuBDEf3MXEwSiG4JgxCCBARHjid9CVoi4o74uZ5LVN
B2yF0EocR1JgEwQ+D7yXBQ4Q/LsdU4tJ3wwBAwpJYCBsa4sYIijrUM4utn0fAlxshxCmxiFIO1ha
4qOYQISXYBAwKzQw3I85KLIwCBMioYVAtxAsAAoc26O+53DHtxMIfAIlnotpIvIFpKzZAvxA1qct
OXMw3oHMcKgN8RyIgccTiEXBd8poThpgsMAQZwcO82JHyUM14SXnEBGAA8jTu9bOScfkg1jb1LYJ
+BOIKyEFcyBEAWMAGgieHLIv0D0Xy7jwhsdTcUeK6gDyEF40Ri5U6p9QL6SExw5zQmpLiw1Sb0Hg
DPpi+5CIxDGkdGaYu77sT2errPmQ+cQDuw9ZUJhgG4L4BDIaF0wKLD7kIhCTy0QgRnt/rKqlKrW8
gnR4RMZalr6EvN5br4KM+kldTURRyirp5ehGPg5JPpmlEiBXSZo7R30CnOckzjikvVVRQ9bO+AyS
4LIptpYiqU50gCxiqYLzraxwNeUTWd6FC1k1+DAc/fzh4/uTZi7LVJmJPWDjZ1FkbFCISlZ51wwY
YJ0LKZCByQnkmHW2uMfJMzlosEXRjaRg1lDQVHvW7AxHRx9HnwYGM5OqmpVvDg7GaTWp431wFQeX
dVokKc+YvuDLwmtVcJkAlmB7DwxuYVKGGZnNeKHNxxJiLOi+t99Z1N/F74L78o8xHch+/nyUzcjd
KXh4RR+YhDVJB0smgMO3sjbDi5EQWamxaYBNXkFj+zGvCDY5Pr7jdDK4POFz+cDn9Da9Pv6yK1mg
EvlsygB5FMUNbZWkLYo6lD51VjSyDwxUcm5kCnRfJQywOTeN4mqzckKK67eLW2MebCUs8tN5qZbr
pMBUmIRtVPmfJnU+fi9y3WCtYRs4u/3lKqX819GulvgkzcV2si1Jh/XqiuwKZBKuVM6gfF057Y04
me6MgXZ8WReed8RxSzu1puxghQOYvRzOyE2u87qEmAa5o5Gnc5ENgdhdMdgOCou0Gn0L9m5ubvY5
UCKx7lfXkp/PJIdYgpzmFQTwRxcaX91v7slgn2SzCXE7xpaUIr9Z5DmyXsbr3qAuuBo85eUve2vW
tRGiqENkFGnkPjIhaiVhaT9CGKSbkzVM59aWdtZk84xk17taywRwpcU1LKb0hYUcHtZVo2SjBl4J
oCc7IVNVYlgHPDq4s3wd0wh5ZSaj5CseIwvtUA11tFGkU7S9gfnIWVmJnB+nBa1Tfb2635g6eM9O
VpwJy8NmHOA9n7+iHX6bUEgyclRX4peBRn8L6KpWJ4D5J6HXlye7WpQGWxQ1Yz87hGnQHLQcSH0i
t6c5nZC8MqyjBu3GLh02f+G5mE3SLKU7i1s1lJLRFSnGzTYiOKxIWgw50YVvDTMZc/c7NvFaFIQJ
10bTTgTqPJ8zDWcUrSjRLrfh6ujjv2pVRF8LZAvRObK6zmw2qSEoIXcGM+HzeVniiyI1ePuxVdTE
+ewin6vy9kKPnAz4o6bvp4kg7whY3jFEa7uSOwNpFBnkbG/3VAZUdhPAsuObrH3P5KisiznJeQXJ
2s58lMLZ5n+gPStCtrIabXa3r5Dst5Qd/NAgawy8ZPCi4tPSMO5raCeONBn+GRKQuzpF2N4Vu2uM
UaSR8WxjucZ3oHMFrA8u+285ocIIKTVg1zW4ffSdAq5vRFixIgQSmhVBG+UWRP24IOXkLL3VmNKh
pnnpOrxd2chp/R+gKorSfE7lyEl6+5QqzDCVhe2fSTHTjf4aqDPh3PfaZ21Y98Iw+IyU1aggeZko
qoeZuNFuT8uSy63drByc7j0UUpaK3hugF3yDTvsWQeURAwartJRm7NSIK81vNoQvn0k653eetyvx
XOKT4aRBSAewlQOB7OEjH/Ncdx4rWMfqdF3HFcgUyQcZWZSd3NtRP5VlheYTt5+o/XxBzKkNCo7l
o/x/G0bfHQ+OM6KzuYQ8alovmt6BbDEiu66KpkvUFTiWhBIKxETR2fFRS9VGGwsmFh6b8f15Ljk8
nkAQ8bbWCygr0Ib6STlJc4RsZ1cSOmzxyf7MFQWbo7EsJboXaO7vFfxM0t9NwD70roSId0W8Grbx
dKrrbxvSRxMuTkSqEb+EbCD/XFTlRFTnJ72/944Fg5SXYQuFO6tVTplswVGl2uMpGzbX23D0luTX
YEO+zkWeFGSqlxw73zyynbDLZZG4wAvD4NsHkKfgscV0cTTQ6zoaUCfd3fe7cT5ktjH8vysOWnRR
xBsKVB+0Qc0W5ppeXxumWt4/asEujwenn6/6o9Ojy50V3xRKsLzt6Js1G1z06Gqk63YLMQOhDulH
jEyRZ+1MG9pBt61WyEjpXgqiAR+ddmlSd0X3esztA3AZf9PZPN+vxEzFpBBwnxRiNlK7yuugVAdv
8BJHGb+9qO6QHsgsf7YTjyiJkYRsr+Cy+mJG2UvI9lYJGyw8k/RcWaf14BspH5wP+kOeGV3US1DX
Z/gdjVZhfVe4+kfvB+dH4ZKR5hZZnXvUuccvZVwSLF+M2H7NRnKQ4UwIPRjTgN3cyG9I7ezwyf6U
WxV762Wz13vnC3BwZxkp+OXxzrY7jTLamlT9erM5kSErLz6TOjMKhAb48ar7jszJMi2cqZHnamT5
bohBx8ZlvKzJsUjzT7prXcNMRjr1wLcZodeDy7O6WDwQVDd8P9c11eQLFfJdFwi+RinPt5fL4eno
84VenG4BnUaDh7xr73t41yGvPqdbZarDCSjhYp0K6zx0v+ra+E7I0/zev/F7oNM9WKg7DpHsCZ/v
LjUwCdp+fWBpT0g+OU95bYrcCvpnCR0kOcdAQ/M+mrrcnqu03SMXemOHBjR5uhdmvD/5ZWdRxskv
UbQe+dm1PsDTlzJ8oHEh09O6rMQUYojCMH8G2FQ19H23kPWRYeFMOp63mTxIx+NFg+mBraCHvjXV
0emWsk8IPPSuNiX2BZK6xAfm/j4x2wvt23pB+aeL0zOjS2cJMx24Y3L0Kb/OxU3+odhZWrXGKBtw
FBFP6N24b1G+YU7uhcMzwgoudhbkt+ggpkirKuNHJx+f4LrMQPJeEIm3CSD/7yLAU9novM7HVR/0
N4k9mr673HW0DkMiiNYBM3rCbhQnM3ObYgnpJIJAIu30J73lpKwuZfPyjiZ9jTGKWjJWF9v1LI3q
yzOjY0kBNsj88fsj2Z3WO4LgYLjjomGLW7V+pCJ/WhJ4kc87SaCEbEhor8RsZwsyGP0EEvVp9OHi
6vMTzI92bIG2FsZhBiYLgd8N2Ha7Csbb9Vvbn/ZNY4MLDdhpS+n9NIT8jXf2ocmiTLN3l5+vdmaY
VgQ8gZOmG/WjqFS//P1m29U3G5o5vtF0+xJ2TAKe4K1l5DucQoR29u7Y6B3V4Y/rylN40Cusj/UI
kF/rWiY6Bh1PyAfI7EL2UZ3mY3VciNZyY3zR3cSyu9uU6ZgXw1+Hu1qnFULJik5J9/4pmvWAXj1W
4tphU4dZL2+7QkXOF9p26+VikAlZtlOfm0shV2I0MPZTR/d7wDp2jtzckZudtfNLZFGUi2r27DSn
IUhl32k+SOk1ueXvZb+fkX13vtKZ9B7eh9vlHpw+9vaKxVfJubFKBrhr/fD3KFTpI0ZRZ/yNbPyr
XvD8czoznJIG7LDQCQ3S8aRShunELOzIDPy5+/YXg9bYnVxG0ZKILfZ8KoOF5t6k/l614yJPeJHX
ZbeZ9QXdJBpKufVTPcWtnoliau7CLSGPbqLs3omuMUZRS8LqYhtGShjR1PEl5PGdLEg1+pBnP5QB
vG5zmhfoeRSV8dLAbGQBEuV36gQXs+ZkgDf0Ec/TecqmfCqKnXWq6sNHUXvJtwv/1TkB56IuuZED
aOCuubK7QTS4tdC93aWn1Nu9tD7CdqQoIg19E0mf3DkyqN2cQlegi+qV43UevQQ9EhfIBvsEQm9V
3X2w6+MFbaxL5FE0TZ4QxvG8NjcRGsCfkzPI5rDyKZatLZ4ZHKxhf2IpbEXE9rzIF0RhkotuOdqE
30sUflAvwVmoI2uDUwh3LwWT3Ya7SrLXKKPIoKpzuw23aF4ijUl1u6mTT75JeH6y606wuUQ7YVEE
YfW8VC0iH3L+ufywOUd4IDCFuJ9cH385UAzJovTpsciylOnGcQ17xFiU5JbMM3Jr7e6FGA1lFM04
bYjYtiFDKadef1P3f6Kh2F61PhRAoDzirzRc7gq4oVJ1nKU7a2WXuEDA5NjP6MmHR4acm23NErCB
AZWxnosivRN5uStODKRR1FDylA7nS1IYr0009xtYeVdwnv+T/C52VkFfY5TrUDxlOWRL03Bm9Oet
QJ0U4buXpGOJcapK0vK4rRJomEpDvSRoqi/Kt3T8XZpUx8IwVivQI7bqS50lZDJNz34vdm2dl8M/
IaRZyBf4F8cqgtWkSwfrvIT393XbV95eP7wDGL787TedmJe+A2cw1mwPmk1ZLWCDYp3X019J+k+S
jztL6D3bQKhxt1+4gUjzysxTV6BuShR+115RJuR5ji9rFpWv0BaZEN0XfBvYpsMC0rIStyn9TwWU
mwUQ5/mv1a9xRlH1hJLUML3jTYOS8SrKCthlxv4e5Sg13ns5nnyVZHm9XQknH39IRhN+nhobtSb8
3t5b26NnLsyIVxNecPa6l37hREC0t7v4+lpUkyj6Cf5+yt7bccZJ8Z6Mx50duDW828TSkbXRDQhG
R8xewEXVoJMpdiWoJCIDIpruTJ2mp1q7lsyjcpHV08vjAxOf3M07/ZwW5q7RCtStQLhaA6beVCDG
Y/Ue9/DDWdeYPLvw2CCNorkiJYoYX15p5G3qXqwLPuCF8YLiGtZtY+lw5TlnZ5bV+3tvUAh5XtZF
nqSqVLGjFf/aDBBFK4q0y2estHq2PZJnjUfV+oVZT24Bj7/P9+hbRDvYSSuBiBrcw4qYjWp7TOjk
sibviTzAeN2LpUEfr4533+t4QVU8U60jTf/0tCZZM/hmDibihJvdpyvQn9gHqAhQbYAnT+o9lYdA
n9f6YqxAG2qx3+dwhOXoT4idQE+OJ8YBAStQ1zx0S0WN+j5NNdZ6+dA7o6qaWsrNT9kgPk9FXQ5O
+0v43jdMhyR2fbUDw6HQyBe8SX4ttXMoI2U9Wet8sSEou/sy+Pjh3dHl6ccvdw62e//Ti2rLIj4/
E0UvLcual72Cy7Mbe/Gi/Q5/ToFeCDR679LqvKWzg+jpM9/Oz3rnRDe3GnQZPT8icuYUbCtwf+hn
5+0vpvKIaHXSoDzKfV8e0Ctfg1Xn18pj9giE0xySlHZoflvxvD0f/b97ql6knese0/YM7hWEkozL
M+ENmJh+ZaLK5QE6GrQ9lHANqItMv2fNaZir+yTNmpM2V5Dx1DhlfkJKg5YUfMJcB8iz45W8+Epe
pnHzDwboPynbI+112IyaXH9cHblsPKkmuTRBLK2nOmQ4eK/fThflfzJ1NH571VNnf+I+BB69vjxn
37Ucy4fLv12wNz2fUvgv9Ljnu4nHfMxdmlgJ9vzECTjyfCoPSgdx/5s8uVE7sXE14IKo9cdtaHmX
zprdRFeV3O+ag8xXv4bb26m5JkKygy3LRgjLxG5w8sGYKia+Kla6QACl5nLKf9ulLI0fNq+d/3Jp
zFGHAriVZ8ebbAHwpkg70qGdMi+dFZL/hgIQPDGFc60bX+mkzq/1E/zlFKXj5mT/NiCX08TKNjSV
E6D2NFm8PEVeynGxmFVCAZpD48bs3pqnhpioubF10Op803HdCOOSnC+gXb0PAwoBiDabf/zxvyJZ
dgY=
===END CRASH DUMP===
