PocketMine-MP Crash Dump Fri Nov 20 18:59:55 +07 2020

Error: Class 'DOLNapTheUI\Main' not found
File: plugins/ScoreHud/src/JackMD/ScoreHud/Main
Line: 211
Type: Error

THIS CRASH WAS CAUSED BY A PLUGIN
BAD PLUGIN: ScoreHud v2.0.0

Code:

Backtrace:
#0 plugins/ScoreHud/src/JackMD/ScoreHud/Main(191): JackMD\ScoreHud\Main->process(object koth\KothPlayer, string[36]  ..l..6... ..cT..n: ..rRichHaoGaming)
#1 plugins/ScoreHud/src/JackMD/ScoreHud/Main(174): JackMD\ScoreHud\Main->updateScore(object koth\KothPlayer)
#2 plugins/ScoreHud/src/JackMD/ScoreHud/task/ScoreUpdateTask(71): JackMD\ScoreHud\Main->addScore(object koth\KothPlayer, string[70] ..c..l.....e>> ..l..bs......e....oc......a....c.....a.. ..e..l<<..c...)
#3 src/pocketmine/scheduler/TaskHandler(137): JackMD\ScoreHud\task\ScoreUpdateTask->onRun(integer 361)
#4 src/pocketmine/scheduler/TaskScheduler(179): pocketmine\scheduler\TaskHandler->run(integer 361)
#5 src/pocketmine/plugin/PluginManager(654): pocketmine\scheduler\TaskScheduler->mainThreadHeartbeat(integer 361)
#6 src/pocketmine/Server(2391): pocketmine\plugin\PluginManager->tickSchedulers(integer 361)
#7 src/pocketmine/Server(2154): pocketmine\Server->tick()
#8 src/pocketmine/Server(1994): pocketmine\Server->tickProcessor()
#9 src/pocketmine/Server(1588): pocketmine\Server->start()
#10 src/pocketmine/PocketMine(273): pocketmine\Server->__construct(object BaseClassLoader, object pocketmine\utils\MainLogger, string[54] C:\Users\Administrator\Desktop\SkyBlock\SkyBlock 1.16\, string[62] C:\Users\Administrator\Desktop\SkyBlock\SkyBlock 1.16\plugins\)
#11 src/pocketmine/PocketMine(304): pocketmine\server()

PocketMine-MP version: 3.15.2 [Protocol 408]
Git commit: 0000000000000000000000000000000000000000
uname -a: Windows NT WIN-4P2C3VGUPNN 6.3 build 9600 (Windows Server 2012 R2 Standard Edition) AMD64
PHP Version: 7.3.23
Zend version: 3.3.23
OS : WINNT, win
Composer libraries: 
- adhocore/json-comment 0.1.0@8448076039389f558f39ad0553aab87db3f81614
- ocramius/package-versions 1.5.1@1d32342b8c1eb27353c8887c366147b4c2da673c
- pocketmine/binaryutils 0.1.12@566fa87829e007eda0bd96e39fe20b9b0d638132
- pocketmine/callback-validator 1.0.2@8321aa3ccfe63639b0d08f0cbf270755cfc99fe2
- pocketmine/classloader 0.1.1@7c0363491d1ce8f914fe96d41a4338c982adedff
- pocketmine/log 0.2.0@e59bedb5d4bbeb9a26647cb7c367cb2fa72addfa
- pocketmine/log-pthreads 0.1.1@9bbcef398b01487ab47c234a6a7054722abbe067
- pocketmine/math 0.2.5@8c46cfa95351fb0b2b30739a381310941934b55f
- pocketmine/nbt 0.2.15@f8a81d37d24eb79fb77d985a52549d68955bc6a1
- pocketmine/raklib 0.12.9@5f2a02009f486ca4d90892814570fa13ebdc078d
- pocketmine/snooze 0.1.3@849510fa62e57512b8467e3694e9b3add97038fd
- pocketmine/spl 0.4.1@ff0579a0be41bbe65d3637607715c0f87728a838
- doctrine/instantiator 1.3.1@f350df0268e904597e3bd9c4685c53e0e333feea
- myclabs/deep-copy 1.10.1@969b211f9a51aa1f6c01d1d2aef56d3bd91598e5
- nikic/php-parser v4.10.2@658f1be311a230e0907f5dfe0213742aff0596de
- phar-io/manifest 2.0.1@85265efd3af7ba3ca4b2a2c34dbfc5788dd29133
- phar-io/version 3.0.2@c6bb6825def89e0a32220f88337f8ceaf1975fa0
- phpdocumentor/reflection-common 2.2.0@1d01c49d4ed62f25aa84a747ad35d5a16924662b
- phpdocumentor/reflection-docblock 5.2.2@069a785b2141f5bcf49f3e353548dc1cce6df556
- phpdocumentor/type-resolver 1.4.0@6a467b8989322d92aa1c8bf2bebcc6e5c2ba55c0
- phpspec/prophecy 1.12.1@8ce87516be71aae9b956f81906aaf0338e0d8a2d
- phpstan/phpstan 0.12.48@d364cfbac9ffd869570cdfea7eaa6541c3dac666
- phpstan/phpstan-phpunit 0.12.16@1dd916d181b0539dea5cd37e91546afb8b107e17
- phpstan/phpstan-strict-rules 0.12.5@334898a32217e4605e0f9cfa3d3fc3101bda26be
- phpunit/php-code-coverage 9.2.0@53a4b737e83be724efd2bc4e7b929b9a30c48972
- phpunit/php-file-iterator 3.0.5@aa4be8575f26070b100fccb67faabb28f21f66f8
- phpunit/php-invoker 3.1.1@5a10147d0aaf65b58940a0b72f71c9ac0423cc67
- phpunit/php-text-template 2.0.3@18c887016e60e52477e54534956d7b47bc52cd84
- phpunit/php-timer 5.0.2@c9ff14f493699e2f6adee9fd06a0245b276643b7
- phpunit/phpunit 9.4.0@ef533467a7974c4b6c354f3eff42a115910bd4e5
- sebastian/cli-parser 1.0.1@442e7c7e687e42adc03470c7b668bc4b2402c0b2
- sebastian/code-unit 1.0.7@59236be62b1bb9919e6d7f60b0b832dc05cef9ab
- sebastian/code-unit-reverse-lookup 2.0.3@ac91f01ccec49fb77bdc6fd1e548bc70f7faa3e5
- sebastian/comparator 4.0.5@7a8ff306445707539c1a6397372a982a1ec55120
- sebastian/complexity 2.0.1@ba8cc2da0c0bfbc813d03b56406734030c7f1eff
- sebastian/diff 4.0.3@ffc949a1a2aae270ea064453d7535b82e4c32092
- sebastian/environment 5.1.3@388b6ced16caa751030f6a69e588299fa09200ac
- sebastian/exporter 4.0.3@d89cc98761b8cb5a1a235a6b703ae50d34080e65
- sebastian/global-state 5.0.1@ea779cb749a478b22a2564ac41cd7bda79c78dc7
- sebastian/lines-of-code 1.0.1@6514b8f21906b8b46f520d1fbd17a4523fa59a54
- sebastian/object-enumerator 4.0.3@f6f5957013d84725427d361507e13513702888a4
- sebastian/object-reflector 2.0.3@d9d0ab3b12acb1768bc1e0a89b23c90d2043cbe5
- sebastian/recursion-context 4.0.3@ed8c9cd355089134bc9cba421b5cfdd58f0eaef7
- sebastian/resource-operations 3.0.3@0f4443cb3a1d92ce809899753bc0d5d5a8dd19a8
- sebastian/type 2.3.0@fa592377f3923946cb90bf1f6a71ba2e5f229909
- sebastian/version 3.0.2@c6c1022351a901512170118436c764e473f6de8c
- symfony/polyfill-ctype v1.18.1@1c302646f6efc070cd46856e600e5e0684d6b454
- theseer/tokenizer 1.2.0@75a63c33a8577608444246075ea0af0d052e452a
- webmozart/assert 1.9.1@bafc69caeb4d49c39fd0779086c03a3738cbb389
- pocketmine/pocketmine-mp 3.15.2@d7a66ad7559f23d24ffe95813421a720203109b1

Loaded plugins:
Slapper 1.6.1 by jojoe77777 for API(s) 3.13.0
DevTools 1.13.0 by PocketMine Team for API(s) 3.0.0
SimpleWarp 4.0.1 by Falkirks for API(s) 3.0.0
AutoXP 1.0.1 by JackMD for API(s) 3.0.0
VanillaEntityAI 1.0.0-alpha5 by jasonwynn10 for API(s) 3.0.0
KillRegen 1.1.0 by NashanPlaysYT for API(s) 3.4.0, 3.3.0, 3.2.0, 3.1.0, 3.6.0
KhungLong 1.0.0 by xXNiceYT for API(s) 3.0.0
RedstoneCircuit 2.0.0 by tedo0627 for API(s) 3.6.0
NameTag 1 by MTwins for API(s) 3.0.0, 4.0.0
PM-Beacons 1.0.5-1 by jasonwynn10 for API(s) 3.0.0
NoFallDamage 1.0 by DeveloperNeb101 for API(s) 3.0.0
StairSeat 1.5.5 by korado531m7 for API(s) 3.14.0
KeepInventory 1.0 by KhoaGamingPro for API(s) 3.0.0
WorldProtect 2.3.8 by aliuly for API(s) 3.0.0
BlockProtect 1.0.0 by DarkByx for API(s) 3.3.1, 3.3.4, 4.0.0
MineReset 3.2.0 by Falk for API(s) 3.0.0
RenameItems 1.1 by Wertzui123 for API(s) 3.0.0
NoAdvertisingPE 1.0.1 by Vaivez66 for API(s) 3.0.0
Worlds 3.0.6 by survanetwork for API(s) 3.0.0
MSpawns 2.2 by EvolSoft for API(s) 3.0.0
MaxEnchants 1.2.1 by Xenophilicy for API(s) 3.0.0
BuilderTools 1.2.0-beta2 by CzechPMDevs, VixikCZ for API(s) 3.0.0
InvCrashFix 0.0.1 by  for API(s) 3.14.0
ARQuest 0.2 by phuongaz for API(s) 3.9.0
ShellyEssentials 1.0.2 by Shelly7w7 and BlazeTheDev for API(s) 3.0.0
MapImageEngine 1.1.3 by FaigerSYS for API(s) 3.0.0
Eff 2 by AmGM for API(s) 2.0.0, 3.0.0
AutoFix 1 by Noob for API(s) 2.0.0, 3.0.0
BuyceUIEF 0.4 by UnknownOre for API(s) 3.0.0
EconomyAPI 5.7.2 by onebone for API(s) 3.0.0
PiggyCustomEnchants 1.4.6 by DaPigGuy for API(s) 3.2.0
InvSee 1.0.0 by BlockHorizons for API(s) 3.0.0
1vs1 1.0.1 by VixikHD for API(s) 3.0.0, 4.0.0
LoadWorlds 1.1 by shin for API(s) 3.0.0
KitUI 1.3.5 by Infernus101 for API(s) 3.4.0
Marry 1.0.0 by GreenJajot for API(s) 3.0.0
TheoDoi 1.2.0 by HotshotHD & CodeRed2019 for API(s) 3.0.0
OreGenerator 2.0.0 by vividmemory for API(s) 3.0.0
CachMuaLand 1.2 by Noob for API(s) 3.1.1
AutoInv 1.0.0 by Nope for API(s) 3.0.0
Kickk 1.1 by MCPEVN-TEAM for API(s) 3.0.0
KingOfTheHill 3.0.0-ALPHA1 by Tethered, iZeaoGamer for API(s) 3.0.0
MuaDanhHieu 3.5 by BlackPMFury for API(s) 3.0.0, 3.2.0
Sell 2 by Muqsit for API(s) 3.0.0
PECollide 1 by saxavlax001 for API(s) 3.0.0
GCPClan 1.1 by InstantlyTa for API(s) 3.0.0, 4.0.0
PlayerVaults 3.2.0 by  for API(s) 3.0.0
QuyenVipUI 1.2 by NightBlackDM for API(s) 3.1.1
PurePerms 1.4.2 by 64FF00 & ProjectInfinity for API(s) 3.0.0
SizePlayer 1.0.3 by  for API(s) 3.0.0
TableSpoon 0.0.7-ALPHA by CortexPE, Xenophilicy, HyperFlareMC for API(s) 3.13.0
Weapons 1.12.0c by xBeastMode for API(s) 3.0.0
CustomAlerts 2.1 by EvolSoft for API(s) 3.0.0
GiftCode 1 by ZulfahmiFjr for API(s) 3.0.0, 4.0.0
PHP-Sell 1.2.7 by Muqsit for API(s) 3.0.0-ALPHA9, 3.0.0-ALPHA10, 3.0.0-ALPHA11, 3.0.0-ALPHA12, 3.0.0
ScoreHud 2.0.0 by JackMD for API(s) 3.0.0
BuyFix 1.0.0 by HumYaiJang for API(s) 3.0.6
SkyBlock 1 by KhoaGamingPro for API(s) 3.0.0
NoTP 1.0.7 by awzaw for API(s) 3.0.0
SETVIP 2.3 by MCPEVN TEAM for API(s) 3.0.0
AntiTNT 0.1 by Adam1609 for API(s) 3.0.0
EnchantUI 0.4 by UnknownOre for API(s) 3.0.0
ChoDenUI 3.5 by BlackPMFury for API(s) 3.0.0, 3.2.0
SlapperRotation 1.2.1 by jojoe77777 for API(s) 3.0.0
AutoClearLagg 3.1.0 by Twisted for API(s) 3.0.0
ChongBug 1.0.0 by shin1134 for API(s) 3.0.0
SkyBlockUI 2.0 KSCore by KaysilGMVN for API(s) 3.0.0
DEVirion 1.2.5-ALPHA12 by poggit, SOFe for API(s) 3.0.1
AuctionHouse 1.2.3 by Shock95x for API(s) 3.0.0
Minerloot 1.0.0 by Distoxicqted for API(s) 3.1.4
Eternity 1 by minefore and shin1134 for API(s) 3.9.0
essentialsTP 1.2.2 by  for API(s) 3.0.0
OrionTasks 1.0.0 by Clik for API(s) 3.0.0
Banking_vonfram 1 by Noob for API(s) 3.0.0
DanhHieu 3.0.0 by padreon for API(s) 3.0.0
AntiSpam 1.3 by xBeastMode for API(s) 3.0.0
sblevel 0.1 by AmGM-Encode for API(s) 3.0.0, 2.0.0
DeTuMF 3.0.0 by CLADevs And Shin1134 for API(s) 3.0.0
ShinPickaxeLevel 6.0.0 by shin for API(s) 3.0.0
MenuUI 2.0 KSCore by KaysilGMVN for API(s) 3.0.0
ItemDropText 1.0.0 by AlexItz16 for API(s) 1.0.0, 3.0.0, 4.0.0
Alias 1.2.0 by Ghast Noob for API(s) 3.0.0
PointAPI 2.0.9 by onebone for API(s) 3.0.0
MuaCoinUI 3.5 by BlackPMFury for API(s) 3.0.0, 3.2.0
NameCorrector 1.0.0#build011 by PEMapModder for API(s) 3.0.0
ShopUI 0.0.1 by InstantlyTa for API(s) 3.0.0
Warps 2.0 KSCore by KaysilGMVN for API(s) 3.0.0
iProtector 3.1.1 by LDX for API(s) 3.0.0
FormAPI 1.1 by jojoe77777 for API(s) 3.0.0
MysteryCrate 9.1.1 by JackMD, DaPigGuy for API(s) 3.9.0
BlackSmithFGC 1.0.0 by  for API(s) 3.0.0
PureChat 1.4.11 by 64FF00 for API(s) 3.0.0
RankShopSystem 1.0.0 by zZPROGAMERZz423 | §eFor issues report by §2Visiting GitHub.com/zZPROGAMERZz423 for API(s) 3.0.0

----------------------REPORT THE DATA BELOW THIS LINE-----------------------

===BEGIN CRASH DUMP===
eNrtPQ1v2ziyf8XIHt51gdoh9a3isEiapEmuTepL3HZ3T4uCIilbG1n06SOJc2//+xtSsk0qqeMk
LhYP2OI2lsbWcIbzPaR4/91JRDEl1ddrXpSpyHfe2K93qnTKd95gD7mBb7uh+3onI2V1VBSi2Hnz
351qPoOvd5r71ztTXpZkLCEH8LOy9/fDjx/OyWw04Z9Oo+iMpPnfe7moeomocwa/T+ose5dm6oE3
UfSphJGjaJ9N0zwtq4JUooiiQ15eVWIWRZdX87eZoFerqx4eYC+KZlk9TnN48pKKgp/ULIrKgkbR
Pwm9OjvUwZKEwWwyk2M347bP7i5+swtP7jYPrmDyMXgkS3N4xMIY5qUgFK7/vfMD6m2M4hUO8Y9v
eg+T1f9pVggKE/hKxL9zWvWuRDWJovfwd5iROS9e92BK0nz8b9v7rdcbDLLBwBsMBnBFR4NB/gYu
iouUTk6IOCYwg+MfgeQf8FPI85015NUzRiquoN8iUY1obTZiRcqr5u6TQjyC+1f+uvkhjK0dfTlB
PvpNzoqaIvjHf/qpma64HDQA+UfQ5obIP3Rx2VPfZv/4RwNTDNk9Sf8M9I1XMK98t6QTzuqMF7uS
6BOSM7h+hW3/QeIlo+39itP+TyK/qPNXaV7xMS96tofVWM76sS4XdyCrEEZb/RBUfvFdFGlk9X8q
HhjG7Q7TiGx3qD7OSA5WXLzyXGf9GEty+j9NQUSjScEJO+GkqGJOqnujet1RL3kBzuaVZSu70Adq
6Ikig6D+T1VKV4OW9wbwvzUAvsdJ802D8ZV6OPjGwzgM1z08bKxWFA2W8FtY3CD4Bpaygglrnsao
+/hQXZ7B5SvLt7+B4etXKnJQ/ppWC+N4S0qunPAHQZi0jRauP15XaVY21vVBjMeaBbnOb72XeOQl
Is96GaKla2+mB6+ZHhvd09Zm6n/c+e2P1zt8WzHrBXEDyGie+5rm1yK75lOeV4CMpQXIZmfxLUAW
KABGBZOR5re/gs5fQeevoPNX0Pkr6Pw/CTqvd8Y85wXJZNTJiSykdlaP9s+GgD2GGVsVXDv2ALsD
S8LrNGNQeAUYSq60/Mr49c6bhGQlhyBRiEpQAWgdFMAgqQwhaMN/gLtuafmS5kzclL3zUe/L6Xnf
GVoH9ufjT8Pz8543sHuKhF7oIdR7tfhpI/uehbDVu7B6lxXYOylY74ilFXDwY2//7NBzZCCDGuvN
jj+wB5YNt3ccYqdkr72Hr7+KUtJwen4+AoC6uVHRkorpTMAsfs3SuCBFyks5f4RNhPRmu7+XIu/D
b9rQiQZ4gPYCxwmQ7yE7tIMwcd0gsUPCkOvahMSBz2I7CbCHJWWCFhCo6nJ3Bk4TDLzfzr4kAA/c
Ad7DzLZsx4oDinkM+u/aNAgCn9oeYPBjh1qMeL5NJR8rpYjTnBRzpd0tWdjacz0vIYEfWCFHyOeM
oJiFHrfDhFsoDmPEPDvAtmWioiTLYqCuf02ylEmtVbShgbUX2BYmxKY04Z7t2RIDChJE48Tyke+6
NKGhRN5BKG0yUza5oG3PpwgQOCFmmPIgCbGT8NBjDiaObQc0DCz4OUsSE1MmxgqDBZPO3TDmLHaZ
E8c8DonleY5PYzlR8GElxAcULCH3MPRnlXLay4naC+OYcpBZECPsBD6JARHIgHjER67jWxaBIZDn
m6impJq01Lh7AXU8mpDQtV2cxCi2Yhv5oAVyfjEKHRzaTuy6HX7yuGoxYHcvCUgAwveZ5fDYD5PY
91kYuMS1XCdkXhC6bkw9gk0UBbkCTW1YsQbhnptYBFkIhYkTeJQ4LERBaAXYcX2UEGzzmFHkB8zE
UuZC3PF2QmxQ6NDF8HPP4q7vYlBGx/O57YUOD2MbpjX0kR0kXSSzTGFwYEqTBLl+CArHHQyT57kM
xA0m4vvYpSgJfN8Cdu0AMDBBpePku+D0wKKrdKlytkRku4glyPICHiLHDYEMUGKY7cClrs0Rt207
4VyKeToHTYvLXcb5DGx0NldIMJIS9sIYMuAkJC4oME48ikDzmEV44npMYsRuGHAXsOTpVQr+djLr
z0hRKpW9diQWa88Dy8YxtzEmlo04CpGfuCzhyIJEyLGIZBqUmCsXQ4p+KkBJ8jThpRQzKC1QEriW
5/KE2STxYzAl4sQWsajtsDihrh8EjFkhtm0Nh+6gJRnUi2MvsFzGkwAsm9iWZcGUBrbtJwHlJMGh
7yYENZ4OpreW3koUuwVPMgiIaevCFEpLGRNmCFPQMoczz0osl5DAIb7jE2a7zCXYCy3H86x4HUqA
xjKMAVKIIkAn8kLiBy5MvIMT0N3ECRObg0NznYBRTCn3GHhL7x5SWSP1C17KGqXRBAdo9AgoYRyE
QQgMs9ACOdIAPA9YP6Ued6kVE3BBLdvljIMUCzGbcNoqgiWnH7wNaLQXcx8UAbQ5dD1wziHyCEkQ
uB6OWEAs1iIBfdxtPxcm5gR7oMsOTcBHhknCAi8E06KgBsTnhEACianNCPU87z6SPnzWeVotkGEP
ph6Uz2MQa2Pk2iHjxKXgBThopOORJA5iDL4b+w8gkwkHrfoFZIblAqO7Z9sOTJLUCuxzx0MuR0kI
vslmdkLBGeGYgbOMGy1V1Chtl4Ue/IEZb+rRUCkGhDAn9oGcwIYpA8+UMCumDvfj0ILJIzaiMJpv
dZDJMrWfVrxobVkqrrtHABcPwKMkFngCBIyhhNLY8xOIk7EVJBZYJoijg0xWq1e8QSPdNegj+Gmf
IRCZ58ZuEDoIPI1vJT6mIaHIsSBEeX4HTcVvK/gznWVQkLT2aO/hAMKrj7DHPcRdy/F97jouRCbw
CxBt/Zi6FmWB00WWThVFbmORoAgQwZwQXGTIrcSD4MXDhIFWIcsBC/AhONlxh6JWEUKl3eCIQHCe
T/zQd6gTexTMBMwlScCxYPBOGIK3ozxUySFvAzeZQ2RNV14KK//iOBb3qc+9AIQPERDirAPq6cee
F4DgYstBFoX4ZOKRsm/JkWj8PTe0bNARMHlw32GIQ7BVP/EQhDZIAgCrCxEzJPHDaMB4pdPi/UyI
q3q2nGywGJwgafngbGSAg2DkJQzDlANxEKCkJthdJiEjIwtFcpQi+SRIEht5joxqPlgNxQTSEdBT
i8jUAXPqQthC9/Bk/Dat5ktnHJOAynwKwYwkMYVYzZAdu54Dwd52ECi3n2CuspAVHpYCoKHEhjhH
QyckEBDAm0ASxImiymZAlRsHFneobaHQnG6eX6eFyNsc0lUh1w4CkDlnGII2AQ8Fg4MaeSGHIsqC
pIoAEoQINRHdzkRR8WJJDgtCCsmT72HIH2NX0mW7xIshXBMOgRSYChBEYwPLOBMxycCbNHbhqqkB
b+aHkE4Bc44fxJADWTAvhIJ3A7tgoKYUsgjqG5hkq6nsi6TfdI1alfRc7MTSuMHLgjtzvMS1EIM0
iWGfOK5lJ8SFwOwYqJrarc9zCAq68GHK4XnpckFYASRnrmP54JCxK70kZF+2jyxImMmD6NpwpbA1
KslC8COxHWOL0Bj70kgwxNQA8gWbhohZyLFp3FHJgtNaxWRgNJd+ZUkcZ5C8gv92XUi7MOR8cBcT
x8IxJMeMQQIBKsITv4OuFHVBeV/MJK9tOWArhChxHEmBTTDEPIheCAIgxHc7pojJ2AwJAw5JYCBs
m4wWZFBoT86uZfs+JLiWHUKaGoeg7eBpiY9jAhleYoGCodDAcD/noBhZoEyYhAiDbWEQAA4c26O+
53DHtxNIfAKlnvNpIvI5lKzZHOJA1qctOdfgvANZ4VAb8jlQA48nkItC7JTZnHTA4IEhzw4c5sWO
0odqwkvOISOAAJCnd62fk4HJB7W2qW0TiCeQV0IJ5kCKAs4ALBAiOVRfYHuuJfPCGx5PxR0pql2o
Q3jROLlQmX9CvZASHjvMCaktPTZoPYLEGezF9qEQiWMo6cw0d3XZn86WVfMe84kHfh+qoDCxbEji
E6hoXHApIHyoRSAnl4VAjHf+WPZhVWl5mZHZjBdalb6AvN5ZSQEPvIHM/EldTURRyjbs7+J3wX35
Txb7ZJZKIBADApMAnpM441D3VkUNZTvjM6iCy6aVW4qkOtQBspUFo5TNyE1/RLaOoWiTbYOPl6Mv
Hy8+HDaTWabKT0yqala+2d0dp9WkjgfgXndXJO0umABmD/n1SIis1FhcgkweFe0Gk6uORW/EydTg
FD2f0cX4sh+zpKTl9nK0fzH6NHyM1xVlu0scwOxlKqPMF1LMdImugDrD0mV0hPqOZFdpcVW+jFFA
U1ajguRlovToMhM32u0RmIGss7JyeLSzmpSkHTuKSkXvDdAbRQbtaxVCsr9fV+LnocZ6CzDlfI/t
poW8LekuGtLN2M/W5rZ933IAzH2GYi7LyBHMXTXfP9W47H7TZRf1SQblnNuxYFKK/Gae5xi9UN7D
uuBq8JSXP2si1UaIog6RUaSRu0b3Jefv4cELPua5xvMK1jHirg2fk3JCcrlgUf4yMhh11E9lX675
tNpP3H56z9cBbdAoen8h/9tEf99P6nz8QeRjndEl7J5YTUZvfz5PKe/w+BIvleZiM+2VpF9wVlYi
5wdpQWuZyi8Z6H6js2HdZ6PiTCDPMsPKC0RRtMN3WfmWsp0D1SOiS2ABMebfJPpsdCMDanfmXysn
+2zSk/RWhsNmQWETIQzP+m85oSLXo50G7GqQ28ffySd8wwnEipAoWhH0KE/nAqJSdkimqjGwEooO
7vBl8gTxkWcytz3nUPPjLQZxHW0U6RRtbjeXFUmLS050i1nBTMbcQceFX4mCMOHaeNrJwpzn86Xh
hPC7oES73MiRcT47za9VQ22uOzMDvlZs7yeCNMvqw0JsS2gGUvDKOjmby+yLKDIGCCq5cWHFnAE2
vZw9CEzuSJbW2XxbbDXYouhGUjBrKNjE3z2QdpzVaZGkPGN6pbHYX1AVXK48lFD07xrcwqSoRcT7
k2KAH4lgh6S4eju/NWbFVsma/HRe6k51UsAFmYQ9KnSZa19APagzt4LpnC0yiU5ivS1hrxJlKZtC
Dg+y1ijZIFZL+k8rPi2NOL2CdnIqk5kvUMXe1Sm27G2xtMIYRRoZz86dV/h2da5UNNlnwFqVltIH
HBkBxfzmkZrhM0mv+Z3nbWsKFvhkHDEI6QA29k9l1zOVHSVFA89kqayLa5LzCrzI1pRV4WwdE8hz
SchGEm3dzkAhGbSU7f7QIFM2eTkjN0ays4CY7tcyGT26FtklELwtJttBQV2Xo2/gdG9ubgYcKJFY
B9WV4ofcHuUUKofK4EmDmlppdbXyZ56L2STNUrq12KKhlPa4JMW42UQr38o9FbzoNmMMcJc91I95
RTriO7jjdDI8gwRMPvA5vU2vDn7dFrtUIp9NGSCHdLWhrWqaNR1Kn+qUNLJ3DVQwN5CEHBRQM75L
b7Wp0aH6zKB77mhbyd+0/g8wEEVpfk3lyFCBPKX+2L/4V62Wm1cNmBZikt8R6GxSQ31L7gwZhs/n
YoEvitTg7cdG2fiEZ9l81aHSk/LuV90A0WGq+b1/4/dIznpvM3LHRxMO0t+WpnYJ2jx/PSOzU1ml
HOVjtTtX8zTGF93Oit1NatIxLy5/udwWR0uEkhWdku79JkweyXWyJWdHahlNiwkmK/vT4zONi0Vb
4kXcwJBQFUrMeHPRyHaf6QQWkDXdh3Mh4m1TnwPOpofZDL6Be59T/un06J3h2xcw0/4dk/5P+VUu
bvKPBd+WJq0wSretiNhcBkdU5GI63x/qPVYNqPPiDvyu4Yucx/Dftlhp0UURbygAnFFkUPN4Wygd
j+cHdVmJ6QPpxUPfmpbvdDPFQwIPHddmjmG9oJfS4ouiB4jZXHAQLy85NwOoBDxSdqpK8EQU6Z3I
y22JzUAaRQ0lT4ml+LrEGivq9rGaRKZCJ4fbbkNeS7QTFkWghtel0sWPOf9cfnzcET+QBh2TKYF8
bVcxBHzKGblXsGjAtaVoOQEKtySx1Zib152SNTq7zgeVmDUrFdWnU2OVQt6bLNjdLt5pnvAir8tu
c/IFeZyGMooUEU/JDgqjZ9fcP2JDxwXn+T/J72JrRdUKoyS9eEp/DvIscShSjYcF5F59YXJxIqpy
IqqTw97/9A4E4xecWQiHW6stpkxudVVr3AdTdtlcb8IRBLJjtZ++EvpavQF+ZF3lOr1O2ZRPZeN1
S/zow0dRe7lRcnZA6OSsJh+I3Bq/ZEeHdiS1NuFRG/Oey0QGo0VRk+5Ma5I1g2+UqIFT7yRqEvKI
pZyDzLclgOHoPeRon0YfT88/b24e71N6dWU4KXm/1s+eHQyPPp/3R0f7Z1trmiiU0js1o29Adj7+
mIAln6RZZpCvw7s9LtTf/zA82e/wM+LVhBecve6lv3L1+h7Y4ZYYW70lt7HHrckhyScnKa91v6tB
Ta7cbv5C6NXw7F39gGW/fllidjARB0CDDB/t5RNWtrghJnW7pgQ7U62HrRXHMNqJsuxNyR0eHYgs
S5meP65ga6qvktyS64zcou2tLWooo2gGib8iYtMV7OOD4UFG9M0SC8haGz9tXoDI5iOy7QwyXaCu
SBQllFAgJoreHey3VG2SZ8FjMz64zpWs1Ounn0mdmZWMDl6/IrMlQS36ZTM18rUaWb5DadDxqOr9
q57z/HM6M1JHDbg+FqbjSaVcwOHZtmLi59OhXCBTOKNoQcTjJlQXfMgLY1VpBevWlB0+POfdO4Qg
8RoWQu6WhRQ2zeV26S2J6mszAEhnQZF2+Yw6Rj3brouu8Kg9eHe80QBjD94S2M0P7O+hmGq8D3I8
uYducb1R8iwHu5wJoTsQDdhtRPtNgO206OXG8Fu1iqYvSbzeOZlDxvsuIwU/O9jaxlFjiWJFqn79
uNf8wsnM3DizgHS8JrgS2tl59ZaTsjqTu863JL4VxihqyVhebJRfqw7KfsYLw0EaYLNewN93iUwf
GXIJk47nLZYdp0l1IIx4vQStCde/1llCJtP03e/FtsPcYvgnJB0nw34nT1qCurWqv0m+1BhjuOj+
tskv6tzjzr310m7x09Ot5SEfmo9cnfuxtpL9Ptt1zcMvNux4m636FvBIAXhST38h6T9JPu6w4D27
16jGfcLct6/863O/AK2xnC3uyDLb6e1mdpHzubZ7+Gw+zFTzR31usHFTjIbGfo7R/Y3fHRsiN3fk
ZmubsCQy2UmoZs/euNIQJEV0NIIkTBdQA+hsK3uoSu99jyr9kleQBm7UGMmrdHQ+0hsjLcTMHDrK
tc/IFHtoa722dtBNa6Z2scHIwFewP3H1aknE5uYNlfohzw1WlqA/sZGgCFB9BLh6grNqXuW5EJV6
N+3+m0rLbx7ZG/ONN5ZeEvVMAp62ynuQcVJ8IONxp4W4gpuyurdBdnSTlhVQvCVmqgZdFMEQgkoi
MiCiWQLWaXqqS2vJ3C/nWT09O9g18TXqmo/f1mNTXRvQI6FULv9gbDvb21LR4FNauqBg43BqWJwG
7KQzvfeXUB7xTmwl8zLNjs8+n2+NlyUBm+vl4dHntDCNbAnqWper5Y76Xh4xHquXPC4/vus6xGf3
IxqkUXStSIkixhdXGnmPePj9Wh0UcSLqkhsmp4G7PNrdLT0wn6F7u83cR9/jpTUA25GkNSr6JpI+
aYwGtRttWi4yIbqblhvYY9uxwXDFbUr/0/UyeOA8/6WiFc4oqrIn7MqoeKH6QVqAXoDWJK1yj3QC
5qZ2YT3oL16w0WyBPIqmyeac8OWWLSNhNcBdTbS+R5NIHzGKOuNvsCYJ5MlD6UpjRXIJfES7DrJ0
a7uMJa4oUmM/43WOtyS/gqLm67XIk4JM9YKu883me7BexM65WoyUgz/Bdd9fQPrG6tE9ScwIK7jY
2j6KFl0UjdKqyvj+4cUTEiNQwMuZIYMlqLOL4ru34GKJcaraOfJcqBJomMp26oKgqd5P/VbUKWHc
a673dxaQ9dXQ9PisD6n/Q/y8bnsiL8hxoqiMP7RUPK5ZfFSfvTNen1eAR7Tq4MO+3Orc2we/e7nl
PK3FrV57eVLiLQkZpvSK3PIPHbnc+0rnz3s499xm3qmP/YTNOjyvjbyzBfw5Oad8T798SsIp38s5
LMRspE4xWe3b08GPxJH9jN+eVndYfxMHGztgX9jVlcRIQp7gxbKU6EGxuX9k79HxBNxNb5thRA3b
UK0OJt2oIS3SvDJ3vi5B3bZs+F33vTIhz6p82cbXs5ocAPWmgSxhf1YvBCj4lQrphQ9FOkqf0gyR
r6KDIRftKULGK+or+D2L+UG9yIJwJ8oMj87IDGIm297mFw1lFBlUdW4389bCXBNvAevfhVm7kWEd
W3phtm5zBhBRgyouiXn8fTzpFvWFRXX/J7rozRUubd+QNbRNA3Z7VB1RfDj8eWvbcw9/jqLVyM9u
sQOevuxq72pcAKPvRDE1/d4CsnbTzPabiiuMUdSSsLzYyOfN5evZ8wO1FVNzezpYZym8L7V2ge31
w/v8w5evtenEvPSAHIMx9R46wC+n8Lt3xwfGi+g6fH1S8R28xnvyS13LlRSDjiesFNcFP5gYx0Qs
Qd2dNV0/3+x8eZovXG1peeh8J9WFKuUyoNzgcZ2Kuhwe9RfwnW/supHErq62sOdGoZEvtEOpLN3x
pdQFvXjsfPFIKnn36/Di4/H+2dHFr3eOZff+txfVCBGfg/n10rKsedkruDz0sBfP2++szynQm+bj
3nFanbR0dhA9febb+VmZvb5TSYMuUrM1imdOwaYK94d+6NxgPpVnK6sj+uQZ6AN5sq18IV0d/CrP
pyOQq3Eww3ZoyJZ53h4s/t8dFda0A9Fj2h5evYRQknF5mLoBE9OvTFS5PHBBg7an+a0AdZHp96w5
RnJ5n6RZc0TlEjKeGsezQ9pt0JKCOV/rAHnoutIXX+nLNG5O2td/UrZnweuwGTW5vlieVWw8qSa5
NEEsrac65HL4Qb+dzsv/ZOpM+faqpw7NtPqMX/f68oB6FznIh8u/nbI3PZ9S+F/occ93E4/5Fndp
ghLL8xMn4NjzqTxhHNT9b/LIQ+2ow+WAc6Lkb7VrUHfprAmFrloKvWtOAF/+Gm5vp6ZMhGTHQsjG
2JJVw/DwozFVTHxVrHSBAEpNcYLe5WVp/LA5Iu7nM2OOOhTArTx03WQLgDdF2tEO7Xh2meRj+X8+
AARPTOVc2cZXOqnzK/3oezlF6bg5Er/NiuQ0sbKt++QEqBYQixfHr0s9LuazSihAc+TJmN2TeWqo
iZobWwctDwYd140yLsj5Fayr93FICZ1os/nHH/8HUEwcQw==
===END CRASH DUMP===
