PocketMine-MP Crash Dump Fri Nov 20 19:18:46 +07 2020

Error: Class 'DOLNapTheUI\Main' not found
File: plugins/ScoreHud/src/JackMD/ScoreHud/Main
Line: 211
Type: Error

THIS CRASH WAS CAUSED BY A PLUGIN
BAD PLUGIN: ScoreHud v2.0.0

Code:

Backtrace:
#0 plugins/ScoreHud/src/JackMD/ScoreHud/Main(191): JackMD\ScoreHud\Main->process(object koth\KothPlayer, string[36]  ..l..6... ..cT..n: ..rRichHaoGaming)
#1 plugins/ScoreHud/src/JackMD/ScoreHud/Main(174): JackMD\ScoreHud\Main->updateScore(object koth\KothPlayer)
#2 plugins/ScoreHud/src/JackMD/ScoreHud/task/ScoreUpdateTask(71): JackMD\ScoreHud\Main->addScore(object koth\KothPlayer, string[70] ..c..l.....e>> ..l..bs......e....oc......a....c.....a.. ..e..l<<..c...)
#3 src/pocketmine/scheduler/TaskHandler(137): JackMD\ScoreHud\task\ScoreUpdateTask->onRun(integer 241)
#4 src/pocketmine/scheduler/TaskScheduler(179): pocketmine\scheduler\TaskHandler->run(integer 241)
#5 src/pocketmine/plugin/PluginManager(654): pocketmine\scheduler\TaskScheduler->mainThreadHeartbeat(integer 241)
#6 src/pocketmine/Server(2391): pocketmine\plugin\PluginManager->tickSchedulers(integer 241)
#7 src/pocketmine/Server(2154): pocketmine\Server->tick()
#8 src/pocketmine/Server(1994): pocketmine\Server->tickProcessor()
#9 src/pocketmine/Server(1588): pocketmine\Server->start()
#10 src/pocketmine/PocketMine(273): pocketmine\Server->__construct(object BaseClassLoader, object pocketmine\utils\MainLogger, string[54] C:\Users\Administrator\Desktop\SkyBlock\SkyBlock 1.16\, string[62] C:\Users\Administrator\Desktop\SkyBlock\SkyBlock 1.16\plugins\)
#11 src/pocketmine/PocketMine(304): pocketmine\server()

PocketMine-MP version: 3.15.2 [Protocol 408]
Git commit: 0000000000000000000000000000000000000000
uname -a: Windows NT WIN-4P2C3VGUPNN 6.3 build 9600 (Windows Server 2012 R2 Standard Edition) AMD64
PHP Version: 7.3.23
Zend version: 3.3.23
OS : WINNT, win
Composer libraries: 
- adhocore/json-comment 0.1.0@8448076039389f558f39ad0553aab87db3f81614
- ocramius/package-versions 1.5.1@1d32342b8c1eb27353c8887c366147b4c2da673c
- pocketmine/binaryutils 0.1.12@566fa87829e007eda0bd96e39fe20b9b0d638132
- pocketmine/callback-validator 1.0.2@8321aa3ccfe63639b0d08f0cbf270755cfc99fe2
- pocketmine/classloader 0.1.1@7c0363491d1ce8f914fe96d41a4338c982adedff
- pocketmine/log 0.2.0@e59bedb5d4bbeb9a26647cb7c367cb2fa72addfa
- pocketmine/log-pthreads 0.1.1@9bbcef398b01487ab47c234a6a7054722abbe067
- pocketmine/math 0.2.5@8c46cfa95351fb0b2b30739a381310941934b55f
- pocketmine/nbt 0.2.15@f8a81d37d24eb79fb77d985a52549d68955bc6a1
- pocketmine/raklib 0.12.9@5f2a02009f486ca4d90892814570fa13ebdc078d
- pocketmine/snooze 0.1.3@849510fa62e57512b8467e3694e9b3add97038fd
- pocketmine/spl 0.4.1@ff0579a0be41bbe65d3637607715c0f87728a838
- doctrine/instantiator 1.3.1@f350df0268e904597e3bd9c4685c53e0e333feea
- myclabs/deep-copy 1.10.1@969b211f9a51aa1f6c01d1d2aef56d3bd91598e5
- nikic/php-parser v4.10.2@658f1be311a230e0907f5dfe0213742aff0596de
- phar-io/manifest 2.0.1@85265efd3af7ba3ca4b2a2c34dbfc5788dd29133
- phar-io/version 3.0.2@c6bb6825def89e0a32220f88337f8ceaf1975fa0
- phpdocumentor/reflection-common 2.2.0@1d01c49d4ed62f25aa84a747ad35d5a16924662b
- phpdocumentor/reflection-docblock 5.2.2@069a785b2141f5bcf49f3e353548dc1cce6df556
- phpdocumentor/type-resolver 1.4.0@6a467b8989322d92aa1c8bf2bebcc6e5c2ba55c0
- phpspec/prophecy 1.12.1@8ce87516be71aae9b956f81906aaf0338e0d8a2d
- phpstan/phpstan 0.12.48@d364cfbac9ffd869570cdfea7eaa6541c3dac666
- phpstan/phpstan-phpunit 0.12.16@1dd916d181b0539dea5cd37e91546afb8b107e17
- phpstan/phpstan-strict-rules 0.12.5@334898a32217e4605e0f9cfa3d3fc3101bda26be
- phpunit/php-code-coverage 9.2.0@53a4b737e83be724efd2bc4e7b929b9a30c48972
- phpunit/php-file-iterator 3.0.5@aa4be8575f26070b100fccb67faabb28f21f66f8
- phpunit/php-invoker 3.1.1@5a10147d0aaf65b58940a0b72f71c9ac0423cc67
- phpunit/php-text-template 2.0.3@18c887016e60e52477e54534956d7b47bc52cd84
- phpunit/php-timer 5.0.2@c9ff14f493699e2f6adee9fd06a0245b276643b7
- phpunit/phpunit 9.4.0@ef533467a7974c4b6c354f3eff42a115910bd4e5
- sebastian/cli-parser 1.0.1@442e7c7e687e42adc03470c7b668bc4b2402c0b2
- sebastian/code-unit 1.0.7@59236be62b1bb9919e6d7f60b0b832dc05cef9ab
- sebastian/code-unit-reverse-lookup 2.0.3@ac91f01ccec49fb77bdc6fd1e548bc70f7faa3e5
- sebastian/comparator 4.0.5@7a8ff306445707539c1a6397372a982a1ec55120
- sebastian/complexity 2.0.1@ba8cc2da0c0bfbc813d03b56406734030c7f1eff
- sebastian/diff 4.0.3@ffc949a1a2aae270ea064453d7535b82e4c32092
- sebastian/environment 5.1.3@388b6ced16caa751030f6a69e588299fa09200ac
- sebastian/exporter 4.0.3@d89cc98761b8cb5a1a235a6b703ae50d34080e65
- sebastian/global-state 5.0.1@ea779cb749a478b22a2564ac41cd7bda79c78dc7
- sebastian/lines-of-code 1.0.1@6514b8f21906b8b46f520d1fbd17a4523fa59a54
- sebastian/object-enumerator 4.0.3@f6f5957013d84725427d361507e13513702888a4
- sebastian/object-reflector 2.0.3@d9d0ab3b12acb1768bc1e0a89b23c90d2043cbe5
- sebastian/recursion-context 4.0.3@ed8c9cd355089134bc9cba421b5cfdd58f0eaef7
- sebastian/resource-operations 3.0.3@0f4443cb3a1d92ce809899753bc0d5d5a8dd19a8
- sebastian/type 2.3.0@fa592377f3923946cb90bf1f6a71ba2e5f229909
- sebastian/version 3.0.2@c6c1022351a901512170118436c764e473f6de8c
- symfony/polyfill-ctype v1.18.1@1c302646f6efc070cd46856e600e5e0684d6b454
- theseer/tokenizer 1.2.0@75a63c33a8577608444246075ea0af0d052e452a
- webmozart/assert 1.9.1@bafc69caeb4d49c39fd0779086c03a3738cbb389
- pocketmine/pocketmine-mp 3.15.2@d7a66ad7559f23d24ffe95813421a720203109b1

Loaded plugins:
ARQuest 0.2 by phuongaz for API(s) 3.9.0
NameTag 1 by MTwins for API(s) 3.0.0, 4.0.0
MaxEnchants 1.2.1 by Xenophilicy for API(s) 3.0.0
VanillaEntityAI 1.0.0-alpha5 by jasonwynn10 for API(s) 3.0.0
SimpleWarp 4.0.1 by Falkirks for API(s) 3.0.0
KhungLong 1.0.0 by xXNiceYT for API(s) 3.0.0
MSpawns 2.2 by EvolSoft for API(s) 3.0.0
KillRegen 1.1.0 by NashanPlaysYT for API(s) 3.4.0, 3.3.0, 3.2.0, 3.1.0, 3.6.0
BuilderTools 1.2.0-beta2 by CzechPMDevs, VixikCZ for API(s) 3.0.0
InvCrashFix 0.0.1 by  for API(s) 3.14.0
WorldProtect 2.3.8 by aliuly for API(s) 3.0.0
StairSeat 1.5.5 by korado531m7 for API(s) 3.14.0
AutoXP 1.0.1 by JackMD for API(s) 3.0.0
PM-Beacons 1.0.5-1 by jasonwynn10 for API(s) 3.0.0
MineReset 3.2.0 by Falk for API(s) 3.0.0
KeepInventory 1.0 by KhoaGamingPro for API(s) 3.0.0
BlockProtect 1.0.0 by DarkByx for API(s) 3.3.1, 3.3.4, 4.0.0
Worlds 3.0.6 by survanetwork for API(s) 3.0.0
NoFallDamage 1.0 by DeveloperNeb101 for API(s) 3.0.0
RenameItems 1.1 by Wertzui123 for API(s) 3.0.0
RedstoneCircuit 2.0.0 by tedo0627 for API(s) 3.6.0
NoAdvertisingPE 1.0.1 by Vaivez66 for API(s) 3.0.0
DevTools 1.13.0 by PocketMine Team for API(s) 3.0.0
Slapper 1.6.1 by jojoe77777 for API(s) 3.13.0
ItemDropText 1.0.0 by AlexItz16 for API(s) 1.0.0, 3.0.0, 4.0.0
OrionTasks 1.0.0 by Clik for API(s) 3.0.0
TableSpoon 0.0.7-ALPHA by CortexPE, Xenophilicy, HyperFlareMC for API(s) 3.13.0
NoTP 1.0.7 by awzaw for API(s) 3.0.0
iProtector 3.1.1 by LDX for API(s) 3.0.0
sblevel 0.1 by AmGM-Encode for API(s) 3.0.0, 2.0.0
Warps 2.0 KSCore by KaysilGMVN for API(s) 3.0.0
QuyenVipUI 1.2 by NightBlackDM for API(s) 3.1.1
ChongBug 1.0.0 by shin1134 for API(s) 3.0.0
AutoClearLagg 3.1.0 by Twisted for API(s) 3.0.0
AntiTNT 0.1 by Adam1609 for API(s) 3.0.0
DEVirion 1.2.5-ALPHA12 by poggit, SOFe for API(s) 3.0.1
AutoInv 1.0.0 by Nope for API(s) 3.0.0
Marry 1.0.0 by GreenJajot for API(s) 3.0.0
AutoFix 1 by Noob for API(s) 2.0.0, 3.0.0
Alias 1.2.0 by Ghast Noob for API(s) 3.0.0
essentialsTP 1.2.2 by  for API(s) 3.0.0
AntiSpam 1.3 by xBeastMode for API(s) 3.0.0
MapImageEngine 1.1.3 by FaigerSYS for API(s) 3.0.0
PECollide 1 by saxavlax001 for API(s) 3.0.0
ScoreHud 2.0.0 by JackMD for API(s) 3.0.0
FormAPI 1.1 by jojoe77777 for API(s) 3.0.0
Kickk 1.1 by MCPEVN-TEAM for API(s) 3.0.0
Eternity 1 by minefore and shin1134 for API(s) 3.9.0
SlapperRotation 1.2.1 by jojoe77777 for API(s) 3.0.0
EnchantUI 0.4 by UnknownOre for API(s) 3.0.0
SkyBlockUI 2.0 KSCore by KaysilGMVN for API(s) 3.0.0
ChoDenUI 3.5 by BlackPMFury for API(s) 3.0.0, 3.2.0
1vs1 1.0.1 by VixikHD for API(s) 3.0.0, 4.0.0
BuyFix 1.0.0 by HumYaiJang for API(s) 3.0.6
MuaDanhHieu 3.5 by BlackPMFury for API(s) 3.0.0, 3.2.0
CachMuaLand 1.2 by Noob for API(s) 3.1.1
GCPClan 1.1 by InstantlyTa for API(s) 3.0.0, 4.0.0
DeTuMF 3.0.0 by CLADevs And Shin1134 for API(s) 3.0.0
PointAPI 2.0.9 by onebone for API(s) 3.0.0
Sell 2 by Muqsit for API(s) 3.0.0
LoadWorlds 1.1 by shin for API(s) 3.0.0
MenuUI 2.0 KSCore by KaysilGMVN for API(s) 3.0.0
Banking_vonfram 1 by Noob for API(s) 3.0.0
SizePlayer 1.0.3 by  for API(s) 3.0.0
ShellyEssentials 1.0.2 by Shelly7w7 and BlazeTheDev for API(s) 3.0.0
KingOfTheHill 3.0.0-ALPHA1 by Tethered, iZeaoGamer for API(s) 3.0.0
SETVIP 2.3 by MCPEVN TEAM for API(s) 3.0.0
CustomAlerts 2.1 by EvolSoft for API(s) 3.0.0
ShinPickaxeLevel 6.0.0 by shin for API(s) 3.0.0
EconomyAPI 5.7.2 by onebone for API(s) 3.0.0
KitUI 1.3.5 by Infernus101 for API(s) 3.4.0
BuyceUIEF 0.4 by UnknownOre for API(s) 3.0.0
MysteryCrate 9.1.1 by JackMD, DaPigGuy for API(s) 3.9.0
PlayerVaults 3.2.0 by  for API(s) 3.0.0
Weapons 1.12.0c by xBeastMode for API(s) 3.0.0
MuaCoinUI 3.5 by BlackPMFury for API(s) 3.0.0, 3.2.0
DanhHieu 3.0.0 by padreon for API(s) 3.0.0
ShopUI 0.0.1 by InstantlyTa for API(s) 3.0.0
Minerloot 1.0.0 by Distoxicqted for API(s) 3.1.4
PHP-Sell 1.2.7 by Muqsit for API(s) 3.0.0-ALPHA9, 3.0.0-ALPHA10, 3.0.0-ALPHA11, 3.0.0-ALPHA12, 3.0.0
GiftCode 1 by ZulfahmiFjr for API(s) 3.0.0, 4.0.0
Eff 2 by AmGM for API(s) 2.0.0, 3.0.0
PurePerms 1.4.2 by 64FF00 & ProjectInfinity for API(s) 3.0.0
InvSee 1.0.0 by BlockHorizons for API(s) 3.0.0
PiggyCustomEnchants 1.4.6 by DaPigGuy for API(s) 3.2.0
OreGenerator 2.0.0 by vividmemory for API(s) 3.0.0
NameCorrector 1.0.0#build011 by PEMapModder for API(s) 3.0.0
TheoDoi 1.2.0 by HotshotHD & CodeRed2019 for API(s) 3.0.0
SkyBlock 1 by KhoaGamingPro for API(s) 3.0.0
PureChat 1.4.11 by 64FF00 for API(s) 3.0.0
BlackSmithFGC 1.0.0 by  for API(s) 3.0.0
AuctionHouse 1.2.3 by Shock95x for API(s) 3.0.0
RankShopSystem 1.0.0 by zZPROGAMERZz423 | §eFor issues report by §2Visiting GitHub.com/zZPROGAMERZz423 for API(s) 3.0.0

----------------------REPORT THE DATA BELOW THIS LINE-----------------------

===BEGIN CRASH DUMP===
eNrtPYtu2zi2v2J4Fnc7QO2QeqtYFEnzaLJNUm/sdma6GhQUSdlqZMmrRxJn7/z7PaRkm1RS20lc
DC4wxU4sHUmH55Dnzcf+txtl+ZSUX294XsRZ2n1jvu6W8ZR332AH2Z5ruYbzupuQojzO8yzvvvlv
t5zP4HG3vn/dnfKiIGMBOYTXis7fjz6eX5LZaMI/nQXBBYnTv3fSrOxEWZUyeD+qkuQkTuQHb4Lg
UwEtB8EBm8ZpXJQ5KbM8CI54cV1msyAYXs/fJRm9Xl11cB87QTBLqnGcwpdDmuX8tGJBUOQ0CP5J
6PXFkQoWJPRnk5lou263+XZv8c4efLlXf7iCic/gkyRO4RMDY+iXnFC4/nf3J9TZGsUr7OOf33Qe
J6v3dpZnFDrwVRZ+47TsXGflJAg+wN9BQuY8f92BLonT8b9N5/dOp99P+n2n3+/DFR31++kbuMiv
Yjo5Jdl7Aj04/hlI/gk/hTzXWkNeNWOk5BL6PRJli8Z2LZakuK7vPknEI7h/5a7rH8LY2taXHeSi
30WvyC6Cf/zt27q7wqJfA8SfjNY3RPyhi8uOfJr84x81TDJkdgT9M5A3XkK/8r2CTjirEp7vCaJP
Scrg+hU23UeJF4w29ytOe2+z9KpKX8Vpycc87xgWlm1Z69saLu5grHxobfUiiPziWRAoZPXe5o80
Y7ebqYdsbyB/LkgKWpy/cmxrfRtLcnpvpzBEo0nOCTvlJC9DTsoHrTrtVoc8B2PzyjClXqgN1fQE
gUZQ720Z01WjxYMG3O81gB9wUj+pMb6SH3vf+Rj7/rqPB7XWZnmNxf8eFtvzvoOlKKHD6q8xan8+
kJcXcPnKcM3vYPj6lWYpCH9Fy4VyvCMFl0b4PCNM6EYDVz+vyjgpau06z8ZjRYNs6/fOSyzyEpFj
vAzR0rTX3YPXdI+JHkhr3fU/d3//43WX78pnvcBvABn1d1/j9CZLbviUpyUgY3EOY9NdPAXIAgXA
aMaEp/n9L6fzl9P5y+n85XT+cjr/T5zO6+6YpzwnifA6KRGJVHf1ae9iANhD6LFVwtU1+9juGwJe
xQmDxMvD9utuXHxl/Kb7JiJJwcFJ5FmZ0QzQWsiDRmLhQtCW/wB31dDyS5yy7LboXI46v5xd9qyB
cWh+fv9pcHnZcfpmR5LQ8R2EOq8Wr9Zj3zEQNjpXRmdYgr6TnHWOWVwCBz93Di6OHEs4Msix3nTd
vtk3TLi95+A7BXvNPTz+mhWChrPLyxEA5M2t9JY0m84y6MWvSRzmJI95IfqPsEkmrNnetyJLe/BO
4zpRH/fRvmdZHnIdZPqm50e27UWmTxiybZOQ0HNZaEYedrCgLKM5OKqq2JuB0QQF7zW9LwjAfbuP
9zEzDdMyQo9iHoL82yb1PM+lpgMY3NCiBiOOa1LBx0oowjgl+VxKd0MWNvZtx4mI53qGzxFyOSMo
ZL7DTT/iBgr9EDHH9LBp6KgoSZIQqOvdkCRmQmolbahv7HumgQkxKY24YzqmwIC8CNEwMlzk2jaN
qC+QtxAKnUykTi5o23cpAgSWjxmm3It8bEXcd5iFiWWaHvU9A15nUaRjSrKxxGBAp3PbDzkLbWaF
IQ99YjiO5dJQdBT8GBFxAQWLyAMMvVkpjfayo/b9MKQcxswLEbY8l4SACMaAOMRFtuUaBoEmkOPq
qKaknDTU2PsetRwaEd82bRyFKDRCE7kgBaJ/MfIt7JtWaNstftKwbDBgez/yiAeD7zLD4qHrR6Hr
Mt+ziW3Yls8cz7ftkDoE6yhycg2SWrNi9P19OzIIMhDyI8tzKLGYjzzf8LBluygi2OQho8j1mI6l
SLPsnjcdYoJA+zaG1x2D266NQRgtx+Wm41vcD03oVt9Fphe1kcwSicGCLo0iZLs+CBy3MHSeYzMY
blAR18U2RZHnugawa3qAgWVUGE6+B0YPNLqMlyJnCkSmjViEDMfjPrJsH8gAIYbe9mxqmxxx0zQj
zsUwT+cgaWGxxzifgY7O5hIJRmKEHT+ECDjyiQ0CjCOHIpA8ZhAe2Q4TGLHte9wGLGl8HYO9ncx6
M5IXUmRvLIHF2HdAs3HITYyJYSKOfORGNos4MiAQsgwimAYh5tLEkLwXZyAkaRzxQgwzCC1Q4tmG
Y/OImSRyQ1AlYoUGMahpsTCitut5jBk+Nk0Fh2qgBRnUCUPHM2zGIw80m5iGYUCXeqbpRh7lJMK+
a0cE1ZYOurcS1irL93IeJeAQ48aESZSGVCbMEKYgZRZnjhEZNiGeRVzLJcy0mU2w4xuW4xjhOpQA
DYUbA6TgRYBO5PjE9WzoeAtHILuR5UcmB4NmWx6jmFLuMLCWzgOkIkfq5bwQOUotCRbQ6BAQwtDz
PR8YZr4B40g9sDyg/ZQ63KZGSMAENWwXMw6jmGezCaeNIBii+8HagEQ7IXdBEECafdsB4+wjh5AI
genhiHnEYA0SkMe95nehYpa3D7Js0QhspB9FzHN8UC0KYkBcTggEkJiajFDHcR4i6cFvlcblAhl2
oOtB+BwGvjZEtukzTmwKVoCDRFoOiUIvxGC7sfsIMhFw0LKXQ2RYLDDa+6ZpQScJqcAutxxkcxT5
YJtMZkYUjBEOGRjLsJZSSY2UdpHowR/o8Tof9aVggAuzQhfI8UzoMrBMETNCanE39A3oPGIiCq25
RguZSFN7ccnzRpeF4Nr7BHBxDyxKZIAlQMAYiigNHTcCPxkaXmSAZsJwtJCJbPWa12iEuQZ5BDvt
MgRD5tih7fkWAkvjGpGLqU8osgxwUY7bQlPyuxL+TGcJJCSNPpr72AP36iLscAdx27Bcl9uWDZ4J
7AJ4WzektkGZZ7WRxVNJkV1rJAgCeDDLBxPpcyNywHlxP2IgVciwQANccE5m2KKoEQRfSjcYIhg4
xyWu71rUCh0KagLqEkVgWDBYJwzO25IWquAQt4GZTMGzxisrhaV9sSyDu9TljgeDDx4Q/KwF4umG
juPBwIWGhQwK/knHI8a+IUegcfdt3zBBRkDlwXz7PvZBV93IQeDaIAgArDZ4TJ+Ej6MB5RVGi/eS
LLuuZsvOBo3BERKaD8ZGODhwRk7EMHQ5EAcOSkiC2WYSIjKyECRLCpJLvCgykWMJr+aC1lBMIBwB
OTWICB0wpza4LfQAT8Lv4nK+NMYh8aiIpxD0SBRS8NUMmaHtWODsTQuBcLsR5jIKWeFhMQBqSkzw
c9S3fAIOAawJBEGcSKpMBlTZoWdwi5oG8vXu5ulNnGdpE0Pa0uWangdjzhkGp03AQkHjIEaOzyGJ
MiCoIoAEIUJ1RHezLC95viSHeT6F4Ml1MMSPoS3oMm3ihOCuCQdHCkx5CLyxhmWcZCFJwJrUemHL
rgFr5voQTgFzluuFEAMZ0C+EgnUDvWAgphSiCOpqmESpqehlUa+uGjUi6djYCoVyg5UFc2Y5kW0g
BmESwy6xbMOMiA2O2dJQ1blbj6fgFNTBhy6H74XJhcHyIDizLcMFg4xtYSUh+jJdZEDATB5F17gr
ia0WSeaDHQnNEBuEhtgVSoLBp3oQL5jUR8xAlknDlkjmnFbSJwOjqbArS+I4g+AV7LdtQ9iFIeaD
u5BYBg4hOGYMAggQER65LXRFVuWU97KZ4LVJB0yJEEWWJSgwCQafB94LgQME/26GFDHhmyFgwD7x
NIRNkdGACArti941TNeFANcwfQhTQx+kHSwtcXFIIMKLDBAw5GsYHsYcFCMDhAkTH2HQLQwDgD3L
dKjrWNxyzQgCH0+K53waZekcUtZkDn4g6dGGnBsw3p7IcKgJ8RyIgcMjiEXBd4poThhgsMAQZ3sW
c0JLykM54QXnEBGAA0jj+8bOCcfkglib1DQJ+BOIKyEFsyBEAWMAGgieHLIv0D3bEHHhLQ+n2T3J
yz3IQ3heGzlfqn9EHZ8SHlrM8qkpLDZIPYLAGfTFdCERCUNI6fQwd3XZm86WWfM+c4kDdh+yID8y
TAjiI8hobDApMPiQi0BMLhKBEHf/WNZhZWp5cPWvSgaIyyx9AXndXY0Cknk5qcpJlheiCDubVFk6
Jvci0SezWIBMYAqJe56SMOGQ8pZ5BRk74zNIgIu6iltkUXmkAkQVS1SUG3xBIBtvfkT5GBI3UTr4
OBz98vHq/Kju0CKWtqILvFwC1SMyVhhYQFQGsE7+xehW8K8Sj/rCXlvy95lMRPGdqNPV9Z9taL8g
d8cpnUDWUSj0q1CNB5Go6Xz8ylMIMeMkhiCzzcwzmVBQikLVkhTtZhvmPkPukSTkGFKqcn5wpjDY
fqIzCbT3SALZh63z+o0UWXo7T1OMXsZrd1DlXDYe8+LX7op1pYUgaBEZBAq5De/D0cHV6NPgAefD
WLj6X0g+U5hWgCq/QuBag3pCkus4vy5eyOUJ2NJRTtIiksI4TLJb5fYYbJFIdpNicKx0QdS0HQSF
pPcW6A0CjfaNA/9hUqXjc1BnhfsV7MFg68zf/XoZU/7baFfifBSnWV1w3UohhzNym2rK2EBUso22
NTy+yZIhELAroptGge5l62tEblKWs+LN3t7t7W2fAyUCa7+8lkMBInzFxzxVh2IJ04cCt4fikhSg
7GKmp2iNhyVfFQXN+tdofnHz6zyfdaXRIPhwJf7bZuDeiXotz0dZlqijp4HbthT1Ql6S1lAe3nM6
GVwc8Rvxwef4Lr4+/LKrcaUC+WzKAHkQhDVtpaAtCFqUrmV4MeDjuJxUYR8yiz2F7D0NFfTNWXpz
mEO3nsR3SteoUN3Vtw2Syjy2ns/9tPoPMBAEkFBT0TK4y6c4y1+yPGGDPCvFbPGKDw2sa6nZ9/TB
JUlcJTvzlDW2ILgVFMxqCtqmZp2+KsN3UcV5FPOEqeHdYlK3zLko9xaQae1p3ApXU5I4H3Ki9sgK
pku83W951OssJyyzTTx1u7saZAUn+I0FJcrlNkN9UJXZrwM1Jq0Bbd/Rcpz1TPCuhncxr1y3vZ0P
eWRom1n4hgNgbnDRe8cJzTQ3owDbTNo9/IMCoe9EPqEkBEzSkqDNfhPk9QpyJVUMVzCVo4WzaMU7
u2JkFb8IFcpF8zByCiWboxfOZ2AbZSl4rrpNDd4aJJ2hD5OM1AtCQFN3xZmGFNyiSs72AY6c6X1o
RDXwhgjtiOTX7+Z3Gl+mVEXxa700iVJJARnUCdvOSRRt91C0RBD1HZ2nospvSMpLMOU7E0WJs/EO
II9LQrYyII3t70sk/YayvZ9qZDLtzUBtkiMyleXyVe6rgtcKKYQKPBEVn0seYoR3Fm/raINApWh7
Ob3igqGzkk/VwVShreBVZ+4XiKvuqxgb5q74WmEMAoWMZ7uFFb49lSvJOivKLOWHcU6ruNTY15/o
0c4DRS05y5Bj6L79BaF53jS/TYxTi+gBAwLLuBBG61iTUv3JBr/+mcQ3/N5xdjWWC3xCODVCWoBt
BBXkvZ10LEEtETXbA7RaD9MZcTLdoQqO6qRCoeRp8eiKsr0lDhFtJmQ247kaazYQnVWnPYLfsm8Z
d8U/PdA0X2Be65afrYArkvYWTIhcCbTwKM9mI1lVXyVLKniDfzxI+N1ZeY9VcV28tpMyoyBGELK9
Nf2YA7Vi+aAqpgpwA0eHSbwzryhwBYFs+xnhy0g0OJxlmVrQUIDtRNbtHZwPTg9a7IhJqztpdtT6
6evu6Ryk4CQhOb843JmcavXUFanq9TamdDTQ7OfoYTLktnLd23tyu7NUVyALgjQrZ89WuJogYCZu
4rlMNSQKUI/VHvj286Nfd8UWoAqCVcvPZg3w9C4OB8d7ChfAaAEEQTSkcLmA6HLaYvBg+v6id5zK
ScyHMxTGSxgeTsQS3yI8b6jYHE+TfKaF0/K+FXh0PgxBp3grCSLzIk7eX3y+3FkIJtre3lb8q5rz
9HM8+6ROPSjAVjmwVfuMx5PyXQK5+9GFbgr6+Nlhx9lAJDQSZxAsiNjIx+EkS8fvKrWavgRtMNwF
DDfGprWrERg2+IJAoWCras5hwkl+TsbjVlFnBW9rfYuV0W1cQEC7K07KGl0QQBMZFUQkQERd7FFp
eqolaMg8KOZJNb043NPxic5Iy3h0OVK7oYGstwmMTLGD/F3x3zS6bSh/dPw5zmPN6y5B7bK6Xftc
3J4xzsZjmbMMP5607dqzVapGGgQ3kpQgYHxxpZC3gTcxRBCKtARTQDZo1yWkubsaj8HoAwjfp9HH
s8vPT5iuIrlWo6rvN5D9Puc8/Sf5lu1sumqFUZCePyWgE12tz0ssIGtm7y+zLFRoN7Tg+pk8pICz
Vv+68c2UJzFRPWN9/2COqdX3E1KUnRb9L1Nk0Wzd33LzyTak8+XcrxZVauA2I8Z3p4ReQLzaYhC0
2t88AvDycAZ5s25LJUgn32zNMb/jMAwXj8VXz2TkLhQYp4ARPArQUAANU5GcLgiaqnNc37NEF2R2
Jspkx+lYbppU9Fp70J63Ndv19HjM8+Fvw11xt0Qo5EylpH2/zagNjg+zJImZyt8KtkbrC3JHbhJy
h3ZXrFRQBsGM05qIbZ3icpuqUg5Z7VxdW5r7MTNV+vbNbQbjJMunBwM1QF5A1pZXv1POeckE1BJj
EDQkLC+2mrWJ6fW1tshB3K9lQiRsny97o+ODi52t25Aog2DR+kayj0uep3JJ8JLyJWiNKoi5rQjG
ukNS1nk0yH/BUrwF8iCYRttLUlNDu8pKuYL0YYlw+WTDkrbdy1aLgO15ala7aQnkCqbH65bOxaf0
Os1u04/5zlzMCqNYitYQ8YTxaXZ5aswowD8npV8RsD0nkHoe8VTjYwnSk8jWcgeZeg8uTqp8/khd
pZ6Yfm5VsyFAJsZwtT03+KbACifydtN0iFiUdHq069WrNwLtBJxHlvKbQs7zfEz55+LjZr/+SCL8
nkzJ9eGXPcmQXKA11+P8BrAhWTmtpr+R+J8kHbfYdZ49vyzbfUKOVZEjkk5OY16pEZkC/ROF7hBo
aKROXD5BiQidAA/nJFXDFxW6vjzWzmBeUBZLoDVRWhb517QiSd34Rg7eHw4g4VEdzQKy1uuf1bs8
k/mI7FqB4gXqkgRBRAkFYiCIOTxoqNqoQqBB8NmM92/SempxVF2caBOLEtBey9CerTk/EMsAOwcQ
Gwx3XABscMslNU9ypYMsTks90lyC2rGyr/MDliiE/3bFAsvEFnhh3SDeT7PpHJCCR62vt4w2hzxR
q/ryVuOiFWnKhY8785nQ2qnUmW07X6yxfLAwRgGuVRgRXu5svmXZ5vZTLcKt0NlN2i+zmbTHPK00
598A/sQ5iadEL+9Ieh2n4683WRrlWu2i/WT7AtiLOLiUhlc0/oRgMr7n9QlA2gaHJbDt1M0fUTyS
7Z2L9sQGhcX1VuRPQIXmqx0QKhPtR21WWqpdv+/eujIVA2d/z0cTDjZyd1MuOkHbD9IHEKaPEVBz
GmvWSoc/cCZN9b41+8LLCc85e92Jv3B52hX09I44XB0qtbX4HY8+n6mVywbQWv39WLrf+RHp/pCX
n+OttsYcVkWZTQ8Snms7vjSwzgX+sTtN1JYhjNTpeN6eExFzDGJ6Te74eWv6+8EjlVfn8fnLXc5d
qm0/oQywig2UOoAaMKyYsPtu20TsOH5p0L0kfPkQ6zWN+r5VMm8nMmdpxPO0KtprRV+wV0BBKWpm
T6pnQBpH+aez4xM9pWxgf2JtpiHiCQnmXOzsmB/mcv/7KqxRwSo//sMlMU05GVIGMojH76v5rmqB
i8qySsxLd0JojInUQMYMn0mVaDZRA6/fQbCjUVzsT5rJlm9ky+I8PI2OzStmOJnpezsWkFaYDVzQ
Hz4vtcQYBA0Zy4stix+HkKbp8fYS9mcVPoCCLzQTK5mOsngUP6Xc9kgp5zt1nAfOaEZYzrOd+aMG
XRCM4rJM+MHR1RPi70mmL2tqAOv38a2tfazjQnV262bTgIgKnNGSmK22DeVJlrW3DdWwTftQYghW
7mL6n/ayINy3nr9beIUzCMonBAmD00GvVRZYgtozHu425YE6DvcX6xqasBy17nHr3njpOoinVxfe
x1F5mGnzuUvQmhz2S5VEZDKNT77luy7ELZp/QognztRZxXbyyJ3vlnPE+sxdLz+BJiEGEpjxE2Su
yvmA59oWmRVMlzqrHZY61skJQp3/6QzyTBxOA8FYLOcdd2TfvtYNgANdUKRcPiN6kN82O2JXeOrt
zUPO9Z3NArDBfMh5p9Msj++ztNgV0xrSIKgpecomZwjfxvM6DXvkZJDHnraH2Wnv1nskInyB713g
g8F8SMxTdiTw9/J8WH0VuAbesIbiJr6J2ZRPs3xnMqs2HwTNJd/2FJrDLM/by9p1+AOR/EkeAoBw
yzYOji/IDKI2trsqi4IyCDSqWrdbbcOY8AxCL3UPRgPZsP7tNCshSihPj8DuCAt9xZmB8M5WtdIp
E0eJym1Bh1M2rK+fMj3+yOT4Oie2w52+ekWh2YAFif5cOZ3lYj5I5CJL+bt5hZKwk4cT7XCAJaht
N9oyWJvvp8WJK7v82HE08pzOQnSU2HhzE2dVMTjuLeDd77gOQezqageOQ6KRW6EhQRlO4cWT94fa
XmgVvt6L/IAo+gP5rapEVVGj4ykramV/nkLvcm1ZrQJua6nZLmqD9Pn23S4FWj1uREsZZEtiHb6k
byLoE+twNWo3bxcm6bVIO4aitqBOqrQebIgJ7r8Mrj6+P7g4vvpybxlm5387QYUQcflJlnfioqh4
0cm5OPSwE86bZ8bnGAgBC9B5H5enjcy1ED1dixpZX62AU0MnBbqYQ10jUHoXbCtIf6iHzvXnU3G2
sjyiT5yB3hcn24pdsvLgV3E+Hcmhv0u+UAp+V/K0OVj8v105EacciB7S5vDqJYSShIvD1DVYNv3K
sjIVh0oo0OY0vxWgyhP1ntXHSC7vozipj6hcQsZT7Xj2CUileh+D2N6oAHHoupQXV8rLNKxP2ldf
KZqz4FXYjOpcXy3PKta+lJ1c6CAWV1MVMhycq7fTefGfRJ4p31x15KGZRo/xm05PHFBvIwu5cPm3
M/am41IK//Md7rh25DDX4DaNUGQ4bmR5HDsuFSeMg7j/TRx5qBx1uGxwTuT4G822nPt4VpewbFla
va9PAF++Dbd3U31MMsGOgZCJsSFS2sHRR62rWPZVstIGAijWhxPkLi0K7cX6dLJfL7Q+alEAt+LQ
dZ0tAN7mcUs6lOPZRaCMxf/5ABA80YVzpRtf6aRKr9Wj70UXxeP6SPxmM5PoJlY01lZ0gNwGyMLF
8etCjvP5rMwkoD5NY8wejHmsiYnsG1MFLQ8GHVe1MC7I+QLa1fk4oIROlN7844//A38RHCg=
===END CRASH DUMP===
