PocketMine-MP Crash Dump Mon Dec 7 20:54:26 +07 2020

Error: Argument 2 passed to ShinPickaxeLevel\provider\DataProvider::savePlayer() must be of the type array, null given, called in C:\Users\Administrator\Desktop\SkyBlock 1.16-LOL\plugins\PickaxeLevelV6\src\ShinPickaxeLevel\Main.php on line 92
File: plugins/PickaxeLevelV6/src/ShinPickaxeLevel/provider/DataProvider
Line: 33
Type: TypeError

THIS CRASH WAS CAUSED BY A PLUGIN
BAD PLUGIN: ShinPickaxeLevel v6.0.0

Code:

Backtrace:
#0 plugins/PickaxeLevelV6/src/ShinPickaxeLevel/Main(92): ShinPickaxeLevel\provider\DataProvider->savePlayer(object koth\KothPlayer, NULL )
#1 src/pocketmine/plugin/MethodEventExecutor(42): ShinPickaxeLevel\Main->onQuit(object pocketmine\event\player\PlayerQuitEvent)
#2 src/pocketmine/plugin/RegisteredListener(80): pocketmine\plugin\MethodEventExecutor->execute(object ShinPickaxeLevel\Main, object pocketmine\event\player\PlayerQuitEvent)
#3 src/pocketmine/event/Event(88): pocketmine\plugin\RegisteredListener->callEvent(object pocketmine\event\player\PlayerQuitEvent)
#4 src/pocketmine/Player(3643): pocketmine\event\Event->call()
#5 src/pocketmine/network/mcpe/RakLibInterface(176): pocketmine\Player->close(object pocketmine\lang\TranslationContainer, string[21] Internal server error)
#6 vendor/pocketmine/raklib/src/server/ServerHandler(95): pocketmine\network\mcpe\RakLibInterface->handleEncapsulated(string[19] 14.246.129.31 56441, object raklib\protocol\EncapsulatedPacket, integer 0)
#7 src/pocketmine/network/mcpe/RakLibInterface(109): raklib\server\ServerHandler->handlePacket()
#8 src/pocketmine/network/mcpe/RakLibInterface(99): pocketmine\network\mcpe\RakLibInterface->process()
#9 vendor/pocketmine/snooze/src/SleeperHandler(123): pocketmine\network\mcpe\RakLibInterface->pocketmine\network\mcpe\{closure}()
#10 vendor/pocketmine/snooze/src/SleeperHandler(85): pocketmine\snooze\SleeperHandler->processNotifications()
#11 src/pocketmine/Server(2157): pocketmine\snooze\SleeperHandler->sleepUntil(double 1607349266.896)
#12 src/pocketmine/Server(1994): pocketmine\Server->tickProcessor()
#13 src/pocketmine/Server(1588): pocketmine\Server->start()
#14 src/pocketmine/PocketMine(273): pocketmine\Server->__construct(object BaseClassLoader, object pocketmine\utils\MainLogger, string[49] C:\Users\Administrator\Desktop\SkyBlock 1.16-LOL\, string[57] C:\Users\Administrator\Desktop\SkyBlock 1.16-LOL\plugins\)
#15 src/pocketmine/PocketMine(304): pocketmine\server()

PocketMine-MP version: 3.15.2 [Protocol 408]
Git commit: 0000000000000000000000000000000000000000
uname -a: Windows NT WIN-4P2C3VGUPNN 6.3 build 9600 (Windows Server 2012 R2 Standard Edition) AMD64
PHP Version: 7.3.23
Zend version: 3.3.23
OS : WINNT, win
Composer libraries: 
- adhocore/json-comment 0.1.0@8448076039389f558f39ad0553aab87db3f81614
- ocramius/package-versions 1.5.1@1d32342b8c1eb27353c8887c366147b4c2da673c
- pocketmine/binaryutils 0.1.12@566fa87829e007eda0bd96e39fe20b9b0d638132
- pocketmine/callback-validator 1.0.2@8321aa3ccfe63639b0d08f0cbf270755cfc99fe2
- pocketmine/classloader 0.1.1@7c0363491d1ce8f914fe96d41a4338c982adedff
- pocketmine/log 0.2.0@e59bedb5d4bbeb9a26647cb7c367cb2fa72addfa
- pocketmine/log-pthreads 0.1.1@9bbcef398b01487ab47c234a6a7054722abbe067
- pocketmine/math 0.2.5@8c46cfa95351fb0b2b30739a381310941934b55f
- pocketmine/nbt 0.2.15@f8a81d37d24eb79fb77d985a52549d68955bc6a1
- pocketmine/raklib 0.12.9@5f2a02009f486ca4d90892814570fa13ebdc078d
- pocketmine/snooze 0.1.3@849510fa62e57512b8467e3694e9b3add97038fd
- pocketmine/spl 0.4.1@ff0579a0be41bbe65d3637607715c0f87728a838
- doctrine/instantiator 1.3.1@f350df0268e904597e3bd9c4685c53e0e333feea
- myclabs/deep-copy 1.10.1@969b211f9a51aa1f6c01d1d2aef56d3bd91598e5
- nikic/php-parser v4.10.2@658f1be311a230e0907f5dfe0213742aff0596de
- phar-io/manifest 2.0.1@85265efd3af7ba3ca4b2a2c34dbfc5788dd29133
- phar-io/version 3.0.2@c6bb6825def89e0a32220f88337f8ceaf1975fa0
- phpdocumentor/reflection-common 2.2.0@1d01c49d4ed62f25aa84a747ad35d5a16924662b
- phpdocumentor/reflection-docblock 5.2.2@069a785b2141f5bcf49f3e353548dc1cce6df556
- phpdocumentor/type-resolver 1.4.0@6a467b8989322d92aa1c8bf2bebcc6e5c2ba55c0
- phpspec/prophecy 1.12.1@8ce87516be71aae9b956f81906aaf0338e0d8a2d
- phpstan/phpstan 0.12.48@d364cfbac9ffd869570cdfea7eaa6541c3dac666
- phpstan/phpstan-phpunit 0.12.16@1dd916d181b0539dea5cd37e91546afb8b107e17
- phpstan/phpstan-strict-rules 0.12.5@334898a32217e4605e0f9cfa3d3fc3101bda26be
- phpunit/php-code-coverage 9.2.0@53a4b737e83be724efd2bc4e7b929b9a30c48972
- phpunit/php-file-iterator 3.0.5@aa4be8575f26070b100fccb67faabb28f21f66f8
- phpunit/php-invoker 3.1.1@5a10147d0aaf65b58940a0b72f71c9ac0423cc67
- phpunit/php-text-template 2.0.3@18c887016e60e52477e54534956d7b47bc52cd84
- phpunit/php-timer 5.0.2@c9ff14f493699e2f6adee9fd06a0245b276643b7
- phpunit/phpunit 9.4.0@ef533467a7974c4b6c354f3eff42a115910bd4e5
- sebastian/cli-parser 1.0.1@442e7c7e687e42adc03470c7b668bc4b2402c0b2
- sebastian/code-unit 1.0.7@59236be62b1bb9919e6d7f60b0b832dc05cef9ab
- sebastian/code-unit-reverse-lookup 2.0.3@ac91f01ccec49fb77bdc6fd1e548bc70f7faa3e5
- sebastian/comparator 4.0.5@7a8ff306445707539c1a6397372a982a1ec55120
- sebastian/complexity 2.0.1@ba8cc2da0c0bfbc813d03b56406734030c7f1eff
- sebastian/diff 4.0.3@ffc949a1a2aae270ea064453d7535b82e4c32092
- sebastian/environment 5.1.3@388b6ced16caa751030f6a69e588299fa09200ac
- sebastian/exporter 4.0.3@d89cc98761b8cb5a1a235a6b703ae50d34080e65
- sebastian/global-state 5.0.1@ea779cb749a478b22a2564ac41cd7bda79c78dc7
- sebastian/lines-of-code 1.0.1@6514b8f21906b8b46f520d1fbd17a4523fa59a54
- sebastian/object-enumerator 4.0.3@f6f5957013d84725427d361507e13513702888a4
- sebastian/object-reflector 2.0.3@d9d0ab3b12acb1768bc1e0a89b23c90d2043cbe5
- sebastian/recursion-context 4.0.3@ed8c9cd355089134bc9cba421b5cfdd58f0eaef7
- sebastian/resource-operations 3.0.3@0f4443cb3a1d92ce809899753bc0d5d5a8dd19a8
- sebastian/type 2.3.0@fa592377f3923946cb90bf1f6a71ba2e5f229909
- sebastian/version 3.0.2@c6c1022351a901512170118436c764e473f6de8c
- symfony/polyfill-ctype v1.18.1@1c302646f6efc070cd46856e600e5e0684d6b454
- theseer/tokenizer 1.2.0@75a63c33a8577608444246075ea0af0d052e452a
- webmozart/assert 1.9.1@bafc69caeb4d49c39fd0779086c03a3738cbb389
- pocketmine/pocketmine-mp 3.15.2@d7a66ad7559f23d24ffe95813421a720203109b1

Loaded plugins:
StairSeat 1.5.5 by korado531m7 for API(s) 3.14.0
Worlds 3.0.6 by survanetwork for API(s) 3.0.0
NameTag 1 by MTwins for API(s) 3.0.0, 4.0.0
InvCrashFix 0.0.1 by  for API(s) 3.14.0
NoFallDamage 1.0 by DeveloperNeb101 for API(s) 3.0.0
RedstoneCircuit 2.0.0 by tedo0627 for API(s) 3.6.0
KillRegen 1.1.0 by NashanPlaysYT for API(s) 3.4.0, 3.3.0, 3.2.0, 3.1.0, 3.6.0
BlockProtect 1.0.0 by DarkByx for API(s) 3.3.1, 3.3.4, 4.0.0
KhungLong 1.0.0 by xXNiceYT for API(s) 3.0.0
DevTools 1.13.0 by PocketMine Team for API(s) 3.0.0
MineReset 3.2.0 by Falk for API(s) 3.0.0
GiftCode 2 by PTK-KienPham for API(s) 3.0.0
SimpleWarp 4.0.1 by Falkirks for API(s) 3.0.0
WorldProtect 2.3.8 by aliuly for API(s) 3.0.0
MaxEnchants 1.2.1 by Xenophilicy for API(s) 3.0.0
BuilderTools 1.2.0-beta2 by CzechPMDevs, VixikCZ for API(s) 3.0.0
RenameItems 1.1 by Wertzui123 for API(s) 3.0.0
AutoXP 1.0.1 by JackMD for API(s) 3.0.0
BuyFly 0.1 by WoolChannel3295 for API(s) 3.0.0
VanillaEntityAI 1.0.0-alpha5 by jasonwynn10 for API(s) 3.0.0
OnlineTime 1.3 by Zedstar16 for API(s) 3.0.0
NoAdvertisingPE 1.0.1 by Vaivez66 for API(s) 3.0.0
AutoInv 0.0.10 by JackNoordhuis for API(s) 3.0.0
KeepInventory 1.0 by KhoaGamingPro for API(s) 3.0.0
MSpawns 2.2 by EvolSoft for API(s) 3.0.0
Slapper 1.6.1 by jojoe77777 for API(s) 3.13.0
ChoDenUI 3.5 by BlackPMFury for API(s) 3.0.0, 3.2.0
Alias 1.2.0 by Ghast Noob for API(s) 3.0.0
MysteryCrate 9.1.1 by JackMD, DaPigGuy for API(s) 3.9.0
ItemDropText 1.0.0 by AlexItz16 for API(s) 1.0.0, 3.0.0, 4.0.0
Weapons 1.12.0c by xBeastMode for API(s) 3.0.0
MuaCoinUI 3.5 by BlackPMFury for API(s) 3.0.0, 3.2.0
DanhHieu 3.0.0 by padreon for API(s) 3.0.0
Marry 1.0.0 by GreenJajot for API(s) 3.0.0
BuyceUIEF 0.4 by UnknownOre for API(s) 3.0.0
essentialsTP 1.2.2 by  for API(s) 3.0.0
Warps 2.0 KSCore by KaysilGMVN for API(s) 3.0.0
SkyBlockUI 2.0 KSCore by KaysilGMVN for API(s) 3.0.0
NameCorrector 1.0.0#build011 by PEMapModder for API(s) 3.0.0
PlayerVaults 3.2.0 by  for API(s) 3.0.0
AntiTNT 0.1 by Adam1609 for API(s) 3.0.0
AutoMineReset 0.3.4 by  for API(s) 3.0.0
AutoSell 1 by phuongaz for API(s) 3.8.2
Eff 2 by AmGM for API(s) 2.0.0, 3.0.0
CachMuaLand 1.2 by Noob for API(s) 3.1.1
iProtector 3.1.1 by LDX for API(s) 3.0.0
PurePerms 1.4.2 by 64FF00 & ProjectInfinity for API(s) 3.0.0
DeTuMF 3.0.0 by CLADevs And Shin1134 for API(s) 3.0.0
Police 4 by nlog for API(s) 3.0.0
sblevel 0.1 by AmGM-Encode for API(s) 3.0.0, 2.0.0
TheoDoi 1.2.0 by HotshotHD & CodeRed2019 for API(s) 3.0.0
ScoreHud 2.0.0 by JackMD for API(s) 3.0.0
BuyFix 1.0.0 by HumYaiJang for API(s) 3.0.6
CustomAlerts 2.1 by EvolSoft for API(s) 3.0.0
KingOfTheHill 3.0.0-ALPHA1 by Tethered, iZeaoGamer for API(s) 3.0.0
InvSee 1.0.0 by BlockHorizons for API(s) 3.0.0
DEVirion 1.2.5-ALPHA12 by poggit, SOFe for API(s) 3.0.1
PointPouch 1.0.0 by HituilaHuy for API(s) 3.0.0
SlapperRotation 1.2.1 by jojoe77777 for API(s) 3.0.0
PiggyCustomEnchants 1.4.6 by DaPigGuy for API(s) 3.2.0
PECollide 1 by saxavlax001 for API(s) 3.0.0
MenuUI 2.0 KSCore by KaysilGMVN for API(s) 3.0.0
PHP-Sell 1.2.7 by Muqsit for API(s) 3.0.0-ALPHA9, 3.0.0-ALPHA10, 3.0.0-ALPHA11, 3.0.0-ALPHA12, 3.0.0
ShellyEssentials 1.0.2 by Shelly7w7 and BlazeTheDev for API(s) 3.0.0
Banking_vonfram 1 by Noob for API(s) 3.0.0
KitUI 1.3.5 by Infernus101 for API(s) 3.4.0
EconomyAPI 5.7.2 by onebone for API(s) 3.0.0
AutoClearLagg 3.1.0 by Twisted for API(s) 3.0.0
SkyBlock 1 by KhoaGamingPro for API(s) 3.0.0
QuyenVipUI 1.2 by NightBlackDM for API(s) 3.1.1
AutoFix 1 by Noob for API(s) 2.0.0, 3.0.0
SizePlayer 1.0.3 by  for API(s) 3.0.0
Jail 1.3.0 by hoyinm14mc for API(s) 3.1.0
OreGenerator 2.0.0 by vividmemory for API(s) 3.0.0
PointAPI 2.0.9 by onebone for API(s) 3.0.0
FormAPI 1.1 by jojoe77777 for API(s) 3.0.0
AntiSpam 1.3 by xBeastMode for API(s) 3.0.0
EnchantUI 0.4 by UnknownOre for API(s) 3.0.0
MapImageEngine 1.1.3 by FaigerSYS for API(s) 3.0.0
Kickk 1.1 by MCPEVN-TEAM for API(s) 3.0.0
AuctionHouse 1.2.3 by Shock95x for API(s) 3.0.0
GCPClan 1.1 by InstantlyTa for API(s) 3.0.0, 4.0.0
OrionTasks 1.0.0 by Clik for API(s) 3.0.0
SETVIP 2.3 by MCPEVN TEAM for API(s) 3.0.0
VeSo 3 by AmGM for API(s) 3.0.0
Minerloot 1.0.0 by Distoxicqted for API(s) 3.1.4
LoadWorlds 1.1 by shin for API(s) 3.0.0
MuaDanhHieu 3.5 by BlackPMFury for API(s) 3.0.0, 3.2.0
NoTP 1.0.7 by awzaw for API(s) 3.0.0
ShinPickaxeLevel 6.0.0 by shin for API(s) 3.0.0
ChongBug 1.0.0 by shin1134 for API(s) 3.0.0
TableSpoon 0.0.7-ALPHA by CortexPE, Xenophilicy, HyperFlareMC for API(s) 3.13.0
ShopUI 0.0.1 by InstantlyTa for API(s) 3.0.0
PureChat 1.4.11 by 64FF00 for API(s) 3.0.0
Sell 1.2.10.2 by Array, KairusDarkSeeker, JackMD for API(s) 3.0.0, 3.0.0-ALPHA12
BankNotes 2.0.3 by AndreasHGK for API(s) 3.7.0
CuaHangUI 3.0.0 by phuongaz | Moded by LamPocketVN for API(s) 3.9.0
RankShopSystem 1.0.0 by zZPROGAMERZz423 | §eFor issues report by §2Visiting GitHub.com/zZPROGAMERZz423 for API(s) 3.0.0

----------------------REPORT THE DATA BELOW THIS LINE-----------------------

===BEGIN CRASH DUMP===
eNrtXW1z2za2/iscd+dOdsaSCb4zHzp2bSd2YztaW0m7XXYyIAhKiClSyxfZcm//+z0AKQmAHEu2
1dsvySSReCQdPAc4OG8AyD/20qKc4PrLjJYVK/K9t/b+Xs0mdO8t8kzfdkLL8/b3MlzVp2VZlHtv
/9ir51P4eG8ILy1tf29CqwqPOPWoHDUTmteGZUxxVdHEqAvjZszyASO3+J5e0BnNomhaFjOW0DKK
TnCNB93V27cVntFBhue0fPNPY9JUtRFTo0iNekwN3q6ByxLP9428yTJjxGY03zcIzjJoh+XG8dso
+lSBJFF0lExYzqq6xHXBW6HVbV1Mo+jmdv5TVpBbA/WR17v4eAFYsmbEcviNDPGzF0VVSeAHa9gv
Mcv70/HUKHIjYzk1Qgu6IAVE71jG++D/B8bjXciBcTQtko7ngcryADge6AwPFvwOZHbAiosIasH1
osQE3v5n7wfTeA5n3mFvQuufb7dWhN6PkiIU8VdKauO2qMdR9AH+b+n7xtWniwvjnwDxB2TwhqfQ
obSGDqcHLbyDS1qPi+QU1KQ+vaekgUF44zwOhIPs/Vjk/2pYvWhyxTCKKGfCR4m3DYMkXvmXBXeB
wvoGims6AhWgJU0u+GsOMgUmgJDZt18FGOuIez9S8Y4uYD0Oft94GWpbRy1+cyC+8CYIvoFzXabe
j3witj97GRJHR9IpgO05tgaj4yZ+2zb8RrBwdRY5re+K8vZgQqb04BrfXrD4PAfcKajyG+R7Gt+2
ReCYFRV9TIwM56MoGpY4rzJcg8U8LvIaep/rI0xzlo/+Y6HfDdFGjjMDzACYVoNyQykQegZgTopS
Blni24zFYvK03z+4ES9nOE8y6IDQ1WB2UkURFwsGQ5Wr9+NY/PA0J3haNYCTJm86cCj83UBO33K8
PrLCvo0M13MctFSeFoqYl3VBCtAtmcsAcwz7YGtrOgKxTCGS/7xON0OQZtFOKy/YN1nghQBtc+3I
Bs9qJAyf2WMgLwEn1rYVPjJGVV4UD7Q1cBml09XoIMt+bmPf/u4fXPOakv7ZIkHms6AEuqK0X4Xu
Vb63FPeqqFnKiFDkTna0ZkvboXljIdffknvFrz/lNcveJEUTZ9RYBRP9IPTahqxvNITC0NEaaj/p
/ViD1Ru00MGSt2zsb7Fx14zXgk1V47JTK7RudMTbS3j7xvLtb3D48oVAj9VlQ5bG7idc0WMIlKqL
AifcHDxiPRrokqo11xfFaCQZDQfm5cvihiUL1//9tRFQ2yXuE11im/rYtDMYevP3P/f36Pcg8ckg
cfdhGXR6y+4Ly2dFNqO8Y6GNhJWgfXuLT4Gis4bPSJHwgO7377Hd99jue2z3Pbb7Htt9j+2+x3bf
Y7v12G5/b8QdAc54cJdjXiDcW/20dzkA7jH00qqQuGf3kdvnUU/csCzZe4sC5O7vsepLQmd7b1Oc
VRSik84W7b11zAAaYTx2Mbf8A7ybDssvDGbSXWVcDY1fzq96zsA6tj+//zS4ujK8vm0ICEbomabx
ZvHVdrwNywRtvbaMmxpUHJeJcZowPmf+aRxdnngOj6DGU2jB79t9y4bLB5i0QrzuGj7+UlQcw/nV
1RAI4uIOYi4eYE2m4G3KL2AQS1wyWvH+w8kYZC7pwdeqyHvwnS5mM/uobx4GjhOYvmfaoR2EqesG
qR3ixHRdG+M48JPYTgPkIY6sICWesKY6mII1hdi61/U+B4D6bh8dosS2bMeKA4JoDDrv2iQIAp/Y
HnDwY4dYCfZ8m3A5VkoRsxyXc6HRHSxkHbqel+LAD6yQmqZPE2zGSehRO0ypZcZhbCaeHSDbUllx
/x0Dut4MZyzh+iqwmX3rMLAthLFNSEo927M5BzNITRKnlm/6rktSEnLmGkM+DzMxDxfYDn1iAgMn
RAkiNEhD5KQ09BIHYce2AxIGFnw9SVOVU1aMBAcLOp26YUyT2E2cOKZxiMGaOT6JeUfBi5ViH1gk
KV7j0JvW45LiZNlRh2EcEwpjFsQmcgIfx8AIxgB72Dddx7csDE2Ynq+ymuB63KFxDwPieCTFoWu7
KI3N2IptsLEh5v0LPtZBoe3ErqvJk8d1xwG5h2mAAxh8P7EcGvthGvt+EgYudi3XCRMvCF03Jh5G
KovWdbeiWP3w0E0tbFqmGaZO4BHsJKEZhFaAHNc3U4xsGifE9INE5dL6jq5DbFDo0EXwdc+iru8i
UEbH86nthQ4NYxu6NfRNO0h1JtNMcHCgS9PUdP0QFI46CDrPcxMYbpgivo9cYqaB71sgrh0Ah6Qg
3GTSAzB6MKNrtlQ5mzOyXTNJTcsLaGg6bggwQImhtwOXuDY1qW3bKaV8mCdz0LS4OkjA38Ecnc4F
E2TyEfbC2EIoDbELCoxSj5igeYmFaep6CeeI3DCgLnDJ2S0Dezue9qa4rITKzhzOxTr0YGajmNoI
Ycs2qRmafuomKTUtZPuOhbnQoMRUmBhc9lgBSpKzlFZ8mEFpAUngWp5L08TGqR/DVMJObGGL2E4S
p8T1gyBJrBDZtsRDNtAcBvHi2AssN6FpADMb25ZlQZcGtu2nAaE4RaHvpthsLR10r0jdIWopaZqB
E2SdCRMsLTGZUGIiAlrm0MSzUsvFOHCw7/g4sd3ExcgLIUb1rPgplkCNuSsDpuBFAKfphdgPXOh4
B6Wgu6kTpjYFg+Y6QUIQIdRLwFp6a0x5SaBX0oonx60mOIDRw6CEcRAGIQichBaMIwnA8sDsJ8Sj
LrFiDCaoE7uaUsJT8emYkk4RLN79YG1Ao72Y+qAIoM2h64FxDk0P49QE00PNJMBW0jEBfTzoXhdT
zAkOQZcdkoKNDNM0CbwQphYBNcA+xdhzHUTsBBPP89aZ9OC1yVm9YIY86HpQPi8BXxubrh0mFLsE
rAAFjXQ8nMZBjMB2I/8RZjzUIHWvbDJaLTi6h7btQCdxrUA+dTzTpWYagm2yEzslYIxQnICxjFst
FWiEtvPKAvwHPd6WfEKhGODCnNgHOIENXQaWKU2smDjUj0MLOg/bJoHWfEtjxssmPQYhdjeXueK6
hxh40QAsSmqBJTBBMDMlJPb8FPxkbAWpBTMThkNjxsskt7Rlw8016CPYaT8xYcg8N3aD0DHB0vhW
6iMSYmI6Frgoz9fY1PS+hv8mU548dfPRPkQBuFffRB71TOpaju9T13HBM4FdAG/rx8S1SBI4OjM2
EYjcdkaCIoAHc0IwkSG1Ug+cFw3TBLTKtByYAT44JzvWEHWKEArtBkMEA+f52A99hzixR2CawHRJ
UzAsCKwTAuftCAtVUYjbwEzm4FnZykohYV8cx6I+8akXwOCDBwQ/64B6+rHnBTBwseWYFgH/pPLh
Y9/B4Wz8Qze0bNARmPJgvsMQhTBX/dQzwbVBEABcXfCYIY4fZwOTlxst2suK4raZLjsbZgxKTT7z
wdhwBwfOyEsTBF0O4MBBcU2wdSEhIsMLRXKEIvk4SFPbhFzZ5XGHHRKEIRwBPbUwDx0QJS64LXON
T0bvWT1fGuMYB4THUyb0SBoT8NWJaceQg4Oztx0TlNtPERVRyIpPwoDQIrHBz5HQCTE4BLAmEARR
LFDZCaBy48CiDrEtM1S7m+YzVhZ5F0O6wuXaQQBjThMEThuDhYLGQY28kELiZEFQhYGJaWKiMrqf
FmVNyyWcJAgJBE++hyB+jF2Oy3axF4O7xhQcKQgVmOCNFS6jrIhxBtaknReu6BqwZn4I4RQI5/hB
DDGQBf2CCVg3mBcJqCmBKIL4Cide4qx6Rdpry5SdSnoucmI+ucHKgjlzvNS1zATCpAT52HEtO8Uu
OGZHYdXmaz2ag1OQBx+6HH7PTS4MVgDBmetYPhhk5HIrCdGX7ZsWBMz4UXaduxLcWpVMQrAjsR0j
C5MY+XySIPCpAcQLNgnNxDIdm8SaSpaUNMIng6A5tytLcDSB4BXst+tC2IUg5oOrGDsWiiE4ThII
IEBFaOpr7KqiKQntFVMua5cO2IKhmToOR2BjBD4PvJcJDhD8ux0TM+G+GQIGFOJAYdjV8i2IoMxD
3ruW7fsQ4Fp2CGFqHIK2g6XFPooxRHipBQpmhgqH9ZiDINMCZUI4NBHMLQQDgALH9ojvOdTx7RQC
n0Co53ySFvkcUtZsDn4g65EOzgyMd8AzHGJDPAdq4NEUYlHwnTya4wYYLDDE2YGTeLEj9KEe04pS
iAjAAeTsobNz3DH5oNY2sW0M/gTiSkjBHAhRwBjADARPDtkXzD3X4nHhHY0nxQMu6wO+dFG2Ri4U
0z8lXkgwjZ3ECYnNLTZovQmBM8wX24dEJI4hpVPD3NXb3mS6zJoPEx97YPchCwpTy4YgPoWMxgWT
AoMPuQjE5DwRiNHen8sFAJFaQhbLyhuKaylPX9H291YjwfNDroe4qcdFWfHa/21R4qRwbTTxecaP
p4xTARFoIyfQHMcZheS3LhvI3RM6hVS4ahcQqiKtT2TCBItVB4lnFC2RSG/5WgZkc7ye8PFm+MvH
64uTtpcrJgzIHgj4S1FmSSWJ1BFkebhmeao8VVPOcFeEUwQyXy6P4BlFdwJAFC2BPCnDuK6n1duD
btGg6gsm/UWV84eWGRf0CsQb4pEk6YKiDJ0q5uXwjo++LuC+MCIvFjRl97x421a8thmk83x2XOJq
/I7dS/hlqiyDyY25IseuNG7S/BdQRREEeoS3DII8R4yr4h3OshM8EYHrahxksjqPTHU4Tvi6Dbe9
VxRiUrQrxdPYRpGMqK07biPeNU2qusjpMStJw2QzoX8iC2l1GiWJWdOkMD1LtRTey+Uru+Z1UW6G
R9fDT4M1QT6AM7imI5pLIqxo6gitjdEV6AXO+YpQ9e+hIoEjvsqLe+2r1b2i7vUVEkqNRtGHa/5v
mxETFd1BWdR8PXclq0LWFHJNJXF5+9P8XhHUFtOPvzqvNRUylCjSgG2U78O4yUcXRS5bvRVtg2T3
v14xQrUxfM0sY3mx/WSCOTksikz2TEuSpoG2jnxVPTeGFE92aCZE+3xVYInkiam0cE0jVo+buA9p
jbQkcLDkAcJywjUEULISrmiqK7Z0acFU7cwFp8CLlbcgIg+bSt48DJmEZOO4vWdpfSySiqUkS5Ji
9rQhG37ofWA0H4x3N17AM4oWjW+veTeMp5+/4HIqB3oroiyFs+ZqxXDwLnydFMCmqsV6eSp8601W
3EmXpxAf8wJsVg1O9x4bvkrgvQO8EA/K2LcLCNdtokJW/ZfdD9QuwBlrsvmuhrHl1sWF04Up3OzJ
Hpl+lw0rU0azRM4NFnty6pLytQK+PeNAkZZPUHx/mhNwMbVskGSqapMsXSt+pXkxHbOMkZ31i8SS
d8cSinKxlRfkK3i01M2tQtbFM3sxrbE2iY8fKBkPLsGy8R98Zvfs9vi3XYlLOPPpJAHmURS32OrW
HGtIt8oXJK2QYB8orERMx3vjvKaTSonnVlTNGak98gtgfGgYsuxddcOKI99NtISxnXl7RPgVvwNZ
KhD9qKmLXweS1B1BDxs0kX/G5PbyZFfittyiqG37xVK2bA46CYTOz9+BiZK1XRDUPEofTdCKY5hW
Oc1sK3R3JWPb9Kfz7V3UZ5xDOI5PwQXU86NzSQz9k7UYr4ez6Rhr1YmvuCryu3meI/OVbmvQlFQ0
zmj1q+SZpBaiSAPJN0st4W5ITT7mvHQ5FMeolkJLRFVeWxXzN54H4RJ5uxq5JcMoWmF4sZIuuR1I
Aom0+SgBqWpWsXwE/l7OnNVPNkzNz5jN6IO3M/EX/HjCrADRCNuoNJ+a5/lMMzecslbaMNcNzlVR
lMm4YdWuRPsKTPMF0yiC5gqWz1o71ILanHxROoWvipVS2dKo9CfrHR/GBX6PJ7xPy2JXoilMIVOW
4Wxvgi5vpvguV6KhjqIGh1qIcDorshsAtithukYB97L1LULCu7u7PgUknGu/vhVRf4anU1rKIX9H
UUfI0yfV1+JrQX3+Ry3s2q8ohLYtv9iQrCAdLIQACY/HxQnNP8neYklSU0zNO/yUwWQYXL5ryvkj
ldA2I32hpAsAUdS+217/jjKGZe1rr9fCVFWS92MI7w0wFvGu9E8026IWuxi3mjpznmPMj0uxjLea
PzJZFiTso28EWft7J3jARu8bdWDC18dbMpjXRl2KYLyaDRHmSVlMh2I9blXOlskbalNHGb0/rx8U
T46WCrmDEj0Hw4Fsr5C/UDwtFIO4oGgZAmgl0SptP1HQy0teItmRWq44RlEHY/lmKxVt8DE4PMVY
rGh/l7UABL+Rgp+jOCnYkD3HXJzgfHzGaCOXExckfalL07UpTkoKH+5oaDp2UTRkdZ3Ro5PrZzhd
XCqhRHu9Ya68LynNf8Zfi5053RVHDr18TtgAuQ6hn85P36mpV0dTQz1HleNTDhHZXf6x3NksWXHk
NQQBYntJ6LIEN5STZIWsuyPrm6tyr5BCbjGKtPY3my1cThWjJa61BSrjw81xUVItOMXzimXvLz9f
7ay2wdt+RqG225KvWCmJ+PcIsQKwvSR8JRqwld2OF2WFekVfm+c/iDKYibTgYHB6iadg+/mq7K5K
6SuWkNvJqLTLbaRtT4t9xk2mVFMV8tNrHjuSarGc3Z6um4mWF4fZljg2R6Iw3YZXQzkW7ShPFpOO
EjxBnhnuLBJtG912jZcnso8tO6l0VQJbM8k7Qw4eEVdn7z+0+fWy+WdkA/CzG5plmiCC9MT2jum4
KfIRflDGIAAz/VLf3vFr5eCtby/CKd+suER/KvYyfnO57Gjy/lICbSmh7wvBQ5MIgANntD3qY0zG
EJZdYH5wZ5VXSlTNB2qbBfRUjGc6L8SfQWtRlAPHKJo0OGsb3ygB65Z5FMMrEVVLtJaJXZz8uqsZ
DKyiaNXyi9Mu4NO7PB6cHkhScLPblHRAS2UhY0VTh8nRB8pz3r0zTeN/DGDJN2ie5ynL+Q7dHcn+
pW0ArO8CkfT2BX0gfrs4bL/kI/YVDJvLd8quAkHYkAQcXxzx9SEDbJU4SI6Q7exK9o63WGhnxTOS
mkGRMUKVY4OCoKxQq3Lk/GTWjnBzXjBKos3tQVfQDr9Fwgr1gvK0uwS71DvNyWNJ8n5nAF8asY15
SlnFi1s3bBRhOKYFZKCSCAvKhvrTWVFX46I+O4GJxDclXNPEMtHOQgAySfj5MFE6PJ4kN+37rUJp
fmbyrJFt+JK0YbPaX7Pet2j9WZmluj2yI2zIjs+ayb8x+xnn+rTwXrOcx/dFbu1Cm6ouJkcZLZVw
WCGrY4D+2pq63DIokorjZdX1DywffUxhlpwxJUhT6Ws2uHd0MTg70sQd0nrM76Cxb7DfKC7e48nu
8pzV3VK2Hb3zfHZDqborlxM2qJ1IEc+Kkj0U+c4WrRSmUdQiec4G3ZPTz6wUmFfucUHSTZvbDY4W
KEyL0UjscL35+E631C8O7VqmUTQTUKIooYt3ErwNCc+gYHk9KBoyVhzmkrjJTrAakm181uws5Fm1
/YySR7ucc13U4vTJ+mrV8pMN+5G+sWr1Gi+qAnhGFMNGo3lrZR7ZY/XYp3qs6ulbch9ZE3lF2XnB
j9+hag3MM+Q8PS6yjClbI1e0J7LUCt/jWYbvzd3teJdYRtGUkhbEtrWDS5o36tJAS/gbq4bPqbYN
zgY9rViwJOnTxtfOg4iKkY68tYThIgHvDKOpXSPt2nptws4Bn4mkd2vzMYafzFebR2X7oX+k20PN
zrff9+98AxAYP2X4gYIbhzxmZ/ZEA/SMSBDntxBXfJkVeVriiRwSap88Mel2uUh8JWoSvPHthfjA
amWKtdfa9iZ97Q2yclrmTaWfjXnFkR+JJQRGHMQzSlqkyIvJ/GggCyIRZWncvq+rWJHTGP7tahQ6
dlFEWwTAM4oUNFuVGY8zissLPBpptcYVXa8YaZHE8I7f+i3ZlVh1y67do0Q4iAxAtBVIGdNzKygd
zKNqnjWTy+MDlZ+0/PLI4stTE2uHe5pUXerOVsAQz6WNh5fzQSbWKcXrZt/2r2ZO889sqkw+ifh0
OZONxrVYAD+53FVZ8/P5gB/8ETyjaAFiK1VV8+EFZXujt5OycluQXTW+xfmLh+4elsr5iyVRd0z2
X7EmIdq7aG+6uHq/DfyfMZMjC3Gpm23NIoyLOcsnyJkQTWleDH/FMYq+AoIo6nBshP+xpO/F7cjU
grhC3lARmrEZSyZ0UpQ7y5Xk5qOoe0u3q5FClqV6oCVJlyP8S/1PUvA7ir3OAb0ryokqzILy5DGE
3Wd7K45R1EFYvtl20fRmqgRnS9KTe7j/gr1SMec4EXul+F2tKsAw4fN+AWgiT/xv+Y0uH1Tcxor2
N25sWYJ4zjaj6Tk/+nyaj8StkKX9RsoH+klgWz8Jx0a0vPn3za7EWjLkoshI9OvtAmxye6sE2Pz6
yWnEF9U+X/WGp0eXO9u/LFjyyLptfQu/Lm7idVY0FVWcu0TWk1hbT90gUgrd+10GX/K9CKQyQ9cS
D04FvjHHx6MBBe3mQ6XHg+MMy+WuBeXJ8Tpv71OXzYd417dwYAvWNY6ilGACYMAAHh91qDZG2xBs
w8+mtD/LW7cLMgxxdVspTndJ3FCdPM7Yzs4Ac15RJNp+wbmAm9MhRKxy5NYStCOjj00s46+YWDe0
hph5q0NV9KaQT1LxSyWVe3ILxut2wACvKPrXEG1lnfnJ7Kwo9MPiLW3T7QogqSvuGfmvnoGivvPy
g/0rnlFUP2PPC1+ZWLsBjUR8cnZXY7azTbmrNrffdcHTZTKd5f26mHZ7ph/ZZSxT/8ZTFseAoTtm
wd8+Y2tioWxvFZe6jmlFUnz3gO92dvqbM+PbeurpizfEtIBE/VN7ToNc/1x7hMNKSG99Iu1S+x5/
MsFWa8fjIh/91IzUMz0taYMlqHa8i2WxK0bo2ALB5q0UvKGbaaGsZUlE/fCf3xbPNe/H7613L84/
yufs9/fO5lNavstwSS+Pd3Y6Szl3v4Iqv9+cLkAMppaYOsLT93F6MqJ5Shw5WHtqWQhANIw/dKXY
sszE91Ydj5V7oi1J+jKdvk+53fL1PDlWe7keu2WGiCorXlfkmjBjEF8OTnsL+t43tptxsKt3O9hs
JtjwQVYXmR5dYEL6yoq8yPQBs7Kp+C2Gbii9FWnoN7bb6EtLO1CG5y8v8RWOq6Kmlbbk0tL0aose
Ty13ASvC+bvRbHmP8RKS9Ha7jToY+mOknqBc0jadIuq2Bhv/a/DiRWLEc+MCT9qitbYYuun8nlT0
kWpZajH8kWXzrTYuLwV6xn3PoBO5xbjh5/zkio72wQaH9PDb4Prj+6PL0+vfHhzLho6KGtPEPgVp
DVZVDa2MkvL7qPK+az+zPjMAwvKR8Z7VZ9101Bg938B0ZkDqZWkn6iN9/0THql2wbZ/+Kd/Hsj+f
8Nu1i7t+8scq9PnNsvnRenEvaX7LS1xCf9d0Uf+m9zXNu2cV/LEnluClZyzEpLsf/pJCcEb58xkU
WjH5khR1zs8GSNTuBqErQlNm8nXS3pl2eZ2yrL3r7ZIymihPfBjjSsHCQIlnMoE/x0Hoiy/0ZRK3
j+2Qv1J1j5eQaVOiSn29vP258kvRyZVKSlgzkSk3gwv5cjKv/puJx1R07wxxH16rl9CZ0ePPvHBN
x/Th7T/Ok7eGTwj8DT3q+W7qJb5FXZKaqeX5qRNQ5PmEP7QA1P0f/C6q0t1Tlw3OsRh/q1tJfGDT
NhtyRR3xoX2owPLbcHk/Ucek4OJYpmkjZPES9+Dko9JVSfFFiKITgcTU4QS9y6tK+WJ7c6lfL5U+
0hDAJX+OgyoWEO9KpmmH9MQHnvEg/jwTADxWlXM1N76QcZPfyk/T4F3ERu1TNrr1V95NSdX5W94B
YrtxEi+e6MD1uJxP66I75MIJo2RtzJmiJqJvbJm0vNfwqGmVcQHnN5hdxscBwWQs9eaff/4f9KUv
hA==
===END CRASH DUMP===
