PocketMine-MP Crash Dump Mon Dec 7 20:35:50 +07 2020

Error: jojoe77777\FormAPI\Form cannot implement pocketmine\form\Form - it is not an interface
File: plugins/Giftcode/src/jojoe77777/FormAPI/Form
Line: 10
Type: E_ERROR

THIS CRASH WAS CAUSED BY A PLUGIN
BAD PLUGIN: Giftcode v1.0.0

Code:

Backtrace:

PocketMine-MP version: 3.15.2 [Protocol 408]
Git commit: 0000000000000000000000000000000000000000
uname -a: Windows NT WIN-4P2C3VGUPNN 6.3 build 9600 (Windows Server 2012 R2 Standard Edition) AMD64
PHP Version: 7.3.23
Zend version: 3.3.23
OS : WINNT, win
Composer libraries: 
- adhocore/json-comment 0.1.0@8448076039389f558f39ad0553aab87db3f81614
- ocramius/package-versions 1.5.1@1d32342b8c1eb27353c8887c366147b4c2da673c
- pocketmine/binaryutils 0.1.12@566fa87829e007eda0bd96e39fe20b9b0d638132
- pocketmine/callback-validator 1.0.2@8321aa3ccfe63639b0d08f0cbf270755cfc99fe2
- pocketmine/classloader 0.1.1@7c0363491d1ce8f914fe96d41a4338c982adedff
- pocketmine/log 0.2.0@e59bedb5d4bbeb9a26647cb7c367cb2fa72addfa
- pocketmine/log-pthreads 0.1.1@9bbcef398b01487ab47c234a6a7054722abbe067
- pocketmine/math 0.2.5@8c46cfa95351fb0b2b30739a381310941934b55f
- pocketmine/nbt 0.2.15@f8a81d37d24eb79fb77d985a52549d68955bc6a1
- pocketmine/raklib 0.12.9@5f2a02009f486ca4d90892814570fa13ebdc078d
- pocketmine/snooze 0.1.3@849510fa62e57512b8467e3694e9b3add97038fd
- pocketmine/spl 0.4.1@ff0579a0be41bbe65d3637607715c0f87728a838
- doctrine/instantiator 1.3.1@f350df0268e904597e3bd9c4685c53e0e333feea
- myclabs/deep-copy 1.10.1@969b211f9a51aa1f6c01d1d2aef56d3bd91598e5
- nikic/php-parser v4.10.2@658f1be311a230e0907f5dfe0213742aff0596de
- phar-io/manifest 2.0.1@85265efd3af7ba3ca4b2a2c34dbfc5788dd29133
- phar-io/version 3.0.2@c6bb6825def89e0a32220f88337f8ceaf1975fa0
- phpdocumentor/reflection-common 2.2.0@1d01c49d4ed62f25aa84a747ad35d5a16924662b
- phpdocumentor/reflection-docblock 5.2.2@069a785b2141f5bcf49f3e353548dc1cce6df556
- phpdocumentor/type-resolver 1.4.0@6a467b8989322d92aa1c8bf2bebcc6e5c2ba55c0
- phpspec/prophecy 1.12.1@8ce87516be71aae9b956f81906aaf0338e0d8a2d
- phpstan/phpstan 0.12.48@d364cfbac9ffd869570cdfea7eaa6541c3dac666
- phpstan/phpstan-phpunit 0.12.16@1dd916d181b0539dea5cd37e91546afb8b107e17
- phpstan/phpstan-strict-rules 0.12.5@334898a32217e4605e0f9cfa3d3fc3101bda26be
- phpunit/php-code-coverage 9.2.0@53a4b737e83be724efd2bc4e7b929b9a30c48972
- phpunit/php-file-iterator 3.0.5@aa4be8575f26070b100fccb67faabb28f21f66f8
- phpunit/php-invoker 3.1.1@5a10147d0aaf65b58940a0b72f71c9ac0423cc67
- phpunit/php-text-template 2.0.3@18c887016e60e52477e54534956d7b47bc52cd84
- phpunit/php-timer 5.0.2@c9ff14f493699e2f6adee9fd06a0245b276643b7
- phpunit/phpunit 9.4.0@ef533467a7974c4b6c354f3eff42a115910bd4e5
- sebastian/cli-parser 1.0.1@442e7c7e687e42adc03470c7b668bc4b2402c0b2
- sebastian/code-unit 1.0.7@59236be62b1bb9919e6d7f60b0b832dc05cef9ab
- sebastian/code-unit-reverse-lookup 2.0.3@ac91f01ccec49fb77bdc6fd1e548bc70f7faa3e5
- sebastian/comparator 4.0.5@7a8ff306445707539c1a6397372a982a1ec55120
- sebastian/complexity 2.0.1@ba8cc2da0c0bfbc813d03b56406734030c7f1eff
- sebastian/diff 4.0.3@ffc949a1a2aae270ea064453d7535b82e4c32092
- sebastian/environment 5.1.3@388b6ced16caa751030f6a69e588299fa09200ac
- sebastian/exporter 4.0.3@d89cc98761b8cb5a1a235a6b703ae50d34080e65
- sebastian/global-state 5.0.1@ea779cb749a478b22a2564ac41cd7bda79c78dc7
- sebastian/lines-of-code 1.0.1@6514b8f21906b8b46f520d1fbd17a4523fa59a54
- sebastian/object-enumerator 4.0.3@f6f5957013d84725427d361507e13513702888a4
- sebastian/object-reflector 2.0.3@d9d0ab3b12acb1768bc1e0a89b23c90d2043cbe5
- sebastian/recursion-context 4.0.3@ed8c9cd355089134bc9cba421b5cfdd58f0eaef7
- sebastian/resource-operations 3.0.3@0f4443cb3a1d92ce809899753bc0d5d5a8dd19a8
- sebastian/type 2.3.0@fa592377f3923946cb90bf1f6a71ba2e5f229909
- sebastian/version 3.0.2@c6c1022351a901512170118436c764e473f6de8c
- symfony/polyfill-ctype v1.18.1@1c302646f6efc070cd46856e600e5e0684d6b454
- theseer/tokenizer 1.2.0@75a63c33a8577608444246075ea0af0d052e452a
- webmozart/assert 1.9.1@bafc69caeb4d49c39fd0779086c03a3738cbb389
- pocketmine/pocketmine-mp 3.15.2@d7a66ad7559f23d24ffe95813421a720203109b1

Loaded plugins:
SimpleWarp 4.0.1 by Falkirks for API(s) 3.0.0
RenameItems 1.1 by Wertzui123 for API(s) 3.0.0
KeepInventory 1.0 by KhoaGamingPro for API(s) 3.0.0
StairSeat 1.5.5 by korado531m7 for API(s) 3.14.0
NameTag 1 by MTwins for API(s) 3.0.0, 4.0.0
NoFallDamage 1.0 by DeveloperNeb101 for API(s) 3.0.0
InvCrashFix 0.0.1 by  for API(s) 3.14.0
GiftCode 2 by PTK-KienPham for API(s) 3.0.0
Worlds 3.0.6 by survanetwork for API(s) 3.0.0
OnlineTime 1.3 by Zedstar16 for API(s) 3.0.0
DevTools 1.13.0 by PocketMine Team for API(s) 3.0.0
KhungLong 1.0.0 by xXNiceYT for API(s) 3.0.0
Slapper 1.6.1 by jojoe77777 for API(s) 3.13.0
MineReset 3.2.0 by Falk for API(s) 3.0.0
BuyFly 0.1 by WoolChannel3295 for API(s) 3.0.0
RedstoneCircuit 2.0.0 by tedo0627 for API(s) 3.6.0
AutoXP 1.0.1 by JackMD for API(s) 3.0.0
VanillaEntityAI 1.0.0-alpha5 by jasonwynn10 for API(s) 3.0.0
BuilderTools 1.2.0-beta2 by CzechPMDevs, VixikCZ for API(s) 3.0.0
MSpawns 2.2 by EvolSoft for API(s) 3.0.0
MaxEnchants 1.2.1 by Xenophilicy for API(s) 3.0.0
AutoInv 0.0.10 by JackNoordhuis for API(s) 3.0.0
EconomyAPI 5.7.2 by onebone for API(s) 3.0.0
WorldProtect 2.3.8 by aliuly for API(s) 3.0.0
NoAdvertisingPE 1.0.1 by Vaivez66 for API(s) 3.0.0
KillRegen 1.1.0 by NashanPlaysYT for API(s) 3.4.0, 3.3.0, 3.2.0, 3.1.0, 3.6.0
BlockProtect 1.0.0 by DarkByx for API(s) 3.3.1, 3.3.4, 4.0.0
MapImageEngine 1.1.3 by FaigerSYS for API(s) 3.0.0
Eff 2 by AmGM for API(s) 2.0.0, 3.0.0
KingOfTheHill 3.0.0-ALPHA1 by Tethered, iZeaoGamer for API(s) 3.0.0
PHP-Sell 1.2.7 by Muqsit for API(s) 3.0.0-ALPHA9, 3.0.0-ALPHA10, 3.0.0-ALPHA11, 3.0.0-ALPHA12, 3.0.0
Kickk 1.1 by MCPEVN-TEAM for API(s) 3.0.0
SlapperRotation 1.2.1 by jojoe77777 for API(s) 3.0.0
Police 4 by nlog for API(s) 3.0.0
OreGenerator 2.0.0 by vividmemory for API(s) 3.0.0
SkyBlock 1 by KhoaGamingPro for API(s) 3.0.0
GCPClan 1.1 by InstantlyTa for API(s) 3.0.0, 4.0.0
AntiSpam 1.3 by xBeastMode for API(s) 3.0.0
ShopUI 0.0.1 by InstantlyTa for API(s) 3.0.0
BankNotes 2.0.3 by AndreasHGK for API(s) 3.7.0
AutoClearLagg 3.1.0 by Twisted for API(s) 3.0.0
InvSee 1.0.0 by BlockHorizons for API(s) 3.0.0
SizePlayer 1.0.3 by  for API(s) 3.0.0
MysteryCrate 9.1.1 by JackMD, DaPigGuy for API(s) 3.9.0
ShellyEssentials 1.0.2 by Shelly7w7 and BlazeTheDev for API(s) 3.0.0
ChongBug 1.0.0 by shin1134 for API(s) 3.0.0
DeTuMF 3.0.0 by CLADevs And Shin1134 for API(s) 3.0.0
Minerloot 1.0.0 by Distoxicqted for API(s) 3.1.4
AutoMineReset 0.3.4 by  for API(s) 3.0.0
BuyFix 1.0.0 by HumYaiJang for API(s) 3.0.6
PECollide 1 by saxavlax001 for API(s) 3.0.0
SkyBlockUI 2.0 KSCore by KaysilGMVN for API(s) 3.0.0
VeSo 3 by AmGM for API(s) 3.0.0
OrionTasks 1.0.0 by Clik for API(s) 3.0.0
Giftcode 1.0.0 by  for API(s) 3.0.0, 4.0.0
TableSpoon 0.0.7-ALPHA by CortexPE, Xenophilicy, HyperFlareMC for API(s) 3.13.0
FormAPI 1.1 by jojoe77777 for API(s) 3.0.0
AutoSell 1 by phuongaz for API(s) 3.8.2
SETVIP 2.3 by MCPEVN TEAM for API(s) 3.0.0
Weapons 1.12.0c by xBeastMode for API(s) 3.0.0
PointPouch 1.0.0 by HituilaHuy for API(s) 3.0.0
CustomAlerts 2.1 by EvolSoft for API(s) 3.0.0
Warps 2.0 KSCore by KaysilGMVN for API(s) 3.0.0
Banking_vonfram 1 by Noob for API(s) 3.0.0
MenuUI 2.0 KSCore by KaysilGMVN for API(s) 3.0.0
LoadWorlds 1.1 by shin for API(s) 3.0.0
PiggyCustomEnchants 1.4.6 by DaPigGuy for API(s) 3.2.0
BuyceUIEF 0.4 by UnknownOre for API(s) 3.0.0
Sell 1.2.10.2 by Array, KairusDarkSeeker, JackMD for API(s) 3.0.0, 3.0.0-ALPHA12
EnchantUI 0.4 by UnknownOre for API(s) 3.0.0
Marry 1.0.0 by GreenJajot for API(s) 3.0.0
Jail 1.3.0 by hoyinm14mc for API(s) 3.1.0
CachMuaLand 1.2 by Noob for API(s) 3.1.1
Alias 1.2.0 by Ghast Noob for API(s) 3.0.0
ScoreHud 2.0.0 by JackMD for API(s) 3.0.0
AuctionHouse 1.2.3 by Shock95x for API(s) 3.0.0
iProtector 3.1.1 by LDX for API(s) 3.0.0
DanhHieu 3.0.0 by padreon for API(s) 3.0.0
MuaCoinUI 3.5 by BlackPMFury for API(s) 3.0.0, 3.2.0
QuyenVipUI 1.2 by NightBlackDM for API(s) 3.1.1
NameCorrector 1.0.0#build011 by PEMapModder for API(s) 3.0.0
AutoFix 1 by Noob for API(s) 2.0.0, 3.0.0
MuaDanhHieu 3.5 by BlackPMFury for API(s) 3.0.0, 3.2.0
PurePerms 1.4.2 by 64FF00 & ProjectInfinity for API(s) 3.0.0
PlayerVaults 3.2.0 by  for API(s) 3.0.0
sblevel 0.1 by AmGM-Encode for API(s) 3.0.0, 2.0.0
KitUI 1.3.5 by Infernus101 for API(s) 3.4.0
NoTP 1.0.7 by awzaw for API(s) 3.0.0
ItemDropText 1.0.0 by AlexItz16 for API(s) 1.0.0, 3.0.0, 4.0.0
TheoDoi 1.2.0 by HotshotHD & CodeRed2019 for API(s) 3.0.0
ShinPickaxeLevel 6.0.0 by shin for API(s) 3.0.0
DEVirion 1.2.5-ALPHA12 by poggit, SOFe for API(s) 3.0.1
1vs1 1.0.1 by VixikHD for API(s) 3.0.0, 4.0.0
EasyWing 1.0.3 by phuongaz for API(s) 3.0.0
PointAPI 2.0.9 by onebone for API(s) 3.0.0
AntiTNT 0.1 by Adam1609 for API(s) 3.0.0
ChoDenUI 3.5 by BlackPMFury for API(s) 3.0.0, 3.2.0
essentialsTP 1.2.2 by  for API(s) 3.0.0
CuaHangUI 3.0.0 by phuongaz | Moded by LamPocketVN for API(s) 3.9.0
PureChat 1.4.11 by 64FF00 for API(s) 3.0.0
RankShopSystem 1.0.0 by zZPROGAMERZz423 | §eFor issues report by §2Visiting GitHub.com/zZPROGAMERZz423 for API(s) 3.0.0

----------------------REPORT THE DATA BELOW THIS LINE-----------------------

===BEGIN CRASH DUMP===
eNrFPWtz2ziSf0Xl3bq6q4psgm/mkx3bsT2JHa2lcbJZXqVAAJQYUYSWD9ny3vz3a4CUBNCOJdmc
mlQSiS2p0Y1+o0HwPwcxz2e4/LFgeZHw7OC99e6gTGbs4D1yDc+yfeQY7w5YnvP84P1/DsrlHD46
OP9xfnv75fbg3cGMFQUeC9hP/pMzT/wJw4+A9GRwVb/pEZxlvOwls3nKZiwre3NOpqycJRkLQzF+
871+L4FvFT3xZZz1kqxkeYwJg2HiJBVjzNNqnGTF0UUSl4RTdlTk5Ggz8FEzrnyFX6UwAjBi/PGu
+eWPJFvwdCGpAHQ0yRkpD1afAmSFGGDy5f2//hfmIxdEyLdjlrEcp2IqMixm6WAgebmGkfrXA/hZ
hAu2mc0D6xA5h6aAV0lKgRiY0HcHSfGDssXB+xinBYPhc15ywgGtbfgwSCKIM3b8A7irhpavSUb5
fdG7GfW+Xt307YF5at1d/D64uem5h1ZPktALXMPo/ffqq0OWA7E900Bm79bsDUucUZzT3jlNSuDg
f3on12euLaZoMocRvEPr0LTg8pFlVLLXXMPHP3ghaLi6uRkBQF7cw6SKmZzNecHyH2kS5ThPWCHm
D9MJ8Jyzo58Fz/rwnUYoxiE6NI592/YNzzWswPKD2HH82AowNRzHwjjyPRpZsY9cJCjjJMezpCqO
5phMQRf7zewLAtChc4iOEbVMyzYjnyAWmZ7lWMT3fY9YLmDwIpuYFLueRQQfa9U8ipIM58uqTNKi
IQuZx47rxtj3fDNghuExio2IBi6zgpiZRhREBnUtH1mmjorgNI2Auv4CpwnFpTAmoM04NI99y0QY
W4TEzLVcS2Aw/NggUWx6huc4JCaBQN5CmOKiSDmmLF/RduwRAxDYAaKIMD8OkB2zwKU2wrZl+STw
Tfg6jWMdU8rHEoMJk86cIGI0cqgdRSwKsOm6tkciMVHwYsbYAxQ0xk8w9OflJGeYrifqOIgiwkBm
fmQg2/dwBIhABtjFnuHYnmliGMJwPR0VeKJJQ41z7BPbJTEOHMtBcWREZmSBRwqwmF9kBDYKLDty
nBY/WVQ2GJBzHPvYB+F71LRZ5AVx5Hk08B3smI4dUNcPHCciLkY6ihxPQVNrVszD4NiJTWyYhhHE
tu8SbNPA8APTR7bjGTFGFosoMTyf6liKjPNH1kyIBQodOAi+7prM8RwEymi7HrPcwGZBZMG0Bp5h
+XEbyTyVGGyY0jg2HC8AhWM2gslzHQriBhPxPOQQI/Y9zwR2LR8wUE7KXPwenCVYdJmsVc4SiCzH
oLFhuj4LDNsJgAxQYpht3yGOxQxmWVbMmBDzbAmaFhVHlLE52Oh8KZEgQ0jYDSIToTjADigwil1i
gOZRE7PYcanAiJzAZw5gyZJpQo7ARfTnOC+kyi5sgcU8dsGyUcQshLBpGcwIDC92aMwME1mebWLB
NCgxky4G5/2Eg5JkScwKIWZQWqDEd0zXYTG1cOxFYErYjkxsEsumUUwcz/cpNQNkWQoO1UELMogb
Ra5vOpTFPlg2tkzThCn1LcuLfcJwjALPibFRezqY3kp4K54f5SxOIYYkjQuTKE1pTIgaiICW2Yy6
Zmw6GPs29mwPU8uhDkZuYNqua0YvoQRolII2AFKIIkCn4QbY8x2YeBvFoLuxHcQWA4fm2D4liBDm
UvCW7hOkInD3c1aI6Fdrgg00uhiUMPIDPwCGaWCCHIkPngesnxCXOcSMMLighu1izkCKOZ9PGGkU
wRTTD94GNNqNmAeKANocOC4458BwMY4NcD3MoD42aYME9PGoeV2ZmO0fgy7bJAYfGcQx9d0ATIuA
GmCPYew6NiIWxcR13adI+vBaZUm5QoZcmHpQPpdCrI0Mxwooww4BL8BAI20Xx5EfIfDdyHsGWQF2
Q8p+XqWsWGF0ji1IhAJfaAXymO0aDjPiAHyTRa2YgDNCEQVnGdVaKqmR2i5SCPgPZrxOkQKpGBDC
7MgDcnwLpgw8U0zNiNjMiwITJg9bBoHRPLOFTKRA/QRSosaWheI6xxhwMR88SmyCJzCAMSMmJHK9
GOJkZPqxCZYJ4mghE3nQlNVohLsGfQQ/7VEDROY6keMHtgGexjNjD5EAE8M2IUS5XgtNyR5K+A8S
O1yyxh6tY+RDePUM5DLXYI5pex5zbAciE/gFiLZeRByTUN9uI4O0M5eaLi0SFAEimB2AiwyYGbsQ
vFgQU9Aqw7TBAjwITlbUoqhRhEBqNzgiEJzrYS/wbGJHLgEzAXOJY3AsCLwTguBtSw9VMMjbwE1m
EFmTjZdC0r/Ytsk84jHXB+FDBIQ4a4N6epHr+iC4yLQNk0B80vEI2TfkCDTesROYFugImDy47yBA
AdiqF7sGhDZIAgCrAxEzwNHzaMB4hdNi/ZTzaTVfTzZYDIoNYfngbESAg2DkxhTBlANxEKCEJlht
JiEjwytFsqUiediPY8twbRHVPLAagjCkI6CnJhapA2LEgbBlPMGTsoekXK6dcYR9IvIpA2YkjgjE
ampYkePaEOwt2wDl9mLEZBaywUMTANSUWBDnSGAHGAICeBNIghiWVFkUqHIi32Q2sUwj0KebZYsk
51mTQzoy5Fq+DzJnFEHQxuChYHBQIzdgjg/5WwDuPICojomO6GHO85Lla3KoHxBInjwXQf4YOYIu
y8FuBOEaMwikwJRvQDTWsIxTHuEUvEltF46cGvBmXgDpFDBne34EOZAJ84IJeDewCwpqSiCLIJ6G
SdQwRZ/H/boeaVTSdZAdCeMGLwvuzHZjxzQopEkUedh2TCvGDgRmW0PFo58QV/osg6CgCh+mHH4v
XC4Iy4fkzLFNDxwylH7gJSH7sjzDhIQZP4uuCVcSW62SNAA/ElkRMjGJkCeMBEFM9SFfsEhgUNOw
LRK1VBIqsUrGZGA0E35lTRyjkLyC/3YcSLsQ5HxwFWHbRBEkx5RCAgEqwmKvha7gVU5Yn88Fr005
YEmERmzbggILI4h5EL0MCIAQ362IGFTEZkgYUIB9DWFT+ZqQQRnHYnZNy/MgwTWtANLUKABtB0+L
PRRhyPBiExTMCDQMT3MOggwTlAnhwEBgWwgEgHzbconn2sz2rBgSH1+q53IW82x5NOfpEuJA2icN
OQtw3r6ocIgF+RyogctiyEUhdopsTjhg8MCQZ/s2dSNb6kM5YQVjkBFAAMiSx8bPicDkgVpbxLIw
xBPIK6EEsyFFAWcAFgiRHKovsD3HFHnhPYtm/BHn5RHUISyvnVwgzT8mbkAwi2xqB8QSHhu03oDE
GezF8qAQiSIo6fQ0d/O2P5uvq+Zj6mEX/D5UQUFsWpDEx1DROOBSQPhQi0BOLgqBCB38sa7wZWk5
lEsNX3E+Vwp1BfjuYCMLoWMi/8dVOeE5/PxfBx9xOk3yaXEABT+eJwIkJGaIa5bhKGVQ+pZ5BZU7
ZXMohIt6caDgcXm2BgCaohzlOCtimON3B8OU3yuX5zBvIjFPi8G5QDzDcgEibsYOw0LSew/0hqFG
uyj7xMLDl+Ho65fbz2e1OIpEepoDmIlbJli+grhcKPyrUHUCUJv9ryDPxypBUNe/aQI2TG0whqFC
RhheY7lA8CJHk7KcF++PjsZJOamiQwg5Rxt8RypXwPonqFOusoXMeZcK8zpcZ9/Q2f804fgCgy6O
BznvagY0pGGokbPbNAjuhiVO8iHDparWa5jOlXPo6HxNeY4pdyw08zSukP16thScoKQrSpS3u3B1
A4yM8FjhaQXRONK5uR7dC2Nvi+edtOdX8xMnDywPw8/1wsoutHNwFukZnskEf8OACn5R284gq0tF
jLphkLujrvSthTYMVYp2VzjQ0dMcF5OPyYPCnQpVmTOeuNKu9GxW/RuoCkMoW4gYGeS0j5TEqu6p
TJ/WPKxBKgOmLpvB6FP/U8KywQTPuhIM4AzD1eC7C+Irz1OqevMGoFIv6HJ1DooqX+CMlfc8n3bF
gcQZhveSgDBcE7KTE2+C9KFEcthQdvS3Gplg9EsmEt6R7ECsmVWAujFZOrvfGYWMO0duV7yuEYbh
hoZXh601tiOFIeAZjHXEeaqKdw1qRWqr7T827YfeiHWnpqvxw1ChpOF3ODq5Hf0+2MbthrKjNQ4R
oSdVNv7MM9Xfb2AtX9nm9uHbTULYP0edsZlkfI/wm+L5nOVq8G0gOtluO6PadKj0yGu9wQrrkV+t
i0rTbMUEcCikdQvlgZpgbGC6szHbwhFpc1eC2aTBoijIxfDAqkLJVmF9qJYfUzUFbAB6wGqnvqCl
pxOcZSy1zMDpipt66N+vdle1W+EqeMZOk5xUSaml8fonWvx6ajElo9xwTV3x3NezkjfDt1l5zikI
Rk6qkn8bKPQ3gLahtwTxGybT67Ou5r/GFob12K+2mRrNUcMBMHeHMyjG8TnUceXy5Erhsv3JE7/W
x+l8glsp+k9c8Ox+mWXIeGPtOahyJgdPWPFNKS+VEcKwRWQYKuRuEesH0UpmeTtsaWCdZ9DNfsRK
3MqxTh8ZmQyuIUKIH9wlD8n09HtXcicC+XxGAXkYRjVtZR3WWpTuqwoK2UcaKuFEh3N8n6nTsoLo
ttqaifMFT4fASFfMN4OCtq9H3yGA39/fHzKgRGA9LKeSH/xwnhHwiqXGkwJtS7plzN9YxueTJE3I
sivmFJTCnNekaBe7OFphzFDPtByUgDypbIynLuqG85xOqqToiq+fgDRbIQ1DGI5DzVN7rpqorRyd
E57x2fJkoPojBajy5Rx6bTUE3x7Bv64YatCFIaspAJzgZ1Rqdqt9BjkvxV6dVgW0AuuWZR36OlM4
Taq0M+WrsTUl0LymYJd4+Iwfua6SPE5YStUl0NUupzJnYktEUbL8SONWLjycUGC5TAqxpnSurT3o
n2yJtHc4WbBHt7OSaYVPLDlohLQAu0j+E4SnWzZmmVorrGGt0qid+dzgArzAIMXLolUw2PKrYutS
/Wo2r6h5fUN6pAwahp9uxb+dklXR5H+q4hp4S2l0hvPph+WDxqglhS1e7beujKmkQPTUCdvK3zWe
X4mVp/NsLLfkKVFE+6AtUqtdYSRjlg//OexKWdcIhfmqlLSvd3K8ooe58biyxfnLtaWT2cW1wsUq
c38TNzAkglABmNHulcYnsMUv8WjCLsGwNDtT4e11JqN/8nlwedLyJSNWTqBYo+96yXeG+QUWDf2O
RDXl5QTMCf7flbPB5aA/ZBpTa1A7Y/Faq8tyvbFNes1zsBJTMwVG6xq1rs23ilUQfIkzuo9MyXSq
yVJcv9j0uT4dnN/d9EfnJ9edJaASJcisGX3X9ZVbXsqG7dN1lvUnWxLOX6y3vEUGOgG7i2LAIUdl
2n5hCdBakDr1mdiS2RHdAlcY1mPuTvSXnF3Ijc4lV1e7NPCWdYdFskjojM1Eu60jXtThw7B5u5Nn
Hk6XH+ptdBuNWoFe6DF12AnUE/BmaRTy4qVSm18vBykXiaR83V6DX5wOTlOsmskK8qKlX9VbQtPl
CHfdPktWqEschjHBBIgJw4+nJw1VW6tsSI7hZ3N2uMhkcZaVCRSvM7U6W4FebAQ8fGCQNl+L/k5H
yvcQCYwz2bQRG2oLoGEm1l9XBM3UVtSvRDac8Pnval3WAF7uor0ospf4UbXupbVkIKKCsmxNzPZ8
FWdQ+5ZMW/tZw9quoSWck4zmMJmXF580ZrxumNlghzR1RZLydtdFgdOU4fwzHo9bSwMbuJ4TPak/
RvcJVG60KwUsa3T1mgARRKRARL0yoNK070pWQ+ZJsUyr2fXpkY6v7gEPGdPbvwKwpR6R3vWS58kj
zzpbHtGQhmFNyT6d4GHyyER1pndxNsA2U9Yv29lvSSbEeJ/FeGJnz+r9TnXUUiwGLE9l4FOqKBWs
shAcol+srL+DgnGQjC8qPTwHb19kV4l561K7xpj0n5ALLzdbpzRP2vqoLcpWAVZ/37v3epBa9z6k
+JFBsXPGFp2ljC2Cdk+/Tic8G3+oVM+zBm2xumKSZAhZdndM1PjCUKFgKwNnbFRdf9Ta2RLwpIps
9QI+n4gF9R648N6wY0Ya3LKJuFcCL5qOecp5uyVaw7YtyoBv5Q8J+Xc7EKBD+/U96w3OMCzT3VkR
rv25Dq8O13OReumocxeoRmlt+N25EU1VbVtSA9gikstq9k+c/Iazdo3lvqW7K/Yj7VwSnp/yNE20
7Ugb2Av1SIEf8CLFD0Z3+8QUlGE4Z6QmYtfm7qqI0lPaDbCVCPY+DU95zlpFFl4WSXpxfXfTmc9a
E7C7TO7YkKvtW3GpeasXV+/eZgqAKwz/MUK7VeZAzwgX00Kry9fALcp/miadbdEQuMJQjv2Krazr
G631LXmkvSXvKRMd16wjnI24KFP335Q3EqMN51xbqlKA7arOq1cEWyIRd5s8yD6N2id9d3C5nLP8
Y4pzdn3a2bYhrW+6IVV9v93sm7vsFaZXkBcXHrpflfvlkQM7dhZF5GmtEK9BL/jh+aSCXAg/amz4
kGC+ko0VvjoUitH32JN2Prq7UvfXNIBWQ/S5xd7en7HYO2TlXbLTXQpfGZ5zbZvECtLSIogc5E9f
3lljDMOGjPWb3ZZ5k6wc8IpMtKXeNXBbUpKUVZLiy6qzxdLN2HvUHRVklrOTlOXaTg8NrOsV+nO3
sKgjQwWi0/G6zSziHhpN5+T1X5OoyLH3SHhxNk2y8Y8Fz+JcWxRtf/KC77rhPOqKfoGrXlnbo5xi
WaWliw3gL5TAPnmiWGl6shdfAb4YAEVx3hXlmzF3X2MRSyxkvsgOSz6XTisZj5e1VT2zweu5T3X2
7PbtBs8uKZlv2J7d4AvDZ4jZq1Ik7Per8496sdjA9Cyt1Yv7PZtm/D77kncWaTYYxSZEScQe0V5P
Vp5tZaP2Upfazv6Ek7wqxF6RIWNTuej4i6227SZ2B0vz+zeyG1lrDmMD+wsltyZiD8+Hc+2WxPp6
S2JwkTOW/YZ/8s5i6gajID3fp2b7DSeq9snLVhuuTf+EL5NshuwZaS1/vZr+DcYw/AkUhGFDx/b0
BpPJdYU/Y3Fy1Sa7UaAtU9oSOYV/fyUTqbSCTMbPWYXTevDt9UqaYNVF19dP9lm3VGgCmW2vy7gv
h63V5lScQ7WT5xJHfV1W6syvQVu2Evw59wKsRt9n+VQeynPJq4JpFaMCbsvCajcdOJkGzkOXmwnU
uzG1nq4cSfQLJX0TQZ+oMDVqtzKdNLv8tI0gCrDdBG2lPJ/PvnWW8Zx9C8PNyK9uLQGevqhWjxQu
RM8CZ5PLhFVq12IF2tK3mGOaM95ZategC8NRUpYpOzm73SPIVPgUKj89w17DdD6cdsMWLGNw/bF6
ZsfOu7flcUDBdwIkhOEZT0YJ26P98o9qybK7RN81oQBfdtnJeFJKvs6uu3Ldd1cDsf9V4gzDFRE7
3eQOFU3eNiUd/iQb+Ju8a8VALbManF/j+TWntLv9lQrKMNSoal3uurCmN2dWkN1L0062xNYhdjP4
Lgb0jCdQoX+VEZ1O+CnQIFLO5u0eLacqZwOWa+eBbGDtqq5lRa798aNh9P6rB/5SnPhzlcVJJo58
6kjzftQDQJG3okh5+woHL3/b3EKxwSNmQe7xuMNVqhe6Kvjle1w74nh1nMFcjryQIwPPOh1bhVrA
uAumZuQryIv3uIp+Ux/ql+dWT981VveG3QJhWESfGyp22Kis13b1dbumcNq74WKWZ1XRPi7jDedL
KCjFfuW96robPhpot9+Mnt7d2tpeju8f8X1ndyMJZKKYKOevzolqgsRmr5LNznI+H8kDuDZbvlTw
lpL1JGUPV+WjdggD0nz5Gzt2ghhByB6NugnjkHmoXboGsqV2uuQlJNLl5Rl4P9EbvGXUNFDQ2f2p
MypOiZX38Z/O6LB+v1M5BZY2SMgUP7DPLSfw5COVR/f5LUNdbhdSx95dRGfnd0mub/pfg9pCcpQ7
K9Q0nI/H8ob44ZePbdf26nSvRhqGC0lKGFK2eqeQt6VfihYFUviSl9vuyhM3Ql+edb1BeyHQTqDm
5RlbFPK+zC8Zuyu+bL/D6RmvcYFneHr6/UgyJFbrcLH8mmgne6xBL2+sfL6l+pYaat1SXVGwzy5R
2TzTO9xrUHuxIvhTb5+lXJxt/rb7Z8UO9dHNqLWJfiRPaX8pT6B4hlyjM2fXDLrr3iLIcc+YXsiu
QX9hCi4JkBn42T5lLFtvA9WSBQ3cdnPmn5F6qiOCUunj79Ahxpc4G+tSWcO2LZM0Ntn7v55otNNe
tOx9xrP6ZphWT2/bPmRlx4limfpNNs/0r3byGGuG9quvTifauXxrULu6atfydfWz330dm7LmuWMn
5QpfIe5ZEnuKFgmvisF5fwU/+EXlJYjdvOug7pJoxFk2OJuKW0uGYjO32rZufbAlr3z8Prj9cnFy
fX77/dE2LdCisDIM7DFQhV5SFBUrejkTh/cKxao/M+8SoBe8f+8iKS8bOluI9p/5Zn4UFVSq1WcU
8wWt06dgV4X7Qz089XA5E88IkEfNimd5HIoT2sVd9vIAc3HOKoYYwkq2ciOQOrOseUDGfw5km115
sEdEmocwrCEEp0w8FESD8dkPystM7CNWoM2ptBtAlafqNa2PQ15fx0laH7W8hoxn2mNGJrjQaEnA
whcqQDw8ROqLJ/VlFokD3EUKsvlK0TzTRIXNic717frMfe2XcpILHUSTaqZChoPP6uVsWfw7lc9G
ad715OHPZh8yx15fPGjFMWzDg7d/v6Lvex4h8Ddwmes5sUs9kzkkNmLT9WLbZ8j1iHhSBqj738XR
vcqRvesBl1jK32zuQHpM5vXeA0d2RB/rJ1msvw2XDzNdJlywYxqGhZApspnB2Rdtqij/IVlpAwGU
6OIEvcuKQvtifXLtt2ttjloUwKV4eIjOFgDv86SlHcpjRkQgR+IhOkDwRFfOjW38IJMqm6qPcBFT
lIzrR7s0LQsxTbRogq6YALmIQqPVY0SEHufLecmbDfECMKZPZJ5oaiLnxlJB6wOux1WtjCtyvoN1
9b4MCCYTZTb/+OP/AQn1GY4=
===END CRASH DUMP===
