PocketMine-MP Crash Dump Mon Nov 16 15:30:57 +07 2020

Error: surva\worlds\form\SettingsForm cannot implement pocketmine\form\Form - it is not an interface
File: plugins/Worlds.phar/src/surva/worlds/form/SettingsForm
Line: 13
Type: E_ERROR

THIS CRASH WAS CAUSED BY A PLUGIN
BAD PLUGIN: Worlds v3.0.6

Code:

Backtrace:

PocketMine-MP version: 3.15.2 [Protocol 408]
Git commit: 0000000000000000000000000000000000000000
uname -a: Windows NT WIN-4A4JKK157BG 6.3 build 9600 (Windows Server 2012 R2 Standard Edition) AMD64
PHP Version: 7.3.23
Zend version: 3.3.23
OS : WINNT, win
Composer libraries: 
- adhocore/json-comment 0.1.0@8448076039389f558f39ad0553aab87db3f81614
- ocramius/package-versions 1.5.1@1d32342b8c1eb27353c8887c366147b4c2da673c
- pocketmine/binaryutils 0.1.12@566fa87829e007eda0bd96e39fe20b9b0d638132
- pocketmine/callback-validator 1.0.2@8321aa3ccfe63639b0d08f0cbf270755cfc99fe2
- pocketmine/classloader 0.1.1@7c0363491d1ce8f914fe96d41a4338c982adedff
- pocketmine/log 0.2.0@e59bedb5d4bbeb9a26647cb7c367cb2fa72addfa
- pocketmine/log-pthreads 0.1.1@9bbcef398b01487ab47c234a6a7054722abbe067
- pocketmine/math 0.2.5@8c46cfa95351fb0b2b30739a381310941934b55f
- pocketmine/nbt 0.2.15@f8a81d37d24eb79fb77d985a52549d68955bc6a1
- pocketmine/raklib 0.12.9@5f2a02009f486ca4d90892814570fa13ebdc078d
- pocketmine/snooze 0.1.3@849510fa62e57512b8467e3694e9b3add97038fd
- pocketmine/spl 0.4.1@ff0579a0be41bbe65d3637607715c0f87728a838
- doctrine/instantiator 1.3.1@f350df0268e904597e3bd9c4685c53e0e333feea
- myclabs/deep-copy 1.10.1@969b211f9a51aa1f6c01d1d2aef56d3bd91598e5
- nikic/php-parser v4.10.2@658f1be311a230e0907f5dfe0213742aff0596de
- phar-io/manifest 2.0.1@85265efd3af7ba3ca4b2a2c34dbfc5788dd29133
- phar-io/version 3.0.2@c6bb6825def89e0a32220f88337f8ceaf1975fa0
- phpdocumentor/reflection-common 2.2.0@1d01c49d4ed62f25aa84a747ad35d5a16924662b
- phpdocumentor/reflection-docblock 5.2.2@069a785b2141f5bcf49f3e353548dc1cce6df556
- phpdocumentor/type-resolver 1.4.0@6a467b8989322d92aa1c8bf2bebcc6e5c2ba55c0
- phpspec/prophecy 1.12.1@8ce87516be71aae9b956f81906aaf0338e0d8a2d
- phpstan/phpstan 0.12.48@d364cfbac9ffd869570cdfea7eaa6541c3dac666
- phpstan/phpstan-phpunit 0.12.16@1dd916d181b0539dea5cd37e91546afb8b107e17
- phpstan/phpstan-strict-rules 0.12.5@334898a32217e4605e0f9cfa3d3fc3101bda26be
- phpunit/php-code-coverage 9.2.0@53a4b737e83be724efd2bc4e7b929b9a30c48972
- phpunit/php-file-iterator 3.0.5@aa4be8575f26070b100fccb67faabb28f21f66f8
- phpunit/php-invoker 3.1.1@5a10147d0aaf65b58940a0b72f71c9ac0423cc67
- phpunit/php-text-template 2.0.3@18c887016e60e52477e54534956d7b47bc52cd84
- phpunit/php-timer 5.0.2@c9ff14f493699e2f6adee9fd06a0245b276643b7
- phpunit/phpunit 9.4.0@ef533467a7974c4b6c354f3eff42a115910bd4e5
- sebastian/cli-parser 1.0.1@442e7c7e687e42adc03470c7b668bc4b2402c0b2
- sebastian/code-unit 1.0.7@59236be62b1bb9919e6d7f60b0b832dc05cef9ab
- sebastian/code-unit-reverse-lookup 2.0.3@ac91f01ccec49fb77bdc6fd1e548bc70f7faa3e5
- sebastian/comparator 4.0.5@7a8ff306445707539c1a6397372a982a1ec55120
- sebastian/complexity 2.0.1@ba8cc2da0c0bfbc813d03b56406734030c7f1eff
- sebastian/diff 4.0.3@ffc949a1a2aae270ea064453d7535b82e4c32092
- sebastian/environment 5.1.3@388b6ced16caa751030f6a69e588299fa09200ac
- sebastian/exporter 4.0.3@d89cc98761b8cb5a1a235a6b703ae50d34080e65
- sebastian/global-state 5.0.1@ea779cb749a478b22a2564ac41cd7bda79c78dc7
- sebastian/lines-of-code 1.0.1@6514b8f21906b8b46f520d1fbd17a4523fa59a54
- sebastian/object-enumerator 4.0.3@f6f5957013d84725427d361507e13513702888a4
- sebastian/object-reflector 2.0.3@d9d0ab3b12acb1768bc1e0a89b23c90d2043cbe5
- sebastian/recursion-context 4.0.3@ed8c9cd355089134bc9cba421b5cfdd58f0eaef7
- sebastian/resource-operations 3.0.3@0f4443cb3a1d92ce809899753bc0d5d5a8dd19a8
- sebastian/type 2.3.0@fa592377f3923946cb90bf1f6a71ba2e5f229909
- sebastian/version 3.0.2@c6c1022351a901512170118436c764e473f6de8c
- symfony/polyfill-ctype v1.18.1@1c302646f6efc070cd46856e600e5e0684d6b454
- theseer/tokenizer 1.2.0@75a63c33a8577608444246075ea0af0d052e452a
- webmozart/assert 1.9.1@bafc69caeb4d49c39fd0779086c03a3738cbb389
- pocketmine/pocketmine-mp 3.15.2@d7a66ad7559f23d24ffe95813421a720203109b1

Loaded plugins:
Slapper 1.6.1 by jojoe77777 for API(s) 3.13.0
WorldProtect 2.3.8 by aliuly for API(s) 3.0.0
MineReset 3.2.0 by Falk for API(s) 3.0.0
SimpleWarp 4.0.1 by Falkirks for API(s) 3.0.0
MSpawns 2.2 by EvolSoft for API(s) 3.0.0
RedstoneCircuit 2.0.0 by tedo0627 for API(s) 3.6.0
BlockProtect 1.0.0 by DarkByx for API(s) 3.3.1, 3.3.4, 4.0.0
Worlds 3.0.6 by survanetwork for API(s) 3.0.0
BuilderTools 1.2.0-beta2 by CzechPMDevs, VixikCZ for API(s) 3.0.0
StairSeat 1.5.5 by korado531m7 for API(s) 3.14.0
DevTools 1.13.0 by PocketMine Team for API(s) 3.0.0
KhungLong 1.0.0 by xXNiceYT for API(s) 3.0.0
NameTag 1 by MTwins for API(s) 3.0.0, 4.0.0
InvCrashFix 0.0.1 by  for API(s) 3.14.0
NoFallDamage 1.0 by DeveloperNeb101 for API(s) 3.0.0
KeepInventory 1.0 by KhoaGamingPro for API(s) 3.0.0
NoAdvertisingPE 1.0.1 by Vaivez66 for API(s) 3.0.0
AutoXP 1.0.1 by JackMD for API(s) 3.0.0
DanhHieu 3.0.0 by padreon for API(s) 3.0.0
AntiSpam 1.3 by xBeastMode for API(s) 3.0.0
CustomAlerts 2.1 by EvolSoft for API(s) 3.0.0
BuyceUIEF 0.4 by UnknownOre for API(s) 3.0.0
InvSee 1.0.0 by BlockHorizons for API(s) 3.0.0
SlapperRotation 1.2.1 by jojoe77777 for API(s) 3.0.0
MenuUI 2.0 KSCore by KaysilGMVN for API(s) 3.0.0
sblevel 0.1 by AmGM-Encode for API(s) 3.0.0, 2.0.0
ChoDenUI 3.5 by BlackPMFury for API(s) 3.0.0, 3.2.0
AntiTNT 0.1 by Adam1609 for API(s) 3.0.0
Kickk 1.1 by MCPEVN-TEAM for API(s) 3.0.0
Warps 2.0 KSCore by KaysilGMVN for API(s) 3.0.0
LoadWorlds 1.1 by shin for API(s) 3.0.0
DEVirion 1.2.5-ALPHA12 by poggit, SOFe for API(s) 3.0.1
ShinPickaxeLevel 6.0.0 by shin for API(s) 3.0.0
BuyFix 1.0.0 by HumYaiJang for API(s) 3.0.6
MuaDanhHieu 3.5 by BlackPMFury for API(s) 3.0.0, 3.2.0
TableSpoon 0.0.7-ALPHA by CortexPE, Xenophilicy, HyperFlareMC for API(s) 3.13.0
Minerloot 1.0.0 by Distoxicqted for API(s) 3.1.4
OrionTasks 1.0.0 by Clik for API(s) 3.0.0
QuyenVipUI 1.2 by NightBlackDM for API(s) 3.1.1
SkyBlockUI 2.0 KSCore by KaysilGMVN for API(s) 3.0.0
MysteryCrate 9.1.1 by JackMD, DaPigGuy for API(s) 3.9.0
essentialsTP 1.2.2 by  for API(s) 3.0.0
EconomyAPI 5.7.2 by onebone for API(s) 3.0.0
KingOfTheHill 3.0.0-ALPHA1 by Tethered, iZeaoGamer for API(s) 3.0.0
iProtector 3.1.1 by LDX for API(s) 3.0.0
MuaCoinUI 3.5 by BlackPMFury for API(s) 3.0.0, 3.2.0
EnchantUI 0.4 by UnknownOre for API(s) 3.0.0
SETVIP 2.3 by MCPEVN TEAM for API(s) 3.0.0
Eff 2 by AmGM for API(s) 2.0.0, 3.0.0
DeTuMF 3.0.0 by CLADevs And Shin1134 for API(s) 3.0.0
Banking_vonfram 1 by Noob for API(s) 3.0.0
GCPClan 1.1 by InstantlyTa for API(s) 3.0.0, 4.0.0
PECollide 1 by saxavlax001 for API(s) 3.0.0
CachMuaLand 1.2 by Noob for API(s) 3.1.1
AutoFix 1 by Noob for API(s) 2.0.0, 3.0.0
Eternity 1 by minefore and shin1134 for API(s) 3.9.0
PointAPI 2.0.9 by onebone for API(s) 3.0.0
Weapons 1.12.0c by xBeastMode for API(s) 3.0.0
PlayerVaults 3.2.0 by  for API(s) 3.0.0
PurePerms 1.4.2 by 64FF00 & ProjectInfinity for API(s) 3.0.0
ScoreHud 2.0.0 by JackMD for API(s) 3.0.0
NameCorrector 1.0.0#build011 by PEMapModder for API(s) 3.0.0
Alias 1.2.0 by Ghast Noob for API(s) 3.0.0
TheoDoi 1.2.0 by HotshotHD & CodeRed2019 for API(s) 3.0.0
ShopUI 0.0.1 by InstantlyTa for API(s) 3.0.0
OreGenerator 2.0.0 by vividmemory for API(s) 3.0.0
KitUI 1.3.5 by Infernus101 for API(s) 3.4.0
NoTP 1.0.7 by awzaw for API(s) 3.0.0
PureChat 1.4.11 by 64FF00 for API(s) 3.0.0
AutoInv 1.0.0 by Nope for API(s) 3.0.0
DOLNapTheUI 1.0.87 by Shin1134 for API(s) 3.0.0
FormAPI 1.1 by jojoe77777 for API(s) 3.0.0
ItemDropText 1.0.0 by AlexItz16 for API(s) 1.0.0, 3.0.0, 4.0.0
AuctionHouse 1.0.7 by Shock95x for API(s) 3.0.0
ChongBug 1.0.0 by shin1134 for API(s) 3.0.0
1vs1 1.0.1 by VixikHD for API(s) 3.0.0, 4.0.0
PiggyCustomEnchants 1.4.6 by DaPigGuy for API(s) 3.2.0
ShellyEssentials 1.0.2 by Shelly7w7 and BlazeTheDev for API(s) 3.0.0
Sell 2 by Muqsit for API(s) 3.0.0
SizePlayer 1.0.3 by  for API(s) 3.0.0
SkyBlock 1 by KhoaGamingPro for API(s) 3.0.0
RankShopSystem 1.0.0 by zZPROGAMERZz423 | §eFor issues report by §2Visiting GitHub.com/zZPROGAMERZz423 for API(s) 3.0.0

----------------------REPORT THE DATA BELOW THIS LINE-----------------------

===BEGIN CRASH DUMP===
eNrFXGtz2ziW/Ssq79TWblUkE+C7P9mxncckdry2Ot2T4VYKBECLbYrUkJRsebb/+x6AlETQaUu2
1dVdMzF5JV2cC9w3Qfz7ICnKKau/L2RZpUV+8JP95qBOp/LgJ+JZrktcx/XfHMiyLMqDn/59UC9n
+Ojg7PvZ1dWXq4M3B1NZVexG0ap5uWBRdFeUmaiiSPGNomtZ12l+U73D3YCzPC/qQTqdZXIq83ow
K/itrKdpLlff198bDlJ8qxqoL7N8kOa1LBPGJYZL0kyNNcvmN2leHf6iBxvNJqw8rEp+qDEcNhAO
FcfDLgD8PsNYEM3+/U3L43uaL4psofGAsUhLyeuD1aegNEOAwguBn/7zfzE/pQKjL29kLkuWqanJ
mZq1g0st0znGGZ5f4mcxq+Rmdg/sEXFHVNHnaSYAJSDum4O0+i7k4uCnhGWVxOBlURe8AFvHCjBI
qqBZO/4H3vMWyy9pLoq7anAxHvzy8WLoHDt///SJuP7b9wNvZA80hEHoWdbgv1ZfvZYlwA6oRejg
ig6ua5YLVorBmUhrSPDfg+PzU89REzSZYQR/ZI+ojdsHmQstXnuPj78XlcLw8eJiDIK+ucOUqpmc
zopKlt+zNC5ZmcpKzR8TE8hcysPfqiIf4jvtklgjMrKOAscJLN+z7NAOwsR1g8QOmYCG2ozFgS9i
OwmIRxSygpdsms6rwxnjt9DNYTv7CgAZuSNyRIRNbYfGAScypr7t2jwIAp/bHjj4scOpYJ5vcyXH
WkUP4zRn5XJep1nVwiL0yPW8hAV+QENpWb4UzIpF6Ek7TCS14jC2hGcHxKYmK86yLAa64YJlqWC1
Mi5gs0b0KLApYczmPJGe7dmKgxUkFo8T6lu+6/KEh4p5j2HGqiormJDlCtuRzy0wcEIiCJdBEhIn
kaEnHMIc2w54GFB8XSSJySkrbjQHikmXbhhLEbvCiWMZh4x6nuPzWE0U/tCE+WAhEvaIw3BWT0rJ
xHqijsI45hJrFsQWcQKfxWCENWAe8y3X8SllGMLyfJMVPNOkReMeBdzxeMJC13ZJElsxjW3Lhxao
+SVW6JDQdmLX7cmTx3XLgbhHScACLL4vqCNjP0xi3xdh4DKXuk4ovCB03Zh7jJgsSnYLTW1EoaPw
yE0os6hlhYkTeJw5IrSCkAYErtJKGLFlLLjlB8LkUuVF8SDbCbGh0KFL8HWPStd3CZTR8Xxpe6Ej
w9jGtIa+ZQdJn8ks0xwcTGmSWK4fQuGkQzB5niuw3DAR3ycut5LA9ynEtQNwEAWvS/V7OE1YdJ2u
Vc5WjGzXEolFvUCGluOGgAElxmwHLndtaUnbthMp1TJPl9C0uDoUUs5go7OlZkIstcJeGFNCkpC5
UGCSeNyC5gnKZOJ6QnEkbhhIF1zy9Dblh3ARwxkrK62yC0dxoUceLJvE0iaEUduSVmj5iSsSaVFi
+w5lSmgosdQuhpXDtICS5GkiK7XMUFogCVzquTIRNkv8GKbEnJgyym1HxAl3/SAQgobEtjs8ug5a
weBeHHsBdYVMAlg2symlmNLAtv0k4JIlJPTdhFmNp8P0zpW3KsrDUiYZIkjaujDNkmpjIsIiHFrm
SOHRhLqMBQ7zHZ8J2xUuI15IHc+j8VMsQY0zaAOYIooAp+WFzA9cTLxDEuhu4oSJLeHQXCcQnHAu
PQFv6T1iqgL5sJSVin2NJjjA6DEoYRyEQQiBRUixjjyA54H1c+5Jl9OYwQW1YlcziVUsi9lE8lYR
qJp+eBtotBdLH4oAbQ5dD845tDzGEguuR1oiYFS0TKCPh+3flYk5wRF02eEJfGSYJCLwQpgWhxow
XzLmuQ7htmDc87zHTIb4O8/TesWMeJh6KJ8nEGtjy7VDIZnL4QUkNNLxWBIHMYHvJv4PmFWwG14P
y3kmqxVH98i2HUyS0griSweJkrSSEL7JFnbC4YxILOAs40ZLNRqt7SqFwD+Y8SZlCrViIIQ5sQ84
gY0pg2dKBI25I/04pJg8Zlsco/m0x0ylQsMUqVFry0px3SMGXjKAR0koPIEFwayE89jzE8TJmAYJ
hWViOXrMVBZ0Kxs2yl1DH+GnfWFhyTw3doPQseBpfJr4hIeMWw5FiPL8Hpta3tf4Bwkeq2Vrj/YR
CRBefYt40rOkSx3fl0grEZngFxBt/Zi7lIvA6TNDGlpqTdcWCUVABHNCuMhQ0sRD8JJhIqBVFnVg
AT6Ckx33ELWKEGrthiPCwnk+80Pf4U7scZgJzCVJ4FgIvBNB8Ha0h6ok8ja4yRyRNd14KaL9i+NQ
6XNfegEWHxEQcdaBevqx5wVYuJg6FuWITyYftfYtHMXGP3JDakNHYPJw32FIQtiqn3gWQhuSAHB1
ETFDFv+YDYxXOS05zIridj5bTzYshiSWsnw4GxXgEIy8RBBMOcAhQClNsPtCIiNjK0VytCL5LEgS
2/IcFdV8WA0nDOkI9JQylToQyVEeUOsRn0zep/Vy7YxjFnCVT1mYkSTmiNXCsmPXcxDsbceCcvsJ
kToL2fARKQgNEhtxjodOyBAQ4E2QBEmmUdkCqNw4oNLhNrVCc7plvkjLIm9zSFeHXDsIsOZSEARt
Bg+FwaFGXijdAPlbCHceIqozbjK6nxVlLcs1HBGEHMmT7xHkj7GrcNku82KEayYRSCFUYCEaG1xu
siJmGbxJYxeunhp4Mz9EOgXhHD+IkQNRzAvj8G6wCwE15cgiuG9wUhVMNSySYVOPtCrpucSJlXHD
y8KdOV7iUksgTRLEZ45L7YS5CMyOwaqIf0NcGcocQaG7+Jhy/F65XCxWgOTMdagPh0xc5SWRfdm+
RZEwsx+ya8OV5taopAjhR2I7JpTxmPjKSAhiaoB8weahJajl2DzuqSTqsLmOyRA0V35lDU4KJK/w
366LtIsg58NdzBxKYiTHQiCBgIrIxO+xq4p5yeWwmClZ23LA1gytxHEUApsRxDxELwsBEPHdjrkl
VGxGwkBCFhgM20qYIoOyjtTsUtv3keBSO0SaGofQdnha5pOYIcNLKBTMCg0Oj3MOTiwKZSIstAhs
i2ABSODYHvc9Rzq+nSDxCbR6LqdJkS8PZ0W2RBzIhryFs4DzDlSFw23kc1ADTybIRRE7VTanHDA8
MPLswBFe7Gh9qCeykhIZAQJAnj60fk4FJh9qbXPbZognyCtRgjlIUeAMYIGI5Ki+YHsuVXnhnYyn
xQMr60PUIbJsnFyozT/hXsiZjB3hhNxWHhtabyFxhr3YPgqROEZJZ6a5m8vhdLaumo+Ezzz4fVRB
YUJtJPEJKhoXLgWLj1oEObkqBGJy8Pu6vtel5XXGZjNZdqr0FeXNwWYVyMgbqcyfzetJUeKH/zz4
rfitkL767wDFPpuliggwWDBFkDmLM4m6ty7nKNuFnKEKrprOQFUk9WmXMGW6n1A1I0fROdPFsCra
VNvgy/X4ly9Xn0+byaxS7ScmdT2rfjo8vEnryTwewb0ebiAdroSAsLpLcVkWtepebMQ0yF1ZldoG
pqyoROfZ0pDTermYDbe2HTRrEPRlvh4fX41/vtwm8fk8LZNUZqKrFqsOUF1KVSZW8NCHhrSYFNWE
uYJyd2dkQ+tOh6303ZyOdyy73ddkJOCVlrdVFCnspRoec9FB8qQSKFGuddPsF1bOukq8IXaFUV6S
PBZGAXidQGBT1eOS5VWiTec6K+46t2ewfFVaZtXl2cGPhK803jvgjSID+1bxz69n7K6x5dU6thRT
qakp9tmiyK4hwr7WsR0Ua7cefQdVvru7G0kgUVxH9a2S50qKqi5yeZKWfJ529bP/iSmf1dfSWorC
8qjpnryXS1i2w+9iqkqQt6oafex3DLLpYx+JcMrK27fLe0MCWyuw+qsilPOaNetCiaIesK2K13Z/
ex616jkPa+SZMuk+dC5reL+9OZFef30NZKcA0rrLkWYyapEd/kfDTC+k6gXLclwUWVdcg2wuJLRx
GMua9Wzu5EHyyeX5qVyoH3xN79Pbk2/7mgOumM+mAsyjKG6w1QobVtZE+tyw2oF9aLBSzrdmaXkt
WVfDNzRzVtyRa87HbVEyUbg2mfZyCOfl09DhCU+6QtK53EW1IWp/tdckUyad7hhCbR5yDMaSTfe1
vKvxo6iD5HnJwgbZ4ZoHhP00mec3n4v8piPthrbFQ93/epFy+Y/x3sRM82K3/E9BvwDaMesCX1EM
2Cbk8/Gdyn37gF/pS5P0XmWun5vnDDtg/5gvTkpWTd6l9x38XWpXButR4rIvg5nO/wVUUZTmC65G
hiDPEeOiQAKVnbKpbttt1qFL7ulQL8bJhcxU5XkhY2KRPdpLl20UdRHtrmGfpJxhTXRjeNk1EIP+
pICfJgV7z5Dd3iC47ks8g2kUGXCeYT/FsQDyOq0UozNj/cxP+m6gZ1NfWbqQD563L/FW/NSyGUB6
hF2EPJ7Xxa+XHdlawhaR/s747fnpvgRquEVRM/aLK9yGzWErgYpULJ98SOW8G6lWpH4i1tPLGROl
xId7krBlF0XjtK4zeXx6tbseHqM2Qtkw7S7SimQuk90LP28l6q5z1e7bkxj3seI4BccoUk8DK2CY
Ks++AjTt+sU/yv1P5igVpscZ9LSbRBhks3whf2551h05ino4XlaovZ0vufz549k7Iyde0czg5ZjS
/Zzf5sVd/qXc27JtOKp0V4PYXf3gOa+lNKOwImzJfXTB9KEo04cir/YliME0ihokzwnIbefrqqh1
K/dxY2/9Sb9m2a3B9wrZegB2X6Bzmc9//thtcTSEXgdg8On6pChlL/yyZZVm78+/XuxLDNWZqZ6j
XxWGQDbSwb+imFbSW4Dj6fvz4VnOf+Td3rQdj5euxCTF9Ffx5xbFVhFOJsWpzI01WJPMOOP2jQQh
6/L83bxc/kCIprn4Up/WAoA/01fPizfji3Ev3Iz1ZqynFkSwKfGscF+K1A66a0PpU8pvb7s5qL7v
1aO9Wufk8uzrxXB8dny+t0afZomUsx19e59ImUu3TaTv/0LT3V1PlNd91ObqEJ+c+wo2ti/cmzF3
Tx1V5shni3xUFzOdKp59TUszIqxJ/VDgDo8/X344Jr0G1qy4udGN1+sv7/o+ibw4cdRMo2ihoUSR
kKurDrwtpqH82SUUkt3Lzz1X++ijrqze46i+z2Xrj7275iGHMRsDLWFLSvJhPv0HS//OUBmZIngv
zkf0uM8I1XP2g5qkS/0Lw8UJMLTxQl3uLtVYDXc9Kwzr6RD7rRq/sZ9e+1dtlrjXxfSvMi9mkzRL
uWoefFgiK3qXsVKen+ztYWpnCNRka6jd6+12pZqFZVYU/ceEDW3b04sUVcZ9yv9VA7ohFuqBF/cH
NzyjqH6GRX1RnmTMqtuuL+8QtwhzkqV7e1yheEWRHvsFTZv/mS9l/jWdGclYh9jz5aYYF+nNpNZG
dnreW5MXO/CvHy/V0yPNM4pWILYXKrdLXewYcnSIf02GsAHwDJ+3VM/Ylyel3sG0MZQuuStNOCJ/
0G1SDZ3L9Ob93PR+4esbT10wr20/GYJBfrl+uj3u9tkMcj/DoH/YzH7F4nVHjKLe+FuX8YwXeTFd
Hl92FbJD7Irgjvy+aRW5jPH/fSliyw5iNAjAM4oMNNub12l+8yUZT+SHNMuMwqFLf9QmbHM/U7qx
rCeylOLNIP0mWfGeqT7YnkS9LWrE4k/4d1eLS9vn1EV341KHaMr0yNo+n/66t8z89Nco2oz8YtMC
n6EqrQ47UjTp1EmRmoX3hvZXpVJA8I0XqoVwWqTj9Dml91nOJyyvDYE2tL+wa7gGsbss12djxL5u
9GoIvd1kPyrJB39GSX4ta0TfnVZB7SHezL/eYtzB/LgP1YFK1xr0CsgYkkSR4kx2n+9TOZ6fvzMe
ymvClgcdJ5+P1d6FwXEuBqoiI8R29pbKNbz1lrVntTTfsvwWbvj7osiT0njy0f/kiUfZF0UR70sS
xQtpHAbfXYj3J5cnGevWRCvKk52Rj82bVtlyzPb9GD5dsa5ZFCWccYCJoncnxy2qXbom+NlMjha5
kvDy7KTIslR087oN7Ymlqdg9W2Ts3trfI+0OyyiaIS3QIHbtHp4wPoHf/szUy6ibJm6H+nTh0Fe1
VxQMWAoUb7lWuOmcZc3gOz3INZsiK8ruJrIX59Ug3wy+3d0iXc71mx8bn7siPYFd7YhNUPMMMEGD
6kee6xWFwYo5liDZ3eIvEfVrM0Nek/r7McM/NT8WhXqV+XUJ8i+SzQpj7+yK0vNfEIf/6U+e1xyj
qIWxvthpaTK2lOVXNs+MZ84G+emN3XsSZLWjaKZHXuiRo6iHY7s481JeynJqyLKmmevj9L2V57x7
Z1mD/xwgmVZv3nzMk1Rb255E/N4MAKlWiDqXL8j+9W/bbfsbPirFVK/9f5h3XfaatGX/85+zgWU1
+vM26Z0UZdkv10z6o/bbf+g9rBbp+cTLs3M2g5GI/ZWfHZZRZKDq3e4UpLKUdVW2uX+0PdgU6v0E
lj/YZzanh23W6ESdf7BTk3siC9Rz3Q53S9kC/0NRV5Oi/nAKgzuB/7qSglpkb49J+VSoAwL0m0En
U3HdXO9UoE0Ks03aEp7eWflkfvqUDN1m0VN5HEDMEavWYHboXcv3+jQV04IM8hZvsEgXqZjKaVHu
zQl2h4+i9lLu1pgyGwDNfW+nV7+fAR+OlGle9TeJvmLva4eleqD9rOL/ojCanfq278T83mtkdw/s
bm9vkSlmKouuZy9uOjWA2mB7MjF28a9J/VDb98hNKHyeoWxi3I/epNIHOlRqt6x6UrZIi3l1eTZc
0Q/+IAwrsJurPQRhzaatOz7mi17doShbnhldwE/tLUiNP6Hk+Hn85ePF12d0TL58vmAzuHHD3LrU
vghBT2f33TDpjL27GOqEKrPoWFGe7DPsfwfbhmNzHhcgrC922mlYy+lpWczG+qXtzX7DLnmLUh1n
8v5j/UC6e62JUdW+soWiwCggz9hONdeW+QF2Kg0r6ZC3uEbEQn4buvevfAvTDMCbeKt5RxFrEE0U
IlXAG/h22QOX37yd35h74BrSlkWr9mxFK6vUWxlWCLYKQBYV6YDXt9s29quX1D6c7rtNt1BsJygi
ilwuKv2Y60suv1b45wWO+z2bstuTb4daIBXN0pubZbPHue3qG0XkDz7txziv/x7mDx7KvuL5yYof
wtVjMM94/jCRWbbcvFtsJLq9j/rrTPv2p77v3/m61/Q2Yw8SPvpULvansSagZ0gpjYeX+vaJpxXn
uvuwN9gY7YNuV+4MN32QTa/DeB19TewvhP1ntGD0eJ/VeOp18tX1c3Zl/GBPxlOtyj2+5GQ+cm9f
WoSLWHZc+vnyMitUhNJ/tze/r1h+q8qta7VzofuwpffBFjf+8O3y6sv74/Ozq28PDrUH/zeI5pbF
fIkUYJBW1VxWg1KqQ3EG8bL9jH5NAQQTM3if1h9aj9Vj9PzkuU1xN6lHt/vUoa56s0/oijkFuyr6
791DSUbLqTp7Tx/hos7IHKmTz9Q7WvpgMHV+CSsx37Vc6TjSC5m3B0/++0Dv6+kcmBnz9nDDNYWz
TKrDNg1aMf0uijpXZ1h0qO1pLxvCvMy696I5Zmh9n6RZc4TRmnIzNY7vnLDKwJJCPRddgjqUU+uL
r/VlGquD0dTrtJuvVO1ZoV3ajJtSX63PsjN+qSe5MkkinU+7lOvLz93b6bL6V6bPHG2vBvpQJToU
cjEYqgNMXcuxfFz+7aP4aeBzjv+FnvR8N/GET6XLEyuhnp84gSSez9UJlFD3v6kjcTpH4awHXDK9
/nTUvPz4kM6adNzVj/AfmhMi19/G7f3UXJNCiUMtyyaEqscGl6dfjKkSxXctSp8IUmouJ/Quryrj
i815Gr+eG3PUQ4BbdSinKRaId2Xa047O8Z0qByDqcFoAnpjKubGN73wyz2+7R6OqKUpvmiNT2/0p
appE1XbX1ATo10NEvDqeU+lxuZzVhSY0R0DciEdrnhpqoufG7pLWB0fdzBtlXMH5BusafLnkjE86
s/n77/8PFfnU3w==
===END CRASH DUMP===
