PocketMine-MP Crash Dump Mon Nov 16 15:29:11 +07 2020

Error: surva\worlds\form\SettingsForm cannot implement pocketmine\form\Form - it is not an interface
File: plugins/Worlds.phar/src/surva/worlds/form/SettingsForm
Line: 13
Type: E_ERROR

THIS CRASH WAS CAUSED BY A PLUGIN
BAD PLUGIN: Worlds v3.0.6

Code:

Backtrace:

PocketMine-MP version: 3.15.2 [Protocol 408]
Git commit: 0000000000000000000000000000000000000000
uname -a: Windows NT WIN-4A4JKK157BG 6.3 build 9600 (Windows Server 2012 R2 Standard Edition) AMD64
PHP Version: 7.3.23
Zend version: 3.3.23
OS : WINNT, win
Composer libraries: 
- adhocore/json-comment 0.1.0@8448076039389f558f39ad0553aab87db3f81614
- ocramius/package-versions 1.5.1@1d32342b8c1eb27353c8887c366147b4c2da673c
- pocketmine/binaryutils 0.1.12@566fa87829e007eda0bd96e39fe20b9b0d638132
- pocketmine/callback-validator 1.0.2@8321aa3ccfe63639b0d08f0cbf270755cfc99fe2
- pocketmine/classloader 0.1.1@7c0363491d1ce8f914fe96d41a4338c982adedff
- pocketmine/log 0.2.0@e59bedb5d4bbeb9a26647cb7c367cb2fa72addfa
- pocketmine/log-pthreads 0.1.1@9bbcef398b01487ab47c234a6a7054722abbe067
- pocketmine/math 0.2.5@8c46cfa95351fb0b2b30739a381310941934b55f
- pocketmine/nbt 0.2.15@f8a81d37d24eb79fb77d985a52549d68955bc6a1
- pocketmine/raklib 0.12.9@5f2a02009f486ca4d90892814570fa13ebdc078d
- pocketmine/snooze 0.1.3@849510fa62e57512b8467e3694e9b3add97038fd
- pocketmine/spl 0.4.1@ff0579a0be41bbe65d3637607715c0f87728a838
- doctrine/instantiator 1.3.1@f350df0268e904597e3bd9c4685c53e0e333feea
- myclabs/deep-copy 1.10.1@969b211f9a51aa1f6c01d1d2aef56d3bd91598e5
- nikic/php-parser v4.10.2@658f1be311a230e0907f5dfe0213742aff0596de
- phar-io/manifest 2.0.1@85265efd3af7ba3ca4b2a2c34dbfc5788dd29133
- phar-io/version 3.0.2@c6bb6825def89e0a32220f88337f8ceaf1975fa0
- phpdocumentor/reflection-common 2.2.0@1d01c49d4ed62f25aa84a747ad35d5a16924662b
- phpdocumentor/reflection-docblock 5.2.2@069a785b2141f5bcf49f3e353548dc1cce6df556
- phpdocumentor/type-resolver 1.4.0@6a467b8989322d92aa1c8bf2bebcc6e5c2ba55c0
- phpspec/prophecy 1.12.1@8ce87516be71aae9b956f81906aaf0338e0d8a2d
- phpstan/phpstan 0.12.48@d364cfbac9ffd869570cdfea7eaa6541c3dac666
- phpstan/phpstan-phpunit 0.12.16@1dd916d181b0539dea5cd37e91546afb8b107e17
- phpstan/phpstan-strict-rules 0.12.5@334898a32217e4605e0f9cfa3d3fc3101bda26be
- phpunit/php-code-coverage 9.2.0@53a4b737e83be724efd2bc4e7b929b9a30c48972
- phpunit/php-file-iterator 3.0.5@aa4be8575f26070b100fccb67faabb28f21f66f8
- phpunit/php-invoker 3.1.1@5a10147d0aaf65b58940a0b72f71c9ac0423cc67
- phpunit/php-text-template 2.0.3@18c887016e60e52477e54534956d7b47bc52cd84
- phpunit/php-timer 5.0.2@c9ff14f493699e2f6adee9fd06a0245b276643b7
- phpunit/phpunit 9.4.0@ef533467a7974c4b6c354f3eff42a115910bd4e5
- sebastian/cli-parser 1.0.1@442e7c7e687e42adc03470c7b668bc4b2402c0b2
- sebastian/code-unit 1.0.7@59236be62b1bb9919e6d7f60b0b832dc05cef9ab
- sebastian/code-unit-reverse-lookup 2.0.3@ac91f01ccec49fb77bdc6fd1e548bc70f7faa3e5
- sebastian/comparator 4.0.5@7a8ff306445707539c1a6397372a982a1ec55120
- sebastian/complexity 2.0.1@ba8cc2da0c0bfbc813d03b56406734030c7f1eff
- sebastian/diff 4.0.3@ffc949a1a2aae270ea064453d7535b82e4c32092
- sebastian/environment 5.1.3@388b6ced16caa751030f6a69e588299fa09200ac
- sebastian/exporter 4.0.3@d89cc98761b8cb5a1a235a6b703ae50d34080e65
- sebastian/global-state 5.0.1@ea779cb749a478b22a2564ac41cd7bda79c78dc7
- sebastian/lines-of-code 1.0.1@6514b8f21906b8b46f520d1fbd17a4523fa59a54
- sebastian/object-enumerator 4.0.3@f6f5957013d84725427d361507e13513702888a4
- sebastian/object-reflector 2.0.3@d9d0ab3b12acb1768bc1e0a89b23c90d2043cbe5
- sebastian/recursion-context 4.0.3@ed8c9cd355089134bc9cba421b5cfdd58f0eaef7
- sebastian/resource-operations 3.0.3@0f4443cb3a1d92ce809899753bc0d5d5a8dd19a8
- sebastian/type 2.3.0@fa592377f3923946cb90bf1f6a71ba2e5f229909
- sebastian/version 3.0.2@c6c1022351a901512170118436c764e473f6de8c
- symfony/polyfill-ctype v1.18.1@1c302646f6efc070cd46856e600e5e0684d6b454
- theseer/tokenizer 1.2.0@75a63c33a8577608444246075ea0af0d052e452a
- webmozart/assert 1.9.1@bafc69caeb4d49c39fd0779086c03a3738cbb389
- pocketmine/pocketmine-mp 3.15.2@d7a66ad7559f23d24ffe95813421a720203109b1

Loaded plugins:
MSpawns 2.2 by EvolSoft for API(s) 3.0.0
BuilderTools 1.2.0-beta2 by CzechPMDevs, VixikCZ for API(s) 3.0.0
KeepInventory 1.0 by KhoaGamingPro for API(s) 3.0.0
SimpleWarp 4.0.1 by Falkirks for API(s) 3.0.0
AutoXP 1.0.1 by JackMD for API(s) 3.0.0
Slapper 1.6.1 by jojoe77777 for API(s) 3.13.0
InvCrashFix 0.0.1 by  for API(s) 3.14.0
WorldProtect 2.3.8 by aliuly for API(s) 3.0.0
NameTag 1 by MTwins for API(s) 3.0.0, 4.0.0
StairSeat 1.5.5 by korado531m7 for API(s) 3.14.0
DevTools 1.13.0 by PocketMine Team for API(s) 3.0.0
BlockProtect 1.0.0 by DarkByx for API(s) 3.3.1, 3.3.4, 4.0.0
NoAdvertisingPE 1.0.1 by Vaivez66 for API(s) 3.0.0
Worlds 3.0.6 by survanetwork for API(s) 3.0.0
MineReset 3.2.0 by Falk for API(s) 3.0.0
RedstoneCircuit 2.0.0 by tedo0627 for API(s) 3.6.0
NoFallDamage 1.0 by DeveloperNeb101 for API(s) 3.0.0
KhungLong 1.0.0 by xXNiceYT for API(s) 3.0.0
TableSpoon 0.0.7-ALPHA by CortexPE, Xenophilicy, HyperFlareMC for API(s) 3.13.0
PiggyCustomEnchants 1.4.6 by DaPigGuy for API(s) 3.2.0
EnchantUI 0.4 by UnknownOre for API(s) 3.0.0
TheoDoi 1.2.0 by HotshotHD & CodeRed2019 for API(s) 3.0.0
SizePlayer 1.0.3 by  for API(s) 3.0.0
DanhHieu 3.0.0 by padreon for API(s) 3.0.0
SkyBlockUI 2.0 KSCore by KaysilGMVN for API(s) 3.0.0
iProtector 3.1.1 by LDX for API(s) 3.0.0
OreGenerator 2.0.0 by vividmemory for API(s) 3.0.0
BuyceUIEF 0.4 by UnknownOre for API(s) 3.0.0
MuaDanhHieu 3.5 by BlackPMFury for API(s) 3.0.0, 3.2.0
NameCorrector 1.0.0#build011 by PEMapModder for API(s) 3.0.0
InvSee 1.0.0 by BlockHorizons for API(s) 3.0.0
GCPClan 1.1 by InstantlyTa for API(s) 3.0.0, 4.0.0
AntiTNT 0.1 by Adam1609 for API(s) 3.0.0
sblevel 0.1 by AmGM-Encode for API(s) 3.0.0, 2.0.0
SlapperRotation 1.2.1 by jojoe77777 for API(s) 3.0.0
SETVIP 2.3 by MCPEVN TEAM for API(s) 3.0.0
Warps 2.0 KSCore by KaysilGMVN for API(s) 3.0.0
CustomAlerts 2.1 by EvolSoft for API(s) 3.0.0
ScoreHud 2.0.0 by JackMD for API(s) 3.0.0
ItemDropText 1.0.0 by AlexItz16 for API(s) 1.0.0, 3.0.0, 4.0.0
DEVirion 1.2.5-ALPHA12 by poggit, SOFe for API(s) 3.0.1
Weapons 1.12.0c by xBeastMode for API(s) 3.0.0
ShellyEssentials 1.0.2 by Shelly7w7 and BlazeTheDev for API(s) 3.0.0
Eff 2 by AmGM for API(s) 2.0.0, 3.0.0
Eternity 1 by minefore and shin1134 for API(s) 3.9.0
AutoInv 1.0.0 by Nope for API(s) 3.0.0
MysteryCrate 9.1.1 by JackMD, DaPigGuy for API(s) 3.9.0
PlayerVaults 3.2.0 by  for API(s) 3.0.0
Sell 2 by Muqsit for API(s) 3.0.0
KingOfTheHill 3.0.0-ALPHA1 by Tethered, iZeaoGamer for API(s) 3.0.0
PECollide 1 by saxavlax001 for API(s) 3.0.0
PointAPI 2.0.9 by onebone for API(s) 3.0.0
BuyFix 1.0.0 by HumYaiJang for API(s) 3.0.6
NoTP 1.0.7 by awzaw for API(s) 3.0.0
MenuUI 2.0 KSCore by KaysilGMVN for API(s) 3.0.0
ShinPickaxeLevel 6.0.0 by shin for API(s) 3.0.0
ChoDenUI 3.5 by BlackPMFury for API(s) 3.0.0, 3.2.0
AntiSpam 1.3 by xBeastMode for API(s) 3.0.0
AutoFix 1 by Noob for API(s) 2.0.0, 3.0.0
Alias 1.2.0 by Ghast Noob for API(s) 3.0.0
DOLNapTheUI 1.0.87 by Shin1134 for API(s) 3.0.0
DeTuMF 3.0.0 by CLADevs And Shin1134 for API(s) 3.0.0
FormAPI 1.1 by jojoe77777 for API(s) 3.0.0
LoadWorlds 1.1 by shin for API(s) 3.0.0
essentialsTP 1.2.2 by  for API(s) 3.0.0
ChongBug 1.0.0 by shin1134 for API(s) 3.0.0
Banking_vonfram 1 by Noob for API(s) 3.0.0
QuyenVipUI 1.2 by NightBlackDM for API(s) 3.1.1
KitUI 1.3.5 by Infernus101 for API(s) 3.4.0
CachMuaLand 1.2 by Noob for API(s) 3.1.1
EconomyAPI 5.7.2 by onebone for API(s) 3.0.0
PurePerms 1.4.2 by 64FF00 & ProjectInfinity for API(s) 3.0.0
MuaCoinUI 3.5 by BlackPMFury for API(s) 3.0.0, 3.2.0
OrionTasks 1.0.0 by Clik for API(s) 3.0.0
Kickk 1.1 by MCPEVN-TEAM for API(s) 3.0.0
Minerloot 1.0.0 by Distoxicqted for API(s) 3.1.4
1vs1 1.0.1 by VixikHD for API(s) 3.0.0, 4.0.0
ShopUI 0.0.1 by InstantlyTa for API(s) 3.0.0
SkyBlock 1 by KhoaGamingPro for API(s) 3.0.0
AuctionHouse 1.0.7 by Shock95x for API(s) 3.0.0
PureChat 1.4.11 by 64FF00 for API(s) 3.0.0
RankShopSystem 1.0.0 by zZPROGAMERZz423 | §eFor issues report by §2Visiting GitHub.com/zZPROGAMERZz423 for API(s) 3.0.0

----------------------REPORT THE DATA BELOW THIS LINE-----------------------

===BEGIN CRASH DUMP===
eNrFXHtT4zi2/yopdmvr3qoOWPJ7/oIGupvtBnIbpme217e6ZEkmHhw7azuBsHe++/1JdhLLsCRA
pqZrhtjHydF56bwk6997SVFOWP1jLssqLfK9n+x3e3U6kXs/Ec9yXeLaLnm3J8uyKPd++vdevZji
0d7pj9OvXy+/7r3bm8iqYjcKVs3KOYuiu6LMRBVFCm8UXcm6TvOb6gPuBpzleVEP0sk0kxOZ14Np
wW9lPUlzufy+/t5wkOJb1UB9meWDNK9lmTAuMVySZmqsaTa7SfPq4Bc92P50zMqDquQHmoaDhoQD
hfGgSwB+n2EssGb//q7F8SPN50U21/QAsUhLyeu95VNAmiEA4YXAT//5v5BPqYjRlzcylyXLlGhy
pqS2N9I8nWOc4fkIP4tZJdfS3bP3ibtPFXyWZgKkBMR9t5dWP4Sc7/2UsKySGLws6oIXQOtYAQZJ
FWnWlv+Ae9bS8kuai+KuGlxcD345uxg6R87fP38mrv/+48DbtweahEHoWdbgv5ZfvZIliB1Qi9DB
Vzq4qlkuWCkGpyKtwcF/D47OTzxHCWg8xQj+vr1Pbdw+yFxo9tp7PP5RVIqGs4uLawD0zR1EqiQ5
mRaVLH9kaVyyMpWVkh8TY/BcyoPfqiIf4jutSqx9sm8dBo4TWL5n2aEdhInrBokdMgELtRmLA1/E
dhIQjyjKCl6ySTqrDqaM38I2h630FQFk390nh0TY1HZoHHAiY+rbrs2DIPC57QGDHzucCub5Nld8
rEz0IE5zVi5mdZpVLVmEHrqel7DAD2goLcuXglmxCD1ph4mkVhzGlvDsgNjURMVZlsWgbjhnWSpY
rSYXaLP26WFgU8KYzXkiPduzFQYrSCweJ9S3fNflCQ8V8h7CjFVVVjAhyyVthz63gMAJiSBcBklI
nESGnnAIc2w74GFA8XWRJCamrLjRGCiELt0wliJ2hRPHMg4Z9TzH57ESFD5ownygEAl7hGE4rcel
ZGIlqMMwjrmEzoLYIk7gsxiIoAPmMd9yHZ9ShiEszzdRwTONW2rcw4A7Hk9YqFxSElsxjW3LhxUo
+RIrdEhoO7Hr9vjJ47rFQNzDJGABlO8L6sjYD5PY90UYuMylrhMKLwhdN+YeIyaKkt3CUhtW6H54
6CaUWdSywsQJPM4cEVpBSAPiuL6VMGLLWHDLD4SJpcqL4kG2ArFh0KFL8HWPStd3CYzR8Xxpe6Ej
w9iGWEPfsoOkj2SaaQwORJokluuHMDjpEAjPcwXUjSni+8TlVhL4PgW7dgAMouB1qX4Pp4kZXacr
k7MVItu1RGJRL5Ch5bghyIARQ9qBy11bWtK27URKpebJApYWVwdCyinm6HShkRBLadgLY0pIEjIX
BkwSj1uwPEGZTFxPKIzEDQPpAkue3qb8AC5iOGVlpU127igs9NDDzCaxtAlh1LakFVp+4opEWpTY
vkOZYhpGLLWLYeUwLWAkeZrISqkZRgtKApd6rkyEzRI/xlRiTkwZ5bYj4oS7fhAIQUNi2x0cXQet
yOBeHHsBdYVMAsxsZlNKIdLAtv0k4JIlJPTdhFmNp4N4Z8pbFeVBKZMMESRtXZhGSfVkIsIiHFbm
SOHRhLqMBQ7zHZ8J2xUuI15IHc+j8XMoAY0zWAOQIoqATssLmR+4ELxDEthu4oSJLeHQXCcQnHAu
PQFv6T1CqgL5sJSVin2NJTig0WMwwjgIgxAMi5BCjzyA58Hs59yTLqcxgwtq2a6mElosi+lY8tYQ
qBI/vA0s2oulD0OANYeuB+ccWh5jiQXXIy0RMCpaJLDHg/ZzOcWc4BC27PAEPjJMEhF4IaYWhxkw
XzLmuQ7htmDc87zHSIb4nOVpvURGPIgexucJxNrYcu1QSOZyeAEJi3Q8lsRBTOC7if8EsgrzhtfD
cpbJaonRPbRtB0JSVkF86SBRklYSwjfZwk44nBGJBZxl3FippkZbu0oh8AcSb1KmUBsGQpgT+yAn
sCEyeKZE0Jg70o9DCuEx2+IYzac9ZCoVGqZIjdq5rAzXPWTAJQN4lITCE1hgzEo4jz0/QZyMaZBQ
zEyoo4dMZUG3skGj3DXsEX7aFxZU5rmxG4SOBU/j08QnPGTccihClOf30NTyvsYfJHislu18tA9J
gPDqW8STniVd6vi+dB0XkQl+AdHWj7lLuQicPjKkoaW2dD0jYQiIYE4IFxlKmngIXjJMBKzKog5m
gI/gZMc9ilpDCLV1wxFBcZ7P/NB3uBN7HNME0yVJ4FgIvBNB8Ha0h6ok8ja4yRyRNV17KaL9i+NQ
6XNfegGUjwiIOOvAPP3Y8wIoLqaORTnik4lH6b4lR6HxD92Q2rARTHm47zAkIeaqn3gWQhuSAGB1
ETFDFj+NBpNXOS05zIridjZdCRszhiSWmvlwNirAIRh5iSAQOYhDgFKWYPeZREbGlobkaEPyWZAk
tuU5Kqr5mDWcMKQjsFPKVOpAJEd5QK1HeDJ5n9aLlTOOWcBVPmVBIknMEauFZceu5yDY244F4/YT
InUWssYjUgAaSmzEOR46IUNAgDdBEiSZpsoWoMqNAyodblMrNMUt83laFnmbQ7o65NpBAJ1LQRC0
GTwUBocZeaF0A+RvIdx5iKjOuInoflqUtSxX5Igg5EiefI8gf4xdRZftMi9GuGYSgRRMBRaisYHl
JitilsGbNPPC1aKBN/NDpFNgzvGDGDkQhVwYh3fDvBAwU44sgvsGJlXBVMMiGTb1SGuSnkucWE1u
eFm4M8dLXGoJpEmC+MxxqZ0wF4HZMVAV8W+IK0OZIyh0lQ+R4/fK5UJZAZIz16E+HDJxlZdE9mX7
FkXCzJ5E14Yrja0xSRHCj8R2TCjjMfHVJCGIqQHyBZuHlqCWY/O4Z5Kow2Y6JoPRXPmVFXFSIHmF
/3ZdpF0EOR/uYuZQEiM5FgIJBExEJn4PXVXMSi6HxVTx2pYDtkZoJY6jKLAZQcxD9LIQABHf7Zhb
QsVmJAwkZIGBsK2EKTIo61BJl9q+jwSX2iHS1DiEtcPTMp/EDBleQmFgVmhgeJxzcGJRGBNhoUUw
twgUQALH9rjvOdLx7QSJT6DNczFJinxxMC2yBeJANuQtOXM470BVONxGPgcz8GSCXBSxU2VzygHD
AyPPDhzhxY62h3osKymRESAA5OlD6+dUYPJh1ja3bYZ4grwSJZiDFAXOADMQkRzVF+aeS1VeeCfj
SfHAyvoAdYgsGycX6umfcC/kTMaOcEJuK48Nq7eQOGO+2D4KkThGSWemuevL4WS6qpoPhc88+H1U
QWFCbSTxCSoaFy4FykctgpxcFQIx2ft9Vd/r0vL8asrumsu2Ml5C3u2ttUB1Xc5m9bgo8d1/7p3O
i+yqSOo9FPpsmiqQ0pSl7mXO4kyi5K3LGSp2IacogKumKVDhNyddwITpVkI7aBStR1clG55cXR99
vf551AiySrWPGNf1tPrp4ODu7m5fghKFdb++3QNr71XhLsvrosi6TBngLmdancNY1qzH4fGD5OPR
+Ymcqx98S+/T2+Pvu2KXK+TTiQDyKIob2mpFWxT1KG2lMLq8uv7l8uuXkyflcJPW41m8jxBz0CH7
wEAF2XxGZXKWz3WWu+gIx4Sb0rFMqXweF+wjg/XdjMpiV9IwkEaRQQ4sgunOyLOCUNxd6ebZL6yc
dljrALt8KW9JTM4+sOw2LW+rtzEFNFV9XbK8SuAtQFRW3HVuT+EBVImZVaPTvbUAknbsKKo0vXeg
N4oM2jeyfzSri19HHdZbQE+dfbb/zvjt+cmuNNlgi6Jm7O1094QRN2gOWg6UbjM2ncqyq9gWYrLn
9dn7rfitkL76Z7BI7NfzWDUjv5q5NUkHSybAIQz+uGTV+EN63+GyC+1yaj1SpMGd83ruJrN/gfQo
QtXD1chJeh9FX5ru2RZWqFvCmMW1ahWv+TDAZmCx9wNTZSxLZ9liVxbZYGt779OGgr7qngsxHcWd
z9IySWUmujF42W6vS6l6chXS4QODWwjlAkK4ZjcdeSwhhvWaYji/vlMhui+Gd9p3vVocUKcy3e0V
elWztLySrKvNNcycfe6+a/JwW5RMFK5NJr3p9wYD7eCEi1xS0rnchiuEx36GsAKZPGlPYTC1XsUY
XEs22ZWhLsePog4lLzPQNWUHKxwqJVJtscdz0gD3o0SP5xNW3r5f3Bu82toDqU/nrVbZJQUZkEnY
RmVeFEcC1NdppTKI0+406z3ZEAu/sXQuHzxvVypd4ouiHiE9wNaOteq7VNNaFbGeyZJe9ctlDfd3
uyu2equZK0K2CoStv9zXSPZbyg7+0iBTjCrz/Yqyq2uqa5jJLu3bqUridsXmOilTjr5UwyNwdCjZ
qLOvUlR1kcvjtOSztMtQ/4kZEh9Nv1qKwvKo6US917NWtsNvEwibGQbBZidsonuznenVAT9bNsAd
yUy1Fy5kTCyyQ5/ZRaum1Zqi7SuHz+NZfvOlyLsReg3b4Brvf71IufzH9c54SvNie9Kv1QBX00JR
t6K9A+wnjf7w6Mvo01Gv1FVdvHvtH3+VeTEdp1nKVSH4aQHZfshYKc+Pd5Y/d4aIojWp3evNFjlK
b24WxzNY8eQ052OW113f+NRTU41O31GeMPzo48zMO+kb1Njii6IniNlev+0vfj7rcLeGmdp1TI5+
zm/z4i6/LOWuTHONMYpWRLzAVseyOCnSrqG2kEcNGZOTT0VdjYv608ngb4PjQsABC2qRcGfNmIlQ
C9C6pjueiKvmeruWw4McZWxhVqZrYN912P+xZHsD+Xq8L2o81TJYXm+VBbN8/CmVs24WvAT184qe
SqZMlBIPd8RDiw4+IK3rTB6dfH1B3+d2oTNGY450gL3YOvh8BX8ne20ttqjS7OP5t4tdcbQmYHtO
0jbpLbrm1AGaOiH99PXLya+7oh6oomg98qt7HcAzPD8enR50uACj8CAf9e4wk1UDvCElmqfzVEzk
RHUsd8R0d/goai/lNop7P1tw+fPZ6Qej47yE/YleuiViexM8n7EnvEIXahphr+B/nzGUbucfZk9o
5d3bAurxuDgGDYqZ9nJ7rlS7BZO+7M8tE/4o0fuL7sxbpDfPRqfnbHpeCNVB2ZHOOiiRxHap6t1u
w+1ZPr+S0uwiKsCGRFa7q09FmT4UebUrxgykUdRQ8pL+08fj0XHGutntEtLr05jMnDWbubLFNdt1
Cy1doq5RBCeccRATRR+Oj1qqNvpIuEj8bCr357lu3Od1en1x3e3ctxDTcfQ4PBJsQjxrZ1lQO+i2
JWGFAVB8daheQp6nevLxfIjcUS3QP9YLfVPEHafQQxV/aanYnDg03fevRa0XvR8vLqye9PPT7RYZ
3sKLScALkqHT629n3VWgFtDrufdazYjQ3y4G16dH5ztbz9Uo9Sb3b+lW61dqncvob+n7Pyd502Nv
L/SmuDvKZGlUoQbYZIT8savp3ZERLk06XreufqX2n3+aia5pLUEbUrU/ZolxOfr2ajqr5eSkLKbX
esfMOjp2wRtiJIR4f1Y/kG6LmKyymx0EF0WMImR7rk5Ov6Wl6b5WoL7fcpvuD+ltdZgWNze6CXl1
+aHvlsmrSzqNNIrmmpQoEnJ51SFvQ5D5RbJpYWxOWUJ6wR9Wx3ttufeSVfX5U3HmlQytMUZRS8bq
YivXPJZZtljvAOjOpP6jvhn2FNZ837/zBywXAyTdD/J6LE/kfGfxp0fQCxpWanfiulWlNy92vMPj
bKBDMjVm0itJx5AkihRm8gKqa1nmemvmmvQl6Jk1WrUwkMANaTVUyD8IsR1DB+EbVuJb5FE0Sbbn
RO2ZQJbd2weiIBtc20Ux3dlUGV1/hgp+vr48u/j2gtpzoVbPF8e66u4Un11wl4nwcQukDTXvnm7n
hm+POl1i3rq9xWBM9bR10/Abm2VmM7sLfn79a0fqW+4BmeqR53rkKOrRsdnfwYV0fZy6fcYXnOtB
d+bAMNonzMoXLAKl+c1lAjf6KTXoNuGP2qJtRDV5uZb1WJZSvBuk3yUrPrLJ7loFt0U9jqLP+Lst
Z6PT4yLLUtGdVGvYM+6tYvdsnrF7a3crdh2UsC/JGyK2LTpHRZrXR6Mz453SFtRPQkOTlyKXMf7f
FR+iUC9SqhVU8JAXkwWQRtFpc92Qs03X0Nzt1QI2OOpPs8k/WPp3lt/0mPFe3aTR476gnVZcj4xl
4OvH2wz93qauuwd2t7M9XQpZFOVFPX21D24IUlFH5jNj6aAF/ImV50satqrrMUr5LbuXX3oNmUeP
uix5jw1LJTC7SyDNsV9QTI+LE5kbGlmB/sTesyZAt55x9YJ0DPnz1ZRNet09DTKnjP2H1y+xwjjR
9Yt6z7UCDRPVb14SNOl2ZP+TC1bZpOm1lpBnAslFUcS7zvNz4Gw2GjeDb1ZFlrJuXtXcb1h6/jiG
zAY9+t/WZ1XDNgZ0rN5M36rGv/xywabIQYxp0YX23W/g9yvGJ4qTt+xSWY/9glaFvJ6dfzD2XGrA
hrXm4y9H6nWGwRGKrF3z0eLWG7te1GhVh2aYmcgS8uy6xO5bxWuMzREhIGF1sQ0jainm0ebCDvBZ
dnYZMtZjbh/UVUzn03m+XxdTxYxcdSyMDMUA92c8/SNKqO6IyBHN8beJgfnN+9mNGQMb0IbssNrx
BFlOOB36lhRsTm1Zfou66ce8yJPSiH79J9tHjTexcaGjhRp8+yn+P7OFzL+lU8PpdoA9Q+oRn96M
a52SnJiLKuT1LdVvZyO1O1rjjKIlEVtUtub+sea+l330s6mzPJFlPqv6uzXfsHO/gxIFbPqivWPH
jI/PZ+wLy7srEF3o89rom9IbtJDptkKTfkxmLGsG39xiXNeGnSZjt2Bc0+/u+30Odly/tujeUr6O
ZqUcyXJi9KpWsP52yx47nvPhg2UN/jYYlYV6NRq2kepu6474+9EMEEUrijqXrygX9W/bV33WeJoN
M8dFatYra9ifVbCAgu+8UOvhJ0V6nb6kYrlUSzPXrLqtjJ1ZK+CG+HOcpTvbga9wRZEe+xXvg35G
+XlruD11/2w606xaD/+IhfDl6Ju74Oplg6wo+u8/NLBN7+mkVV3cp/xfNcg0/Z3z+g3pa5xRVL+g
lCfzinS40LebXsFR71l/Otn1np25QjsG+fB580o7vstcfqvw5xXO4CObsNvj7weaId2DKcwkoQU8
/8bms3uUnuOzGzWea7WCiBm8+oqYrXfSPrGP9rk8bYfvhJsBsX2fDepadF6WPl+MskItkOvPbToW
+oCoT8WskkbbogPe0L2ECPlt6N7vjjlDTRp3FLGGorGiSHU2DPq2CsfHY+M9zRWoH4z7OxqbYPky
I1xHwadegte0V8oe1Dsl8xRcjE6HS/jefwjUitj11Q7CtEaj3sRC4q/mwZVacuuWI70HG9zrw/fR
18uPR+enX78/ONQe/N8gmlkW8yXq7UFaVTNZDUqpDsUZxIv2Gf2Wgl5MjsHHtP7U0tlD9HLJt/JZ
1/nd5KYDXa6OPOMnTBFs691/7x5Ksr+YqLP39BEu6ozMfXXymXq7UR8Mps4vYaj1ZC2XJba8r2Xe
Hjz57z3dWO8cmBnz9nDDFYSzTKrDNg1YMfkhijpXbwp2oO1pL2vArMy696I5Zmh1n6RZc4TRCnIz
MY7vHLPKoCXFLJ53AepQTm0vvraXSawORlMvk62/UrVnhXZhU25y/XV1lp3xSy3kygSJdDbpQq5G
X7q3k0X1r0yfOdpeDfShSnQo5HwwVAeYupZj+bj865n4aeBzjv9CT3q+m3jCp9LliZVQz0+cQBLP
5+oESpj7X9WROJ2jcFYDLpjWP91vXvx7SKdNduXq3e4PzQmRq2/j9n5i6qRQ7FDLsgmhauFudHJp
iEoUPzQrfSBAqalO2F1eVcYXm3M0fj03ZNSjALfqUE6TLQDvyrRnHZ3jO1WKTtThtCB4bBrnem78
4ONZfts9GlWJKL1pjkxt3+RQYhJV25BSAtBbaUW8PJ5T2XG5mNaFBjRvXt+IRzpPDTPRsrG7oNXB
UTezxhiX5HzH7Bpcjjjq6Y40f//9/wHXxNTY
===END CRASH DUMP===
