PocketMine-MP Crash Dump Sat Nov 21 09:21:46 UTC 2020

Error: Cannot redeclare MuaDoUI\Main::FurryJaki4()
File: plugins/MuaDoUI_v2/src/MuaDoUI/Main
Line: 164
Type: E_COMPILE_ERROR

THIS CRASH WAS CAUSED BY A PLUGIN

Code:

Backtrace:

PocketMine-MP version: 3.15.2 [Protocol 408]
Git commit: 0000000000000000000000000000000000000000
uname -a: Windows NT WIN-4P2C3VGUPNN 6.3 build 9600 (Windows Server 2012 R2 Standard Edition) AMD64
PHP Version: 7.3.23
Zend version: 3.3.23
OS : WINNT, win
Composer libraries: 
- adhocore/json-comment 0.1.0@8448076039389f558f39ad0553aab87db3f81614
- ocramius/package-versions 1.5.1@1d32342b8c1eb27353c8887c366147b4c2da673c
- pocketmine/binaryutils 0.1.12@566fa87829e007eda0bd96e39fe20b9b0d638132
- pocketmine/callback-validator 1.0.2@8321aa3ccfe63639b0d08f0cbf270755cfc99fe2
- pocketmine/classloader 0.1.1@7c0363491d1ce8f914fe96d41a4338c982adedff
- pocketmine/log 0.2.0@e59bedb5d4bbeb9a26647cb7c367cb2fa72addfa
- pocketmine/log-pthreads 0.1.1@9bbcef398b01487ab47c234a6a7054722abbe067
- pocketmine/math 0.2.5@8c46cfa95351fb0b2b30739a381310941934b55f
- pocketmine/nbt 0.2.15@f8a81d37d24eb79fb77d985a52549d68955bc6a1
- pocketmine/raklib 0.12.9@5f2a02009f486ca4d90892814570fa13ebdc078d
- pocketmine/snooze 0.1.3@849510fa62e57512b8467e3694e9b3add97038fd
- pocketmine/spl 0.4.1@ff0579a0be41bbe65d3637607715c0f87728a838
- doctrine/instantiator 1.3.1@f350df0268e904597e3bd9c4685c53e0e333feea
- myclabs/deep-copy 1.10.1@969b211f9a51aa1f6c01d1d2aef56d3bd91598e5
- nikic/php-parser v4.10.2@658f1be311a230e0907f5dfe0213742aff0596de
- phar-io/manifest 2.0.1@85265efd3af7ba3ca4b2a2c34dbfc5788dd29133
- phar-io/version 3.0.2@c6bb6825def89e0a32220f88337f8ceaf1975fa0
- phpdocumentor/reflection-common 2.2.0@1d01c49d4ed62f25aa84a747ad35d5a16924662b
- phpdocumentor/reflection-docblock 5.2.2@069a785b2141f5bcf49f3e353548dc1cce6df556
- phpdocumentor/type-resolver 1.4.0@6a467b8989322d92aa1c8bf2bebcc6e5c2ba55c0
- phpspec/prophecy 1.12.1@8ce87516be71aae9b956f81906aaf0338e0d8a2d
- phpstan/phpstan 0.12.48@d364cfbac9ffd869570cdfea7eaa6541c3dac666
- phpstan/phpstan-phpunit 0.12.16@1dd916d181b0539dea5cd37e91546afb8b107e17
- phpstan/phpstan-strict-rules 0.12.5@334898a32217e4605e0f9cfa3d3fc3101bda26be
- phpunit/php-code-coverage 9.2.0@53a4b737e83be724efd2bc4e7b929b9a30c48972
- phpunit/php-file-iterator 3.0.5@aa4be8575f26070b100fccb67faabb28f21f66f8
- phpunit/php-invoker 3.1.1@5a10147d0aaf65b58940a0b72f71c9ac0423cc67
- phpunit/php-text-template 2.0.3@18c887016e60e52477e54534956d7b47bc52cd84
- phpunit/php-timer 5.0.2@c9ff14f493699e2f6adee9fd06a0245b276643b7
- phpunit/phpunit 9.4.0@ef533467a7974c4b6c354f3eff42a115910bd4e5
- sebastian/cli-parser 1.0.1@442e7c7e687e42adc03470c7b668bc4b2402c0b2
- sebastian/code-unit 1.0.7@59236be62b1bb9919e6d7f60b0b832dc05cef9ab
- sebastian/code-unit-reverse-lookup 2.0.3@ac91f01ccec49fb77bdc6fd1e548bc70f7faa3e5
- sebastian/comparator 4.0.5@7a8ff306445707539c1a6397372a982a1ec55120
- sebastian/complexity 2.0.1@ba8cc2da0c0bfbc813d03b56406734030c7f1eff
- sebastian/diff 4.0.3@ffc949a1a2aae270ea064453d7535b82e4c32092
- sebastian/environment 5.1.3@388b6ced16caa751030f6a69e588299fa09200ac
- sebastian/exporter 4.0.3@d89cc98761b8cb5a1a235a6b703ae50d34080e65
- sebastian/global-state 5.0.1@ea779cb749a478b22a2564ac41cd7bda79c78dc7
- sebastian/lines-of-code 1.0.1@6514b8f21906b8b46f520d1fbd17a4523fa59a54
- sebastian/object-enumerator 4.0.3@f6f5957013d84725427d361507e13513702888a4
- sebastian/object-reflector 2.0.3@d9d0ab3b12acb1768bc1e0a89b23c90d2043cbe5
- sebastian/recursion-context 4.0.3@ed8c9cd355089134bc9cba421b5cfdd58f0eaef7
- sebastian/resource-operations 3.0.3@0f4443cb3a1d92ce809899753bc0d5d5a8dd19a8
- sebastian/type 2.3.0@fa592377f3923946cb90bf1f6a71ba2e5f229909
- sebastian/version 3.0.2@c6c1022351a901512170118436c764e473f6de8c
- symfony/polyfill-ctype v1.18.1@1c302646f6efc070cd46856e600e5e0684d6b454
- theseer/tokenizer 1.2.0@75a63c33a8577608444246075ea0af0d052e452a
- webmozart/assert 1.9.1@bafc69caeb4d49c39fd0779086c03a3738cbb389
- pocketmine/pocketmine-mp 3.15.2@d7a66ad7559f23d24ffe95813421a720203109b1

Loaded plugins:
BuilderTools 1.2.0-beta2 by CzechPMDevs, VixikCZ for API(s) 3.0.0
BlockProtect 1.0.0 by DarkByx for API(s) 3.3.1, 3.3.4, 4.0.0
ARQuest 0.2 by phuongaz for API(s) 3.9.0
PM-Beacons 1.0.5-1 by jasonwynn10 for API(s) 3.0.0
InvCrashFix 0.0.1 by  for API(s) 3.14.0
KhungLong 1.0.0 by xXNiceYT for API(s) 3.0.0
Slapper 1.6.1 by jojoe77777 for API(s) 3.13.0
RenameItems 1.1 by Wertzui123 for API(s) 3.0.0
AutoSell 1 by phuongaz for API(s) 3.8.2
MaxEnchants 1.2.1 by Xenophilicy for API(s) 3.0.0
RedstoneCircuit 2.0.0 by tedo0627 for API(s) 3.6.0
NoAdvertisingPE 1.0.1 by Vaivez66 for API(s) 3.0.0
OnlineTime 1.3 by Zedstar16 for API(s) 3.0.0
AutoXP 1.0.1 by JackMD for API(s) 3.0.0
NameTag 1 by MTwins for API(s) 3.0.0, 4.0.0
KillRegen 1.1.0 by NashanPlaysYT for API(s) 3.4.0, 3.3.0, 3.2.0, 3.1.0, 3.6.0
Worlds 3.0.6 by survanetwork for API(s) 3.0.0
KeepInventory 1.0 by KhoaGamingPro for API(s) 3.0.0
NoFallDamage 1.0 by DeveloperNeb101 for API(s) 3.0.0
BuyFly 0.1 by WoolChannel3295 for API(s) 3.0.0
VanillaEntityAI 1.0.0-alpha5 by jasonwynn10 for API(s) 3.0.0
SimpleWarp 4.0.1 by Falkirks for API(s) 3.0.0
WorldProtect 2.3.8 by aliuly for API(s) 3.0.0
MineReset 3.2.0 by Falk for API(s) 3.0.0
AutoInv 0.0.10 by JackNoordhuis for API(s) 3.0.0
MSpawns 2.2 by EvolSoft for API(s) 3.0.0
StairSeat 1.5.5 by korado531m7 for API(s) 3.14.0
DevTools 1.13.0 by PocketMine Team for API(s) 3.0.0
PECollide 1 by saxavlax001 for API(s) 3.0.0
OrionTasks 1.0.0 by Clik for API(s) 3.0.0
PointAPI 2.0.9 by onebone for API(s) 3.0.0
Alias 1.2.0 by Ghast Noob for API(s) 3.0.0
GiftCode 1 by ZulfahmiFjr for API(s) 3.0.0, 4.0.0
MuaDanhHieu 3.5 by BlackPMFury for API(s) 3.0.0, 3.2.0
TableSpoon 0.0.7-ALPHA by CortexPE, Xenophilicy, HyperFlareMC for API(s) 3.13.0
DeTuMF 3.0.0 by CLADevs And Shin1134 for API(s) 3.0.0
Banking_vonfram 1 by Noob for API(s) 3.0.0
1vs1 1.0.1 by VixikHD for API(s) 3.0.0, 4.0.0
ScoreHud 2.0.0 by JackMD for API(s) 3.0.0
FormAPI 1.1 by jojoe77777 for API(s) 3.0.0
DanhHieu 3.0.0 by padreon for API(s) 3.0.0
SlapperRotation 1.2.1 by jojoe77777 for API(s) 3.0.0
SizePlayer 1.0.3 by  for API(s) 3.0.0
Marry 1.0.0 by GreenJajot for API(s) 3.0.0
ShinPickaxeLevel 6.0.0 by shin for API(s) 3.0.0
sblevel 0.1 by AmGM-Encode for API(s) 3.0.0, 2.0.0
SkyBlockUI 2.0 KSCore by KaysilGMVN for API(s) 3.0.0
KingOfTheHill 3.0.0-ALPHA1 by Tethered, iZeaoGamer for API(s) 3.0.0
Eternity 1 by minefore and shin1134 for API(s) 3.9.0
ChoDenUI 3.5 by BlackPMFury for API(s) 3.0.0, 3.2.0
AutoClearLagg 3.1.0 by Twisted for API(s) 3.0.0
MysteryCrate 9.1.1 by JackMD, DaPigGuy for API(s) 3.9.0
EconomyAPI 5.7.2 by onebone for API(s) 3.0.0
EnchantUI 0.4 by UnknownOre for API(s) 3.0.0
Weapons 1.12.0c by xBeastMode for API(s) 3.0.0
Eff 2 by AmGM for API(s) 2.0.0, 3.0.0
PiggyCustomEnchants 1.4.6 by DaPigGuy for API(s) 3.2.0
PlayerVaults 3.2.0 by  for API(s) 3.0.0
SETVIP 2.3 by MCPEVN TEAM for API(s) 3.0.0
SkyBlock 1 by KhoaGamingPro for API(s) 3.0.0
GCPClan 1.1 by InstantlyTa for API(s) 3.0.0, 4.0.0
CachMuaLand 1.2 by Noob for API(s) 3.1.1
Kickk 1.1 by MCPEVN-TEAM for API(s) 3.0.0
DEVirion 1.2.5-ALPHA12 by poggit, SOFe for API(s) 3.0.1
Warps 2.0 KSCore by KaysilGMVN for API(s) 3.0.0
MenuUI 2.0 KSCore by KaysilGMVN for API(s) 3.0.0
CustomAlerts 2.1 by EvolSoft for API(s) 3.0.0
PurePerms 1.4.2 by 64FF00 & ProjectInfinity for API(s) 3.0.0
ItemDropText 1.0.0 by AlexItz16 for API(s) 1.0.0, 3.0.0, 4.0.0
iProtector 3.1.1 by LDX for API(s) 3.0.0
KitUI 1.3.5 by Infernus101 for API(s) 3.4.0
AutoFix 1 by Noob for API(s) 2.0.0, 3.0.0
BuyFix 1.0.0 by HumYaiJang for API(s) 3.0.6
PHP-Sell 1.2.7 by Muqsit for API(s) 3.0.0-ALPHA9, 3.0.0-ALPHA10, 3.0.0-ALPHA11, 3.0.0-ALPHA12, 3.0.0
LoadWorlds 1.1 by shin for API(s) 3.0.0
Minerloot 1.0.0 by Distoxicqted for API(s) 3.1.4
AntiTNT 0.1 by Adam1609 for API(s) 3.0.0
QuyenVipUI 1.2 by NightBlackDM for API(s) 3.1.1
AntiSpam 1.3 by xBeastMode for API(s) 3.0.0
AuctionHouse 1.2.3 by Shock95x for API(s) 3.0.0

----------------------REPORT THE DATA BELOW THIS LINE-----------------------

===BEGIN CRASH DUMP===
eNrFXPtz2kjy/1cof6++dVcVYB565ic7fiTejR3O9ia5PV25RvMwWoTESQKbXO3/fj2SgBnZa7DN
1qV2DWqgp3u659MPjeY/Byovpqy6XciiTPLs4D19d1AlU3nwHnvIDV3kIu/dgSyKvDh4/5+DajmD
jw5Ob4+/XIzOP5/enl5dfbk6eHcwlWXJ7vRnxyzL8qpXSCF5ygrZu5izk/yX8yi6YEn2/v3ZvCiW
P7FJ4vz1b/BDlaT6V7N0fpdk5bD98u2CDMuCry6H+qfw5TTJasmc39+1v7hNskWeLuRUZhWwEUkh
eQXf5LmAb/7zX6BNwXj79k5msmCpViRjWseDUc4nsroAtv2LEfwsZqXczMUBHWB3QDR9nqQCRg6w
++4gKW+FXBy8VywtJQhS5FXOc2DroAAGSbQgaMd/wHveyvItyUR+X/Yub3rfzi/7zogc068ffxld
Xva8Ae3VIvRCD6HeX1dfvZYFCNsjCJPeFeldVywTrBC9U5FUoMHfekcXJ54DY8zGMxjBH9ABoXD5
Q2aiVq+9ho9v81LLcH55eQOE+uK+nnOeT2d5KYvbNIkLViSy1PPHxBh0LuTwtzLP+vCd1gBogAfo
MHCcAPkeoiENQuW6gaIhE8h1KWNx4IuYqgB7WEuW84JNk3k5nDE+AQ/qt7OvBcADd4APsaCEOiQO
OJYx8alLeRAEPqcecPBjhxPBPJ9yrUdtzimYcxgnGSuW8ypJy1YsTA5dz1Ms8AMSSoR8KRiKRehJ
GipJUBzGSHg0wJTYrDhL0xik6y9YmghW6aUAsqEBOQwowYxRzpX0qEc1BxQoxGNFfOS7Llc81Mw7
DFNWlmnOhCxWsh36HAEDJ8QCcxmoEDtKhp5wMHMoDXgYEPi6UMrmlOZ3NQcCky7dMJYidoUTxzIO
GfE8x+exnih4IYr5wEIo9ohDf1aNC8nEeqIOwzjmEmwWxAg7gc9iYAQ2YB7zkev4hDAYAnm+zQpw
ZNxK4x4G3PG4YqFLXaxiFJOYIh+8QM8vRqGDQ+rErtvRJ4urlgN2D1XAAjC+L4gjYz9Use+LMHCZ
S1wnFF4Qum7MPYZtFgWbgKc2qpBBeOgqwhBBKFRO4HHmiBAFIQmw4/pIMUxlLDjyA2FzKbM8/yHb
CaHg0KGL4eseka7vYnBGx/Ml9UJHhjGFaQ19RAPVZTJLaw4OTKlSyPVDcDjpYJg8zxVgblgivo9d
jlTg+wTUpQFwEDmvCv17AERY0VWydjmqGVEXCYWIF8gQOW4IYoATw2wHLnepRJJSqqTUZp4uwdPi
ciiknMEanS1rJhhpC3thTDBWIXPBgbHyOALPE4RJ5XpCc8RuGEgXuGTJJOFDgIj+jBVl7bILR3Mh
hx6sbBxLijEjFEkUIl+5QklEMPUdwrTS4MSyhhhW9JMcnCRLlCy1mcFpQZLAJZ4rlaBM+TEsJebE
hBFOHREr7vpBIAQJMaUGDxOgtRjci2MvIK6QKoCVzSghBKY0oNRXAZdM4dB3FUMN0sH0zjVa5cWw
kCqFeJG0EFazJPViwgJhDl7mSOERRVzGAof5js8EdYXLsBcSx/NI/BxLoMYpeAMwhSgCciIvZH7g
wsQ7WIHvKidUVAKguU4gOOZcegLQ0nvEVIfdfiFLHekaT3BARo+BE8ZBGISgsAgJ2JEHgDyw+jn3
pMtJzACCWrXLmQQrFvlsLHnrCERPP6ANeLQXSx8cAbw5dD0A5xB5jCkE0CORCBgRLRPwx2H7ulpi
TnAIvuxwBRgZKiUCL4SlxcENmC8Z81wHcyoY9zzvMZM+vM6zpFoxwx5MPTifJyDWxsiloZDM5YAC
EjzS8ZiKgxgDdmP/CWYlrBte9Yt5KssVR/eQUgcmSXsF9qUDaY1EKgRsooIqDmCEYwFgGTdeWktT
e7tOIeAPzHiT2IS1Y0AIc2IfxAkoTBkgkxIk5o7045DA5DGKOIzmkw4zneb0kwp4NWtZO657yICX
DABRFAEkQKAYUpzHnq8gTsYkUARWJpijw0znPBPZsNFwDf4IOO0LBCbz3NgNQgcB0vhE+ZiHjCOH
QIjy/A6bSj5U8Gc6S1kl2/VID3EA4dVH2JMeki5xfF+6jguRCXABoq0fc5dwEThdZpA0FrWn1ysS
HAEimBMCRIaSKA+ClwyVAK9CxIEV4ENwonFHotYRwtq7AYjAcJ7P/NB3uBN7HJYJLBelAFgwoBOG
4O3UCFVKyNsAJjOIrMkGpXCNL45DpM996QVgfIiAEGcdcE8/9rwADBcTBxEO8cnmo23fiqPZ+Idu
SCj4CCx5gO8wxCGsVV95CEIbJAHA1YWIGbL4aTaweDVoyX6a55P5bD3ZsGKwQnrlA9joAAfByFMC
w5SDcBCgtCfQrpKQkbGVIzm1I/ksUIoiz9FRzYdVwzGDdAT8lDCdOmDJXQhb6BGfVD4k1XINxjEL
uM6nEMyIijnEaoFo7HoOBHvqIHBuX2FZZyEbPiIBQiMJhTjHQydkEBAATSAJkqyWigqQyo0DIh1O
CQrt6ZbZIinyrM0h3Trk0iAAm0uBIWgzQCgYHNzIC6UbQP4WApyHENUZtxk9zPKiksVaHBGEHJIn
38OQP8aulou6zIshXDMJgRSUChBEY4vLXZrHLAU0adaFW08NoJkfQjoFyjl+EEMORGBeGAd0g3Uh
wE05ZBHctzjpgqXs56rf1COtS3oudmK9uAFlAc4cT7kECUiTBPaZ4xKqmAuB2bFY5fFvEFf6MoOg
YBofphx+ryEXjBVAcuY6xAdAxq5GSci+qI8IJMzsSXZtuKq5NS4pQsCRmMaYMB5jXy8SDDE1gHyB
8hAJghzK445LQtU1r2MyKJppXFkLJwUkr4DfrgtpF4acD65i5hAcQ3IsBCQQ4CJS+R12ZT4vuOzn
M61rWw7QmiFSjqMloAxDzIPohSAAQnynMUdCx2ZIGHDIAothW7cSyKDQoZ5dQn0fElxCQ0hT4xC8
HZCW+ThmkOEpAg6GQovD45yDY0TAmTALEYa1hcEAOHCox33PkY5PFSQ+Qe2ey6nKs+VwlqdLiANp
n7fiLAC8A13hcAr5HLiBJxXkohA7dTanARgQGPLswBFe7NT+UI1lKSVkBBAAsuRHi3M6MPng1pRT
yiCeQF4JJZgDKQqAAaxAiORQfcHac4nOC+9lPM1/sKIaQh0iiwbkwnr5K+6FnMnYEU7IqUZs8HoE
iTOsF+pDIRLHUNLZae7mbX86W1fNh8JnHuA+VEGhIhSSeAUVjQuQAsaHWgRycl0IxPjg93U1X5eW
H3ShK4ubPE9Lo1S3yO8ONvao1e/HsmIaVNi8GucF/PCfB8c/JB+PLk7kQv/ga/KQTI5/PfgXfGeW
6M+1IZG+lhmLUynWFb2QMyiQy6ZpUOaqOjEJU92LeH/ANffZVAD3KIob4SotXBR1RNWVnu41fLm+
+fbl6vNJY4EyqcFlXFWz8v1weJdU43k8AEweGnIPLVYwTx90Qjkq8kq3OYzJMcn25GgdrWk5YcXk
w/LBmggwGXxJv2onc940MaYsMBe2ZM/OhVbw6Orv87o8WOu2ophqoUHH1rPxPM/u2A9Lq/ANWqwY
RlE9evuyiwaji/4HyXiemd5rELvmcfvY1uU3VubZ/TLLMNqbtxo8wVtrScA2a4m2KnWeLY4LVo7P
kgdDK5NqmwcNbKVMPbDzBkWm83+DWFEEOTDXQ6vkIYo+N72UHfT4eTzP7j6DZQ0tNrQtK+fh+2XC
5T9u9maVkyTLm77oLrJfp2w2k4Uh+Ypiy+0Nug6V/5ZLX/+zJMf0DaKXzdC7Sf8EyG1kGq60ABWv
pNbsHIoSc/GYVFvVjqLfAIJ/zBNM6N5MtGEZRYYcr9Z7w29oqqWRb17l1zI129NrkqX1DsgXAD6+
HflWw+/uohfs4TTjY5ZVpv1Majdyd7T5LrN8Nk7ShC/3ZkKDp9ZkLYt1sYt2V1KUVZ7J46Tg86Sy
PNT+xNSSPAaSSoocecRejl5HxaqY76ph0Q7fNdT1zdHVzS+jR4pc5kcCBKySMsnuRqeGIt1PuojY
MddXlizkD8/bm61WDKOoI0mHsIu5vmS6/Lqp72atFTSItm7U1uxXPaWswPtTbc0xijZCvBpH1tyG
hkYtinwfdTDk+2ibIX9ifHJxsjddG3YNgnwfvVrJhs2wVUE7Luh0w8zgvaI8g5AXN/e6tOjq9tY8
FzIPHf9ekHtA7Xcl72Rm5h5rWiewdSHjEnIdlo1Stiw7CYhTf1Xn7s0raV9x++q9QUdj1Cj6+Ur/
v4um3/IiFWYEaAmmjtoInq1jOS8WLJPVfV5M9uaKNdMouq8liKK1JDv5YluWDmomg1a04f81zGqb
SjmDLLhu0y9Nu1r0zuKztf55nLOPbKpRrsj3prbFFexmyrN7PL/Mz1ianrBp3QI3ooRBflY5KGJl
qrs4lzLGCO8vc7b56uiwEWl3/T7Ml2fp0uoy1AS7mOlmmVCMH8OyyGRKSejuTadm7NVOiV3E/8oy
wA92mlVJtTw6N/TofvKosumzdDZm7usqz62pycFoXsh68ESW3w/+oA7tCBlFhrhbMpjrRPeuv7Fi
ZpZDG6Kpr/M43IGvTJJiUr7RdsCnrG4KlpWqDgHXaX5vXJ6WpdS3b9MSMikjcLSDR1FZC3wPAkeR
JfxuCPu4D2SR7SQUigJ7DliazNPl2+y8Uarh1uLsbNX92Z6OPhH1L+ZJoRKZCrOzuNogVBVS7zQo
K1kMLW119QFfvJKlNGdkQ7ODD+kilXaJvS3ljYm18IUeHybDEGV7HwxyHgDsTiKnKY8aLehxKneZ
54UYz5Nyjw0kPslWXKMIxsuTbNFkeI1U24vD6xm7t7piK4rtqZ3W3ukiT69Bqn15ajso2GM9+g7+
eX9/P5AgieY6qCY1BlUsKa4lM91tQ7MR1x10oHaSF0zkLsXTTlPmLc0xgykAykoU4+0uZoLQ2u29
r0mdJJV2F9FmP13vRrLpvky2Gj+KDEleBiobyYZrHrpZe3qcp2kizOxmQ3umqCjZA1uk7AHtMakx
eEbRTPJGil2L+i8FCHrDyolpOYO4pbl5nCb7wz/NDMpcPfgrss4RQEt1NDq3Nmq2pG5nJbS1yDMZ
w/97U0Tkenui7qyAObJ8ugSukKc07xt5tkN5mjDTJs31o1tYtiIfxxDjeoDj8d50qcdtrHCsdyDu
IvvHRFXHubU81qRnVsev81Sx8TQ5+63Ye929Gv8FXck5O2HZ+FMi52bwMah2btCB6g8pxL7Rxdm8
WD6hTJNKvHqhjPNjEEIn/e3b3dW60eNdz/LcbCgYxG6i4PePPo8+HXWWvd4v8VB3+sze67uDT0uo
rs70Du6L4/3dNrB6sRtZzffbke5E3swvzqz4VBO67YUuwn0+0vdUe0eZ6F2Pkwxj6uwP8RrmdZaX
aIV2LkFZNoEq/XaRZwqwxqxFO588s972ihOaWRTp0XfXAi9KbIheX27rHesb8p9O9o4PC813LKII
4sCirLviXzL5tYQ/r2hBfmRTNjn+dVhrpJM+vev901yYOd+KtKXr/yf1WFfD726ss7yY2uF1RXn2
7tof3EZ8U1WxZhlFrQzrNzvlqo9h/Q8w/ZE1ZkwUEj7clyotP0CypKpSeXRy9eI7u1d5VW92enyH
d/3Jlttnf4KJOhK8QKnkh9SdY/uO9YbYhQf6hxsG3iS+HvCzHlC3WFbvd7uXWVgt3eZ6Sxb9sZAy
+4n9lld7M8CGpZ774iWJtI5yo4RP2IP8rBumpiG6H5mKeY8VK+H7+/OpzuC7a1TCYLYiK8qzLduj
6ceL/mlW78J8HG/Im5WJojJeTeN2q0yW9a6oX0wENoidMNL7+RqSNNm5acCWZZJ+vPh6uT+jrCXY
3Rw/Q37yRd2M5afE2rhg0x8hcZOIdmx0I6uxLKR410t+lSyHwCuLvSk3ySvIrH+Gv7uqdlrJIqv3
Rq+1WpOeycR0sajAXD0GWWb5VJb5ll1pK+5RNFW7WwkqixOZWe62Jv0vK59agrrwgXe7q6Nbjsep
ZMVndnfXaZBu6LZij25M3dwnZQUy78vBqoZf0xnlWooUpGj6o6ZQL80/WzmPymU6n14cD21+Okwt
dS98eVzUm9U30cokm3MRDvAf3PzX6dQoufs4X+7NX1c5qinNW3cDWJrphbppxhhL1ezQbJR3B363
vbzvjlHL7y0No3ZPkrVgNzQ70Dm2Nr9kkyy/z74U+1Now1LfoGul2H21fpNsZu+FXVE6xQaACe/s
t/wgWVldPBW0X6vMhmUUtXKs3+xkGv2oy8Yo9ZMwRrR+nHUYkpM1br5FAxgTA6wAa/yCjmpyd7c8
npdVPn1if95Tn9rGcbpbNZ5EireEgxXDKHpCmhcoWtcWX9k8tTU0yc/fCNyXp602Ks/qoRf10KCc
Lcj2XPH05uu5uZ2rJXTu7XY2PB2PTr9e9m5Ojy72tnAanlBDyeprMntJmvtEkvtcArXP7TB2GGhv
AQE4L4278RfLUVqXVvXr9ubjx+PRccrMGn1FebZ5ct48y50ub9jeO17JinfFokhxxkGaKDo7PmrF
2hpoIc7Cz2ZysMjqfJHx8cWcfWaZ2eYyqZ02xJZmpJ6M1+oGGkBSldUtyemcpc3oOxQmfDKxChJ9
/ayFGg/v/ymrZjX89obW6deksFtAa1K39+O2ZVT3UZj87q7egnz95awbOF9vh4ZrFC1qWaJIyNU7
Q74tS0dvbrESgfr6f1Tu1oO/4B6SzOZWQtYS/pfSvyQNawLqUSoLKzBaZFsX/IptGC8qAI2hoQi0
BXndjgy962wkC+vhkQ2tm9J01o3nnJ0h1Pv/HsQd/WzseaaSutrfl8K3zQiQBKxEMt6+oh6qf9tu
i9rw0Q9rVXJ6UuSzm/pB3M3TWiZ5Sx8TDPFwXv2wtr9jK399a9DS0mhJdnfhpN3qlZsNZYPYrfg7
Dvz55PveTAm8omgz9KtLWuDT1zFiaKhRRy+7+GuuO88rdJs14K+yyOZld5vtWzYUGTx1EHtR4ac7
FfbjgivK7jcy91MyNdnDZvSdtgVbkreELYvm03z6D5b8xLK7jqN5b9oTrJ9w3Ln++TTqdx4iW5O6
+YPfyX/qgqW7RJocI1zZoE05UOcad67Jm22mJf5U5367qq4fxHj04IFBfDb52+vtjc2guwODxgU+
W2SDKp+t9rIWaZ5397I2tG2PeCcQTB8S/u9uhxPC3hseVt0wjaLqBTdtjrIqubm8MZGgpTx/00aw
KfZQuL8NUM2ou26o+/t8KTModi0oNojPF0HJ3biq++cnF3srhqDy10/U10yjaCXFTvN/PbP2lqxJ
zz4E92c04GLNclo34PTZZiUIMdU3Z1cSTc27s39kmqN5fcTWp3xeSivAGOQu3HV0ux7nfBK6D3tt
MZgPxBv7Otuh9M2BWsCxFlBHJEvcLXb83Tx0Y7Cc6rPl6iNK9BmQA32yl344sj74Sp/PwQqYk0qu
elqQacmsPVjxPwd1jWIcCBnz9vC+NYWzVOrDJC1aPr0VeZXpDfYGtT3NZEOYF6l5LZpjdNbXKkmb
I3rWlLupdTzlGGbQvE5gihcmQR86WVvVr5FvGuuDv/Qz/ZuvlO1ZmCZtxm2tr9ZntVm/rCe5tEki
mU9NyvXos3k5XZb/TuszNdt3vfrQINKHMrnX1wd0ushBPrz9y7l43/M5h/9CT3q+qzzhE+lyhRTx
fOUEEns+1ycsEtr7iz7yxTjqZT3gktX2J+2NrR/JrIlqbn1D4EdzAuL623D5MLVtkmt1CEIUY6Kj
++jkizVVIr+tVekSgZTY5gS/y8rS+mLzLMv3C2uOOhLApT500lYLiPdF0vEO43hK3a7F+vBVEHhs
O+dmbdzy8TybmEd/6ilK7pojQdviQE+TKFto0BNQ7yIQ8er4Se3HxXJW5TWhOR/lTjyyeWK5ST03
1CStD0a6mzfOuBLnV1hdvS8jzvjYmM3ff/8vuRlWUA==
===END CRASH DUMP===
