PocketMine-MP Crash Dump Sat Nov 21 08:14:25 +07 2020

Error: Argument 2 passed to ShinPickaxeLevel\provider\DataProvider::savePlayer() must be of the type array, null given, called in C:\Users\Administrator\Desktop\SkyBlock 1.16-LOL\plugins\PickaxeLevelV6\src\ShinPickaxeLevel\Main.php on line 92
File: plugins/PickaxeLevelV6/src/ShinPickaxeLevel/provider/DataProvider
Line: 33
Type: TypeError

THIS CRASH WAS CAUSED BY A PLUGIN
BAD PLUGIN: ShinPickaxeLevel v6.0.0

Code:

Backtrace:
#0 plugins/PickaxeLevelV6/src/ShinPickaxeLevel/Main(92): ShinPickaxeLevel\provider\DataProvider->savePlayer(object koth\KothPlayer, NULL )
#1 src/pocketmine/plugin/MethodEventExecutor(42): ShinPickaxeLevel\Main->onQuit(object pocketmine\event\player\PlayerQuitEvent)
#2 src/pocketmine/plugin/RegisteredListener(80): pocketmine\plugin\MethodEventExecutor->execute(object ShinPickaxeLevel\Main, object pocketmine\event\player\PlayerQuitEvent)
#3 src/pocketmine/event/Event(88): pocketmine\plugin\RegisteredListener->callEvent(object pocketmine\event\player\PlayerQuitEvent)
#4 src/pocketmine/Player(3643): pocketmine\event\Event->call()
#5 src/pocketmine/network/mcpe/RakLibInterface(176): pocketmine\Player->close(object pocketmine\lang\TranslationContainer, string[21] Internal server error)
#6 vendor/pocketmine/raklib/src/server/ServerHandler(95): pocketmine\network\mcpe\RakLibInterface->handleEncapsulated(string[20] 14.246.128.239 59381, object raklib\protocol\EncapsulatedPacket, integer 0)
#7 src/pocketmine/network/mcpe/RakLibInterface(109): raklib\server\ServerHandler->handlePacket()
#8 src/pocketmine/network/mcpe/RakLibInterface(99): pocketmine\network\mcpe\RakLibInterface->process()
#9 vendor/pocketmine/snooze/src/SleeperHandler(123): pocketmine\network\mcpe\RakLibInterface->pocketmine\network\mcpe\{closure}()
#10 vendor/pocketmine/snooze/src/SleeperHandler(85): pocketmine\snooze\SleeperHandler->processNotifications()
#11 src/pocketmine/Server(2157): pocketmine\snooze\SleeperHandler->sleepUntil(double 1605921265.828)
#12 src/pocketmine/Server(1994): pocketmine\Server->tickProcessor()
#13 src/pocketmine/Server(1588): pocketmine\Server->start()
#14 src/pocketmine/PocketMine(273): pocketmine\Server->__construct(object BaseClassLoader, object pocketmine\utils\MainLogger, string[49] C:\Users\Administrator\Desktop\SkyBlock 1.16-LOL\, string[57] C:\Users\Administrator\Desktop\SkyBlock 1.16-LOL\plugins\)
#15 src/pocketmine/PocketMine(304): pocketmine\server()

PocketMine-MP version: 3.15.2 [Protocol 408]
Git commit: 0000000000000000000000000000000000000000
uname -a: Windows NT WIN-4P2C3VGUPNN 6.3 build 9600 (Windows Server 2012 R2 Standard Edition) AMD64
PHP Version: 7.3.23
Zend version: 3.3.23
OS : WINNT, win
Composer libraries: 
- adhocore/json-comment 0.1.0@8448076039389f558f39ad0553aab87db3f81614
- ocramius/package-versions 1.5.1@1d32342b8c1eb27353c8887c366147b4c2da673c
- pocketmine/binaryutils 0.1.12@566fa87829e007eda0bd96e39fe20b9b0d638132
- pocketmine/callback-validator 1.0.2@8321aa3ccfe63639b0d08f0cbf270755cfc99fe2
- pocketmine/classloader 0.1.1@7c0363491d1ce8f914fe96d41a4338c982adedff
- pocketmine/log 0.2.0@e59bedb5d4bbeb9a26647cb7c367cb2fa72addfa
- pocketmine/log-pthreads 0.1.1@9bbcef398b01487ab47c234a6a7054722abbe067
- pocketmine/math 0.2.5@8c46cfa95351fb0b2b30739a381310941934b55f
- pocketmine/nbt 0.2.15@f8a81d37d24eb79fb77d985a52549d68955bc6a1
- pocketmine/raklib 0.12.9@5f2a02009f486ca4d90892814570fa13ebdc078d
- pocketmine/snooze 0.1.3@849510fa62e57512b8467e3694e9b3add97038fd
- pocketmine/spl 0.4.1@ff0579a0be41bbe65d3637607715c0f87728a838
- doctrine/instantiator 1.3.1@f350df0268e904597e3bd9c4685c53e0e333feea
- myclabs/deep-copy 1.10.1@969b211f9a51aa1f6c01d1d2aef56d3bd91598e5
- nikic/php-parser v4.10.2@658f1be311a230e0907f5dfe0213742aff0596de
- phar-io/manifest 2.0.1@85265efd3af7ba3ca4b2a2c34dbfc5788dd29133
- phar-io/version 3.0.2@c6bb6825def89e0a32220f88337f8ceaf1975fa0
- phpdocumentor/reflection-common 2.2.0@1d01c49d4ed62f25aa84a747ad35d5a16924662b
- phpdocumentor/reflection-docblock 5.2.2@069a785b2141f5bcf49f3e353548dc1cce6df556
- phpdocumentor/type-resolver 1.4.0@6a467b8989322d92aa1c8bf2bebcc6e5c2ba55c0
- phpspec/prophecy 1.12.1@8ce87516be71aae9b956f81906aaf0338e0d8a2d
- phpstan/phpstan 0.12.48@d364cfbac9ffd869570cdfea7eaa6541c3dac666
- phpstan/phpstan-phpunit 0.12.16@1dd916d181b0539dea5cd37e91546afb8b107e17
- phpstan/phpstan-strict-rules 0.12.5@334898a32217e4605e0f9cfa3d3fc3101bda26be
- phpunit/php-code-coverage 9.2.0@53a4b737e83be724efd2bc4e7b929b9a30c48972
- phpunit/php-file-iterator 3.0.5@aa4be8575f26070b100fccb67faabb28f21f66f8
- phpunit/php-invoker 3.1.1@5a10147d0aaf65b58940a0b72f71c9ac0423cc67
- phpunit/php-text-template 2.0.3@18c887016e60e52477e54534956d7b47bc52cd84
- phpunit/php-timer 5.0.2@c9ff14f493699e2f6adee9fd06a0245b276643b7
- phpunit/phpunit 9.4.0@ef533467a7974c4b6c354f3eff42a115910bd4e5
- sebastian/cli-parser 1.0.1@442e7c7e687e42adc03470c7b668bc4b2402c0b2
- sebastian/code-unit 1.0.7@59236be62b1bb9919e6d7f60b0b832dc05cef9ab
- sebastian/code-unit-reverse-lookup 2.0.3@ac91f01ccec49fb77bdc6fd1e548bc70f7faa3e5
- sebastian/comparator 4.0.5@7a8ff306445707539c1a6397372a982a1ec55120
- sebastian/complexity 2.0.1@ba8cc2da0c0bfbc813d03b56406734030c7f1eff
- sebastian/diff 4.0.3@ffc949a1a2aae270ea064453d7535b82e4c32092
- sebastian/environment 5.1.3@388b6ced16caa751030f6a69e588299fa09200ac
- sebastian/exporter 4.0.3@d89cc98761b8cb5a1a235a6b703ae50d34080e65
- sebastian/global-state 5.0.1@ea779cb749a478b22a2564ac41cd7bda79c78dc7
- sebastian/lines-of-code 1.0.1@6514b8f21906b8b46f520d1fbd17a4523fa59a54
- sebastian/object-enumerator 4.0.3@f6f5957013d84725427d361507e13513702888a4
- sebastian/object-reflector 2.0.3@d9d0ab3b12acb1768bc1e0a89b23c90d2043cbe5
- sebastian/recursion-context 4.0.3@ed8c9cd355089134bc9cba421b5cfdd58f0eaef7
- sebastian/resource-operations 3.0.3@0f4443cb3a1d92ce809899753bc0d5d5a8dd19a8
- sebastian/type 2.3.0@fa592377f3923946cb90bf1f6a71ba2e5f229909
- sebastian/version 3.0.2@c6c1022351a901512170118436c764e473f6de8c
- symfony/polyfill-ctype v1.18.1@1c302646f6efc070cd46856e600e5e0684d6b454
- theseer/tokenizer 1.2.0@75a63c33a8577608444246075ea0af0d052e452a
- webmozart/assert 1.9.1@bafc69caeb4d49c39fd0779086c03a3738cbb389
- pocketmine/pocketmine-mp 3.15.2@d7a66ad7559f23d24ffe95813421a720203109b1

Loaded plugins:
KhungLong 1.0.0 by xXNiceYT for API(s) 3.0.0
KillRegen 1.1.0 by NashanPlaysYT for API(s) 3.4.0, 3.3.0, 3.2.0, 3.1.0, 3.6.0
InvCrashFix 0.0.1 by  for API(s) 3.14.0
DevTools 1.13.0 by PocketMine Team for API(s) 3.0.0
NoAdvertisingPE 1.0.1 by Vaivez66 for API(s) 3.0.0
NoFallDamage 1.0 by DeveloperNeb101 for API(s) 3.0.0
VanillaEntityAI 1.0.0-alpha5 by jasonwynn10 for API(s) 3.0.0
Worlds 3.0.6 by survanetwork for API(s) 3.0.0
Slapper 1.6.1 by jojoe77777 for API(s) 3.13.0
ARQuest 0.2 by phuongaz for API(s) 3.9.0
BlockProtect 1.0.0 by DarkByx for API(s) 3.3.1, 3.3.4, 4.0.0
MineReset 3.2.0 by Falk for API(s) 3.0.0
MSpawns 2.2 by EvolSoft for API(s) 3.0.0
OnlineTime 1.3 by Zedstar16 for API(s) 3.0.0
KeepInventory 1.0 by KhoaGamingPro for API(s) 3.0.0
PM-Beacons 1.0.5-1 by jasonwynn10 for API(s) 3.0.0
SimpleWarp 4.0.1 by Falkirks for API(s) 3.0.0
WorldProtect 2.3.8 by aliuly for API(s) 3.0.0
BuilderTools 1.2.0-beta2 by CzechPMDevs, VixikCZ for API(s) 3.0.0
RenameItems 1.1 by Wertzui123 for API(s) 3.0.0
AutoXP 1.0.1 by JackMD for API(s) 3.0.0
RedstoneCircuit 2.0.0 by tedo0627 for API(s) 3.6.0
StairSeat 1.5.5 by korado531m7 for API(s) 3.14.0
MaxEnchants 1.2.1 by Xenophilicy for API(s) 3.0.0
NameTag 1 by MTwins for API(s) 3.0.0, 4.0.0
AntiSpam 1.3 by xBeastMode for API(s) 3.0.0
EconomyAPI 5.7.2 by onebone for API(s) 3.0.0
AutoFix 1 by Noob for API(s) 2.0.0, 3.0.0
LoadWorlds 1.1 by shin for API(s) 3.0.0
PECollide 1 by saxavlax001 for API(s) 3.0.0
QuyenVipUI 1.2 by NightBlackDM for API(s) 3.1.1
Banking_vonfram 1 by Noob for API(s) 3.0.0
DanhHieu 3.0.0 by padreon for API(s) 3.0.0
AutoClearLagg 3.1.0 by Twisted for API(s) 3.0.0
Alias 1.2.0 by Ghast Noob for API(s) 3.0.0
MuaCoinUI 3.5 by BlackPMFury for API(s) 3.0.0, 3.2.0
SkyBlockUI 2.0 KSCore by KaysilGMVN for API(s) 3.0.0
Minerloot 1.0.0 by Distoxicqted for API(s) 3.1.4
iProtector 3.1.1 by LDX for API(s) 3.0.0
NameCorrector 1.0.0#build011 by PEMapModder for API(s) 3.0.0
GCPClan 1.1 by InstantlyTa for API(s) 3.0.0, 4.0.0
CachMuaLand 1.2 by Noob for API(s) 3.1.1
AntiTNT 0.1 by Adam1609 for API(s) 3.0.0
BuyFix 1.0.0 by HumYaiJang for API(s) 3.0.6
ChongBug 1.0.0 by shin1134 for API(s) 3.0.0
MuaDanhHieu 3.5 by BlackPMFury for API(s) 3.0.0, 3.2.0
CustomAlerts 2.1 by EvolSoft for API(s) 3.0.0
Sell 2 by Muqsit for API(s) 3.0.0
MenuUI 2.0 KSCore by KaysilGMVN for API(s) 3.0.0
NoTP 1.0.7 by awzaw for API(s) 3.0.0
AutoInv 1.0.0 by Nope for API(s) 3.0.0
Eternity 1 by minefore and shin1134 for API(s) 3.9.0
Eff 2 by AmGM for API(s) 2.0.0, 3.0.0
TableSpoon 0.0.7-ALPHA by CortexPE, Xenophilicy, HyperFlareMC for API(s) 3.13.0
DeTuMF 3.0.0 by CLADevs And Shin1134 for API(s) 3.0.0
TheoDoi 1.2.0 by HotshotHD & CodeRed2019 for API(s) 3.0.0
InvSee 1.0.0 by BlockHorizons for API(s) 3.0.0
Weapons 1.12.0c by xBeastMode for API(s) 3.0.0
essentialsTP 1.2.2 by  for API(s) 3.0.0
BlackSmithFGC 1.0.0 by  for API(s) 3.0.0
SlapperRotation 1.2.1 by jojoe77777 for API(s) 3.0.0
OrionTasks 1.0.0 by Clik for API(s) 3.0.0
PiggyCustomEnchants 1.4.6 by DaPigGuy for API(s) 3.2.0
PurePerms 1.4.2 by 64FF00 & ProjectInfinity for API(s) 3.0.0
PHP-Sell 1.2.7 by Muqsit for API(s) 3.0.0-ALPHA9, 3.0.0-ALPHA10, 3.0.0-ALPHA11, 3.0.0-ALPHA12, 3.0.0
PureChat 1.4.11 by 64FF00 for API(s) 3.0.0
PlayerVaults 3.2.0 by  for API(s) 3.0.0
1vs1 1.0.1 by VixikHD for API(s) 3.0.0, 4.0.0
ChoDenUI 3.5 by BlackPMFury for API(s) 3.0.0, 3.2.0
ScoreHud 2.0.0 by JackMD for API(s) 3.0.0
Kickk 1.1 by MCPEVN-TEAM for API(s) 3.0.0
SizePlayer 1.0.3 by  for API(s) 3.0.0
GiftCode 1 by ZulfahmiFjr for API(s) 3.0.0, 4.0.0
Marry 1.0.0 by GreenJajot for API(s) 3.0.0
PointAPI 2.0.9 by onebone for API(s) 3.0.0
OreGenerator 2.0.0 by vividmemory for API(s) 3.0.0
KingOfTheHill 3.0.0-ALPHA1 by Tethered, iZeaoGamer for API(s) 3.0.0
EnchantUI 0.4 by UnknownOre for API(s) 3.0.0
ShellyEssentials 1.0.2 by Shelly7w7 and BlazeTheDev for API(s) 3.0.0
AuctionHouse 1.2.3 by Shock95x for API(s) 3.0.0
DEVirion 1.2.5-ALPHA12 by poggit, SOFe for API(s) 3.0.1
MapImageEngine 1.1.3 by FaigerSYS for API(s) 3.0.0
ShopUI 0.0.1 by InstantlyTa for API(s) 3.0.0
sblevel 0.1 by AmGM-Encode for API(s) 3.0.0, 2.0.0
ShinPickaxeLevel 6.0.0 by shin for API(s) 3.0.0
Warps 2.0 KSCore by KaysilGMVN for API(s) 3.0.0
ItemDropText 1.0.0 by AlexItz16 for API(s) 1.0.0, 3.0.0, 4.0.0
FormAPI 1.1 by jojoe77777 for API(s) 3.0.0
KitUI 1.3.5 by Infernus101 for API(s) 3.4.0
BuyceUIEF 0.4 by UnknownOre for API(s) 3.0.0
MysteryCrate 9.1.1 by JackMD, DaPigGuy for API(s) 3.9.0
SkyBlock 1 by KhoaGamingPro for API(s) 3.0.0
SETVIP 2.3 by MCPEVN TEAM for API(s) 3.0.0
RankShopSystem 1.0.0 by zZPROGAMERZz423 | §eFor issues report by §2Visiting GitHub.com/zZPROGAMERZz423 for API(s) 3.0.0

----------------------REPORT THE DATA BELOW THIS LINE-----------------------

===BEGIN CRASH DUMP===
eNrtXW1z27ay/isc98ydnBlLJsD3fOjYke3Yp7ajYytum8NOBgRBiTVF6PBFttzb/34XICUBtGPL
tnr7JZk2IlfUYhdY7D67AJE/dhJeTEn1dc6KMuX5zntrd6dKp2znPXJNJ8AIu87uTkbK6qgoeLHz
/o+dajGDr3dG8NHQdnemrCzJWFAPinE9ZXllYGNGypLFRsWNq0maD1N6Q+7YGZuzLAxnBZ+nMSvC
8JBUZNjevX9fkjkbZmTBinf/NKZ1WRkRM3hiVBNmiHYNUhRksWvkdZYZ43TO8l2DkiyDdtLcGLwP
w88laBKGB/E0zdOyKkjFRSusvKn4LAyvbhYfMk5vDNRHbu/s0xnIktXjNIffqCJeu2FYFhR+8ED2
c5Lm/dlkZvDcyNKcGQGGLkhAouM0E33w/yPG410oBBPSNJK0PPd0lnvAca/LcG/Jb09lB6yEimAW
wi4KQuHyPzs/mMZLOIsOexfgf77f2BB6PyqGwKPfGa2MG15NwvAn+Luh7xoXn8/OjH+CiD8gQzQ8
gw5lFXQ422vE2ztn1YTHR2Am1dEdozUMwjv7cUGEkL0fef7vOq2WTa4ZhiETTMQoibZhkOSneFhy
l1Lgb0hxycZgAqxg8Zn4zEEn3wQhVPbNoyDGQ4l7PzJ5xZZiPS78rvE6qa2u1PI3e/KBd77/DTkf
6tT7UUzE5mevk8TuStIagOXaVkeMlpv8bdPwO8nC6bLIWXXLi5u9KZ2xvUtyc5ZGpznInYApv0Oe
2+HbtAgcM16yx9TISD4Ow1FB8jIjFXjMAc8r6H1hjzDN03z8H4x+M2QbOckMcAPgWg0mHKWU0DVA
5pgXqpAFucnSSE6e5vm9K/lxQvI4gw4InI6YrVZhKNSCwdD16v04kT88yimZlTXIyeJ3S+HM3wxk
97Ht9hH2+9gKDCewfLSynkYWOTErTjkYl8pmSIQQu+BsKzYGvUypk/eyXjcDUGfZTqMwODhV46UG
TXPN0PovaiQIXthloC+FKNa0FTwySGXO+T1rPFzG2Gw9PAhbL23s28/+IUyvLtifjSTIfJEoftdS
mkehe7XnVupe8CpNUiotudUdPXCmzdC8w8jxNuReivvPeZVm72JeRxkz1mii72O/aQh/oyEUBHan
oeab3o8VuL1hIzq48oaN9S02zgPvtWRTVqRozQo99Dry8hwu32HP+gaHr18p9FhV1HTl7T6Qkg0A
KZVnnMTCHzziPmrokrLx12d8PFa8hh389kr8smLheL+9FQI1XeI80SWW2R2bZgZDb/725+4O+44S
n0SJ28dl0OkNu69pPufZnImOhTbitADr21l+C5Qua/iO8lggut++g7vv4O47uPsO7r6Du+/g7ju4
+w7uHgF3uztjEQlIJtBdTkSJcGf90975ELhH0EvrUuKO1UdOX8CeqE6zeOc98pGzu5OWX2M233mf
kKxkAE9aX7Tz3jZ9aCQV4MXc8A/wrltZfk5hJt2WxsXI+Pn0omcP8cC6/vh5eHFhuH3LkCIYgWua
xrvlo814G9gEa73ExlUFJk6K2DiKUzFn/mkcnB+6toBQkxm04PUt8Klwew+TVqrX3sPXX3kpZDi9
uBgBQd7cAugSCGs6g3BTfAWHWJAiZaXoPxJPQOeC7f1e8rwHz7Sgzeyjvrnv27Zveq5pgfMOEsfx
Eysgsek4FiGR78WRlfjIRUIyTgsyTetybwbeFMB1r+19IQDqO320j2ILWzaOfIpYBDbvWNT3fY9a
LnDwIpvimLieRYUea6OI0pwUC2nRrVgI7zuumxDf83HATNNjMTGjOHCZFSQMm1EQmbEL0cbCOisR
wCOQrjcnWRoLe5WymX2871sYEWJRmjDXci3BwfQTk0YJ9kzPcWhCA8G8w1DMw0zOw6Vs+x41gYEd
oBhR5icBshMWuLGNiG1ZPg18DI/HSaJzyvhYcsDQ6cwJIhZHTmxHEYsCgl3X9mgkOgo+cEI8YBEn
5AGH3qyaFIzEq47aD6KIMhgzPzKR7XskAkYwBsQlnunYHsYEmjBdT2c1JdWklcbZ96nt0oQEjuWg
JDIjHFmmB1Yg+hdirI0Cy44cp6NPHlUtB+TsJz7xYfC9GNss8oIk8rw48B3iYMcOYtcPHCeiLkE6
iyZ0N6rgfrDvJJiY2DSDxPZdSuw4MP0A+8h2PDMhyGJRTE3Pj3UuTexoO8QCgw4cBI+7mDmeg8AY
bddjlhvYLIgs6NbAMy0/6TKZZZKDDV2aJKbjBWBwzEbQea4Tw3DDFPE85FAz8T0Pg7qWDxxiToXL
ZHvg9GBGV+nK5CzByHLMODGx67PAtJ0AxAAjht72HepYzGSWZSWMiWGeLsDSonIvhngHc3S2kEyQ
KUbYDSKMUBIQBwwYJS41wfJiTFjiuLHgiJzAZw5wydObFPztZNabkaKUJju3BRe878LMRhGzECLY
MpkZmF7ixAkzMbI8GxOhNBgxky6GFL2Ug5HkacJKMcxgtCCJ70DYZUlskcSLYCoRO8IEU8uOo4Q6
nu/HMQ6QZSk8VActxKBuFLk+dmKW+DCziYUxhi71LctLfMpIggLPSYjZeDroXpm7A2opWJJBEExb
FyZZYjmZUGwiClZms9jFCXYI8W3i2R6JLSd2CHIDAKkujp5iCdRIhDJgClEE5DTdgHi+Ax1vowRs
N7GDxGLg0BzbjymilLkxeEv3AVNRE+gVrBTZcWMJNsjoEjDCyA/8ABSOAwzjSH3wPDD7KXWZQ3FE
wAW1apczRkUuPpsw2hoCFt0P3gYs2o2YB4YA1hw4LjjnwHQJSUxwPcyMfYLjlgnY4177uZxitr8P
tmzTBHxkkCSx7wYwtSiYAfEYIa5jI2rFhLqu+5BJDz7rPK2WzJALXQ/G58YQayPTsYKYEYeCF2Bg
kbZLksiPEPhu5D3CTEANWvWKOmPlkqOzb1k2dJKwCuQxG6AeM5MAfJMVWwkFZ4SiGJxl1FiplEZa
uygtwF/Q403NJ5CGASHMjjwQx7egy8AzJTGOqM28KMDQecQyKbTm4Q4zUTfppQCx27ksDNfZJ8CL
+eBREgyewATFzITSyPUSiJMR9hMMMxOGo8NM1EluWMNGuGuwR/DTXmzCkLlO5PiBbYKn8XDiIRoQ
atoYQpTrddhU7K6Cv6YzkTy189HaRz6EV89ELnNN5mDb85hjOxCZwC9AtPUi6mAa+3aXWTqVEjnN
jARDgAhmB+AiA4YTF4IXC5IYrMrENswAD4KTFXUkag0hkNYNjggGzvWIF3g2tSOXwjSB6ZIk4FgQ
eCcEwduWHqpkgNvATeYQWdO1l0LSv9g2Zh71mOvD4EMEhDhrg3l6kev6MHARtk1MIT7pfMTYt+II
Nt4+5AcW2AhMeXDfQYACmKte4poQ2gAEAFcHImZAosfZwOQVTov1Ms5v6tmqs2HGoMQUMx+cjQhw
EIzcJEbQ5SAcBChhCVZXSUBkZGlItjQkj/hJYpmuLaKaB7OGIgJwBOwUEwEdEKMOhC3zAZ+M3aXV
YuWMI+JTgadM6JEkohCrY9OKHNeGYG/ZJhi3lyAmUciaT5wCoZHEgjhHAzsgEBDAmwAIYkRKZcUg
lRP5mNnUwmagdzfL52nB8xZDOjLkWr4PY85iBEGbgIeCxsGM3IBB4oQBVBFgYpqE6ozuZryoWLES
J/YDCuDJcxHgx8gRclkOcSMI14RBIAWlfBOiscZlnPGIZOBNmnnhyK4Bb+YFAKdAOdvzI8BAGPqF
UPBuMC9iMFMKKIJ6GidR4yx7POk1dcrWJF0H2ZGY3OBlwZ3ZbuJgMwaYFCOP2A62EuJAYLY1Vk2+
1mM5BAV18KHL4ffC5cJg+QDOHBt74JCRI7wkoC/LMzEAZvIouzZcSW6NScYB+JHIihAmNEKemCQI
YqoPeMGigRlj07Zo1DHJgtFaxmRQNBd+ZSUciwG8gv92HIBdCDAf3EXExigCcBzHACDARFjiddiV
vC4o6/GZ0LVNByzJ0ExsW0hgEQQxD6KXCQEQ4rsVUTMWsRkAAwqIrzFsi/kYEJS5L3oXW54HABdb
AcDUKABrB09LPBQRQHgJBgMzA43DQ8xBkYnBmBAJTARzC8EAIN+2XOq5NrM9KwHg40vzXEwTni8g
Zc0WEAeyHm3FmYPz9kWGQy3Ac2AGLksAi0LsFGhOOGDwwICzfTt2I1vaQzVhJWOACCAA5Ol96+dE
YPLArC1qWQTiCeBKSMFsgCjgDGAGQiSH7AvmnoMFLrxl0ZTfk6LaE2sXRePkAjn9E+oGlLDIju2A
WsJjg9WbAJxhvlgeJCJRBCmdDnPXl73pbJU178ceccHvQxYUJNgCEJ9ARuOAS4HBh1wEMLlIBCK0
8+dqBUCmlj9N6nx8xvOxkqevabs765EQs0m4NFJXE16Uovh/98tFStmvI5Huk1kqSJZ8Cu5ZTqKM
QeJbFTXk7TGbQRpcNqsHJU+qQ5UwJXLJ4TDNeVMRESsWkLKJosGnq9HPny7PDpuuLFPpJXZAi59g
dC/ZmOWq6CuaLjrqin5BygnJRY237Mhvy0dFtt584vYTtZ/u6/VTGg3Dny7F/5soeprPBwX89Di9
U1RVqaqypvB6mrKqdsh+vfjT+r8gVRgCIqKi5SS9C8OmwrWJGodsPuI8KxUdVqTOaFnd4VqXjowR
I9OtGVzbviiJrSRpFbkaHVyOPg81NSZVNSvf7+2N02pSR32I6Uo9bG/FA5S94AcxqFSlZZqPh0eK
zt1vunNMH7uda5LO2T2g+S2pvOQXhh1BOoRNRvSCH5MsOyRTidkVDRVyRz1duUOxZiXCzgUDOI62
OKwqW6HZWqLNHcw1ZM9ZRo7yClDbwamiYfebB36yRzLInx1d299JyfPbRZ4j822a7gzrgsnGU1b+
srNWXGkhDDtCitWblbhP2LjQ/GdeZLE6UVuCqqeQ29UVLOtiTtpFjG2NpeQZhrdSgDBcCfLk6C3n
aRvo+pJJf7lK9EPDTCh6lZHZjBWKpkuKPqRud1r+zn/nzBN/NEWl53qtpk3Lm9nnI55oLdLeUgnQ
8ODy37WsAK00XFL0oIF1/WaTGgAAude0C16v3JJfGMrG249NZqFcoBgWvBL7E9ZaaORncMohKW4+
LO40XSw5ouJTID37LSaqihKGHcGe1U+EjkvAmapya5o+43BXM3BrW5tpCfBKixuYZAJdFqJ5sEVF
kudVuZqR21z1G0uKqgbu2trRnGdXINS2FGkbBeFXrW8Q029vb/sMJBFc+9WN0OdTLlLKkdzgvlJJ
IepmZ+lafWGxWFtEW4vcK4ZhuJbh1d5ixW1PUUigasZmAC1lKXShImuN/mRU/2nCyUcyFaii4NvS
XmMKyFkVZ/OQPjzvfWCEcs1IFWLXkTg99BfF8G8E7UgKAl5kJdCzOl2lorL0MylmahhbE1Wd7IcA
87id9m+EJMeQusu9MIkMnlcZv1VujyD1FWsrWQmI9zGXU0p5b0HeMNRkf1Z9iQgexgeNrLsfq+/r
XUCytM4W2xrPhlsLWWbLsKBb6IbJxXmdFknKslhN+5f77aqCiWVAsfVqT9NWBE2xfs2Kbr6lkXVb
h9DSi1hFOr55cM/oZHgOiFr84Dq9S28GX7bVU1Qwn01jYA6W38hWNflYR9KXejdF7D2NFfTNJRO9
cVqxqdo1KrWTjeo98jPIeF+nCFvb6oY1R7GZbiXGq137mt+eqpUAg3XFfxmqWLAhPJOD/ovQm/PD
banbcAvDpu1Xa9mw2Ws1kOMKEY3nbJAWtE4rbWz1b3R38AAuVizmpot1ZP+Gsk/RNr+JE5AOvSJp
ccWIqsKapo+V0+8kmTe8IDF3LDTtZCZvKPwoPME7LyVRLjcCh+TuKKcTklcaQFSoXYfUscJfWM5n
kzRL6dZctcJSDM5KFO1mo0oIaDMiahF1SdGU0hU6H92KKmxXlzdmI0l6J5LIzetyBxCYAShPVbew
JD2JcO8ApJTVuVhs2dJ43EWC4xQ4hqHYi1GCDFOhzVKgqarSt+bPESAnPl0cDNWSjUJUlXL6Xjcd
gZkawf/b0qllF4askQB4hqEmzfMjBD5OL/4uKU9Y1wXnkaLD0s+9SZcceDaOu2n8WcmFFT4oJinE
JyNtOYFGtzQK6zY3Dzgi3tDZPO9XfCaTh6MBz7I0VrPBNe2JoSjJHZln5M7cXolTYRmGMzAtKcSm
Eebf9YLl1+nsszpDFGLHE3cMKx1Pqg8ZhN/Dcz3E9NGrq9KnQ1E5kTzDcCnE87Uhkt9ARvh1zvOk
0DxY95vNJ8qbhuVCThDR+OY56SHJJycpq9V1kSWpW3DtIJUZiQvGtzZJWnZhOEqrKmMHh5ebayGc
wiBjpDgj43HHU63puj4PKgcQECGdibelT9Wwg1gCQlAhRAZCNA5Mleml0LMV86BcZPX0fLCn8xOd
kaVE9XjN/YOES1f+4wRin7FNa5TNNkMod6NvBNNqMuBprnmGNU0fvw70lPN3eH5cF4tHQE1TvXxt
Sa8mXygXbxsd8nSUsnxzw1zucdc0UoidZMD46WrAC9apaJFFmWYfz68vtjU0awE210TUYouM826l
uKE9VwMHk+V3Kf1vd36hvv369fo1zzCsss1VSdtaBVeXXhRi1090XPbZ4S9bAwaHv4ThuuVXp6PA
p3c+GB7tKVq0iQHYU9HVVac/GLsfZDXERB29h0fnZAaAWyD7LemvsAxDTarO7SbD+nEwBEejbshY
Up4EeqfN1utsMSLbzobSJeuKhGFCCQVhwvB4cNBKtQkIhJ/NWH+eCw0HhE7AGZ0R8U7HSkuV+jR2
6nr3N2AmUABmXQPJpzXJmsY3SvdGF6NOtjeSb6KoC4KdMTqIyRS5ZrC12NQ0uili/VAv9AyoJTzj
9U7q6a8k/RfJxx253Vcv9sl2N/d0gwnPxx9qFRKtSM8IL/IfhCx7azGn5ReGigSbAIJHEKpK/btA
AWgxABlECG0vXzAsNYSu6UHGCq0cpZF1ZID+2kVLtWXQR5fjdcuXVyxTX7+Tt5pOnXKU3N61NWOD
1k6kh9oY3rC81mFnQ/h7AJpYfipfgs4u+GiobYIaPayre511p9t7cru1ZSfBTMSDavZqENMI1GZz
p/m8k8cJyjM+64LPtlY5G45+glzt8+jT6cX15uNwJF63l9vs17W/JemJKoBYWkvArgywWeNRz/uG
3S9L5hCokxdoInb6r5WQLwJ8c/YeTD+eb7vcB00iGAHgjDaXeiTauZpxrsJAhdjdq+r1Ds6GJwed
ZUfxYsGd3B2plv13d04WM1YcZ6Rg54Ot7bzSlgHWoqrXzyOUQzaqz4+1za2S8EwJZ3B2IFYpjQMw
u6stB/yWt9zFk/IX5MyjCeOQaKsD2FKeqWGc8Kqc8Ork0PgfY8BjdslibKKtgUY6jcW7onKX3GAa
XzXXG+6hvmJM3z4tCM+4M5mjn/Aived5uS0tNKZh2EjykhWbnxmZ6VtYlpROmgXjQ//yNZsVxzBs
xVhdbKIMW20N0eKnRu5aHf7m/vY3KKK2GIad9jfYpgg492oKsfT440Dbp6jSnza3lyiiLmg9tW2K
/FrX1xdtcX0pxwuqZ81O0kteyTeDHm6UXX3zzOrtNzbMvgVh6gJsrtOnAh4fkfJGnUEK8RmfMMjS
re25FLzCULb9mt1s6Xi8aFKFR5bWH/tWV83ubuA+JPCjj7Weqb0hQ1vyE+egPRDmBXrWBRuyQtuv
s6Z1deoAI9c+PjZNiEfDgou38E7zJJVgcEtD+LVpAFRcSqRcvgKDy98uj1Rb8RG9cDLsdVK6Fak7
+bxNUrsGeAVLlNjcIrNzjzr3+K2o8uWZoeiGwUTbD7MidUe/WzJtRudFg63Y1mP7HOV5A6XY2irA
6TzldTk86i3pO9+wDCHs+moLdiHZiM6R55RdkzrTZ79KfnoX+ZYmwvL1sOZct7lseXmM2kqOZ8ca
zUukqCFvn3tFSuxKPDncdul4LthOwEx5DiBabuH4lLPrEv56xfB9JFNyM/iyJxVq6oKHTF9mW5H+
xoKaFEDW0w5ftMgmjic6qdWa+Ir0zG67v2Zz4bL1l7xOSm9utFdJxf2T6xZivef6ojc6Ojjf2rsL
kmUYLlvfYPf3fXs6prb7e0Xszh3rr5j6sr2z5jjH9fVGK0ZpUg24tqVmRXqiWvOlzhIymabHvxfb
nvbL5l9QuCSF9qpEc/8MivxYMJb/i/zOt1ZxXXMUohcvApI8zSt9v9yK1J2+wV+6Wy7m4oSyt22X
+1Swj/LwOX3JVSM/45Tm6TyNp2zKi63hRLX5MGwv2WaeKR9/SkYTdpJq6E+nP6gztXits8OGVRNx
VOuukX5hhENU2t5S8vpY3o0rnE0qoEXBNU2vFNq6Ip/zm5zf5tCr2xJ/zVEedNoI8YIQOAFcu1i/
6KK64+5XXd/QSVma571bTxajIeDfMxjlQzbf3kqgLtBLtnlJmHsCoJdpqwMKuZuMWF3tOL0JnLs3
vnCk+QT1MARlk2TbktgAJuWbCPnE/i9N2ud36B1dp4Ve/ViRuso6Spqk7tTj47F88+Dq03HXYl+9
A6BhGoZzKUoYxmx5pYj3TNn6nMxOxWvxR/lYHhGuRDHti+55Glb3LbJ0zIqrX6+2ZaIrhsI2VUm6
95vNTa7vdW0JT5+b8eS+lC3U5sA8Z3UqjoPnG+53LaE9cRT7WpEl5em9G9OP5z1waY9VfXfb8PeG
PQVhWEbLI+I3GIrOsfLqoDw4cX6tlPv4/oht7o14eJD6RsV4sVCsluLl/d+4aL256OK9sMOCz0by
DKn10ohKfgbGHmTs7rS6195yRtra4xvhuBBGCLK5Vse8mOpYdkl5MpnbfoF6zTEMWxFWF5vhPh0Z
NfedV3K65YHTPGFFXpfd41Te8PqXwlIkpi9CRR/qBWWfT4+O9a1bLe1vRHitEC/I8hbiTdvFQKJ2
JUyqZFWf4OG21bbUsft4nT14e9VDFeatL1Zqiin7qB/ZRf1Upr7FwwB0yNcevAS550KBfOeLYSYT
YPm5wbuWR6PrU3XdsSV03hh/rO5j/BV1nytWXacbvfd+SfIbgRyuxDipr750vnjGgd9/GV5++nhw
fnT55d7GlvG/RlibJvEYOCojLcualUbBxEGPRrRov8PXKQgCQ2p8TKuT1mw6jF5ecW/r4msHqa6i
KNRlYeKJ3tS7YNM5/qd60F5/MRXnSctjCcW5731xmq84HEsedivO5CMF9DdMkbZpiFEsbw9T/2NH
RnvlEPiItgd2ryiUZEwcIK/R+PRrzKtcHAajUNsTDNeEusjU+7g5OnN1n6RZcyznijKeakfSTyBV
Uu9TmFhzlSAOmpf24kl7mUbNvyugPlK259+rtBnVtb5cnc+s/VJ2cqmT4rSeqpSr4Zl6O12U/83k
OfrtlSEPCsU9yHmMnjiU3zFt04PLf5zG7w2PUvgvcJnrOYkbe5g5NDET7HqJ7TPkelScqg7m/g9x
zKNyvOOqwQWR44/bl5Tu01kDGhwZpu6bU89XT8Pt3VQfEy7UwaZpIYRFzWx4+Enrqph/lap0iUBK
9eEEu8vLUnuwOSLjl3OtjzoSwK04aF5XC4i3RdqxDuVIerF+gMQ/uAACT3TjXM+Nr3RS5zfqcf+i
i9Jx888AtK9siG6KyzYrFh0gE5U4Wh45L+y4WMwqLgnNcUzj+MGYp5qZyL6xVNLqMNRx3RjjUpwv
MLuMT0NK6ETpzT///D9VTRx6
===END CRASH DUMP===
