PocketMine-MP Crash Dump Sat Nov 21 17:00:45 +07 2020

Error: Argument 2 passed to ShinPickaxeLevel\provider\DataProvider::savePlayer() must be of the type array, null given, called in C:\Users\Administrator\Desktop\SkyBlock 1.16-LOL\plugins\PickaxeLevelV6\src\ShinPickaxeLevel\Main.php on line 92
File: plugins/PickaxeLevelV6/src/ShinPickaxeLevel/provider/DataProvider
Line: 33
Type: TypeError

THIS CRASH WAS CAUSED BY A PLUGIN
BAD PLUGIN: ShinPickaxeLevel v6.0.0

Code:

Backtrace:
#0 plugins/PickaxeLevelV6/src/ShinPickaxeLevel/Main(92): ShinPickaxeLevel\provider\DataProvider->savePlayer(object koth\KothPlayer, NULL )
#1 src/pocketmine/plugin/MethodEventExecutor(42): ShinPickaxeLevel\Main->onQuit(object pocketmine\event\player\PlayerQuitEvent)
#2 src/pocketmine/plugin/RegisteredListener(80): pocketmine\plugin\MethodEventExecutor->execute(object ShinPickaxeLevel\Main, object pocketmine\event\player\PlayerQuitEvent)
#3 src/pocketmine/event/Event(88): pocketmine\plugin\RegisteredListener->callEvent(object pocketmine\event\player\PlayerQuitEvent)
#4 src/pocketmine/Player(3643): pocketmine\event\Event->call()
#5 src/pocketmine/network/mcpe/RakLibInterface(176): pocketmine\Player->close(object pocketmine\lang\TranslationContainer, string[21] Internal server error)
#6 vendor/pocketmine/raklib/src/server/ServerHandler(95): pocketmine\network\mcpe\RakLibInterface->handleEncapsulated(string[17] 1.53.211.222 1443, object raklib\protocol\EncapsulatedPacket, integer 0)
#7 src/pocketmine/network/mcpe/RakLibInterface(109): raklib\server\ServerHandler->handlePacket()
#8 src/pocketmine/network/mcpe/RakLibInterface(99): pocketmine\network\mcpe\RakLibInterface->process()
#9 vendor/pocketmine/snooze/src/SleeperHandler(123): pocketmine\network\mcpe\RakLibInterface->pocketmine\network\mcpe\{closure}()
#10 vendor/pocketmine/snooze/src/SleeperHandler(85): pocketmine\snooze\SleeperHandler->processNotifications()
#11 src/pocketmine/Server(2157): pocketmine\snooze\SleeperHandler->sleepUntil(double 1605952833.0114)
#12 src/pocketmine/Server(1994): pocketmine\Server->tickProcessor()
#13 src/pocketmine/Server(1588): pocketmine\Server->start()
#14 src/pocketmine/PocketMine(273): pocketmine\Server->__construct(object BaseClassLoader, object pocketmine\utils\MainLogger, string[49] C:\Users\Administrator\Desktop\SkyBlock 1.16-LOL\, string[57] C:\Users\Administrator\Desktop\SkyBlock 1.16-LOL\plugins\)
#15 src/pocketmine/PocketMine(304): pocketmine\server()

PocketMine-MP version: 3.15.2 [Protocol 408]
Git commit: 0000000000000000000000000000000000000000
uname -a: Windows NT WIN-4P2C3VGUPNN 6.3 build 9600 (Windows Server 2012 R2 Standard Edition) AMD64
PHP Version: 7.3.23
Zend version: 3.3.23
OS : WINNT, win
Composer libraries: 
- adhocore/json-comment 0.1.0@8448076039389f558f39ad0553aab87db3f81614
- ocramius/package-versions 1.5.1@1d32342b8c1eb27353c8887c366147b4c2da673c
- pocketmine/binaryutils 0.1.12@566fa87829e007eda0bd96e39fe20b9b0d638132
- pocketmine/callback-validator 1.0.2@8321aa3ccfe63639b0d08f0cbf270755cfc99fe2
- pocketmine/classloader 0.1.1@7c0363491d1ce8f914fe96d41a4338c982adedff
- pocketmine/log 0.2.0@e59bedb5d4bbeb9a26647cb7c367cb2fa72addfa
- pocketmine/log-pthreads 0.1.1@9bbcef398b01487ab47c234a6a7054722abbe067
- pocketmine/math 0.2.5@8c46cfa95351fb0b2b30739a381310941934b55f
- pocketmine/nbt 0.2.15@f8a81d37d24eb79fb77d985a52549d68955bc6a1
- pocketmine/raklib 0.12.9@5f2a02009f486ca4d90892814570fa13ebdc078d
- pocketmine/snooze 0.1.3@849510fa62e57512b8467e3694e9b3add97038fd
- pocketmine/spl 0.4.1@ff0579a0be41bbe65d3637607715c0f87728a838
- doctrine/instantiator 1.3.1@f350df0268e904597e3bd9c4685c53e0e333feea
- myclabs/deep-copy 1.10.1@969b211f9a51aa1f6c01d1d2aef56d3bd91598e5
- nikic/php-parser v4.10.2@658f1be311a230e0907f5dfe0213742aff0596de
- phar-io/manifest 2.0.1@85265efd3af7ba3ca4b2a2c34dbfc5788dd29133
- phar-io/version 3.0.2@c6bb6825def89e0a32220f88337f8ceaf1975fa0
- phpdocumentor/reflection-common 2.2.0@1d01c49d4ed62f25aa84a747ad35d5a16924662b
- phpdocumentor/reflection-docblock 5.2.2@069a785b2141f5bcf49f3e353548dc1cce6df556
- phpdocumentor/type-resolver 1.4.0@6a467b8989322d92aa1c8bf2bebcc6e5c2ba55c0
- phpspec/prophecy 1.12.1@8ce87516be71aae9b956f81906aaf0338e0d8a2d
- phpstan/phpstan 0.12.48@d364cfbac9ffd869570cdfea7eaa6541c3dac666
- phpstan/phpstan-phpunit 0.12.16@1dd916d181b0539dea5cd37e91546afb8b107e17
- phpstan/phpstan-strict-rules 0.12.5@334898a32217e4605e0f9cfa3d3fc3101bda26be
- phpunit/php-code-coverage 9.2.0@53a4b737e83be724efd2bc4e7b929b9a30c48972
- phpunit/php-file-iterator 3.0.5@aa4be8575f26070b100fccb67faabb28f21f66f8
- phpunit/php-invoker 3.1.1@5a10147d0aaf65b58940a0b72f71c9ac0423cc67
- phpunit/php-text-template 2.0.3@18c887016e60e52477e54534956d7b47bc52cd84
- phpunit/php-timer 5.0.2@c9ff14f493699e2f6adee9fd06a0245b276643b7
- phpunit/phpunit 9.4.0@ef533467a7974c4b6c354f3eff42a115910bd4e5
- sebastian/cli-parser 1.0.1@442e7c7e687e42adc03470c7b668bc4b2402c0b2
- sebastian/code-unit 1.0.7@59236be62b1bb9919e6d7f60b0b832dc05cef9ab
- sebastian/code-unit-reverse-lookup 2.0.3@ac91f01ccec49fb77bdc6fd1e548bc70f7faa3e5
- sebastian/comparator 4.0.5@7a8ff306445707539c1a6397372a982a1ec55120
- sebastian/complexity 2.0.1@ba8cc2da0c0bfbc813d03b56406734030c7f1eff
- sebastian/diff 4.0.3@ffc949a1a2aae270ea064453d7535b82e4c32092
- sebastian/environment 5.1.3@388b6ced16caa751030f6a69e588299fa09200ac
- sebastian/exporter 4.0.3@d89cc98761b8cb5a1a235a6b703ae50d34080e65
- sebastian/global-state 5.0.1@ea779cb749a478b22a2564ac41cd7bda79c78dc7
- sebastian/lines-of-code 1.0.1@6514b8f21906b8b46f520d1fbd17a4523fa59a54
- sebastian/object-enumerator 4.0.3@f6f5957013d84725427d361507e13513702888a4
- sebastian/object-reflector 2.0.3@d9d0ab3b12acb1768bc1e0a89b23c90d2043cbe5
- sebastian/recursion-context 4.0.3@ed8c9cd355089134bc9cba421b5cfdd58f0eaef7
- sebastian/resource-operations 3.0.3@0f4443cb3a1d92ce809899753bc0d5d5a8dd19a8
- sebastian/type 2.3.0@fa592377f3923946cb90bf1f6a71ba2e5f229909
- sebastian/version 3.0.2@c6c1022351a901512170118436c764e473f6de8c
- symfony/polyfill-ctype v1.18.1@1c302646f6efc070cd46856e600e5e0684d6b454
- theseer/tokenizer 1.2.0@75a63c33a8577608444246075ea0af0d052e452a
- webmozart/assert 1.9.1@bafc69caeb4d49c39fd0779086c03a3738cbb389
- pocketmine/pocketmine-mp 3.15.2@d7a66ad7559f23d24ffe95813421a720203109b1

Loaded plugins:
RenameItems 1.1 by Wertzui123 for API(s) 3.0.0
KillRegen 1.1.0 by NashanPlaysYT for API(s) 3.4.0, 3.3.0, 3.2.0, 3.1.0, 3.6.0
InvCrashFix 0.0.1 by  for API(s) 3.14.0
MSpawns 2.2 by EvolSoft for API(s) 3.0.0
KhungLong 1.0.0 by xXNiceYT for API(s) 3.0.0
OnlineTime 1.3 by Zedstar16 for API(s) 3.0.0
RedstoneCircuit 2.0.0 by tedo0627 for API(s) 3.6.0
Worlds 3.0.6 by survanetwork for API(s) 3.0.0
WorldProtect 2.3.8 by aliuly for API(s) 3.0.0
PM-Beacons 1.0.5-1 by jasonwynn10 for API(s) 3.0.0
MaxEnchants 1.2.1 by Xenophilicy for API(s) 3.0.0
NameTag 1 by MTwins for API(s) 3.0.0, 4.0.0
MineReset 3.2.0 by Falk for API(s) 3.0.0
SimpleWarp 4.0.1 by Falkirks for API(s) 3.0.0
BlockProtect 1.0.0 by DarkByx for API(s) 3.3.1, 3.3.4, 4.0.0
StairSeat 1.5.5 by korado531m7 for API(s) 3.14.0
BuilderTools 1.2.0-beta2 by CzechPMDevs, VixikCZ for API(s) 3.0.0
VanillaEntityAI 1.0.0-alpha5 by jasonwynn10 for API(s) 3.0.0
NoFallDamage 1.0 by DeveloperNeb101 for API(s) 3.0.0
BuyFly 0.1 by WoolChannel3295 for API(s) 3.0.0
DevTools 1.13.0 by PocketMine Team for API(s) 3.0.0
ARQuest 0.2 by phuongaz for API(s) 3.9.0
NoAdvertisingPE 1.0.1 by Vaivez66 for API(s) 3.0.0
AutoXP 1.0.1 by JackMD for API(s) 3.0.0
AutoInv 0.0.10 by JackNoordhuis for API(s) 3.0.0
Slapper 1.6.1 by jojoe77777 for API(s) 3.13.0
KeepInventory 1.0 by KhoaGamingPro for API(s) 3.0.0
AutoSell 1 by phuongaz for API(s) 3.8.2
AntiSpam 1.3 by xBeastMode for API(s) 3.0.0
essentialsTP 1.2.2 by  for API(s) 3.0.0
ScoreHud 2.0.0 by JackMD for API(s) 3.0.0
GiftCode 1 by ZulfahmiFjr for API(s) 3.0.0, 4.0.0
GCPClan 1.1 by InstantlyTa for API(s) 3.0.0, 4.0.0
sblevel 0.1 by AmGM-Encode for API(s) 3.0.0, 2.0.0
KingOfTheHill 3.0.0-ALPHA1 by Tethered, iZeaoGamer for API(s) 3.0.0
PointAPI 2.0.9 by onebone for API(s) 3.0.0
PHP-Sell 1.2.7 by Muqsit for API(s) 3.0.0-ALPHA9, 3.0.0-ALPHA10, 3.0.0-ALPHA11, 3.0.0-ALPHA12, 3.0.0
SlapperRotation 1.2.1 by jojoe77777 for API(s) 3.0.0
1vs1 1.0.1 by VixikHD for API(s) 3.0.0, 4.0.0
MuaDanhHieu 3.5 by BlackPMFury for API(s) 3.0.0, 3.2.0
BuyFix 1.0.0 by HumYaiJang for API(s) 3.0.6
CachMuaLand 1.2 by Noob for API(s) 3.1.1
AntiTNT 0.1 by Adam1609 for API(s) 3.0.0
iProtector 3.1.1 by LDX for API(s) 3.0.0
ChongBug 1.0.0 by shin1134 for API(s) 3.0.0
Weapons 1.12.0c by xBeastMode for API(s) 3.0.0
Marry 1.0.0 by GreenJajot for API(s) 3.0.0
Minerloot 1.0.0 by Distoxicqted for API(s) 3.1.4
Warps 2.0 KSCore by KaysilGMVN for API(s) 3.0.0
DeTuMF 3.0.0 by CLADevs And Shin1134 for API(s) 3.0.0
SkyBlockUI 2.0 KSCore by KaysilGMVN for API(s) 3.0.0
MysteryCrate 9.1.1 by JackMD, DaPigGuy for API(s) 3.9.0
DanhHieu 3.0.0 by padreon for API(s) 3.0.0
MuaDoUI 2 by FurryJaki1992 for API(s) 3.0.0
ShinPickaxeLevel 6.0.0 by shin for API(s) 3.0.0
AutoClearLagg 3.1.0 by Twisted for API(s) 3.0.0
PECollide 1 by saxavlax001 for API(s) 3.0.0
MenuUI 2.0 KSCore by KaysilGMVN for API(s) 3.0.0
PlayerVaults 3.2.0 by  for API(s) 3.0.0
BuyceUIEF 0.4 by UnknownOre for API(s) 3.0.0
PurePerms 1.4.2 by 64FF00 & ProjectInfinity for API(s) 3.0.0
TableSpoon 0.0.7-ALPHA by CortexPE, Xenophilicy, HyperFlareMC for API(s) 3.13.0
Kickk 1.1 by MCPEVN-TEAM for API(s) 3.0.0
TheoDoi 1.2.0 by HotshotHD & CodeRed2019 for API(s) 3.0.0
SizePlayer 1.0.3 by  for API(s) 3.0.0
EnchantUI 0.4 by UnknownOre for API(s) 3.0.0
Alias 1.2.0 by Ghast Noob for API(s) 3.0.0
OrionTasks 1.0.0 by Clik for API(s) 3.0.0
Eff 2 by AmGM for API(s) 2.0.0, 3.0.0
PiggyCustomEnchants 1.4.6 by DaPigGuy for API(s) 3.2.0
AutoFix 1 by Noob for API(s) 2.0.0, 3.0.0
ChoDenUI 3.5 by BlackPMFury for API(s) 3.0.0, 3.2.0
QuyenVipUI 1.2 by NightBlackDM for API(s) 3.1.1
MuaCoinUI 3.5 by BlackPMFury for API(s) 3.0.0, 3.2.0
LoadWorlds 1.1 by shin for API(s) 3.0.0
EconomyAPI 5.7.2 by onebone for API(s) 3.0.0
MapImageEngine 1.1.3 by FaigerSYS for API(s) 3.0.0
Eternity 1 by minefore and shin1134 for API(s) 3.9.0
InvSee 1.0.0 by BlockHorizons for API(s) 3.0.0
DEVirion 1.2.5-ALPHA12 by poggit, SOFe for API(s) 3.0.1
NoTP 1.0.7 by awzaw for API(s) 3.0.0
ItemDropText 1.0.0 by AlexItz16 for API(s) 1.0.0, 3.0.0, 4.0.0
KitUI 1.3.5 by Infernus101 for API(s) 3.4.0
Banking_vonfram 1 by Noob for API(s) 3.0.0
ShellyEssentials 1.0.2 by Shelly7w7 and BlazeTheDev for API(s) 3.0.0
NameCorrector 1.0.0#build011 by PEMapModder for API(s) 3.0.0
OreGenerator 2.0.0 by vividmemory for API(s) 3.0.0
CustomAlerts 2.1 by EvolSoft for API(s) 3.0.0
SETVIP 2.3 by MCPEVN TEAM for API(s) 3.0.0
FormAPI 1.1 by jojoe77777 for API(s) 3.0.0
AuctionHouse 1.2.3 by Shock95x for API(s) 3.0.0
BlackSmithFGC 1.0.0 by  for API(s) 3.0.0
PureChat 1.4.11 by 64FF00 for API(s) 3.0.0
SkyBlock 1 by KhoaGamingPro for API(s) 3.0.0
RankShopSystem 1.0.0 by zZPROGAMERZz423 | §eFor issues report by §2Visiting GitHub.com/zZPROGAMERZz423 for API(s) 3.0.0
ShopUI 0.0.1 by InstantlyTa for API(s) 3.0.0

----------------------REPORT THE DATA BELOW THIS LINE-----------------------

===BEGIN CRASH DUMP===
eNrtXW1z27ay/isa98yddMay+f6SDx07tpO4sR0dW0nbHHYyIAhKrClSh6Rky7397/cBSEkA5ViS
rd5+SeecSFxJi2exi93F4sV/7sV5MSLV1ykryiTP9l6b+3tVMmJ7r3VHs33b8Cx7fy8lZXVWFHmx
9/rPvWo2xsd7fbzUtP29EStLMuDU42IwGbGs6hidMSlLFnWqvHMzTLJeQm/JPbtgU5YGwbjIp0nE
iiA4JRXpNU+vX5dkynopmbHi1Y+d0aSsOiHr5HGnGrIOb7dDioLM9jvZJE07g2TKsv0OJWmKdpKs
c/I6CD6VkCQIjqNRkiVlVZAq562w8rbKx0Fwczt7k+b0tqMf6E734uMFsKSTQZLhNzLEz04QlAXF
D1awX5IkOxgPx50866RJxjq+gS6IgehtkvI++P+B8XgXcmAcTY2k4XmosjwEx8M2w8M5v0OZHVhx
EWEW3C4KQvH2P3s/aJ1tOPMOe+UbP77e2BC6P0mGkId/MFp1bvNqGAQf8G9N3+9cfbq46PwIiD/o
Hd7wGB3KKnQ4O6zhHV6yaphHZzCT6uye0QmU8Mp6HAgH2f0pz/49Sap5k0uGQcA4E64l3jaUJF75
lwV3gcL4BoprNoAJsIJFF/w1g0yeBhAy+/qrgLGKuPsTE+/YHNbj4Pc7z0NttlGL3xyKL7zyvG/g
XJWp+xMfiPXPnofEaiNpDMB0LLMFo+Emfls3/EqwsNssMlbd5cXt4YiO2eE1ub1IwvMMuGOY8ivd
dVp86xbBMc1L9pgYKckGQdAvSFampILHPMmzCr3P7RHDPMkG/zH03zuijYykHbgBuNYO445SIHQ6
wBzlhQyyILdpEorBU3//8Ea8vCdZlKIDfLsFs5EqCLhYUIYqV/enofjhWUbJuJwAJ4teNeB093f4
HNs8MHT9wDCMjm5Z5sJ0aiBiVFY5zWFZMo8e4Qj24WkrNoBQmhDI3a7LNR+yzNuppYV3k8Wdw6+b
q/XqbdWI72/ZX5CXIoTVbfmPaKjM8vyB1e4tZWy81I1umNs29u3v/sntblKwv2okurYVFK9tJvVX
0b3K9xbiXuVVEidUmHEju77iSWvVvDJ0292Qe8mfP2VVkr6K8kmYss48lTDNA03Xrbol4xst6b5v
tVqqP+n+VMHp9WrscOQ1G/NbbOwV3zVnU1akaOxKX/U54u0l3r4yXPMbHL5+peiyqpjQha97Q0p2
gjypvMhJxL3BI85jgj4pa299kQ8Gks+w/N+fmb0sWNju7y9NgOousZ/oElNr66YewujN3//a32Pf
c8Qnc8TdZ2Xo9Jrd1ySb5umU8Y5FG1FSwPr25p+C0maNz2ge8Xzu9++p3ffU7ntq9z21+57afU/t
vqd231O7ldRuf2/A4wBJeW6XEV4e3Fv+tHvZA/cQvbQsI+6ZB7p9wJOecJKk0d5r3dPt/b2k/Bqx
6d7rmKQlQ3LSOKO915bmoZGEpy7ahv+B96TB8kuCoXRXdq76nV/Or7pWzzgxP7/71Lu66jgHZkdA
6PiOpnVezb9a67tjaLDWa6NzU8HGSRF1zqKED5ofO8eXp47FE6jhGC24B/CrJh4fMGqFeM0zPv6a
lxzD+dVVHwTxcIeUi+dXozGCTfEVHrEgRcJK3n8kGkLmgh3+UeZZF99pUjbtQD/QjjzL8jTX0Uzf
9PzYtr3Y9Emk2bZJSOi5UWjGnu7oHFlOCzJKJuXhGO4UqXW36X0OAIHgQD/SI9MwLSP0qM5C2Lxt
Us/zXGo64OCGFjUi4rgm5XIsjSJMMlLMhEU3sHTjyHacmHiuZ/hM01wWES2MfIeZfswMLfRDLXJM
TzcNlRUP3yHQdackTSJurwKbdmAceaahE2JSGjPHdEzOQfNijYax4WqubdOY+px5iyEfh6kYh3Ns
Ry7VwMDy9UinzIt93YqZ70SWTizT9KjvGfh6FMcqpzQfCA4GOp3Zfsii0I6sMGShTwzHsVwa8o7C
ixETFyyimKxw6I6rYcFItOioIz8MKYPOvFDTLc8lIRhBB8QhrmZbrmEQNKE5rspqRKphg8Y+8qjl
0Jj4tmnrcaiFRmhqLqyA9y+CrKX7phXadkueLKwaDrp9FHvEg/LdyLBY6Ppx6LqR79nENmzLjxzP
t+2QOkRXWdSxuxbFOPCP7NggmqFpfmx5DiVW5Gueb3i6ZbtaTHSThRHVXC9SudTBo+kQEwbt2zq+
7hjMdm0dxmg5LjMd32J+aKJbfVczvbjNZJwKDha6NI412/VhcMzS0XmOHUHdGCKuq9tUiz3XNSCu
6YFDlFPuMtkhnB5GdJUsTM7kjExbi2LNcDzma5btAwaMGL3t2dQ2mcZM04wZ42oezWBpYXkYIeBh
jI5ngomucQ07fogUK/aJDQPWY4dqsLzIICy2nYhz1G3fYza4ZMltAn87HHfHpCiFyU4tzsU4cjCy
9ZCZuk4MU2Oar7mxHcVMM3TTtQzChYYRM+FiSNFNchhJlsSs5GqG0QKJZxuOzeLIJLEbYigRKzSI
QU0rCmNqu54XRYavm6bEQ3bQHAZ1wtDxDDtisYeRTUwkjuhSxHM39igjse67dky02tOhe8XMHWlL
weIUQTBpXJhgaYjBpEeaTmFlFoscIzZsQjyLuJZLItOObKI7vmE5jhE+xRLUkIcyMEUUAU7N8Ynr
2eh4S49hu7HlxyaDQ7MtL6I6pcyJ4C2dFaa8ItAtWMnnxrUlWMDoEBhh6PmeD4Ej34AeqQfPg9FP
qcNsaoQELqgRuxwzymfi4yGjjSEYvPvhbWDRTshcGAKs2bcdOGdfcwiJNbgepkUeMaKGCezxsHmd
DzHLO4ItWzSGj/TjOPIcH0OLwgyIywhxbEunZkSo4zirTLp4nWRJNWemO+h6GJ8TIdaGmm36ESM2
hRdgsEjLIXHohTp8t+4+woynGrTqFpOUlXOO9pFpWugkbhW6yyzkekyLffgmMzJjCmekhxGcZVhb
qUAjrJ0XFvAPeryu+PjCMBDCrNAFHM9El8EzxZERUou5oW+g84ipUbTmGi1mvGrSTZBjN2OZG659
RMCLefAosQFPoEEwLaY0dNwYcTI0vNjAyIQ6Wsx4leSW1Wy4u4Y9wk+7kQaVOXZoe76lwdO4Ruzq
1CdUswyEKMdtsanYfYV/RmM+e2rGo3mkewivrqY7zNGYbViuy2zLRmSCX0C0dUNqGzTyrDazZCQQ
2fWIhCEgglk+XKTPjNhB8GJ+HMGqNMPCCHARnMywhagxBF9YNxwRFOe4xPVdi1qhQzFMMFziGI5F
h3fSEbwt4aFKhrwNbjJDZE2WXkoX/sWyDOZSlzkelI8IiDhrwTzd0HE8KC40LM2giE8qH677Bg5n
4x7ZvmHCRjDk4b59X/cxVt3Y0RDakASAq42I6ZPwcTYYvNxpsW6a57eT8aKzMWL0WOMjH86GBzgE
IyeOdHQ5wCFAcUsw20IiIyNzQ7KEIbnEi2NTcywe1VyMGqoTpCOwU4Pw1EFn1EbY0lb4pOw+qWYL
ZxwSj/J8SkOPxCFFrI40M7QdC8HetDQYtxvrTGQhSz5RAkKNxESco77lEwQEeBMkQYwIVGYEVHbo
GcyipqH5anezbJoUedbkkLYIuabnQecs0hG0CTwUGocZOT7DxMlAUkXARNMIVRndj/OiYsUCTuT5
FMmT6+jIH0Ob4zJt4oQI14QhkEIoT0M0VrgM0jwkKbxJPS5s0TXwZq6PdArCWa4XIgcy0C+Ewrth
XEQwU4osgroKJ17hLLt53K2rlI1JOrZuhXxww8vCnVlObBtahDQp0l1i2YYZExuB2VJY1fO1LssQ
FGTlo8vxe+5yoSwPyZltGS4csm5zL4nsy3Q1AwkzeZRdE64Et9okIx9+JDRD3SA01F0+SHTEVA/5
gkl9LTI0y6RhyyQLRiciJkPQjPuVBTgWIXmF/7ZtpF06cj48hcQy9BDJcRQhgYCJsNhtsSvzSUFZ
Nx9zWZvpgCkYarFlcQQm0RHzEL00BEDEdzOkWsRjMxIG3SeewrAp5RvIoLQj3ruG6bpIcA3TR5oa
+rB2eFri6iFBhhcbMDDNVzis5hxU1wwYk058TcfY0qEA3bNMh7qOxSzXjJH4eMI8Z6M4z2aYsqYz
xIG0Sxs4Uzhvj89wqIl8DmbgsBi5KGInz+a4A4YHRp7tWZETWsIeqiErGUNGgACQJQ+Nn+OByYVZ
m9Q0CeIJ8kpMwSykKHAGGIGI5Jh9YezZBs8L71g4yh9IUR3ylYuidnK+GP4xdXxKWGhFlk9N7rFh
9RoSZ4wX08VEJAwxpVPT3OXb7mi8mDUfRS5x4PcxC/Jjw0QSH2NGY8OlQPmYiyAn5xOBUN/7a1H/
F1PLa8YnxOcITKU0U5ep+3tLbaAL8Uwm1TAvSl78/wUCPUwSHRNbTPnJOOFErjONP4NLmDJMfqti
grl7xMaYCpf1+kGZx9WpTBgRseiw5MjrygsYdaGEL2NgJsdrCR9v+r98vL44rXu4TITzGFbVuHx9
eDhIquEkPIDPPVzyO5SlQi98gHVcswHLJMGXtJbYB5oq+BUphyTjFeLyt74iuyW+ymf79avRvOrN
q/P8vpEaDYIP1/z/63qEC3qeTU8K/PRtci+JKlNlYTXuNRVhZel06/nwR5P/AlUQIKOivOU4uQ+C
ukK2iRiXN2Nyl8lmOqfI8A1RQpI0dTbN0xsg2pWBNo3CIBetN9Bv+sfX/U+9Ry3y7u7ugAEJ53pQ
3Qr7G06ywUWeDWT7W9BU+9Pa9nf/61VCWcv0XiDVaZLlm40xDv1jxmNtX+z6W2CXiCp4U4X+hUW8
6Ko7u8K+YBgESwzPdhgLboeSQJD5mtPzjJ0kBZ3wXFXyluonqjmuqK5iUa45hquI/wKvUDTNtyV+
zBy5IL/kRRrJw6ghyLC5PhwVdjkppqRZotiV5gTPILgTAIJgAWQjnTVR7EAwOZivAf1QM1sI2ivy
iq9rt8Sdk1VdmQeeKjRJk0k625W4NbdG3nGNYBOtPWKll5OkiBOWRnJCMF+HrwrGC4R8SfZQkRad
0rvsvmGE5oojlYhtv2N3WyH/D1Lm2d0sy3RtV/0isQyCUAAJgiWg9ZGB3J9lFKGxUqKDRFWlMtpp
zK8sy8fDJE3oznQtseQqXkBRHjYR7grS9IkcJOYURShVoMv+HU/w2rLsi3nCs2VCwOYLtFuEbFjl
NXJoefgtaarDMdp+8i1Jd+ZoYvBKilv0Ph8oBW8eipCQrBXlJuHz919IMZZkkYiyMNZKCiWE4QBe
JhDYlJXYbxALBdyk+Z30eIYJBq9gp2XvbO8x4UuB9w54g0DBvlZ8sUy46ksV8pqU5ZQUt29m90oP
mKKf+Kv1UuOUocB7qMDWq7ciSXHDiCzckqZKZh/YqmS3eUGi3Db1kRrUX5IsSzyhqzkS6e1GWuPL
mKzo53kqe0aF3HaNWjdkFWkl0ScPjA57l6dsyn/wOblPbk++7GpwUs58PIrAHO6/xlZxbFCjinTb
XE6CfaiwQt98Jhkme+QMA6aaHZ9L3dP+ZMWuuyQdD4n9N8XFvd6kYKLxhJW/7n0jTLZA8s05C7hr
EsCrHN4oPSUjUWpfhhWZ3JK5NZL5RjNeLbpioa7pO5uDqGyDQEa0+eTkzWT2FjmbbO6CoE5y24UM
mMUJYnLGUtPw7V2JVDf96Xxz9OiE9nBdkFo1CbOtl+UGi06fkdEO9dKvh6OEZLt0dYnscMEDwh5f
/3silicXss4pqrJa3mg8nGCKTB4UAf3nCzjnFwSi8eZlo+QsP44AtErKJBsg6MqjSf2k7URa9veZ
JFP24OxsTjznxweRAqRF2ETI40mV/9qTlVQT1oj0M6G3l6e7EqjmFgR128+e3ddsDhsJGuHOs2lL
Ok5ZKYppq/Jd5XkRDSdJubupEL3N5kyDAM3lSTatxa5BrU9lUjIes0JOZBqKqjCnrbA/8j9y5vL/
1CzGfMEEv2752epaQjqcC8ErZ4yN0RliuV529Cr9yRD2YZiTd2TEh0SR70p5CtMgUOBsHgG4qm9Y
mrZMUpCemPI96hQ9uM4XO8V561uIgFzkZowIJIkwJz1ZG7zHrL+sLvn63Y50ch9yjiNwxGgChhIY
Rtwi54BG8lT2WykTW8ys+rIjVMjtRNr4ZhH9BeLILQZBq/31roHvInw/iWTfMCetqVr+Pd583vrm
pvUuiasTsb67EGFBemJ0fJmkMRmOkrd/FLuuisyb30KGk95JSuR1pznlycW283qHWjrrk13LkMxZ
VyQIYkoowATB25PjBtVavw23jZ+N2cE04xKWQMBPDC0lnFOezMKPR+8uu2cZfWz87zdW+UwJ+TmZ
ICjD+UmmtUr6ADf+Me4P2ftE8cUqvV0017rHF733xy25+qwa8uMx+53kCyM5YgQrdjWUlkehNjW/
HlKK6rh3rmzNbkhtL+CrguQZC/H/XWGPcr4fWZzhoXmWj2Zgipls/b6Gs16a971uK1wuSG2X7Laq
pGJBsi1MrUFf1KWWCtVaz3rr2Zg/P9tAAZgfm9jcjTQZ0XVeiV0bqwnf4pM15e9vJH4vEUYFsLlM
+rTUJUHE47qpE69GvT/dtUuccrZDqAP2Pi3F+trHjH0u8c8zElkMeXJ78uVQCMQr4xNySrLh+4RN
5Nq4RFU9S6vY9CZFAO1dvp0Us0fkrovpz5T7ZJifAAOvWTRvtyu9KJsMGsKayvD7yeg3kvxMMB1V
hXFeUnfhuws2BX5C6BCdf0EyOTeSqa0h1NoNkuehOmc60J8LPRU+AHPAMAhGE5LWjW+Ucvev+q2M
uy8OmDwVcSMy0h3N39XAbxrddC06aUr0uTxdlYjqIFjJiC5Of90VcLAKgmXLz56xgk/38qR3dihJ
wQ1siMnUm4m8jLcgrRkdJTIXXTetnfnmhp8Y33MEa+3rF0bG6qLxnNLKWeF66N8+qVtwDIIGxuLN
ZgvGhVI4qJ/X6OFdwVj2M/kj39lWoiVHbm7FNkUCXkot0jxvr6zWtHUrcUlZ5fcJ/W8FwKrbsp6/
gWjJMwiqLYoFfAlSsSvx3EpEOx9uTjBVbBVxyKxM0neXn692tvuQt71Nsb4/uXyrlOoFYWVW0FpN
uzjmS1Kd4yzq3Ox4dDe8xer2VpnX/CzoJ3leIBH/GYUsAWwxNmZ858vspBA7ypfDQybL0virgaWp
dkDDpJcM3k1mu1pqmBc+ZDAvLWYrgnGrXE0sv5FVrljmmEQFw4c70l7DLgj6SVWl7Pj0egstIhfO
FWOcUxRLbG2zmMCL/kxuE933jZ3t+Kzb3WIotS9OkQbU6p0qS2Gcx4P/LgP/6lUhm5akT1JGigsy
GLTq0kt6O1lridK/45eDRLuSpqrZ1WsklINIAaKuVsuYth1UDczjcpZORpcnhyo/XnA4O8nTNFFK
kEvaEzXIktyTaUrutd0tmUssg2DMaA1i0+z7kmUTdYTVhH8w9m4zzOr7WT6TSars+1PIT+8x2xHy
+cb2+j6bqWh5fn3MAscmk2fKPp2fvVXnzw1NncVZqjI+ZbdZfpd9LHaWYS858k04AsQWipkUrMcK
5UjJkqYmp1Z7Lu1Yb99qWud/Opg/8VNT51mMTKba2cbMr3UD0M8ckfT2Gf5C/HZ+AdaCD3qhz7Hd
jHOlMicR2+vLbl1JbKWK/ITdvdg/IG9S3d97Pxuz4m1KCnZ5srPlWmXT6hKq/H69V/mAEHOrFMz5
85MrG3zC/Pmq2z87vtxZ0BYsg2De+lqj7Q9Zfponsq4aysoOuVb1Kq/KYV69P4XN8nWgaxYZmr6z
igodRfx+BLGKfjKKbur3m21ZfWiuTVO2rC6I7Vmi+Xf4RtHeRX3P1/L9JvCbTdJKgFrS/kF/uACx
RQKVJkT2hvXzGsN6NyRl1VmpLb6kOsebrVGL64k2OutTAGCflLcyfom4ptZwkiY728XNeQWBaPsZ
+yrO+MHppSWJc9XfnEjwlUgJtrGorL8APppElsY561vE0mQwmJ1MyiofPXLG4bFP2/HVaW/DfmRG
+4L1gjk/ftPlCpjtphjq2sGc8kRG3RobO9FSXXlfNr5+7WCYn7JMcVML0j+4iCMAiBov3m2uh39P
Ziz7nIwVeSTi0+sgyWBYCbFOL3e1HvL5vMe38wueQTAHsUn54CRPsnYBoaH9U3oBgi805zsRkFj0
k20Uw0/drBzdk4hPJli7LCMs29y8cMVTZjqeZgdVPha+eLnEL7lked1/KYx94LbtbMfbEBp2L9mF
cEnG53yb+lk2EPfsSksLygftY+Vm+5hQMmDFzW83uxJtwZDrSkbSft4ogvJ7TMUNJkudzUlPeGm+
wyPOC9YhWdR5dDXrBQXVOfMgGMWbDyakDzeMqafhOWFNMiNK0e/zInnIs51t+VWYBkGNZJtTdqdn
n5NC3QCyILVTTFvariLXffPBQJxcvvn4tj2snu25a6ZBMBVQgiBi83cSvLVnVZQNl+KxraTWrh5y
90DudnZklzPjy/HV+Nll+hoQt7qKjU6LfNwXd7YsbU8mr7HA45Tdn1cPyuF5XUl7XrjthYPhQDYf
Sx8SdY5WP7e2+bZj7HkWw3FMyvbxoRecmJNY8mn/VvOzNyS7TbLB12mexYWyb7n9yebZ6Ivs7kpk
obzxbZYdWJrOlodAlWWH1kdtM2v5g/r77p0rfDYSogfWH7JTNt3dWoQKaHMp+ennk7wo2rtGVPrK
MPpBHCzU9JbOemcIg5d5FO1uQ6bEMggUVK3HzWbf7J24SFcVViGv2bk9TaZJNGKjvNhZDVVuPgia
txulEPX0EF6sUOaxClmVR/97r3ORW8ZsScXxvItdbs76mLTIo68mtO6aeKwE2vk7SqA3rMK0aRPt
vM2LkZqTzylPzi52v390yTEIGgiLN5tVE8StoO/zScmUkoJEbqdGZtsFIi3z7fsXHuZVphHynUvS
Il7TEl/KFPiGHB+vQShoNzijj3nrzQiJx9t3J8ohfZn+dIKxjbCybE+diiK/TSbcDhUc260mnQyV
k/kLUrvW1Xbv9VrPViqUVqoeu39BqKTkh8b4isw0gXJ6Z905fe8b60wc7PLdDlaZBBtp184je3ae
SlV2ePxNtfDmoC9m0zOpLy5nvVRschOv67P+a+Q9GH/jG76zRc7GWh+sSZYfvvSuP747vjy7/vJg
GWbnfzvBRNOIy+BJOklZTljZKRi/xLITzprPjM8JgKBjOu+S6n3T+y1G29tTo/WlB5NXHCXq/BjG
E8NJ7YJtssNcLeo1hKfvfnvy0NEOnAN833iS8D+IlG9U2PtLvgzxYDbid36LqyP53fwH/MZlfrJZ
XEjM700kSNlZxeauDfMaljUX3v+5JzY1SBf1h7S5VH1BoSRl/JJ/hZaPvkZ5lfFLbSRqc8vkkjAp
Uvk5qq83XTzHSVpfnbqgDEbKnw0YIk7Izwn6cyoT+B8DEHbvCrsfhfXffpC/UjZ/o0Cmjakq9fXi
Dm3ll6KTS5UUJZORTLnpXciPo1n531T8rYPmXUdc5mp0MfHvdPkfTrA1S3Px9l/n0euOSyn+5zvM
ce3YiVyD2TTWYsNxY8tjuuNSfvM9hu2/+FWc0hWciwZnROjfaPYaPSTjOjuxxXrgQ30z/eLbeLwf
qTrJuTiGppm6bvADP73Tj0pXRflXIUqbCFKiqhN2l5Wl8sX6gp1fL5U+aiHAI/9jAKpYIN4VScs6
pD8bwCvQOv+jGAA8VI1zOTa+0uEku5X/JAPvomRQ/6mGZocW76aobPIf3gHijF4Uzv8sALfjYjau
ckGoL+sZRCs6TxQzEX1jyqTFhbWDSW2MczhfMLo6H3uU0KHUm3/99X8Xo6Nx
===END CRASH DUMP===
