PocketMine-MP Crash Dump Sat Nov 21 09:31:09 UTC 2020

Error: Cannot redeclare MuaDoUI\Main::FurryJaki4()
File: plugins/MuaDoUI_v2/src/MuaDoUI/Main
Line: 164
Type: E_COMPILE_ERROR

THIS CRASH WAS CAUSED BY A PLUGIN

Code:

Backtrace:

PocketMine-MP version: 3.15.2 [Protocol 408]
Git commit: 0000000000000000000000000000000000000000
uname -a: Windows NT WIN-4P2C3VGUPNN 6.3 build 9600 (Windows Server 2012 R2 Standard Edition) AMD64
PHP Version: 7.3.23
Zend version: 3.3.23
OS : WINNT, win
Composer libraries: 
- adhocore/json-comment 0.1.0@8448076039389f558f39ad0553aab87db3f81614
- ocramius/package-versions 1.5.1@1d32342b8c1eb27353c8887c366147b4c2da673c
- pocketmine/binaryutils 0.1.12@566fa87829e007eda0bd96e39fe20b9b0d638132
- pocketmine/callback-validator 1.0.2@8321aa3ccfe63639b0d08f0cbf270755cfc99fe2
- pocketmine/classloader 0.1.1@7c0363491d1ce8f914fe96d41a4338c982adedff
- pocketmine/log 0.2.0@e59bedb5d4bbeb9a26647cb7c367cb2fa72addfa
- pocketmine/log-pthreads 0.1.1@9bbcef398b01487ab47c234a6a7054722abbe067
- pocketmine/math 0.2.5@8c46cfa95351fb0b2b30739a381310941934b55f
- pocketmine/nbt 0.2.15@f8a81d37d24eb79fb77d985a52549d68955bc6a1
- pocketmine/raklib 0.12.9@5f2a02009f486ca4d90892814570fa13ebdc078d
- pocketmine/snooze 0.1.3@849510fa62e57512b8467e3694e9b3add97038fd
- pocketmine/spl 0.4.1@ff0579a0be41bbe65d3637607715c0f87728a838
- doctrine/instantiator 1.3.1@f350df0268e904597e3bd9c4685c53e0e333feea
- myclabs/deep-copy 1.10.1@969b211f9a51aa1f6c01d1d2aef56d3bd91598e5
- nikic/php-parser v4.10.2@658f1be311a230e0907f5dfe0213742aff0596de
- phar-io/manifest 2.0.1@85265efd3af7ba3ca4b2a2c34dbfc5788dd29133
- phar-io/version 3.0.2@c6bb6825def89e0a32220f88337f8ceaf1975fa0
- phpdocumentor/reflection-common 2.2.0@1d01c49d4ed62f25aa84a747ad35d5a16924662b
- phpdocumentor/reflection-docblock 5.2.2@069a785b2141f5bcf49f3e353548dc1cce6df556
- phpdocumentor/type-resolver 1.4.0@6a467b8989322d92aa1c8bf2bebcc6e5c2ba55c0
- phpspec/prophecy 1.12.1@8ce87516be71aae9b956f81906aaf0338e0d8a2d
- phpstan/phpstan 0.12.48@d364cfbac9ffd869570cdfea7eaa6541c3dac666
- phpstan/phpstan-phpunit 0.12.16@1dd916d181b0539dea5cd37e91546afb8b107e17
- phpstan/phpstan-strict-rules 0.12.5@334898a32217e4605e0f9cfa3d3fc3101bda26be
- phpunit/php-code-coverage 9.2.0@53a4b737e83be724efd2bc4e7b929b9a30c48972
- phpunit/php-file-iterator 3.0.5@aa4be8575f26070b100fccb67faabb28f21f66f8
- phpunit/php-invoker 3.1.1@5a10147d0aaf65b58940a0b72f71c9ac0423cc67
- phpunit/php-text-template 2.0.3@18c887016e60e52477e54534956d7b47bc52cd84
- phpunit/php-timer 5.0.2@c9ff14f493699e2f6adee9fd06a0245b276643b7
- phpunit/phpunit 9.4.0@ef533467a7974c4b6c354f3eff42a115910bd4e5
- sebastian/cli-parser 1.0.1@442e7c7e687e42adc03470c7b668bc4b2402c0b2
- sebastian/code-unit 1.0.7@59236be62b1bb9919e6d7f60b0b832dc05cef9ab
- sebastian/code-unit-reverse-lookup 2.0.3@ac91f01ccec49fb77bdc6fd1e548bc70f7faa3e5
- sebastian/comparator 4.0.5@7a8ff306445707539c1a6397372a982a1ec55120
- sebastian/complexity 2.0.1@ba8cc2da0c0bfbc813d03b56406734030c7f1eff
- sebastian/diff 4.0.3@ffc949a1a2aae270ea064453d7535b82e4c32092
- sebastian/environment 5.1.3@388b6ced16caa751030f6a69e588299fa09200ac
- sebastian/exporter 4.0.3@d89cc98761b8cb5a1a235a6b703ae50d34080e65
- sebastian/global-state 5.0.1@ea779cb749a478b22a2564ac41cd7bda79c78dc7
- sebastian/lines-of-code 1.0.1@6514b8f21906b8b46f520d1fbd17a4523fa59a54
- sebastian/object-enumerator 4.0.3@f6f5957013d84725427d361507e13513702888a4
- sebastian/object-reflector 2.0.3@d9d0ab3b12acb1768bc1e0a89b23c90d2043cbe5
- sebastian/recursion-context 4.0.3@ed8c9cd355089134bc9cba421b5cfdd58f0eaef7
- sebastian/resource-operations 3.0.3@0f4443cb3a1d92ce809899753bc0d5d5a8dd19a8
- sebastian/type 2.3.0@fa592377f3923946cb90bf1f6a71ba2e5f229909
- sebastian/version 3.0.2@c6c1022351a901512170118436c764e473f6de8c
- symfony/polyfill-ctype v1.18.1@1c302646f6efc070cd46856e600e5e0684d6b454
- theseer/tokenizer 1.2.0@75a63c33a8577608444246075ea0af0d052e452a
- webmozart/assert 1.9.1@bafc69caeb4d49c39fd0779086c03a3738cbb389
- pocketmine/pocketmine-mp 3.15.2@d7a66ad7559f23d24ffe95813421a720203109b1

Loaded plugins:
Slapper 1.6.1 by jojoe77777 for API(s) 3.13.0
DevTools 1.13.0 by PocketMine Team for API(s) 3.0.0
KeepInventory 1.0 by KhoaGamingPro for API(s) 3.0.0
SimpleWarp 4.0.1 by Falkirks for API(s) 3.0.0
AutoXP 1.0.1 by JackMD for API(s) 3.0.0
ARQuest 0.2 by phuongaz for API(s) 3.9.0
OnlineTime 1.3 by Zedstar16 for API(s) 3.0.0
VanillaEntityAI 1.0.0-alpha5 by jasonwynn10 for API(s) 3.0.0
StairSeat 1.5.5 by korado531m7 for API(s) 3.14.0
AutoSell 1 by phuongaz for API(s) 3.8.2
AutoInv 0.0.10 by JackNoordhuis for API(s) 3.0.0
MaxEnchants 1.2.1 by Xenophilicy for API(s) 3.0.0
WorldProtect 2.3.8 by aliuly for API(s) 3.0.0
MSpawns 2.2 by EvolSoft for API(s) 3.0.0
BuyFly 0.1 by WoolChannel3295 for API(s) 3.0.0
RedstoneCircuit 2.0.0 by tedo0627 for API(s) 3.6.0
Worlds 3.0.6 by survanetwork for API(s) 3.0.0
InvCrashFix 0.0.1 by  for API(s) 3.14.0
PM-Beacons 1.0.5-1 by jasonwynn10 for API(s) 3.0.0
NoFallDamage 1.0 by DeveloperNeb101 for API(s) 3.0.0
KhungLong 1.0.0 by xXNiceYT for API(s) 3.0.0
BuilderTools 1.2.0-beta2 by CzechPMDevs, VixikCZ for API(s) 3.0.0
NameTag 1 by MTwins for API(s) 3.0.0, 4.0.0
BlockProtect 1.0.0 by DarkByx for API(s) 3.3.1, 3.3.4, 4.0.0
RenameItems 1.1 by Wertzui123 for API(s) 3.0.0
NoAdvertisingPE 1.0.1 by Vaivez66 for API(s) 3.0.0
MineReset 3.2.0 by Falk for API(s) 3.0.0
KillRegen 1.1.0 by NashanPlaysYT for API(s) 3.4.0, 3.3.0, 3.2.0, 3.1.0, 3.6.0
Minerloot 1.0.0 by Distoxicqted for API(s) 3.1.4
TheoDoi 1.2.0 by HotshotHD & CodeRed2019 for API(s) 3.0.0
OreGenerator 2.0.0 by vividmemory for API(s) 3.0.0
Banking_vonfram 1 by Noob for API(s) 3.0.0
MuaDanhHieu 3.5 by BlackPMFury for API(s) 3.0.0, 3.2.0
Weapons 1.12.0c by xBeastMode for API(s) 3.0.0
DeTuMF 3.0.0 by CLADevs And Shin1134 for API(s) 3.0.0
SizePlayer 1.0.3 by  for API(s) 3.0.0
EconomyAPI 5.7.2 by onebone for API(s) 3.0.0
MysteryCrate 9.1.1 by JackMD, DaPigGuy for API(s) 3.9.0
KitUI 1.3.5 by Infernus101 for API(s) 3.4.0
ItemDropText 1.0.0 by AlexItz16 for API(s) 1.0.0, 3.0.0, 4.0.0
SlapperRotation 1.2.1 by jojoe77777 for API(s) 3.0.0
InvSee 1.0.0 by BlockHorizons for API(s) 3.0.0
PiggyCustomEnchants 1.4.6 by DaPigGuy for API(s) 3.2.0
DanhHieu 3.0.0 by padreon for API(s) 3.0.0
KingOfTheHill 3.0.0-ALPHA1 by Tethered, iZeaoGamer for API(s) 3.0.0
Kickk 1.1 by MCPEVN-TEAM for API(s) 3.0.0
ChongBug 1.0.0 by shin1134 for API(s) 3.0.0
MenuUI 2.0 KSCore by KaysilGMVN for API(s) 3.0.0

----------------------REPORT THE DATA BELOW THIS LINE-----------------------

===BEGIN CRASH DUMP===
eNq1W2lz20iS/SsM7cTGTIQp1YHTnyRL8jG2ZI2ktnt7sOGoU0QLBNgAKJma6P++r0CQBCC3RVtc
h20SSTIrX2Xmy6wq4D97tiinov5yZ8oqLfK9l/zFXp1Ozd5LGhA/9ikJ4hd7piyLcu/lf/bqxQwf
7Z1+Of54dvHuw+mX08vLj5d7L/ampqrEjfvsWOR5UY9Ko43KRGlGZ3NxUvzyLknORJq/fPl6XpaL
f4rb1Pv7P/BDm2buV7NsfpPm1UH75S937KAq1erywP0UX87SvLHM+/NF+4svaX5XZHdmavIaanRa
GlXjm6rQ+Oa//xdoSqHatzcmN6XIHJBcOIx7F4W6NfUZ1I7PLvAzKSqzmYs9vk/9febk8zTTGDmi
/ou9tPqizd3eSyuyysCQsqgLVUCtRyIMkjpDyJZ/oHve2vI5zXVxX43Or0ef352PvQt2zD+9+eXi
/HwU7PNRY8IoDggZ/X311StTwtgRI5SNLtnoqha5FqUeneq0BoJ/jI7OTgIPY8wmM4wQ7vN9xnH5
YHLdwGuv8fGXonI2vDs/v4agubhv5lwV01lRmfJLlspSlKmp3PwJPQHm0hz8XhX5GN9pHUD26T45
jDwvImFAeMyj2Pp+ZHksNPF9LoSMQi25jWhAnWWFKsU0nVcHM6FuEUHjdvadAXTf36eHVHPGPSYj
RY1kIfe5iqIoVDyAhlB6imkRhFw5HI07p3DngUxzUS7mdZpVrVmUHfpBYEUURiw2hIRGCyJ1HBge
W8OIjCXRAY8oZ31VSmSZhHXjO5GlWtQuFWAb2WeHEWdUCK6UNQEPuNNAIkuUtCwkoe8rq2KnfKAw
E1WVFUKbcmXbYagIFHgx1VSZyMbUsyYOtEeFx3mk4ojh69ravqasuGk0MEy68WNptPS1J6WRsWBB
4IVKuonCC7MihAptxSMN41k9KY3Q64k6jKVUBj6LJKFeFAoJRfCBCERIfC9kTGAIEoR9VeCRSWuN
fxgpL1BWxD73qZVEMslJiChw80tJ7NGYe9L3B3hyWbcaqH9oIxHB+aFmnpFhbGUY6jjyhc98L9ZB
FPu+VIGgfRWluEWkLqGw/fjQt0wQRkhsvShQwtMxiWIWUc8PiRWUG6kVCSPd11LlRfFg2gnhCGhH
hVYEzPihTxGMXhAaHsSeiSXHtMYh4ZEdKplljQYPU2ot8cMYAWc8iskLfA13I0XCkPqK2CgMGeDy
CBp0oerS/R6EiIyu03XIcaeI+0RbwoLIxMTzY5iBIMZsR77yuSGGc26NcW6eLhBpsjrQxsyQo7NF
o4QS5+EgloxSGwsfAUxtoAgiTzNhrB9op5H6cWR8aMnT21QdgCLGM1FWTcjeeU4LOwyQ2VQaTqlg
nBgSk9D62hrCKA89JhxoBLFpKEaU47RAkOSpNZVzM4IWlkQ+C3xjNRc2lEgl4UkmmOKellb5YRRp
zWLKeUdHl6CdGSqQMoiYr42NkNmCM8YwpRHnoY2UEZbGoW8FWTIdpnfu2KooD0pjM9SLtKWwRiVr
kolqQhWizDM6YJb5QkSeCL1QaO5rX9AgZl4QMPk9lZDKDNEApagisBO1VISRj4n3qEXsWi+23IDQ
fC/SiiplAg22DB4pdWV3XJrKVbplJHiwMRAIQhnFUQzAOmbwo4rAPMh+pQLjKyYFKKiFXc0MvFgW
s4lRbSAwN/1gG0R0IE2IQEA0x34Aco5JIIQloB5DdCSYbpUgHg/a11WKedEhYtlTFhwZW6ujIEZq
KYSBCI0Qge9RxbVQQRA8VjLG6zxP65UyGmDqEXyBRq2VxOexNsJXYAGDiPQCYWUkKbibht9QViFv
VD0u55mpVhr9Q849TJKLChoaD22NITYGN3HNrQIZUalBlnIZpY01TbS7FgL/YcaXjU3cBAZKmCdD
mBNxTBmYyWomlWdCGTNMnuBEYbSQDZS5Nmec1tC1zGUXuP6hgC4TgVEsAxMQACNWKRmEFnVSssgy
ZCbcMVDmep5bs1Tj6BrxCJ4ONYHLAl/6UewRME3IbEhVLBTxGEpUEA7U1OZrjf+ms0zUps1Hfkgj
lNeQ0MAExPjMC0Pjez4qE3gB1TaUymdKR95QGZrGson0JiMRCKhgXgyKjA2zAYqXia1GVBHmIQNC
FCcuBxa1gRA30Q0iguOCUIRx6ClPBgppgnSxFsRCwU4UxdtrGKoy6NtAkzkqa7phKdrwi+cxE6rQ
BBGcjwqIOushPEMZBBEcJ5lHmEJ96utxvm/NcWrCQz9mHDGClAd9xzGNkauhDQhKG5oAaPVRMWMh
v60GyetIy4yzoridz9aTjYyhlrjMB9m4AodiFFhNMeUwDgXKRQIfgkRHJlaB5DWBFIrIWk4Cz1W1
EFmjqEA7gjhlwrUO1CgfZYs80pOZr2m9WJOxFJFy/RTBjFipUKs14dIPPBR77hEEd2ipabqQjR6d
QrC0hKPOqdiLBQoC2ARNkBGNVVzDKl9GzHiKMxL3p9vkd2lZ5G0P6Tcll0cRfG40RdEWYCgMjjAK
YuNH6N9i0HmMqi5UX9HXWVHWplybo6NYoXkKA4r+UfrOLu6LQKJcC4NCClARQTXuabnJCikysMky
L/xmasBmYYx2CuC8MJLogRjmRSiwG/JCI0wVuggV9jS5BUs1Lux4uR5pQzLwqSddcoNlQWdeYH1G
NNokTUPh+Yxb4aMwez1VhfwddWVschSFrvMx5fi9o1w4K0Jz5nssBCFT37Ekui8eEoaGWXxTXVuu
Gm3LkNQxeERySZlQkoYuSShqaoR+gauYaEY8ruQgJLHqmjc1GUBzxytr44xG8wr+9n20XRQ9H66k
8BiVaI61RgOBEDE2HKirinmpzLiYOaztcoA3Con1PGcBFxQ1D9WLoACivnOpiHa1GQ0DjUXUU9iu
Wxk6KHLoZpfxMESDy3iMNlXGiHYwrQipFOjwLEOAkbin4XHPoShhCCYqYkKRWxQOoJHHAxUGnvFC
btH4RE14Lqa2yBcHsyJboA5kY9WacwfyjtwKR3H0cwiDwFj0oqidrptzBAwGRp8deTqQXhMP9cRU
xqAjQAHI04eW51xhChHWXHEuUE/QV2IJ5qFFARkgA1HJsfpC7vnM9YX3Rk6LB1HWB1iHmHJJcnGT
/lYFsRJGetqLFXeMjagnaJyRLzzEQkRKLOn6be7m7Xg6W6+aD3UoAvA+VkGxZRxNvMWKxgelwPlY
i6AndwsBSff+XK/mm6XlVSZmM1N2VukryYu9jRfofrDvOn8xrydFiR/+e+/34vfChO7PHhb7YpY6
IYyBw5zA5EJmRq/X7drMsAyullsDVWHrk65g6nYcXu5Vy6GXmxduBwKrNrdv8PHq+vPHyw8ny9ms
0oYoJnU9q14eHNyk9WQu98GvBxubDlYogPbE3F0XRVZ1MK5FfZCN8T2Umy2L0bUR0x5UMkBal/Nt
ga7GT5KOJS3aq+ujy+tfLp7CurHsYK0DYN9j9fEuv2s62UUHcV/ehz3A/H5SiDcCEXZzURbfRfwj
vu1pTZKePds53MG7Sl0V/SzKWTdiN8IuMEeJg6B9LbLbtLytnokKeqr6uhR5ZZtEucqK+87lKfLc
LSSz6uJ0bzMDth08SarG4HsYnCQ945/EfzSvi18vOthbwcChQ9z/FOr27GRnvlyqS5Ll4D+drks1
By0Eh+7yX/NmtbqB10q6+EizSdhBN5vMi/xGPPTwxc/At1KYJM3o7cs2/vmYuybkutnTXYPoCPt+
4n0cvxmNLqikwc4ctdaYJBsjftpfa20HHUQA/UnkKLTiFDFfL47edZAPPxmGKRmLbDYR/qC0iKrI
7xd5TslzE/ViXppm9NRUv3ZysTNEkgysTJKOvd8h5YaPapGWV0Z0Y3Yj68P19wc4b4tS6MLndDqo
od4zXN5RCnJZmdJ5uy3NXJksGxBNI+qB2iIRI6Tr8xNxNfz2pcL9AhVmAMFJ+mQCsiSP2fK8KEo9
mafVznLxd2jNV1qTBOMVaX63RLa06klIZ+Lraa4mIq+7zUxX2o84NqwDv5q8mE3SLFWLneHq6HTO
WdvSu9gG3eeizDSag9odKm3g9cRdfG59EfXxiSydZ7uDtlSXJPfOhNnShGEAbtmunc3T0qYm090G
fnUOV5fGbehXWEsf9OA6n1/NxH3e83cr6c/FoCae3hXZFWDtbC7aUQF/PfwWM3B/f79vYIrTul/f
OkCv5ovXWbc1bQX9rBwE7mf0t8eIpNxknMX+zlAtx16dl24TpZeuCBa5OU5LNU+7gTr8pO8fMmyz
a6MLErA+9QfPwFK2428Toet8q4aZ1o8rN7tB3+5qXt6J3NRIitud+aFR2iYaYmxtyVYtSptG+42S
/da0g/9aKnNIQa/Hpagmr9OvHbhd6aOS0MO8s+I8nf8B25MExK/c0Db9miQflmeTW8Texdn4lRGq
6NFBRzhsr/wx/f/qrP6ilZKNJUmysehJUOcFVmXZiZg2G/9rWD3xd9erWP6azO1dnRtJCd0ZsIHe
JOmatD1hvJ/M85sPaGO6q/G17FFH3Mf29dfzVJn/ud4dqDQvtrf9lbsNwpTD7ZOeeNhykLE0tRiU
o+MHoyYXZ5hS94NP6df09vi3nYFSTvtsqqEdIbg0rl7urwxM/dElT8fug54qF7iYjGvRdetK8p0W
+ez63u28DZG/aHYrfn4GQCRu32x7KnnlzkofN1s98ROxeSLK21eLrz0svGFO9+o9G1PXFjiyb9kW
ddpBelebadWr0RvpYO9v0HAggh7mKWV8Z1G6UZkkHTt+ejm+0XfQhdVQ6pEGtjqt3HbbaY9V+588
sW/0SaR35iHY3YbESqEj054lA8FWqyG00JemMt343cj6XQwbBq/bCdwZqs3OnmvrSzc+vNox5eki
kWbZpbkxebdIrGWDSB1iOUcnIfKLTCyqQaXwmq+6dFy+svaVtq/PaTc7oybJ+0v3b1uvlVlRDL22
lD1FOSk63K+p+gPNc3/LBHzz8yVxozRJ6h/YYriemOKkSDtIVpJHRbGP421RV5Oifnsy+u/RcaER
J5oRGu+uIE61u6eqOUs5nuqr5futNjBL86a5cbMuuodCPfETC5u79C7VUzN1Bw27AtQdP0nat2ar
QifyWxDKl7sit6WYdmvd4JPvVO3zopA7w+KUoZ5h9O0jzd2aK/LJ29TMu3nTkfb5brDT+CoTKJ5n
r+ffcMmKF34WzvGkOIYRbg3dvt0e1mcjZv3VzEoyoDwYqAadMZYYVX3mTvp35ZiNSqxAl3as32yD
5sRcz89e944ZG8FwQT3Il+MPR66/HB3lenQ1SXNKubczTK3yphylbmW2/Unbg3Hk3j8b3giHTM3/
csX8HPObAT+4Ad1J2er9NvafYv1ZTBdHF93ziI6wa7+/Hw73z4rcSPzbmR9afUliliZAaZL0zHma
AxZug3Bx3DBfhwS64i6qeJ/+xTkgQlVcpDdv5oudHZmtjgS71jz3YLCHrGmS6l/e9Rokdz04UhtS
37vcmjKfV8Odgeds43R0ou1xVmyfV65JPymL2XVz385mM6orfqILOsrM13f1Q++ckK65fBfLSWeN
s+QH6GJ5v8VlUTd3ED2+n2T9yRNHFH9xX8mzSKRvwQ/4Kr+7Mqa/ZegET/inWaq+Lcr0och3d37U
05okS1N+aPcwvblZHM/R7E6/cYr0rU/7OL3hTvA3SeQ5rcRKYZJ8w5rt3faNTukv2qRHrpsJXRp8
uCuntfqS5Dqt68wcnVz+wMYhmtOPFiuKt2nvJLYvfwRofPTh4u3RIKuuTT3BwlS/GKW/GVG8Ee7+
4V2BvC1q9Hzv8f/20NTtbQ+Su/7uhszZ8cXpp/Px9enR2e7OtBqdjsKXwz9pNxrc/ObVvLvntxY9
QQrVrju7VavYtN0rE55uIkw+7xXRVjBY043eXx0XpRncGIalfpq9Oft0vrs9MVHOqu3L55/dWyH3
F1P3xE9z46h7Mm/fPW/hNpCaxxHcXZMCyzqDFqIdEwXN5O3jbv/Za/B1HtOTqn2kai1RIjPuEb+e
rJh+0UWdu12njrS9x3QjmJdZ91ovb25eX9s0W944vZbcTHsPDU5E1bMlRat41xW4RwGbSAubSJtK
9ziGO2TYfKVqn1Dsymaqj/py/QRN75fNJFd9kU7n067k6uJD93K6qP7Imicd23ej5lZuNtbmbjR2
j036xCMh3v7tnX45CpXC3zgwQejbQIfM+MoSy4LQepGhQajcc2+Mj/7mbsTt3IC7HnAhGv+zdjfr
IZ0tecNv9p4fls+lrb+Ny6/Tvk8KB4cRwill7i7bi5OPvanSxZcGylAIUdp3J+Iur6reF5f39f16
1pujgQW4dI8C9mFBeF+mg+joPDToSix1j8TC4Ek/ODe58UVN5vlt94FMN0XpzfJBzfZZFjdNumrb
MDcBmTvx0nL1UKCL43Ixq4tGsNzav9GPfJ72wqSZG94VrW9Xv5kvg3Flzm/IrtHHCyXUpDObf/75
fzZB+eg=
===END CRASH DUMP===
