PocketMine-MP Crash Dump Sat Nov 21 21:12:42 +07 2020

Error: Argument 2 passed to ShinPickaxeLevel\provider\DataProvider::savePlayer() must be of the type array, null given, called in C:\Users\Administrator\Desktop\SkyBlock 1.16-LOL\plugins\PickaxeLevelV6\src\ShinPickaxeLevel\Main.php on line 92
File: plugins/PickaxeLevelV6/src/ShinPickaxeLevel/provider/DataProvider
Line: 33
Type: TypeError

THIS CRASH WAS CAUSED BY A PLUGIN
BAD PLUGIN: ShinPickaxeLevel v6.0.0

Code:

Backtrace:
#0 plugins/PickaxeLevelV6/src/ShinPickaxeLevel/Main(92): ShinPickaxeLevel\provider\DataProvider->savePlayer(object koth\KothPlayer, NULL )
#1 src/pocketmine/plugin/MethodEventExecutor(42): ShinPickaxeLevel\Main->onQuit(object pocketmine\event\player\PlayerQuitEvent)
#2 src/pocketmine/plugin/RegisteredListener(80): pocketmine\plugin\MethodEventExecutor->execute(object ShinPickaxeLevel\Main, object pocketmine\event\player\PlayerQuitEvent)
#3 src/pocketmine/event/Event(88): pocketmine\plugin\RegisteredListener->callEvent(object pocketmine\event\player\PlayerQuitEvent)
#4 src/pocketmine/Player(3643): pocketmine\event\Event->call()
#5 src/pocketmine/network/mcpe/RakLibInterface(176): pocketmine\Player->close(object pocketmine\lang\TranslationContainer, string[21] Internal server error)
#6 vendor/pocketmine/raklib/src/server/ServerHandler(95): pocketmine\network\mcpe\RakLibInterface->handleEncapsulated(string[19] 123.25.212.63 51696, object raklib\protocol\EncapsulatedPacket, integer 0)
#7 src/pocketmine/network/mcpe/RakLibInterface(109): raklib\server\ServerHandler->handlePacket()
#8 src/pocketmine/network/mcpe/RakLibInterface(99): pocketmine\network\mcpe\RakLibInterface->process()
#9 vendor/pocketmine/snooze/src/SleeperHandler(123): pocketmine\network\mcpe\RakLibInterface->pocketmine\network\mcpe\{closure}()
#10 vendor/pocketmine/snooze/src/SleeperHandler(85): pocketmine\snooze\SleeperHandler->processNotifications()
#11 src/pocketmine/Server(2157): pocketmine\snooze\SleeperHandler->sleepUntil(double 1605967962.5854)
#12 src/pocketmine/Server(1994): pocketmine\Server->tickProcessor()
#13 src/pocketmine/Server(1588): pocketmine\Server->start()
#14 src/pocketmine/PocketMine(273): pocketmine\Server->__construct(object BaseClassLoader, object pocketmine\utils\MainLogger, string[49] C:\Users\Administrator\Desktop\SkyBlock 1.16-LOL\, string[57] C:\Users\Administrator\Desktop\SkyBlock 1.16-LOL\plugins\)
#15 src/pocketmine/PocketMine(304): pocketmine\server()

PocketMine-MP version: 3.15.2 [Protocol 408]
Git commit: 0000000000000000000000000000000000000000
uname -a: Windows NT WIN-4P2C3VGUPNN 6.3 build 9600 (Windows Server 2012 R2 Standard Edition) AMD64
PHP Version: 7.3.23
Zend version: 3.3.23
OS : WINNT, win
Composer libraries: 
- adhocore/json-comment 0.1.0@8448076039389f558f39ad0553aab87db3f81614
- ocramius/package-versions 1.5.1@1d32342b8c1eb27353c8887c366147b4c2da673c
- pocketmine/binaryutils 0.1.12@566fa87829e007eda0bd96e39fe20b9b0d638132
- pocketmine/callback-validator 1.0.2@8321aa3ccfe63639b0d08f0cbf270755cfc99fe2
- pocketmine/classloader 0.1.1@7c0363491d1ce8f914fe96d41a4338c982adedff
- pocketmine/log 0.2.0@e59bedb5d4bbeb9a26647cb7c367cb2fa72addfa
- pocketmine/log-pthreads 0.1.1@9bbcef398b01487ab47c234a6a7054722abbe067
- pocketmine/math 0.2.5@8c46cfa95351fb0b2b30739a381310941934b55f
- pocketmine/nbt 0.2.15@f8a81d37d24eb79fb77d985a52549d68955bc6a1
- pocketmine/raklib 0.12.9@5f2a02009f486ca4d90892814570fa13ebdc078d
- pocketmine/snooze 0.1.3@849510fa62e57512b8467e3694e9b3add97038fd
- pocketmine/spl 0.4.1@ff0579a0be41bbe65d3637607715c0f87728a838
- doctrine/instantiator 1.3.1@f350df0268e904597e3bd9c4685c53e0e333feea
- myclabs/deep-copy 1.10.1@969b211f9a51aa1f6c01d1d2aef56d3bd91598e5
- nikic/php-parser v4.10.2@658f1be311a230e0907f5dfe0213742aff0596de
- phar-io/manifest 2.0.1@85265efd3af7ba3ca4b2a2c34dbfc5788dd29133
- phar-io/version 3.0.2@c6bb6825def89e0a32220f88337f8ceaf1975fa0
- phpdocumentor/reflection-common 2.2.0@1d01c49d4ed62f25aa84a747ad35d5a16924662b
- phpdocumentor/reflection-docblock 5.2.2@069a785b2141f5bcf49f3e353548dc1cce6df556
- phpdocumentor/type-resolver 1.4.0@6a467b8989322d92aa1c8bf2bebcc6e5c2ba55c0
- phpspec/prophecy 1.12.1@8ce87516be71aae9b956f81906aaf0338e0d8a2d
- phpstan/phpstan 0.12.48@d364cfbac9ffd869570cdfea7eaa6541c3dac666
- phpstan/phpstan-phpunit 0.12.16@1dd916d181b0539dea5cd37e91546afb8b107e17
- phpstan/phpstan-strict-rules 0.12.5@334898a32217e4605e0f9cfa3d3fc3101bda26be
- phpunit/php-code-coverage 9.2.0@53a4b737e83be724efd2bc4e7b929b9a30c48972
- phpunit/php-file-iterator 3.0.5@aa4be8575f26070b100fccb67faabb28f21f66f8
- phpunit/php-invoker 3.1.1@5a10147d0aaf65b58940a0b72f71c9ac0423cc67
- phpunit/php-text-template 2.0.3@18c887016e60e52477e54534956d7b47bc52cd84
- phpunit/php-timer 5.0.2@c9ff14f493699e2f6adee9fd06a0245b276643b7
- phpunit/phpunit 9.4.0@ef533467a7974c4b6c354f3eff42a115910bd4e5
- sebastian/cli-parser 1.0.1@442e7c7e687e42adc03470c7b668bc4b2402c0b2
- sebastian/code-unit 1.0.7@59236be62b1bb9919e6d7f60b0b832dc05cef9ab
- sebastian/code-unit-reverse-lookup 2.0.3@ac91f01ccec49fb77bdc6fd1e548bc70f7faa3e5
- sebastian/comparator 4.0.5@7a8ff306445707539c1a6397372a982a1ec55120
- sebastian/complexity 2.0.1@ba8cc2da0c0bfbc813d03b56406734030c7f1eff
- sebastian/diff 4.0.3@ffc949a1a2aae270ea064453d7535b82e4c32092
- sebastian/environment 5.1.3@388b6ced16caa751030f6a69e588299fa09200ac
- sebastian/exporter 4.0.3@d89cc98761b8cb5a1a235a6b703ae50d34080e65
- sebastian/global-state 5.0.1@ea779cb749a478b22a2564ac41cd7bda79c78dc7
- sebastian/lines-of-code 1.0.1@6514b8f21906b8b46f520d1fbd17a4523fa59a54
- sebastian/object-enumerator 4.0.3@f6f5957013d84725427d361507e13513702888a4
- sebastian/object-reflector 2.0.3@d9d0ab3b12acb1768bc1e0a89b23c90d2043cbe5
- sebastian/recursion-context 4.0.3@ed8c9cd355089134bc9cba421b5cfdd58f0eaef7
- sebastian/resource-operations 3.0.3@0f4443cb3a1d92ce809899753bc0d5d5a8dd19a8
- sebastian/type 2.3.0@fa592377f3923946cb90bf1f6a71ba2e5f229909
- sebastian/version 3.0.2@c6c1022351a901512170118436c764e473f6de8c
- symfony/polyfill-ctype v1.18.1@1c302646f6efc070cd46856e600e5e0684d6b454
- theseer/tokenizer 1.2.0@75a63c33a8577608444246075ea0af0d052e452a
- webmozart/assert 1.9.1@bafc69caeb4d49c39fd0779086c03a3738cbb389
- pocketmine/pocketmine-mp 3.15.2@d7a66ad7559f23d24ffe95813421a720203109b1

Loaded plugins:
KeepInventory 1.0 by KhoaGamingPro for API(s) 3.0.0
PM-Beacons 1.0.5-1 by jasonwynn10 for API(s) 3.0.0
BlockProtect 1.0.0 by DarkByx for API(s) 3.3.1, 3.3.4, 4.0.0
RenameItems 1.1 by Wertzui123 for API(s) 3.0.0
RedstoneCircuit 2.0.0 by tedo0627 for API(s) 3.6.0
StairSeat 1.5.5 by korado531m7 for API(s) 3.14.0
AutoSell 1 by phuongaz for API(s) 3.8.2
WorldProtect 2.3.8 by aliuly for API(s) 3.0.0
VanillaEntityAI 1.0.0-alpha5 by jasonwynn10 for API(s) 3.0.0
InvCrashFix 0.0.1 by  for API(s) 3.14.0
MaxEnchants 1.2.1 by Xenophilicy for API(s) 3.0.0
ARQuest 0.2 by phuongaz for API(s) 3.9.0
AutoInv 0.0.10 by JackNoordhuis for API(s) 3.0.0
NoFallDamage 1.0 by DeveloperNeb101 for API(s) 3.0.0
BuyFly 0.1 by WoolChannel3295 for API(s) 3.0.0
BuilderTools 1.2.0-beta2 by CzechPMDevs, VixikCZ for API(s) 3.0.0
DevTools 1.13.0 by PocketMine Team for API(s) 3.0.0
OnlineTime 1.3 by Zedstar16 for API(s) 3.0.0
KhungLong 1.0.0 by xXNiceYT for API(s) 3.0.0
Worlds 3.0.6 by survanetwork for API(s) 3.0.0
Slapper 1.6.1 by jojoe77777 for API(s) 3.13.0
NameTag 1 by MTwins for API(s) 3.0.0, 4.0.0
NoAdvertisingPE 1.0.1 by Vaivez66 for API(s) 3.0.0
MineReset 3.2.0 by Falk for API(s) 3.0.0
AutoXP 1.0.1 by JackMD for API(s) 3.0.0
KillRegen 1.1.0 by NashanPlaysYT for API(s) 3.4.0, 3.3.0, 3.2.0, 3.1.0, 3.6.0
MSpawns 2.2 by EvolSoft for API(s) 3.0.0
SimpleWarp 4.0.1 by Falkirks for API(s) 3.0.0
CustomAlerts 2.1 by EvolSoft for API(s) 3.0.0
AutoFix 1 by Noob for API(s) 2.0.0, 3.0.0
TheoDoi 1.2.0 by HotshotHD & CodeRed2019 for API(s) 3.0.0
Marry 1.0.0 by GreenJajot for API(s) 3.0.0
DanhHieu 3.0.0 by padreon for API(s) 3.0.0
Eternity 1 by minefore and shin1134 for API(s) 3.9.0
KingOfTheHill 3.0.0-ALPHA1 by Tethered, iZeaoGamer for API(s) 3.0.0
MuaCoinUI 3.5 by BlackPMFury for API(s) 3.0.0, 3.2.0
ItemDropText 1.0.0 by AlexItz16 for API(s) 1.0.0, 3.0.0, 4.0.0
Kickk 1.1 by MCPEVN-TEAM for API(s) 3.0.0
MenuUI 2.0 KSCore by KaysilGMVN for API(s) 3.0.0
iProtector 3.1.1 by LDX for API(s) 3.0.0
SETVIP 2.3 by MCPEVN TEAM for API(s) 3.0.0
NoTP 1.0.7 by awzaw for API(s) 3.0.0
MysteryCrate 9.1.1 by JackMD, DaPigGuy for API(s) 3.9.0
MuaDoUI 2 by FurryJaki1992 for API(s) 3.0.0
QuyenVipUI 1.2 by NightBlackDM for API(s) 3.1.1
PointAPI 2.0.9 by onebone for API(s) 3.0.0
BuyFix 1.0.0 by HumYaiJang for API(s) 3.0.6
Weapons 1.12.0c by xBeastMode for API(s) 3.0.0
AntiSpam 1.3 by xBeastMode for API(s) 3.0.0
ChongBug 1.0.0 by shin1134 for API(s) 3.0.0
Warps 2.0 KSCore by KaysilGMVN for API(s) 3.0.0
1vs1 1.0.1 by VixikHD for API(s) 3.0.0, 4.0.0
AutoClearLagg 3.1.0 by Twisted for API(s) 3.0.0
MapImageEngine 1.1.3 by FaigerSYS for API(s) 3.0.0
FormAPI 1.1 by jojoe77777 for API(s) 3.0.0
InvSee 1.0.0 by BlockHorizons for API(s) 3.0.0
MuaDanhHieu 3.5 by BlackPMFury for API(s) 3.0.0, 3.2.0
OrionTasks 1.0.0 by Clik for API(s) 3.0.0
EnchantUI 0.4 by UnknownOre for API(s) 3.0.0
TableSpoon 0.0.7-ALPHA by CortexPE, Xenophilicy, HyperFlareMC for API(s) 3.13.0
GCPClan 1.1 by InstantlyTa for API(s) 3.0.0, 4.0.0
SizePlayer 1.0.3 by  for API(s) 3.0.0
DEVirion 1.2.5-ALPHA12 by poggit, SOFe for API(s) 3.0.1
PiggyCustomEnchants 1.4.6 by DaPigGuy for API(s) 3.2.0
Eff 2 by AmGM for API(s) 2.0.0, 3.0.0
DeTuMF 3.0.0 by CLADevs And Shin1134 for API(s) 3.0.0
OreGenerator 2.0.0 by vividmemory for API(s) 3.0.0
EconomyAPI 5.7.2 by onebone for API(s) 3.0.0
Banking_vonfram 1 by Noob for API(s) 3.0.0
PHP-Sell 1.2.7 by Muqsit for API(s) 3.0.0-ALPHA9, 3.0.0-ALPHA10, 3.0.0-ALPHA11, 3.0.0-ALPHA12, 3.0.0
ShellyEssentials 1.0.2 by Shelly7w7 and BlazeTheDev for API(s) 3.0.0
ChoDenUI 3.5 by BlackPMFury for API(s) 3.0.0, 3.2.0
KitUI 1.3.5 by Infernus101 for API(s) 3.4.0
SlapperRotation 1.2.1 by jojoe77777 for API(s) 3.0.0
PECollide 1 by saxavlax001 for API(s) 3.0.0
PurePerms 1.4.2 by 64FF00 & ProjectInfinity for API(s) 3.0.0
BuyceUIEF 0.4 by UnknownOre for API(s) 3.0.0
ShinPickaxeLevel 6.0.0 by shin for API(s) 3.0.0
PlayerVaults 3.2.0 by  for API(s) 3.0.0
GiftCode 1 by ZulfahmiFjr for API(s) 3.0.0, 4.0.0
AntiTNT 0.1 by Adam1609 for API(s) 3.0.0
sblevel 0.1 by AmGM-Encode for API(s) 3.0.0, 2.0.0
CachMuaLand 1.2 by Noob for API(s) 3.1.1
Alias 1.2.0 by Ghast Noob for API(s) 3.0.0
LoadWorlds 1.1 by shin for API(s) 3.0.0
ScoreHud 2.0.0 by JackMD for API(s) 3.0.0
SkyBlockUI 2.0 KSCore by KaysilGMVN for API(s) 3.0.0
NameCorrector 1.0.0#build011 by PEMapModder for API(s) 3.0.0
Minerloot 1.0.0 by Distoxicqted for API(s) 3.1.4
essentialsTP 1.2.2 by  for API(s) 3.0.0
ShopUI 0.0.1 by InstantlyTa for API(s) 3.0.0
AuctionHouse 1.2.3 by Shock95x for API(s) 3.0.0
BlackSmithFGC 1.0.0 by  for API(s) 3.0.0
SkyBlock 1 by KhoaGamingPro for API(s) 3.0.0
PureChat 1.4.11 by 64FF00 for API(s) 3.0.0
RankShopSystem 1.0.0 by zZPROGAMERZz423 | §eFor issues report by §2Visiting GitHub.com/zZPROGAMERZz423 for API(s) 3.0.0

----------------------REPORT THE DATA BELOW THIS LINE-----------------------

===BEGIN CRASH DUMP===
eNrtXetz2za2/1c47s5OOmPZBPjOh44d2U7c2I7WVtI0l50MCIASY4rU8iFb7u3/fg9ASgJox5Jt
9fZLOruReCQd/A5wnnj5z504Lyak+jrjRZnk2c5ra3enSiZ85zVyTSdwvcDFuzspKavjosiLndd/
7lTzKXy8M4SXhra7M+FlSUaCeliM6gnPKgMbU1KWnBlVblyNk2yQ0Gtyy8/4jKdhOC3yWcJ4EYZH
pCKD9un165LM+CAlc168+tmY1GVlRNzIY6Mac0O0a5CiIPNdI6vT1BglM57tGpSkKbSTZEb/dRh+
LEGSMDxkkyRLyqogVS5a4eV1lU/D8Op6/ibN6bWB9pDbO/twBljSepRk8BsV4ic3DMuCwg/uYT8n
SbY3HU+NPDPSJONGgKELYkB0kqSiD/5/YDzchQKYQNMgaXnu6yz3geN+l+H+gt++yg5YCRFBLYRe
FITC2//Z+ck0nsJZdNirAP/8emNF6P2iKEIefeO0Mq7zahyG7+Hfhr5rXHw8OzN+Bog/IUM0PIUO
5RV0ON9v4O2f82qcs2NQk+r4ltMaBuGV/TAQAbL3S579p06qRZMrhmHIBRMxSqJtGCT5Kr4suUsU
+DsoLvkIVIAXnJ2J1wxk8k0AobJvvgow7iPu/cLlO76A9TD4XeN5qK0uavmbffmFV77/HZz3Zer9
Igyx+dnzkNhdJK0CWK5tdWC03ORvm4ZfSRZOl0XGq5u8uN6f0CnfvyTXZ0l0mgHuGFT5FfLcDt+m
ReCY5iV/SIyUZKMwHBYkK1NSgcfs51kFvS/0Ecw8yUb/g9EfhmwjI6kBbgBcq8GFo5QIXQMws7xQ
QRbkOk0iaTzN9/ev5Ms7krEUOiBwOjBbqcJQiAWDocvV+2Usf3icUTIta8DJ2asWHAr+MBC29rCz
hxHecy3DQW7gLpWngSLtssppDrqlchkQgWEXfG3FRyCWKUXyntbpZgDSLNpp5AX/pgq8EKBprhlZ
/0mNBMETewzkpRDEmraCB8aozPL8jjcOLuV8uhod6M6nNvb97/4pNK8u+F8NEmQ+CYrfVZTmq9C9
2veW4l7kVRInVCpyKzu650uboXmFkeNtyL0Uzx+zKklfsbyOUm6skok9x3fspiX8nZZQENidlppP
er9U4PYGDXZw5Q0b63tsnHvea8GmrEjR6hW673Xk23N4+wp71nc4fP1KocuqoqZLb/eGlLwPmVJ5
lhMm/MED7qOGPikbf32Wj0aK17DBMJ+XOCxZON4fL02Bmi5xHukSy+yOTWPC0Jt//LW7w39kiY9m
idvPy6DTG3Zfk2yWpzMuOhbaYEkB2rez+BQoXdbwGc2ZyOj++JHc/UjufiR3P5K7H8ndj+TuR3L3
I7l7ILnb3RmJSEBSkd1lREwR7qx+2jsfAPcIemk1lbhj7SHwRIJeJynbeY185OzuJOVXxmc7r2OS
lhzSk9YZ7by2TR8aSUTyYm74H/CuWyy/JWBKN6VxMTR+O73o2QPctz69/Ti4uDDcPcuQEIzANU3j
1eKrzXgb2ARtvcTGVQU6TgpmHLNEGM3PxuH5kWuLFGo8hRa8PXCtFjzegdVK8dpn+PhrXgoMpxcX
QyDIhxtIukSGNZlCuCm+gkcsSJHwUvQfYWOQueD738o868F32qTN3EN75oFv277puaYVWH4QO44f
WwFhpuNYhES+xyIr9pGLBLKcFmSS1OX+FNwpJNe9tvcFALTn7KEDxCxs2TjyKeIR6LxjUd/3PWq5
wMGLbIoZcT2LCjlWShElGSnmUqNbWAgfOK4bE9/zccBN0+OMmBELXG4FMcdmFEQmcy0fWVhnJQJ4
BOh6M5ImTOirxGbu4QPfwogQi9KYu5ZrCQ6mH5s0irFneo5DYxoI5h2Gwg5TaYcLbAceNYGBHSCG
KPfjANkxD1xmI2Jblk8DH8PXWRzrnNJ8JDlg6HTuBBFnkcPsKOJRQLDr2h6NREfBC46JByxYTO5x
6E2rccEJW3bUQRBFlMOY+ZGJbN8jETCCMSAu8UzH9jAm0ITpejqrCanGLRrnwKe2S2MSOJaD4siM
cGSZHmiB6F8IsjYKLDtynI48WVS1HJBzEPvEh8H3GLZ55AVx5Hks8B3iYMcOmOsHjhNRlyCdRRO7
G1HwXnDgxJiY2DSD2PZdSmwWmH6AfWQ7nhkTZPGIUdPzmc6lCR5th1ig0IGD4Osu5o7nIFBG2/W4
5QY2DyILujXwTMuPu0ymqeRgQ5fGsel4ASgctxF0nuswGG4wEc9DDjVj3/MwiGv5wIHlVLhMvg9O
Dyy6SpYqZwlGlmOy2MSuzwPTdgKAAUoMve071LG4yS3LijkXwzyZg6ZF5T6DgAc2Op1LJsgUI+wG
EUYoDogDCoxil5qgeQwTHjsuExyRE/jcAS5Zcp2Avx1Pe1NSlFJlZ7bggg9csGwUcQshgi2Tm4Hp
xQ6LuYmR5dmYCKFBibl0MaToJTkoSZbEvBTDDEoLSHwHuw6PmUViLwJTInaECaaWzaKYOp7vM4YD
ZFkKD9VBCxjUjSLXxw7jsQ+WTSyMMXSpb1le7FNOYhR4TkzMxtNB98raHdKWgscpBMGkdWGSJZbG
hJiJKGiZzZmLY+wQ4tvEsz3CLIc5BLJSbLsujh5jCdRIhDJgClEEcJpuQDzfgY63UQy6G9tBbHFw
aI7tM4oo5S4Db+neYyrmBHoFL0V13GiCDRhdAkoY+YEfgMAswDCO1AfPA9ZPqcsdiiMCLqgVu5xy
Kmrx6ZjTVhGw6H7wNqDRbsQ9UATQ5sBxwTkHpktIbILr4SbzCWYtE9DH/fZ1YWK2fwC6bNMYfGQQ
x8x3AzAtCmpAPE6I69iIWoxQ13XvM+nBa50l1YIZcqHrQflcBrE2Mh0rYJw4FLwAB420XRJHfoTA
dyPvAWYi1aBVr6hTXi44OgeWZUMnCa1AHrch1+NmHIBvspgVU3BGKGLgLKNGSyUaqe1iagH+gR5v
5nwCqRgQwuzIAzi+BV0GnilmOKI296IAQ+cRy6TQmoc7zMS8SS+BHLu1ZaG4zgEBXtwHjxJj8AQm
CGbGlEauF0OcjLAfY7BMGI4OMzFPcs0bNsJdgz6Cn/aYCUPmOpHjB7YJnsbDsYdoQKhpYwhRrtdh
U/HbCv6ZTEX11NqjdYB8CK+eiVzumtzBtudxx3YgMoFfgGjrRdTBlPl2l1kykYicxiJBESCC2QG4
yIDj2IXgxYOYgVaZ2AYL8CA4WVEHUasIgdRucEQwcK5HvMCzqR25FMwEzCWOwbEg8E4IgrctPVTJ
IW8DN5lBZE1WXgpJ/2LbmHvU464Pgw8REOKsDerpRa7rw8BF2DYxhfik8xFj38IRbLwDJ8AW6AiY
PLjvIEAB2KoXuyaENkgCgKsDETMg0cNswHiF0+K9NM+v6+mys8FiUGwKywdnIwIcBCM3Zgi6HMBB
gBKaYHWFhIyMLBTJlorkET+OLdO1RVTzwGooIpCOgJ5iIlIHxKkDYcu8xyflt0k1XzrjiPhU5FMm
9EgcUYjVzLQix7Uh2Fu2CcrtxYjLLGTFhyVAaJBYEOdoYAcEAgJ4E0iCOJGoLAaonMjH3KYWNgO9
u3k2S4o8a3NIR4Zcy/dhzDlDELQJeChoHNTIDTgUThiSKgJMTJNQndHtNC8qXizhMD+gkDx5LoL8
MXIELsshbgThmnAIpCCUb0I01riM0jwiKXiTxi4c2TXgzbwA0ikQzvb8CHIgDP1CKHg3sAsGakoh
i6CexknMcZa9PO4185StSroOsiNh3OBlwZ3Zbuxgk0GaxJBHbAdbMXEgMNsaq6Ze6/EMgoI6+NDl
8HvhcmGwfEjOHBt74JCRI7wkZF+WZ2JImMmD7NpwJbk1KskC8CORFSFMaIQ8YSQIYqoP+YJFA5Nh
07Zo1FHJgtNaxmQQNBN+ZQmOM0hewX87DqRdCHI+eIqIjVEEyTFjkECAivDY67Ar87qgvJdPhaxt
OWBJhmZs2wKBRRDEPIheJgRAiO9WRE0mYjMkDCggvsawnczHkEGZB6J3seV5kOBiK4A0NQpA28HT
Eg9FBDK8GIOCmYHG4X7OQZGJQZkQCUwEtoVgAJBvWy71XJvbnhVD4uNL9ZxP4jybQ8maziEOpD3a
wpmB8/ZFhUMtyOdADVweQy4KsVNkc8IBgweGPNu3mRvZUh+qMS85h4wAAkCW3LV+TgQmD9TaopZF
IJ5AXgklmA0pCjgDsECI5FB9ge05WOSFNzya5HekqPbF2kXROLlAmn9M3YASHtnMDqglPDZovQmJ
M9iL5UEhEkVQ0ulp7uptbzJdVs0HzCMu+H2ogoIYW5DEx1DROOBSYPChFoGcXBQCEdr5a7kCIEvL
95CtnmYzmfnMlVpdp+/urEYErAqeSV2N86IUSwDvxzl5C2VlNhoUuaj8yTQRdDF0pnjmGYlSDjVw
VdRQwjM+hYq4bBYSyjyujlTChMjVB41pGGpwmkkTsagBVZ2YV/hwNfztw+XZUdPbZSIdyQ4IOjjv
veGE5o2si2mIFbEj157TQ7ps3whU3DfzLEPmtiRTWIZhJIGE4QrQWpnkhA10SiXWa1ZSaeSuXJ0R
OyLF9Zv5rSYR6BF8SbwKzbdfIqEKBUTTga2V75ILiU4hVVIHTaXq0nVG7Dcwsbs6Qdja1oCtOIq1
jiWMzbRwXFXT8vX+/iipxnW0B1nA/orfviqVFJ2VVZ7xflLQOqk08fVP1C7A9we44iw3XexpXeA+
vwuKtvmuzFfDw8vhx8G9MbyqSFJccaKKsKLp4+fsOTr467wgLHcsNNHxI/v5Aig8w3CJRHm7iWYe
1lV+xVN1SnNJ0mTS5ZmO6zwbkTtNGH8PP1eWBb8wXLS+uUP8LS9Sdt95aGRdtwCqLg5Jkzqdb8u4
Gm5heCMQTBc+Y72WPWBX53VSxAlPmRojF4vTVcHFnJlYp9zXpIVO+UQySBTIcVZBdn54qvRL95N7
frVH0umYOH9T0NgZ1AWXjSe8/LzznRjSASmW6ZZw19gphNR+QcrxSXKrSK1SVYlNkU9rom7LPCf1
fwFVGEKtTUXLcXIbhs3aySZafU5ujzM6JlmlhgyVqg8c7gaNzzzLp+MkTejWFFthKfR5CUV72Mjr
XP6nllN4K6fTUvSxwRt4neD58qy8jmy8fdnUbYJKdbymoNxTrk4Y+5XQ64s8L9i4Tsrt5V/0Olsw
DUNoLge1a5xpA2qtRBf5CUnTIzKRc1VLsTTyoynzkdirIcqtCx4hE21LtA7bMFQRbR4k3tTzk1Qt
BlqCPlzdvCvP0z4odcZTCwfOtkRqmv54+hT0SQp+Ywh4Sk0Ghdx1B2Yv4hXpWFD/jtPx4Bw6Vfzg
U3KbXPe/bEsuKphPJwyYQxXQYKsENkiYdaRPTS8V2PsaK+gbIHb7ZUnqZNVWV2dXq7fGkJPJFnV2
2MitIHla4F8h21/yAGE/ZGJCaCiPpyzFVYi6wJYu7ReR8ZICuduSc8kwDFcYnl1DLLntKwKBzO/H
dTY6A0etlvJL2pqy8PbzRUL578OtDW2S5U9MTctuUqrrpYDj6qDLupiRdufMtoBLnm1OCoq5BLLR
KLUZ555ksrfYmvRTw0wWRymZTnmhlkYtRR8ft+tiv+Xfcu6J//S6yHqBpE3Lz9bDFaT9hRAiPoJY
Q6Lq4ILySJl0PrwRc1LdIXzhXARkkkK8zXPJi/yQAcYqKcXc07EW3vVPutbUkecTSWb8zt2aA1nw
E1FdA9IhbJQwg8u45CVXs8oVTbc43HUTkFJszdJi4JUU12BkolorRPOgiwqSjbLLz4NOcvl5sG50
RGp5frQtMRpuTQ75efBsa2rY7LcSCHcOhd0lH/FMdedLWidid8fpAgopkoltrGXHp9vyq2Kur3nF
7StqX18wU6Q0GobvL8X/N1LIqym50WZpFxR9NqKToh3P8vQKkGxrHNtGYQCXrW+Qitzc3OxxQCK4
7lXX0scnYrXvN1JMVTe/IqpS2fe186Q1ixdOH5yQspL7k2Pp+67S/EZ5PC5LLva7pCU4s4dMspR4
bwBvGGrY1w5nvy6rfHKYgk9Sx1Qj6wOL/t6BVVsOww6O5w2xsFJ93mRBeSTIQTUbKTItpm5fJBsU
s1HjeprG147OcMzzozxRkC8o9+oiHf27vCrHefXuyPi30c8ZOGmGTRRsrSaaMLETTOYj/Qm7at5v
NgFUaKtXzfOadPdtwXn2K/mWb03LVhxFCCieslJ1RLLxu4TXamW2IHUz4I4cU8IKDh9uSYiWXRgO
k6pK+eHR5eZSHIujDnKLw1KKJekRqxCxP84LbpCMGeU4yRCy7G1NXC2YQ4oRby7Je8ikPsRgF+8S
bcJfp98bmd7h2eDdYUe8Ia/G4njMrpF84SR/S8TmnS2N1uoo1KaSndeknyfZR3Wee0XTJepMbL9J
IUEZnJ/UxfyBPL3JI54beWvyhebiOBH4oWHCs82HSiyfHRX5dCh3QqxmsVXyGlcAoeD2tLrTqn2k
+eYXliECjADyFAWk19ea4onnR5c+z/uD408XveHx4fnWEiLJEhSsbX29dvGs1lWrIXQWLI33V32w
yc5GAkgak/Tt+aeLrS3dQr5SPmXyMGmXhXK1PFeIunncG4Gzo8/bgg6swnDV8rNrCuDTE6O4r0gh
EtTj4adTtWxqCZ3Fv4cUzPg7FOyKV5+S6WYF+nCgVeXD+8We11myvLkjN1tbsRTMwjDLq+mzB6UB
JMxlLlYk5/1Cbn5bGY1KVoUL7utcW8mKFGKQjN7W820FzkVRq4J5aWmrCdYEo6O8G4okRVPETnVU
Q2r1K7lOUBDgrSli0+7mruI/9ZxnoLMaeoXYyaU7dUAyGlcynB7ppiSG97kTRKcDsdtG8gzDBYj1
e6Qg6laHg1PtoFZL6m4zCXQp8oxH8P9tDQHLxekkeaaX5lk+mQPTMDxu3jdwNlq70oqylrAmAXhX
T34nya8kG3WEcV+ycCVWsTee/uZkqu9TW1A6MR/GgXbm7d9wKPTPxabXLY3EimMYtjCWbzaalMuq
5GpKJmpxvCA9uuzyN4gSCY4TKYo43lMChomoMBeAJmqJ+b2NEv1xno3e1OqU9pK0RrUerGdeINBV
yw9q5BWC9eolMiFVueTzP5iVbW4ZaFYiBbl8XDf3LhZr3x1tezFhJtiOWRiC05uVcj/ch4x/KuGf
Z4REqAPJdf/LvhSonVDqp5wUZ2Q06kwrrejdDLSjbcMbcQcD29ZQVQ27ZpsEFSBSANHMNqmYnip7
C/OwnKf15Ly/r/OTMzrTU7Fr4TgbyZtLlKkd7YPuHLjVnUhNRry4+v1qWx2yZCj0V0XSfd5Es0/y
YqJH3gXl0TrvO+uAL9kTs+QYhi2E5ZuNSvBsdsW5voVMENa4Rrk1+F1eJHd5trX9PRrTMGyQPGk3
GWSC92fjVOo/NUkCDr8PGESW2r7d3It+KADvkJTXahRQiGuGqp8mW1v0E7zAc4q2n7Gnv907p6Xd
K5q+R8nWhfiYXWf5Tfah2Fp2seIob0dpQGwuy1C0eDXNc3WBTyF2N8h5zfxiZ2jEIaxbuSCt7mPc
3Xk3n/LiJCUFP+9vbceAtq9xBVV9vz6detsf9FOiCr2gPOr4Tpsj2ul8SLYd2pMF64qEYUwJBTDg
AvuHLaq1AQ7iG/xsyvdmWbMAeNdeWqUtAC6JXXOzvruv9iWpomjvrLllafV+o+WI409JkWhquSR1
F4mcdtK7uwE1H43kSYWrDydde3t2jdswDcOZhBKGjC/eKfDWKN8gGY3mzRLgA7uGH/pUl9jubkF6
cOLlBW5+wU/cHncPzBMcpTgounKR8hzpd+dUDidvz7e9MAlNIkgVgTN6wkIYH9bnJ9oGRUlYswjW
PzsUOx6Nw4wZV1uuuFrecmOK1LXNYy5/K2/B0eeTNfKakzyzZJawCZ/kxdZ2pqvNh2H7dqN8VZmK
URRLnZ9ZyeLsed1Jry1PF7XsXjRbRLLrJBt9neVZXGjTFd1PNl/Tf5FMF3ItXzT+hEOO7wa9zrGk
JanrqzsT4+fy3EUXfOPPg4X5t+7d7DyjzjN+qbsQgMW9YZtLfjWGn8xX+1jUUNv9qBtwO7rZfN+7
8eQaNOTwd3w45mD225u20QFtLiWk+kdcX69dkv7BSkQCkIXI0VNWa98neurePHcmBbuSnGYxL7K6
7J6VeMGRI4WlWN58UtrebnW9zCt5XP7+Tt7lJ2vOHW2/ku8AeIIXOe7naZowtYpf0R5xfyW5JbOU
3JrbO8eisAzDKbh3CWLTw6fi0NyAF9rx4RWtm8t1/IBrn5yYpvFvY1Dk4s4GUJNEbl/ZkmhfmwYg
tVsgUt4+YyJN/nZxAe+ST7MQQvnH0+MTfS2kpf2DZXIL4ilevnMRserl791RvJLLfXgufpvz8Pev
3t3I1GQJ+InUqV55qOTH92BvSYTFscvmJt6ZbHlx8e0Sx1px3iZx1c81x7EkPeI3vtRpTMaT5ORb
se1iftH85kMiFoOGF8POetVQXs/4yKG3Q0YmyDW3tgOybXRTT1dCA7pBLCiPo4aKrAf15EOrbLtt
EfICowjDMlpY4/rkhtDxeU3OiLgjc5XfKNTH19G7ufcL1s9TmXs2u2knNUmbxterTpoQ1Yyb5zU7
ad+OSVkZ26wcZLON4sibZzeBLubE7x27UoiPTsZt05eu2tx8g4mIg3Q6y/aqfCrDhLgh9V2tqtGS
tKbI/nsOgyxaf0Kka6/j1RJkhfjPLNeuAGwuiTjvBdiK7lY6nX5vzeEneRLWRB1VGxyfk+l5ztj2
9s0qLMNQQ9V53PQ4VZHmefc4VUNbdxlPUlb5bUL/2122hez0+ScvVzzDsHpCbsKXBaq2y04jd30b
/jtyE7XFMOy0v0HOmOsbs1rC49dZPLrA8Jgc6iTYY3UNgKgT8fc/8g03Zx3W8nbTd3ldcm1LgELu
DofVndkA2w2c2xeeJdIm1tQbQjTxZEtit4DENxb4xGYBDe0GN1yBB72aQJFz8ravXXGl0h83q79h
9N6T3+ta7FXVcDzduz/g2x/Lk7d4vZo+iO2x+Tzjc2UQz+eDVJ5fka+bVdv9sXbT05LUrbW7fr2p
hZ9maasi96HzblLRStFRYjF0loDKDY57C/rOd+pwAXb1bgtVuGQjLvQi2bUw9iux7VWdXu58sCZE
3H0ZXH54e3h+fPnlzsaW8b9GWJsm8fhJXhhJWda8NAouLuM0onn7Gf6UAF7QGuNtUr1rcXYYPb3n
2/5ZbQ1R5y4U6mID6SPmpHfBpmb0l3oZ4t58Iu78lldHirv598SNy+IctLyQWNybSAro74ovXAK/
rXjWXnj/545MnpSL+iPaXqq+pFCScnHJv0bLJ19ZXmXi8LRCbW+ZXBHqIlWfWXO96fI5TtLm6tQl
ZTTR/mwAVAgalgRsd6YSxB8DkPriSX2ZRM3fflC/UrZ/o0ClTaku9eXyDm3tl7KTS53EknqiUq4G
Z+rjZF7+N5V/66B9Z8jLXHGP8ZnRE384wTFt04O3/zplrw2PUvhf4HLXc2KXeZg7NDZj7Hqx7XPk
elTcfA/q/i9xFadyBeeywTmR44/bbXB3ybQpVBw5o3XX3Ey//DY83k70McmFONg0LYSwWO8YHH3Q
uorlX6UoXSKQEn04Qe+ystS+2ByZ/Xyu9VEHATyKPwagiwXEmyLpaIfyZwPEfBASfxQDAI915VzZ
xlc6rrNr9U8yiC5KRs2famg3D4puYmWbN4gOkLMHLFr8WQChx8V8WuWS0FwROWL3xjzR1ET2jaWS
lhfWjupGGRdwvoB1GR8GFMp9pTf/+uv/AAM8pJs=
===END CRASH DUMP===
