PocketMine-MP Crash Dump Sat Nov 21 18:02:43 +07 2020

Error: Argument 2 passed to ShinPickaxeLevel\provider\DataProvider::savePlayer() must be of the type array, null given, called in C:\Users\Administrator\Desktop\SkyBlock 1.16-LOL\plugins\PickaxeLevelV6\src\ShinPickaxeLevel\Main.php on line 92
File: plugins/PickaxeLevelV6/src/ShinPickaxeLevel/provider/DataProvider
Line: 33
Type: TypeError

THIS CRASH WAS CAUSED BY A PLUGIN
BAD PLUGIN: ShinPickaxeLevel v6.0.0

Code:

Backtrace:
#0 plugins/PickaxeLevelV6/src/ShinPickaxeLevel/Main(92): ShinPickaxeLevel\provider\DataProvider->savePlayer(object koth\KothPlayer, NULL )
#1 src/pocketmine/plugin/MethodEventExecutor(42): ShinPickaxeLevel\Main->onQuit(object pocketmine\event\player\PlayerQuitEvent)
#2 src/pocketmine/plugin/RegisteredListener(80): pocketmine\plugin\MethodEventExecutor->execute(object ShinPickaxeLevel\Main, object pocketmine\event\player\PlayerQuitEvent)
#3 src/pocketmine/event/Event(88): pocketmine\plugin\RegisteredListener->callEvent(object pocketmine\event\player\PlayerQuitEvent)
#4 src/pocketmine/Player(3643): pocketmine\event\Event->call()
#5 src/pocketmine/network/mcpe/RakLibInterface(176): pocketmine\Player->close(object pocketmine\lang\TranslationContainer, string[21] Internal server error)
#6 vendor/pocketmine/raklib/src/server/ServerHandler(95): pocketmine\network\mcpe\RakLibInterface->handleEncapsulated(string[18] 1.53.211.222 64859, object raklib\protocol\EncapsulatedPacket, integer 0)
#7 src/pocketmine/network/mcpe/RakLibInterface(109): raklib\server\ServerHandler->handlePacket()
#8 src/pocketmine/network/mcpe/RakLibInterface(99): pocketmine\network\mcpe\RakLibInterface->process()
#9 vendor/pocketmine/snooze/src/SleeperHandler(123): pocketmine\network\mcpe\RakLibInterface->pocketmine\network\mcpe\{closure}()
#10 vendor/pocketmine/snooze/src/SleeperHandler(85): pocketmine\snooze\SleeperHandler->processNotifications()
#11 src/pocketmine/Server(2157): pocketmine\snooze\SleeperHandler->sleepUntil(double 1605956550.7548)
#12 src/pocketmine/Server(1994): pocketmine\Server->tickProcessor()
#13 src/pocketmine/Server(1588): pocketmine\Server->start()
#14 src/pocketmine/PocketMine(273): pocketmine\Server->__construct(object BaseClassLoader, object pocketmine\utils\MainLogger, string[49] C:\Users\Administrator\Desktop\SkyBlock 1.16-LOL\, string[57] C:\Users\Administrator\Desktop\SkyBlock 1.16-LOL\plugins\)
#15 src/pocketmine/PocketMine(304): pocketmine\server()

PocketMine-MP version: 3.15.2 [Protocol 408]
Git commit: 0000000000000000000000000000000000000000
uname -a: Windows NT WIN-4P2C3VGUPNN 6.3 build 9600 (Windows Server 2012 R2 Standard Edition) AMD64
PHP Version: 7.3.23
Zend version: 3.3.23
OS : WINNT, win
Composer libraries: 
- adhocore/json-comment 0.1.0@8448076039389f558f39ad0553aab87db3f81614
- ocramius/package-versions 1.5.1@1d32342b8c1eb27353c8887c366147b4c2da673c
- pocketmine/binaryutils 0.1.12@566fa87829e007eda0bd96e39fe20b9b0d638132
- pocketmine/callback-validator 1.0.2@8321aa3ccfe63639b0d08f0cbf270755cfc99fe2
- pocketmine/classloader 0.1.1@7c0363491d1ce8f914fe96d41a4338c982adedff
- pocketmine/log 0.2.0@e59bedb5d4bbeb9a26647cb7c367cb2fa72addfa
- pocketmine/log-pthreads 0.1.1@9bbcef398b01487ab47c234a6a7054722abbe067
- pocketmine/math 0.2.5@8c46cfa95351fb0b2b30739a381310941934b55f
- pocketmine/nbt 0.2.15@f8a81d37d24eb79fb77d985a52549d68955bc6a1
- pocketmine/raklib 0.12.9@5f2a02009f486ca4d90892814570fa13ebdc078d
- pocketmine/snooze 0.1.3@849510fa62e57512b8467e3694e9b3add97038fd
- pocketmine/spl 0.4.1@ff0579a0be41bbe65d3637607715c0f87728a838
- doctrine/instantiator 1.3.1@f350df0268e904597e3bd9c4685c53e0e333feea
- myclabs/deep-copy 1.10.1@969b211f9a51aa1f6c01d1d2aef56d3bd91598e5
- nikic/php-parser v4.10.2@658f1be311a230e0907f5dfe0213742aff0596de
- phar-io/manifest 2.0.1@85265efd3af7ba3ca4b2a2c34dbfc5788dd29133
- phar-io/version 3.0.2@c6bb6825def89e0a32220f88337f8ceaf1975fa0
- phpdocumentor/reflection-common 2.2.0@1d01c49d4ed62f25aa84a747ad35d5a16924662b
- phpdocumentor/reflection-docblock 5.2.2@069a785b2141f5bcf49f3e353548dc1cce6df556
- phpdocumentor/type-resolver 1.4.0@6a467b8989322d92aa1c8bf2bebcc6e5c2ba55c0
- phpspec/prophecy 1.12.1@8ce87516be71aae9b956f81906aaf0338e0d8a2d
- phpstan/phpstan 0.12.48@d364cfbac9ffd869570cdfea7eaa6541c3dac666
- phpstan/phpstan-phpunit 0.12.16@1dd916d181b0539dea5cd37e91546afb8b107e17
- phpstan/phpstan-strict-rules 0.12.5@334898a32217e4605e0f9cfa3d3fc3101bda26be
- phpunit/php-code-coverage 9.2.0@53a4b737e83be724efd2bc4e7b929b9a30c48972
- phpunit/php-file-iterator 3.0.5@aa4be8575f26070b100fccb67faabb28f21f66f8
- phpunit/php-invoker 3.1.1@5a10147d0aaf65b58940a0b72f71c9ac0423cc67
- phpunit/php-text-template 2.0.3@18c887016e60e52477e54534956d7b47bc52cd84
- phpunit/php-timer 5.0.2@c9ff14f493699e2f6adee9fd06a0245b276643b7
- phpunit/phpunit 9.4.0@ef533467a7974c4b6c354f3eff42a115910bd4e5
- sebastian/cli-parser 1.0.1@442e7c7e687e42adc03470c7b668bc4b2402c0b2
- sebastian/code-unit 1.0.7@59236be62b1bb9919e6d7f60b0b832dc05cef9ab
- sebastian/code-unit-reverse-lookup 2.0.3@ac91f01ccec49fb77bdc6fd1e548bc70f7faa3e5
- sebastian/comparator 4.0.5@7a8ff306445707539c1a6397372a982a1ec55120
- sebastian/complexity 2.0.1@ba8cc2da0c0bfbc813d03b56406734030c7f1eff
- sebastian/diff 4.0.3@ffc949a1a2aae270ea064453d7535b82e4c32092
- sebastian/environment 5.1.3@388b6ced16caa751030f6a69e588299fa09200ac
- sebastian/exporter 4.0.3@d89cc98761b8cb5a1a235a6b703ae50d34080e65
- sebastian/global-state 5.0.1@ea779cb749a478b22a2564ac41cd7bda79c78dc7
- sebastian/lines-of-code 1.0.1@6514b8f21906b8b46f520d1fbd17a4523fa59a54
- sebastian/object-enumerator 4.0.3@f6f5957013d84725427d361507e13513702888a4
- sebastian/object-reflector 2.0.3@d9d0ab3b12acb1768bc1e0a89b23c90d2043cbe5
- sebastian/recursion-context 4.0.3@ed8c9cd355089134bc9cba421b5cfdd58f0eaef7
- sebastian/resource-operations 3.0.3@0f4443cb3a1d92ce809899753bc0d5d5a8dd19a8
- sebastian/type 2.3.0@fa592377f3923946cb90bf1f6a71ba2e5f229909
- sebastian/version 3.0.2@c6c1022351a901512170118436c764e473f6de8c
- symfony/polyfill-ctype v1.18.1@1c302646f6efc070cd46856e600e5e0684d6b454
- theseer/tokenizer 1.2.0@75a63c33a8577608444246075ea0af0d052e452a
- webmozart/assert 1.9.1@bafc69caeb4d49c39fd0779086c03a3738cbb389
- pocketmine/pocketmine-mp 3.15.2@d7a66ad7559f23d24ffe95813421a720203109b1

Loaded plugins:
PM-Beacons 1.0.5-1 by jasonwynn10 for API(s) 3.0.0
KeepInventory 1.0 by KhoaGamingPro for API(s) 3.0.0
RenameItems 1.1 by Wertzui123 for API(s) 3.0.0
MaxEnchants 1.2.1 by Xenophilicy for API(s) 3.0.0
AutoXP 1.0.1 by JackMD for API(s) 3.0.0
InvCrashFix 0.0.1 by  for API(s) 3.14.0
Slapper 1.6.1 by jojoe77777 for API(s) 3.13.0
DevTools 1.13.0 by PocketMine Team for API(s) 3.0.0
NoFallDamage 1.0 by DeveloperNeb101 for API(s) 3.0.0
ARQuest 0.2 by phuongaz for API(s) 3.9.0
Worlds 3.0.6 by survanetwork for API(s) 3.0.0
MSpawns 2.2 by EvolSoft for API(s) 3.0.0
OnlineTime 1.3 by Zedstar16 for API(s) 3.0.0
NameTag 1 by MTwins for API(s) 3.0.0, 4.0.0
NoAdvertisingPE 1.0.1 by Vaivez66 for API(s) 3.0.0
AutoSell 1 by phuongaz for API(s) 3.8.2
BlockProtect 1.0.0 by DarkByx for API(s) 3.3.1, 3.3.4, 4.0.0
KhungLong 1.0.0 by xXNiceYT for API(s) 3.0.0
BuilderTools 1.2.0-beta2 by CzechPMDevs, VixikCZ for API(s) 3.0.0
MineReset 3.2.0 by Falk for API(s) 3.0.0
AutoInv 0.0.10 by JackNoordhuis for API(s) 3.0.0
VanillaEntityAI 1.0.0-alpha5 by jasonwynn10 for API(s) 3.0.0
StairSeat 1.5.5 by korado531m7 for API(s) 3.14.0
BuyFly 0.1 by WoolChannel3295 for API(s) 3.0.0
RedstoneCircuit 2.0.0 by tedo0627 for API(s) 3.6.0
WorldProtect 2.3.8 by aliuly for API(s) 3.0.0
KillRegen 1.1.0 by NashanPlaysYT for API(s) 3.4.0, 3.3.0, 3.2.0, 3.1.0, 3.6.0
SimpleWarp 4.0.1 by Falkirks for API(s) 3.0.0
OreGenerator 2.0.0 by vividmemory for API(s) 3.0.0
EnchantUI 0.4 by UnknownOre for API(s) 3.0.0
PlayerVaults 3.2.0 by  for API(s) 3.0.0
TableSpoon 0.0.7-ALPHA by CortexPE, Xenophilicy, HyperFlareMC for API(s) 3.13.0
KitUI 1.3.5 by Infernus101 for API(s) 3.4.0
Kickk 1.1 by MCPEVN-TEAM for API(s) 3.0.0
BuyFix 1.0.0 by HumYaiJang for API(s) 3.0.6
PHP-Sell 1.2.7 by Muqsit for API(s) 3.0.0-ALPHA9, 3.0.0-ALPHA10, 3.0.0-ALPHA11, 3.0.0-ALPHA12, 3.0.0
AntiSpam 1.3 by xBeastMode for API(s) 3.0.0
Marry 1.0.0 by GreenJajot for API(s) 3.0.0
ChongBug 1.0.0 by shin1134 for API(s) 3.0.0
AutoClearLagg 3.1.0 by Twisted for API(s) 3.0.0
Weapons 1.12.0c by xBeastMode for API(s) 3.0.0
PurePerms 1.4.2 by 64FF00 & ProjectInfinity for API(s) 3.0.0
MapImageEngine 1.1.3 by FaigerSYS for API(s) 3.0.0
MuaDanhHieu 3.5 by BlackPMFury for API(s) 3.0.0, 3.2.0
GCPClan 1.1 by InstantlyTa for API(s) 3.0.0, 4.0.0
TheoDoi 1.2.0 by HotshotHD & CodeRed2019 for API(s) 3.0.0
ShellyEssentials 1.0.2 by Shelly7w7 and BlazeTheDev for API(s) 3.0.0
NoTP 1.0.7 by awzaw for API(s) 3.0.0
GiftCode 1 by ZulfahmiFjr for API(s) 3.0.0, 4.0.0
DanhHieu 3.0.0 by padreon for API(s) 3.0.0
PureChat 1.4.11 by 64FF00 for API(s) 3.0.0
Banking_vonfram 1 by Noob for API(s) 3.0.0
sblevel 0.1 by AmGM-Encode for API(s) 3.0.0, 2.0.0
essentialsTP 1.2.2 by  for API(s) 3.0.0
PointAPI 2.0.9 by onebone for API(s) 3.0.0
PiggyCustomEnchants 1.4.6 by DaPigGuy for API(s) 3.2.0
Eternity 1 by minefore and shin1134 for API(s) 3.9.0
ItemDropText 1.0.0 by AlexItz16 for API(s) 1.0.0, 3.0.0, 4.0.0
Warps 2.0 KSCore by KaysilGMVN for API(s) 3.0.0
AntiTNT 0.1 by Adam1609 for API(s) 3.0.0
SlapperRotation 1.2.1 by jojoe77777 for API(s) 3.0.0
SkyBlockUI 2.0 KSCore by KaysilGMVN for API(s) 3.0.0
PECollide 1 by saxavlax001 for API(s) 3.0.0
DEVirion 1.2.5-ALPHA12 by poggit, SOFe for API(s) 3.0.1
ChoDenUI 3.5 by BlackPMFury for API(s) 3.0.0, 3.2.0
ShinPickaxeLevel 6.0.0 by shin for API(s) 3.0.0
MuaCoinUI 3.5 by BlackPMFury for API(s) 3.0.0, 3.2.0
Eff 2 by AmGM for API(s) 2.0.0, 3.0.0
Alias 1.2.0 by Ghast Noob for API(s) 3.0.0
AutoFix 1 by Noob for API(s) 2.0.0, 3.0.0
MysteryCrate 9.1.1 by JackMD, DaPigGuy for API(s) 3.9.0
CustomAlerts 2.1 by EvolSoft for API(s) 3.0.0
OrionTasks 1.0.0 by Clik for API(s) 3.0.0
SizePlayer 1.0.3 by  for API(s) 3.0.0
InvSee 1.0.0 by BlockHorizons for API(s) 3.0.0
BuyceUIEF 0.4 by UnknownOre for API(s) 3.0.0
MenuUI 2.0 KSCore by KaysilGMVN for API(s) 3.0.0
SETVIP 2.3 by MCPEVN TEAM for API(s) 3.0.0
CachMuaLand 1.2 by Noob for API(s) 3.1.1
MuaDoUI 2 by FurryJaki1992 for API(s) 3.0.0
DeTuMF 3.0.0 by CLADevs And Shin1134 for API(s) 3.0.0
LoadWorlds 1.1 by shin for API(s) 3.0.0
FormAPI 1.1 by jojoe77777 for API(s) 3.0.0
1vs1 1.0.1 by VixikHD for API(s) 3.0.0, 4.0.0
EconomyAPI 5.7.2 by onebone for API(s) 3.0.0
NameCorrector 1.0.0#build011 by PEMapModder for API(s) 3.0.0
ScoreHud 2.0.0 by JackMD for API(s) 3.0.0
iProtector 3.1.1 by LDX for API(s) 3.0.0
Minerloot 1.0.0 by Distoxicqted for API(s) 3.1.4
AuctionHouse 1.2.3 by Shock95x for API(s) 3.0.0
QuyenVipUI 1.2 by NightBlackDM for API(s) 3.1.1
KingOfTheHill 3.0.0-ALPHA1 by Tethered, iZeaoGamer for API(s) 3.0.0
SkyBlock 1 by KhoaGamingPro for API(s) 3.0.0
RankShopSystem 1.0.0 by zZPROGAMERZz423 | §eFor issues report by §2Visiting GitHub.com/zZPROGAMERZz423 for API(s) 3.0.0
BlackSmithFGC 1.0.0 by  for API(s) 3.0.0
ShopUI 0.0.1 by InstantlyTa for API(s) 3.0.0

----------------------REPORT THE DATA BELOW THIS LINE-----------------------

===BEGIN CRASH DUMP===
eNrtXW1z27ay/isc98yddMayCPA9Hzp2ZDtJazs+tpO2OexkQBCUEFOkDl9ky73973cBUhJAOZZk
q7df0mlrcSUtdoHF7rOLF/25l+TFmFRfpqwoeZ7tvbb29yo+ZnuvkWs6geM6LlBSUlYnRZEXe6//
3KtmE3h77wb+NLT9vTErSzIU1KNiWI9ZVhnYmJCyZLFR5cb1iGeXnN6Se3bGpiwNw0mRT3nMijA8
JhW5bJ9evy7JlF2mZMaKVz8a47qsjIgZeWJUI2aIdg1SFGS2b2R1mhpDPmXZvkFJmkI7PDMGr8Pw
YwmahOFRPOYZL6uCVLlohZW3VT4Jw+vb2Zs0p7cGOkBu7+zDGciS1kOewXdUET+5YVgWFL6wIvs5
4dnBZDQx8sxIecaMAEMXJCDRKU9FH/z/iPF4FwrBhDSNJC3Pvs6yDxz7XYb9Ob++yg5YCRXBLIRd
FITCy//s/WAa23AWHfYqwD++3tgQej8phpBHXxmtjNu8GoXhL/D/hr5vXHw8OzN+BBF/QIZoeAId
yirocNZvxOufs2qUxydgJtXJPaM1DMIr+3FBhJC9n/Ls3zWv5k0uGYYhE0zEKIm2YZDkX/FhyV1K
gb8hxRUbggmwgsVn4m8GOvkmCKGybz4KYqxK3PuJyVdsLtbjwu8bz5Pa6kotv9OXH3jl+9+Qc1Wn
3k9iIjZfe54kdleS1gAs17Y6YrTc5Hebhl9JFk6XRcaqu7y47Y/phPWvyO0Zj95nIHcCpvwKeW6H
b9MicEzzkj2mRkqyYRjeFCQrU1KBxxzkWQW9L+wRpjnPhv/B6A9DtpGR1AA3AK7VYMJRSgldA2SO
80IVsiC3KY/k5Gk+37+Wf96RLE6hAwKnI2arVRgKtWAwdL16P43kF08ySiZlDXKy+FUrHPL/AJ/j
WAcYoQOMseHavhMsbKeRRE7LKqc5mJbK5JIIEfbB1VZsCFqZUiNvuz43A1Bm3k6jLrg3Vd+5/E1z
zcD6WzUSBFt2GOhLIYY1bQWPDFGZ5fkDa/xbythkOTgIW9s29u3P/ikMry7YX40kyNxKFL9rJ81H
oXu1zy3UvcgrnnAq7bjVHa240mZoXmHkeBtyL8Xzx6zi6as4r6OUGXMs4ZgHnmP7TUv4Gy2hILA7
LTXv9H6qwOtdNrKDJ2/YWN9i46w4rzmbsiJFa1do1enIl+fw8hX2rG9w+PKFQpdVRU0Xzu4NKdkA
gFJ5lpNYuINHvEcNfVI27vosHw4Vp2EHfzwTvixYON4fL0VATZc4T3SJZXbHppnC0Jt//LW/x76D
xCdB4u5hGXR6w+4Lz6Z5OmWiY6GNmBdgfXvzd4HSZQ3v0TwWgO6P79juO7b7ju2+Y7vv2O47tvuO
7b5ju1Vst783FIGApALcZUQUCPeWX+2dXwL3CHppWUjcsw6QcyBQT1TzNN57jXzk7O/x8kvMpnuv
E5KWDNBJ64z2XtumD41wgV3MDf8B3nUry68cptJdaVzcGL++v+jZl3hgfXr78fLiwnAPLEOKYASu
aRqv5h9txtvAJljrFTauK7BxUsTGSczFpPnRODo/dm2BoEYTaME7AMdqweMDzFqpXvsMb3/JSyHD
+4uLGyDIhzvAXAJgjScQbYov4BELUnBWiv4j8Qh0Llj/a5lnPfhMi9nMA3RgHvq27Zuea1qB5QeJ
4/iJFZDYdByLkMj34shKfOQiIVlOCzLmddmfgDsFbN1re18IAJHgAB2i2MKWjSOfIhaBzTsW9X3f
o5YLHLzIpjgmrmdRocfSKCKekWImLboVC+FDx3UT4ns+DphpeiwmZhQHLrOChGEzCiIzdi0fWVhn
JeJ3BNL1piTlsbBXKZt5gA99CyNCLEoT5lquJTiYfmLSKMGe6TkOTWggmHcYinmYynk4l+3QoyYw
sAMUI8r8JEB2wgI3thGxLcungY/h43GS6JzSfCg5YOh05gQRiyMntqOIRQHBrmt7NBIdBX9wQjxg
ESdkhUNvUo0KRuJFRx0GUUQZjJkfmcj2PRIBIxgD4hLPdGwPYwJNmK6nsxqTatRK4xz61HZpQgLH
clASmRGOLNMDKxD9C0HWRoFlR47T0SeLqpYDcg4Tn/gw+F6MbRZ5QRJ5Xhz4DnGwYwex6weOE1GX
IJ1FE7sbVfBBcOgkmJjYNIPE9l1K7Dgw/QD7yHY8MyHIYlFMTc+PdS5N8Gg7xAKDDhwEH3cxczwH
gTHarscsN7BZEFnQrYFnWn7SZTJJJQcbujRJTMcLwOCYjaDzXCeG4YYp4nnIoWbiex4GdS0fOMQ5
FS6T9cHpwYyu+MLkLMHIcsw4MbHrs8C0nQDEACOG3vYd6ljMZJZlJYyJYR7PwNKish9DwIM5OplJ
JsgUI+wGEWCsJCAOGDBKXGqC5cWYsMRxY8EROYHPHOCS8VsO/nY06U1IUUqTndqCCz50YWajiFkI
EWyZzAxML3HihJkYWZ6NiVAajJhJF0OKHs/BSDKesFIMMxgtSOI72HVYElsk8SKYSsSOMMHUsuMo
oY7n+3GMA2RZCg/VQQsxqBtFro+dmCU+zGxiAXKELvUty0t8ykiCAs9JiNl4OuhemboDbClYkkIQ
5K0LkyyxnEwoNhEFK7NZ7OIEO4T4NvFsj8SWEzsEuQG2XRdHT7EEaiRCGTCFKAJymm5APN+BjrdR
Arab2EFiMXBoADpiiihlbgze0l1hKkoCvYKVIjluLMEGGV0CRhj5gR+AwnGAYRypD54HZj+lLnMo
jgi4oFbtcsKoSMUnI0ZbQ8Ci+8HbgEW7EfPAEMCaAQiBcw5Ml5DEBNfDzNgnOG6ZgD3227/zKWb7
h2DLNk3ARwZJEvtuAFOLghkQjxHiOjaiVkyo67qrTHrwt854NWeGXOh6MD43hlgbmY4VxIw4FLwA
A4u0XZJEfoTAdyPvEWYCatCqV9QpK+ccnUPLsqGThFUgj9mA9ZiZBOCbrNhKKDgjFMXgLKPGSqU0
0tpFZQH+Bz3elHwCaRgQwuzIA3F8C7oMPFMS44jazIsCDJ1HLJNCax7uMBNlkx4HjN3OZWG4ziEB
XswHj5Jg8AQmKGYmlEaul0CcjLCfYJiZMBwdZqJMcssaNsJdgz2Cn/ZiE4bMdSLHD2wTPI2HEw/R
gFDTxhCiXK/DpmL3FfxvPBHZUzsfrUPkQ3j1TOQy12QOtj2PObYDkQn8AkRbL6IOprFvd5nxsZTI
aWYkGAJEMDsAFxkwnLgQvFiQxGBVJrZhBngQnKyoI1FrCIG0bnBEMHCuR7zAs6kduRSmCUyXJAHH
gsA7IQjetvRQJQPcBm4yg8jKl14KSf9i25h51GOuD4MPERDirA3m6UWu68PARdg2MYX4pPMRY9+K
I9h4h06ALbARmPLgvoMABTBXvcQ1IbQBCACuDkTMgESPs4HJK5wW66V5fltPFp0NMwYlppj54GxE
gINg5CYxgi4H4SBACUuwukoCIiNzQ7KlIXnETxLLdG0R1TyYNRQRgCNgp5gI6IAYdSBsmSt8UnbP
q9nCGUfEpwJPmdAjSUQhVsemFTmuDcHesk0wbi9BTKKQJZ+YA6GRxII4RwM7IBAQwJsACGJESmXF
IJUT+ZjZ1MJmoHc3y6a8yLMWQzoy5Fq+D2POYgRBm4CHgsbBjNyAQeKEAVQRYGKahOqM7id5UbFi
IU7sBxTAk+ciwI+RI+SyHOJGEK4Jg0AKSvkmRGONyzDNI5KCN2nmhSO7BryZFwCcAuVsz48AA2Ho
F0LBu8G8iMFMKaAI6mmcRImz7OVJrylTtibpOsiOxOQGLwvuzHYTB5sxwKQYecR2sJUQBwKzrbFq
8rUeyyAoqIMPXQ7fFy4XBssHcObY2AOHjBzhJQF9WZ6JATCTR9m14Upya0wyDsCPRFaEMKER8sQk
QRBTfcALFg3MGJu2RaOOSRaM1jImg6KZ8CsL4VgM4BX8NyTXPoRxO4KniNgYRQCO4xgABJgIS7wO
uzKvC8p6+UTo2qYDlmRoJrYtJLAIgpgH0cuEAAjx3YqoGYvYDIABBcTXGLa1fAwIyjwUvYstzwOA
i60AYGoUgLWDpyUeigggvASDgZmBxmEVc1BkYjAmRAITwdxCMADIty2Xeq7NbM9KAPj40jxn4yTP
ZpCypjOIA2mPtuJMwXn7IsOhFuA5MAOXJYBFIXYKNCccMHhgwNm+HbuRLe2hGrGSMUAEEAAy/tD6
ORGYPDBri1oWgXgCuBJSMBsgCjgDmIEQySH7grnnYIEL71g0zh9IUfXF0kXROLlATv+EugElLLJj
O6CW8Nhg9SYAZ5gvlgeJSBRBSqfD3OXL3niyyJoPY4+44PchCwoSbAGITyCjccClwOBDLgKYXCQC
Edr7a7EAIFPLy/PeG0Zo3jzNE/UlcX9vORZiPjk9kQGQuhrlRSnq/18J5KR3syxDpsj6yYQLqhg2
+cwyEqUM8t+qqCF9j9kEsuGyWUMo86Q6VgljIhceFJZhGElBwnApkMjlhJAfrm9+/XB1dtz0ccml
+9gD9X4BBP4+m0o0N1PU0ukdzXStfhnl5C2kytnwssh3pZfGNAw1cZpC0CbaXTGhznuAEuqQqVRd
s854/Qom+FBzhK1dqbXkKJYCFmJsptGoqibl635/yKtRHR1AlOwv+fVVrUD1c3J/ktERZGmq6ipV
Vx13lf+NZQDJecoBlO9Ie4Wl0Hghivawybge1VX+26WiV0vozsCOSj8Tent+vCttGm5h2LT97CFs
2PRbDUA5sPNBQcrRKb9XNFSpqprmipqqesh+vn7j+r8gdRgCqKei5YTfh2FTpN1kjK5TMpmwQlFh
TtFHye2O0tf8a8488Y82Ush6vipl0/Kzx2gpUn+uBGh4zKY3eZ6q82tB6vgVq+s0l/Vd44aR8a5s
ct6+qFsvJGm1vb45urr5eLlO16Vk/QUPUPYiPyVpekzGMudcKKyRnwwTx2LJVcCmCwbpJNqhxirb
MFQl2jxSHF39u5bFn6VLaSn6ZMO6UpNRnWdD8qBpEzxfmzm/MJSNt382UeDXvEhj1RRbgiq+6GhX
V6CsiylpF9N2NSSSZxjeSQHCcCHIRrOuxVsHksnBfLXyh4aZDGzXE3KnQbA5RVUVd0fqZJqn1yDw
rpRsGwULW7S+wTy7u7s7YCCJ4HpQ3Qp9PmQiF7uR+8IXKilEfVJZulafWSwW5ZC7K7UWDMNwKcOz
/eaCW19RSDgT0PKGDFU/0lI0bXVdz2/uBBDvKrov87lnKwxRTQSGzePaRX4Ug4wVLwU4PdF8of7O
GjTyifApe3B3NnRzfsIFaoJ0CJsCrGuWph2IJUlPDNGj7tCHqfhidzhvfXOPLhdrIXmoxFatpRoa
uTtC3ZBFits3s3tNG0sOo/hrv9T0VFEgadMFW5+5jepseAbdo2ZtC9oaze5/u+CU/X6zsyjMs3yL
oRErxqzogieN3M1OzF7EKtJx6oMHRkeX54ABxBc+8Xt+O/i8K52oYD4Zx8AcUutGtqoBVx1Jt3WL
ith9jZUIb+Amr1jJVJtd0vRojrvDCshnZ1E8AV68uAVtRQGlEM3DCCuSbOREIG3p+BBBWUlgzNVE
7SLPi3hU83J3pRJ6m82ZhiE0l0Nq07iWRqi1Gn0iGU9TcpJVvJodvVc0676zMv96JJ2MiPM3FYT2
LuuCycY5K3/b+0Z9qCOk2KS2EPcJ8CKzuYrw4poR1SyXNF1b56Cj5m1ekDh3LDTupHQvyE4VnmG4
kER5uZkjmp2mM80FSYJun92qEEzVwYhkGUstHDi7Ms+m6Y/vt6luAbrKMzbgBa15pVW49Hd0ZLwS
DSoW56aL9cFxn69K0TbfVeVbxiUzhNVQrZF1FQBV6CqQlNfpzgpVDbc2hZnMI/R6ZR7x9ec1LxLO
0litRs93gVcFE7tTxIbgvqatiO8wVa/YkGVqfF/QOvWF7ohekBIsVOzKLTtB3pYfFfil+Yvbv6j9
+4JhVxoNw1+uxH8bFYq4WO37lRQT1bcsiaqq9iqMPm3j1Asd6CmMgtyenMg04DrN75THk7JkYr9L
WgKufyxGllLeO5AXXJAq+1r1PxTsrdz+V+VqsUwjr5m/Uz7l8ZiNRal+RzNAbT4M25dsE33aOu5H
NTouabpntXU9PmYQoO8yaHtXaiw5yh3ZjRCbe9hmW/snUqdaFV0jPw3JdqTHvBbbHAOYypbnu+4X
cqxV50Y0fD3Jc9WnKMQuLPN6R2eX7446mFusY9/L9FZdItjfezebsOI0JQU7H+yscqstGSxFVV+v
jy+/cN0cm+dOYaULWt5nMPWzuuzWKl+AWRSW4Bz5Vqb4C6e3t5oO4vnJ5avzweXJp4vezcnR+c6q
XpKlEL5pfSOEpa1jtIQ1+em7evw74T8TyGR1yd2XwCuxgLHx1H932etUQBakbm7qdfpdTtZulzdz
KZBBdvGIzM4z6jzj+fNz9RYCixMGW5TCIdBdT8hYzdvmpCeLkfdvGATRc7GhZEfmdh8JjmPgCPka
yFCCDGNRrpsLNFZrdt+a/uek0Na2m+c1FvgWoFn2M/ma76xivOQoxqLYZh17MMqz4ZtaLfUsSGv0
KEc8Q8iyd6XFdcsvDBUJNioFDFJGijMyHHYKAku6HkpXQO3NnTgyF+9Kk6ph11QCqBAiBSGaeoAq
07bVnVbMo3KW1uPzQV/nJ9IdRib6JpI5pePOAUzQv32KLTiGYSvG4sVGfrIu2CUrtA0WS5qukN1d
lHHt01PTNP7HgLxH7PqCAMkzse1vR8p9aRoApDSXSHn5jKGV352f4F3wkS5m8l4sOJ5kQ3l2WPE1
2hvdtM3q5jJ8yIrr36931QELhsLXqJJ0nzcZ6vOaHJNs9I6zWtVQoeoTuAOo3qSE3l6en9aPZCnz
TPSZaoIrGoAMAk+1Lzf3rW8Hl4OUqIh4TnkSXL1vjkCksxuy6yUpPmddkTBMKKEgTBieDo5aqdZa
LRgtfG3CDqaZhP0jlh/nXMX8LWWlyN5BYXlVjvLq3THM0AF4iCsWYxMFOyuwj2NxmkVuzBiM4+vm
9UYlgxGgmtkyKVcLB923uvGx44Kaz3t3ngEgyQAbfWDQO8dsuruAqQu0uWVe5DeX2vLizeoOpw70
JHcP5G5nVTDBLAyzvJo8ewW4EUhMM55UA7nXeDnP5qQnVhQ/12lCRmN++rXY9TSbN7/5gDzi/b7h
+lZg2ITEBYM3dzQ0LTtIg3lVpezo+GqLzAYC12CkVfIXpG68RuixgL2VFgoaeKzqJk8klWLnqKgn
THlel5cnvTl97xuxXAi7fLWDSC7ZiHyVZLc8G36Z5llSaDlQ950njPYiz6NdjbTgFYai8c1HuIRW
xCUkS+HnlCcXNo7Gb897Jxl9DF3ut3XHF2QNYVhG88tR1qrAFv5S84EauRu98N9ReVNbDMNO++vn
Ws6z6ujyvXayuyV1i7qBPhp5xiL4b1d2FOfiOLO8A4TmWT6eAdMwPGleN+Ks14YPh7NBXVb5+JG9
xY+92/UnbneDBXzpba3jwRfgwDk/cZXQijCbz58TcQmJPH20rGDPSU9Me9G9SV4wiSQezbtfsDNw
zjwMx8nmmojt4MdFPrmRJ1+Wm4lV8poCwlHK7t9XD9oWM7QA7TuIw0IYIcjmWomlFS19ls+d+WT8
cj2A/uqcVSCzkqdvzz9d7GxHv2h7u+LazcVNp7Z2I+82eMo1x2SMXHNn0LttdNMF2nbT81VeyTNP
q3u6F++sOVTwjb3dL4ksugCbj8T8Pg9tZUAh/jPmtBRgC0B3MsjTlGvYekl7wmGV5J5MU3Jv7m47
tsIyDCcQaqQQm9rZ8cknXugGtiB1LctRKuQq0M6HQ7nj4frDaTd4omfDbck0DKdSlDCM2fyVIt4a
3Qaj/JhlmrUtSP9g3UQKIMsm8GqL2dO98E7NwFfuwltq5z5eod5ldXr1ircNi1sDQGba+Cxp/9QA
gQSfaS6w83HOb/g2I3Qizj4v8Ys8Gq14tFXor8iOtfj+TNmhSfABgjPaIj6mnKihvXleU6d6OyJl
Zewy65LNNlLLu6k2XePQ1zrnlM1TxZ10fCZTxmXj621/JnYgzQZyi4di/ipZ1SE4QN84Wrf/OKQP
Xn7KThXmpWftNMWEa5Z5AgDdQktoNLIOB9Dfe7hEbRl8sy7HM4+ZiCh1Q8rbUttktCCuyQIGKd/Z
zmLBKwxl288403vNH9obTrXtYgtiVxHr76gKyPbOmis5l683ysiy6TVj+sFOQVjT/xIUvssL/pBn
O9sRrTENw0aSbc7CvKlnlH18f3Kqb/Boaf/gXq9WiC3CP8tqPfY3hH8wqdxG/OuTm0/v1UJZS+js
mn1sf5Dxd+wPumbVJ77R9scBoSNAOWdEXPy3dL0KtRP815Ra0fNRfiq3yTTRc1yTtGl8o2XRvIsb
JeUJwAVgsZj9TG45CgK8s95v2t1iQYPd1Oen2vllSVizmDE4OxJnV4yjLDaud7y/pOUtj5pslc8L
r7VyCFYhPrmau8scZNnm5jhFwBQ6mWYHVT4RypzmxVgvG88pT6qx+/LKkmMYtiIsXmwyKmhaIkUL
+bjuXKQ4xvXueNfLfVPBdgQTPM/AvuTphA8Z+1R+WL/54REk+ZaMye3gc18qJLKtZSFdSbrU6vpS
Z+fA67qxHRf7W3YvqfWLA7kQ6or2DibtoO6SvoJafpAH5czuuuHlyTmZnOexwBU70lFhGYaaVJ3H
jeKnuDL2Xa2GoAVpzeb7v+dSkXnrm/s/3p4d0UZLIXY313VG6Oz4t505wOPfwnDZ8rOzNeDTE4Ci
r2jRnpAs0jzvnpBsaOuO9HLIpe45/W93IyE6sJ9/+HXJMwyrLYpOR7Vc5n6X1yXT6gYKuVv7sLr7
VwDDB879C4+/aM5BvWtGKe22LYkNk1K+kZBPFBo0adcq/e96xjJAhxpkUohP4z0+HFWy4HZ8vivc
B0BZHL+WPMNwLsQGO/Kz4YfkZsTecW2buE5fgVJt2bqztZVVI/GjEPsG/8xIDtFld45y+QMg2y6N
PLIw8lQta4cXgen22F5JAxFtptjj+ewylXup5d/1Bfgrkt3CbJlci+qPurOj88YaD/Lw+fLqw9uj
85Orzw82toz/NcLaNInHABUZvCxrVhoFE7c9GtGsfQ9/4iAIdIzxllfvWvfWYbT9ppp268sSjalb
WxXqfMPBEzaid8E2lyzArLkeg88+fTvQbllQ6U/36FZ6K3bx1O1x5Pe6FnmoJsc2qxu57p5awtMX
bz25J3QHWoEDntRc/CJSvpGL+ku9DPFgNhZ3fsurI8Xd/AfixmVxJYi8kFjcm0gK0LVi8zFh9xXL
2gvv/9yTVQ/lov6ItpeqLyiUpExc8q/R8vGXOK8ycZuBQm1vmVwS6iJVn+PmetPFc8LT5urUBWU4
1n42YATBSn3m0J9TlSB+DEAanyeNbxw1v/2gfqRsf6NApU2orvXV4g5t7Zuyk0udFPN6rFKuL8/U
x/Gs/G8qf+ugfWXIy1xxL2ZToyd+OMExbdODl/96H782PErh38Blruckbuxh5tDETLDrJbbPkOtR
cfM9eKN/ias4lSs4Fw3OiBx/3B6reOCTJoF0ZGHuobmZfvFpeLwf62OSC3WwaVoIYbFV6fL4g9ZV
cf5FqtIlAonrwwl2l5Wl9sHmyOxv51ofdSSAR/FjALpaQLwreMc6lJ8NEKtvSPwoBgg80o1zOTe+
0FGd3ao/ySC6iA+bn2po8bLoprhsQZjoALmjLo7mPwsg7LiYTapcEpprYobxyphzzUxk31gqaXFh
7bBujHEuzmeYXcaHS0roSOnNv/76P5i9pCA=
===END CRASH DUMP===
