PocketMine-MP Crash Dump Sun Nov 22 11:11:58 +07 2020

Error: Argument 2 passed to ShinPickaxeLevel\provider\DataProvider::savePlayer() must be of the type array, null given, called in C:\Users\Administrator\Desktop\SkyBlock 1.16-LOL\plugins\PickaxeLevelV6\src\ShinPickaxeLevel\Main.php on line 92
File: plugins/PickaxeLevelV6/src/ShinPickaxeLevel/provider/DataProvider
Line: 33
Type: TypeError

THIS CRASH WAS CAUSED BY A PLUGIN
BAD PLUGIN: ShinPickaxeLevel v6.0.0

Code:

Backtrace:
#0 plugins/PickaxeLevelV6/src/ShinPickaxeLevel/Main(92): ShinPickaxeLevel\provider\DataProvider->savePlayer(object koth\KothPlayer, NULL )
#1 src/pocketmine/plugin/MethodEventExecutor(42): ShinPickaxeLevel\Main->onQuit(object pocketmine\event\player\PlayerQuitEvent)
#2 src/pocketmine/plugin/RegisteredListener(80): pocketmine\plugin\MethodEventExecutor->execute(object ShinPickaxeLevel\Main, object pocketmine\event\player\PlayerQuitEvent)
#3 src/pocketmine/event/Event(88): pocketmine\plugin\RegisteredListener->callEvent(object pocketmine\event\player\PlayerQuitEvent)
#4 src/pocketmine/Player(3643): pocketmine\event\Event->call()
#5 src/pocketmine/network/mcpe/RakLibInterface(176): pocketmine\Player->close(object pocketmine\lang\TranslationContainer, string[21] Internal server error)
#6 vendor/pocketmine/raklib/src/server/ServerHandler(95): pocketmine\network\mcpe\RakLibInterface->handleEncapsulated(string[18] 1.53.211.222 59726, object raklib\protocol\EncapsulatedPacket, integer 0)
#7 src/pocketmine/network/mcpe/RakLibInterface(109): raklib\server\ServerHandler->handlePacket()
#8 src/pocketmine/network/mcpe/RakLibInterface(99): pocketmine\network\mcpe\RakLibInterface->process()
#9 vendor/pocketmine/snooze/src/SleeperHandler(123): pocketmine\network\mcpe\RakLibInterface->pocketmine\network\mcpe\{closure}()
#10 vendor/pocketmine/snooze/src/SleeperHandler(85): pocketmine\snooze\SleeperHandler->processNotifications()
#11 src/pocketmine/Server(2157): pocketmine\snooze\SleeperHandler->sleepUntil(double 1606018314.3575)
#12 src/pocketmine/Server(1994): pocketmine\Server->tickProcessor()
#13 src/pocketmine/Server(1588): pocketmine\Server->start()
#14 src/pocketmine/PocketMine(273): pocketmine\Server->__construct(object BaseClassLoader, object pocketmine\utils\MainLogger, string[49] C:\Users\Administrator\Desktop\SkyBlock 1.16-LOL\, string[57] C:\Users\Administrator\Desktop\SkyBlock 1.16-LOL\plugins\)
#15 src/pocketmine/PocketMine(304): pocketmine\server()

PocketMine-MP version: 3.15.2 [Protocol 408]
Git commit: 0000000000000000000000000000000000000000
uname -a: Windows NT WIN-4P2C3VGUPNN 6.3 build 9600 (Windows Server 2012 R2 Standard Edition) AMD64
PHP Version: 7.3.23
Zend version: 3.3.23
OS : WINNT, win
Composer libraries: 
- adhocore/json-comment 0.1.0@8448076039389f558f39ad0553aab87db3f81614
- ocramius/package-versions 1.5.1@1d32342b8c1eb27353c8887c366147b4c2da673c
- pocketmine/binaryutils 0.1.12@566fa87829e007eda0bd96e39fe20b9b0d638132
- pocketmine/callback-validator 1.0.2@8321aa3ccfe63639b0d08f0cbf270755cfc99fe2
- pocketmine/classloader 0.1.1@7c0363491d1ce8f914fe96d41a4338c982adedff
- pocketmine/log 0.2.0@e59bedb5d4bbeb9a26647cb7c367cb2fa72addfa
- pocketmine/log-pthreads 0.1.1@9bbcef398b01487ab47c234a6a7054722abbe067
- pocketmine/math 0.2.5@8c46cfa95351fb0b2b30739a381310941934b55f
- pocketmine/nbt 0.2.15@f8a81d37d24eb79fb77d985a52549d68955bc6a1
- pocketmine/raklib 0.12.9@5f2a02009f486ca4d90892814570fa13ebdc078d
- pocketmine/snooze 0.1.3@849510fa62e57512b8467e3694e9b3add97038fd
- pocketmine/spl 0.4.1@ff0579a0be41bbe65d3637607715c0f87728a838
- doctrine/instantiator 1.3.1@f350df0268e904597e3bd9c4685c53e0e333feea
- myclabs/deep-copy 1.10.1@969b211f9a51aa1f6c01d1d2aef56d3bd91598e5
- nikic/php-parser v4.10.2@658f1be311a230e0907f5dfe0213742aff0596de
- phar-io/manifest 2.0.1@85265efd3af7ba3ca4b2a2c34dbfc5788dd29133
- phar-io/version 3.0.2@c6bb6825def89e0a32220f88337f8ceaf1975fa0
- phpdocumentor/reflection-common 2.2.0@1d01c49d4ed62f25aa84a747ad35d5a16924662b
- phpdocumentor/reflection-docblock 5.2.2@069a785b2141f5bcf49f3e353548dc1cce6df556
- phpdocumentor/type-resolver 1.4.0@6a467b8989322d92aa1c8bf2bebcc6e5c2ba55c0
- phpspec/prophecy 1.12.1@8ce87516be71aae9b956f81906aaf0338e0d8a2d
- phpstan/phpstan 0.12.48@d364cfbac9ffd869570cdfea7eaa6541c3dac666
- phpstan/phpstan-phpunit 0.12.16@1dd916d181b0539dea5cd37e91546afb8b107e17
- phpstan/phpstan-strict-rules 0.12.5@334898a32217e4605e0f9cfa3d3fc3101bda26be
- phpunit/php-code-coverage 9.2.0@53a4b737e83be724efd2bc4e7b929b9a30c48972
- phpunit/php-file-iterator 3.0.5@aa4be8575f26070b100fccb67faabb28f21f66f8
- phpunit/php-invoker 3.1.1@5a10147d0aaf65b58940a0b72f71c9ac0423cc67
- phpunit/php-text-template 2.0.3@18c887016e60e52477e54534956d7b47bc52cd84
- phpunit/php-timer 5.0.2@c9ff14f493699e2f6adee9fd06a0245b276643b7
- phpunit/phpunit 9.4.0@ef533467a7974c4b6c354f3eff42a115910bd4e5
- sebastian/cli-parser 1.0.1@442e7c7e687e42adc03470c7b668bc4b2402c0b2
- sebastian/code-unit 1.0.7@59236be62b1bb9919e6d7f60b0b832dc05cef9ab
- sebastian/code-unit-reverse-lookup 2.0.3@ac91f01ccec49fb77bdc6fd1e548bc70f7faa3e5
- sebastian/comparator 4.0.5@7a8ff306445707539c1a6397372a982a1ec55120
- sebastian/complexity 2.0.1@ba8cc2da0c0bfbc813d03b56406734030c7f1eff
- sebastian/diff 4.0.3@ffc949a1a2aae270ea064453d7535b82e4c32092
- sebastian/environment 5.1.3@388b6ced16caa751030f6a69e588299fa09200ac
- sebastian/exporter 4.0.3@d89cc98761b8cb5a1a235a6b703ae50d34080e65
- sebastian/global-state 5.0.1@ea779cb749a478b22a2564ac41cd7bda79c78dc7
- sebastian/lines-of-code 1.0.1@6514b8f21906b8b46f520d1fbd17a4523fa59a54
- sebastian/object-enumerator 4.0.3@f6f5957013d84725427d361507e13513702888a4
- sebastian/object-reflector 2.0.3@d9d0ab3b12acb1768bc1e0a89b23c90d2043cbe5
- sebastian/recursion-context 4.0.3@ed8c9cd355089134bc9cba421b5cfdd58f0eaef7
- sebastian/resource-operations 3.0.3@0f4443cb3a1d92ce809899753bc0d5d5a8dd19a8
- sebastian/type 2.3.0@fa592377f3923946cb90bf1f6a71ba2e5f229909
- sebastian/version 3.0.2@c6c1022351a901512170118436c764e473f6de8c
- symfony/polyfill-ctype v1.18.1@1c302646f6efc070cd46856e600e5e0684d6b454
- theseer/tokenizer 1.2.0@75a63c33a8577608444246075ea0af0d052e452a
- webmozart/assert 1.9.1@bafc69caeb4d49c39fd0779086c03a3738cbb389
- pocketmine/pocketmine-mp 3.15.2@d7a66ad7559f23d24ffe95813421a720203109b1

Loaded plugins:
InvCrashFix 0.0.1 by  for API(s) 3.14.0
AutoInv 0.0.10 by JackNoordhuis for API(s) 3.0.0
NoFallDamage 1.0 by DeveloperNeb101 for API(s) 3.0.0
SimpleWarp 4.0.1 by Falkirks for API(s) 3.0.0
RedstoneCircuit 2.0.0 by tedo0627 for API(s) 3.6.0
VanillaEntityAI 1.0.0-alpha5 by jasonwynn10 for API(s) 3.0.0
MSpawns 2.2 by EvolSoft for API(s) 3.0.0
KhungLong 1.0.0 by xXNiceYT for API(s) 3.0.0
ARQuest 0.2 by phuongaz for API(s) 3.9.0
Worlds 3.0.6 by survanetwork for API(s) 3.0.0
MaxEnchants 1.2.1 by Xenophilicy for API(s) 3.0.0
WorldProtect 2.3.8 by aliuly for API(s) 3.0.0
AutoSell 1 by phuongaz for API(s) 3.8.2
StairSeat 1.5.5 by korado531m7 for API(s) 3.14.0
KeepInventory 1.0 by KhoaGamingPro for API(s) 3.0.0
BlockProtect 1.0.0 by DarkByx for API(s) 3.3.1, 3.3.4, 4.0.0
RenameItems 1.1 by Wertzui123 for API(s) 3.0.0
OnlineTime 1.3 by Zedstar16 for API(s) 3.0.0
BuilderTools 1.2.0-beta2 by CzechPMDevs, VixikCZ for API(s) 3.0.0
MineReset 3.2.0 by Falk for API(s) 3.0.0
BuyFly 0.1 by WoolChannel3295 for API(s) 3.0.0
DevTools 1.13.0 by PocketMine Team for API(s) 3.0.0
AutoXP 1.0.1 by JackMD for API(s) 3.0.0
NameTag 1 by MTwins for API(s) 3.0.0, 4.0.0
KillRegen 1.1.0 by NashanPlaysYT for API(s) 3.4.0, 3.3.0, 3.2.0, 3.1.0, 3.6.0
NoAdvertisingPE 1.0.1 by Vaivez66 for API(s) 3.0.0
Slapper 1.6.1 by jojoe77777 for API(s) 3.13.0
PM-Beacons 1.0.5-1 by jasonwynn10 for API(s) 3.0.0
AntiTNT 0.1 by Adam1609 for API(s) 3.0.0
OrionTasks 1.0.0 by Clik for API(s) 3.0.0
MuaDoUI 2 by FurryJaki1992 for API(s) 3.0.0
Warps 2.0 KSCore by KaysilGMVN for API(s) 3.0.0
ItemDropText 1.0.0 by AlexItz16 for API(s) 1.0.0, 3.0.0, 4.0.0
MenuUI 2.0 KSCore by KaysilGMVN for API(s) 3.0.0
Eff 2 by AmGM for API(s) 2.0.0, 3.0.0
PlayerVaults 3.2.0 by  for API(s) 3.0.0
SkyBlockUI 2.0 KSCore by KaysilGMVN for API(s) 3.0.0
AutoClearLagg 3.1.0 by Twisted for API(s) 3.0.0
DanhHieu 3.0.0 by padreon for API(s) 3.0.0
Alias 1.2.0 by Ghast Noob for API(s) 3.0.0
KitUI 1.3.5 by Infernus101 for API(s) 3.4.0
ShellyEssentials 1.0.2 by Shelly7w7 and BlazeTheDev for API(s) 3.0.0
TheoDoi 1.2.0 by HotshotHD & CodeRed2019 for API(s) 3.0.0
EnchantUI 0.4 by UnknownOre for API(s) 3.0.0
DEVirion 1.2.5-ALPHA12 by poggit, SOFe for API(s) 3.0.1
MuaCoinUI 3.5 by BlackPMFury for API(s) 3.0.0, 3.2.0
ShinPickaxeLevel 6.0.0 by shin for API(s) 3.0.0
SizePlayer 1.0.3 by  for API(s) 3.0.0
Eternity 1 by minefore and shin1134 for API(s) 3.9.0
SlapperRotation 1.2.1 by jojoe77777 for API(s) 3.0.0
sblevel 0.1 by AmGM-Encode for API(s) 3.0.0, 2.0.0
PurePerms 1.4.2 by 64FF00 & ProjectInfinity for API(s) 3.0.0
1vs1 1.0.1 by VixikHD for API(s) 3.0.0, 4.0.0
InvSee 1.0.0 by BlockHorizons for API(s) 3.0.0
PECollide 1 by saxavlax001 for API(s) 3.0.0
ChoDenUI 3.5 by BlackPMFury for API(s) 3.0.0, 3.2.0
MysteryCrate 9.1.1 by JackMD, DaPigGuy for API(s) 3.9.0
KingOfTheHill 3.0.0-ALPHA1 by Tethered, iZeaoGamer for API(s) 3.0.0
Weapons 1.12.0c by xBeastMode for API(s) 3.0.0
DeTuMF 3.0.0 by CLADevs And Shin1134 for API(s) 3.0.0
CustomAlerts 2.1 by EvolSoft for API(s) 3.0.0
PureChat 1.4.11 by 64FF00 for API(s) 3.0.0
BuyFix 1.0.0 by HumYaiJang for API(s) 3.0.6
NoTP 1.0.7 by awzaw for API(s) 3.0.0
essentialsTP 1.2.2 by  for API(s) 3.0.0
ScoreHud 2.0.0 by JackMD for API(s) 3.0.0
Minerloot 1.0.0 by Distoxicqted for API(s) 3.1.4
Banking_vonfram 1 by Noob for API(s) 3.0.0
Marry 1.0.0 by GreenJajot for API(s) 3.0.0
GiftCode 1 by ZulfahmiFjr for API(s) 3.0.0, 4.0.0
GCPClan 1.1 by InstantlyTa for API(s) 3.0.0, 4.0.0
Kickk 1.1 by MCPEVN-TEAM for API(s) 3.0.0
EconomyAPI 5.7.2 by onebone for API(s) 3.0.0
ChongBug 1.0.0 by shin1134 for API(s) 3.0.0
FormAPI 1.1 by jojoe77777 for API(s) 3.0.0
PointAPI 2.0.9 by onebone for API(s) 3.0.0
BuyceUIEF 0.4 by UnknownOre for API(s) 3.0.0
AutoFix 1 by Noob for API(s) 2.0.0, 3.0.0
AntiSpam 1.3 by xBeastMode for API(s) 3.0.0
CachMuaLand 1.2 by Noob for API(s) 3.1.1
PiggyCustomEnchants 1.4.6 by DaPigGuy for API(s) 3.2.0
MapImageEngine 1.1.3 by FaigerSYS for API(s) 3.0.0
QuyenVipUI 1.2 by NightBlackDM for API(s) 3.1.1
MuaDanhHieu 3.5 by BlackPMFury for API(s) 3.0.0, 3.2.0
iProtector 3.1.1 by LDX for API(s) 3.0.0
NameCorrector 1.0.0#build011 by PEMapModder for API(s) 3.0.0
PHP-Sell 1.2.7 by Muqsit for API(s) 3.0.0-ALPHA9, 3.0.0-ALPHA10, 3.0.0-ALPHA11, 3.0.0-ALPHA12, 3.0.0
OreGenerator 2.0.0 by vividmemory for API(s) 3.0.0
SETVIP 2.3 by MCPEVN TEAM for API(s) 3.0.0
TableSpoon 0.0.7-ALPHA by CortexPE, Xenophilicy, HyperFlareMC for API(s) 3.13.0
LoadWorlds 1.1 by shin for API(s) 3.0.0
BlackSmithFGC 1.0.0 by  for API(s) 3.0.0
ShopUI 0.0.1 by InstantlyTa for API(s) 3.0.0
SkyBlock 1 by KhoaGamingPro for API(s) 3.0.0
AuctionHouse 1.2.3 by Shock95x for API(s) 3.0.0
RankShopSystem 1.0.0 by zZPROGAMERZz423 | §eFor issues report by §2Visiting GitHub.com/zZPROGAMERZz423 for API(s) 3.0.0

----------------------REPORT THE DATA BELOW THIS LINE-----------------------

===BEGIN CRASH DUMP===
eNrtXW1z27ay/isc9cyddMayCb4zHzp2ZDtOazs6tpOmOexkQACUGFOEDl9ky73973cBkhJBOZZk
K7dfkmktciUtngUW+wYQ+qsX8WyCiy8zluUxT3uvzb1eEU9Y7zVydEdHnom8vV6C8+Iky3jWe/1X
r5hP4e3eDbxUtL3ehOU5HgnqUTYqJywtNEOb4jxnVCu4dj2O02FMbvE9O2czlgTBNOOzmLIsCI5x
gYf13evXOZ6xYYLnLHv1szYp80ILmcYjrRgzTbSr4SzD8z0tLZNEG8Uzlu5pBCcJtBOn2uB1EHzI
QZIgOKKTOI3zIsMFF62w/Lbg0yC4vp2/STi51dA+cvrn788BS1KO4hS+04b40QmCPCPwhRXsFzhO
96fjqcZTLYlTpvkGdEEEiE7jRPTB/w+Mx7tQABNoKiQ1zwOV5QFwPOgyPGj4HbTZASshIqiF0IsM
E7j8T+8nXduGs+iwV77x8+uNFaH/S0sRePiVkUK75cU4CH6DvxV9T7v8cH6u/QwQf0KaaHgKHcoK
6HB2UME7uGDFmNMTUJPi5J6REgbhlfU4EAGy/wtP/13GRdPkkmEQMMFEjJJoGwZJvooPS+4ShfEN
FFdsBCrAMkbPxWsKMnk6gGizrz4KMFYR939h8oo1sB4Hv6c9D7XZRS2/cyA/8MrzvoFzVab+L2Ii
Vl97HhKri6RWANOxzA6Mmpv8btXwK8nC7rJIWXHHs9uDCZmygyt8ex6H71LAHYEqv0Ku0+FbtQgc
E56zx8RIcDoKgpsMp3mCC7CYA54W0PtCH2Gax+noPwb6U5NtpDjRwAyAadWYMJQSoaMBZsqzNsgM
3yZxKCdP9fmDa/lyhlOaQAf4dgdmLVUQCLFgMFS5+r+M5RdPUoKneQk4GX1Vg0Pen2BzbHPfQGjf
MAzN9l3DWehOhUROy4ITDqrVZjLEAsIemNqCjUAqXUrkbtfnug/CNO1U4oJ5a8vb4K+aqwbW26oR
39+yw0BeAj6sast/ZIjylPMHVtm3hLHpcnCQYW7b2Lc/+5dQvDJjf1dIkL4VFK+rJ9VHoXuVzy3E
veRFHMVE6nEtO1oxpdXQvDKQ7W7IPRf3H9IiTl5RXoYJ0xaxhLVv2q5dtWR8oyXk+1anpeqd/i8F
WL1hhR0secXG/BYbe8V4NWzyAme1XqFVoyMvL+DyleGa3+Dw5QuBLiuykiyM3RucswEESvk5x1SY
g0esRwl9klfm+pyPRi2jYfl/PjN8WbCw3T9fGgFVXWI/0SWm3h2bagpDb/75916P/QgSnwwSdx+W
QadX7L7E6YwnMyY6FtqgcQba12veBUqXNbxHOBUB3Z8/Yrsfsd2P2O5HbPcjtvsR2/2I7X7Edqux
3V5vJBwBTkRwl2JRIOwtv9q/GAL3EHppWUjsmfvI3hdRT1jGCe29Rh6y93px/oWyWe91hJOcQXRS
G6Pea0v3oJFYxC76hv+Ad1lj+T2GqXSXa5c32u/vLvvW0BiYH99+GF5eas6+qUkImu/ouvaq+Wg1
3pqhg7ZeGdp1ATqOM6qd0FhMmp+1o4tjxxIR1HgKLbj7YFhNuH2AWSvFq+/h7S88FxjeXV7eAEHe
3EHMJQKsyRS8TfYFLGKGs5jlov8wHYPMGTv4mvO0D5+pYzZ9H+3rh55lebrr6KZven5k215k+pjq
tm1iHHouDc3IQw4SyDjJ8CQu84MpmFOIrft17wsA4An20SGipmFaRugRxELQedsknue5xHSAgxta
xKDYcU0i5FgqRRinOJtLja5hIePQdpwIe65n+EzXXUaxHlLfYaYfMUMP/VCnjukh01BZCf8dArr+
DCcxFfoqsen7xqFnGghjk5CIOaZjCg66F+kkjAxXd22bRMQXzDsMxTxM5DxssB26RAcGlo8oIsyL
fGRFzHeohbBlmh7xPQM+TqNI5ZTwkeRgQKcz2w8ZDW1qhSELfWw4juWSUHQUvBgRdoEFjfAKh/60
GGcM00VHHfphSBiMmRfqyPJcHAIjGAPsYFe3LdcwMDShO67KaoKLcY3GPvSI5ZAI+7ZpoyjUQyM0
dRe0QPQvOFkL+aYV2nZHnjQsag7IPow87MHgu9SwWOj6Uei61PdsbBu25VPH8207JA5GKovKd1ei
GPv+oR0ZWDd03Y8szyHYor7u+YaHLNvVI4xMFlKiux5VuVTOo+4QExTatxF83DEYOAgEymg5LjMd
32J+aEK3+q5uelGXyTSRHCzo0ijSbdcHhWMWgs5zbArDDVPEdZFN9MhzXQPENT3gQDkRJpMdgNGD
GV3EC5UzBSPT1mmkG47HfN2C+IiZoMTQ255NbJPpzDTNiDExzJM5aFqYH1BweDBHp3PJBOlihB0/
hBgr8rENCowih+igedTALLIdKjgi2/eYDVzS+DYGezue9qc4y6XKzizBxTh0YGajkJkIYcPUme7r
bmTTiOkGMl3LwEJoUGImTQzO+jEHJUnjiOVimEFpAYlnG47NImriyA1hKmErNLBBTIuGEbFdz6PU
8JFptni0DbSAQZwwdDzDpizyYGZjEyJH6FLPNN3IIwxHyHftCOuVpYPulak7hC0ZixJwgnFtwiRL
Q04mRHVEQMssRh0jMmyMPQu7loupaVMbI8c3LMcxwqdYAjUUrgyYghcBnLrjY9ezoeMtFIHuRpYf
mQwMmm15lCBCmEPBWjorTEVJoJ+xXCTHlSZYgNHBoISh53s+CEx9A8aReGB5YPYT4jCbGCEGE1SL
nU8ZEan4dMxIrQiG6H6wNqDRTshcUATQZt92wDj7uoNxpIPpYTr1sEFrJqCPB/VrM8Us7xB02SIR
2Eg/iqjn+DC1CKgBdhnGjm0hYlJMHMdZZdKH1zKNi4YZcqDrQfkcCr421G3TpwzbBKwAA420HByF
XojAdiP3EWYi1CBFPysTljcc7UPTtKCThFYgl1mObjM98sE2mdSMCBgjFFIwlmGlpRKN1HZRWYA/
0ONVyceXigEuzApdgOOZ0GVgmSJqhMRibugb0HnY1Am05hodZqJs0o8hxq7nslBc+xADL+aBRYkM
sAQ6CKZHhISOG4GfDA0vMmBmwnB0mIkyyS2r2AhzDfoIdtqlOgyZY4e251s6WBrXiFxEfEx0ywAX
5bgdNgW7L+DPZCqyp3o+mofIA/fq6shhjs5sw3JdZls2eCawC+Bt3ZDYBqGe1WUWTyQiu5qRoAjg
wSwfTKTPjMgB58X8iIJW6YYFM8AF52SGHUS1IvhSu8EQwcA5LnZ91yJW6BCYJjBdoggMCwLrhMB5
W9JC5QziNjCTKXjWeGmlkLQvlmUwl7jM8WDwwQOCn7VAPd3QcTwYuNCwdIOAf1L5iLGv4Qg27qHt
GyboCEx5MN++j3yYq27k6ODaIAgArjZ4TB+Hj7OBySuMFusnnN+W00Vnw4xBkS5mPhgb4eDAGTkR
RdDlAA4clNAEsyskRGS4USRLKpKLvSgydccSXs2FWUMQhnAE9NTAInRAjNjgtvQVPgm7j4v5whiH
2CMintKhR6KQgK+muhnajgXO3rR0UG43QkxGIUs+NAZChcQEP0d8y8fgEMCaQBDEsERlUkBlh57B
LGIauq92N0tnccbTOoa0pcs1PQ/GnFEEThuDhYLGQY0cn0HiZEBQhYGJrmOiMrqf8qxg2QIO9XwC
wZPrIIgfQ1vgMm3shOCuMQNHCkJ5Onhjhcso4SFOwJpU88KWXQPWzPUhnALhLNcLIQYyoF8wAesG
84KCmhKIIoircBIlzrzPo35VpqxV0rGRFYrJDVYWzJnlRLahUwiTKHKxZRtmhG1wzJbCqsrX+iwF
p9AefOhy+L4wuTBYHgRntmW4YJCRLawkRF+mqxsQMONH2dXuSnKrVJL6YEdCM0QGJiFyxSRB4FM9
iBdM4uvU0C2ThB2VzBgppU8GQVNhVxbgGIXgFey3bUPYhSDmg7sQWwYKITimFAIIUBEWuR12OS8z
wvp8KmSt0wFTMtQjyxIITIzA54H30sEBgn83Q6JT4ZshYEA+9hSGdS3fgAhKPxS9a5iuCwGuYfoQ
poY+aDtYWuyiEEOEFxmgYLqvcFiNOQjSDVAmhH0dwdxCMADIs0yHuI7FLNeMIPDxpHrOJxFP55Cy
JnPwA0mf1HBmYLw9keEQE+I5UAOHRRCLgu8U0ZwwwGCBIc72LOqEltSHYsxyxiAiAAeQxg+1nROO
yQW1NolpYvAnEFdCCmZBiALGAGYgeHLIvmDu2YaIC+9YOOEPOCsOxNJFVhk5X07/iDg+wSy0qOUT
U1hs0HodAmeYL6YLiUgYQkqnhrnLy/5kusiaD6mLHbD7kAX5kWFCEB9BRmODSYHBh1wEYnKRCISo
9/diAUCmlu/S2SDD+fg0vm9l6m3qXm85GrqYUUDBZTHmWV4tBeBpLBYCAAgoocj8WYrDhEHOW2Ql
pOyUTSEDrj+c86g4bhMmWC42TMr/5nERBOBtiWg5iu+DoKqeiMULuBAFhPfXN7+/vzo/rroVviDA
9kCio7LgALolQkNZga8r+Hu/Qq55yXlGx2Wc99ri6M+X5iswTRumQQDNcRAsCJag1kp0yU8hEz7G
ExkPLcRSyG3ZwNipgh2L5QAxpS8ZhDpoV6J12AZBG1FVztpEvOtYuMPfcTZtCdcitkWzVrSuB03e
xtntCwcM2OSFrN9HUs2uE37Xuj2B+SoSwiQfnvSWPRDVbQdBLvHeAd4gULCvFf+K0bzgKRvEGSlF
4LPog+477Y4wpIhKRxSMct0xXKUjnOcPb1Y33x3J65ujq5sPwxVBPkKGmST4BPqpmB+9awnSfaej
rPt6HyeQY9qqPF9xztO7eZoi/YVjOywzJhuPWf6p156bixaCoANSLHEs4K6R/OJ6iu8qI1pL3FDU
ITNUAU9mPLkGpLuaj3WjMF6L1p8APi6Kaf764ODu7m6fARLBdb+4FfL8Ni7T0TlPRy2JlrSV0VOl
uv90GRP2x83OrEyc8s2NydHVv0tZ5Vha/5qiWv/OUEzHJYiGHxTQ/vNBN/yCQDZev2wiwO88S2hb
lWpCG77oT0cVIC+zGa5XjXbV85JnENxJAEGwAPKkDI1a1YHFvmSy3yzL/VQxk5MG35+kZIzTQpk4
LaqqaEbX8H9iKZ+O4yQm811J3GIpVG4BRbnZeBSHGS/ERorOWDZk1TaY+54qHk7iMtmZZBW3ejCn
FYJNDHsznKO4GJfhPqSuBxdlnEUxS2g7AG02fhQZEwVpsQfgQJG2jsyuWZJ0QjNJUsZ6g7npwQx+
8dxsWt8iVilwnF0z3B7UJU1VWHu/49BueYYpt000UX30S4LlFk8IPBokrctNpPqNsSnEorLmOW/b
fIX+ZIj525jjtxhUYQQDviulVZgGgQJn8zGTy5qrc1Ehr/Fpxzi7fTO/V+QypT0SryI/tF4iZxtK
EHSAbRBAConeFWySK8HjkqpK15lev0Mi+lDGyDB3NWxLjmJD0ALGZiP2iMFZ8jtoSwWiv09FoedG
PnSykLxFVAU3VcE/i/gWZ8jZldwLhkGwxPBsqRfcDloCCXUW69Esu+E8aY+3Qu56Tr0fsgJ3Yp7B
AyPj4QVkceILH+P7+HbweVd9QQTz6YQC8yAIK2yFwAb6rSLdtl9asA8UViKmgH66Yjlrz/MlTQ2h
jO4kF4nkrsRfJobCO2aieVCEFpL1VqucnyZzZYAlQQ1ju3MZOmIAQUrKEtPw7V1JUzX94d3mNhdG
p6ugC1LHGpndcVjuDdFuGJ7ssFpxUylgC8l2kc8S2cGCRx3XfBp2oppPwxWnglbLTRfHuxKv4lbF
NJ+Gz7Y6FZuDWgJRfAKRbnA7E2woT4RsFzd3oqjYFe2FbjKK78WmwM1Lgb9BQn/FRixtxzQLWkcP
u2p4iXOYSWLnZ95JZi35UeH5q1ejfkX16wtqLq1GId65Ev9vViE8oiBMEeciVjpRioTqO2t08iOO
Z+zB2ZlLbPiJ2qACpEPYKPZO8HTKsnbkXVNUoZyuUF/5V85c8U8Nu80XpMZVy8+eZktIB40QIOHw
ov+GYcKVUlKL2B08u4++U8nsGzWyUAIBF74AtL4gkxbxzeVN2zrWlCc92RHFE+To/q7EqBvdtJb5
PgNcNzi/bY9Ei7gmXxgk8c5CCcELAkrR9jOSn4sSH/MP7WJsQ1HKD51IqMyy+a/4Nka+b+ysOlm1
uzl0UUBXCmHyvlME1367HvCMdZJRMJ9x8vbi4+XOUhrR9ubQRYJynPHpjVyRXa6ltclrVOgoYffv
igclO2k+thNvKsAIIFvoEktLVZUqwj84JNvo04nYLbHAfiI3U3xzChxN3l60kBpKzz8TMTSJIEAD
zmhz1NWjJx9xmSh1UoX8dGKzo/5ulmWrR3VmsuXmyZgFjvVOvN5mruhRi/jP6NISwBYrDRAiDxKG
s3M8GnWC/yVdHZqVIBPi5LwAsDuSo6jYVcvMRIBIAESVFLQxbRuu1DCP8nlSTi4GByo/ke/hdHwW
s7Kd7zWk7spFpwummGYM3txRF9TsguAmLoqEHR1fbTGkSYzbk6y6XymmqPjfjnFeaJechzuLVUSz
FWr55MhmqU6hTKnqvlP/6hak36URy9Iy7+4JeEE9usUSkhcBYovi+pglyXy51N62EN23ut6zY76r
z7t3roZTqr1J8AO7GTNI2ndmMTqANpcScPBjHreEayhrFO2MF/mYF2fH2v9oA07ZFaOGjnYWIZMJ
FZvvZVYzmNDr6nojx1otjCn6t6SpYb6lyvQhvU35XfoeTPyOxFhylA8pViC2KFydfIwzCXZpyBpS
d3zs/tH58OwIddeS+Wgkd2tcvz/tioWebdYk0yCYSShBQFlz1YK3bptCiQc8TrvZQE1TzXTHUsAM
IrfDC0gM5o9UdaqY4/l5wWfCxcPDMAduYpZuYzA6j6W3DcbKE+tL8ZxVL5TD53dnGx57EHuzrVAP
9ePtylaoBbFr9czvEejJ9s6r57GX1xsZAvF0s9zWvLQDDemJaqEokUcQ5UlbLQYCIdPa1U6MhnkQ
TKItBqIqylzxQu6CXa05Ld5Zs0nhG7WnlwyPCmBzmXJoSp0kDeXpSgzkK32wpGIj9erUN146UYIg
D5sZuj4ZKjM2ZJmy0LmkqUNhdWMCxzo91XVwnsOMiz3YEKrEUjV3NDBfqgYgJ2oQtS6fEXTL7zbn
aSz4QC+gWY5aHSBv19V1xere2fGuK/IzwXYM+QZP2SyXewXfp+xjDn+eIfBbPMG3g88HUiBRRUln
14ype5EFYU3lRGZyZzyLH3i6s228CtMgqJBssxYxPBnwJIlpW54l7QnrmON7PEvwvb67jbstlpDP
M1KB2LQ2OhjzY6ZGEQvSPxVENAAgdJVXWxS15mKv0nyQyWdOlnFRm9yWyt9H31jIE1nwMB69Lee7
8l3Nml4bzEtX9hTBZOKYjt5HkIKcxcrOLJW+ksPXoW+nmsGKsTj7ZU+LPzPMYT7D3NiRzi7P+dm4
fszwVF1KaSidlT/QO9LZw/qGQVJ/8ZjLeyb8JccgqGEsLjZbUL8pL06V5XRJWFNcGZwfiY0S2hFE
VtePRVYvWZioeMt9DVsFIoMyL/jkKGGZUtJUyGodEH3fjdPtlsGCqDiet4VaOOzBWNknuCB14xSE
HgtUthKuFQU99miDfC46Fzvz9nqfIHPkZT486Tf03jdiGAF2ebWDCEayqfe2KA8Z1YQ1jv2snPyB
419xOur0jfOSjS3i6aJNNfeS3wyVxfWb1V0ebmcb790DvtvZLl7BLAhSXkyf7QcqQOLAvUXxShFK
IXezG+N7JJztFoOg0/76VE0ch3JW0naO1pDWPDHzfXbgNK1vEYOIPWIJ591taxVt3d7UGMzVfUz+
211HANPy/GculjyDoNiigvEGp7cQOXyZ8TTK8KQ9xzvvPBHy7rKYLngFgWh8i/HAmbIPurpfMw5v
M8bSX/FXvjO3tOQooGfbLPu/jaNiwJVkY0F6ouM/l0mEx5P49Gu261SxaX4LGQbDQYLbtZeG8uR+
5nfV4S3J/AbvWoa4YV3gIIgIJgAmCE4HRzWqtaYYLDF8bcr2Z2kVe5PbWyXmFvdPSncxGJ58vOzf
nBxd7GxjhmQpVmuq1teX+QhP+WR+NFQK/ktiWwB73+3WYXjKQvh/V/BrduA4KgTAMwgUNOsD0jFP
R2/KkZrRVqQ1sz7fcVDdBOkykW0QrBXglGcTdTgaypPKtPvi5JIjzIsKwuJioyoJj9NClWRB6jpz
/7uqFeXifLSX6RWEl4R9eHdyqoa6Ne0fXBirQWy32UEN2RvK5m58J3toUunOl41vtP/weqpEIgvS
k4+HfIcaQCg4TqQTFMeL5YBhIlZZGkCTdinxm+U3TMYXJT7HaTvkbVM7Qfua2Ao9f1ESvB4V2YgY
kkmJk6rx9ZM8Ho3mVZb9yBOgj73bzZid7uNZj9TdXlBNbPiJI7tXwGwTRk7fiaMQTtKRPHG7FU8q
b3Q3opvd51LiEcuu/7jelR4uGApR2ki695sI+e9yztKP8VSpB7eITytjPBoXsix8fLErpfz4biie
oZM8g6ABsdFG2dVNTG3qP1jbHgCGurgtLjdXwbh+jpC3F5RbxO72tI4FPz/+tCulA1ZBsGz52eUL
4NMXEetBS4r6MZUBz7KurCp9JZj7ST6apncrcMMTmAhg+unu6tctlkGgoOrcbmRBz4b9zpPUC1K3
ZNOpR13IbZxdqapyvt9457q6r3fuUefeeKk3F4DPpBPZVKEhfHkrTxNWh1khr6n6zOJZTCdswrOd
Lf22mw+C+nIj83l9cgMGq127qgidwwEeSwK175EEXrMCTOZG+9hEI9dTruyOaBG7py25ldJ01ifE
qXH38rmk9nEOe72z+ZRlpwnO2MVgZ0/tKMc7LKG2r9fHX2LJd+WQjhbxyYxrl9uMlm1ubkyFLSXT
Wbpf8Gn1bDy4resJmNfTtwPl4fg2/ekceKt1ilYC9dSD//iPshTqqODYZmMYVwOSmvD0AWZPlo52
IFUOIMpY/OQL3zAoafalP7JX/qnEa4eHMah1nfoBWEiz561Fo4v5MJE1Svm6fgYdlXLd6YyXOVMy
yha568XM7v5eQOLb97sUrn3SnTJosiWxp17iGwt8IgVV0K4/pQGnt2Lgr8X6ezsb7byxpt708Hl4
9f7t0cXJ1ecHyzC1/9WCUtexy055psV5XrJcy5g4jFML5/V7xscYgIA2aG/j4qyOozqMtl9trNcE
l8Wd9l6nFrUp3zwxMdQu2HSa/90+DHF/PhFnfsujI8XZ/PvixGXxdKk8kFicm4gz6O+CNSaL3Rcs
rQ+8/6snHzJpHdQfkvpQ9QWF4ISJQ/4VGp98obxIxXkDLWp9yuSSUGZJ+55Wx5su7qM4qY5OXVBG
E+VnA8agle37GNR21iaIHwOQ+uJKfZmE1W8/tD+S179R0KZNiSr11eIMbeWbspNzlUTjctKmXA/P
27eTef7fRP7WQX2lycNcjT5lM60vfjjB1i3dhct/vaOvNZcQ+M93mOPakUNdg9kk0iPDcSPLY8hx
iTj5HtT9X+IoztYRnIsG51iOv1E/YvMQTyv3a8vC2kN1Mv3i03B7P1HHhAtxDF03ETJEHDw8fq90
FeVfpChdIpBidThB79I8Vz5YnQj46ULpow4CuBU/BqCKBcS7LO5oR+tnA0RiicSPYgDgsaqcy7nx
hYzL9Lb9kwyii+JR9VMNdeYnuonmtbUVHSC3htKw+VkAocfZfFpwSagOvxnRlTGPFTWRfWO2SYsD
a0dlpYwNnM8wu7T3Q4LJuNWbf//9f9yto+4=
===END CRASH DUMP===
