PocketMine-MP Crash Dump Sun Nov 22 10:39:22 +07 2020

Error: file_put_contents(C:\Users\Administrator\Desktop\SkyBlock 1.16-LOL\plugin_data\RedstoneCircuit/ScheduledBlockUpdate.yml): failed to open stream: No such file or directory
File: src/pocketmine/utils/Config
Line: 241
Type: ErrorException

A PLUGIN WAS INVOLVED IN THIS CRASH
BAD PLUGIN: RedstoneCircuit v2.0.0

Code:

Backtrace:
#0 (): pocketmine\utils\Utils::errorExceptionHandler(integer 2, string[170] file_put_contents(C:\Users\Administrator\Desktop\SkyBlock 1.16-LOL\plugin_data\R, string[80] C:\Users\Administrator\Desktop\SkyBlock 1.16-LOL\src\pocketmine\utils\Config.php, integer 241, array[1])
#1 src/pocketmine/utils/Config(241): file_put_contents(string[101] C:\Users\Administrator\Desktop\SkyBlock 1.16-LOL\plugin_data\RedstoneCircuit/Sch, string[209] ---.skyblock: [].Koth: [].mine: [].nether: [].sb: [].teanether: [].1vs1: [].aren)
#2 plugins/RedstoneCircuit.phar/src/redstone/utils/ScheduledBlockUpdateLoader(72): pocketmine\utils\Config->save()
#3 plugins/RedstoneCircuit.phar/src/redstone/listeners/ScheduledBlockUpdateListener(20): redstone\utils\ScheduledBlockUpdateLoader->saveLevel(object pocketmine\level\Level)
#4 src/pocketmine/plugin/MethodEventExecutor(42): redstone\listeners\ScheduledBlockUpdateListener->onLevelSave(object pocketmine\event\level\LevelSaveEvent)
#5 src/pocketmine/plugin/RegisteredListener(80): pocketmine\plugin\MethodEventExecutor->execute(object redstone\listeners\ScheduledBlockUpdateListener, object pocketmine\event\level\LevelSaveEvent)
#6 src/pocketmine/event/Event(88): pocketmine\plugin\RegisteredListener->callEvent(object pocketmine\event\level\LevelSaveEvent)
#7 src/pocketmine/level/Level(1166): pocketmine\event\Event->call()
#8 src/pocketmine/command/defaults/SaveCommand(56): pocketmine\level\Level->save(boolean 1)
#9 src/pocketmine/command/SimpleCommandMap(248): pocketmine\command\defaults\SaveCommand->execute(object pocketmine\command\ConsoleCommandSender, string[8] save-all, array[0])
#10 src/pocketmine/Server(1811): pocketmine\command\SimpleCommandMap->dispatch(object pocketmine\command\ConsoleCommandSender, string[8] save-all)
#11 src/pocketmine/Server(1423): pocketmine\Server->dispatchCommand(object pocketmine\command\ConsoleCommandSender, string[8] save-all)
#12 vendor/pocketmine/snooze/src/SleeperHandler(123): pocketmine\Server->pocketmine\{closure}()
#13 vendor/pocketmine/snooze/src/SleeperHandler(85): pocketmine\snooze\SleeperHandler->processNotifications()
#14 src/pocketmine/Server(2157): pocketmine\snooze\SleeperHandler->sleepUntil(double 1606016362.6449)
#15 src/pocketmine/Server(1994): pocketmine\Server->tickProcessor()
#16 src/pocketmine/Server(1588): pocketmine\Server->start()
#17 src/pocketmine/PocketMine(273): pocketmine\Server->__construct(object BaseClassLoader, object pocketmine\utils\MainLogger, string[49] C:\Users\Administrator\Desktop\SkyBlock 1.16-LOL\, string[57] C:\Users\Administrator\Desktop\SkyBlock 1.16-LOL\plugins\)
#18 src/pocketmine/PocketMine(304): pocketmine\server()

PocketMine-MP version: 3.15.2 [Protocol 408]
Git commit: 0000000000000000000000000000000000000000
uname -a: Windows NT WIN-4P2C3VGUPNN 6.3 build 9600 (Windows Server 2012 R2 Standard Edition) AMD64
PHP Version: 7.3.23
Zend version: 3.3.23
OS : WINNT, win
Composer libraries: 
- adhocore/json-comment 0.1.0@8448076039389f558f39ad0553aab87db3f81614
- ocramius/package-versions 1.5.1@1d32342b8c1eb27353c8887c366147b4c2da673c
- pocketmine/binaryutils 0.1.12@566fa87829e007eda0bd96e39fe20b9b0d638132
- pocketmine/callback-validator 1.0.2@8321aa3ccfe63639b0d08f0cbf270755cfc99fe2
- pocketmine/classloader 0.1.1@7c0363491d1ce8f914fe96d41a4338c982adedff
- pocketmine/log 0.2.0@e59bedb5d4bbeb9a26647cb7c367cb2fa72addfa
- pocketmine/log-pthreads 0.1.1@9bbcef398b01487ab47c234a6a7054722abbe067
- pocketmine/math 0.2.5@8c46cfa95351fb0b2b30739a381310941934b55f
- pocketmine/nbt 0.2.15@f8a81d37d24eb79fb77d985a52549d68955bc6a1
- pocketmine/raklib 0.12.9@5f2a02009f486ca4d90892814570fa13ebdc078d
- pocketmine/snooze 0.1.3@849510fa62e57512b8467e3694e9b3add97038fd
- pocketmine/spl 0.4.1@ff0579a0be41bbe65d3637607715c0f87728a838
- doctrine/instantiator 1.3.1@f350df0268e904597e3bd9c4685c53e0e333feea
- myclabs/deep-copy 1.10.1@969b211f9a51aa1f6c01d1d2aef56d3bd91598e5
- nikic/php-parser v4.10.2@658f1be311a230e0907f5dfe0213742aff0596de
- phar-io/manifest 2.0.1@85265efd3af7ba3ca4b2a2c34dbfc5788dd29133
- phar-io/version 3.0.2@c6bb6825def89e0a32220f88337f8ceaf1975fa0
- phpdocumentor/reflection-common 2.2.0@1d01c49d4ed62f25aa84a747ad35d5a16924662b
- phpdocumentor/reflection-docblock 5.2.2@069a785b2141f5bcf49f3e353548dc1cce6df556
- phpdocumentor/type-resolver 1.4.0@6a467b8989322d92aa1c8bf2bebcc6e5c2ba55c0
- phpspec/prophecy 1.12.1@8ce87516be71aae9b956f81906aaf0338e0d8a2d
- phpstan/phpstan 0.12.48@d364cfbac9ffd869570cdfea7eaa6541c3dac666
- phpstan/phpstan-phpunit 0.12.16@1dd916d181b0539dea5cd37e91546afb8b107e17
- phpstan/phpstan-strict-rules 0.12.5@334898a32217e4605e0f9cfa3d3fc3101bda26be
- phpunit/php-code-coverage 9.2.0@53a4b737e83be724efd2bc4e7b929b9a30c48972
- phpunit/php-file-iterator 3.0.5@aa4be8575f26070b100fccb67faabb28f21f66f8
- phpunit/php-invoker 3.1.1@5a10147d0aaf65b58940a0b72f71c9ac0423cc67
- phpunit/php-text-template 2.0.3@18c887016e60e52477e54534956d7b47bc52cd84
- phpunit/php-timer 5.0.2@c9ff14f493699e2f6adee9fd06a0245b276643b7
- phpunit/phpunit 9.4.0@ef533467a7974c4b6c354f3eff42a115910bd4e5
- sebastian/cli-parser 1.0.1@442e7c7e687e42adc03470c7b668bc4b2402c0b2
- sebastian/code-unit 1.0.7@59236be62b1bb9919e6d7f60b0b832dc05cef9ab
- sebastian/code-unit-reverse-lookup 2.0.3@ac91f01ccec49fb77bdc6fd1e548bc70f7faa3e5
- sebastian/comparator 4.0.5@7a8ff306445707539c1a6397372a982a1ec55120
- sebastian/complexity 2.0.1@ba8cc2da0c0bfbc813d03b56406734030c7f1eff
- sebastian/diff 4.0.3@ffc949a1a2aae270ea064453d7535b82e4c32092
- sebastian/environment 5.1.3@388b6ced16caa751030f6a69e588299fa09200ac
- sebastian/exporter 4.0.3@d89cc98761b8cb5a1a235a6b703ae50d34080e65
- sebastian/global-state 5.0.1@ea779cb749a478b22a2564ac41cd7bda79c78dc7
- sebastian/lines-of-code 1.0.1@6514b8f21906b8b46f520d1fbd17a4523fa59a54
- sebastian/object-enumerator 4.0.3@f6f5957013d84725427d361507e13513702888a4
- sebastian/object-reflector 2.0.3@d9d0ab3b12acb1768bc1e0a89b23c90d2043cbe5
- sebastian/recursion-context 4.0.3@ed8c9cd355089134bc9cba421b5cfdd58f0eaef7
- sebastian/resource-operations 3.0.3@0f4443cb3a1d92ce809899753bc0d5d5a8dd19a8
- sebastian/type 2.3.0@fa592377f3923946cb90bf1f6a71ba2e5f229909
- sebastian/version 3.0.2@c6c1022351a901512170118436c764e473f6de8c
- symfony/polyfill-ctype v1.18.1@1c302646f6efc070cd46856e600e5e0684d6b454
- theseer/tokenizer 1.2.0@75a63c33a8577608444246075ea0af0d052e452a
- webmozart/assert 1.9.1@bafc69caeb4d49c39fd0779086c03a3738cbb389
- pocketmine/pocketmine-mp 3.15.2@d7a66ad7559f23d24ffe95813421a720203109b1

Loaded plugins:
DevTools 1.13.0 by PocketMine Team for API(s) 3.0.0
AutoInv 0.0.10 by JackNoordhuis for API(s) 3.0.0
MaxEnchants 1.2.1 by Xenophilicy for API(s) 3.0.0
BlockProtect 1.0.0 by DarkByx for API(s) 3.3.1, 3.3.4, 4.0.0
AutoSell 1 by phuongaz for API(s) 3.8.2
RedstoneCircuit 2.0.0 by tedo0627 for API(s) 3.6.0
BuilderTools 1.2.0-beta2 by CzechPMDevs, VixikCZ for API(s) 3.0.0
InvCrashFix 0.0.1 by  for API(s) 3.14.0
MSpawns 2.2 by EvolSoft for API(s) 3.0.0
ARQuest 0.2 by phuongaz for API(s) 3.9.0
NameTag 1 by MTwins for API(s) 3.0.0, 4.0.0
AutoXP 1.0.1 by JackMD for API(s) 3.0.0
RenameItems 1.1 by Wertzui123 for API(s) 3.0.0
OnlineTime 1.3 by Zedstar16 for API(s) 3.0.0
KhungLong 1.0.0 by xXNiceYT for API(s) 3.0.0
NoAdvertisingPE 1.0.1 by Vaivez66 for API(s) 3.0.0
KeepInventory 1.0 by KhoaGamingPro for API(s) 3.0.0
VanillaEntityAI 1.0.0-alpha5 by jasonwynn10 for API(s) 3.0.0
WorldProtect 2.3.8 by aliuly for API(s) 3.0.0
SimpleWarp 4.0.1 by Falkirks for API(s) 3.0.0
MineReset 3.2.0 by Falk for API(s) 3.0.0
BuyFly 0.1 by WoolChannel3295 for API(s) 3.0.0
StairSeat 1.5.5 by korado531m7 for API(s) 3.14.0
Worlds 3.0.6 by survanetwork for API(s) 3.0.0
PM-Beacons 1.0.5-1 by jasonwynn10 for API(s) 3.0.0
Slapper 1.6.1 by jojoe77777 for API(s) 3.13.0
KillRegen 1.1.0 by NashanPlaysYT for API(s) 3.4.0, 3.3.0, 3.2.0, 3.1.0, 3.6.0
NoFallDamage 1.0 by DeveloperNeb101 for API(s) 3.0.0
ChoDenUI 3.5 by BlackPMFury for API(s) 3.0.0, 3.2.0
ShellyEssentials 1.0.2 by Shelly7w7 and BlazeTheDev for API(s) 3.0.0
OrionTasks 1.0.0 by Clik for API(s) 3.0.0
GCPClan 1.1 by InstantlyTa for API(s) 3.0.0, 4.0.0
MuaDanhHieu 3.5 by BlackPMFury for API(s) 3.0.0, 3.2.0
PointAPI 2.0.9 by onebone for API(s) 3.0.0
LoadWorlds 1.1 by shin for API(s) 3.0.0
Banking_vonfram 1 by Noob for API(s) 3.0.0
SETVIP 2.3 by MCPEVN TEAM for API(s) 3.0.0
DanhHieu 3.0.0 by padreon for API(s) 3.0.0
Weapons 1.12.0c by xBeastMode for API(s) 3.0.0
Eternity 1 by minefore and shin1134 for API(s) 3.9.0
iProtector 3.1.1 by LDX for API(s) 3.0.0
Warps 2.0 KSCore by KaysilGMVN for API(s) 3.0.0
PECollide 1 by saxavlax001 for API(s) 3.0.0
SkyBlockUI 2.0 KSCore by KaysilGMVN for API(s) 3.0.0
NameCorrector 1.0.0#build011 by PEMapModder for API(s) 3.0.0
CachMuaLand 1.2 by Noob for API(s) 3.1.1
PlayerVaults 3.2.0 by  for API(s) 3.0.0
Eff 2 by AmGM for API(s) 2.0.0, 3.0.0
GiftCode 1 by ZulfahmiFjr for API(s) 3.0.0, 4.0.0
SizePlayer 1.0.3 by  for API(s) 3.0.0
MuaDoUI 2 by FurryJaki1992 for API(s) 3.0.0
TheoDoi 1.2.0 by HotshotHD & CodeRed2019 for API(s) 3.0.0
PiggyCustomEnchants 1.4.6 by DaPigGuy for API(s) 3.2.0
ScoreHud 2.0.0 by JackMD for API(s) 3.0.0
Kickk 1.1 by MCPEVN-TEAM for API(s) 3.0.0
ShinPickaxeLevel 6.0.0 by shin for API(s) 3.0.0
MapImageEngine 1.1.3 by FaigerSYS for API(s) 3.0.0
essentialsTP 1.2.2 by  for API(s) 3.0.0
CustomAlerts 2.1 by EvolSoft for API(s) 3.0.0
FormAPI 1.1 by jojoe77777 for API(s) 3.0.0
Marry 1.0.0 by GreenJajot for API(s) 3.0.0
1vs1 1.0.1 by VixikHD for API(s) 3.0.0, 4.0.0
DeTuMF 3.0.0 by CLADevs And Shin1134 for API(s) 3.0.0
MuaCoinUI 3.5 by BlackPMFury for API(s) 3.0.0, 3.2.0
AntiTNT 0.1 by Adam1609 for API(s) 3.0.0
MysteryCrate 9.1.1 by JackMD, DaPigGuy for API(s) 3.9.0
PHP-Sell 1.2.7 by Muqsit for API(s) 3.0.0-ALPHA9, 3.0.0-ALPHA10, 3.0.0-ALPHA11, 3.0.0-ALPHA12, 3.0.0
BuyFix 1.0.0 by HumYaiJang for API(s) 3.0.6
BuyceUIEF 0.4 by UnknownOre for API(s) 3.0.0
ItemDropText 1.0.0 by AlexItz16 for API(s) 1.0.0, 3.0.0, 4.0.0
QuyenVipUI 1.2 by NightBlackDM for API(s) 3.1.1
OreGenerator 2.0.0 by vividmemory for API(s) 3.0.0
NoTP 1.0.7 by awzaw for API(s) 3.0.0
AutoFix 1 by Noob for API(s) 2.0.0, 3.0.0
EconomyAPI 5.7.2 by onebone for API(s) 3.0.0
ChongBug 1.0.0 by shin1134 for API(s) 3.0.0
PurePerms 1.4.2 by 64FF00 & ProjectInfinity for API(s) 3.0.0
Alias 1.2.0 by Ghast Noob for API(s) 3.0.0
SlapperRotation 1.2.1 by jojoe77777 for API(s) 3.0.0
TableSpoon 0.0.7-ALPHA by CortexPE, Xenophilicy, HyperFlareMC for API(s) 3.13.0
KitUI 1.3.5 by Infernus101 for API(s) 3.4.0
Minerloot 1.0.0 by Distoxicqted for API(s) 3.1.4
EnchantUI 0.4 by UnknownOre for API(s) 3.0.0
InvSee 1.0.0 by BlockHorizons for API(s) 3.0.0
KingOfTheHill 3.0.0-ALPHA1 by Tethered, iZeaoGamer for API(s) 3.0.0
BlackSmithFGC 1.0.0 by  for API(s) 3.0.0
sblevel 0.1 by AmGM-Encode for API(s) 3.0.0, 2.0.0
DEVirion 1.2.5-ALPHA12 by poggit, SOFe for API(s) 3.0.1
AntiSpam 1.3 by xBeastMode for API(s) 3.0.0
AutoClearLagg 3.1.0 by Twisted for API(s) 3.0.0
MenuUI 2.0 KSCore by KaysilGMVN for API(s) 3.0.0
SkyBlock 1 by KhoaGamingPro for API(s) 3.0.0
AuctionHouse 1.2.3 by Shock95x for API(s) 3.0.0
PureChat 1.4.11 by 64FF00 for API(s) 3.0.0
ShopUI 0.0.1 by InstantlyTa for API(s) 3.0.0
RankShopSystem 1.0.0 by zZPROGAMERZz423 | §eFor issues report by §2Visiting GitHub.com/zZPROGAMERZz423 for API(s) 3.0.0

----------------------REPORT THE DATA BELOW THIS LINE-----------------------

===BEGIN CRASH DUMP===
eNrtXWtv27jS/itG9uCgC9SOSN37YZGsc902qU+SXrarRUFRlK1GFn10ceLsu//9HVKyTcpJ7CQu
Fjho0dbSSB4+Qw7nwpv/2ol5Pibl1ynLi4RnO2/M1ztlMmY7b5BjOAZyTAe/3klJUR7mOc933vy1
U84m8HhH3h/eUjYpxRdf74xZUZCheBQnKfs6qcqvlGcly8riVf9NEHwooIwg2I/GSZYUZU5KngfB
ASuuSz4Jgsvr2a8pp9cd1ENO9937d0EwSathkn2NSEmC4IJFRckz1k9yWiXl7iUdsahKWSS/9WEC
b7HebJz+/KYTEwAQdUre4ROWdaAsRsZvOue8U1R01BHwOjzvREnOKICYAfi4StMjoAP652EtcgqA
gcZK+A4LgqpMUmDR51mcDHuT0USUUpcA7+4uX92Vb+7WL8JLKdB23mALQUvkhML1Hzs/GZ1XINg9
/D+IjzdvmNYaJySLUpa/SqD6hyzv4NeiEpJs+AdyjT8736d9FmV4UMT3qsTXnYVMUEEdkudk9gf6
82eot59Q55GKfQXvC9VYEX1eMQZ6Lup1arqoGGz4f3a63W6vuJ6Fgsmbzh9/9t7yciQvBGZ5kbFy
xHJ5WYTyo2REIaJpgeQFyVkmRcedGkSx2yof6ozku6Je8uZBUyv3dZ93nESgNS6+X9Xqiuz+UpAp
eyWLNZ9QbAqVyTKo2/uLbp6+wgYUPv/SouiH0dZw3rEpS1/x8Bt0aA16Kh4EgXwuIVttJakl2D2D
6uXR4RR04vCW0Qpa/ZWFNSwLCR7A0zzu/sIzWd6lqKd7MDFRiA5NvCrLlhjtBzBesKEoAxAtqssz
Wm1VvxoE98jT/YXJqwWoJ4v2uvMccZy2OPIbu/KFV573gACrwnZ/oSRN6689B4fbxiFf3a11ByHH
aSFpGEoGddm11nttPpSPx2BxdyMWkyotQcOh3H5NfGW32aoAm84Ucp5CD+8gyd9/iP9lMp6kc8Zn
ZAI2rV17zatBMMcCDboEs6IB934V+nnBF+VcsiwSLT837n92BOQu1Mbc/BqN+TXauC9ZDnHFK+Qh
9BDMtkjdX6KkmJCSjrYCsQaGHgJmYbMFrH6yRDFvxe2BwR3Qp4jnKp4i4/yOSXt5mTI2Yfncg6MH
Eaq0v2jKiypnf9cKiswnleHZrSLqV6Eo7T0oMucUgrxzXiZxQomINIqmROuBKsbIdjfkXoj7DxkY
/FcRr0KI0ZYhaM+xLL8uyX6oMX3feqCqyoReD2rsYNVrNs5DbOwVizRnU5QkL5uvr9iSgbw8g8tX
2H2ozb6KsAMUo6ILC/YrKVgf4uuidmf3WtjGCZ6RJHvHh0NFuyz/uUHLgoXtvizuge/UVeI9UiWm
0W6boq7un3f+/Pv1Dvvfzi2eFPVDdTTYkmzK0ykbg5Tw9SSree7MnwOthRseUR6JhOHPH7nDj9zh
R+7wI3f4kTv8yB1+5A4/cocfucOP3OF/MHd4vTMU1p2kInnIiJi32Fl+tXs2AO4h1NJyfmPH7CG7
hwW9StJo5w1YGPv1TlJ8jdh0501M0oJBhJ3zklMObC3Dg0ISEYEbG/4B3lWD5RNE7fym6JxfdT6d
nnetAe6bH48/DM7PO07P7EgIHd8xIESfv1q3dwcb0NsvcOeyBB0nedQ5jBLRaX7u7J8dOJbIAkYT
KMHtmT1swu0d9FopXnMPj7/yQmA4PT+/AoK8uUkymSWMJxxq8WuahDnJE1aI+iPRCGTO2e63gmdd
YaLqzMPooZ6x51mWZ7iOYfqm58e27cWmTyLDtk1CQs+NQjP2kIMEMk5zMk6qYndC6DWkbd2m9gUA
1LN7aA9FJjYtHHoUsRB03jap53kuNR3g4IYWxRFxXJMKOZZKESYZyWdSoxtYCO/ZjhMTz/WwzwzD
ZRExwsh3mOnHDBuhHxqRY3rIxDor4ZFDQNedkjSJhL5KbEYP73kmRoSYlMYMzIcpOBhebNAwxq7h
2jaNqS+YtxiKfpjKfjjHtudSAxhYPooQZV7sIytmvhNZiFim6VHfw/B6FMc6p5QPJQcMlc5sP2RR
aEdWGLLQJ9hxLJeGoqLgA8fEBRZRTFY4dCflCDLTaFFRe34YUgZt5oUGsjyXhMAI2oA4xDVsy8WY
QBGG4+qsxqQcNWjsPY9aDo2Jb5s2ikMjxKFpuKAFon6R4VvIN63QtlvyZGHZcED2XuwRDxrfjbDF
QtePQ9eNfM8mNrYtP3I837ZD6hCks8jJNWhqLQru+Xt2jImBDcOPLc+hxIp8w/OxhyzbNWKCTBZG
1HC9SOdSO4+mQkxQaN9G8LqDme3aCJTRclxmOr7F/NCEavVdw/TiNpNJKjlYUKVxbNiuDwrHLASV
59gRNDd0EddFNjViz3UxiGt6wCHiVJhMtgtGD3p0mSxUzhSMTNuIYgM7HvMNy/YBBigx1LZnU9tk
BjNNM2ZMNPN4BpoWFhAvsgn00clMMkGGaGHHDzFCsU9sUGAUO9QAzYswYbHtRIIjsn2P2cAlS64T
sLejSXdC8kKq7NQSXPCeAz0bhcxEiGDTYIZvuLEdxczAyHQtTITQoMRMmhiSdxMOSpIlMStEM4PS
AhLPxo7N4sgksRtCVyJWiAmmphWFMbVdz4si7CPTVHioBlrAoE4YOh62IRb1oGcTE2MMVeqZpht7
lJEY+a4dE6O2dFC9lbBWELbkLE7BCSaNCZMssexMKDIQBS2zWOTgGNuEeBZxLZdEph3ZBDk+thwH
h4+xBKrMvoEpeBHAaTg+cT0bKt5CMehubPmxycCg2ZYXUUQpcyKwls4KUzHU1c1ZIYZ4ak2wAKND
QAlDz/d8EDjyMbQj9cDyQO+n1GE2xSEBE9SIXUwYtGLOJyNGG0XAovrB2oBGOyFzQRFAm33bAePs
Gw4hsQGmhxmRR3DUMAF93G0+513M8vZAly0ag4304zjyHB+6FgU1IC4jxLEtRM2IUMdxVpl04bPK
knLODDlQ9aB8TgS+NjRs048YsSlYAQYaaTkkDr0Qge1G7j3MRKhBy24OaWUx52jvmaYFlSS0ArnM
cgybGbEPtsmMzJiCMUJhBMYyrLVUopHaLobH4D+o8Xo00ZeKAS7MCl2A45lQZWCZ4giH1GJu6GOo
PGIaFEpzcYuZGA/qJpBmNn1ZKK69R4AX88CixBgsgQGCGTGloePG4CdD7MUYeiY0R4uZGOy7ZjUb
Ya5BH8FOu5EBTebYoe35lgGWxsWxi6hPqAH5B2iE22JTstsS/oPECFLvpj+ae8gD9+pCOMwcg9nY
cl1mWzZ4JrAL4G3dkNqYRp7VZpaMJSK77pGgCODBLB9MpM9w7IDzYn4cgVYZ2IIe4IJzMsMWokYR
fKndYIig4RyXuL5rUSt0KHQT6C5xDIYFgXVC4LwtaaEKBnEbmMkMPGuytFJI2hfLwsylLnM8aHzw
gOBnLVBPN3QcDxouxJaBKfgnnY9o+waOYOPu2T42QUegy4P59n3kQ191Y8cA1wZBAHC1wWP6JLyf
DXReYbRYN+X8uposKht6DIoN0fPB2AgHB87IiSMEVQ7gwEEJTTDbQkJERuaKZElFcokXx6YB2Yst
4g7Tp4hAOAJ6iokIHRCjNrgtY4VPym6TcrYwxiHxqIinDKiROKTgqyPDDG3HAmdvWgYotxsjJqOQ
JZ8oAUKNxAQ/R33LJ+AQwJpAEMSIRGVGgMoOPcwsamLD16ubZdMk51kTQ9rS5ZqeB23OIgROm4CF
gsJBjRyfQeKEIagiwMQwCNUZ3U54XrJ8ASfyfArBk+sgiB9DW+AybeKE4K4JA0cKQnkGeGONyzDl
IUnBmtT9wpZVA9bM9SGcAuEs1wshBsJQL4SCdYN+EYGaUogiqKtxEiP1RZfH3XqsvVFJx0ZWKDo3
WFkwZ5YT29iIIEyKkEssG5sxscExWxqrOl/rsgycgtr4UOXwfWFyobE8CM5sC7tgkJEtrCREX6Zr
YAiYyb3sGncludUqGflgR0IzRJjQELmikyDwqR7ECyb1jQgblknDlkrmjFbSJ3flePdtuQDHIghe
wX7bNoRdCGI+uAuJhVEIwXEUQQABKsJit8Wu4FVOWZdPhKxNOmBKhkZsWQKBSRD4PPBeBjhA8O9m
SI1I+GYIGJBPPI1hM1eEIYIy9kTtYtN1IcDFpg9hauiDtoOlJS4KCUR4MQYFM3yNw2rMQZGBQZkQ
8Q0EfQtBAyDPMh3qOhazXDOGwMeT6jkbxzybQcqazsAPpF3awJmC8fZEhkNNiOdADRwWQywKvlNE
c8IAgwWGONuzIie0pD6UI1YwBhEBOIAsuWvsnHBMLqi1SU2TgD+BuBJSMAtCFDAG0APBk0P2BX3P
xiIuvGHhmN+RvNyFPITltZHzZfePqeNTwkIrsnxqCosNWm9A4Az9xXQhEQlDSOn0MHd52R1PFlnz
XuQSB+w+ZEF+jE0I4mPIaGwwKdD4kItATC4SgRDt/L2YxpKp5QGbXnGeFkqaviC93lm2A1QeNAWQ
SFWOeF6I+atlPt+5YmQskn4yScQT0WqGuGcZCVMG6W+ZV5C9R2wCyXBRz4MVPC4PVMKYyLmzefli
nGKBRCRw8Ozyav/i6sOgrtYikRZjVJaT4s3u7jApR1XYA0OrDFLsLniA3PtVyU+zqSLrnKKKagiz
0RL1N8hIzznPo1GVFNsS9BswzeZMgwCK4xBsBMESVCP14P3l1af3F+8ONLmFRGfk9jCjI8hb1BZU
qXojQsynC/aZZRCkJmkCYeqWxFJYiuGtBRTtZhPh5NDUIOelmFxdSqeRdfGMtooekPz619mtJpop
60B8ij5uvURUFUoQtICtlU+08yVL05Y+SpImly7TZFTxbEjuNKG8Hn6uEHN+teKJ0utRyU1EaM9z
LyVZnQFfCoRXG6pkETcc7GpCOc9vmeUsmC7KfQZE6poY8GN52xZq5HZXMrohKwnWBenfMToanIHZ
EV/4mNwm1/0v2+paVDCfjCNgHgRhja2sbWUL6aMtd4/FVGDvaqygbsAW9XNSjI6SW6VqVOqK+dTq
RBUeWc+Xflz9FwQIAjCSVJQcJ7dBUI+wb2QrLyfkJtPsZEPRdbPVoIdTnl4Com21YVMoKOai9A2c
283NTY8BEsG1V15L83Hxn0qO7SytR0PRmwNvYD7858uzNB+y8OZjkwY5B9RXZKgIMKc8Yv3Orm5E
6NJujBcaclAllj9FmYSp/DxoWe7PgxV/hFbjiLODbalSza22258Hm1nte/p+zWa3kUBadSHUacnG
hWbRl9RWaKgL+QmM0l2VIGxuS9AlR7GEYAHj2RIv+e2qUoHo7zORRV7JjTYLyRWiLripC/5FOB2S
I2dbci8YBsESw7OlXnDbVQQCmd+Oqmz4DjqxIvKStibCuv18nlD2+9XWov8k45vHH+d8PwJ4ZVIk
2XBwqJqS1pM1HfMjSabsztlay835BUELSIuwiZBvGZuAt5Wj0zO1jTR6S0BdvLcjTo7JWCDI+bZk
1JgGgQZn8yb8SDJI08lhViblbP9Uka/9ZEUTuySdjIiti/qNFDy7mWUZMl4m6M6gypksPGHF5x01
b1uUEAQtkEGgwF0Tc37ieRqt5jcaWQ9NIM7XhSVpUqVby9xqbkFwIxBM5mnN+gD6HltzViV5nLA0
Ugcs5usKy5yJCUyxEGxXkxYqpV479InkE6VKFKJaIdZqPz4i6XWSX78wRwc2RXmVk6yIZThwmfIb
5fawKJiYKUwLMCxKENGUHQSFxHsDeOeLoRrs64NUqKcLVjBVIZY0VXhTZCCrwm9LF5bCiKbLRfGg
CgqS9el7NTtKZ1oyJQl6dNqOHSDp6I9IlrHUxL69LWnqoj+cbm6WLkuS5JeMqA2xpOmmyO61bNA1
z0nEbRON9YT2JdmPwhOUao5EudxEKtnbiraxKVqKZfQcXZ6iyqdirTIYhq0pmOTZ2BrQsgWQjaKa
xpL0JJNeg2z3p5qZEHRw1v2VEcq1fE8htn2J3UXfyY084DdCCQTy9gWg9SqZksmE5apCNhRdGqfd
qb7xb5y54o+ujeYLWq8u+dmx6BLS7lwIEemAK71gQ5apUc6C1ko62tbvnBRgOAYpmRWtcNSSr4oR
v/oTN5+o+XzBOJNSKERAF+LfZnEr2Or0gIzlbLcStCrkRwO6A7HQWEzYnLMQGWiLY+8qWxGsLhFt
bjz7I37Asg9qMLcg6aamZTh/TSEXHZwdVfnsnhS/brlnijYHEAT11RNcwYil6Wzp9NUO2H7Utiut
wZf6fffG7ZAs6oC0d+xqxKDWt9WAbUCbS/k+B9RXpLhW5VOIa/LAfppszTUIXpDxirKfkVAc9wf9
lKgmZE55dNTitF7/lc6uyLZHl5I5a7GXKKaEApggOOrvN6jWGk+wnfC1CetNMxkkVuSAZKOThFVq
mKhQ/8FO1gcMTS8Tl5u324AnWbk/ONVWDDek9uyBr0vEMxbCv23pX8TFMlm5WwR8Mx/PgCkkdvV1
DWetNGIocSXaUoiP6mIxAhxbEmZZ5ubOWvhqOplmvZJPZChPsmtI879OeRZD1agxfevJIyO355yH
2xJK8ILYCQp/ghk/vPp4qg7ZNoRWit0abu4PDj+ed64O98+2NgEgWYr9A+XHZKOk8J7O/kBPXzHL
ExLljG9NmRp2QXCVlGXK9g8uNq//T4xM9Hh8Tmn1BejgtDXICFFyUZ6JZT1bEmTJEVKPGsbiYhNh
DkuWZ3Ix10KaBemRPiCsSsxzJt2/6OUImda2ZmLmzCFljzdvlqQZfOFqYqEQdQVbMVXvDj5vzVId
fA6CZcnPzi2AT1d0sl1FCqF/JJ9o2ifvW56l8/ayD1XYGj2F6D5Jj88+nm9tQkOU/QTXeNjnaZpE
aq6wpD2ibwW5JdOU3BrbSxEUlkEwAQcpQWw6zz7fcaTlBgrxn2mOJYAnTD0AdsCWt7uOTl+Jmn+S
0/YGajXU4PCMTMAcienHLQmlsIQ8TkXVut0ooyN0BAHmOyL2Mi2TOoXaWh2xxvcLO/JMuVK5PzOT
EcC4Imld+Po+BDk6yz/K/bNqN1LJj4+vbqld5ssYJrLkabOht4VjvQMSy4CXvkeuEla6jl79++Nj
NXzBi1D/BWJAkWAABGf0hNwsics+1+zYgvSIGftSpTEZjZOjb/m2c7N58U+II5M7VreWNkOxILa7
vPk9lEiW906UJ2YY5tcbzTBAmsg18zunPKJAkCvms9/IdYJ8H28tEK7L3bzmr0aMH/BEgT6nrCzN
0uGf8LIY8fLkoPPvjmjsCxZhA/lbW5Y1jsQWNjke2h9Hl/X1RkYpGQ5n/aoo+fiedZz3PdUltdoj
9QcEvnRc6Yn9CxL6OT8wUKtgntBnxPbVk0r1HQvSmpWB32fJzLz0zUV4m9Dra21cWtw/msbXmV73
eySP89I3GLxMsgG8TG7r81S0wcvWI1UYZ7Ultjkq0S5783aAoOZUjEYfZkN5MpOy6ll70J4tMNtz
pcmQ5Ze/X25LogVDIYqKpH2/iZBsMYB7pY5YaOS2zcPfw8+oJQZBq/z1UaM0F/spyzW7ppH17o++
7+JLtWSw1TqO5y3DPOL5WB+1nFMetQ0PzMm9ZHpxwTEIGgiLi806Vq4tL6rv1wz7H+eMZb+Rb3xr
TbTkKDpO/pSRf3GEliKAvF237kss0D452HZUORVsR+BdeMamhVyH/j5jH4v367v/PQMax2RMrvtf
dqVAYjyQXVVnR9qWHUlYMxbYf7cv1nd39rOoc3nf2NNLOlbNWy4RSfgTJtcgCOzzJGsHpA3tn5rH
AARfKBcnVkF0eZU8ZbZwHwzk1fmVujS4oTy68GU/ImPkGFuLSZtCNx2XOZuJ1Vizfi53YS5bQiWr
+P3VkcAmUHt9fwzqvzxmU8G8dLGzJpgIxE8G3dZenAWp7WjdVpQn8/l2u3X33w1O9v15ll3fIqN1
j1r3+KVZuQB8IgdINtVXsTRK29jRENYY/pNq/DtJfiPZsCW585I1WmJHxxOAU/bh9PBIx97Q9M5m
6eA/ZNcZv8ne51ubT1hyFFtxJIjNJRGrzw9yPrmSe3mXO2xU8prmgCDm9rS805aeI22Y54UeTYAR
QDaX6j/VjGUfk4lm2hXi4wOGyXBUSgN/cLatgcOPpwOxSU/yDII5iA0WRrBjeZaVPs6rkdfksNNk
mkRjNub51tbqqsUHQXPJNlt7pOUU8ratXS0TR27uyM3WVhkLZmIAt5w824rXgJp9OLr5mlM2n4ne
ynBoPR69LHz9AO5yOYEyjquuMVjit3tuu4NseclDw+4lKx76I54Nf62G+qKvmrTGehVbjkbn0a1c
hTJHsH4wrsrZgOXapqclrT3w1moPxzo6MozOvzuDnIvDHk6zOJGzwVsS6WtdQBAsECmXz+hB8rvN
evwlH9Gj0oSoNVDfrxlgPR6Rouxsc4WHLLa2D/IkxScskL3gpTzGYnWh7OLJml3x20/OWwCeMOYt
yrqccE0chdjeeuvWkWQr8xPntNzKXVDqhv/XOyczAHWUkpyd9be2Nlg7AGAJVb1en5C8TUotcKjv
W9vv2hkhdDqWZ1XRXhH7gmX3Cksx6lo+Ja4T2yXylPP2Zo6atu7ogqQo+W1C/1sCYj0Csp6/uW7J
MwjKJ4y6NkP+WpMsaf9gsL0A8YRwO5teMqZvZReENQ0iVwic8Dy549nWzgDRmAZBjeQpG5HfJtnw
fXw1YieJlr3q9JWRoSbf1CW8kqfRs+h1J/nCCD8m4+2tRrjm5Qg6EPy/cX4nIvXLMbiso+O+dv6H
Sn+80Z4CXg2+Htv1SH6vKjEFo+HYXPuKMG3Nw8wpj48PjY/PuqDs962Be92EsC+IloKgCOeTQOvX
Ix5+THLdwS5Ibc9qKyMb6rpEPhzKU0Eu3x+1BXp2glczDYKphCKOS59fKfDW+B0xbnY50da4LkiP
bv7+DmsUQ8FxLBcniJNJC8AwFnPMc0Bj1UQ8KBCkJP2UkfwdGQ5bedKS3l7l17J9VzfiuP5oW5KV
Nbv6zCMqQKQAok6fVExPDWobmPvFLK3GZ/1dnZ/wyCyr9KHmmvAPrgJ80qbEZp3aPWvnHst3t7j7
W89Qm3O2IHGcKftgz2aDVM7eyM9NNFQe4XrCq4JpCqqQ22bFbO+rASS+fbtN4dQDbpTlj01JQncl
vpHAJ1RXQ7tRstkfadtLF6R2qtleLFingk+SVUlk79vtLLEXQjtEhjBNQIrBYXdO33kgDRVgl1db
SEIlG7logevDhg3h8XOGHt3CswXPD00/qZIgWIBZfzwWya7F25ditkF1Ka0HayLPuy+Di/fH+2eH
F1/uLGx2/q8TVIZBXHbE805SFBUrOjkTh3F2wlnzDH9MAAh0+c5xUp409d1i9HQNatp5OausDkEo
1Pm+nUdqU6+CTW3g3+phiOKXvwRVHB0pzubviROXxcka8kBicW4iyaG+SzaPBdltybLmwPu/dqSJ
Vw7qD2lzqPqCQknKxCH/Go2Pv0a8zMQWfYXanDK5JFR5qt5H9fGmi/s4SeujUxeU4Vj72YARmB71
PgEdnaoE8WMAUl9cqS/jsP7tB/WVovmNApU2obrUF4sztLVvykoudFKUVGOVcjl4p96OZ8V/U/lb
B81VRx7mirsQh3W64ocTbMMyXLj812n0puNSCn99hzmuHTuRi5lNYyPGjhtbHkOOS8XJ96Du/xJH
cSpHcC4KnBHZ/riJV+6SSb3SwpYp6F19Mv3ibbi9HettwoU42DBMhLCYqhscvNeqKuJfpShtIpAS
vTnFb84VhfZiffDD5zOtjloI4Fb8GIAuFhBv8qSlHcrPBoiZbSR+FAMAj3TlXPaNr3RUZdfqTzKI
KkqG9U81NFGeqKaoaFyqqACZiETh/GcBhB7ns0nJJaE+OHEYrbR5oqmJrBtTJS0OrB1WtTLO4XyB
3tV5P6CEjpTa/Pvv/weO61EW
===END CRASH DUMP===
