PocketMine-MP Crash Dump Sun Nov 22 18:15:09 +07 2020

Error: Argument 2 passed to ShinPickaxeLevel\provider\DataProvider::savePlayer() must be of the type array, null given, called in C:\Users\Administrator\Desktop\SkyBlock 1.16-LOL\plugins\PickaxeLevelV6\src\ShinPickaxeLevel\Main.php on line 92
File: plugins/PickaxeLevelV6/src/ShinPickaxeLevel/provider/DataProvider
Line: 33
Type: TypeError

THIS CRASH WAS CAUSED BY A PLUGIN
BAD PLUGIN: ShinPickaxeLevel v6.0.0

Code:

Backtrace:
#0 plugins/PickaxeLevelV6/src/ShinPickaxeLevel/Main(92): ShinPickaxeLevel\provider\DataProvider->savePlayer(object koth\KothPlayer, NULL )
#1 src/pocketmine/plugin/MethodEventExecutor(42): ShinPickaxeLevel\Main->onQuit(object pocketmine\event\player\PlayerQuitEvent)
#2 src/pocketmine/plugin/RegisteredListener(80): pocketmine\plugin\MethodEventExecutor->execute(object ShinPickaxeLevel\Main, object pocketmine\event\player\PlayerQuitEvent)
#3 src/pocketmine/event/Event(88): pocketmine\plugin\RegisteredListener->callEvent(object pocketmine\event\player\PlayerQuitEvent)
#4 src/pocketmine/Player(3643): pocketmine\event\Event->call()
#5 src/pocketmine/network/mcpe/RakLibInterface(176): pocketmine\Player->close(object pocketmine\lang\TranslationContainer, string[21] Internal server error)
#6 vendor/pocketmine/raklib/src/server/ServerHandler(95): pocketmine\network\mcpe\RakLibInterface->handleEncapsulated(string[21] 171.253.131.166 40053, object raklib\protocol\EncapsulatedPacket, integer 0)
#7 src/pocketmine/network/mcpe/RakLibInterface(109): raklib\server\ServerHandler->handlePacket()
#8 src/pocketmine/network/mcpe/RakLibInterface(99): pocketmine\network\mcpe\RakLibInterface->process()
#9 vendor/pocketmine/snooze/src/SleeperHandler(123): pocketmine\network\mcpe\RakLibInterface->pocketmine\network\mcpe\{closure}()
#10 vendor/pocketmine/snooze/src/SleeperHandler(85): pocketmine\snooze\SleeperHandler->processNotifications()
#11 src/pocketmine/Server(2157): pocketmine\snooze\SleeperHandler->sleepUntil(double 1606043706.5204)
#12 src/pocketmine/Server(1994): pocketmine\Server->tickProcessor()
#13 src/pocketmine/Server(1588): pocketmine\Server->start()
#14 src/pocketmine/PocketMine(273): pocketmine\Server->__construct(object BaseClassLoader, object pocketmine\utils\MainLogger, string[49] C:\Users\Administrator\Desktop\SkyBlock 1.16-LOL\, string[57] C:\Users\Administrator\Desktop\SkyBlock 1.16-LOL\plugins\)
#15 src/pocketmine/PocketMine(304): pocketmine\server()

PocketMine-MP version: 3.15.2 [Protocol 408]
Git commit: 0000000000000000000000000000000000000000
uname -a: Windows NT WIN-4P2C3VGUPNN 6.3 build 9600 (Windows Server 2012 R2 Standard Edition) AMD64
PHP Version: 7.3.23
Zend version: 3.3.23
OS : WINNT, win
Composer libraries: 
- adhocore/json-comment 0.1.0@8448076039389f558f39ad0553aab87db3f81614
- ocramius/package-versions 1.5.1@1d32342b8c1eb27353c8887c366147b4c2da673c
- pocketmine/binaryutils 0.1.12@566fa87829e007eda0bd96e39fe20b9b0d638132
- pocketmine/callback-validator 1.0.2@8321aa3ccfe63639b0d08f0cbf270755cfc99fe2
- pocketmine/classloader 0.1.1@7c0363491d1ce8f914fe96d41a4338c982adedff
- pocketmine/log 0.2.0@e59bedb5d4bbeb9a26647cb7c367cb2fa72addfa
- pocketmine/log-pthreads 0.1.1@9bbcef398b01487ab47c234a6a7054722abbe067
- pocketmine/math 0.2.5@8c46cfa95351fb0b2b30739a381310941934b55f
- pocketmine/nbt 0.2.15@f8a81d37d24eb79fb77d985a52549d68955bc6a1
- pocketmine/raklib 0.12.9@5f2a02009f486ca4d90892814570fa13ebdc078d
- pocketmine/snooze 0.1.3@849510fa62e57512b8467e3694e9b3add97038fd
- pocketmine/spl 0.4.1@ff0579a0be41bbe65d3637607715c0f87728a838
- doctrine/instantiator 1.3.1@f350df0268e904597e3bd9c4685c53e0e333feea
- myclabs/deep-copy 1.10.1@969b211f9a51aa1f6c01d1d2aef56d3bd91598e5
- nikic/php-parser v4.10.2@658f1be311a230e0907f5dfe0213742aff0596de
- phar-io/manifest 2.0.1@85265efd3af7ba3ca4b2a2c34dbfc5788dd29133
- phar-io/version 3.0.2@c6bb6825def89e0a32220f88337f8ceaf1975fa0
- phpdocumentor/reflection-common 2.2.0@1d01c49d4ed62f25aa84a747ad35d5a16924662b
- phpdocumentor/reflection-docblock 5.2.2@069a785b2141f5bcf49f3e353548dc1cce6df556
- phpdocumentor/type-resolver 1.4.0@6a467b8989322d92aa1c8bf2bebcc6e5c2ba55c0
- phpspec/prophecy 1.12.1@8ce87516be71aae9b956f81906aaf0338e0d8a2d
- phpstan/phpstan 0.12.48@d364cfbac9ffd869570cdfea7eaa6541c3dac666
- phpstan/phpstan-phpunit 0.12.16@1dd916d181b0539dea5cd37e91546afb8b107e17
- phpstan/phpstan-strict-rules 0.12.5@334898a32217e4605e0f9cfa3d3fc3101bda26be
- phpunit/php-code-coverage 9.2.0@53a4b737e83be724efd2bc4e7b929b9a30c48972
- phpunit/php-file-iterator 3.0.5@aa4be8575f26070b100fccb67faabb28f21f66f8
- phpunit/php-invoker 3.1.1@5a10147d0aaf65b58940a0b72f71c9ac0423cc67
- phpunit/php-text-template 2.0.3@18c887016e60e52477e54534956d7b47bc52cd84
- phpunit/php-timer 5.0.2@c9ff14f493699e2f6adee9fd06a0245b276643b7
- phpunit/phpunit 9.4.0@ef533467a7974c4b6c354f3eff42a115910bd4e5
- sebastian/cli-parser 1.0.1@442e7c7e687e42adc03470c7b668bc4b2402c0b2
- sebastian/code-unit 1.0.7@59236be62b1bb9919e6d7f60b0b832dc05cef9ab
- sebastian/code-unit-reverse-lookup 2.0.3@ac91f01ccec49fb77bdc6fd1e548bc70f7faa3e5
- sebastian/comparator 4.0.5@7a8ff306445707539c1a6397372a982a1ec55120
- sebastian/complexity 2.0.1@ba8cc2da0c0bfbc813d03b56406734030c7f1eff
- sebastian/diff 4.0.3@ffc949a1a2aae270ea064453d7535b82e4c32092
- sebastian/environment 5.1.3@388b6ced16caa751030f6a69e588299fa09200ac
- sebastian/exporter 4.0.3@d89cc98761b8cb5a1a235a6b703ae50d34080e65
- sebastian/global-state 5.0.1@ea779cb749a478b22a2564ac41cd7bda79c78dc7
- sebastian/lines-of-code 1.0.1@6514b8f21906b8b46f520d1fbd17a4523fa59a54
- sebastian/object-enumerator 4.0.3@f6f5957013d84725427d361507e13513702888a4
- sebastian/object-reflector 2.0.3@d9d0ab3b12acb1768bc1e0a89b23c90d2043cbe5
- sebastian/recursion-context 4.0.3@ed8c9cd355089134bc9cba421b5cfdd58f0eaef7
- sebastian/resource-operations 3.0.3@0f4443cb3a1d92ce809899753bc0d5d5a8dd19a8
- sebastian/type 2.3.0@fa592377f3923946cb90bf1f6a71ba2e5f229909
- sebastian/version 3.0.2@c6c1022351a901512170118436c764e473f6de8c
- symfony/polyfill-ctype v1.18.1@1c302646f6efc070cd46856e600e5e0684d6b454
- theseer/tokenizer 1.2.0@75a63c33a8577608444246075ea0af0d052e452a
- webmozart/assert 1.9.1@bafc69caeb4d49c39fd0779086c03a3738cbb389
- pocketmine/pocketmine-mp 3.15.2@d7a66ad7559f23d24ffe95813421a720203109b1

Loaded plugins:
MineReset 3.2.0 by Falk for API(s) 3.0.0
KeepInventory 1.0 by KhoaGamingPro for API(s) 3.0.0
KhungLong 1.0.0 by xXNiceYT for API(s) 3.0.0
BuyFly 0.1 by WoolChannel3295 for API(s) 3.0.0
InvCrashFix 0.0.1 by  for API(s) 3.14.0
NameTag 1 by MTwins for API(s) 3.0.0, 4.0.0
BlockProtect 1.0.0 by DarkByx for API(s) 3.3.1, 3.3.4, 4.0.0
Worlds 3.0.6 by survanetwork for API(s) 3.0.0
MSpawns 2.2 by EvolSoft for API(s) 3.0.0
Slapper 1.6.1 by jojoe77777 for API(s) 3.13.0
WorldProtect 2.3.8 by aliuly for API(s) 3.0.0
MaxEnchants 1.2.1 by Xenophilicy for API(s) 3.0.0
OnlineTime 1.3 by Zedstar16 for API(s) 3.0.0
NoFallDamage 1.0 by DeveloperNeb101 for API(s) 3.0.0
SimpleWarp 4.0.1 by Falkirks for API(s) 3.0.0
AutoXP 1.0.1 by JackMD for API(s) 3.0.0
DevTools 1.13.0 by PocketMine Team for API(s) 3.0.0
BuilderTools 1.2.0-beta2 by CzechPMDevs, VixikCZ for API(s) 3.0.0
RenameItems 1.1 by Wertzui123 for API(s) 3.0.0
VanillaEntityAI 1.0.0-alpha5 by jasonwynn10 for API(s) 3.0.0
KillRegen 1.1.0 by NashanPlaysYT for API(s) 3.4.0, 3.3.0, 3.2.0, 3.1.0, 3.6.0
AutoInv 0.0.10 by JackNoordhuis for API(s) 3.0.0
StairSeat 1.5.5 by korado531m7 for API(s) 3.14.0
RedstoneCircuit 2.0.0 by tedo0627 for API(s) 3.6.0
AutoSell 1 by phuongaz for API(s) 3.8.2
NoAdvertisingPE 1.0.1 by Vaivez66 for API(s) 3.0.0
GCPClan 1.1 by InstantlyTa for API(s) 3.0.0, 4.0.0
SlapperRotation 1.2.1 by jojoe77777 for API(s) 3.0.0
Marry 1.0.0 by GreenJajot for API(s) 3.0.0
TableSpoon 0.0.7-ALPHA by CortexPE, Xenophilicy, HyperFlareMC for API(s) 3.13.0
Kickk 1.1 by MCPEVN-TEAM for API(s) 3.0.0
DanhHieu 3.0.0 by padreon for API(s) 3.0.0
ChongBug 1.0.0 by shin1134 for API(s) 3.0.0
PointAPI 2.0.9 by onebone for API(s) 3.0.0
Minerloot 1.0.0 by Distoxicqted for API(s) 3.1.4
ItemDropText 1.0.0 by AlexItz16 for API(s) 1.0.0, 3.0.0, 4.0.0
FormAPI 1.1 by jojoe77777 for API(s) 3.0.0
essentialsTP 1.2.2 by  for API(s) 3.0.0
SkyBlockUI 2.0 KSCore by KaysilGMVN for API(s) 3.0.0
ScoreHud 2.0.0 by JackMD for API(s) 3.0.0
Alias 1.2.0 by Ghast Noob for API(s) 3.0.0
PHP-Sell 1.2.7 by Muqsit for API(s) 3.0.0-ALPHA9, 3.0.0-ALPHA10, 3.0.0-ALPHA11, 3.0.0-ALPHA12, 3.0.0
MuaCoinUI 3.5 by BlackPMFury for API(s) 3.0.0, 3.2.0
KitUI 1.3.5 by Infernus101 for API(s) 3.4.0
SizePlayer 1.0.3 by  for API(s) 3.0.0
KingOfTheHill 3.0.0-ALPHA1 by Tethered, iZeaoGamer for API(s) 3.0.0
LoadWorlds 1.1 by shin for API(s) 3.0.0
MenuUI 2.0 KSCore by KaysilGMVN for API(s) 3.0.0
DEVirion 1.2.5-ALPHA12 by poggit, SOFe for API(s) 3.0.1
EconomyAPI 5.7.2 by onebone for API(s) 3.0.0
AntiTNT 0.1 by Adam1609 for API(s) 3.0.0
PurePerms 1.4.2 by 64FF00 & ProjectInfinity for API(s) 3.0.0
OrionTasks 1.0.0 by Clik for API(s) 3.0.0
TheoDoi 1.2.0 by HotshotHD & CodeRed2019 for API(s) 3.0.0
PECollide 1 by saxavlax001 for API(s) 3.0.0
Eff 2 by AmGM for API(s) 2.0.0, 3.0.0
NameCorrector 1.0.0#build011 by PEMapModder for API(s) 3.0.0
BuyceUIEF 0.4 by UnknownOre for API(s) 3.0.0
sblevel 0.1 by AmGM-Encode for API(s) 3.0.0, 2.0.0
EnchantUI 0.4 by UnknownOre for API(s) 3.0.0
MapImageEngine 1.1.3 by FaigerSYS for API(s) 3.0.0
PiggyCustomEnchants 1.4.6 by DaPigGuy for API(s) 3.2.0
ChoDenUI 3.5 by BlackPMFury for API(s) 3.0.0, 3.2.0
ShinPickaxeLevel 6.0.0 by shin for API(s) 3.0.0
AuctionHouse 1.2.3 by Shock95x for API(s) 3.0.0
Weapons 1.12.0c by xBeastMode for API(s) 3.0.0
CustomAlerts 2.1 by EvolSoft for API(s) 3.0.0
DeTuMF 3.0.0 by CLADevs And Shin1134 for API(s) 3.0.0
Banking_vonfram 1 by Noob for API(s) 3.0.0
1vs1 1.0.1 by VixikHD for API(s) 3.0.0, 4.0.0
SkyBlock 1 by KhoaGamingPro for API(s) 3.0.0
MysteryCrate 9.1.1 by JackMD, DaPigGuy for API(s) 3.9.0
InvSee 1.0.0 by BlockHorizons for API(s) 3.0.0
Warps 2.0 KSCore by KaysilGMVN for API(s) 3.0.0
GiftCode 1 by ZulfahmiFjr for API(s) 3.0.0, 4.0.0
NoTP 1.0.7 by awzaw for API(s) 3.0.0
MuaDanhHieu 3.5 by BlackPMFury for API(s) 3.0.0, 3.2.0
PureChat 1.4.11 by 64FF00 for API(s) 3.0.0
AutoFix 1 by Noob for API(s) 2.0.0, 3.0.0
Eternity 1 by minefore and shin1134 for API(s) 3.9.0
PlayerVaults 3.2.0 by  for API(s) 3.0.0
OreGenerator 2.0.0 by vividmemory for API(s) 3.0.0
BuyFix 1.0.0 by HumYaiJang for API(s) 3.0.6
iProtector 3.1.1 by LDX for API(s) 3.0.0
AntiSpam 1.3 by xBeastMode for API(s) 3.0.0
ShellyEssentials 1.0.2 by Shelly7w7 and BlazeTheDev for API(s) 3.0.0
QuyenVipUI 1.2 by NightBlackDM for API(s) 3.1.1
ShopUI 0.0.1 by InstantlyTa for API(s) 3.0.0
SETVIP 2.3 by MCPEVN TEAM for API(s) 3.0.0
AutoClearLagg 3.1.0 by Twisted for API(s) 3.0.0
CachMuaLand 1.2 by Noob for API(s) 3.1.1
MuaDoUI 2 by FurryJaki1992 for API(s) 3.0.0
BlackSmithFGC 1.0.0 by  for API(s) 3.0.0
RankShopSystem 1.0.0 by zZPROGAMERZz423 | §eFor issues report by §2Visiting GitHub.com/zZPROGAMERZz423 for API(s) 3.0.0

----------------------REPORT THE DATA BELOW THIS LINE-----------------------

===BEGIN CRASH DUMP===
eNrtXetz27ay/1c47pk76YwlE+A7Hzp2ZDtxYzs6tpOmOexkQACUGFOkDh+25d7+73cBUhJAO5Js
q7dfkmkjcSUtfgss9oVH/tyJ82JCqq83vCiTPNt5be3uVMmE77xGrumatuWZwe5OSsrqqCjyYuf1
nzvVbAof71zBS0Pb3ZnwsiQjQT0oRvWEZ5WBjSkpS86MKjcux0k2TOg1ueOn/IanYTgt8puE8SIM
D0lFhu3T69clueHDlMx48epnY1KXlRFxI4+NaswN0a5BioLMdo2sTlNjlNzwbNegJE2hnSQzBq/D
8GMJkoThAZskWVJWBaly0Qovr6t8GoaX17M3aU6vDdRHbu/0wylgSetRksFvVIif3DAsCwo/eID9
jCRZfzqeGnlmpEnGjQBDF8SA6DhJRR/8/8B4vAsFMIGmQdLy3NNZ7gHHvS7DvTm/PZUdsBIigloI
vSgIhbf/2fnJNJ7CWXTYqwD//HpjRej9oihCHn3jtDKu82ochu/h74a+a5x/PD01fgaIPyFDNDyF
DuUVdDjfa+DtnfFqnLMjUJPq6I7TGgbhlf04EAGy90ue/btOqnmTS4ZhyAUTMUqibRgk+Sq+LLlL
FPg7KC74CFSAF5yditcMZPJNAKGyb74KMB4i7v3C5Ts+h/U4+F3jeaitLmr5mz35hVe+/x2cD2Xq
/SImYvOz5yGxu0haBbBc2+rAaLnJ3zYNv5IsnC6LjFe3eXG9N6FTvndBrk+T6CQD3DGo8ivkuR2+
TYvAMc1L/pgYKclGYXhVkKxMSQUWc5BnFfS+0EeY5kk2+g9GfxiyjYykBpgBMK0GF4ZSInQNwMzy
QgVZkOs0ieTkab6/dylf3pGMpdABgdOB2UoVhkIsGAxdrt4vY/nDo4ySaVkDTs5eKeCQh/rYsfrI
EtbHNWzTdKyF+jRg5MyscpqDdql8hkSg2AVrW/ERCGZKobyndbsZgDzzdhqJwcKpIs9FaJprxtZ/
UiNB8MQ+A3kpuLGmreCRUSqzPL/njYlLOZ8uxwdh66mNff+7fwrdqwv+V4MEmU+C4ndVpfkqdK/2
vYW453mVxAmVqtzKjh5Y02ZoXmHkeBtyL8Xzx6xK0lcsr6OUG4twwu072LSblvB3WkJBYHdaaj7p
/VKB4Rs22MGYN2ys77FxHtivOZuyIkWrV+ih3ZFvz+DtK+xZ3+Hw9SuFLquKmi7s3RtS8gHESuVp
TpiwCI8YkBr6pGws9mk+Gil2ww7+eGYEs2DheH+8NAhqusRZ0SWW2R2bZgpDb/7x1+4O/xEnrowT
tx+ZQac37L4m2U2e3nDRsdAGSwrQvp35p0DpsobPaM5ETPfHj/DuR3j3I7z7Ed79CO9+hHc/wrsf
4d2j4d3uzkj4ApKK+C4joky4s/xp72wI3CPopWU5cQfskNMXgU9UJynbeY185OzuJOVXxm92Xsck
LTkEKK0x2nltmz40kojwxdzwD/CuWyy/JTCVbkvj/Mr47eS8Zw/xwPr09uPw/Nxw+5YhIRiBa5rG
q/lXm/E2sAnaeoGNywp0nBTMOGKJmDQ/Gwdnh64tgqjxFFrw+lYfW/B4D7NWitc+w8df81JgODk/
vwKCfLiFsEvEWJMpOJziK1jEghQJL0X/ETYGmQu+963Msx58pw3bzD7qm/u+bfum55pWYPlB7Dh+
bAWEmY5jERL5Hous2EcuEshyWpBJUpd7UzCnEF732t4XAFDf6aN9xCxs2TjyKeIR6LxjUd/3PWq5
wMGLbIoZcT2LCjmWShElGSlmUqNbWAjvO64bE9/zccBN0+OMmBELXG4FMcdmFEQmcy0fWVhnJVx4
BOh6NyRNmNBXic3s433fwogQi9KYu5ZrCQ6mH5s0irFneo5DYxoI5h2GYh6mch7Ose171AQGdoAY
otyPA2THPHCZjYhtWT4NfAxfZ3Gsc0rzkeSAodO5E0ScRQ6zo4hHAcGua3s0Eh0FLzgmHrBgMXnA
oTetxgUnbNFR+0EUUQ5j5kcmsn2PRMAIxoC4xDMd28OYQBOm6+msJqQat2icfZ/aLo1J4FgOiiMz
wpFleqAFon/BydoosOzIcTryZFHVckDOfuwTHwbfY9jmkRfEkeexwHeIgx07YK4fOE5EXYJ0Fo3v
bkTB/WDfiTExsWkGse27lNgsMP0A+8h2PDMmyOIRo6bnM51L4zzaDrFAoQMHwdddzB3PQaCMtutx
yw1sHkQWdGvgmZYfd5lMU8nBhi6NY9PxAlA4biPoPNdhMNwwRTwPOdSMfc/DIK7lAweWU2Ey+R4Y
PZjRVbJQOUswshyTxSZ2fR6YthMADFBi6G3foY7FTW5ZVsy5GObJDDQtKvcYODyYo9OZZIJMMcJu
EGGE4oA4oMAodqkJmscw4bHjMsEROYHPHeCSJdcJ2NvxtDclRSlV9sYWXPC+CzMbRdxCiGDL5GZg
erHDYm5iZHk2JkJoUGIuTQwpekkOSpIlMS/FMIPSAhLfwa7DY2aR2ItgKhE7wgRTy2ZRTB3P9xnD
AbIshYdqoAUM6kaR62OH8diHmU0sjDF0qW9ZXuxTTmIUeE5MzMbSQffK7B3CloLHKTjBpDVhkiWW
kwkxE1HQMpszF8fYIcS3iWd7hFkOcwhyA2y7Lo5WsQRqJFwZMAUvAjhNNyCe70DH2ygG3Y3tILY4
GDTH9hlFlHKXgbV0HzAVVYFewUuRHzeaYANGl4ASRn7gByAwCzCMI/XB8sDsp9TlDsURARPUil1O
ORXZ+HTMaasIWHQ/WBvQaDfiHigCaHPguGCcA9MlJDbB9HCT+QSzlgno4177Op9itr8PumzTGGxk
EMfMdwOYWhTUgHicENexEbUYoa7rPmTSg9c6S6o5M+RC14PyuQx8bQSxf8A4cShYAQ4aabskjvwI
ge1G3iPMRKhBq15Rp7ycc3T2LcuGThJagTxuu6bDzTgA22QxK6ZgjFDEwFhGjZZKNFLbRXEB/oIe
b6o+gVQMcGF25AEc34IuA8sUMxxRm3tRgKHziGVSaM3DHWaictJLIMZu57JQXGefAC/ug0WJMVgC
EwQzY0oj14vBT0bYjzHMTBiODjNRKbnmDRthrkEfwU57zIQhc53I8QPbBEvj4dhDNCDUtDG4KNfr
sKn4XQV/TaYie2rno7WPfHCvnolc7prcwbbnccd2wDOBXQBv60XUwZT5dpdZMpGInGZGgiKAB7MD
MJEBx7ELzosHMQOtMrENM8AD52RFHUStIgRSu8EQwcC5HvECz6Z25FKYJjBd4hgMCwLrhMB529JC
lRziNjCTGXjWZGmlkLQvto25Rz3u+jD44AHBz9qgnl7kuj4MXIRtE1PwTzofMfYtHMHG23cCbIGO
wJQH8x0EKIC56sWuCa4NggDg6oDHDEj0OBuYvMJo8V6a59f1dNHZMGNQbIqZD8ZGODhwRm7MEHQ5
gAMHJTTB6goJERmZK5ItFckjfhxbpmsLr+bBrKGIQDgCeoqJCB0Qpw64LfMBn5TfJdVsYYwj4lMR
T5nQI3FEwVcz04oc1wZnb9kmKLcXIy6jkCUflgChQWKBn6OBHRBwCGBNIAjiRKKyGKByIh9zm1rY
DPTu5tlNUuRZG0M60uVavg9jzhkCp03AQkHjoEZuwCFxwhBUEWBimoTqjO6meVHxYgGH+QGF4Mlz
EcSPkSNwWQ5xI3DXhIMjBaF8E7yxxmWU5hFJwZo088KRXQPWzAsgnALhbM+PIAbC0C+EgnWDecFA
TSlEEdTTOIkqZ9nL415TqWxV0nWQHYnJDVYWzJntxpB2MgiTGPKI7WArJg44Zltj1eRrPZ6BU1AH
H7ocfi9MLgyWD8GZY2MPDDJyhJWE6AvyWgwBM3mUXeuuJLdGJVkAdiSyIoQJjZAnJgkCn+pDvGDR
wGSQIFs06qhkwWktfTIImgm7sgDHGQSvYL8dB8IuBDEfPEXExiiC4JgxCCBARXjsddiVeV1Q3sun
QtY2HbAkQzO2bYHAIgh8HngvExwg+HcroiYTvhkCBhQQX2PYlvMxRFDmvuhdbHkeBLjYCiBMjQLQ
drC0xEMRgQgvxqBgZqBxeBhzUGRiUCZEAhPB3EIwAMi3LZd6rs1tz4oh8PGles4mcZ7NIGVNZ+AH
0h5t4dyA8fZFhkMtiOdADVweQywKvlNEc8IAgwWGONu3mRvZUh+qMS85h4gAHECW3Ld2TjgmD9Ta
opZFwJ9AXAkpmA0hChgDmIHgySH7grnnYBEX3vJokt+TotoTqxdFY+QCOf1j6gaU8MhmdkAtYbFB
600InGG+WB4kIlEEKZ0e5i7f9ibTRda8zzzigt2HLCiIsQVBfAwZjQMmBQYfchGIyUUiEKGdvxZr
ADK1FNn4BUhZKXn6kra7o44ECA4UUlfjvChF+f+YpNci1SfTRDyKsTLFM89IlHJIequihpyd8Smk
wGWzdlDmcXWoEiZELjhAfn+dFNdlGArZCtF8GKpIRAoniggfLq9++3Bxeth0bZlIq7EDUr2HwPsk
u5FB3EwRR6erIqGuQO/HOXkLGXI2Ghb5tiTTmIahBqep/2wk3bjORqd5NlIlW9A6UnXluvt8nlD+
+9W2RDpMsnxz6G/q2XGqjkhLUEGDpdYh/5bn6WBMsoynFg6cbSFvmv54sjl6GKtBQcrxcXKniKBS
dTm6kqjAkf185JP6v4AqDCEepaLlOLkLw6a+uIkY54D7iqjaM6douqMPwtnVrbAT3b7fle7m+VM9
uRN1/s2xyxolTJ5KLFIqaqSS18yAQ1Jcv5ndaaJYcqTEq/1SkVQoYdgBtla+3/IiZaUiWUvQza/Z
d3WZyrq4Ie2iwbbmh+QZhrcSQBgugKyUYVxV0/L1XrvMWfYlk/58VeanhpkQ9OxySm4zVdI5RRUV
yyqwIujRTZ5eAuBtCdk2CjZg0Xor3+XVwcXVx+Gj0t3e3vY5IBFc+9W1kOcyJdMpLxR55hRdHd2u
dfuWf8u5J/5oMiHrBSPXtLyZYZvLNEqqcR31ITnZW0LamwsxV82HU08j62Nn9X1dVpImNVj7LY1d
w63V0Ol8xukyrxpFReKzOinihKdMDarm+xmqgosiq1ja3tOkFWpM7o4yCs6p0lRZoerDj7vD/5ln
+XScpAndWr8oLEV3LKBoD5sYow+ZyKOu5M7uhWwKURfN0gX7wplYUEPutsRaMAzDJYZn6/iC254i
kHCOOYSy6SGZyOLT0kOq5JWB46HYfiHyp3MeIRNtLc7S2YahimjzEOYyEbWH30gxVS3VkqiKZj8I
YGSYL0Lzl0kFbMpK7peIpX28TPNb5fEIkiNRfU/L4dHOY2lBKfHeAt4w1LCvFf+grvLPQ0X0ltAN
GTpi/0ro9dnhtoay4RaGTdvP1uCGzV4rAQgHKnIFobJqiBYkXUDpXDQJlwuyxhUnky1qrWxfLDQv
kDzNNC+R7S14yEwiSSFm7Aqskbum1+xFvCKdiGJwz+l4eAa8xQ8+JXfJ9eDLtuSngvl0woB5GEYN
tqrpkA7Sp46+AntPYwV9c8FFb5xUfKJ2jUrtqEMn3wKM93WCsLWtblhyFLvEFjCerfpLfnuqVCD6
J5IlaUqOwH5Us4MTRfzuJw+yhB5Jp2PidKIzUubZ7SzLkPlCmzesCy4bT3j5WTFrSgth2AEp9lkt
4K6YNrIqAD+84COeqVWBBa0z4N3pfw5ZJMnETreyUxqw5VdFZtS84vYVta/u87VCaTQM31+I/ze1
4ZBzd4y4oDzIvs2HZvw8zws2rpNyW7r9DZhmc6ZhCM3lkJc31r0Btd4pVyQpLjlRw+olTR86p9/R
0Ou8ICx3LDTpJBAvKDAoPMHDzpEobzeR6kJEWHnGB0lB66TSLJH+iZ41PEjYK85y08W6eC/Qu6Jt
fpNcYa5wlzxNOxonSSsqJtNxnWcjcq/B9iGhfSbsOb9GtUTrm4d95/kBA6BVUora45EW2OqfrImE
PpHkht+7Wwvq5/xEPKsB6RA2EfLtYDhIiWr/5pSV7u6k2e2Rzq7ItstbyZx1RcIwpoQCmDA8Hhy0
qNb6PXB78LMp799kSpHhIq/k4szDYsPikzVZ53eKDi8QtQNgc9U8I4VWo2+e19Tw3kJKnv1KvuVb
KwQtOQroxVPq8Veitctprg2IQuy6Ja93cDp8d9AJQ8X66Z2cgGpJYHfn3Qy69TglBT8bbK1CpJUI
llDV95tEHPT6Wos2xPPKuXY2GB59Ou9dHR2cba2CJ1lC8NC2vna4Dkk2fpfwWk2T5qRumbWjdlPC
Cg4fbgl6yw56PamqlB8cXmyudIMxOIM3tVrFX5DWTJ5ynGQIWfbWpn7LLwwVBGsFGEKYVB0MT7Rd
wS2pGxAEugDguyP4f1v4WS62wsojJDTP8skMmELk3bxv4Ky3YmKlMs3z7uJpQ1u3IpFAPHKX0P9C
pKNP8b79/HW5Jc8wrJ4QK4hc6rDIp1dyO8FymUslrxHoIOV3J9W9Vvubf20rjlWAEUA2l+o4Lya6
ts0pKw3W9h3lkiNEAg2ExZtNBOGL6tiVWsjSyF3vj7+7DPkCQdQWYero7a/PedrzBh/VIVGIHRNg
vL8ED8k7a/SQOSbp27NP51szZQsATyipiv3472qmyjEnrcls/p664rz1zUU4SBOiloqa5wfls04M
NiZlZUA+HW1LANlsg1oemdnIjbwb9jrJ2YLUFcDrBCNyGb0LvgnOgrmlah6R2XlGnWe8sGzP1TwA
LI5KPSFwrskAHKY2gZY0PZLp1AzepKAqw7Pjupg9kvI0RZ7nhmM1+UJzcRz0ME+uEv6ETOB9UmnC
NM+dRaauKCdZzIusLrtLLS+ofigsRVhZPckYJPftGWVtfWVB7DpO6++wzLK90+ZQ7fL9ZkOQjT7E
V2P+LtGmlE5/ECW3k0AfmStejcVh4F0j+cJJ/paIjcpbknB58HvTgRFbTB5srlCIK6MAETFvC/qy
zc3L36L6Tac3Wb/Kp3Lq86zW531D+Gecplh8K58ySQ6PPiWFXr9YkLo221EMrJqJ5aORrBxefjju
JgLo2fmYZBqGNxJKGDI+f6fAW5MUK2nDUjotl1jK5/S97v6WLac2LbuXZDYHENVdnV+p0UFLWblp
74CRCXLNYGuxQdPopjVbsdoy5IW2ALak6UpmdwfBtY+PTdP4H2NY5GK3NjiEJBPb9bcky9emgTBc
IFLePmM5TP52fvnGgo/YwCF09oqU12o3KMQ1adwgTba2m0zwCkPZ9jO2vILnySGeUOtrLWVNkPou
r8pxXr07hNEc5IxfcIZNtDWtpBMmTizKzVaDCbts3m8Utx4N8jRNmLrJZElbsaxQkjtyk5I7c3t7
SxSWYTgFUyFBbDrVjsQplKWpk4dUFDfUMQuTt2rlD2tFgWfChyYBt+CMnrAiAnDBORbtIQxtK+yS
/mCC/CQX8U3UGZTh0RmZnuWMbS/EUViGoYaq87jhvmvKP54cHetbr1uabshtXbSP2XWW32Yfiq05
pSVHsQtCgth83EpoTlxCtJRjTlntjkA7ekeZPA70MOPBLy1/hmEZzS9HWitCuwVPC+CWtH9wMBYg
nrJ6Mz0RO9COspG8WEpZxtE+6O4/sLr7ypIRLy5/v9yWWAuGQhQVSfd5I1udjEazQV1W+eSRzZ6P
fdoNMNzuFnT40dtaDyhekHTP+Ylrxh6AedKawiHXCwoL0j9VT5gDkIsLh08pJzy4t0xJyB9eabaU
zn18xWSbqyUPb+rabOOLPN/+Lq9Lru1FUMjdcKgzzy7HOb0OnLsX7mXSMgj1/IsSU7QtiR0xEt9Y
4BN7FzS06w9EcDLNtXMCc0rHpICO0c5RpzeclNXZYyb/mWO35BiGLYzFm40mmJyYBykvNAuikfUc
Hv29xx/UlmGG6TiedxDikF/VZ8faHlRJWLO0Ojg9EHsZjYOMGZdbXqBsectDhE/am/CGZNdJNvp6
k2dxQSZq8NT5ZEXAvs0KueAFQRM0vrkQ6KZECnL5uG6Xj9gF++5w29thbgTbMQvDPIPhkHWJDxn/
VH5Y74YfyXrfkgm5HnzZkwIpK0qPrCetGp4tHvTU7WK7cRnEnCl28Ww2TOUeE/m6Prs6m4lzJzOw
sJUWXqlkVbqgj76ze3338bAjePmCkwrmpdvZNcGaM5eXnOvHLQVhTelCDvu7vEju82xrWz01pmHY
IHnK6UVZKVVdmXz+B6u2m1uRt0lcDXKtXLEgrZhdX+o0JuNJcvyt2LY1mTf/lF2Q2pK5fOzqUWeN
kNzek9utHVgTzMIwy6vps6dJA6hZ/ntkJ5NK/QdD9gFgaGN28XbzIRLly8FY2wm9IHWTqm4Rpqmq
PmmwlJrwY6eUZKhaCr8gduXdJBC0Do96c/rOdyq6Auzy3RbquZJNuxFZP3s+p2wefmyl4pbJMGTZ
+PqSh7j6Vl54s6x4zEkrsItdWTHYQoNAVPjotrUXeK858zCcxE9QULmO+4nUqV4EUMmr78rYkjGZ
XwLQ3J58I1ueX1a8wLH+iGfB38rbOfUqqEZes4nlJrlJ2IRP8mJrCyRq82HYvuWbXjChzZCWsCZc
eFdPfifJryQbdURwX3K7hLiWYVO9StpDxdowKERdpx7EeKeHn7e2QH34OQyXLT/bUwGfnticu6dI
0a4nXk61ZGpBWnmg+G9I5yPBcSJjCHHfYwkYJqLcPgc0UcO670Xol2OeprPloVWtztT5qKuGuFue
Ed/3bj1p8MBF3/OrMYfcdXvFJx3Q5vr573rGs0/JVKsOKsRO4anjg5LRuJIRx+FZZ4PrsxfrP50M
xfUakmcYzkFsUBXMdRlawuqbW1YeElkZYCgp4aoVOABRJ+IfhMg3lePoCnpAlaMhdG5geGz7vfF3
bL+/5BWMwabn9wYpJ8UpGY06scyS3rV3HYN9dSv+iQG2LSmqhl1zfI8KECmAaEIcFdNTbWAL86Cc
pfXkbLCn8xMVQULHELOfkkzdP6pSV0+sbm3pBRMqlbsPm9BuUpO0aXyTbYiHeXcToqSsWAaGtKOY
/UquExQEeGuq2LT7hPKesB6XExiu47cD7TYhlb46dPgbjMF78ntdizml4dhcrAuSXQtDcilKKaqf
7XywJia6/zK8+PD24Ozo4su9jS3jf42wNk3i8eO8MJKyrHlpFFzc+2hEs/Yz/CkBIEk2Mt4m1bt2
EnQYPT1Ba9Oo5SZ5dbOMQp0fH1nRt3oXbNqnf6n37vVnE3G9tLylUFwD3xeX+4pzivLuW3FFHymg
vyG9aZvmdxXP2rvV/9yRtR3lTviItvd3LyiUpFzcJ6/R8slXlleZuJ1PobYXGi4JdZGqz6y5SXPx
HCdpc0vngjKaaDfUj0mpYUlAY29Ugrh3XuqLJ/VlEjX/zID6lbK9Dl+lTaku9cXiumbtl7KTS53E
knqiUi6Hp+rjZFb+N5XX6rfvDHlvKO4xfmP0xB39jmmbHrz91wl7bXiUwn+By13PiV3mYe7Q2Iyx
68W2z5HrUXHJOqj7v8Stj8ptj4sGZ0SOP26d0n0ybRagHLlYf99cgr74NjzeTfQxyYU42DQthLDY
Zz48/KB1Fcu/SlG6RCAl+nCC3mVlqX2xuQ/l85nWRx0E8CjundfFAuJtkXS0Q7mhXiSySPz7CwB4
rCvncm58peM6u1Zv/xddlIyafxWgdeWim1jZLlCKDpD7N1g0v4Fe6HExm1a5JDRXs43YgzFPNDWR
fWOppMXdqKO6UcY5nC8wu4wPQwpOVunNv/76PyS3I/A=
===END CRASH DUMP===
