PocketMine-MP Crash Dump Sun Nov 22 18:07:36 +07 2020

Error: Undefined index: BorealPrince88
File: plugins/PickaxeLevelV6/src/ShinPickaxeLevel/Main
Line: 92
Type: ErrorException

THIS CRASH WAS CAUSED BY A PLUGIN
BAD PLUGIN: ShinPickaxeLevel v6.0.0

Code:

Backtrace:
#0 plugins/PickaxeLevelV6/src/ShinPickaxeLevel/Main(92): pocketmine\utils\Utils::errorExceptionHandler(integer 8, string[31] Undefined index: BorealPrince88, string[101] C:\Users\Administrator\Desktop\SkyBlock 1.16-LOL\plugins\PickaxeLevelV6\src\Shin, integer 92, array[1])
#1 src/pocketmine/plugin/MethodEventExecutor(42): ShinPickaxeLevel\Main->onQuit(object pocketmine\event\player\PlayerQuitEvent)
#2 src/pocketmine/plugin/RegisteredListener(80): pocketmine\plugin\MethodEventExecutor->execute(object ShinPickaxeLevel\Main, object pocketmine\event\player\PlayerQuitEvent)
#3 src/pocketmine/event/Event(88): pocketmine\plugin\RegisteredListener->callEvent(object pocketmine\event\player\PlayerQuitEvent)
#4 src/pocketmine/Player(3643): pocketmine\event\Event->call()
#5 src/pocketmine/network/mcpe/RakLibInterface(176): pocketmine\Player->close(object pocketmine\lang\TranslationContainer, string[21] Internal server error)
#6 vendor/pocketmine/raklib/src/server/ServerHandler(95): pocketmine\network\mcpe\RakLibInterface->handleEncapsulated(string[21] 171.253.131.166 40053, object raklib\protocol\EncapsulatedPacket, integer 0)
#7 src/pocketmine/network/mcpe/RakLibInterface(109): raklib\server\ServerHandler->handlePacket()
#8 src/pocketmine/network/mcpe/RakLibInterface(99): pocketmine\network\mcpe\RakLibInterface->process()
#9 vendor/pocketmine/snooze/src/SleeperHandler(123): pocketmine\network\mcpe\RakLibInterface->pocketmine\network\mcpe\{closure}()
#10 vendor/pocketmine/snooze/src/SleeperHandler(85): pocketmine\snooze\SleeperHandler->processNotifications()
#11 src/pocketmine/Server(2157): pocketmine\snooze\SleeperHandler->sleepUntil(double 1606043256.1435)
#12 src/pocketmine/Server(1994): pocketmine\Server->tickProcessor()
#13 src/pocketmine/Server(1588): pocketmine\Server->start()
#14 src/pocketmine/PocketMine(273): pocketmine\Server->__construct(object BaseClassLoader, object pocketmine\utils\MainLogger, string[49] C:\Users\Administrator\Desktop\SkyBlock 1.16-LOL\, string[57] C:\Users\Administrator\Desktop\SkyBlock 1.16-LOL\plugins\)
#15 src/pocketmine/PocketMine(304): pocketmine\server()

PocketMine-MP version: 3.15.2 [Protocol 408]
Git commit: 0000000000000000000000000000000000000000
uname -a: Windows NT WIN-4P2C3VGUPNN 6.3 build 9600 (Windows Server 2012 R2 Standard Edition) AMD64
PHP Version: 7.3.23
Zend version: 3.3.23
OS : WINNT, win
Composer libraries: 
- adhocore/json-comment 0.1.0@8448076039389f558f39ad0553aab87db3f81614
- ocramius/package-versions 1.5.1@1d32342b8c1eb27353c8887c366147b4c2da673c
- pocketmine/binaryutils 0.1.12@566fa87829e007eda0bd96e39fe20b9b0d638132
- pocketmine/callback-validator 1.0.2@8321aa3ccfe63639b0d08f0cbf270755cfc99fe2
- pocketmine/classloader 0.1.1@7c0363491d1ce8f914fe96d41a4338c982adedff
- pocketmine/log 0.2.0@e59bedb5d4bbeb9a26647cb7c367cb2fa72addfa
- pocketmine/log-pthreads 0.1.1@9bbcef398b01487ab47c234a6a7054722abbe067
- pocketmine/math 0.2.5@8c46cfa95351fb0b2b30739a381310941934b55f
- pocketmine/nbt 0.2.15@f8a81d37d24eb79fb77d985a52549d68955bc6a1
- pocketmine/raklib 0.12.9@5f2a02009f486ca4d90892814570fa13ebdc078d
- pocketmine/snooze 0.1.3@849510fa62e57512b8467e3694e9b3add97038fd
- pocketmine/spl 0.4.1@ff0579a0be41bbe65d3637607715c0f87728a838
- doctrine/instantiator 1.3.1@f350df0268e904597e3bd9c4685c53e0e333feea
- myclabs/deep-copy 1.10.1@969b211f9a51aa1f6c01d1d2aef56d3bd91598e5
- nikic/php-parser v4.10.2@658f1be311a230e0907f5dfe0213742aff0596de
- phar-io/manifest 2.0.1@85265efd3af7ba3ca4b2a2c34dbfc5788dd29133
- phar-io/version 3.0.2@c6bb6825def89e0a32220f88337f8ceaf1975fa0
- phpdocumentor/reflection-common 2.2.0@1d01c49d4ed62f25aa84a747ad35d5a16924662b
- phpdocumentor/reflection-docblock 5.2.2@069a785b2141f5bcf49f3e353548dc1cce6df556
- phpdocumentor/type-resolver 1.4.0@6a467b8989322d92aa1c8bf2bebcc6e5c2ba55c0
- phpspec/prophecy 1.12.1@8ce87516be71aae9b956f81906aaf0338e0d8a2d
- phpstan/phpstan 0.12.48@d364cfbac9ffd869570cdfea7eaa6541c3dac666
- phpstan/phpstan-phpunit 0.12.16@1dd916d181b0539dea5cd37e91546afb8b107e17
- phpstan/phpstan-strict-rules 0.12.5@334898a32217e4605e0f9cfa3d3fc3101bda26be
- phpunit/php-code-coverage 9.2.0@53a4b737e83be724efd2bc4e7b929b9a30c48972
- phpunit/php-file-iterator 3.0.5@aa4be8575f26070b100fccb67faabb28f21f66f8
- phpunit/php-invoker 3.1.1@5a10147d0aaf65b58940a0b72f71c9ac0423cc67
- phpunit/php-text-template 2.0.3@18c887016e60e52477e54534956d7b47bc52cd84
- phpunit/php-timer 5.0.2@c9ff14f493699e2f6adee9fd06a0245b276643b7
- phpunit/phpunit 9.4.0@ef533467a7974c4b6c354f3eff42a115910bd4e5
- sebastian/cli-parser 1.0.1@442e7c7e687e42adc03470c7b668bc4b2402c0b2
- sebastian/code-unit 1.0.7@59236be62b1bb9919e6d7f60b0b832dc05cef9ab
- sebastian/code-unit-reverse-lookup 2.0.3@ac91f01ccec49fb77bdc6fd1e548bc70f7faa3e5
- sebastian/comparator 4.0.5@7a8ff306445707539c1a6397372a982a1ec55120
- sebastian/complexity 2.0.1@ba8cc2da0c0bfbc813d03b56406734030c7f1eff
- sebastian/diff 4.0.3@ffc949a1a2aae270ea064453d7535b82e4c32092
- sebastian/environment 5.1.3@388b6ced16caa751030f6a69e588299fa09200ac
- sebastian/exporter 4.0.3@d89cc98761b8cb5a1a235a6b703ae50d34080e65
- sebastian/global-state 5.0.1@ea779cb749a478b22a2564ac41cd7bda79c78dc7
- sebastian/lines-of-code 1.0.1@6514b8f21906b8b46f520d1fbd17a4523fa59a54
- sebastian/object-enumerator 4.0.3@f6f5957013d84725427d361507e13513702888a4
- sebastian/object-reflector 2.0.3@d9d0ab3b12acb1768bc1e0a89b23c90d2043cbe5
- sebastian/recursion-context 4.0.3@ed8c9cd355089134bc9cba421b5cfdd58f0eaef7
- sebastian/resource-operations 3.0.3@0f4443cb3a1d92ce809899753bc0d5d5a8dd19a8
- sebastian/type 2.3.0@fa592377f3923946cb90bf1f6a71ba2e5f229909
- sebastian/version 3.0.2@c6c1022351a901512170118436c764e473f6de8c
- symfony/polyfill-ctype v1.18.1@1c302646f6efc070cd46856e600e5e0684d6b454
- theseer/tokenizer 1.2.0@75a63c33a8577608444246075ea0af0d052e452a
- webmozart/assert 1.9.1@bafc69caeb4d49c39fd0779086c03a3738cbb389
- pocketmine/pocketmine-mp 3.15.2@d7a66ad7559f23d24ffe95813421a720203109b1

Loaded plugins:
NoFallDamage 1.0 by DeveloperNeb101 for API(s) 3.0.0
KillRegen 1.1.0 by NashanPlaysYT for API(s) 3.4.0, 3.3.0, 3.2.0, 3.1.0, 3.6.0
StairSeat 1.5.5 by korado531m7 for API(s) 3.14.0
OnlineTime 1.3 by Zedstar16 for API(s) 3.0.0
NoAdvertisingPE 1.0.1 by Vaivez66 for API(s) 3.0.0
MSpawns 2.2 by EvolSoft for API(s) 3.0.0
KeepInventory 1.0 by KhoaGamingPro for API(s) 3.0.0
RedstoneCircuit 2.0.0 by tedo0627 for API(s) 3.6.0
AutoInv 0.0.10 by JackNoordhuis for API(s) 3.0.0
AutoSell 1 by phuongaz for API(s) 3.8.2
RenameItems 1.1 by Wertzui123 for API(s) 3.0.0
BlockProtect 1.0.0 by DarkByx for API(s) 3.3.1, 3.3.4, 4.0.0
Worlds 3.0.6 by survanetwork for API(s) 3.0.0
BuyFly 0.1 by WoolChannel3295 for API(s) 3.0.0
MaxEnchants 1.2.1 by Xenophilicy for API(s) 3.0.0
VanillaEntityAI 1.0.0-alpha5 by jasonwynn10 for API(s) 3.0.0
BuilderTools 1.2.0-beta2 by CzechPMDevs, VixikCZ for API(s) 3.0.0
InvCrashFix 0.0.1 by  for API(s) 3.14.0
KhungLong 1.0.0 by xXNiceYT for API(s) 3.0.0
WorldProtect 2.3.8 by aliuly for API(s) 3.0.0
AutoXP 1.0.1 by JackMD for API(s) 3.0.0
SimpleWarp 4.0.1 by Falkirks for API(s) 3.0.0
MineReset 3.2.0 by Falk for API(s) 3.0.0
DevTools 1.13.0 by PocketMine Team for API(s) 3.0.0
NameTag 1 by MTwins for API(s) 3.0.0, 4.0.0
Slapper 1.6.1 by jojoe77777 for API(s) 3.13.0
FormAPI 1.1 by jojoe77777 for API(s) 3.0.0
ShinPickaxeLevel 6.0.0 by shin for API(s) 3.0.0
SizePlayer 1.0.3 by  for API(s) 3.0.0
CachMuaLand 1.2 by Noob for API(s) 3.1.1
NameCorrector 1.0.0#build011 by PEMapModder for API(s) 3.0.0
OrionTasks 1.0.0 by Clik for API(s) 3.0.0
InvSee 1.0.0 by BlockHorizons for API(s) 3.0.0
OreGenerator 2.0.0 by vividmemory for API(s) 3.0.0
Warps 2.0 KSCore by KaysilGMVN for API(s) 3.0.0
GiftCode 1 by ZulfahmiFjr for API(s) 3.0.0, 4.0.0
ChongBug 1.0.0 by shin1134 for API(s) 3.0.0
MuaCoinUI 3.5 by BlackPMFury for API(s) 3.0.0, 3.2.0
AutoFix 1 by Noob for API(s) 2.0.0, 3.0.0
MapImageEngine 1.1.3 by FaigerSYS for API(s) 3.0.0
GCPClan 1.1 by InstantlyTa for API(s) 3.0.0, 4.0.0
ChoDenUI 3.5 by BlackPMFury for API(s) 3.0.0, 3.2.0
DeTuMF 3.0.0 by CLADevs And Shin1134 for API(s) 3.0.0
ItemDropText 1.0.0 by AlexItz16 for API(s) 1.0.0, 3.0.0, 4.0.0
PointAPI 2.0.9 by onebone for API(s) 3.0.0
TheoDoi 1.2.0 by HotshotHD & CodeRed2019 for API(s) 3.0.0
SlapperRotation 1.2.1 by jojoe77777 for API(s) 3.0.0
DEVirion 1.2.5-ALPHA12 by poggit, SOFe for API(s) 3.0.1
SETVIP 2.3 by MCPEVN TEAM for API(s) 3.0.0
AntiSpam 1.3 by xBeastMode for API(s) 3.0.0
NoTP 1.0.7 by awzaw for API(s) 3.0.0
Alias 1.2.0 by Ghast Noob for API(s) 3.0.0
MuaDanhHieu 3.5 by BlackPMFury for API(s) 3.0.0, 3.2.0
ScoreHud 2.0.0 by JackMD for API(s) 3.0.0
iProtector 3.1.1 by LDX for API(s) 3.0.0
Eff 2 by AmGM for API(s) 2.0.0, 3.0.0
Marry 1.0.0 by GreenJajot for API(s) 3.0.0
Minerloot 1.0.0 by Distoxicqted for API(s) 3.1.4
PiggyCustomEnchants 1.4.6 by DaPigGuy for API(s) 3.2.0
QuyenVipUI 1.2 by NightBlackDM for API(s) 3.1.1
ShellyEssentials 1.0.2 by Shelly7w7 and BlazeTheDev for API(s) 3.0.0
PHP-Sell 1.2.7 by Muqsit for API(s) 3.0.0-ALPHA9, 3.0.0-ALPHA10, 3.0.0-ALPHA11, 3.0.0-ALPHA12, 3.0.0
BuyceUIEF 0.4 by UnknownOre for API(s) 3.0.0
sblevel 0.1 by AmGM-Encode for API(s) 3.0.0, 2.0.0
1vs1 1.0.1 by VixikHD for API(s) 3.0.0, 4.0.0
MuaDoUI 2 by FurryJaki1992 for API(s) 3.0.0
AutoClearLagg 3.1.0 by Twisted for API(s) 3.0.0
AntiTNT 0.1 by Adam1609 for API(s) 3.0.0
Weapons 1.12.0c by xBeastMode for API(s) 3.0.0
PlayerVaults 3.2.0 by  for API(s) 3.0.0
EnchantUI 0.4 by UnknownOre for API(s) 3.0.0
KingOfTheHill 3.0.0-ALPHA1 by Tethered, iZeaoGamer for API(s) 3.0.0
LoadWorlds 1.1 by shin for API(s) 3.0.0
MysteryCrate 9.1.1 by JackMD, DaPigGuy for API(s) 3.9.0
Eternity 1 by minefore and shin1134 for API(s) 3.9.0
PECollide 1 by saxavlax001 for API(s) 3.0.0
TableSpoon 0.0.7-ALPHA by CortexPE, Xenophilicy, HyperFlareMC for API(s) 3.13.0
SkyBlockUI 2.0 KSCore by KaysilGMVN for API(s) 3.0.0
DanhHieu 3.0.0 by padreon for API(s) 3.0.0
KitUI 1.3.5 by Infernus101 for API(s) 3.4.0
Kickk 1.1 by MCPEVN-TEAM for API(s) 3.0.0
EconomyAPI 5.7.2 by onebone for API(s) 3.0.0
CustomAlerts 2.1 by EvolSoft for API(s) 3.0.0
Banking_vonfram 1 by Noob for API(s) 3.0.0
essentialsTP 1.2.2 by  for API(s) 3.0.0
MenuUI 2.0 KSCore by KaysilGMVN for API(s) 3.0.0
PurePerms 1.4.2 by 64FF00 & ProjectInfinity for API(s) 3.0.0
BuyFix 1.0.0 by HumYaiJang for API(s) 3.0.6
PureChat 1.4.11 by 64FF00 for API(s) 3.0.0
SkyBlock 1 by KhoaGamingPro for API(s) 3.0.0
ShopUI 0.0.1 by InstantlyTa for API(s) 3.0.0
BlackSmithFGC 1.0.0 by  for API(s) 3.0.0
AuctionHouse 1.2.3 by Shock95x for API(s) 3.0.0
RankShopSystem 1.0.0 by zZPROGAMERZz423 | §eFor issues report by §2Visiting GitHub.com/zZPROGAMERZz423 for API(s) 3.0.0

----------------------REPORT THE DATA BELOW THIS LINE-----------------------

===BEGIN CRASH DUMP===
eNrtPWtv27iyf8XIHlz0AHUsUu9+WCR1kqa7SeqTpN1ujw4KiqJsNbLoo0cSZ+/+9zukZJmU09hO
vFhcoMVubY2l4QznPaTYP/Zink9J+fWW5UXCs7035uu9MpmyvTfIMRzDMrHtvN5LSVEe5znP9978
sVfOZ/Dznrw+vqdsVooHX+9NWVGQsfjpYxaxOMlY1Evg2/2b3lueM5KO8iSjzPPg3rhK05MkFTcP
3wTBxwKGD4LDaJpkSVHmpOR5EByx4qbksyC4upm/TTm96aF95PTPPpwFwSytxkkGz4wSekPu2Rm7
ZeknJwiKnMIDkyRTfwiCc5Jk+7PJTIxdj9tgGOgIBvD8oPv4QDwNT6bA094bH8MU5YTC13/v/WT0
tkX0ysf/fNObAT+sBH5ZEFRlkgIrH8XHmzdMm9hTkkUpy18lWcnGLO95r3swQUk2/reJ/tNbM9Pt
vciAm/+qmX7dWxAHU9MjeU7m/0b/+SdM2E+oJ6ZhyeugxjY4Z+WER8e3LCuP7xmtgIpXlpiWxyXX
/5ln/6qS8hUPvzFaapPHBBJBJpkzYGUkP8XNErukAn+Hiks2hjlgOYvOxGcG0+wZHdnUtwIZqxT3
f2byG1uQ9Tjxr3vPo9rsUi2fGcgbXnned+hc5an/MyVpWj/2PEqsLiX1Ta9MxzI7ZDTY5LP1wK8k
CruLImPlHc9vBlM6Y4NLcnOWhO9Bi/IYDOsVcp0O3npEwJjygj3GRkqycRBc5yQrUiIMZ8izEmaf
5a0RYLABOUZG0h7YAfi8njQ2SaHTA5ojnqtE5uQmTUJpyvX9gyv5sTBK3+6Q2XAVBIItEIbOV//n
iXzwOKNkVlRAJ4teKcQhF+1j29xHpjA/p2cZhm226lMTA5LKeckpB+1S8YyIoGJpioZkyt1u2g0f
+FmMU3MMJq6yvGChHq6WrbfVIL6/5ZwBvxRCSz2W/4iUiozzB1Y73JSx2VI+CJvbDvb9e/8Qulfl
7M+aEmRsRYrXVZX6Vphe7b6W3QteJnFCpSo3vKMVb1qL5hVGtrsh9kJcf8wg0ryKeBWmrLeM8/vI
Mu16JPydkZDvW52R6l/6P5fg+EY17eDMazTm99DYK/5rgaYoSd7oFVr1O/LrOXx9hV3zOxi+fqUw
ZWVe0dbfvSUFG0ISU5xxEgmP8IgDaYKw8NhnfDxW/IblPzd2tihs98Xht54S+4kpMY2ubGoThtn8
z5+v99hOE7gXJ1FAUf301yS75ektm0LIAJRRkoNo9ha/AqSLCX6jPBLp139+ZGI/MrEfmdiPTOxH
JvYjE/uRif3IxP4fZGKv98YiFpBUpGIZEa22veWj/fMRYA9hlpYtuT3wQ/Y+FvAqSaO9N8hD9uu9
pPgasdu9NzFJCwbpUuOM9t5YhgeDJCKZMjb8A7irhpbfIH/hd0Xv4rr32/uLvjXCQ/PTu4+ji4ue
s2/2JAk93zGM3qvFrbW8e9gAbb3EvasSdJzkUe84SoTR/LN3eH7kWCKlm8xgBHff3McmXD6A1Ur2
mmv4+SsvBA3vLy6uASAv7mTaSPl0BgEn/woeMSd5wgoxfySaAM85G3wreNaHe5ok0thH+8aBZ1me
4TqG6ZueH9u2F5s+iQzbNgkJPTcKzdhDDhKUcZqTaVIVgxm4U0iC+83sCwLQvr2PDlBkYtPCoUcR
C0HnbZN6nudS0wEMbmhRHBHHNangY6kUYZKRfC41uiEL4QPbcWLiuR72mWG4LCJGGPkOM/2YYSP0
QyNyTA+ZWEclQngI1PVvSZpEQl8lbcY+PvBMjAgxKY2ZYzqmwGB4sUHDGLuGa9s0pr5A3kEo7DCV
drig7cClBiCwfBQhSFtjH1kx853IQsQyTY/6HobbozjWMaV8LDFgmHRm+yGLQjuywpCFPsGOY7k0
FBMFHzgmLqCIYrKCoT8rJ5AyR+1EHfhhSBnIzAsNZHkuCQERyIA4xDVsy8WYwBCG4+qopqScNNTY
Bx61HBoT3zZtFIdGiEPTcEELxPxCkLWQb1qhbXf4ycKywYDsg9gjHgjfjbDFQtePQ9eNfM8mNrYt
P3I837ZD6hCko6hjd80K3vcP7BgTAxuGH1ueQ4kV+YbnYw9ZtmvEBJksjKjhepGOpQ4ezYSYoNC+
jeB2BzPbtREoo+W4zHR8i/mhCdPqu4bpxV0ks1RisGBK49iwXR8UjlkIJs+xIxA3mIjrIpsasee6
GNg1RYkXcSpcJhuA0wOLLpNW5UyByLSNKDaw4zHfsGwfyAAlhtn2bGqbzGCmacaMCTFP56BpYTGI
IOCBjc7mEgkyhIQdP8QIxT6xQYFR7FADNC/ChMW2EwmMyPY9ZgOWLLlJwN9OZv0ZyQupsreWwIIP
HLBsFDITIYJNgxm+4cZ2FDMDI9O1MBFMgxIz6WJI3k84KEmWxKwQYgalBUo8Gzs2iyOTxG4IpkSs
EBNMTSsKY2q7nhdF2EemqeBQHbQggzph6HjYhkLQA8smJsYYptQzTTf2KCMx8l07Jkbt6WB6K+Gt
IG3JWZxCEEwaFyZRYmlMKDIQBS2zWOTgGNuEeBZxLZdEph3ZBDk+thwHh0+hBGgoQhkghSgCdBqO
T1zPhom3UAy6G1t+bDJwaLblRRRRypwIvKWzglQ0Dvo5K0S1XmuCBTQ6BJQw9HzPB4YjH4McqQee
B6yfUofZFIcEXFDDdjFjIMWczyaMNoqAxfSDtwGNdkLmgiKANvu2A87ZNxxCYgNcDzMij+CoQQL6
OGg+FyZmeQegyxaNwUf6cRx5jg+mRUENiMsIcWwLUTMi1HGcVSR9+KyypFwgQw5MPSifE0GsDSH3
9yNGbApegIFGWg6JQy9E4LuR+wgykWrQsp9XKSsWGO0D07RgkoRWIJdZjmEzI/bBN5mRGVNwRiiM
wFmGtZZKaqS2i1YH/AUzXvdmfKkYEMKs0AVyPBOmDDxTHOGQWswNfQyTR0yDwmgu7iATbZt+Ajl2
Y8tCce0DAriYBx4lxuAJDGDMiCkNHTeGOBliL8ZgmSCODjLRt7lhNRrhrkEfwU+7kQEic+zQ9nzL
AE/j4thF1CfUsDCEKMftoCnZfQl/TWeiemrs0TxAHoRX10AOcwxmY8t1mW3ZEJnAL0C0dUNqYxp5
VhdZMpUU2bVFgiJABLN8cJE+w7EDwYv5cQRaZWALLMCF4GSGHYoaRfCldoMjAsE5LnF916JW6FAw
EzCXOAbHgsA7IQjelvRQBYO8DdxkBpE1WXopJP2LZWHmUpc5HggfIiDEWQvU0w0dxwPBhdgyMIX4
pOMRsm/IEWjcA9vHJugImDy4b99HPtiqGzsGhDZIAgCrDRHTJ+HjaMB4hdNi/ZTzm2rWTjZYDIoN
YfngbESAg2DkxBGCKQfiIEAJTTC7TEJGRhaKZElFcokXx6bhWCKquWA1FBFIR0BPMRGpA2LUhrBl
rOBJ2X1SzltnHBKPinzKgBmJQwqxOjLM0HYsCPamZYByuzFiMgtZ4okSANSUmBDnqG/5BAICeBNI
ghiRVJkRUGWHHmYWNbHh69PNstsk51mTQ9oy5JqeBzJnEYKgTcBDweCgRo7PoHDCkFQRQGIYhOqI
7mc8L1nekhN5PoXkyXUQ5I+hLegybeKEEK4Jg0AKTHkGRGMNyzjlIUnBm9R2YcupAW/m+pBOAXOW
64WQA0G9aBEK3g3sIgI1pZBFUFfDJHquRZ/H/bpv2qikYyMrFMYNXhbcmeXENjYiSJMi5BLLxmZM
bAjMloaqrtf6LIOgoAofphyeFy4XhOVBcmZb2AWHjGzhJSH7Ml0DQ8JMHkXXhCuJrVbJyAc/Epoh
woSGyBVGgiCmepAvmNQ3IgyVMg07KpkzWsmYDIxmwq+0xLEIklfw37YNaReCnA+uQmJhFEJyHEWQ
QICKsNjtoCt4lVPW5zPBa1MOmBKhEVuWoMAkCGIeRC8DAiDEdzOkRiRiMyQMyCeehrDpvGPIoIwD
MbvYdF1IcLHpQ5oa+qDt4GmJi0ICGV6MQcEMX8OwmnNQZGBQJkR8A4FtIRAA8izToa5jMcs1Y0h8
PKme82nMszmUrOkc4kDapw05t+C8PVHhUBPyOVADh8WQi0LsFNmccMDggSHP9qzICS2pD+WEFYxB
RgABIEseGj8nApMLam1S0yQQTyCvhBLMghQFnAFYIERyqL7A9mws8sI7Fk75A8nLAdQhLK+dnC/N
P6aOTwkLrcjyqSk8Nmi9AYkz2IvpQiEShlDS6Wnu8mt/Omur5oPIJQ74faiC/BibkMTHUNHY4FJA
+FCLQE4uCoEQ7f3ZrkjI0vKCn0DBdUSmMuy2pboGfr23lAfYFFyTqpzwvBALEkei8Sw054JBREWi
8iezRPwiRGeIa5aRMGVQA5d5BSV8xGZQERf1wkbB4/JIBUyJXA3poA0ClaK6ayJWWaCsE42FD1fX
v324PDuqp7tIpCfZA05/BQ24ZGOWKbwtYTpjK6xdkGJCMtEJLn6/1hiz5K2ioq8/cfOJmk/n+Ywr
gwbBr5fi/00YvSpJkl8xUiqMLmE6o/a+rTN6w3MScdtEU1djE1nP50PBGQQtJcrXTbj6kAmffi13
arVsKUCdL1Pn6guLRHMPObvSyRZhECxp2EwXJ2U5K94MBuOknFThPiQDgxbbQGEIeL7ghxFwVSZF
ko1Hx5pR6r907HIf6fx/Iskte3B2xv4Cn7BFjZAOYBPBnl/NyF3tgRrmFhCVKSzbgQpLx7c8vQLy
dsVSMyjIsB29If3q+vDy+uPoUSHe3d3tM6BEYN0vb6SfgaL/fXYrC8i56ms0+JOO9NcJJ+/IVMxo
znfFoIYUfIlKzuZe9FKoKs/YMMlplagupvuLLj2jy2PJIm44WPcyL3CWeTN8l5XHpCcYOaxKDvwr
DCwgKuGGsKUO5b8QenPBeR5NqqTYlXS+AdJsgTQIYDgO1WYQLIlaKxpx6xVL0w5LEqSpm87ObFLx
bEweNE48MLdncrLAV9MuRt9GuwTh76E2LjTNWkI7cVpn5TfwOw9VgrC5K7EsMYrl7ZaMZ3v6Jb6B
yhWwLhdfwDJLsRdkybsG7nr5bv5F8pu383uNd1POkfgUWaz1krlQSQmCDmFrRfsbz9NIlWoDUHkS
onJ0nooqvyXNauiuhCpxBsGdJCAIWkI2EmaTMO9LJPuL5eafamRSkNX8JFUdfwPQ3UpXczlPh5Ds
ZSw1sW/vitN66I/vN7fAc3J/nFGgpNQisgLVlRB3OfnMMj6bJGlC57viQkEpGGlJ0S42Ye4TySDh
J8dZmZTzw/cKg91fViytT9LZhHSS5W+k4NndPMuQ8TJe90ZVzuTgCSs+76lhoR0hCDpEik0YLblr
ot1bsYjJ8mtQs0JTTQXcFazRD1lJOmnX8IHRyegcajLxwKfkPrkZftmVoKlAPptGgDwIwpq2UtAG
7kandFu/q5A90FDB3EB4HeZQap0k98rUqNCVjECbk12VSdPqv8BAEEDcp2LkOLkPgnrXwEb17aTK
xmcQetWcs4WtCR33ny8Syjql7Utq9iTjmzsd6YFXY58G1tNJyFB0BkiaVOnOPE6NrQkRs0XIW59Y
PqJ551WSxwlLI7Vds9i3WeZMLN+KTXMDjdsmnfs86iRzn0frSj2RnZ4f7Woiamx1Kvd59Oy0p0Yz
aDgQPYpEtMB/I/lMbVIsgSqT1iqTJyS9SfKbF2bfgKYo5ba9WJrYVcrvlMvjomBiETgtoMBeTknc
jB0EhaT3DugNAo329VEWlOCSFUzV9iVMT4lw11YF87uS75IZoZe5GB6ErFCylhVwqd2o0oI6ybrZ
5WS5C6h3zch0hw3D6zpqKJRsZ7VLygYtDtGQAQaviephF5AnCqzz6zvRYe0y98JsHKKD2CG5eXy4
SslsxnLV3hqILiana2zf+DfOXPFH7wiaL8jA65Gf7U+WJA0WTACHJzyfHo7UtG4BebJq/A5/Lynm
W4xB0JDQftlIVN39/4rMVl8NWLLmrAb2Au7fFVuP7zHfiKHkgdXbqDV33wK7Mc38boL1EvLFeGf1
VvPl903IHxI6Oa/IGRG791r6VWgnd+4sHnAe6qazj57LRAqjBUEGGMFlVyStB1/LgXBTQ57nzZKj
5r6W8JUk8SeZhBuoYzGj43MyO+eR8Dw7Eo6CMgg0qjqXG60V5MDDNSlu1KikANckw8M02VmAFbiC
QI79jG4rPHLFmF6VCMAaBmRv5pTnyQPPdtah1JAGQU3JNgHoQ87eyY3Augpq4DVN49vkNommbCo6
6DtiSx0+CJqvbKOqBZI9raElrzsc9H69AtVlnf4+mRdJ+u7808XO+pRi7M316l0Sl0O5M6KlvgU9
kcl8qdKYTKbJybd81+nMYvjNeRhOoK59W6nJWAtaYx8iKCJkWrsMjAJfECgUrC8CKjLkSfZRTViW
ML0IsLsGDgXV6PykesQOFovQz10Hq8gXysXrXEc8uU5YtrlERHmnN1EWkCd0qhMcccvDC+RRh8fl
4Bt0PWfvxW6C42wsX9ZUGp/aD91dAma3MkvGLL/6/WpXitUiFEJQKeleb2T0w9EwJer2hwXkyfT4
fb0ZOp1fk10bfbJAXZIgiCmhQAwkysPDhqq1ZQFUBfDYjO3fZo1LOGK6QbWgv8ueFgRI33C0jTkd
sevq/ESrqyWgu2LSzV7ODkWbs3eYRb2rHTu6BrdsEQABWyQyJZse5Xx2LbeoLdMZFbzGaR+m7P59
+aDt4UCat3ihNgpiBCGbczUCP1nqFWcL6mYyvs4Nz1gI/+9KMBEXb/PIt2Apz/h0DkiD4Lj+vmHV
eT1hHHy+wswCsrIyoPNyystiwsvTo97/9EQMv2QRNpC/s1WBaSTeCpH9guE0uqq/b9HyuOSl3Mu4
2vpof1mzqLX7FkGHgC28wvGnJNeZaUFdLuz+4dno9BB16tEZH4/lBo2rDyddDXx2YVojDYJbSUoQ
RGzxTSFvzSrV1fH1p/dqy7sBdHr/nfbacHT86aJ3fXx4vrO9QBKleK2z/JRs1NA9zMrkakamau6z
AD25M+3+LSNFeS4S7x0Rfx8KjFOZS4uXmAqgYSpsZ0HQVDWe74nigl+PtP1m16srD25nCebugdzt
bAVGIBONjnL27C5hTZCQTpoQtVKrr9d4tXcTmMbeSu/mBTzJYWtu5BvBGxYJRySbnCas0suEFvo3
JjZDoKHJbMTXLfqB4hXW00rtprWgNS2Av2Z9azH65iwkzVKd1stQgLpYVrLqs6PPu+IBUAXBcuRn
mwvg6QvPN1C4AEaPxUsmLYfH8h0URUKdJG367nzX1RwMicB7AWa0zT6WXNt9WV+vSTHf5Yxlv5Bv
fGe7SpcYBen5Nr0/sfiUp5x31whr2LqtYElR8vuE/rcEgvXWs/X8Nf0lziAot2j/j5LxeD6s4PHp
I5uLHvtVZ8/q7go7IvDQu0r3aS/wZQt84qShFWI25/Nf1ZxlkDFoFagCfHqVIBlPSumvj853tVoA
yZPYqSdxBsGCiA3Wn1iazpfr39r6U+enriJ2uKrvd+/cHoF6FEh5YFBVQBG5u96bTtAWWnk66nf2
y7agbm7QSXXO5VadLgt1tu0v/F2TfBuda9S5xi/1j4LgU7kstCnnb6s5ZR/fH5/ouxQbmL7bydI5
/5jdZPwu+5DvLF9dYhS7vCQRm3NSwHD6AukC8uR2SxFM+mDfj6Xdr5uo9YJecBAU4WJ1di0L6LZA
Cv3yct3rHGLb3enRrttxtwLtBPSIZ+y2kHvpP2TsU/FhfX/xkXTiHZmSm+GXgWSoyWR5t9ktIU/k
E5C45vNfyE2CfB/vrLyrx92usT1MGcnPyHjcaW8v4d2MrxOSr+/EoWjRrpgoa3T1qwJUEJECEXXX
W6VpW7E1ZB4W87Sang8HOr6m1L2+uO5Uutfy+JqnTC4iU+QYO+sKNYNu+rrHb4zMuPaW0QLSaX6D
8dO/vERvMQZBQ0b7ZaPIJXdNfCJVqidSKvjpTWQ7YmSxZbU+we9Wjrw4MK+lYy07TaKl+YYl7G8M
Ry0R27xlmo0/xJDinCZaZqHDV1r4TS7Q8RisnIjTFF/3ki+McHCou9tvccNLqNd/hb835Uws9K+8
xKEAn1xE2uU2pOWYm5e6wsfR2W22X/KZDEZzsed2PpRr/UpEUsEqQ/5qBd80Il4/Xoz4L+9JqMS8
dOetxpgwOXEUpTyAYmlxC9ATi7ViiSHmOZPJ/KOr6C/ge4E8CKbxFln88ZCnaaLtZVjCnuClIPfk
NiX3xu7eVFdQgk9ktCZi0xB1LQa8mnGtt68Au28huLXT6Kz+iWM47uUbweqbOK/3Tuczlp+kJGfn
w53t49TezFmSqn7foOvfnDyo+X8F+PfsqFkSsMXazGqn9jtt2pWGzYxEOeM785ENOhBEUpYpOzy6
3CaE6aG4vu6sYnQbze+zGNxHVXTPfXjB+zAKSohUyZZhmN7caDyI6ydDVL3o0/8r1pEWo6/PhJYL
topjVldxlwzY+2632bLjReUG3UvWlOtO2mHKci1T1cC6faO/9jV/deQg6NDxvBf+35LsBrK7r7c8
i3NtCbD7y+bboF7E44Xc/iQG39xgWNtA09b9NHC3KYb/ipJCHRE0Tx9/fdOcZZXeY6gBf+OuzG3c
lngNdMRy7e33JazbFO9Yv2OdnBhG7396o5yLM6bAfyYyodsRN1/rAaC+W1CkfH1GaiqfXfwDBi2e
5g1qbRthA1iz5nFaTX8nyS8kG3c4dl7y+rR4CXMb8Q0n2sE7LagrvO6e+npyt5KVohqPvdsmD8Ms
xAkiIhe8TXhVjI77C/jedwQriF1+24FYJRolzXskyXvKMe7wLBQ9kjaveEGAmytzcT4fpXKxTn5u
kLxOuL7c0wCefmX4yU2VT4pcYeGpQgSIqBLxT2TwDZd85CLR1RTEePJuqJ0/ocKftsC/gJFfye9V
JVIojY5tOrdS209B95nWuFXA3bBmdlewQFF8+36Xuqe+XK5JTY4kerqSvomgT7R0NWrXn6ICkV9I
/koU/Wo+0vlhjT99+DK6/PDu8Pz48suDhc3e//aCyjCIy0543kuKomJFL2fi3MdeOG9+w58SIASM
tfcuKU8bj9BBtL2PazzR8g06Newo0MXeyycUSp+CTRXpT/Xcvf35VBwvLU8pFMfA74vDfcWJV/Ls
W3FEH4Fkj5VsYRTsvmRZc7b6H3sy8VDOhA9pc353C6EkZeI8eQ3Gp18jXmbilWEF2hxouARUeape
R/VJmu11nKT1KZ0tZDzVTqifgFaq1wmo7a0KEOfOS31xpb5Mw/qfGVBvKZrj8FXYjOpcX7bHNWtP
ykkudFCUVFMVcjU6Uy+n8+K/qTxWv/nWk+eG4n7Ebnt9cUa/bViGC1//8T5603Mphf98hzmuHTuR
i5lNYyPGjhtbHkOOS8Uh66Du/xCnPiqnPbYDzomUP26WeB6SWV1O2rI5/VAfgt7eDZf3U10mXLCD
DcNECIvV4tHRB22qIv5VstIFAijRxQl6lxWFdmP9Ivrnc22OOhTApTh3XmcLgHd50tEO5YR6sYiA
xL+/AARPdOVc2sZXOqmyG/X0fzFFybj+VwGahTExTVHReFsxAXLFNgoXJ9ALPc7ns5JLQH2C0Tha
kXmiqYmcG1MFtWejjqtaGRfkfAHr6n0YUUInymz++ef/AU+D2s0=
===END CRASH DUMP===
