PocketMine-MP Crash Dump Sun Nov 22 09:09:23 +07 2020

Error: Class 'OreGenerator\NetherQuartzOre' not found
File: plugins/OreGenerator/src/OreGenerator/Generate
Line: 86
Type: Error

THIS CRASH WAS CAUSED BY A PLUGIN
BAD PLUGIN: OreGenerator v2.0.0

Code:

Backtrace:
#0 src/pocketmine/plugin/MethodEventExecutor(42): OreGenerator\Generate->onBlockSet(object pocketmine\event\block\BlockUpdateEvent)
#1 src/pocketmine/plugin/RegisteredListener(80): pocketmine\plugin\MethodEventExecutor->execute(object OreGenerator\Generate, object pocketmine\event\block\BlockUpdateEvent)
#2 src/pocketmine/event/Event(88): pocketmine\plugin\RegisteredListener->callEvent(object pocketmine\event\block\BlockUpdateEvent)
#3 src/pocketmine/level/Level(840): pocketmine\event\Event->call()
#4 src/pocketmine/level/Level(785): pocketmine\level\Level->actuallyDoTick(integer 994)
#5 src/pocketmine/Server(2267): pocketmine\level\Level->doTick(integer 994)
#6 src/pocketmine/Server(2398): pocketmine\Server->checkTickUpdates(integer 994, double 1606010963.5618)
#7 src/pocketmine/Server(2154): pocketmine\Server->tick()
#8 src/pocketmine/Server(1994): pocketmine\Server->tickProcessor()
#9 src/pocketmine/Server(1588): pocketmine\Server->start()
#10 src/pocketmine/PocketMine(273): pocketmine\Server->__construct(object BaseClassLoader, object pocketmine\utils\MainLogger, string[49] C:\Users\Administrator\Desktop\SkyBlock 1.16-LOL\, string[57] C:\Users\Administrator\Desktop\SkyBlock 1.16-LOL\plugins\)
#11 src/pocketmine/PocketMine(304): pocketmine\server()

PocketMine-MP version: 3.15.2 [Protocol 408]
Git commit: 0000000000000000000000000000000000000000
uname -a: Windows NT WIN-4P2C3VGUPNN 6.3 build 9600 (Windows Server 2012 R2 Standard Edition) AMD64
PHP Version: 7.3.23
Zend version: 3.3.23
OS : WINNT, win
Composer libraries: 
- adhocore/json-comment 0.1.0@8448076039389f558f39ad0553aab87db3f81614
- ocramius/package-versions 1.5.1@1d32342b8c1eb27353c8887c366147b4c2da673c
- pocketmine/binaryutils 0.1.12@566fa87829e007eda0bd96e39fe20b9b0d638132
- pocketmine/callback-validator 1.0.2@8321aa3ccfe63639b0d08f0cbf270755cfc99fe2
- pocketmine/classloader 0.1.1@7c0363491d1ce8f914fe96d41a4338c982adedff
- pocketmine/log 0.2.0@e59bedb5d4bbeb9a26647cb7c367cb2fa72addfa
- pocketmine/log-pthreads 0.1.1@9bbcef398b01487ab47c234a6a7054722abbe067
- pocketmine/math 0.2.5@8c46cfa95351fb0b2b30739a381310941934b55f
- pocketmine/nbt 0.2.15@f8a81d37d24eb79fb77d985a52549d68955bc6a1
- pocketmine/raklib 0.12.9@5f2a02009f486ca4d90892814570fa13ebdc078d
- pocketmine/snooze 0.1.3@849510fa62e57512b8467e3694e9b3add97038fd
- pocketmine/spl 0.4.1@ff0579a0be41bbe65d3637607715c0f87728a838
- doctrine/instantiator 1.3.1@f350df0268e904597e3bd9c4685c53e0e333feea
- myclabs/deep-copy 1.10.1@969b211f9a51aa1f6c01d1d2aef56d3bd91598e5
- nikic/php-parser v4.10.2@658f1be311a230e0907f5dfe0213742aff0596de
- phar-io/manifest 2.0.1@85265efd3af7ba3ca4b2a2c34dbfc5788dd29133
- phar-io/version 3.0.2@c6bb6825def89e0a32220f88337f8ceaf1975fa0
- phpdocumentor/reflection-common 2.2.0@1d01c49d4ed62f25aa84a747ad35d5a16924662b
- phpdocumentor/reflection-docblock 5.2.2@069a785b2141f5bcf49f3e353548dc1cce6df556
- phpdocumentor/type-resolver 1.4.0@6a467b8989322d92aa1c8bf2bebcc6e5c2ba55c0
- phpspec/prophecy 1.12.1@8ce87516be71aae9b956f81906aaf0338e0d8a2d
- phpstan/phpstan 0.12.48@d364cfbac9ffd869570cdfea7eaa6541c3dac666
- phpstan/phpstan-phpunit 0.12.16@1dd916d181b0539dea5cd37e91546afb8b107e17
- phpstan/phpstan-strict-rules 0.12.5@334898a32217e4605e0f9cfa3d3fc3101bda26be
- phpunit/php-code-coverage 9.2.0@53a4b737e83be724efd2bc4e7b929b9a30c48972
- phpunit/php-file-iterator 3.0.5@aa4be8575f26070b100fccb67faabb28f21f66f8
- phpunit/php-invoker 3.1.1@5a10147d0aaf65b58940a0b72f71c9ac0423cc67
- phpunit/php-text-template 2.0.3@18c887016e60e52477e54534956d7b47bc52cd84
- phpunit/php-timer 5.0.2@c9ff14f493699e2f6adee9fd06a0245b276643b7
- phpunit/phpunit 9.4.0@ef533467a7974c4b6c354f3eff42a115910bd4e5
- sebastian/cli-parser 1.0.1@442e7c7e687e42adc03470c7b668bc4b2402c0b2
- sebastian/code-unit 1.0.7@59236be62b1bb9919e6d7f60b0b832dc05cef9ab
- sebastian/code-unit-reverse-lookup 2.0.3@ac91f01ccec49fb77bdc6fd1e548bc70f7faa3e5
- sebastian/comparator 4.0.5@7a8ff306445707539c1a6397372a982a1ec55120
- sebastian/complexity 2.0.1@ba8cc2da0c0bfbc813d03b56406734030c7f1eff
- sebastian/diff 4.0.3@ffc949a1a2aae270ea064453d7535b82e4c32092
- sebastian/environment 5.1.3@388b6ced16caa751030f6a69e588299fa09200ac
- sebastian/exporter 4.0.3@d89cc98761b8cb5a1a235a6b703ae50d34080e65
- sebastian/global-state 5.0.1@ea779cb749a478b22a2564ac41cd7bda79c78dc7
- sebastian/lines-of-code 1.0.1@6514b8f21906b8b46f520d1fbd17a4523fa59a54
- sebastian/object-enumerator 4.0.3@f6f5957013d84725427d361507e13513702888a4
- sebastian/object-reflector 2.0.3@d9d0ab3b12acb1768bc1e0a89b23c90d2043cbe5
- sebastian/recursion-context 4.0.3@ed8c9cd355089134bc9cba421b5cfdd58f0eaef7
- sebastian/resource-operations 3.0.3@0f4443cb3a1d92ce809899753bc0d5d5a8dd19a8
- sebastian/type 2.3.0@fa592377f3923946cb90bf1f6a71ba2e5f229909
- sebastian/version 3.0.2@c6c1022351a901512170118436c764e473f6de8c
- symfony/polyfill-ctype v1.18.1@1c302646f6efc070cd46856e600e5e0684d6b454
- theseer/tokenizer 1.2.0@75a63c33a8577608444246075ea0af0d052e452a
- webmozart/assert 1.9.1@bafc69caeb4d49c39fd0779086c03a3738cbb389
- pocketmine/pocketmine-mp 3.15.2@d7a66ad7559f23d24ffe95813421a720203109b1

Loaded plugins:
VanillaEntityAI 1.0.0-alpha5 by jasonwynn10 for API(s) 3.0.0
NameTag 1 by MTwins for API(s) 3.0.0, 4.0.0
BuyFly 0.1 by WoolChannel3295 for API(s) 3.0.0
MineReset 3.2.0 by Falk for API(s) 3.0.0
AutoXP 1.0.1 by JackMD for API(s) 3.0.0
AutoInv 0.0.10 by JackNoordhuis for API(s) 3.0.0
InvCrashFix 0.0.1 by  for API(s) 3.14.0
PM-Beacons 1.0.5-1 by jasonwynn10 for API(s) 3.0.0
SimpleWarp 4.0.1 by Falkirks for API(s) 3.0.0
WorldProtect 2.3.8 by aliuly for API(s) 3.0.0
AutoSell 1 by phuongaz for API(s) 3.8.2
RenameItems 1.1 by Wertzui123 for API(s) 3.0.0
Slapper 1.6.1 by jojoe77777 for API(s) 3.13.0
RedstoneCircuit 2.0.0 by tedo0627 for API(s) 3.6.0
ARQuest 0.2 by phuongaz for API(s) 3.9.0
BlockProtect 1.0.0 by DarkByx for API(s) 3.3.1, 3.3.4, 4.0.0
NoAdvertisingPE 1.0.1 by Vaivez66 for API(s) 3.0.0
KillRegen 1.1.0 by NashanPlaysYT for API(s) 3.4.0, 3.3.0, 3.2.0, 3.1.0, 3.6.0
OnlineTime 1.3 by Zedstar16 for API(s) 3.0.0
StairSeat 1.5.5 by korado531m7 for API(s) 3.14.0
BuilderTools 1.2.0-beta2 by CzechPMDevs, VixikCZ for API(s) 3.0.0
NoFallDamage 1.0 by DeveloperNeb101 for API(s) 3.0.0
MSpawns 2.2 by EvolSoft for API(s) 3.0.0
KhungLong 1.0.0 by xXNiceYT for API(s) 3.0.0
KeepInventory 1.0 by KhoaGamingPro for API(s) 3.0.0
MaxEnchants 1.2.1 by Xenophilicy for API(s) 3.0.0
Worlds 3.0.6 by survanetwork for API(s) 3.0.0
DevTools 1.13.0 by PocketMine Team for API(s) 3.0.0
AutoClearLagg 3.1.0 by Twisted for API(s) 3.0.0
OrionTasks 1.0.0 by Clik for API(s) 3.0.0
EconomyAPI 5.7.2 by onebone for API(s) 3.0.0
TableSpoon 0.0.7-ALPHA by CortexPE, Xenophilicy, HyperFlareMC for API(s) 3.13.0
DEVirion 1.2.5-ALPHA12 by poggit, SOFe for API(s) 3.0.1
NoTP 1.0.7 by awzaw for API(s) 3.0.0
DeTuMF 3.0.0 by CLADevs And Shin1134 for API(s) 3.0.0
PiggyCustomEnchants 1.4.6 by DaPigGuy for API(s) 3.2.0
ItemDropText 1.0.0 by AlexItz16 for API(s) 1.0.0, 3.0.0, 4.0.0
PointAPI 2.0.9 by onebone for API(s) 3.0.0
MuaDanhHieu 3.5 by BlackPMFury for API(s) 3.0.0, 3.2.0
MuaDoUI 2 by FurryJaki1992 for API(s) 3.0.0
ShopUI 0.0.1 by InstantlyTa for API(s) 3.0.0
TheoDoi 1.2.0 by HotshotHD & CodeRed2019 for API(s) 3.0.0
sblevel 0.1 by AmGM-Encode for API(s) 3.0.0, 2.0.0
KingOfTheHill 3.0.0-ALPHA1 by Tethered, iZeaoGamer for API(s) 3.0.0
ChongBug 1.0.0 by shin1134 for API(s) 3.0.0
SkyBlockUI 2.0 KSCore by KaysilGMVN for API(s) 3.0.0
1vs1 1.0.1 by VixikHD for API(s) 3.0.0, 4.0.0
PurePerms 1.4.2 by 64FF00 & ProjectInfinity for API(s) 3.0.0
MapImageEngine 1.1.3 by FaigerSYS for API(s) 3.0.0
PHP-Sell 1.2.7 by Muqsit for API(s) 3.0.0-ALPHA9, 3.0.0-ALPHA10, 3.0.0-ALPHA11, 3.0.0-ALPHA12, 3.0.0
Weapons 1.12.0c by xBeastMode for API(s) 3.0.0
Marry 1.0.0 by GreenJajot for API(s) 3.0.0
ShinPickaxeLevel 6.0.0 by shin for API(s) 3.0.0
SETVIP 2.3 by MCPEVN TEAM for API(s) 3.0.0
Alias 1.2.0 by Ghast Noob for API(s) 3.0.0
ScoreHud 2.0.0 by JackMD for API(s) 3.0.0
AuctionHouse 1.2.3 by Shock95x for API(s) 3.0.0
CachMuaLand 1.2 by Noob for API(s) 3.1.1
MenuUI 2.0 KSCore by KaysilGMVN for API(s) 3.0.0
Banking_vonfram 1 by Noob for API(s) 3.0.0
MysteryCrate 9.1.1 by JackMD, DaPigGuy for API(s) 3.9.0
NameCorrector 1.0.0#build011 by PEMapModder for API(s) 3.0.0
DanhHieu 3.0.0 by padreon for API(s) 3.0.0
OreGenerator 2.0.0 by vividmemory for API(s) 3.0.0
iProtector 3.1.1 by LDX for API(s) 3.0.0
SlapperRotation 1.2.1 by jojoe77777 for API(s) 3.0.0
BuyceUIEF 0.4 by UnknownOre for API(s) 3.0.0
Warps 2.0 KSCore by KaysilGMVN for API(s) 3.0.0
MuaCoinUI 3.5 by BlackPMFury for API(s) 3.0.0, 3.2.0
ShellyEssentials 1.0.2 by Shelly7w7 and BlazeTheDev for API(s) 3.0.0
KitUI 1.3.5 by Infernus101 for API(s) 3.4.0
Eff 2 by AmGM for API(s) 2.0.0, 3.0.0
Kickk 1.1 by MCPEVN-TEAM for API(s) 3.0.0
BuyFix 1.0.0 by HumYaiJang for API(s) 3.0.6
ChoDenUI 3.5 by BlackPMFury for API(s) 3.0.0, 3.2.0
SizePlayer 1.0.3 by  for API(s) 3.0.0
FormAPI 1.1 by jojoe77777 for API(s) 3.0.0
BlackSmithFGC 1.0.0 by  for API(s) 3.0.0
PECollide 1 by saxavlax001 for API(s) 3.0.0
PlayerVaults 3.2.0 by  for API(s) 3.0.0
Eternity 1 by minefore and shin1134 for API(s) 3.9.0
CustomAlerts 2.1 by EvolSoft for API(s) 3.0.0
GiftCode 1 by ZulfahmiFjr for API(s) 3.0.0, 4.0.0
AntiSpam 1.3 by xBeastMode for API(s) 3.0.0
AutoFix 1 by Noob for API(s) 2.0.0, 3.0.0
InvSee 1.0.0 by BlockHorizons for API(s) 3.0.0
EnchantUI 0.4 by UnknownOre for API(s) 3.0.0
SkyBlock 1 by KhoaGamingPro for API(s) 3.0.0
AntiTNT 0.1 by Adam1609 for API(s) 3.0.0
GCPClan 1.1 by InstantlyTa for API(s) 3.0.0, 4.0.0
essentialsTP 1.2.2 by  for API(s) 3.0.0
Minerloot 1.0.0 by Distoxicqted for API(s) 3.1.4
LoadWorlds 1.1 by shin for API(s) 3.0.0
QuyenVipUI 1.2 by NightBlackDM for API(s) 3.1.1
PureChat 1.4.11 by 64FF00 for API(s) 3.0.0
RankShopSystem 1.0.0 by zZPROGAMERZz423 | §eFor issues report by §2Visiting GitHub.com/zZPROGAMERZz423 for API(s) 3.0.0

----------------------REPORT THE DATA BELOW THIS LINE-----------------------

===BEGIN CRASH DUMP===
eNrtXetz2za2/1c07s696UxkE3wzHzp2/Ejc2I42VtI2y50MCIASI4rQ8mFb3tv//R6AlATAL8lW
pl+aaS3xSDz4HeA88aD+u5Pycorrb1esrDJe7LxxXu/U2ZTtvEG+5VvIinyg5Liqj8uSlztv/rtT
z2fw8U57/XpnyqoKjwTlEL5W9f73Y8nesYKVuOZlHF+weszKfza4rG/hk//tFbzupbwpKNybNnl+
kuXy5jdx/LkCFHF8QKdZkVV1x+GIVZOaz+L4cjJ/m3My6aFd5PfPPp7F8SxvRlkB9+iNViUxSd1b
tjsbz0TLbavd/Xvqd/fgbp2wuBfuy7MC7gt96KUSE3j7r52frJ64YwbIWA3I2V7Lde8cROf0+IoV
9fENIw2weuXaP7/p3Y+s/wsvpHyXrH7Fk++M1L0V0zhmglEcJ+IrcSy/+XlG4UbZws8A7if0AJJP
bAT9yUpGz8QrtPcqtACIyr79ahzfg7r/C5Pv2ALW/QK87j0PtW2ilvfsyS+8CsMHcN6Vqf8LwXne
3vY8JI6JJIeb8r0z8fdV6Jpd1nGU97eNv5Js3MfYBKFnsJGfxrH8uP8LJnUDnOZHfJiRyausqNmI
lb0ociVvz+R9yUow3le27QeP8qX38/Mf4udEZs+3n4CgY0YmglnbfZXK83WP8ibJWW/lPnY9H4Wy
reChtpDnPtBWLTDLm8MHbkZCkodvHpScgIcC05Ncooe4eOFD4lY1+K72bnTH1Afy7Tm8fWUHzgMc
vn0jvAB/1pClYr7FFZP+8oxjysp7Taepsxxc2znOijM+GolvAZOsGP3Ljf7de57DXLLwgueyWPrc
tkvQI13iWObQVG13/7zz7z9f77AfEVJe6NgBVnvvt6y44vkVm4JxA0OalTA+O4tPgaJyAjrhVISD
f/8dGf6ODH9Hhr8jw9+R4bmR4fXOSPqNXISGAotiZGd1a/98ANwT6KVV0bLj7CJv1xb0JsspFC8h
8l7vZNU3yq523qQ4rxh47pLXnHBg61ohNJIJv26t+Q94Nx2W37KC8uuqdzHs/XZ60XcH9qHz5d3n
wcVFz991ehJCL/Itq/dq8dV2vHu2hezeJ7t3WeOC4pL2jmlWgwQ/9w7Oj3xXRBeoTt7sBLvOru3A
5S2DoCbE667h42+8EhhOLy6GQJAX1xCPRACazjj04rc8S0pcZqwS/YfpGGQu2d73ihd9+E4Xz6xd
tGvth64bWoFvOZETRqnnhakTYWp5noNxEgY0cdIQ+Ugg46TE06yp9maYTCA697veFwDQrreL9hF1
bMe1k5AgloDOew4JwzAgjg8cgsQlNsV+4BAhx0opkqzA5VxqdAcL2fue76c4DEI7YpYVMIqthEY+
c6KU2VYSJRb1nRA5ts5K+NkE0PWvcJ5RGZcFNmvX3g8dG2HsEJIy3/EdwcEKU4skqR1YgeeRlESC
ucFQ2GEu7XCBbT8gFjBwI0QRYWEaITdlkU9dhF3HCUkU2vB1mqY6p5yPJAcbOp15UcJo4lE3SVgS
Ydv33YAkoqPgxU5xACxoiu9w6M/qcckwXXbUfpQkhMGYhYmF3DDACTCCMcA+DizPDWwbQxOWH+is
oOAfd2i8/ZC4Pklx5DkeShMrsRPHCkALRP+Cl3ZR5LiJ5xnyFEndcUDefhriEAY/oLbLkiBKkyCg
Uehhz/bciPph5HkJ8THSWZR4ApraimLvRvteamPLtqwodUOfYJdGVhjZIXK9wEoxclhCiRWEVOdS
FZzfsq5DHFDoyEPwdd9mXuAhUEbXD5jjRy6LEge6NQosJ0xNJrNccnChS9PU8oIIFI65CDrP9ygM
N5hIECCPWGkYBDaI64TAgXIiXCbbA6cHFl1nS5VzBCPHs2hq2X7IIsv1IoABSgy9HXrEc5jFHMdJ
GRPDPJ2DpiXVHmVsBjY6m0smyBIj7EeJjVAaYQ8UGKU+sUDzqI1Z6vlUcEReFDIPuBTZJAN/O571
Z7ispMpeuYKLve+DZaOEOQhh27GYFVlB6tGUWTZyAtfGQmhQYiZdDC77GQclKbKUVWKYQWkBSejZ
vsdS6uA0SMCUsJvY2CaOS5OUeEEYUmpHyHEUHqqDFjCInyR+aHuUpSFYNnZs24YuDR0nSEPCcIqi
wEux1Xo66N5GeCtI1EuW5hAEs86FSZa2NCZELURAy1xGfTu1PYxDFwdugKnjUQ8jP7Jd37eTx1gC
VeZ+wBSiCOC0/AhDNgYd76IUdDd1o9Rh4NA8N6QEEcJ8Ct7Sv8NUFDL9klWicGg1wQWMPgYlTMIo
jEBgGtkwjiQEzwPWT4jPPGInGFxQJ3Y1YzCKJZ9BMtUpgi26H7wNaLSfsAAUAbQ58nxwzpHlY5xa
4HqYRUNs044J6ONe97owMTfcB112SQo+MkpTGvoRmBYBNcABw9j3XEQcionv+3eZ9OG1KbJ6wQz5
0PWgfD6FWJtYnhNRhj0CXoCBRro+TpMwQeC7UXAPM5FqkLpfNjmrFhy9fcdxoZOEVqCAub7lMSuN
wDc51EkJOCOUUHCWSaulEo3UdlF5wR/o8bZojKRiQAhzkwDghA50GXimlNoJcVmQRDZ0HnYsAq0F
tsFM1I/9rO7KulZxvX0MvFgIHiW1wRNYIJiVEpL4QQpxMrHD1AbLhOEwmIkScsJaNsJdgz6Cnw6o
BUPme4kXRq4Fniaw0wCRCBPLtSFE+YHBpmY3NfyZznJRq7b26OyjEMJrYCGf+RbzbDcImOd6EJnA
L0C0DRLi2YSGrsksm0pEXmuRoAgQwdwIXGTE7NSH4MWilIJWWbYLFhBAcHISA1GnCJHUbnBEMHB+
gIMocImb+ATMBMwlTcGxIPBOCIK3Kz1UxSBvAzdZQGTNVl4KSf/iujYLSMD8EAYfIiDEWRfUM0h8
P4SBS2zXsgnEJ52PGPsOjmAT7HuR7YCOgMmD+44iFIGtBqlvQWiDJAC4ehAxI5zczwaMVzgt1s85
nzSzZWeDxaDUEpYPzkYEOAhGfkoRdDmAgwAlNMExhYSMDC8UyZWKFOAwTR3Ld0VUC8BqCMKQjoCe
2likDogRD8KWdYdPzm6yer50xgkOicinLOiRNCEQq6nlJJ7vQrB3XAuUO0gRk1nIig/NgNAicSDO
kciNMAQE8CaQBDEsUTkUUHlJaDOXOLYV6d3Niqus5EWXQ3oy5DphCGPOKIKgjcFDQeOgRn7EoHCy
IanCwMSyMNEZ3cx4WbNyCYeGEYHkKfAR5I+JJ3A5HvYTCNeYQSAFoUILorHGZZTzBOfgTVq78GTX
gDcLIkinQDg3CBPIgWzoF0zAu4FdUFBTAlkECTROYvqn6vO0307jdCrpe8hNhHGDlwV35vqpZ1sU
0iSKAux6tpNiDwKzq7Fq67U+KyAoqIMPXQ73C5cLgxVCcua5dgAOGXnCS0L25QSWDQkzvpddF64k
t1YlaQR+JHESZGOSoEAYCYKYGkK+4JDIorblOiQxVLJkpJExGQQthF9ZgmMUklfw354HaReCnA+u
EuzaKIHkmFJIIEBFWBoY7CrelIT1+UzI2pUDjmRopa4rEDgYQcyD6GVBAIT47iTEoiI2Q8KAIhxq
DLuZQBsyKGtf9K7tBAEkuLYTQZqaRKDt4GlxgBIMGV5qg4JZkcbhbs5BkGWDMiEcWQhsC8EAoNB1
fBL4LnMDJ4XEJ5TqOZ+mvJhDyZrPIQ7kfdLBuQLnHYoKhziQz4Ea+CyFXBRip8jmhAMGDwx5duhS
P3GlPtRjVjEGGQEEgCK77fycCEwBqLVDHAdDPIG8EkowF1IUcAZggRDJofoC2/NskRdes2TKb3FZ
70EdwsrWyUXS/FPiRwSzxKVuRBzhsUHrLUicwV6cAAqRJIGSTk9zV2/709myat6nAfbB70MVFKW2
A0l8ChWNBy4FBh9qEcjJRSGQoJ0/l5OjsrT8AhlinuNjSHzr+cGpUq2bn7zeWY2KsCyrj3PIEYVq
4qYe87IS06XfMZSo1/OiQJaYBMCzTFDFKMprVuAkZ1AO12UD1TxlMyiOq3bKteJpfbQk7AyaksnG
oQj+Xdw7xXLKVmkhjg2QcazAFTUffP9yePBp+HnQjkSVSSezA51wAWIO8UiReEHRJNXFOx9ei44z
JXst7W9DCVcipdkNK+O4nSxaIR98vBz+9vHT2dEd7G+b+Uk+V6B3BBU5+D4d+2+c54djXBQsd+zI
e9nwrMC3TX8+baey1kEvZoA+gWXVigArmiqDI4xNl+IE55NtQU+BV1ZOqjgW9lSK5kEKBcmTohw0
Nf99oMjREUxjMYbiV0wm50fbEqPlFsdt2+uNw7iuZ9Wbvb1RVo+bZBeyk72WzV4nQSfcaXFlSCco
up6BeNZd+S44L+m4yaptifkdmBYLpnEMzXHIzVuxW1BPDhd87bDE1fgku1GkUql3JNMEUyVB7vNF
mTb/AVRxDPiJaBkcwCbmPzjvv2WY8NaFL2ZXV0RT+7w++kFe+gG3nEggcbwC9KRMl5nIj3/D5UyR
SSGqMrl3LeqkM+UXBp0TSECGJS6qVI7EZc6vlctjCOBihiivBsc797mRSuK9BrxxrGF/UvzfeJnT
QclrsUC56gCNrHaBSK5CvQtwnjUQA7Y0ni23OL4WCGYtAtO13Bda73Es501WphnLqZq8LBZ365KJ
yUyx1renSds5oEuW54YHkqRHgvRs3PBihG+1rgh37ed2xYJf62pE6+vHuk9MAD+Fwl+1VZWqG6sZ
syFhvG0yZDvbGtcVR7HIuoTx7Kix4renSiUsOsezGStVc+4ousi+KfR3/p2zQPzThEbO86Wu2paf
LeUK0t5CCDm4tKp5wQ6zkjRZrQ2w/oluupaZ1NSMcsu3dXn954tbds2vY7DS0D79s5HTxCs76yh6
PLTXMLTo+bBXhiYb717WSojF1O9d96mR7xQwujBHuJy8nd9osjhSNcWr+9IcX4XS7U9YAXtSvgt+
QAF9nVVZMYLgoxQtxidPZJ5fcHbFbn1/W+5kwS+ODSAGYR0hP0Ap94mNWKGIt6IZftIcvgtIo3Ax
yPG8+mOoSefKr4pBbF/t7hV1ry+wM6XROP7wSfy/jqAfCzFVNZRbdJeSKkRdVEcX9KuwbVyirQ3h
kmEcrzA821Muue0pAoloUOOsvGRYNc8VTZfY2zVmFSa8xJR7DpoaIeEFObjCE5K1BRLl7XqFeJZD
0j6E0rrSynGFrMsG2tdPWI0NV3p4y8h4cH7ErsQNX7KbbHL4dVsjTATz2ZQCc8jNW2y1wAaOSEe6
6WgrsPc0VtJnQVKeH+GpXNFRHJZCNryV4ZHF1iYxKXnBEmShbfWGwVY4qhWiDWYxLmf4WqvAFhQ9
2BsDfXzF80tAti1pukYB97L1NbLz6+vrXQZIBNfdeiK977gpRmcQf1Xvu6Q9ETxvfr/ICDMc70vG
KCv4+kPxgbEZFPFy+VadFdPpj+rahzHH7/BUhK6Sb0sKjSkEBxXOBoqGb44LAnGm1pRNoZoexoj5
v7OCz8ZZnpGtVYcKSyHIEop2sXbdW5kVb2XMAlq7vi5S1ZRXuGA1VKdbmw2UPLuCFwRZAlnLJ3bl
7K5kstsh2/upZSYEBa9jRoklyUhtHFM5VxvnekOGp1t0hMM2CihINivtV8j2ljy6wv0wZ7g8w6OR
Ub2v6PoY3zHJ4bXY+Uu3JW3dsmsnDokAkQOItqZXMW0aAjuYB9U8b6bnh3s6P5HtlSDiEFcTdewV
4hOu9TDPtqbigpc4VAWNPcMRHRNe8On8YKAuEylEVRBvNzAjH9SjCfy/LVk6dnHMWgTAM441NE8K
NBStXs44VysOhWhOBgf9g7PB+wNjfMQa+I2svFRH+3rn/RxyjJMcl+z8cGsTGZrjXUFV3z9d7h8d
f8nKTJN6STJjidfKjMzSn49Gcl7j8uOJOaTo2fW/ZBrHVxJKHEPC2r1T4D21rMeHAy3bHN5djQmM
idPrW3y9tXlTwSyOC17Pnl1DtYBk0Bg25ydayJAEMzqaLuPsQGTkvYOC9i7HWYGQ427NhbS85TqZ
HJp1vccgG43mh01V8+k96cx9n+rD5po5wBGGm941ek5jvyAcdvzi+B4w68sp5j+PSj4byo0Zq0Um
lfyEyz/I2c1pfauV+IuvbWXBWYARQDYYPZ4Vte75lyRzcjP6oX6fcrGH/WWO/7zBR7gYv89Yo6bU
ClW3MGM64m2OyWRwftKU83u2ArxICQ/H/BAwiOX07u0GhQLg559PDYkERRshY+GsKcv5r3iSoSiy
t1aUtu2uD/1yzGca8o7w+HLszmm7ZzufD/FG0NWs5bGKAEA0oFxLME9nFGPGj3imphMd5c4skC7J
e15Da/X7o97/9A45ZZ8YtS0UbW0GaErFJnu5BHI4pZft+3UkqhJ50EyRaEF5dLPJwfTdeR+cp9iJ
d9dE7JfIIiJaHFfJWYdijXnlYvQxhYF4n2lriTr9TkztEh+jKJHnVhl93cu+Msyhuodu3NIgTXgN
1v4B/q5rNuAiitHbRi2xlqQnYky15bxgkWdIv7VA8LTddwfQdNtfEY3Q0vtwCek2M6Zu8LzK8nfn
Xy62JssSwPoeDF1VSJFBXj61FiNmed8fbXs32ZVgO4ZCF4LuVSVLpI8F+1LBn2fkoqDheHL4dU8K
JBKBpmQDVmrL2SuambIZwcZ3T04sC1zcoORiR+xpkUIWWW9tWupb2wBkcAtEyttnCC/v7TYqrPjI
ObnZqZguPi5G8sy5Mi2nfWAuWjnmrpVsxMrLPy631QFLhkJxVSTm9Vo53/tB39h+sSSZ4cwoqc7l
BidTqtajRosstnOwlnGNjGt7mfU+15wB8Htc0PWN+TeGZ/ruqgXFGFDwScSYCX/LcFWf3xf3ngl/
xTGOOxjLN+vNH5farHh7/UR4eFcyVvyKv/OtLVSsOIpxKDeZeBKxZZCRCb5hZ0YycucjVS7//rC3
zZCntr2BQMfDL6fqNEVHMHZ4GTZ1ODj+ctEbHh+cby1PlyzFUfb6S7bWPrWDPMOqXbTXTyS378ag
wL0LzpNtAZfNtv0tz9mv1eniCPX7hqrdviA9sT/nx+zXXbS+vt4cNPKw43veVEybVlfI5lgYWgS1
DJlE3s0LN0pq9ba6gVarnmRLYsZd4hsLfGLCXUP7dJKLyRgKyjNcqEOnUg2RjY0hptqh509Q5jKK
QPGUxPG0wXnb+NMemBWNXpe3hL8muxVbUqtNUtu3uJhAqfTtihdpiafqPgfjk0c2ZW7T+i/kAIjG
N5gcmYstpvND+aggZSRUsgo/2kUP7Np/ff/MY/Ryh6CCeek2fk2w7rgLaFfZnT/TDr2s6Heygp/k
dhELGV0xOIZ0ElISur3qV2EZxxoq43Kd0b5ndu+Bqb07vn6Gacn41pKEjl0cD7O6ztnB0af1dVZ7
OpW6dqg9tOrRyHWVXWV0yqa83FqRdf/jodaRJ+t2PGrSKERzQdhQurOj37clA7CK41XLzzY24NMX
SdSeIsVq6/MnXsvzlHe3QC8/eWLrxgNboV+StOoANogCzZywz6fHJ/qxs46mTwa6uhSfi0nBrwtQ
nG1JseIotrBJEBtUdyIAqrWdvP4Lg/FGU/yHPCvMSf6O9lctWgCCr4SLWdkjng0zVmxS2kFxPl8d
rNFKO+MjMzjZZmYrvh9cBz1Iy3og7i0bjtkRu9pevacD2mCDWlZrQ9ZeG9t8zQE7LVJWFk1lbn18
wZ5XhWUcSxAb7P4Qzx1YbfuQjyV4cFVJTP8roG1t8fKZ4KFJQC04o016nkwmWs+L60fP3LRFcf9H
1NmL1tc64KudUewIT8zavG+mf+DsV1yMDOT+S073isOJG6xIHDHdPy1Jf+GaqgQglyaONvJO2S0T
u/v1U0wrojkczoOnRV/idkR7Z6I9cahw8X4d+Ce8nOpr9gvKowaw/aRjxTGOOwjLN+sd7wHluJxC
3nXy7lA736PSHzeOH7A+/AH/0TTCrjUcG2yqOD7keZ5RtSBd0R4ppit8g69yfGNtb1e8wjKOZ4y0
INY9QNbawxfc5PquHpX8+MH+LYmxOFk9ky1fyZbj2MDxdKyD0lmuSykBb0F6ZFjEtpQUkkaZgNy7
wPqCSYIF8ziephv4Y7mL6SBnpTYwGlnPfNGPPa+gtgwOWcfxvJML77K0PuSaFS1Jj4zW1yZP8Xia
nXwvt70Eu2h+g5ldSCkvZ9rk2pL06HGwH7DelAiOUwlfPBCxAgxTEXwWgKZq9HnwSGlTcz2FWVDW
nyTcStrYztauGl/nIRGXjOnPhxCEJ3IvuWPgPS+zW15s7ZkXGtM4bpFs8qiIbv+ilpCtaH9h1b4E
sUE21m3LuGeryGNKtcWjPfqyR3f4gRdsrix7nM8HuVzjlK9rGApY1fBiaBj+UD4Z+LENVhRPkW9t
bYdY1+i6Af/d4eAwx+rM1oLyaGr52Ia9F/rcbMG6xnGcEkwADCSZhwcdqien9iC4wG0ztntVCAnZ
ss7XNpRrZHP2zv4RKY3aYhwb7a/1sKUy59x82FJLe+pMfAbh+SYj/zHP4aBd9/lH+1Y847jeYNVc
eL0758UU4qOat82F/1Wb608ci3ljMrsqdms+E8L8s5mz4kum73pViI+vaWajcS2LjqPzba1tfjkd
dIXM0XkcL0A8XcM0JTsca8e6lyRzN5i5itTu1tps5+5qG9Z9T++RK8uV8PPiNM5VxptqcNxf0Hce
2CkmwK7ebWGfmGQjHhCCi4nYPHwpFuPU3M744AkzvP06+PTx3cH58aevt67t9P6vFzeWhQMGJXQv
q6qGVb2SiYdx9pJ595n9JQO8EPR677L6fYfTYLR5z3f9syrd1d11CnVxNOARfdO7YF0v8Kf6MMTd
+VQ881s+OlI8m39XPHFZPHFCPpBYPDcRl9DfULl1TbObmhXdA+//uyPn95UH9Seke6j6kkJwzsRD
/jUan36jvC7E4+sUaveUyRWhKXP1mraPN11ep1nePjp1SRlNtZ8NGONKw5JB6nGlEsSPAUh9CaS+
TJP2tx/Ur1TdbxSotBnRpf60fIa2dqfs5Eon0ayZqpTLwZl6OZ1X/8nlbx1073ryYa52n7KrXl/8
cIJnuVYAb/9xSt/0AkLgv8hnfuClPg1s5pHUSm0/SN2QIT8g4sn3oO7/EI/iVB7BuWxwjuX4293Z
0dts1np+T6ayt+2T6ZffhsubqT4mXIhjW5aDkC22JQ6OPmpdRfk3KYpJBFKmDyfoXVFV2hfbB4D9
fq71kYEALsWPAehiAfG6zAztUH42QEyeIPGjGAB4rCvnyja+kXFTTNSfZBBdlI3an2roFlhFN9Gq
S15EB8id/TRZ/CyA0ONyPqu5JLRPwxnRO2OeaWoi+8ZRScsH1o6aVhkXcL6CdfU+DiBZGyu9+eef
/w/xKdcI
===END CRASH DUMP===
