PocketMine-MP Crash Dump Sun Nov 22 14:28:15 +07 2020

Error: Argument 1 passed to pocketmine\nbt\NetworkLittleEndianNBTStream::putInt() must be of the type int, string given, called in C:\Users\Administrator\Desktop\SkyBlock 1.16-LOL\vendor\pocketmine\nbt\src\NetworkLittleEndianNBTStream.php on line 70
File: vendor/pocketmine/nbt/src/NetworkLittleEndianNBTStream
Line: 37
Type: TypeError

A PLUGIN WAS INVOLVED IN THIS CRASH
BAD PLUGIN: AuctionHouseUpgraded v1

Code:

Backtrace:
#0 vendor/pocketmine/nbt/src/NetworkLittleEndianNBTStream(70): pocketmine\nbt\NetworkLittleEndianNBTStream->putInt(string[1] 5)
#1 vendor/pocketmine/nbt/src/tag/IntArrayTag(69): pocketmine\nbt\NetworkLittleEndianNBTStream->putIntArray(array[2])
#2 vendor/pocketmine/nbt/src/NBTStream(191): pocketmine\nbt\tag\IntArrayTag->write(object pocketmine\nbt\NetworkLittleEndianNBTStream)
#3 vendor/pocketmine/nbt/src/tag/CompoundTag(346): pocketmine\nbt\NBTStream->writeTag(object pocketmine\nbt\tag\IntArrayTag)
#4 vendor/pocketmine/nbt/src/NBTStream(191): pocketmine\nbt\tag\CompoundTag->write(object pocketmine\nbt\NetworkLittleEndianNBTStream)
#5 vendor/pocketmine/nbt/src/NBTStream(149): pocketmine\nbt\NBTStream->writeTag(object pocketmine\nbt\tag\CompoundTag)
#6 src/pocketmine/network/mcpe/NetworkBinaryStream(279): pocketmine\nbt\NBTStream->write(object pocketmine\nbt\tag\CompoundTag)
#7 src/pocketmine/network/mcpe/protocol/types/inventory/ItemStackWrapper(57): pocketmine\network\mcpe\NetworkBinaryStream->putSlot(object pocketmine\item\Item)
#8 src/pocketmine/network/mcpe/protocol/InventoryContentPacket(52): pocketmine\network\mcpe\protocol\types\inventory\ItemStackWrapper->write(object pocketmine\network\mcpe\protocol\InventoryContentPacket)
#9 src/pocketmine/network/mcpe/protocol/DataPacket(127): pocketmine\network\mcpe\protocol\InventoryContentPacket->encodePayload()
#10 src/pocketmine/network/mcpe/RakLibInterface(244): pocketmine\network\mcpe\protocol\DataPacket->encode()
#11 src/pocketmine/Player(3303): pocketmine\network\mcpe\RakLibInterface->putPacket(object koth\KothPlayer, object pocketmine\network\mcpe\protocol\InventoryContentPacket, boolean , boolean )
#12 src/pocketmine/Player(3320): pocketmine\Player->sendDataPacket(object pocketmine\network\mcpe\protocol\InventoryContentPacket, boolean , boolean )
#13 src/pocketmine/inventory/BaseInventory(446): pocketmine\Player->dataPacket(object pocketmine\network\mcpe\protocol\InventoryContentPacket)
#14 src/pocketmine/inventory/ContainerInventory(61): pocketmine\inventory\BaseInventory->sendContents(array[1])
#15 src/pocketmine/inventory/ChestInventory(72): pocketmine\inventory\ContainerInventory->onOpen(object koth\KothPlayer)
#16 src/pocketmine/inventory/DoubleChestInventory(117): pocketmine\inventory\ChestInventory->onOpen(object koth\KothPlayer)
#17 src/pocketmine/inventory/BaseInventory(406): pocketmine\inventory\DoubleChestInventory->onOpen(object koth\KothPlayer)
#18 src/pocketmine/Player(4049): pocketmine\inventory\BaseInventory->open(object koth\KothPlayer)
#19 plugins/AuctionHouse/src/sLeeD/AuctionHouseUpgraded/Task/AHWindow(24): pocketmine\Player->addWindow(object redstone\inventories\DoubleChestInventory)
#20 src/pocketmine/scheduler/TaskHandler(137): sLeeD\AuctionHouseUpgraded\Task\AHWindow->onRun(integer 2658)
#21 src/pocketmine/scheduler/TaskScheduler(179): pocketmine\scheduler\TaskHandler->run(integer 2658)
#22 src/pocketmine/plugin/PluginManager(654): pocketmine\scheduler\TaskScheduler->mainThreadHeartbeat(integer 2658)
#23 src/pocketmine/Server(2391): pocketmine\plugin\PluginManager->tickSchedulers(integer 2658)
#24 src/pocketmine/Server(2154): pocketmine\Server->tick()
#25 src/pocketmine/Server(1994): pocketmine\Server->tickProcessor()
#26 src/pocketmine/Server(1588): pocketmine\Server->start()
#27 src/pocketmine/PocketMine(273): pocketmine\Server->__construct(object BaseClassLoader, object pocketmine\utils\MainLogger, string[49] C:\Users\Administrator\Desktop\SkyBlock 1.16-LOL\, string[57] C:\Users\Administrator\Desktop\SkyBlock 1.16-LOL\plugins\)
#28 src/pocketmine/PocketMine(304): pocketmine\server()

PocketMine-MP version: 3.15.2 [Protocol 408]
Git commit: 0000000000000000000000000000000000000000
uname -a: Windows NT WIN-4P2C3VGUPNN 6.3 build 9600 (Windows Server 2012 R2 Standard Edition) AMD64
PHP Version: 7.3.23
Zend version: 3.3.23
OS : WINNT, win
Composer libraries: 
- adhocore/json-comment 0.1.0@8448076039389f558f39ad0553aab87db3f81614
- ocramius/package-versions 1.5.1@1d32342b8c1eb27353c8887c366147b4c2da673c
- pocketmine/binaryutils 0.1.12@566fa87829e007eda0bd96e39fe20b9b0d638132
- pocketmine/callback-validator 1.0.2@8321aa3ccfe63639b0d08f0cbf270755cfc99fe2
- pocketmine/classloader 0.1.1@7c0363491d1ce8f914fe96d41a4338c982adedff
- pocketmine/log 0.2.0@e59bedb5d4bbeb9a26647cb7c367cb2fa72addfa
- pocketmine/log-pthreads 0.1.1@9bbcef398b01487ab47c234a6a7054722abbe067
- pocketmine/math 0.2.5@8c46cfa95351fb0b2b30739a381310941934b55f
- pocketmine/nbt 0.2.15@f8a81d37d24eb79fb77d985a52549d68955bc6a1
- pocketmine/raklib 0.12.9@5f2a02009f486ca4d90892814570fa13ebdc078d
- pocketmine/snooze 0.1.3@849510fa62e57512b8467e3694e9b3add97038fd
- pocketmine/spl 0.4.1@ff0579a0be41bbe65d3637607715c0f87728a838
- doctrine/instantiator 1.3.1@f350df0268e904597e3bd9c4685c53e0e333feea
- myclabs/deep-copy 1.10.1@969b211f9a51aa1f6c01d1d2aef56d3bd91598e5
- nikic/php-parser v4.10.2@658f1be311a230e0907f5dfe0213742aff0596de
- phar-io/manifest 2.0.1@85265efd3af7ba3ca4b2a2c34dbfc5788dd29133
- phar-io/version 3.0.2@c6bb6825def89e0a32220f88337f8ceaf1975fa0
- phpdocumentor/reflection-common 2.2.0@1d01c49d4ed62f25aa84a747ad35d5a16924662b
- phpdocumentor/reflection-docblock 5.2.2@069a785b2141f5bcf49f3e353548dc1cce6df556
- phpdocumentor/type-resolver 1.4.0@6a467b8989322d92aa1c8bf2bebcc6e5c2ba55c0
- phpspec/prophecy 1.12.1@8ce87516be71aae9b956f81906aaf0338e0d8a2d
- phpstan/phpstan 0.12.48@d364cfbac9ffd869570cdfea7eaa6541c3dac666
- phpstan/phpstan-phpunit 0.12.16@1dd916d181b0539dea5cd37e91546afb8b107e17
- phpstan/phpstan-strict-rules 0.12.5@334898a32217e4605e0f9cfa3d3fc3101bda26be
- phpunit/php-code-coverage 9.2.0@53a4b737e83be724efd2bc4e7b929b9a30c48972
- phpunit/php-file-iterator 3.0.5@aa4be8575f26070b100fccb67faabb28f21f66f8
- phpunit/php-invoker 3.1.1@5a10147d0aaf65b58940a0b72f71c9ac0423cc67
- phpunit/php-text-template 2.0.3@18c887016e60e52477e54534956d7b47bc52cd84
- phpunit/php-timer 5.0.2@c9ff14f493699e2f6adee9fd06a0245b276643b7
- phpunit/phpunit 9.4.0@ef533467a7974c4b6c354f3eff42a115910bd4e5
- sebastian/cli-parser 1.0.1@442e7c7e687e42adc03470c7b668bc4b2402c0b2
- sebastian/code-unit 1.0.7@59236be62b1bb9919e6d7f60b0b832dc05cef9ab
- sebastian/code-unit-reverse-lookup 2.0.3@ac91f01ccec49fb77bdc6fd1e548bc70f7faa3e5
- sebastian/comparator 4.0.5@7a8ff306445707539c1a6397372a982a1ec55120
- sebastian/complexity 2.0.1@ba8cc2da0c0bfbc813d03b56406734030c7f1eff
- sebastian/diff 4.0.3@ffc949a1a2aae270ea064453d7535b82e4c32092
- sebastian/environment 5.1.3@388b6ced16caa751030f6a69e588299fa09200ac
- sebastian/exporter 4.0.3@d89cc98761b8cb5a1a235a6b703ae50d34080e65
- sebastian/global-state 5.0.1@ea779cb749a478b22a2564ac41cd7bda79c78dc7
- sebastian/lines-of-code 1.0.1@6514b8f21906b8b46f520d1fbd17a4523fa59a54
- sebastian/object-enumerator 4.0.3@f6f5957013d84725427d361507e13513702888a4
- sebastian/object-reflector 2.0.3@d9d0ab3b12acb1768bc1e0a89b23c90d2043cbe5
- sebastian/recursion-context 4.0.3@ed8c9cd355089134bc9cba421b5cfdd58f0eaef7
- sebastian/resource-operations 3.0.3@0f4443cb3a1d92ce809899753bc0d5d5a8dd19a8
- sebastian/type 2.3.0@fa592377f3923946cb90bf1f6a71ba2e5f229909
- sebastian/version 3.0.2@c6c1022351a901512170118436c764e473f6de8c
- symfony/polyfill-ctype v1.18.1@1c302646f6efc070cd46856e600e5e0684d6b454
- theseer/tokenizer 1.2.0@75a63c33a8577608444246075ea0af0d052e452a
- webmozart/assert 1.9.1@bafc69caeb4d49c39fd0779086c03a3738cbb389
- pocketmine/pocketmine-mp 3.15.2@d7a66ad7559f23d24ffe95813421a720203109b1

Loaded plugins:
RenameItems 1.1 by Wertzui123 for API(s) 3.0.0
AutoXP 1.0.1 by JackMD for API(s) 3.0.0
KhungLong 1.0.0 by xXNiceYT for API(s) 3.0.0
MSpawns 2.2 by EvolSoft for API(s) 3.0.0
InvCrashFix 0.0.1 by  for API(s) 3.14.0
KillRegen 1.1.0 by NashanPlaysYT for API(s) 3.4.0, 3.3.0, 3.2.0, 3.1.0, 3.6.0
Worlds 3.0.6 by survanetwork for API(s) 3.0.0
DevTools 1.13.0 by PocketMine Team for API(s) 3.0.0
AutoInv 0.0.10 by JackNoordhuis for API(s) 3.0.0
BuilderTools 1.2.0-beta2 by CzechPMDevs, VixikCZ for API(s) 3.0.0
StairSeat 1.5.5 by korado531m7 for API(s) 3.14.0
PM-Beacons 1.0.5-1 by jasonwynn10 for API(s) 3.0.0
MineReset 3.2.0 by Falk for API(s) 3.0.0
WorldProtect 2.3.8 by aliuly for API(s) 3.0.0
NoAdvertisingPE 1.0.1 by Vaivez66 for API(s) 3.0.0
VanillaEntityAI 1.0.0-alpha5 by jasonwynn10 for API(s) 3.0.0
ARQuest 0.2 by phuongaz for API(s) 3.9.0
MaxEnchants 1.2.1 by Xenophilicy for API(s) 3.0.0
Slapper 1.6.1 by jojoe77777 for API(s) 3.13.0
OnlineTime 1.3 by Zedstar16 for API(s) 3.0.0
SimpleWarp 4.0.1 by Falkirks for API(s) 3.0.0
BuyFly 0.1 by WoolChannel3295 for API(s) 3.0.0
NoFallDamage 1.0 by DeveloperNeb101 for API(s) 3.0.0
RedstoneCircuit 2.0.0 by tedo0627 for API(s) 3.6.0
NameTag 1 by MTwins for API(s) 3.0.0, 4.0.0
AutoSell 1 by phuongaz for API(s) 3.8.2
KeepInventory 1.0 by KhoaGamingPro for API(s) 3.0.0
BlockProtect 1.0.0 by DarkByx for API(s) 3.3.1, 3.3.4, 4.0.0
Minerloot 1.0.0 by Distoxicqted for API(s) 3.1.4
MysteryCrate 9.1.1 by JackMD, DaPigGuy for API(s) 3.9.0
CachMuaLand 1.2 by Noob for API(s) 3.1.1
ItemDropText 1.0.0 by AlexItz16 for API(s) 1.0.0, 3.0.0, 4.0.0
NameCorrector 1.0.0#build011 by PEMapModder for API(s) 3.0.0
MuaDanhHieu 3.5 by BlackPMFury for API(s) 3.0.0, 3.2.0
EconomyAPI 5.7.2 by onebone for API(s) 3.0.0
QuyenVipUI 1.2 by NightBlackDM for API(s) 3.1.1
Banking_vonfram 1 by Noob for API(s) 3.0.0
PointAPI 2.0.9 by onebone for API(s) 3.0.0
ShinPickaxeLevel 6.0.0 by shin for API(s) 3.0.0
SkyBlockUI 2.0 KSCore by KaysilGMVN for API(s) 3.0.0
essentialsTP 1.2.2 by  for API(s) 3.0.0
SizePlayer 1.0.3 by  for API(s) 3.0.0
GCPClan 1.1 by InstantlyTa for API(s) 3.0.0, 4.0.0
PiggyCustomEnchants 1.4.6 by DaPigGuy for API(s) 3.2.0
KitUI 1.3.5 by Infernus101 for API(s) 3.4.0
OrionTasks 1.0.0 by Clik for API(s) 3.0.0
KingOfTheHill 3.0.0-ALPHA1 by Tethered, iZeaoGamer for API(s) 3.0.0
sblevel 0.1 by AmGM-Encode for API(s) 3.0.0, 2.0.0
DanhHieu 3.0.0 by padreon for API(s) 3.0.0
TheoDoi 1.2.0 by HotshotHD & CodeRed2019 for API(s) 3.0.0
PlayerVaults 3.2.0 by  for API(s) 3.0.0
BuyFix 1.0.0 by HumYaiJang for API(s) 3.0.6
ScoreHud 2.0.0 by JackMD for API(s) 3.0.0
Kickk 1.1 by MCPEVN-TEAM for API(s) 3.0.0
DeTuMF 3.0.0 by CLADevs And Shin1134 for API(s) 3.0.0
InvSee 1.0.0 by BlockHorizons for API(s) 3.0.0
AutoFix 1 by Noob for API(s) 2.0.0, 3.0.0
ShellyEssentials 1.0.2 by Shelly7w7 and BlazeTheDev for API(s) 3.0.0
ChongBug 1.0.0 by shin1134 for API(s) 3.0.0
AutoClearLagg 3.1.0 by Twisted for API(s) 3.0.0
SETVIP 2.3 by MCPEVN TEAM for API(s) 3.0.0
CustomAlerts 2.1 by EvolSoft for API(s) 3.0.0
DEVirion 1.2.5-ALPHA12 by poggit, SOFe for API(s) 3.0.1
Eternity 1 by minefore and shin1134 for API(s) 3.9.0
OreGenerator 2.0.0 by vividmemory for API(s) 3.0.0
NoTP 1.0.7 by awzaw for API(s) 3.0.0
Alias 1.2.0 by Ghast Noob for API(s) 3.0.0
AntiTNT 0.1 by Adam1609 for API(s) 3.0.0
GiftCode 1 by ZulfahmiFjr for API(s) 3.0.0, 4.0.0
PHP-Sell 1.2.7 by Muqsit for API(s) 3.0.0-ALPHA9, 3.0.0-ALPHA10, 3.0.0-ALPHA11, 3.0.0-ALPHA12, 3.0.0
MuaCoinUI 3.5 by BlackPMFury for API(s) 3.0.0, 3.2.0
TableSpoon 0.0.7-ALPHA by CortexPE, Xenophilicy, HyperFlareMC for API(s) 3.13.0
1vs1 1.0.1 by VixikHD for API(s) 3.0.0, 4.0.0
MuaDoUI 2 by FurryJaki1992 for API(s) 3.0.0
FormAPI 1.1 by jojoe77777 for API(s) 3.0.0
Eff 2 by AmGM for API(s) 2.0.0, 3.0.0
PurePerms 1.4.2 by 64FF00 & ProjectInfinity for API(s) 3.0.0
Weapons 1.12.0c by xBeastMode for API(s) 3.0.0
MapImageEngine 1.1.3 by FaigerSYS for API(s) 3.0.0
PECollide 1 by saxavlax001 for API(s) 3.0.0
MenuUI 2.0 KSCore by KaysilGMVN for API(s) 3.0.0
SlapperRotation 1.2.1 by jojoe77777 for API(s) 3.0.0
Warps 2.0 KSCore by KaysilGMVN for API(s) 3.0.0
BlackSmithFGC 1.0.0 by  for API(s) 3.0.0
BuyceUIEF 0.4 by UnknownOre for API(s) 3.0.0
Marry 1.0.0 by GreenJajot for API(s) 3.0.0
ChoDenUI 3.5 by BlackPMFury for API(s) 3.0.0, 3.2.0
AuctionHouseUpgraded 1 by sLeeD for API(s) 3.0.5
EnchantUI 0.4 by UnknownOre for API(s) 3.0.0
LpkPointShopUI 0.0.4 by SaltyPixelDevz, LamPocketVN for API(s) 3.0.0
LoadWorlds 1.1 by shin for API(s) 3.0.0
iProtector 3.1.1 by LDX for API(s) 3.0.0
AntiSpam 1.3 by xBeastMode for API(s) 3.0.0
SkyBlock 1 by KhoaGamingPro for API(s) 3.0.0
ShopUI 0.0.1 by InstantlyTa for API(s) 3.0.0
PureChat 1.4.11 by 64FF00 for API(s) 3.0.0
RankShopSystem 1.0.0 by zZPROGAMERZz423 | §eFor issues report by §2Visiting GitHub.com/zZPROGAMERZz423 for API(s) 3.0.0

----------------------REPORT THE DATA BELOW THIS LINE-----------------------

===BEGIN CRASH DUMP===
eNrtXXtv27iy/ypG9uAiC8SJqLf6R5HUeW6T1Cdx292uFgVFUbYaWfTRI4lz7n73O6Rkm5QdR0lc
LHCRYjeWRvbwN+RwXqSk/25FLBvj4vstzfKYpVvvjJ2tIh7TrXfI1mzN0DTP2tlKcF4cZRnLtt79
d6uYTuDy1gA+KtrO1pjmOR5y6kE2LMc0LTqoM8F5TsNOwToTRm5oMY5T6vtpUPj+JS3uWHZzHhdF
Qo/SMMbp5YfBdZFRPH73blIWZ2mx/WtnXOZFJ6AdFnWKEe3whjtxWux08iKL02FnGN/SdKdDcJJA
Q3Ha6b3z/c85iOL7ByG0F8MXccEy3z+k+U3BJr5/fTP9kACeDtpFdvf807nvA5OQf2cJZp6R9Vh3
J6NJh6WdBH7TcTToiahMkuM44V3xT4DhCKrWKz57CzZ7wGUPmOyt4wG/57KAGjigBxkmcPjn1i9a
52Xsth3t13fPG/7u+3r4qzH+E/3VsX4FWL+gNRgKPNyD3xxkGZ4O8HDb9l7arGCxjfnfP/W/RMP6
OuHnkiIPrWoTkPm+BK37/i6LC7rNgh+UFM/DKNAYT3RDj40nrExD3g2Gaa/sh4XQAgz/6mN4mvgF
BvPVPSKhfHWPWO3QmN5G+kJCLlq3O7wduekK796YTOhscnyIU5xNayS60wrJ82A4a2FMMlYwwpI9
bkLzvTiFHgNLNN07K+j4usDk5muGJxOabVtOE1vFx/c5o/loyAKJqXOdsGIVYhBkDAoEfwVMtx3M
sxnAHksLOOpj/oNtS18PbvZ76CMuJ7Q+41NBkCVd18uPcV0NSwjmtRPsEBe4FgbpTltpVrfbfU9T
wkLax9OE4XC7spLaWiBXGCZSAPOZZhEY923dNNuCWECfNVy3iJot9hM8BVUyDM1Yz7yBRihS3Tv1
sNywYuT7H+FvxXSn8/rx2ukEjCUUp53FUSWJ/qgketOPVVe673MwPdKg/kx0RhPdYhp/wDmds9s2
l8z+DG24SaQVKvNxVPzbGEjZAprddAnSDFWEqHq2bi+vHTKqHDKy1rQ5onmxaM/RH29vGV73PUs/
TWj6mPZVrduPt37IyiChDQwIOWtAKN9tB8BprQia/XjLq7C2a999ZJqY2pKPfXx42ZPNeJ1JUg7j
NN87KEkByckpK3Mq3Hp+TumhQv48GWY4pOHeAOc3ewenX2MICe7Avj0yE3AY1l+pMWQ0zAsmY465
B1nVS1VUuGRoczKiYZnQTGA4xWkIx9vI4KMvAEMesAKx7/Ovw7UaMx+DqzLdhkSHDmnW0W3LrVpE
61u8np1to6UIY/7NqrUaXPd9trKhJTtYDQSMM/+4wCnketm2bZnrW5kD6r4fw0QbjCBaCE8pzoqA
4mJFu0sW7ppmkJhu68ZSKFkh4uMpQeq+L2KyaDZf0YT5WBNoSZrqSsWzcnW69civkeet+3U/YwQy
ZJbVbOzH2Fiu+wibvIBuq3++NP/74vACDiG4NB7h8P07YSkkVaCCM53nU7IHuX1+DvHDI861LOIE
5sEFDOA5Gw75t+rMzPT+emHCPWdhOS9lUZsG36+6xF3TJYa2pKdVd/+69dffO1v0ra7Rpq6xoaoC
dHg1dN/BzLLklvJOBcZg+uIMdG9rdp33+QprCdd56Ln17s+/3goUbwWKtwLFW4HirUDxVqB4K1C8
FSjeChRvBYq3AsVbgeKtQPFWoPh/U6DY2RpS8AA44RWKFPONGVuLn3Yv+sA9gF5abODYMnaRtatz
ehkn4dY75CJrZyvOv4f0dutdhJOcQpJd+86td6bmQiMxT8K1lv+Ad1ljqUxC3rkcdL6eXXbNvt4z
vpx87l9eduxdoyMgdDxb0zrbs69W493RNQhnrvQOxLxpiLOwcxTG3Pb82jm4OLRNXggYTaAFZ9fY
1Q04fQB/K8Srz+Hyd5ZzDGeXlwMgiJO7OBU1Asg+oBe/J3GQYW4pef/hcAQyZ3TvR87SLnynLj5o
u2hX23dN09UcWzM8w/Uiy3Ijw8OhZlkGxoHrhIERuchGHBkjGR7HZb43gUADJna37n0OAO1au2gf
hYZumHrgEkQD0HnLIK7rOsSwgYMTmEQPse0YhMuxUIpAZC1Co2tYSN+3bDvCruPqHtU0h4ZYC0LP
poYXUV0LvEALbcNFhq6y4sWjANB1b3ESh1xfBTZtV993DR1hbBASUduwDc5BcyONBJHuaI5lkYh4
nHmDIZ+HiZiHM2z7DtGAgemhEBHqRh4yI+rZoYmwaRgu8VydO5AoUjklbCg46NDp1PICGgZWaAYB
DTys27bpkIB3FHzoEXaARRjhJQ7dSSHM9byj9r0gIBTGzA00ZLoODoARjAG2saNZpqPrGJrQbEdl
NcbFqEZj7bvEtEmEPcuwUBRogR4YmgNawPsXaZ6JPMMMLKshDyS9NQdk7UcudmHwnVA3aeB4UeA4
oeda2NIt0wtt17OsgNgYqSwyfAOaWomi73r7VqRjTdc0LzJdm2Az9DTX011kWo4WYWTQICSa44Yq
lzxl7IHWHWKAQnsWgq/bOrUcC4EymrZDDdszqRcY0K2eoxlu1GQySQQHE7o0ijTL8UDhqImg82wr
hOGGKeI4yCJa5DqODuIaLnAIGeEmk8d64ArSIp6rnMEZGZYWRppuu9TTTMsDGKDE0NuuRSyDatQw
jIhSPszjKWhakO+FlE5gjk6mggnS+AjbXqAjFHnYAgVGkU000LxQxzSy7JBzRJbnUgu4pPFNDPZ2
NOlOcJYLlb01ORd9H1xthAJqIIR1Q6OapzmRFUZU0yEUMnXMhQYlpsLE4KwbM1CSNI4gwgIuoLSA
xLXAY9MoNHDkBDCVsBnoWCeGGQYRsRzXDUPdQ4Yh8ZANNIdB7CCwXd0KaeTCzMaGruvQpa5hOJFL
KI6Q51gR1ipLB90r6s8s28tolFARpgkTJljqYjKhUEMEtMykoa1HuoWxa2LHdHBoWKGFke3ppm3r
wTqWQA24KwOm4EUAp2Z72HEt6HgTRaC7kelFBgWDZpluSBAh1A7BWtpLTHmJo5vRnFd5K00wAaON
QQkD13M9EDj0dBhH4oLlgdlPiE0togcYTFAtdj6hhBcnJiNKakXQefeDtQGNtgPqgCKANnuWDcbZ
02yMIw1MD9VCF+thzQT0ca/+nE0x090HXTZJBDbSi6LQtT2YWgTUADsUYwgdETFCTGzbXmbShc8y
jYsZM2RD14Py2SH42kCzDC+k2CJgBShopGnjKHADBLYbOSuY8VCDFN0MIsJ8xtHaNwwTOolrBXKo
aWsW1SIPbJMRGhEBY4SCEIxlUGmpQCO0nZc94A/0eLVu4QnFABdmBg7AcQ3oMrBMUagHxKRO4OnQ
edjQCLTm6A1mvOjfjQua1XOZK661j4EXdcGiRDpYAg0E0yJCAtuJwE8GuhvpMDNhOBrMeL3/hlZs
uLkGfQQ77YQaDJltBZbrmRpYGkePHEQ8TDRTBxdlOw02Bb0v4M94kuCC1vPR2EcuuFdHQza1NWrp
puNQy7TAM4FdAG/rBMTSSeiaTWbxWCCyqhkJigAezPTARHpUj2xwXtSLQtAqTTdhBjjgnIyggahW
BE9oNxgiGDjbwY7nmMQMbALTBKZLFIFhQWCdEDhvU1ionELcBmYyBc8aL6wUEvbFNHXqEIfaLgw+
eEDwsyaopxPYtgsDF+imphPwTyofPvY1HM7G2bc83QAdgSkP5tvzkAdz1YlsDVwbBAHA1QKP6eFg
NRuYvNxo0W7C2E05mXc2zBgUaXzmg7HhDg6ckR2FCLocwIGD4ppgNIWEiAzPFMkUiuRgN4oMzTa5
V3Ng1hCEIRwBPdUxDx0QJRa4LW2JT0Lv42I6N8YBdgmPpzTokSgg4KtDzQgs2wRnb5gaKLcTISqi
kAWfMAZChcQAP0c808PgEMCaQBBEsUBlhIDKClydmsTQNU/tbprexhlL6xjSEi7XcF0YcxoicNoY
LBQ0DmpkexQSJx2CKgxMNA0TldH9hGUFzeZwQtcjEDw5NoL4MbA4LsPCdgDuGlNwpCCUq4E3VrgM
ExbgBKxJNS8s0TVgzRwPwikQznTcAGIgHfoFE7BuMC9CUFMCUQRxFE58rS7vsqhbrbTVKmlbyAz4
5AYrC+bMtCNL10IIk0LkYNPSjQhb4JhNhVWVr3VpCk5BHnzocvg9N7kwWC4EZ5apO2CQkcWtJERf
hqPpEDDjlexqdyW4VSoZemBHAiNAOiYBcvgkQeBTXYgXDOJpoa6ZBgkaKplRUgqfDIKm3K7MwdEQ
glew35YFYReCmA/OAmzqKIDgOAwhgAAVoZHTYJezMiO0yyZc1jodMARDLTJNjsDACHweeC8NHCD4
dyMgWsh9MwQMyMOuwrBekNYhgtL2ee/qhuNAgKsbHoSpgQfaDpYWOyjAEOFFOiiY5ikclmMOgjQd
lAlhT0MwtxAMAHJNwyaObVLTMSIIfFyhntNxxNIppKzJFPxA0iU1nFsw3i7PcIgB8RyogU0jiEXB
d/JojhtgsMAQZ7tmaAem0IdiRHNKISIAB5DGD7Wd447JAbU2iGFg8CcQV0IKZkKIAsYAZiB4csi+
YO5ZOo8L72gwZg84K/b4+ntWGTlPTP+I2B7BNDBD0yMGt9ig9RoEzjBfDAcSkSCAlE4NcxeH3fFk
njXvhw62we5DFuRFugFBfAQZjQUmBQYfchGIyXkiEKCtv+cr2SK1vKI8IeZrOLmUqcvUna3FaEAX
wjkuixHLcr6A/RUEeihjBIktpPx4EnMiHzONnwOXIKGQ/BZZCbl7SCeQCufVGnjOouJQJvBKFk+K
5xx9X4JRFUr4gjxkcryW8Ol68PXT1flh1cN5LIzHqCgm+bu9vWFcjMpgF2zu3oLfniwV9MJBWbDf
+5LUNUEVWGuK/BskpxeHmxK34sYLmLztF0tZsdmrJQDhPo7KdHjO0qEk34LWFFFTRbz//TIm9I/B
poQ8jFPWTjQO/eJ6gu9SWR1nFBm2LkpFEuijW5ZcA4BNga4bBdzz1mvo14ODq8Hn/soxubu726WA
hHPdLW64PGfpbS/D+eg4vpdkkqmyXNqSxsnyIPPlAo3L/wBYUYYnvOUovvf9qkDZZlg+gjG9okOa
yho1pzWsRFOjLqE9nPI1gryhVqb4Ki+OVZ96/YnqT/vlAkuN+v7HK/5/G0G/siwJZfWrCbKIXLNs
VcS8zG5xvdK3KR0UPH3/TgDw/TmQVuahtvK7gsnubLX6l4oZF/SQ3g4YS2RR56TGeBrNAV3UcjsD
vlNqU5aibp/XqOdIWkw7yRQukO3NedTWHuZcw9xzytLs05YN/iVjWTgq43xTgv4ApumMqe9Dcwzm
ZeUHKlBP6ukHXqOmWXMIFbI6jDC3ugEtcMNy9h4oGfUvoLf4D77E9/FN79umBCWc+WQcAnPfDyps
RTXEDaTP9XkS7D2FFfTNdYHj7JriQuqYBU3tFWvXUvvjhmU4ZJaBxs7WpoyvxNP350ikwzYj3r/o
fqCYMMU5SsSmW7e6jdjlB85ZejdNU6RtTpHnLGF8BRAY2Tmgp709TNQrCLPlkVrQVJurN63QMU42
Zmsj4BVnN6CXPLjOePPg+yUk7RxHP2MF3w/acB8zshrCGLuuKhBO4jKZbkqkilvtPyYVgmYc1tKq
XpRxFsU0CeUEZLaNoMgoX5DIC8iVFGmhUy7ZQQgiF3Eep8P+kdQvzStPxN1fcHxLH2x7U50z4+f7
DSANQpuR/4JTiITwUVrExfTgTBKyeWUp8u7iZDLC1k+ap1v9MqOi8Zjmv289Mm0bIH1fgrtGTYRb
vfp3KRYYFm61pqhuteFyJqMS8hD8oEjnvXwwZ/x8XzRef7SyP/j+KCUQJxZKxiFRmz60oZe/05RN
RnESk43NW4kln65zKMpJG+GuE7ElU3aCNUUVym4K9YP9YNTh/1QPaLwilq1afnGKu4C0NxMCJPyU
8qrfQDz5YS6kRFTlNFQpv/GtSThDG7Mpc4a+v8DwYonn3PYkgfioxryU/BVnE3lgF0RZZnPZkB7X
ju6VluUY7P0gw2keCXW6TtiddHqU55QvpiY5WPZVTjYXeO8ALwRBMvYWce/0GHykHPEKgmpwmoUq
iAx7MG9Smhi6Z21qwKumP5+1r25cMuj/5BCPxTqX5AwlcsNJqJJAvEsTXqq9pAHS0AYzL5ktd4IL
RO3Fu6p3+/XijJRxodQU1StqJLRUgypoyDRbV+3PK4oBi22IT8c/YpwA9QDL5bMZRRkdFfTF4I7X
VZtDsiOm4csj0/ie2832pRqeRF7TJGkku4K0Bv1Kp+yC6361U5613l6PPlI6me8LlStOCn3tRPk4
YvgEj3lMl7FNTROFqe8rcNpLJzbdLWcKCvmJGu0hzm4+TO8VuQxh9fin+Vqdk6FAPqcCa5XUZQlj
zaSuoj0lWQwT9T4m/wEToEYfINaLK9ALnr5fPEMRL6Y8rZn2MrE8uZBGJssCebvokRWDHRizfjw8
KaebinpniwcymNcuISiCgfw9TEYXJT7HfBPjXHyZ2oiPG4VfxoLGIKKXiptAa76fAkfI0UucVI0/
OYJ8wecwY5OBWCldFOBl8hMqeZDQ+7PiQQkUZ1/biInnYDiQZ8QRIEWPZVm9nqx4qQV9Sa5fRAlO
Qw0V7R9d4MkFC7mD2ZCllFhCMCGjapy2moUlPsTp6DSmpTwJJapaKWrk0x8SUO7+xXGZTVc456qw
9EIxeyPWAww8BKwP24/hEWEpG08P+nLFQCLKMlm7TnNuQTQTwP+bGrCane/TCgHw9H0FzZMC/buc
0vRLPPksCyQR15uKeDgqxEgdXmzKZHw563PvJXj6/gzE0/4Zpzfg4r/fsjTK8Fh20Y0ra8KpJdP3
irG5FEaPN95eu/osTgtVt+akZvDt/VTNChnfdv461boexWk/Jjf4np7zVEVOfZuXZOnsZWuew/c3
JVqz7fbDM7v3QpkrErExRJ2P12AxaSPExdM8Tk4uvlxuTJ45gPaS0HmuP5C3UyjkZhFNf3SJ+xXg
5RZB19T2nx6Q+IFWd7EpZZU5selLjZ8hgmjvnLfHyyKz4zbwT3r9XoLl1fkZZe0OnrNq23syHeBN
563xjHWBfT8imAAY3z/uHdSonoxQIUCFn03o7m0qDFo8HE57JUTy4xUl21VXVcnN5pL9ynj8FbHA
jJ/vrwDzjNw3LhSjUJ03KpnNEOcsjWiWlnmzJPSKNUuJJWS6HER7GT5lgJTfqygPkUR8IuDuJfHG
FvY4L98Xbb8gVf8I3v5TNBjR01gpqKj05t4QrXtw3j89aMy1AS1GNKPhTif+RjE7wePNhduLW33b
SpZDG6ojnVHWVlIPxicX3SPxnIIVBkN/rTP1/TyYefEnRViREzySECxp2ASHGWUbiwNqdr4/EI9T
OTi8aq9ioETskMWSEDPK0vYNVYZTVuQjVpwedv6n04PxuKKhriFvY1s3xiG/M0ss2vTG4XV13Cr0
FB7zCy4T1UTL5PVL+xsSYbbnbSJavhUtz+5Vn+NoteKgbN6rCU8YsdNy/AeOf8PpsDEi9muWG/iu
vdYxJr9r9LSUKzdz0hP195+zzXXW+nPsL7m5UewuP18b0lz0+kdfLruDo4OLjW0GFSy5F6xaf9oy
0UF5cazsrBOEJ6xS7/yA72fqHKRhh1tDhAxzY36w4i02tcTcVLUdAvCa15Sqe1c54Qn1F3nEKcvi
B5ZubN+cwlQ8QAWQPHdtRJ3MM0r7VF5XSn8vlKSqYy4ab5EB0ySZLhZWlQy4cak5NI1SS/V9587p
YFC0Dwl+oOByQDs2lxargNorW2/E0uGHUl54m5OeULh8wxNmNgFFZW+GoJWC9RKKs3M8HDbUbEFX
7cDS2tXgLs6byx+vkKSo2FX7TAkHkQCISvtkTM9dM6hhHuTTpBxf9PZUflxnjwZfzuSiQE1obINb
Zb87P8N+X9PiS9xql0GVvB0kNFNCGIWsSoF+7v0IcsugkSqOl92ZcHj0Jc4E/IWbmpGaoadVZzTN
jVxsOBSL+defjpv5wIurthVT378VUHw/pLMjCd4T6/dHBeSu4m7LRWV9Rlpj6XmZMoIYRRjGlQbl
Fet1M+a+P46ek0rTE/EsFXWhRyE/EczdxrdxOKZjlm1sj5rcvO/Xh7TdDhilTChOm5bdaWyLvXvA
dxvbFcuZ8XXEYvLixdIKELf2SYxl+1CdP5G3nYxwXnQ2uT4gmq2kEc8dauWowDUPLgcy+JqyPv8P
8RjZ2sayzLrRtvtyTuKo6In7exd1zhlpzbz+ViYRHo3j4x/Zpsucs+afsTJz2u829ufMSU3VacyE
C5HQNkWobLM3C0lrU601zlHjXH9tCMsBn4pF+da7KUrcY3GqlDcXtH9qDRcQfCOM154OWTyI6TNy
owFv7XrCFCcqEZs3FzlV3zeyPn4b/b3YAi/vJt7ZOp1OaHac4Ixe9Da2EVfZXbyAKh8/PQ3RbY4k
icXpUxv4+Y1Fp4ebnn63nO0IdJClkN2KBexPKf2Sw58XGPYTPMY3vW97QqB64wFrqqugKC63scO2
zLLpb/gmRp6nbyyErdptr5rHLBury78zytrqySNbv19zi9Cco+/XEOYHrbZJ8CdeLKI48UCMR/ue
l6c3napDkwiSJeCMnmHky4z2aabcV7+gNVemGlLY5vGxpnX+p9PPGH90xFkaxSJ03dCQfK8a8P05
IunwBdNG/La+G2jBh98TRfFEvV9tRmkoIQwUadyF/oFCmHSxap3hhVIvOPp+DWN+0O5ekckZ3w59
lA7FawGk20WUC82boY3mBvx4SLPrP643JdecIddOGUnzvJXeHvVYksRKhLWgrQmxcnyPbxN8r21u
U7rE0vcnlFQg2oaKFzQtVdNdEf6ZnRX89ob8Ofa7vsvlihXioSzLN/HMrzxxh9LmLXoDQHuZRCfI
xkCc/4MD8pw92xB/Xo/B5h2f9JRN2zJ9fYnyOcjljYDrNqTjP8qSl7YUHM8Qq5wS+vns6Fhd3qpp
avhqqkPyOb1J2V36KduYgV5w5HeHCxDPyC1wptwqUJ0/UTM+yShNf8M/2MbqdAuOHHr2nL0GvRE7
pGpyNCf9g/tbBQBRBD98Tmq08jU4cj185VtyHncv/EnfDemsFzuWdY8Nb719t9rZo4zXgvYPTp05
iPaynE9uxObQ6xFTd+82LjTz2YZc1zgppv34niaH9PZhp3OOx9XzOJ5ptuWdqrNMYY3w5/2P3ARW
RfEK6a3u+/yo5T6znAOfcOC7Qyw6BH609CQYibg2h9rkDtNFm+2rlTw4J5PbdLeADgBh4vreHaWA
LBGbq1ENcc4Pf9+YNIe/+/6i5RcXYIFPly/q7ElS1DXN64myY3tOWnsr8E9INgLOcSySDf5c4Rww
jPlWmhmgsbxg/VgMO9uPu2KP8DpjucF739QbEuqn67CUTqXbei+m/UT4O/HZQqqmlXnEujxjr+oG
QqkcQJRxZTba3SfAU93eSHnKzJzUzPCbt9xUGfgzreI8tV51P7bwZTkfcF5HvI3Bq/WPujP61iPZ
Pwe7ONpA7i/Y8FuBcXrDu/Ka31Emz8jGhScitIdv/atPJwcXR1ffHkzd6Pxvxy81DTsU/EInzvOS
5p2M8ieRdoJpfU3/EgNe/krCk7g4rXE2GD2/5+v+WVSu5IqJRJ25rjWqpnZBWzf9t/wkyN3pmD/w
XDw3k7+YYJc/bpo/tEQ8jZk/NBJn0N8FnWUe9L6gaf20//9uiQxLektBQOonys8pBCeUv+FAobHx
95AVKX9cj0StH7G5IJRZIp+H1bNd5+dRnFTPjZ1ThmPlnQkjnCtYYpjAtzKBvwlB6Isj9GUcVC++
kL+S1y9okGkTokp9NX+AuPJL0cm5SgrjcixTrvvn8ul4mv8nES96qI864km2ejekt50uf2uEpZma
A4f/OgvfdRxC4D/PprZjRXbo6NQikRbpthOZLkW2Q/hj/0Hd/8WfQyo9f3Te4BSL8dfrzSMP8aSK
RCwRkz1Uj+WffxtO78fqmDAujq5pBkI6XzrqH35Suipk34UoTSKQYnU4+SuH8lz5YvVIh98vlD5q
IIBT/iYEVSwgivfHKUTpnQk8mUH8jSAAeKQq52JufCejMr2R30fBuygeVu+pqIMc3k1hXpdMeAeI
zc9hMHsnAtfjbDopmCBU91YPw6UxjxU1EX1jyKT503qHZaWMMzjfYHZ1PvUJJiOpN//++/8AHDv3
TQ==
===END CRASH DUMP===
