PocketMine-MP Crash Dump Sun Nov 22 14:45:09 +07 2020

Error: Argument 1 passed to pocketmine\nbt\NetworkLittleEndianNBTStream::putInt() must be of the type int, string given, called in C:\Users\Administrator\Desktop\SkyBlock 1.16-LOL\vendor\pocketmine\nbt\src\NetworkLittleEndianNBTStream.php on line 70
File: vendor/pocketmine/nbt/src/NetworkLittleEndianNBTStream
Line: 37
Type: TypeError

A PLUGIN WAS INVOLVED IN THIS CRASH
BAD PLUGIN: AuctionHouseUpgraded v1

Code:

Backtrace:
#0 vendor/pocketmine/nbt/src/NetworkLittleEndianNBTStream(70): pocketmine\nbt\NetworkLittleEndianNBTStream->putInt(string[4] 1000)
#1 vendor/pocketmine/nbt/src/tag/IntArrayTag(69): pocketmine\nbt\NetworkLittleEndianNBTStream->putIntArray(array[2])
#2 vendor/pocketmine/nbt/src/NBTStream(191): pocketmine\nbt\tag\IntArrayTag->write(object pocketmine\nbt\NetworkLittleEndianNBTStream)
#3 vendor/pocketmine/nbt/src/tag/CompoundTag(346): pocketmine\nbt\NBTStream->writeTag(object pocketmine\nbt\tag\IntArrayTag)
#4 vendor/pocketmine/nbt/src/NBTStream(191): pocketmine\nbt\tag\CompoundTag->write(object pocketmine\nbt\NetworkLittleEndianNBTStream)
#5 vendor/pocketmine/nbt/src/NBTStream(149): pocketmine\nbt\NBTStream->writeTag(object pocketmine\nbt\tag\CompoundTag)
#6 src/pocketmine/network/mcpe/NetworkBinaryStream(279): pocketmine\nbt\NBTStream->write(object pocketmine\nbt\tag\CompoundTag)
#7 src/pocketmine/network/mcpe/protocol/types/inventory/ItemStackWrapper(57): pocketmine\network\mcpe\NetworkBinaryStream->putSlot(object pocketmine\item\Item)
#8 src/pocketmine/network/mcpe/protocol/InventoryContentPacket(52): pocketmine\network\mcpe\protocol\types\inventory\ItemStackWrapper->write(object pocketmine\network\mcpe\protocol\InventoryContentPacket)
#9 src/pocketmine/network/mcpe/protocol/DataPacket(127): pocketmine\network\mcpe\protocol\InventoryContentPacket->encodePayload()
#10 src/pocketmine/network/mcpe/RakLibInterface(244): pocketmine\network\mcpe\protocol\DataPacket->encode()
#11 src/pocketmine/Player(3303): pocketmine\network\mcpe\RakLibInterface->putPacket(object koth\KothPlayer, object pocketmine\network\mcpe\protocol\InventoryContentPacket, boolean , boolean )
#12 src/pocketmine/Player(3320): pocketmine\Player->sendDataPacket(object pocketmine\network\mcpe\protocol\InventoryContentPacket, boolean , boolean )
#13 src/pocketmine/inventory/BaseInventory(446): pocketmine\Player->dataPacket(object pocketmine\network\mcpe\protocol\InventoryContentPacket)
#14 src/pocketmine/inventory/ContainerInventory(61): pocketmine\inventory\BaseInventory->sendContents(array[1])
#15 src/pocketmine/inventory/ChestInventory(72): pocketmine\inventory\ContainerInventory->onOpen(object koth\KothPlayer)
#16 src/pocketmine/inventory/DoubleChestInventory(117): pocketmine\inventory\ChestInventory->onOpen(object koth\KothPlayer)
#17 src/pocketmine/inventory/BaseInventory(406): pocketmine\inventory\DoubleChestInventory->onOpen(object koth\KothPlayer)
#18 src/pocketmine/Player(4049): pocketmine\inventory\BaseInventory->open(object koth\KothPlayer)
#19 plugins/AuctionHouse (2).phar/src/sLeeD/AuctionHouseUpgraded/Task/AHWindow(24): pocketmine\Player->addWindow(object redstone\inventories\DoubleChestInventory)
#20 src/pocketmine/scheduler/TaskHandler(137): sLeeD\AuctionHouseUpgraded\Task\AHWindow->onRun(integer 8138)
#21 src/pocketmine/scheduler/TaskScheduler(179): pocketmine\scheduler\TaskHandler->run(integer 8138)
#22 src/pocketmine/plugin/PluginManager(654): pocketmine\scheduler\TaskScheduler->mainThreadHeartbeat(integer 8138)
#23 src/pocketmine/Server(2391): pocketmine\plugin\PluginManager->tickSchedulers(integer 8138)
#24 src/pocketmine/Server(2154): pocketmine\Server->tick()
#25 src/pocketmine/Server(1994): pocketmine\Server->tickProcessor()
#26 src/pocketmine/Server(1588): pocketmine\Server->start()
#27 src/pocketmine/PocketMine(273): pocketmine\Server->__construct(object BaseClassLoader, object pocketmine\utils\MainLogger, string[49] C:\Users\Administrator\Desktop\SkyBlock 1.16-LOL\, string[57] C:\Users\Administrator\Desktop\SkyBlock 1.16-LOL\plugins\)
#28 src/pocketmine/PocketMine(304): pocketmine\server()

PocketMine-MP version: 3.15.2 [Protocol 408]
Git commit: 0000000000000000000000000000000000000000
uname -a: Windows NT WIN-4P2C3VGUPNN 6.3 build 9600 (Windows Server 2012 R2 Standard Edition) AMD64
PHP Version: 7.3.23
Zend version: 3.3.23
OS : WINNT, win
Composer libraries: 
- adhocore/json-comment 0.1.0@8448076039389f558f39ad0553aab87db3f81614
- ocramius/package-versions 1.5.1@1d32342b8c1eb27353c8887c366147b4c2da673c
- pocketmine/binaryutils 0.1.12@566fa87829e007eda0bd96e39fe20b9b0d638132
- pocketmine/callback-validator 1.0.2@8321aa3ccfe63639b0d08f0cbf270755cfc99fe2
- pocketmine/classloader 0.1.1@7c0363491d1ce8f914fe96d41a4338c982adedff
- pocketmine/log 0.2.0@e59bedb5d4bbeb9a26647cb7c367cb2fa72addfa
- pocketmine/log-pthreads 0.1.1@9bbcef398b01487ab47c234a6a7054722abbe067
- pocketmine/math 0.2.5@8c46cfa95351fb0b2b30739a381310941934b55f
- pocketmine/nbt 0.2.15@f8a81d37d24eb79fb77d985a52549d68955bc6a1
- pocketmine/raklib 0.12.9@5f2a02009f486ca4d90892814570fa13ebdc078d
- pocketmine/snooze 0.1.3@849510fa62e57512b8467e3694e9b3add97038fd
- pocketmine/spl 0.4.1@ff0579a0be41bbe65d3637607715c0f87728a838
- doctrine/instantiator 1.3.1@f350df0268e904597e3bd9c4685c53e0e333feea
- myclabs/deep-copy 1.10.1@969b211f9a51aa1f6c01d1d2aef56d3bd91598e5
- nikic/php-parser v4.10.2@658f1be311a230e0907f5dfe0213742aff0596de
- phar-io/manifest 2.0.1@85265efd3af7ba3ca4b2a2c34dbfc5788dd29133
- phar-io/version 3.0.2@c6bb6825def89e0a32220f88337f8ceaf1975fa0
- phpdocumentor/reflection-common 2.2.0@1d01c49d4ed62f25aa84a747ad35d5a16924662b
- phpdocumentor/reflection-docblock 5.2.2@069a785b2141f5bcf49f3e353548dc1cce6df556
- phpdocumentor/type-resolver 1.4.0@6a467b8989322d92aa1c8bf2bebcc6e5c2ba55c0
- phpspec/prophecy 1.12.1@8ce87516be71aae9b956f81906aaf0338e0d8a2d
- phpstan/phpstan 0.12.48@d364cfbac9ffd869570cdfea7eaa6541c3dac666
- phpstan/phpstan-phpunit 0.12.16@1dd916d181b0539dea5cd37e91546afb8b107e17
- phpstan/phpstan-strict-rules 0.12.5@334898a32217e4605e0f9cfa3d3fc3101bda26be
- phpunit/php-code-coverage 9.2.0@53a4b737e83be724efd2bc4e7b929b9a30c48972
- phpunit/php-file-iterator 3.0.5@aa4be8575f26070b100fccb67faabb28f21f66f8
- phpunit/php-invoker 3.1.1@5a10147d0aaf65b58940a0b72f71c9ac0423cc67
- phpunit/php-text-template 2.0.3@18c887016e60e52477e54534956d7b47bc52cd84
- phpunit/php-timer 5.0.2@c9ff14f493699e2f6adee9fd06a0245b276643b7
- phpunit/phpunit 9.4.0@ef533467a7974c4b6c354f3eff42a115910bd4e5
- sebastian/cli-parser 1.0.1@442e7c7e687e42adc03470c7b668bc4b2402c0b2
- sebastian/code-unit 1.0.7@59236be62b1bb9919e6d7f60b0b832dc05cef9ab
- sebastian/code-unit-reverse-lookup 2.0.3@ac91f01ccec49fb77bdc6fd1e548bc70f7faa3e5
- sebastian/comparator 4.0.5@7a8ff306445707539c1a6397372a982a1ec55120
- sebastian/complexity 2.0.1@ba8cc2da0c0bfbc813d03b56406734030c7f1eff
- sebastian/diff 4.0.3@ffc949a1a2aae270ea064453d7535b82e4c32092
- sebastian/environment 5.1.3@388b6ced16caa751030f6a69e588299fa09200ac
- sebastian/exporter 4.0.3@d89cc98761b8cb5a1a235a6b703ae50d34080e65
- sebastian/global-state 5.0.1@ea779cb749a478b22a2564ac41cd7bda79c78dc7
- sebastian/lines-of-code 1.0.1@6514b8f21906b8b46f520d1fbd17a4523fa59a54
- sebastian/object-enumerator 4.0.3@f6f5957013d84725427d361507e13513702888a4
- sebastian/object-reflector 2.0.3@d9d0ab3b12acb1768bc1e0a89b23c90d2043cbe5
- sebastian/recursion-context 4.0.3@ed8c9cd355089134bc9cba421b5cfdd58f0eaef7
- sebastian/resource-operations 3.0.3@0f4443cb3a1d92ce809899753bc0d5d5a8dd19a8
- sebastian/type 2.3.0@fa592377f3923946cb90bf1f6a71ba2e5f229909
- sebastian/version 3.0.2@c6c1022351a901512170118436c764e473f6de8c
- symfony/polyfill-ctype v1.18.1@1c302646f6efc070cd46856e600e5e0684d6b454
- theseer/tokenizer 1.2.0@75a63c33a8577608444246075ea0af0d052e452a
- webmozart/assert 1.9.1@bafc69caeb4d49c39fd0779086c03a3738cbb389
- pocketmine/pocketmine-mp 3.15.2@d7a66ad7559f23d24ffe95813421a720203109b1

Loaded plugins:
AutoInv 0.0.10 by JackNoordhuis for API(s) 3.0.0
Worlds 3.0.6 by survanetwork for API(s) 3.0.0
NameTag 1 by MTwins for API(s) 3.0.0, 4.0.0
MaxEnchants 1.2.1 by Xenophilicy for API(s) 3.0.0
KeepInventory 1.0 by KhoaGamingPro for API(s) 3.0.0
OnlineTime 1.3 by Zedstar16 for API(s) 3.0.0
KillRegen 1.1.0 by NashanPlaysYT for API(s) 3.4.0, 3.3.0, 3.2.0, 3.1.0, 3.6.0
Slapper 1.6.1 by jojoe77777 for API(s) 3.13.0
MineReset 3.2.0 by Falk for API(s) 3.0.0
DevTools 1.13.0 by PocketMine Team for API(s) 3.0.0
BuilderTools 1.2.0-beta2 by CzechPMDevs, VixikCZ for API(s) 3.0.0
SimpleWarp 4.0.1 by Falkirks for API(s) 3.0.0
VanillaEntityAI 1.0.0-alpha5 by jasonwynn10 for API(s) 3.0.0
KhungLong 1.0.0 by xXNiceYT for API(s) 3.0.0
NoFallDamage 1.0 by DeveloperNeb101 for API(s) 3.0.0
AutoSell 1 by phuongaz for API(s) 3.8.2
AuctionHouseUpgraded 1 by sLeeD for API(s) 3.0.5
ARQuest 0.2 by phuongaz for API(s) 3.9.0
BuyFly 0.1 by WoolChannel3295 for API(s) 3.0.0
PM-Beacons 1.0.5-1 by jasonwynn10 for API(s) 3.0.0
AutoXP 1.0.1 by JackMD for API(s) 3.0.0
MSpawns 2.2 by EvolSoft for API(s) 3.0.0
RedstoneCircuit 2.0.0 by tedo0627 for API(s) 3.6.0
WorldProtect 2.3.8 by aliuly for API(s) 3.0.0
BlockProtect 1.0.0 by DarkByx for API(s) 3.3.1, 3.3.4, 4.0.0
NoAdvertisingPE 1.0.1 by Vaivez66 for API(s) 3.0.0
RenameItems 1.1 by Wertzui123 for API(s) 3.0.0
StairSeat 1.5.5 by korado531m7 for API(s) 3.14.0
InvCrashFix 0.0.1 by  for API(s) 3.14.0
NoTP 1.0.7 by awzaw for API(s) 3.0.0
1vs1 1.0.1 by VixikHD for API(s) 3.0.0, 4.0.0
MuaDanhHieu 3.5 by BlackPMFury for API(s) 3.0.0, 3.2.0
GCPClan 1.1 by InstantlyTa for API(s) 3.0.0, 4.0.0
Alias 1.2.0 by Ghast Noob for API(s) 3.0.0
MuaDoUI 2 by FurryJaki1992 for API(s) 3.0.0
Warps 2.0 KSCore by KaysilGMVN for API(s) 3.0.0
KingOfTheHill 3.0.0-ALPHA1 by Tethered, iZeaoGamer for API(s) 3.0.0
SlapperRotation 1.2.1 by jojoe77777 for API(s) 3.0.0
MapImageEngine 1.1.3 by FaigerSYS for API(s) 3.0.0
ChoDenUI 3.5 by BlackPMFury for API(s) 3.0.0, 3.2.0
NameCorrector 1.0.0#build011 by PEMapModder for API(s) 3.0.0
AntiTNT 0.1 by Adam1609 for API(s) 3.0.0
ChongBug 1.0.0 by shin1134 for API(s) 3.0.0
QuyenVipUI 1.2 by NightBlackDM for API(s) 3.1.1
PlayerVaults 3.2.0 by  for API(s) 3.0.0
Eff 2 by AmGM for API(s) 2.0.0, 3.0.0
FormAPI 1.1 by jojoe77777 for API(s) 3.0.0
BuyFix 1.0.0 by HumYaiJang for API(s) 3.0.6
SizePlayer 1.0.3 by  for API(s) 3.0.0
OreGenerator 2.0.0 by vividmemory for API(s) 3.0.0
MenuUI 2.0 KSCore by KaysilGMVN for API(s) 3.0.0
essentialsTP 1.2.2 by  for API(s) 3.0.0
TheoDoi 1.2.0 by HotshotHD & CodeRed2019 for API(s) 3.0.0
DEVirion 1.2.5-ALPHA12 by poggit, SOFe for API(s) 3.0.1
sblevel 0.1 by AmGM-Encode for API(s) 3.0.0, 2.0.0
OrionTasks 1.0.0 by Clik for API(s) 3.0.0
ItemDropText 1.0.0 by AlexItz16 for API(s) 1.0.0, 3.0.0, 4.0.0
GiftCode 1 by ZulfahmiFjr for API(s) 3.0.0, 4.0.0
PointAPI 2.0.9 by onebone for API(s) 3.0.0
Eternity 1 by minefore and shin1134 for API(s) 3.9.0
AutoFix 1 by Noob for API(s) 2.0.0, 3.0.0
BuyceUIEF 0.4 by UnknownOre for API(s) 3.0.0
MuaCoinUI 3.5 by BlackPMFury for API(s) 3.0.0, 3.2.0
ShinPickaxeLevel 6.0.0 by shin for API(s) 3.0.0
PiggyCustomEnchants 1.4.6 by DaPigGuy for API(s) 3.2.0
MysteryCrate 9.1.1 by JackMD, DaPigGuy for API(s) 3.9.0
AntiSpam 1.3 by xBeastMode for API(s) 3.0.0
AutoClearLagg 3.1.0 by Twisted for API(s) 3.0.0
ShellyEssentials 1.0.2 by Shelly7w7 and BlazeTheDev for API(s) 3.0.0
SETVIP 2.3 by MCPEVN TEAM for API(s) 3.0.0
ScoreHud 2.0.0 by JackMD for API(s) 3.0.0
DeTuMF 3.0.0 by CLADevs And Shin1134 for API(s) 3.0.0
Weapons 1.12.0c by xBeastMode for API(s) 3.0.0
DanhHieu 3.0.0 by padreon for API(s) 3.0.0
CachMuaLand 1.2 by Noob for API(s) 3.1.1
Marry 1.0.0 by GreenJajot for API(s) 3.0.0
PHP-Sell 1.2.7 by Muqsit for API(s) 3.0.0-ALPHA9, 3.0.0-ALPHA10, 3.0.0-ALPHA11, 3.0.0-ALPHA12, 3.0.0
iProtector 3.1.1 by LDX for API(s) 3.0.0
SkyBlockUI 2.0 KSCore by KaysilGMVN for API(s) 3.0.0
InvSee 1.0.0 by BlockHorizons for API(s) 3.0.0
EconomyAPI 5.7.2 by onebone for API(s) 3.0.0
Banking_vonfram 1 by Noob for API(s) 3.0.0
Kickk 1.1 by MCPEVN-TEAM for API(s) 3.0.0
EnchantUI 0.4 by UnknownOre for API(s) 3.0.0
PurePerms 1.4.2 by 64FF00 & ProjectInfinity for API(s) 3.0.0
TableSpoon 0.0.7-ALPHA by CortexPE, Xenophilicy, HyperFlareMC for API(s) 3.13.0
PECollide 1 by saxavlax001 for API(s) 3.0.0
KitUI 1.3.5 by Infernus101 for API(s) 3.4.0
Minerloot 1.0.0 by Distoxicqted for API(s) 3.1.4
CustomAlerts 2.1 by EvolSoft for API(s) 3.0.0
LoadWorlds 1.1 by shin for API(s) 3.0.0
BlackSmithFGC 1.0.0 by  for API(s) 3.0.0
SkyBlock 1 by KhoaGamingPro for API(s) 3.0.0
ShopUI 0.0.1 by InstantlyTa for API(s) 3.0.0
PureChat 1.4.11 by 64FF00 for API(s) 3.0.0
RankShopSystem 1.0.0 by zZPROGAMERZz423 | §eFor issues report by §2Visiting GitHub.com/zZPROGAMERZz423 for API(s) 3.0.0

----------------------REPORT THE DATA BELOW THIS LINE-----------------------

===BEGIN CRASH DUMP===
eNrtXXtT47iy/yop9tQttmoCkvyeP6ZgAgzsApMDmcfOemtKluXEi2Pl+BEI5+53vy3ZSSwHQoBs
bdWtmdoldidp/Vpq9Uuy8t+dSGRjWnyf8iyPRbrz1nizU8RjvvMW28hGBsbIe7OT0Lw4zjKR7bz9
704xm8DbOwN4qWhvdsY8z+lQUg+zYTnmadHBnQnNcx52CtGZCHbDi3Gcct9Pg8L3L3lxK7Kb87go
En6chjFNL98ProuM0/Hbt5OyOEuL3Z874zIvOgHviKhTjHhHNtyJ0+JNJy+yOB12hvGUp286jCYJ
NBSnnd5b3/+Ugyi+fxhCezF8kBYi8/0jnt8UYuL71zez9wng6eA9bHfPP577PjAJ5WdWYOYZW491
bzKadETaSeA7HQdBT0RlkpzEieyKfwKMRFC1XvHZX7LZBy77wGR/HQ/4vpQF1MABPcgog8vfd35C
nZex23XQz2+fN/zdd/XwV2P8u/lHByOEfgZkP+E1MAo63IevHWYZnQ3ocNf2XtqyYrFL5d/fyR+q
YbJO/oWw2MMPtQnIfL8BrfvuNosLviuCPzkrnodRoTGe6IaeGE9EmYayGwzTfrAflkIrMPKjj+Fp
41cYzFf3SAPlq3vE2gyN6W2lLxrIVet2R7bTbLrCuz9mEz6fH+/jlGazGglxNkLyPBjOWhiTTBSC
iWRfWtF8P06hx8AYzfbPCj6+Lii7+ZLRyYRnu5bTxlbx8X3JaDEaTYHU1LlORPEQYhBkDAoEfxVM
dzOYZ3OAPZEWcNWn8gu7FlkPbv596CMpJ7Q+51NBaEq6rpcf4/owLCWYt5lgR7SgtTCYOJtK83C7
3Xc8ZSLkfTpLBA13KyuJ1gK5ojCRApjPPIvAvu8S09wUxBL6vOG6RdxusZ/QGaiSYSBjPfMWGqVI
de/Uw3IjipHv/wp/K6ZvOq8frzedQIiE07SzvKokIY9KQtqurHqn+y4H09MY1L8TndFGt5zG72nO
F+x2zRWzP0cbbhNphcp8HJX8NAVStoRmt11CY4ZqQlQ9W7eX1w4ZVw4ZW2vaHPG8WLbnkMfbW4XX
fSfSjxOePqZ9Vev2460fiTJIeAsDxs4aENpnNwPgbKwIyH685Yewbta++8g0MdGKj318eMWTzXid
SVIO4zTfPyxZAfnJqShz3tklP0OwSzPl3/Nzzo+09z9NhhkNebg/oPnN/uHplxhig1swdI9MCRqG
9UdqMBkP80I0wcfSlTzUXVV4uGJxczbiYZnwTGE4pWkI17vYkGqgAENO8ABi35cfh/dqzHIwrsp0
F5IePuRZx8WGW7WI17d4Pb/bxSuhxuKTVWs1uO677MGGVgxiNSIw4PLlgqaQ92W7tmWub2UBqPtu
DDNuMIKwITzlNCsCTosH2l0xddc8gyR1lxgrMWWFSI5nA1L3XRGzZbP5A02YjzWBV6Sp3ql4Vj6P
WI98G3veum/3M8EgWxZZzcZ+jI3luo+wyQvotvrrK4agry4v4BKiTOMRDt+/M5FCggUqONd5OTd7
kOfn5xBIPOJlyyJOYB5cwACei+FQfmqepXl/vDD5XrCwnJeyqG2E71dd4q7pEgOt6GnV3T/v/PHX
mx3+o8axSY1jSxUG6PBq6L6DmRXJlMtOBcZg+uIMdG9n/r7s8wesJbwvY9Cdt7//8aNY8aNY8aNY
8aNY8aNY8aNY8aNY8aNY8aNY8aNY8aNY8aNY8aNY8aNY8f+yWPFmZ8jBFdBEVitSKjds7Cy/2r3o
A/cAemm5sWPH2MPWHpH0Mk7CnbfYxdabnTj/HvLpztuIJjmHhLt2ojtvTeRCI7FMyNGG/4B3WWOp
TELeuRx0vpxdds0+6RmfP3zqX1527D2joyB0PBuhzu78o9V4dwiCuOaKdCD4TUOahZ3jMJa25+fO
4cWRbcqiwGgCLTh7xh4x4PYeHK8Sr76Ht7+LXGI4u7wcAEHd3MapqhdAGgK9+D2Jg4xKSyn7j4Yj
kDnj+3/mIu3CZ+pCBNrDe+jANU0XOTYyPMP1IstyI8OjIbIsg9LAdcLAiFxsY4lMsIyO4zLfn0DE
ARO7W/e+BID3rD18gEODGCYJXIZ5ADpvGcx1XYcZNnBwApORkNqOwaQcS6UIVPqiNLqGhcmBZdsR
dR2XeBwhh4cUBaFnc8OLOEGBF6DQNsB+EJ2VLCQFgK47pUkcSn1V2NAeOXANgik1GIu4bdiG5IDc
CLEgIg5yLItFzJPMWwzlPEzUPJxjO3AYAgamh0PMuBt52Iy4Z4cmpqZhuMxziXQgUaRzSsRQcSDQ
6dzyAh4GVmgGAQ88SmzbdFggOwpeSEQdYBFGdIVDd1Ioc73oqAMvCBiHMXMDhE3XoQEwgjGgNnWQ
ZTqEUGgC2Y7OakyLUY3GOnCZabOIepZh4ShAAQkM5IAWyP7FyDOxZ5iBZbXkgey35oCtg8ilLgy+
ExKTB44XBY4Teq5FLWKZXmi7nmUFzKZYZ5HRG9DUShSy5x1YEaGIIORFpmszaoYecj3iYtNyUESx
wYOQIccNdS55KsQ9rzvEAIX2LAwftwm3HAuDMpq2ww3bM7kXGNCtnoMMN2ozmSSKgwldGkXIcjxQ
OG5i6DzbCmG4YYo4DrYYilzHISCu4QKHUDBpMmXQB64gLeKFyhmSkWGhMELEdrmHTMsDGKDE0Nuu
xSyDI24YRsS5HObxDDQtyPdDzicwRyczxQQjOcK2FxCMI49aoMA4shkCzQsJ5ZFlh5IjtjyXW8Al
jW9isLejSXdCs1yp7NSUXMiBDTMbB9zAmBIDceQhJ7LCiCMCoZBJqBQalJgrE0OzbixASdI4gggL
uIDSAhLXIrbFo9CgkRPAVKJmQChhhhkGEbMc1w1D4mHDaPBoGmgJg9lBYLvECnnkwsymBiEEutQ1
DCdyGacR9hwroqiydNC9qhYtsv2MRwlXYZoyYYolUZMJhwgz0DKThzaJiEWpa1LHdGhoWKFFse0R
07ZJsI4lUAPpyoApeBHAiWyPOq4FHW/iCHQ3Mr3I4GDQLNMNGWaM2yFYS3uFqax1dDOey4pvpQkm
YLQpKGHgeq4HAocegXFkLlgemP2M2dxiJKBggmqx8wlnskoxGXFWKwKR3Q/WBjTaDrgDigDa7Fk2
GGcP2ZRGCEwPR6FLSVgzAX3cr1/nU8x0D0CXTRaBjfSiKHRtD6YWAzWgDqcUQkfMjJAy27ZXmXTh
tUzjYs4M29D1oHx2CL42QJbhhZxaDKwAB400bRoFboDBdmPnAWYy1GBFN4OIMJ9ztA4Mw4ROklqB
HW7ayOIo8sA2GaERMTBGOAjBWAaVlio0Sttl/QP+QI9XaxieUgxwYWbgABzXgC4DyxSFJGAmdwKP
QOdRAzFozSEtZnIBoBsXPKvnslRc64ACL+6CRYkIWAIEgqGIscB2IvCTAXEjAjMThqPFTNb+b3jF
Rppr0Eew006IYMhsK7Bcz0RgaRwSOZh5lCGTgIuynRabgt8V8Gc8SWjB6/loHGAX3KuDsM1txC1i
Og63TAs8E9gF8LZOwCzCQtdsM4vHCpFVzUhQBPBgpgcm0uMkssF5cS8KQasQMWEGOOCcjKCFqFYE
T2k3GCIYONuhjueYzAxsBtMEpksUgWHBYJ0wOG9TWaicQ9wGZjIFzxovrRRW9sU0CXeYw20XBh88
IPhZE9TTCWzbhYELiIkIA/+k85FjX8ORbJwDyyMG6AhMeTDfnoc9mKtOZCNwbRAEAFcLPKZHg4fZ
wOSVRot3EyFuysmis2HG4AjJmQ/GRjo4cEZ2FGLocgAHDkpqgtEWEiIyOlckUymSQ90oMpBtSq/m
wKxhmEI4AnpKqAwdMGcWuC20wifhd3ExWxjjgLpMxlMIeiQKGPjqEBmBZZvg7A0TgXI7EeYqClny
CWMgVEgM8HPMMz0KDgGsCQRBnCpURgiorMAl3GQGQZ7e3TydxplI6xjSUi7XcF0Ycx5icNoULBQ0
DmpkexwSJwJBFQUmCFGmM7qbiKzg2QJO6HoMgifHxhA/BpbEZVjUDsBdUw6OFIRyEXhjjcswEQFN
wJpU88JSXQPWzPEgnALhTMcNIAYi0C+UgXWDeRGCmjKIIpijcZLrdnlXRN1q1a1WSdvCZiAnN1hZ
MGemHVkEhRAmhdihpkWMiFrgmE2NVZWvdXkKTqE5+NDl8H1pcmGwXAjOLJM4YJCxJa0kRF+GgwgE
zPRBdrW7UtwqlQw9sCOBEWBCWYAdOUkw+FQX4gWDeSgkyDRY0FLJjLNS+WQQNJV2ZQGOhxC8gv22
LAi7MMR8cBdQk+AAguMwhAACVIRHTotdLsqM8a6YSFnrdMBQDFFkmhKBQTH4PPBeCBwg+HcjYCiU
vhkCBuxRV2NYL04TiKDQgexdYjgOBLjE8CBMDTzQdrC01MEBhQgvIqBgyNM4rMYcDCMCyoSphzDM
LQwDgF3TsJljm9x0jAgCH1ep52wciXQGKWsyAz+QdFkNZwrG25UZDjMgngM1sHkEsSj4ThnNSQMM
FhjibNcM7cBU+lCMeM45RATgANL4vrZz0jE5oNYGMwwK/gTiSkjBTAhRwBjADARPDtkXzD2LyLjw
lgdjcU+zYl+uxWeVkfPU9I+Y7THKAzM0PWZIiw1ajyBwhvliOJCIBAGkdHqYu7zsjieLrPkgdKgN
dh+yIC8iBgTxEWQ0FpgUGHzIRSAml4lAgHf+Wqxqq9TysCzEWTptZOlzypud5SggOZOkPaNlMRJZ
Ltexf4Ek7VKILByVcS4TfjqJJV2OGJL3PKVBwiH1LbISMveQTyARzqvV8FxExVGTIOtY0NCfwDSd
M/V9aE6A/5X1vTkomcnJWsLH68GXj1fnR1UP57EyHjsg3BeRJWHeEKgmNOWRGG1dnLzMprSu2G9L
GsXT928VAN9fAFkrw6goJvnb/bo0mO8pJnvzVaefKmZS0EsQb0CHDUnnlKaoWBfzYnArR74t4Btl
QF4saBTfydpkVe3aZJAu6N1xykaQbzVHqknVZJApqi7HV55CcB0nMYTXWxqtBktZlltA0W42Ee5X
yAAXNe2GeDpdF7A1uX4dCfqBwiwf9jOxLQE1pr6vwakKkZtI9zGVfnagnsFaiNYg6nIZulzf5GIA
zbC9LZkWDH1/iWEzYeYTbRgXozLYgwBtf8FtvyGQHFFwJFd8yNPmaC5ousQrY3lJc1AduT6S/zbQ
5DbVR2VhsHol9SuuX+2X90ujURjpK/n/JoN7najF/IaYc4oupN2ej3+KPwV35D9NQmy8wnpWLb94
MJeQ9udCSMsDw3oFbr1o2p0FTXcSpD2UJzTZmnOIgFec3cDwSGeeyeZB1AaSJwfriE8HQiRNC7og
tXTSaEuyrMV3BnLX25aEmrcv1xgWSGpBrgeHV4NP/aeGbYlsf8EDhH0vK/I8awuskds+A3UDXlCi
S96752zUvwDe8guf47v4pvdtW/IzyXwyDoG57wcVtqLqkBbS52pzA/a+xkrO2ljmll9oNmlO3CWx
2S/Sz+NVrZaa+LpOADZ5MchomkfKXFwn4rZxewzBr6yuJnn/eOehWZArvLeA1/c17E/Og880BVtM
j4F9MTs8a/RB+52WzwUFoclkRK2WLaO5SG9naYrRK7ukX2ZcNR7z/OtOM8xdtOD7LZC+34C7Zuoo
vzQq0+G5SJtB4JK2Iq0u5t3Xy5jxlkt6zdyPU7F5GHEpQO2SIzpW9b5lCNskrw2RYCbwRKaslzzA
CG/RgjXZ+n4T0ebiyYTlmidJK7FSpDXh+WRUwsjRe00ad4+8VJo5vyqDkq0/R4QHtjQ3xXlwx/Oj
oqmdGq1Rsl4cG6zb9rGxgFf/LtXiyFKmmqLnvmSDMfJernHLMVKN1y+bCPC+nJ0kM80bKoIOvzUO
X8Br9CA2THliEM/a1rypmv50tnn39y+67zllIm368waxbb6sLv6b7PQjhjlQQMBzLwBtNO2/9luT
/mt/RRa8Wku5ONqWEBW3asp/7b84fq7Y7NcSyND5ekJvtdGaU5rikfZ8OZ6K5Bqgbku8ulGQa9H6
BhHm7e3tHgckkutecSPluap3pvXijJVx0w6039HlW/GkBQ8Fsome+rwieVtumdOH7rEwQBWWIKcv
5EMprcLXnKyLAE5FF4EmcZlsrZRScasrX5MKwSbCPKCFF2WcRTFPwmblc76Rsci43AmRFzzb16SV
xlGuBq92ikZ+IkI6otnN+9md1iuGmrvy1Xxt1awJBayMDmyDAOowBPRFnMuCzrEWQ+nvPGF8PtN4
yu/trZVk5vxk6KQBaRE2EfKKS5nkswa5Nj2X1Fai2/J10NZ9GWNibEu4JUffb8B4sZFd8ttvSiWT
uoLG2TWnTeVd0nSxrb1WCnMjIBYSloHHrXqM+XLRGzwhQ5sjaVxuMqBn6bSX0Xx0Et815GpSV9Yd
NMm2Jcy4/A+gUnuSmWw5iu+eU7++FIO+NuMGqz7eaVnY23t6uzUDK5n5fiqKyYtVrwIEwuBpjhvC
qNunbIYsm5webXsdYSrZjiCEB+c3zZUH/Jjyzzn8eYGAHyBnu+l921cCyfilpEc0HZ3GvGzGMA2q
Xv5rzan3CQRE/YuTMps9IHdVLXyh3L2R6AEGGT3Xl5uH0R96/V5Cm5XpOWWtaTyrtrslswHd9ijG
c9YF9f2IUQZgfP+kd1ijenIcYRjhaxO+N01VUJ3EtGn+q/uVYp8u34cRhAWdSyGCbc051Ww1Lmpv
90brXKBc4tNZS90kRYvHWvW4Mstmv9CbGHse2VrUXLW7uV7J6pu2jKruW5Fw59frnsh4a/GKzvI4
+XDx+XJrXle2vTn0XyG6+BgNRvw01iowOr29IIy6h+f908PWPBnwYsQhIH/Tib9xKsCmgIfYkljL
53Q2laxeyLgShdqosbpOs3jnifXTR9ZrXiFMC8Dmo3VBJ2eyuHacDtWD943lYO2N9jKb0a5ix0Oe
Xf92vS2BFgylKE0k7ftNhASzfsRTzRIsSP+g11EAlNOBq2cUb0ECmPdZvZlJ24CwpK9kVz+pFRGE
W7rYP4b+vBBhuL2Z1WAJWUcTVet2o6JOWsSDy0HTA9WUtYW2w5COsY28rfmfqtFNiwIwpunwfTnU
Na4iPZH35qM4xdgwt2Yaan5K0eYInuz2f5cznn6OJ9qkaRBbFq616B4PR4WaO0cXega0h1+c2J71
ZZquePr+HMTTdU71ZORnWibaZheNvH7deUvDMM95JqrlqWp5/uDmAseT4hzL/acLKY7V9tRHQ5nD
8Ydm95OF2XqFGNAk9n3JGW9usU5ENj7sNzVpTlkbJW/fTS45QkhcQVhcbFrz13LnmvDElD4tx7/R
+BeaDluC2K8p+MukeePQJb7nla5pi9QLYlsA4++YAqq9c9meXGSeX2+07SnjH9QTjbrH08hPlImn
8TQOx3wssq0VWpvN+359uVFAcsHTUk9MKsI/GOA/Jzvhi+0EWiFGI7dDYPJ3aFSzRd9vtf+kGJCL
iCMRNySYU55Ib09FkY9EcXrU+Z9OT4T8iocE4a3FGmwcyofy1Par3ji8rq432pR0/DnO9NRkQWrL
ZNUZV3uBVQyHatHl+uMJb0n0YuddMfX9qYLi+yGfXzXgPRFS5dDqlDczyjllfSAIrqp7rI54eSCE
J6+NrHw/D85rFBuYMQApzxDINSO2ID7hRnpJvLUNcJKX76u2X7ANVdbJjzIxGajnH5aV5Cb5CWEO
E353Vtxrm1GxFqG8shAmwUggzyjmxVHRU0+vLKt5c9KavRXfyiSio3F88me27WLevPlnrOuLOC30
WGtBantIT5dDpDyA/7elYaGQj7vLhJ0zkYrxDJj6/nF1vWG8dVzwLFVPbS1j3jlpzYjIZiNwnB2a
hp0H86lX7BiZM/f9cfS8LUl66DinrJGjVUDdSgAPziSodidUjW8S8zL+6ez4RA97a5pue00d/6f0
JhW3KcRJ21KqJUe5p1OBeEatq6Q9mAvtinBN+6cKQYDgGxPSk0DkMYifUwmSDqgfsxt6x89bvnHl
raZ49sNVh21WHJptP8N6xcPhrFfmhRg/8ITKQ+/qXsZsP1h0ROFLH0p90F4xWHN+kLmvgnmGJs7k
rolZT+ULDWVskpuSeXv4kV1Lbx4W0Xv9BqYmmNduY9IEq4t61xM6blX1FGntIyx37znNi4uHgrkX
insXSI5j5WTlCRQ5YBjLyHsOaNwMvR8LTqU97SWcZud0OGwZ+SVdNzErm2oHtzF0U7gtyYqKXfUg
H5MgEgBR2f4mpueOaQ3zMJ8l5fiit6/zU2aJJ8lsuedcM0utt9pRYisbqT7v3DrKlYMVvueQox3x
6fZslQ7oGcb3ePD5rJn+1oTWXq/WE4C9/vHny87g+PBia2uLiqU8Eav4HG+0Zf9aHmd0Wjb3Ey9I
T1RR/p69kvPWN+/8Iz4oL060Z28UYWVZsZVBnR/KZzg6h6BM11uus9e81WNEz1qC+8LpRN+HO6e0
qqMwHuxvN4cLjr5fw1hcbDQwq3s8HtngsTI4ExpmXGwtCqnZ+f5AHbZ8eHS1+ZD0KBtBXHZO0+Yk
aVLXr3+0Nz68Yt0jgdbkXiMZtY9LmlSNb7Cum2mPv1b3T+TkHzLO01/on2Jr24WXHGXnZ8+pMfRP
+93WQxwLUruW1drtdaHWWtoyVPUub55A1eUv1LrHrXvy2oRLAj5Vg7ip5HG9EVWrdTeI7TCiFRme
H33d1vABK99ftvziMBD4dKWf2m9IIR1RfQKilpE1iP9MOXwJ4BkFsXR6zbm+qVISnphwqp1TkcX3
It3aMQ4aU3XeMSB5zv7KRo2mUXdpFm6WQll7Ttv6bbmOVLN7TRnpPU1v4nT4fSrSKNOyjvY7mxdj
XiXTpTLnsvHn7KtiNzfafip5v3YBtQoNu39HtDlv/WllqpJjbYovaf9g+WgB4hkuqcx4n2fadvgl
rV2KaE0L2zw5QajzPx0wgfJAorM0ilUhc0uyfa8a8P0FosblC2y2+m79qMeSj1w2k9iuJ0JbZmoQ
23vIncqTtiJxeXjVnXo+onmayJud09mEZycJzfhFb2unGWiniyyhNq+fzvH7xz2RJLG2PrCkrXv4
kt7RaULv0PYelG2w9P0JWEYFYtPdSb/G+nys7luFl3YJFPSVZ2mZtx/3fcVzAA2W0qI8ay7KMwqy
RIj2URIV7alni+K8EHcx+0+73ALz9uVPYC95+n7xjKpnVUU8THimlTs1sh4K4b/3Ib9my77fwvGy
x/1k9LFyOFSDuNaPbbM4vWxz82hWGkY2maZ7hZhUT7dRdnM9Blt58qGnPd7WpK/XweeI0wy+1h0x
RH8rS+mcNRzPqGjVge8Dwfg687bF45L0KLM+jASCv1nj+IaLWT9R6aR6fdrYXY+EvouxJqx/1Gnt
IxpbGKscQJQQyC7AbBR89EbaE2kLUjv0aG/yrUKD58mx9PkPnTaiHv3P5YBLBz6NRZn3j7tz+s4j
YYkEu7zaQlCi2MhHFSGUll15LRcamgF+640n/ML9t/7Vxw+HF8dX3+5NYnT+t+OXCFGHn4isE+d5
yfNOxuXBm51gVr9HPseAV/4a34e4OK1xthg9v+fr/lnuTWyGcg3qfG1/jarpXbCpOfirefDh3mws
z/dWx0TKc/j35OnK8lFSdfiwPCORQvbECz43bfyu4Gl9uP1/d1TW3jiUP2D1AeoLCqMJlwf6azQx
/h6KIpWnRTWo9YmSS0KZJc37sDrKdHEfxUl1TOqCMhxrPxEwormGJYYJPG0S5MH/Sl8cpS/joPqd
h+ZH8vr3CJq0CdOlvlqcl619U3VyrpPCuBw3Kdf98+bteJb/J1G/a1BfddTBraQb8mmnK38kwUIm
cuDyX2fh247DGPzn2dx2rMgOHcItFqGI2E5kuhzbDpOn3IO6/0seu9k4bnPR4Iyq8Sf1mtV9PKnc
tKVStvvqFPrFp+H2bqyPiZDiEIQMjImswPWPPmpdFYrvSpQ2EUixPpzyp3byXPtgdWDR1wutj1oI
4FYe/K+LBUT1u2kasfETAXKpGMsfwADAI105l3PjOxuV6U3z5xdkF8XD6mcZ6hKd7KYwr6uVsgPU
zrUwmP8EgNTjbDYphCJUj7kPw5UxjzU1UX1jNEmLw2mHZaWMczjfYHZ1PvYZZaNGb/711/8B5Kyk
TA==
===END CRASH DUMP===
