PocketMine-MP Crash Dump Thu Nov 19 15:38:20 +07 2020

Error: Argument 2 passed to ShinPickaxeLevel\provider\DataProvider::savePlayer() must be of the type array, null given, called in C:\Users\Administrator\Desktop\SkyBlock 1.16\plugins\PickaxeLevelV6\src\ShinPickaxeLevel\Main.php on line 92
File: plugins/PickaxeLevelV6/src/ShinPickaxeLevel/provider/DataProvider
Line: 33
Type: TypeError

THIS CRASH WAS CAUSED BY A PLUGIN
BAD PLUGIN: ShinPickaxeLevel v6.0.0

Code:

Backtrace:
#0 plugins/PickaxeLevelV6/src/ShinPickaxeLevel/Main(92): ShinPickaxeLevel\provider\DataProvider->savePlayer(object koth\KothPlayer, NULL )
#1 src/pocketmine/plugin/MethodEventExecutor(42): ShinPickaxeLevel\Main->onQuit(object pocketmine\event\player\PlayerQuitEvent)
#2 src/pocketmine/plugin/RegisteredListener(80): pocketmine\plugin\MethodEventExecutor->execute(object ShinPickaxeLevel\Main, object pocketmine\event\player\PlayerQuitEvent)
#3 src/pocketmine/event/Event(88): pocketmine\plugin\RegisteredListener->callEvent(object pocketmine\event\player\PlayerQuitEvent)
#4 src/pocketmine/Player(3643): pocketmine\event\Event->call()
#5 src/pocketmine/network/mcpe/RakLibInterface(176): pocketmine\Player->close(object pocketmine\lang\TranslationContainer, string[21] Internal server error)
#6 vendor/pocketmine/raklib/src/server/ServerHandler(95): pocketmine\network\mcpe\RakLibInterface->handleEncapsulated(string[20] 14.246.128.239 59305, object raklib\protocol\EncapsulatedPacket, integer 0)
#7 src/pocketmine/network/mcpe/RakLibInterface(109): raklib\server\ServerHandler->handlePacket()
#8 src/pocketmine/network/mcpe/RakLibInterface(99): pocketmine\network\mcpe\RakLibInterface->process()
#9 vendor/pocketmine/snooze/src/SleeperHandler(123): pocketmine\network\mcpe\RakLibInterface->pocketmine\network\mcpe\{closure}()
#10 vendor/pocketmine/snooze/src/SleeperHandler(85): pocketmine\snooze\SleeperHandler->processNotifications()
#11 src/pocketmine/Server(2157): pocketmine\snooze\SleeperHandler->sleepUntil(double 1605775100.5472)
#12 src/pocketmine/Server(1994): pocketmine\Server->tickProcessor()
#13 src/pocketmine/Server(1588): pocketmine\Server->start()
#14 src/pocketmine/PocketMine(273): pocketmine\Server->__construct(object BaseClassLoader, object pocketmine\utils\MainLogger, string[45] C:\Users\Administrator\Desktop\SkyBlock 1.16\, string[53] C:\Users\Administrator\Desktop\SkyBlock 1.16\plugins\)
#15 src/pocketmine/PocketMine(304): pocketmine\server()

PocketMine-MP version: 3.15.2 [Protocol 408]
Git commit: 0000000000000000000000000000000000000000
uname -a: Windows NT WIN-4A4JKK157BG 6.3 build 9600 (Windows Server 2012 R2 Standard Edition) AMD64
PHP Version: 7.3.23
Zend version: 3.3.23
OS : WINNT, win
Composer libraries: 
- adhocore/json-comment 0.1.0@8448076039389f558f39ad0553aab87db3f81614
- ocramius/package-versions 1.5.1@1d32342b8c1eb27353c8887c366147b4c2da673c
- pocketmine/binaryutils 0.1.12@566fa87829e007eda0bd96e39fe20b9b0d638132
- pocketmine/callback-validator 1.0.2@8321aa3ccfe63639b0d08f0cbf270755cfc99fe2
- pocketmine/classloader 0.1.1@7c0363491d1ce8f914fe96d41a4338c982adedff
- pocketmine/log 0.2.0@e59bedb5d4bbeb9a26647cb7c367cb2fa72addfa
- pocketmine/log-pthreads 0.1.1@9bbcef398b01487ab47c234a6a7054722abbe067
- pocketmine/math 0.2.5@8c46cfa95351fb0b2b30739a381310941934b55f
- pocketmine/nbt 0.2.15@f8a81d37d24eb79fb77d985a52549d68955bc6a1
- pocketmine/raklib 0.12.9@5f2a02009f486ca4d90892814570fa13ebdc078d
- pocketmine/snooze 0.1.3@849510fa62e57512b8467e3694e9b3add97038fd
- pocketmine/spl 0.4.1@ff0579a0be41bbe65d3637607715c0f87728a838
- doctrine/instantiator 1.3.1@f350df0268e904597e3bd9c4685c53e0e333feea
- myclabs/deep-copy 1.10.1@969b211f9a51aa1f6c01d1d2aef56d3bd91598e5
- nikic/php-parser v4.10.2@658f1be311a230e0907f5dfe0213742aff0596de
- phar-io/manifest 2.0.1@85265efd3af7ba3ca4b2a2c34dbfc5788dd29133
- phar-io/version 3.0.2@c6bb6825def89e0a32220f88337f8ceaf1975fa0
- phpdocumentor/reflection-common 2.2.0@1d01c49d4ed62f25aa84a747ad35d5a16924662b
- phpdocumentor/reflection-docblock 5.2.2@069a785b2141f5bcf49f3e353548dc1cce6df556
- phpdocumentor/type-resolver 1.4.0@6a467b8989322d92aa1c8bf2bebcc6e5c2ba55c0
- phpspec/prophecy 1.12.1@8ce87516be71aae9b956f81906aaf0338e0d8a2d
- phpstan/phpstan 0.12.48@d364cfbac9ffd869570cdfea7eaa6541c3dac666
- phpstan/phpstan-phpunit 0.12.16@1dd916d181b0539dea5cd37e91546afb8b107e17
- phpstan/phpstan-strict-rules 0.12.5@334898a32217e4605e0f9cfa3d3fc3101bda26be
- phpunit/php-code-coverage 9.2.0@53a4b737e83be724efd2bc4e7b929b9a30c48972
- phpunit/php-file-iterator 3.0.5@aa4be8575f26070b100fccb67faabb28f21f66f8
- phpunit/php-invoker 3.1.1@5a10147d0aaf65b58940a0b72f71c9ac0423cc67
- phpunit/php-text-template 2.0.3@18c887016e60e52477e54534956d7b47bc52cd84
- phpunit/php-timer 5.0.2@c9ff14f493699e2f6adee9fd06a0245b276643b7
- phpunit/phpunit 9.4.0@ef533467a7974c4b6c354f3eff42a115910bd4e5
- sebastian/cli-parser 1.0.1@442e7c7e687e42adc03470c7b668bc4b2402c0b2
- sebastian/code-unit 1.0.7@59236be62b1bb9919e6d7f60b0b832dc05cef9ab
- sebastian/code-unit-reverse-lookup 2.0.3@ac91f01ccec49fb77bdc6fd1e548bc70f7faa3e5
- sebastian/comparator 4.0.5@7a8ff306445707539c1a6397372a982a1ec55120
- sebastian/complexity 2.0.1@ba8cc2da0c0bfbc813d03b56406734030c7f1eff
- sebastian/diff 4.0.3@ffc949a1a2aae270ea064453d7535b82e4c32092
- sebastian/environment 5.1.3@388b6ced16caa751030f6a69e588299fa09200ac
- sebastian/exporter 4.0.3@d89cc98761b8cb5a1a235a6b703ae50d34080e65
- sebastian/global-state 5.0.1@ea779cb749a478b22a2564ac41cd7bda79c78dc7
- sebastian/lines-of-code 1.0.1@6514b8f21906b8b46f520d1fbd17a4523fa59a54
- sebastian/object-enumerator 4.0.3@f6f5957013d84725427d361507e13513702888a4
- sebastian/object-reflector 2.0.3@d9d0ab3b12acb1768bc1e0a89b23c90d2043cbe5
- sebastian/recursion-context 4.0.3@ed8c9cd355089134bc9cba421b5cfdd58f0eaef7
- sebastian/resource-operations 3.0.3@0f4443cb3a1d92ce809899753bc0d5d5a8dd19a8
- sebastian/type 2.3.0@fa592377f3923946cb90bf1f6a71ba2e5f229909
- sebastian/version 3.0.2@c6c1022351a901512170118436c764e473f6de8c
- symfony/polyfill-ctype v1.18.1@1c302646f6efc070cd46856e600e5e0684d6b454
- theseer/tokenizer 1.2.0@75a63c33a8577608444246075ea0af0d052e452a
- webmozart/assert 1.9.1@bafc69caeb4d49c39fd0779086c03a3738cbb389
- pocketmine/pocketmine-mp 3.15.2@d7a66ad7559f23d24ffe95813421a720203109b1

Loaded plugins:
WorldProtect 2.3.8 by aliuly for API(s) 3.0.0
NoFallDamage 1.0 by DeveloperNeb101 for API(s) 3.0.0
AutoXP 1.0.1 by JackMD for API(s) 3.0.0
NameTag 1 by MTwins for API(s) 3.0.0, 4.0.0
Slapper 1.6.1 by jojoe77777 for API(s) 3.13.0
MineReset 3.2.0 by Falk for API(s) 3.0.0
InvCrashFix 0.0.1 by  for API(s) 3.14.0
MSpawns 2.2 by EvolSoft for API(s) 3.0.0
RedstoneCircuit 2.0.0 by tedo0627 for API(s) 3.6.0
SimpleWarp 4.0.1 by Falkirks for API(s) 3.0.0
KeepInventory 1.0 by KhoaGamingPro for API(s) 3.0.0
DevTools 1.13.0 by PocketMine Team for API(s) 3.0.0
KhungLong 1.0.0 by xXNiceYT for API(s) 3.0.0
BuilderTools 1.2.0-beta2 by CzechPMDevs, VixikCZ for API(s) 3.0.0
StairSeat 1.5.5 by korado531m7 for API(s) 3.14.0
Worlds 3.0.6 by survanetwork for API(s) 3.0.0
NoAdvertisingPE 1.0.1 by Vaivez66 for API(s) 3.0.0
BlockProtect 1.0.0 by DarkByx for API(s) 3.3.1, 3.3.4, 4.0.0
PlayerVaults 3.2.0 by  for API(s) 3.0.0
SkyBlockUI 2.0 KSCore by KaysilGMVN for API(s) 3.0.0
sblevel 0.1 by AmGM-Encode for API(s) 3.0.0, 2.0.0
ScoreHud 2.0.0 by JackMD for API(s) 3.0.0
TheoDoi 1.2.0 by HotshotHD & CodeRed2019 for API(s) 3.0.0
NameCorrector 1.0.0#build011 by PEMapModder for API(s) 3.0.0
DEVirion 1.2.5-ALPHA12 by poggit, SOFe for API(s) 3.0.1
ShinPickaxeLevel 6.0.0 by shin for API(s) 3.0.0
Kickk 1.1 by MCPEVN-TEAM for API(s) 3.0.0
PurePerms 1.4.2 by 64FF00 & ProjectInfinity for API(s) 3.0.0
MenuUI 2.0 KSCore by KaysilGMVN for API(s) 3.0.0
FormAPI 1.1 by jojoe77777 for API(s) 3.0.0
SizePlayer 1.0.3 by  for API(s) 3.0.0
SETVIP 2.3 by MCPEVN TEAM for API(s) 3.0.0
Banking_vonfram 1 by Noob for API(s) 3.0.0
Warps 2.0 KSCore by KaysilGMVN for API(s) 3.0.0
CustomAlerts 2.1 by EvolSoft for API(s) 3.0.0
OrionTasks 1.0.0 by Clik for API(s) 3.0.0
KingOfTheHill 3.0.0-ALPHA1 by Tethered, iZeaoGamer for API(s) 3.0.0
iProtector 3.1.1 by LDX for API(s) 3.0.0
1vs1 1.0.1 by VixikHD for API(s) 3.0.0, 4.0.0
ChoDenUI 3.5 by BlackPMFury for API(s) 3.0.0, 3.2.0
Eternity 1 by minefore and shin1134 for API(s) 3.9.0
AntiTNT 0.1 by Adam1609 for API(s) 3.0.0
LoadWorlds 1.1 by shin for API(s) 3.0.0
PureChat 1.4.11 by 64FF00 for API(s) 3.0.0
QuyenVipUI 1.2 by NightBlackDM for API(s) 3.1.1
ItemDropText 1.0.0 by AlexItz16 for API(s) 1.0.0, 3.0.0, 4.0.0
GCPClan 1.1 by InstantlyTa for API(s) 3.0.0, 4.0.0
Marry 1.0.0 by GreenJajot for API(s) 3.0.0
EnchantUI 0.4 by UnknownOre for API(s) 3.0.0
DOLNapTheUI 1.0.87 by Shin1134 for API(s) 3.0.0
Sell 2 by Muqsit for API(s) 3.0.0
DanhHieu 3.0.0 by padreon for API(s) 3.0.0
ShellyEssentials 1.0.2 by Shelly7w7 and BlazeTheDev for API(s) 3.0.0
CachMuaLand 1.2 by Noob for API(s) 3.1.1
AutoInv 1.0.0 by Nope for API(s) 3.0.0
AntiSpam 1.3 by xBeastMode for API(s) 3.0.0
AutoClearLagg 3.1.0 by Twisted for API(s) 3.0.0
essentialsTP 1.2.2 by  for API(s) 3.0.0
Weapons 1.12.0c by xBeastMode for API(s) 3.0.0
ChongBug 1.0.0 by shin1134 for API(s) 3.0.0
MuaCoinUI 3.5 by BlackPMFury for API(s) 3.0.0, 3.2.0
PointAPI 2.0.9 by onebone for API(s) 3.0.0
MapImageEngine 1.1.3 by FaigerSYS for API(s) 3.0.0
InvSee 1.0.0 by BlockHorizons for API(s) 3.0.0
NoTP 1.0.7 by awzaw for API(s) 3.0.0
RankShopSystem 1.0.0 by zZPROGAMERZz423 | §eFor issues report by §2Visiting GitHub.com/zZPROGAMERZz423 for API(s) 3.0.0
MysteryCrate 9.1.1 by JackMD, DaPigGuy for API(s) 3.9.0
OreGenerator 2.0.0 by vividmemory for API(s) 3.0.0
BuyFix 1.0.0 by HumYaiJang for API(s) 3.0.6
BuyceUIEF 0.4 by UnknownOre for API(s) 3.0.0
PiggyCustomEnchants 1.4.6 by DaPigGuy for API(s) 3.2.0
KitUI 1.3.5 by Infernus101 for API(s) 3.4.0
DeTuMF 3.0.0 by CLADevs And Shin1134 for API(s) 3.0.0
MuaDanhHieu 3.5 by BlackPMFury for API(s) 3.0.0, 3.2.0
SlapperRotation 1.2.1 by jojoe77777 for API(s) 3.0.0
PHP-Sell 1.2.7 by Muqsit for API(s) 3.0.0-ALPHA9, 3.0.0-ALPHA10, 3.0.0-ALPHA11, 3.0.0-ALPHA12, 3.0.0
Alias 1.2.0 by Ghast Noob for API(s) 3.0.0
Minerloot 1.0.0 by Distoxicqted for API(s) 3.1.4
EconomyAPI 5.7.2 by onebone for API(s) 3.0.0
TableSpoon 0.0.7-ALPHA by CortexPE, Xenophilicy, HyperFlareMC for API(s) 3.13.0
PECollide 1 by saxavlax001 for API(s) 3.0.0
AutoFix 1 by Noob for API(s) 2.0.0, 3.0.0
Eff 2 by AmGM for API(s) 2.0.0, 3.0.0
SkyBlock 1 by KhoaGamingPro for API(s) 3.0.0
ShopUI 0.0.1 by InstantlyTa for API(s) 3.0.0
AuctionHouse 1.2.3 by Shock95x for API(s) 3.0.0

----------------------REPORT THE DATA BELOW THIS LINE-----------------------

===BEGIN CRASH DUMP===
eNrtXFtz20ay/isoZeuUUyVSGNzhh5RkSbYcSzLXop1sFinXYDAgEYEAA4CUqJz89/PNACQxkCyR
Mn3y4tSuBTTJnu6evs/lr704Lya0+jznRZnk2d5Lc3+vSiZ87yVxdNt1baLr+3spLavTosiLvZd/
7VWLKT7eG+JPDdvfm/CypCMBPSpGswnPKs3QprQseaRVuXY1TrJBwq7pLT/nc54GwbTI50nEiyA4
oRUdNG8vX5Z0zgcpXfDixY/aZFZWWsi1PNaqMdfEuBotCrrY17JZmmqjZM6zfY3RNMU4SaYdvwyC
jyU4CYKjaJJkSVkVtMrFKLy8rvJpEFxdL16lObvWSJ84oCOdjZIM32+T9wkflAXDl+/RfUGTrD8d
T7U809Ik45pvgP0Y1LxOUsH/tyfhYdEJogQlNRUNzgMV5QEwHnQRHizxHbTRAZVgD+og9KGgDI//
3ftB17bBLIT1wjd+fLmxAvR+ailAHv7BWaVd59U4CN7h3xq+r11+PD/XfgSJPxBNDDyFMHkFYfOD
mryDC16N8+gU6lGd3nI2wwS8sB4mRBDZ+ynP/j1LquWQa4RBwAUSMUtibEyS/Cu+LLFLKowvUPGB
jzD9vODRufibgSdPBxFt9PVXQcZ9ins/cfnEl2Q9TPy+9jyqzS7V8jcH8gsvPO8LdN7nqfeTMMD6
Z8+jxOpS0iiA6Vhmh4wGm/xtPfALicLuosh4dZMX1wcTNuUHH+j1eRK+zUB3DFV+QVyng7ceERjT
vOQPsZHSbBQEw4JmZUoreMrjPKsgfaGPMPEkG/3XIL9rcoyMphpcAFyqxoWDlBQ6GmiO8qJNZEGv
0ySUxlN//+BK/jmjWZRCAL7dIbPhKggEW5gMla/eT2P5w9OM0Wk5A508erEkTv9dI1bfsJw+Mby+
Yfqa7Zu6vdKemhZpmFXOcihXG82ACiL24WQrPgJfuuTJ3U7qug92luPUDMPBtTleclAPV0+tt9Ug
vr+lyMAvQ/Sqx/IfmKQyy/M7Xnu4lPPpenqIYW472Je/+5dQvVnB/64pIfpWpHhdTam/CvEq31ux
e5lXSZwwqckN7+SeM62n5oVBbHdD7KV4/5hVSfoiymdhyrV1FtG3LdeoRzK+MBLxfaszUv1J76cK
fm9Q0w5fXqMxv4TGvue+lmjKihaNXpH7bkc+XuDxheGaX8Dw+TODyKpixlbu7hUt+TFSpPI8p5Fw
CA/4jxlkUtYO+zwfjVpuw7J/f0bisvq5bf7+NXlPLQr7EVGYendOatOFFH//e3+Pf08Lv5gW7j4Z
g8BrdJ+TbJ6ncy6EijGipIDG7S0/BaSLGp+xPBJp3O/fM7rvGd33jO57Rvc9o/ue0X3P6L5ndO2M
bn9vJEIATUVKl1HRCNxb/7R3MQD2ENJZNwz3zD6x+yLfCWdJGu29JB6x9/eS8nPE53svY5qWHHlJ
44T2Xlq6h0ESkbXoG/4H3LOGll8SmNBNqV0OtV/eXvasI+vnd++gzq/eaE7f1CQJmu/ouvZi+dV6
njVDh5Z+MLSrCrpNi0g7jRJhLD9qRxcnjiVyp/EUI7h9E84Ur3ewVsle846PP+eloOHt5eUQAPly
g2xLpFaTKeJM8RmesKBFwkshPxqNwXPBD/4o86yH7zTZmt4nff3QsyxPdx3d9E3Pj23bi02fRrpt
m5SGnhuFZuwRhwjKclbQSTIrD6Zwo8ioe430BQGkb/fJIYlMw7SM0GOEh9B122Se57nMdIDBDS1m
RNRxTSb4WCtFmGS0WEhNbsgixqHtODH1XM/wua67PKJ6GPkON/2YG3roh3rkmB4xDRWViNwhqOvN
aZpEQlclbXrfOPRMg1BqMhZzx3RMgUH3Yp2FseHqrm2zmPkCeQehsL9U2t+StkOX6UBg+SQijHux
T6yY+05kEWqZpsd8z8DXozhWMaX5SGIwIHRu+yGPQjuywpCHPjUcx3JZKASFP0ZMXaCIYnoPQ29a
jQtOo5WgDv0wZBxz5oU6sTyXhkCEOaAOdXXhGQ2KIXTHVVFNaDVuqLEPPWY5LKa+bdokDvXQCE3d
hRYI+SK4WsQ3rdC2O/xkYdVgIPZh7FEPk+9GhsVD149D1418z6a2YVt+5Hi+bYfMoURFUcfsmhWj
7x/asUF1Q9f92PIcRq3I1z3f8Ihlu3pMicnDiOmuF6lY6qDRCMSEQvsICzF1DG4jQEAZLcflpuNb
3A9NiNV3ddOLu0imqcRgQaRxjNjiQ+G4RSA8x44w3TAR1yU202PPdQ2wa3rAEOVMuEt+AKcHi66S
lcqZApFp61GsG47Hfd2yfZABJYa0PZvZJte5aZox52KaJwtoWlgeRAh0sNHpQiIhuphhxw8NQmKf
2lBgEjtMh+ZFBuWx7UQCI7F9j9vAkiXXCfzteNqb0qKUKju3BBbj0IFlk5CbhFDD1Lnu625sRzHX
DWK6lkEF01BiLl0MLXpJDiXJkpiXYpqhtKDEsw3H5nFk0tgNYUrUCg1qMNOKwpjZrudFkeET02zh
aDtoQQZzwtDxDDvisQfLpqZhGBCpZ5pu7DFOY+K7dkz12tNBvLJgR7pS8DhF8EsaFyZRGtKYSKQT
Bi2zeOQYsWFT6lnUtVwamXZkU+L4yE4dI3wMJaChCGNAiigCOnXHp65nQ/AWiaG7seXHJodDsy0v
YoQx7kTwls49pKIR0Ct4KcriWhMs0OhQKGHo+Z4PhiPfwDwyD54H1s+Yw21mhBQuqGG7nHImivDp
mLNGEQwhfngbaLQTcheKAG32bQfO2dcdSmMdrofrkUeNqEECfTxo/i5NzPIOocsWi+Ej/TiOPMeH
aTGoAXU5pY5tEWZGlDmOcx9JD39nWVItkREHoofyORFibajbph9xajN4AQ6NtBwah15I4LuJ+wAy
kWawqlfMUl4uMdqHpmlBSEIriMst5Hhcj334JjMyYwZnRMIIzjKstVRSI7Vd9BTwDyReN3p8qRgI
YVboghzPhMjgmeLICJnF3dA3IDxq6gyjuUYHmWiY9BLk1o0tC8W1DylwcQ8eJTbgCXQwpseMhY4b
I06GhhcbsExMRweZaJBc8xqNcNfQR/hpN9IxZY4d2p5v6fA0rhG7hPmU6ZaBEOW4HTQVv63wz2Qq
qqbGHs1D4iG8ujpxuKNz27Bcl9uWjcgEv4Bo64bMNljkWV1kyURSZNcWCUVABLN8uEifG7GD4MX9
OIJW6YYFC3ARnMywQ1GjCL7UbjgiTJzjUtd3LWaFDoOZwFziGI6FwDsRBG9LeqiSI2+Dm8wQWZO1
lyLSv1iWwV3mcsfD5CMCIs5aUE83dBwPExcalm4wxCcVj5j7hhyBxj20fcOEjsDk4b59n/iwVTd2
dIQ2JAHAaiNi+jR8GA2MVzgt3kvz/Ho2XQkbFkNiXVg+nI0IcAhGThwRiBzEIUAJTTC7TCIjo0tF
sqQiudSLY1N3LBHVXFgNIxTpCPTUoCJ1IJzZCFv6PTwpv02qxcoZh9RjIp/SIZE4ZIjVkW6GtmMh
2JuWDuV2Y8JlFrLGEyUA1JSYiHPMt3yKgABvgiSIU0mVGYEqO/QMbjHT0H1V3DybJ0WeNTmkLUOu
6XmYcx4RBG0qijJThxo5PkfBZCCpokCi65SpiG6neVHxYkVO5PkMyZPrEOSPoS3oMm3qhAjXlCOQ
gilPRzRWsIzSPKQpvEltF7YUDbyZ6yOdAnOW64XIgQzIhTJ4N9hFBDVlyCKYq2ASzc2yl8e9ukHZ
qKRjEysUxg0vC3dmObFt6BHSpIi41LINM6Y2ArOloKrrtB7PEBTakw+R4/fC5WKyPCRntmW4cMjE
Fl4S2Zfp6gYSZvoguiZcSWy1SkY+/EhohsSgLCSuMBKCmOohXzCZr0eGbpks7KhkwdlMxmQwmgm/
siKOR0he4b9tG2kXQc6Ht5BaBgmRHEcREgioCI/dDroynxWM9/Kp4LUpB0yJUI8tS1BgUoKYh+il
IwAivpsh0yMRm5EwEJ96CsKmg28gg9IPhXQN03WR4BqmjzQ19KHt8LTUJSFFhhcbUDDdVzDczzkY
0Q0oE6G+TmBbBBNAPMt0mOtY3HLNGImPJ9VzMYnzbIGSNV0gDqQ91pAzh/P2RIXDTORzUAOHx8hF
ETtFNiccMDww8mzPipzQkvpQjXnJOTICBIAsuWv8nAhMLtTaZKZJEU+QV6IEs5CiwBnAAhHJUX3B
9mxD5IU3PJzkd7SoDsSCRVE7OV+af8wcn1EeWpHlM1N4bGi9jsQZ9mK6KETCECWdmuauH3uT6apq
Poxc6sDvowryY8NEEh+jorHhUjD5qEWQk4tCICR7f69a/7K0/CUv0miAolq0/delugLe31vPh5hU
Mdt0Vo3zohS9f9Rps3QhSn46TQRAzJku3nlGw5Sj+K2KGWr3iE9RCpf10kGZx9VJGzChcr2hxhYE
N4KCaU1B3R0Ryxco48SaxPDow/DjoBZumUi/Ma6qafny4GCUVONZ2Ie7PbiYJUWc8DRqC225TFEV
XBRRomN9oHAL+Vzmr1GFntCJzEVWQlHAbaHA0agiORFNeGFOlxxpBtmVbDpog6BNUVdIg/dXw1/e
fzg/UcQk2DuaVfmvgxZjDaDDUp+oTP2MqvziZFe81NiCoB57M+IfmOMazUHDgZg7sDSko/a0NRCF
PZW1i+GNsIcua/vSrT6bxTi5FX3suve3ycRcpXQ65UWL9iVEnRqnOzV/5H/k3BX/KTwQ8/nEl/XI
z56YNUkHSybAoWj+fYBTbfuaNazNpSn8rMoldP16V+oXA1dSXJdBILxCIYYHqy1Knpyst9n8uKDl
+HVy22KmDW2zo9+zJ2WirOdzMpn9CaqCAHUKEyND67bRuYurKb2pY8FyPhqI6vYNdS5O53l6BYp2
NR/NoJiD1egbOPubm5s+ByUCa7+6Fvx84FFZ5Rk/Tgo2S9p61v1E5U/valvFo1x3DNWinOdzWDTD
bxLMpDNIRMHwCy2mbX+wBrbJt+5769eNgn/dBAFNWcm1zViq01Wa37ReT5HRiJZZWg5O9x4yrlLS
ewN6g0Ch/Um9fMf5FMYkWzKLlgRU+KNR+N04p28o7HuE2L4rRVWQBoFCzuYhGJF8mOdp2+xWIJUn
6cMVttbLKNqQ08kOkws5vlgaWlGyXcK1puxghUNM5XiWjc7zrB2U17Bu1tHh9vbXy4Tx/wx3xmaS
5ZvP0yuxDsSL7lwpYJUBeJJeyCva8ZfHd5yNBxcQi/jBp+Q2uT7+bVc8MYF8OomAPAjCmraqnssO
pdtG8RbZBwoq4aAqmhRXnLZ97BqmSsXu26o8rvOCRrltkkknZfmKSNjCCW+zpKT1uMmMy1qg7JZC
ZSc30fuOyk85K+a0Wbjf1bRKnE0lhKlcEbLRJDZ1Tl8i6S93RvxQI6uLnKMILFVJKXzZqVLnqJ88
URd8osmc3znOrthe4hPljUJIB7CR/YolgfvlrQJ+wgGd0OL61eJW4c6UMhB/ra8tEtqkwFxVwp7k
r96d9InO0qqtswr48ax6R5O2zELr3VxzOfJy89SKjqcLoGYvwse3bZ+yBnZSNu3d1XFe8E7Up4sy
Sd9cfLrclUKuCdg8cJQYReyWXLOxhKhVQceWjiZvLnqnmWxg3q9Gja/iYix26ZXhchfn05Mhthyc
zaL2VCxBT+TO36ZVsBx981kYjnl+kictDpaQe0FbZeAsr8pxXp2daP+jHWMyUDsYOvF3FrAnkVjz
lvX18SS6qp834Ug0M6DzRdNGVpoca/g9l/aDzAp00lG3wekFnV7kkagVd8RaCyX8dZuqzutGafLp
p6SQbKzT5CWoO4N27+h8cHZEOonXNB+NZLF39f5116bIc5mskQbBXJISBMi8mqcWeU/Vd92N1S0z
u7/nes2rc9/cSnx/Z87uwa3EG1Vs+NV1O8WX751qptN3Ox6cfrrsDU+PLnbWSJAoUZg1oz8dQmcF
H/BiosTPFUwl3+q2QRzr9Wtdh5NAzBZLPG+zOMnEGt+OuPlcD4BIuqSo9fiMfF7+drlRf4VHtIF4
NlOibgP4ZyKuaBKU24Tb13kxORq06V9CHtW/L/RNv4LyNcYgaEhYPWwUdJO75pSD0vVZAbue3fwW
yZwc77zelr9+3oj80+Gnt+2lhQbQWUJ6yAto38ILXPHqU7JRv+kVza5RVHye51lc0Em7WOh88sg6
wmWeh7tiQeBCQYDBNzcDaTft2lW+/4M2vDnpx7OyyidHKaq7NgcKWGWEfNuOdHtkZGkqHc/rTb8X
mcGQltdtDlvAJyrR4zTZWW9B4AoCOfYz2pfvYA/vY+TSZ0maKiG/De+2TPQmQ1O5GvJqLE4N7WvJ
b5zmb+hkd8no+oTYppwlTfGtJNctoMrTvYByfvLrrmgHqiBYj/zshTjg6Ql3eNDiAoySeUlaLMrX
pxo9omt5drLrZdK5QDtGVZdnfF7KFZL3Gf9U4p9nsAv9odfHvx1IhoRfGecnPFNSmxVIncxOh/JV
irJzcPF6Viwe4LhupDzX+BoC4Fbk0+aGdyoOkck9ZCtuVqBH4pJY44zh8zWaRZqoFggxLYUr/yta
Pw3yIJjEW2xCyKpkeDls70JoII83SCI6IY6+s0q8GXTTRTmxrnqvQ9wCPppt7rJMW4+5uWMQhsKm
86xf5dNl5XM8Vvr3K1C37ul2Duq6ZCtuWlXVQ+uMcht3KVbq9vd+RT2dz8rBaW8J3/tCTSSIXT/t
oCKSaCCcf88WPEPuqHiOFrDTfujkgcloXEkHcqKmtOT5PQek0aI/LHEGwZKIp7cpVHxyUuTTodwn
uN6n0AY/kXcg67l9W92RdoefrPzgDiKAIEYQsrn3eHM8OE5puy+0hDxqgW/rMx7pYkh3HcWSJeqK
BkHMKAMxqPyOjxqqNrFO/GzK+/NMFuS0UNa96/cnZupNwXn2M/0j31kWvMYoJqfYJkk8zdgYElEM
aA1Tvbyl8vExu87ym+x9wXfFxxqjPL5cE7HFev3780s6RWKrcNOGdmfGc1WWrh6Kul+zjr0ee3M2
rriSrstXpajqFOZyUWdnnUWMJs4DbyF1mo3PEj5ri3wJuldcdNq+NCp4vrNw26ALgmFSVSk/Ovmw
hdDHYHyx3iqjNHo7H3W1yOgqkfi+e+PKRA7B4I5DA074fHfdX5WgLep3ysYXM3pOs/aCURv6eMTs
dk6+IlKmUsky2T+ZzGhaD77RtljUwp19sQLyhNe9zKc781OD4bsgOPo4fP/28tN2yfTVVOlarUAq
8Z3W2+0rTsvq4qHlxmcycBsKjBNgDAJxnLIEDRPRSFwSNGl3Er+UZwvJH6ecFud0NOrMyBreLcY7
8zK8EReRRLvirKrRgS0QwQQRKYiodzC3ado2A23IPCoX6WxycXyg4hNXI63McdhurSrg7mqY8S36
wu0Rg6Az/tPNSU6nubLTdAnp5GyorNk3V9MVxiBoyFg9bOTuxnk2ejUbqW2FGvSEuyh3nAksMwvZ
TVhS8PS+3xk9zhO1MbKG/VOdEVDwG8vFRoWTPBkm27RGBvhZpa4BrUDd7Qq+ylCe8RD/39WERLm4
ZUFeSsTyLJ8sgBRZZ/284TrQBZ2+Fac6TrORvLKrVQcoH3RMp+vfX9NkxIur/1ztircVQjExbUq6
7xtuob/iXN09LwBPGJDcjHOWF8ldnpW7YkxBGgQ1JdtspL/MFe8sX7uMdGoCenNHb3Z2cEogE2lP
NX12r7gmSOyip9n11TifXi0QmtppReeDJ2bq7rfBh/dvji5OP/x2Zxmm9r9aMNN16vLXeaElZTnj
pVZwcYpUCxfNZ8anBAQm2Uh7k1RnDWEdRNv3nZru0Holtr2K3oIuPcYjglZFsLmDuhDfLxbHhTzo
ujboNrgtT//+8kKzr0pURoNk9Ga22FUPd7nFqk3M157JUhiTq1/8jbwTSF1cUcBP7CubJ/MkmvBJ
Xuxsh0V7+CBoHvlme8MX6tmfBvCETZzNJv+hyc80G3VYcJ7tuuS422xqXzD+8e3pa5X2BvYPNmYa
IraI+clotKiXZpumjrKL54FPu31tp7vZ9wG7+op8ZolP3AB6j5ht1lvVNlr93qnsumna2yzmRTYr
uwdQv2KHfQul2GG1XQuND2cXr5UDLxLwRCPn+PxInD7QjrJI23UPrcEtD/7J3Xsbu/IZfaA31Yb+
g0uLx6ChWVsUj1s0qupzmh/ySt4CcP8Y6uqTbrX5zbdVdQjYwkOcDXqdrucK1OXC3aT7We9h8JdL
H82WBr3zTjrvxmqp5P+teXqUJrTtDev3J/Y9vxmjKtZ2uY1JDltTLW9C3Mi8xJHcNM+7p4Rr2FPn
NRL42NuE/dlt/cDdP//Q2BpnEFRbbIptVX2tVZB2Kbhmxu673bbojivTBt3XFKZDMerVNFf8QwvY
PfTs1hbQceri3phbebToV57l03GSJkysbp0tYOWvU1rwi+OdHWVvDREEa1Lbz093JAenx3maJlE7
dV/DHtl7UdJbOk/prb67eyBaKINgirmURGy6h0H0F9XEdQnZfGejoSz/PpONukO/HvxpYxJXH62t
SN6M9MXFK3GUZtcUY0hIXGAmW4TV5vjQA0eaHpP4Dk8vqw6nOaULP7Bo7aq4WAxSucgr/25yfCFX
90Y0gMcvPXh0Bf7RIr7FwmOWASJmibhaP99wf8TRTG4wOctnJVdMogXuBk2zuyoHifr27S4nqX2P
hMKeHEmsQUj6xoI+YUMKtU8w/Xf7QqH+YiLuzZTXL4n7bfvi1kJxxFJe6ifuHqIFRIJKvqGa31Y8
ay6N/WtP7iRuXXYbsuZi0hWE0ZSLi3IVWD75HOVVJu4BaUGbm5rWgFmRtt+j+oqw1XucpPX1YyvI
aKJcvYtsRqElgYjnbYC4UFdOqiudwySs705uf6Vs7vltw6ZM5frD6h5K5ZdSyKUKipLZpA25Gpy3
XyeL8s9U3hfcPGnyQjSjF/G51hOXD9u6pbt4/Nfb6KXmMob/+Q53XDt2ItfgNov12HDc2PI4cVwm
bo81TO1f4jqr1jVWqwEXVM6/0Syf3SXTupNsy9L/rr7ddfVtvN5O1DnJBTuGrpuEGCItHpy8V0QV
5Z8lK10gQIk6ndC7rCyVL9Z3Rvx6ocioQwFexYW6KlsA3hRJRztaV++KIouIi6VB8FhVzrVtfGbj
WXbdvtZYiCgZ1dcdN4uOQkxR2XgGIQB5zDMKl1frCj0uFtMql4D65PAoujfniaImUjZmG7S69G00
q5VxSc5vsC7t/YBRNm5J8++//w9/hc1P
===END CRASH DUMP===
