PocketMine-MP Crash Dump Thu Nov 19 10:20:39 +07 2020

Error: FurryJaki1992\ParticleShop\MainForm cannot implement pocketmine\form\Form - it is not an interface
File: plugins/ParticleShop_v1.0.0/src/FurryJaki1992/ParticleShop/Main
Line: 333
Type: E_ERROR

THIS CRASH WAS CAUSED BY A PLUGIN

Code:

Backtrace:

PocketMine-MP version: 3.15.2 [Protocol 408]
Git commit: 0000000000000000000000000000000000000000
uname -a: Windows NT WIN-4A4JKK157BG 6.3 build 9600 (Windows Server 2012 R2 Standard Edition) AMD64
PHP Version: 7.3.23
Zend version: 3.3.23
OS : WINNT, win
Composer libraries: 
- adhocore/json-comment 0.1.0@8448076039389f558f39ad0553aab87db3f81614
- ocramius/package-versions 1.5.1@1d32342b8c1eb27353c8887c366147b4c2da673c
- pocketmine/binaryutils 0.1.12@566fa87829e007eda0bd96e39fe20b9b0d638132
- pocketmine/callback-validator 1.0.2@8321aa3ccfe63639b0d08f0cbf270755cfc99fe2
- pocketmine/classloader 0.1.1@7c0363491d1ce8f914fe96d41a4338c982adedff
- pocketmine/log 0.2.0@e59bedb5d4bbeb9a26647cb7c367cb2fa72addfa
- pocketmine/log-pthreads 0.1.1@9bbcef398b01487ab47c234a6a7054722abbe067
- pocketmine/math 0.2.5@8c46cfa95351fb0b2b30739a381310941934b55f
- pocketmine/nbt 0.2.15@f8a81d37d24eb79fb77d985a52549d68955bc6a1
- pocketmine/raklib 0.12.9@5f2a02009f486ca4d90892814570fa13ebdc078d
- pocketmine/snooze 0.1.3@849510fa62e57512b8467e3694e9b3add97038fd
- pocketmine/spl 0.4.1@ff0579a0be41bbe65d3637607715c0f87728a838
- doctrine/instantiator 1.3.1@f350df0268e904597e3bd9c4685c53e0e333feea
- myclabs/deep-copy 1.10.1@969b211f9a51aa1f6c01d1d2aef56d3bd91598e5
- nikic/php-parser v4.10.2@658f1be311a230e0907f5dfe0213742aff0596de
- phar-io/manifest 2.0.1@85265efd3af7ba3ca4b2a2c34dbfc5788dd29133
- phar-io/version 3.0.2@c6bb6825def89e0a32220f88337f8ceaf1975fa0
- phpdocumentor/reflection-common 2.2.0@1d01c49d4ed62f25aa84a747ad35d5a16924662b
- phpdocumentor/reflection-docblock 5.2.2@069a785b2141f5bcf49f3e353548dc1cce6df556
- phpdocumentor/type-resolver 1.4.0@6a467b8989322d92aa1c8bf2bebcc6e5c2ba55c0
- phpspec/prophecy 1.12.1@8ce87516be71aae9b956f81906aaf0338e0d8a2d
- phpstan/phpstan 0.12.48@d364cfbac9ffd869570cdfea7eaa6541c3dac666
- phpstan/phpstan-phpunit 0.12.16@1dd916d181b0539dea5cd37e91546afb8b107e17
- phpstan/phpstan-strict-rules 0.12.5@334898a32217e4605e0f9cfa3d3fc3101bda26be
- phpunit/php-code-coverage 9.2.0@53a4b737e83be724efd2bc4e7b929b9a30c48972
- phpunit/php-file-iterator 3.0.5@aa4be8575f26070b100fccb67faabb28f21f66f8
- phpunit/php-invoker 3.1.1@5a10147d0aaf65b58940a0b72f71c9ac0423cc67
- phpunit/php-text-template 2.0.3@18c887016e60e52477e54534956d7b47bc52cd84
- phpunit/php-timer 5.0.2@c9ff14f493699e2f6adee9fd06a0245b276643b7
- phpunit/phpunit 9.4.0@ef533467a7974c4b6c354f3eff42a115910bd4e5
- sebastian/cli-parser 1.0.1@442e7c7e687e42adc03470c7b668bc4b2402c0b2
- sebastian/code-unit 1.0.7@59236be62b1bb9919e6d7f60b0b832dc05cef9ab
- sebastian/code-unit-reverse-lookup 2.0.3@ac91f01ccec49fb77bdc6fd1e548bc70f7faa3e5
- sebastian/comparator 4.0.5@7a8ff306445707539c1a6397372a982a1ec55120
- sebastian/complexity 2.0.1@ba8cc2da0c0bfbc813d03b56406734030c7f1eff
- sebastian/diff 4.0.3@ffc949a1a2aae270ea064453d7535b82e4c32092
- sebastian/environment 5.1.3@388b6ced16caa751030f6a69e588299fa09200ac
- sebastian/exporter 4.0.3@d89cc98761b8cb5a1a235a6b703ae50d34080e65
- sebastian/global-state 5.0.1@ea779cb749a478b22a2564ac41cd7bda79c78dc7
- sebastian/lines-of-code 1.0.1@6514b8f21906b8b46f520d1fbd17a4523fa59a54
- sebastian/object-enumerator 4.0.3@f6f5957013d84725427d361507e13513702888a4
- sebastian/object-reflector 2.0.3@d9d0ab3b12acb1768bc1e0a89b23c90d2043cbe5
- sebastian/recursion-context 4.0.3@ed8c9cd355089134bc9cba421b5cfdd58f0eaef7
- sebastian/resource-operations 3.0.3@0f4443cb3a1d92ce809899753bc0d5d5a8dd19a8
- sebastian/type 2.3.0@fa592377f3923946cb90bf1f6a71ba2e5f229909
- sebastian/version 3.0.2@c6c1022351a901512170118436c764e473f6de8c
- symfony/polyfill-ctype v1.18.1@1c302646f6efc070cd46856e600e5e0684d6b454
- theseer/tokenizer 1.2.0@75a63c33a8577608444246075ea0af0d052e452a
- webmozart/assert 1.9.1@bafc69caeb4d49c39fd0779086c03a3738cbb389
- pocketmine/pocketmine-mp 3.15.2@d7a66ad7559f23d24ffe95813421a720203109b1

Loaded plugins:
Worlds 3.0.6 by survanetwork for API(s) 3.0.0
Slapper 1.6.1 by jojoe77777 for API(s) 3.13.0
InvCrashFix 0.0.1 by  for API(s) 3.14.0
KeepInventory 1.0 by KhoaGamingPro for API(s) 3.0.0
StairSeat 1.5.5 by korado531m7 for API(s) 3.14.0
WorldProtect 2.3.8 by aliuly for API(s) 3.0.0
MSpawns 2.2 by EvolSoft for API(s) 3.0.0
BuilderTools 1.2.0-beta2 by CzechPMDevs, VixikCZ for API(s) 3.0.0
SimpleWarp 4.0.1 by Falkirks for API(s) 3.0.0
NoFallDamage 1.0 by DeveloperNeb101 for API(s) 3.0.0
KhungLong 1.0.0 by xXNiceYT for API(s) 3.0.0
DevTools 1.13.0 by PocketMine Team for API(s) 3.0.0
NameTag 1 by MTwins for API(s) 3.0.0, 4.0.0
NoAdvertisingPE 1.0.1 by Vaivez66 for API(s) 3.0.0
BlockProtect 1.0.0 by DarkByx for API(s) 3.3.1, 3.3.4, 4.0.0
RedstoneCircuit 2.0.0 by tedo0627 for API(s) 3.6.0
MineReset 3.2.0 by Falk for API(s) 3.0.0
AutoXP 1.0.1 by JackMD for API(s) 3.0.0
PECollide 1 by saxavlax001 for API(s) 3.0.0
ShellyEssentials 1.0.2 by Shelly7w7 and BlazeTheDev for API(s) 3.0.0
iProtector 3.1.1 by LDX for API(s) 3.0.0
AntiTNT 0.1 by Adam1609 for API(s) 3.0.0
GCPClan 1.1 by InstantlyTa for API(s) 3.0.0, 4.0.0
BuyFix 1.0.0 by HumYaiJang for API(s) 3.0.6
MuaDanhHieu 3.5 by BlackPMFury for API(s) 3.0.0, 3.2.0
InvSee 1.0.0 by BlockHorizons for API(s) 3.0.0
Sell 2 by Muqsit for API(s) 3.0.0
AutoFix 1 by Noob for API(s) 2.0.0, 3.0.0
ItemDropText 1.0.0 by AlexItz16 for API(s) 1.0.0, 3.0.0, 4.0.0
LoadWorlds 1.1 by shin for API(s) 3.0.0
KingOfTheHill 3.0.0-ALPHA1 by Tethered, iZeaoGamer for API(s) 3.0.0
NameCorrector 1.0.0#build011 by PEMapModder for API(s) 3.0.0
DOLNapTheUI 1.0.87 by Shin1134 for API(s) 3.0.0
1vs1 1.0.1 by VixikHD for API(s) 3.0.0, 4.0.0
CustomAlerts 2.1 by EvolSoft for API(s) 3.0.0
OreGenerator 2.0.0 by vividmemory for API(s) 3.0.0
PlayerVaults 3.2.0 by  for API(s) 3.0.0
SETVIP 2.3 by MCPEVN TEAM for API(s) 3.0.0
ChongBug 1.0.0 by shin1134 for API(s) 3.0.0
OrionTasks 1.0.0 by Clik for API(s) 3.0.0
SlapperRotation 1.2.1 by jojoe77777 for API(s) 3.0.0
CachMuaLand 1.2 by Noob for API(s) 3.1.1
DEVirion 1.2.5-ALPHA12 by poggit, SOFe for API(s) 3.0.1
ScoreHud 2.0.0 by JackMD for API(s) 3.0.0
PurePerms 1.4.2 by 64FF00 & ProjectInfinity for API(s) 3.0.0
PointAPI 2.0.9 by onebone for API(s) 3.0.0
NoTP 1.0.7 by awzaw for API(s) 3.0.0
AutoInv 1.0.0 by Nope for API(s) 3.0.0
SizePlayer 1.0.3 by  for API(s) 3.0.0
EconomyAPI 5.7.2 by onebone for API(s) 3.0.0
ChoDenUI 3.5 by BlackPMFury for API(s) 3.0.0, 3.2.0
MuaCoinUI 3.5 by BlackPMFury for API(s) 3.0.0, 3.2.0
QuyenVipUI 1.2 by NightBlackDM for API(s) 3.1.1
SkyBlock 1 by KhoaGamingPro for API(s) 3.0.0
TheoDoi 1.2.0 by HotshotHD & CodeRed2019 for API(s) 3.0.0
sblevel 0.1 by AmGM-Encode for API(s) 3.0.0, 2.0.0
PiggyCustomEnchants 1.4.6 by DaPigGuy for API(s) 3.2.0
MapImageEngine 1.1.3 by FaigerSYS for API(s) 3.0.0
AntiSpam 1.3 by xBeastMode for API(s) 3.0.0
BuyceUIEF 0.4 by UnknownOre for API(s) 3.0.0
ShopUI 0.0.1 by InstantlyTa for API(s) 3.0.0
PureChat 1.4.11 by 64FF00 for API(s) 3.0.0
Alias 1.2.0 by Ghast Noob for API(s) 3.0.0
Minerloot 1.0.0 by Distoxicqted for API(s) 3.1.4
DeTuMF 3.0.0 by CLADevs And Shin1134 for API(s) 3.0.0
ShinPickaxeLevel 6.0.0 by shin for API(s) 3.0.0
DanhHieu 3.0.0 by padreon for API(s) 3.0.0
KitUI 1.3.5 by Infernus101 for API(s) 3.4.0
MenuUI 2.0 KSCore by KaysilGMVN for API(s) 3.0.0
SkyBlockUI 2.0 KSCore by KaysilGMVN for API(s) 3.0.0

----------------------REPORT THE DATA BELOW THIS LINE-----------------------

===BEGIN CRASH DUMP===
eNrFXGtz2ziW/Ssqz9TWblVkA+A7n+zYTuJObGtjdfox3EqBAGixTZEakpItT/V/3wOSkgg6bcmx
pibVbUtX8sU9wH2cC4L810GcF1NefVuookzy7OCt9eagSqbq4C11ieM5LrGCNweqKPLi4O2/Dqrl
DB8dnH87//Ll+svBm4OpKkt+q2Xv50Wx/InfJTQIWBiOeFElIlU3k3wWhpc8yd5jpIHgWZZXg2Q6
S9VUZdVglos7VU2TTIWhtiUM6+8NBwm+VQ70l3k2SLJKFTEXCkPGSarHm6Xz2yQrj7oDfVvQQ3JI
jspCHBn2GN860tZAUYpBAdiy/nzTavuWZIs8XdSWYQiZFEpU+KbIJb75j//D3BTaiPrlrcpUwVM9
LRnXM3YwqrFcQu3wcoQ/i3ipNjN7YB1S55Bp+TxJJWbYp86bg6T8JtXi4G3M01LBkCKvcpFDrU18
DJJoQ8iO/6B73tryS5LJ/L4cXI0Hv1xcDe0T+6dPn6jjvfswcA+tQW3CIHAJGfz36qs3qoCxA0Yo
G3xhg5uKZ5IXcnAukwoI/mdwcnnm2hhjNplhBO/QOmQW3j6qTNbw2vf4+Fteahsurq7GENRv7us5
F/l0lpeq+JYmUcGLRJV6/ricAHOhjv4o82yI77QLQA6xnse+bfvE055o+UHsOH5sBVwSx7E4j3xP
RlbsU5dqy3JR8GkyL49mXNzBL4ft7GsD6KFzSI+ptJhls8gXVEXMsxxL+L7vCcuFBi+yBZPc9Syh
caxd8yhKMl4s51WSlq1ZlB07rhtz3/NZoAjxlOQkkoGrrCBWjERBRKRr+dRipirB0zSCdcMFTxPJ
Kx1YB9pt2bFvMcq5JUSsXMu1tAbix0REMfOI5zgiFoFW3lOY8rJMcy5VsbLt2BMECuyASiqUHwfU
jlXgSpty27J8EfgMX5dxbGpK89taA8OkKyeIlIwcaUeRigLOXNf2RKQnCr9YzD2okDF/omE4qyaF
4nI9UcdBFAmFNfMjQm3f4xEUYQ24yz3i2B5jHEMQ1zNVIStNWmucY1/Yroh54FgOjSMSscgiHrxA
zy8lgU0Dy44cp4cni6pWA3WOY5/7WHxPMltFXhBHnicD3+EOc+xAun7gOJFwOTVVFPwOntpAYYfB
sRMzThghQWz7ruC2DIgfMJ/ajkdiTi0VSUE8X5payizPH1U7IRYcOnAovu4yhRRL4Yy26ynLDWwV
RBamNfCI5cd9JbO01mBjSuMYyTmAwymbYvJcR2K5ESKeRx1BYt/zGOBaPjTIXFSF/nskS0R0laxd
ztKKLIfImDDXVwGxnQBmwIkx274jHEsRhfQYK6WXebqEp0XlkVRqhhidLWsllOgVdoOIURoH3IED
09gVBJ4nGVex40qtkTqBrxxoyZK7RBwhRQxnvChrl13YWgs7dhHZNFIWpZxZRJGAeLEjY0UYtTyb
cQ0aTqzqFMOLYZLDSbIkVqVeZjgtLPEd5joqlhaPvQihxO2IcSYsW0axcDzfl5IF1LI6OroJWpsh
3ChyfeZIFfuIbG4xxjClvmV5sS8Uj2ngOTEnTabD9M51tsqLo0LFKepF0qawWiWrg4lKQgW8zFbS
ZTFzOPdt7tkel5YjHU7dgNmuy6LnVEIapfAGKEUVgZ3EDbjnO5h4m8bw3dgOYkshoTm2LwUVQrkS
2dJ9olQX8WGhSl3pGk+wYaPL4YSRH/gBAMuAYR2Fj8yD6BfCVY5gEUcKamGXM4VVLPLZRInWEZie
fmQbeLQbKQ+OAG8OHBfJOSAu5zFB6lFE+pzJVgn88aj9vQox2z+GL9siRo4M4lj6boDQEnAD7inO
XcemwpJcuK77VMkQv+dZUq2UURdTD+dzJWptRBwrkIo7AllAwSNtl8eRH1Hkbup9R1mJuBHVsJin
qlxpdI4ty8Ykaa+gnrJBkhSJA+QmS1qxQDKikUSyjBovra2pvV1TCPzAjDd0KagdAyXMjjyY41uY
MmSmWLJI2MqLAobJ4xYRGM1jPWWaAg0TUKI2lrXjOsccupSPjBIzZAICYCQWInK9GHUyYn7MEJlY
jp4yzXnuVKNGp2v4I/K0JwmWzHUixw9sgkzjsdijIuCC2AwlyvV6air1UOEHiB2vVBuP1jH1UV49
Ql3lEuUw2/OUYzuoTMgLqLZeJBwmpG/3lYGCFrWn1xEJR0AFswOkyECx2EXxUkEs4VWE2YgAD8XJ
inoWtY4Q1N6NRISFcz3uBZ4t7MgVCBOESxwjsVBkJ4ribdcZqlTgbUiTGSprsslStM4vts2UJzzl
+lh8VEDUWRvu6UWu62PhImYTJlCfTD167VtztBrv2AmYBR9ByCN9BwENEKte7BKUNpAAaHVQMQMe
fV8NglcnLTVM8/xuPltPNiKGxkRHPpKNLnAoRm4sKaYcxqFAaU+w+iDByPjKkezakTzux7FFXFtX
NQ9RIygHHYGfMq6pA1XCQdkiT/Sk6iGplutkHHFfaD5FMCNxJFCrJbEix7VR7C2bwLm9mKqahWz0
yASCxhILdU4EdsBREJBNQIIUr62yJKxyIp8pW1iMBOZ0q2yRFHnWckinLrmW72PNlaQo2hwZCoPD
jdxAOT74W4B0HqCqc2EqepjlRaWKtTnSDwTIk+dS8MfI0XZZDncjlGuuUEgByieoxoaW2zSPeIps
0sSFU08NspkXgE4BnO35ETgQw7xwgeyGuJBwUwEWITxDk25YymEeD5t+pHVJ16F2pIMbWRbpzHZj
hxEJmiSpx22HWTF3UJhtQ1Ue/YG6MlQZikJ38THl+HudcrFYPsiZYzMPCZk6OkuCfVkeYSDM/Lvq
2nJVa2tcUgbII5EVUcZFRD0dJBQ11QdfsERAJCO2JaKeS6Lrmtc1GUAznVfWxikJ8or87TigXRSc
D+8ibjMagRxLCQIBF1Gx11NX5vNCqGE+01jbdsCqFZLYtrUFFqeoeaheBAUQ9d2KBJG6NoMw0ID7
hsK2C2ZgUORYzy6zPA8El1kBaGoUwNuRablHIw6GFzM4GAkMDU85h6CEwZkoDwhFbFEsAPVtyxWe
ayvbs2IQH792z+U0zrPl0SxPl6gD6VC05qD3pb7ucIQFPgc3cFUMLoraqdmcTsDIwODZvi3dyK79
oZqoUikwAhSALHls85wuTB7c2hKWxVFPwCvRgtmgKEgGiEBUcnRfiD2HaV54r6Jp/oj++gh9iCqa
JBfU4R8LNxBcRba0A2HpjA2vJyDOiBfLQyMSRWjpTJq7eTmcztZd87H0uIu8jy4oiJkFEh+jo3GQ
UrD46EXAyXUjENGDP9fdfN1a/pIXqSw7TXoreHNgroFmE3xeTfICX/7HQTkvFjxT1X1e3B2g2eez
RIv1N4l+rzIepUqu23apZuiCy2ZnoMzj6qwrmOoNh7eN0jC8ry0Iw7UlunnT2wfXN+Nfrr98Pmsm
tUzqfDGpqln59uioxXRYKzlsTTv6W6PsAKBvUj6bqaIDdSXpYqWH7iE1sf6R/5ErT/8zkFLrNVCb
oZudn10h3ibVZB4dopIcbWw6WqEAxItscVrwcvI+eejA7Eq7UIlOjwZUA579CnjT+T9hexiCOwk9
dJw8hOHnpgffAlbj+IQWClbXdHzZQWLKzWUj5qJ9muT8A0eY3I6KfG8eamgNQ8Oe3day9sSKJ8WN
4lXXF9cyE5Zz6JjA7vKCy9yx6LTnjq9Zr47SMFyb0nm5C6w6XjEvld4U7CWUlbgLTtcH3wTH02Se
Lp9drqqY74qq0dYmlFljQX+VbsYnX8Y/j7bF2+U8KeJEpbKbf1dbrFWh9H5MCSp0ZKDFpFzezPh9
1k2wK4k5FcyciPNFnt4A1r6moh0U6Nej7zAB9/f3hwqWaK2H1Z3G805vjKpinOdpF5QhNj0Y5XIY
qYr3EJ4+KjEZXZ6phf6Dr8lDcnf6+94CVWjts6mE9jCMGuMqbVwY9kx9aebt2H1kqNKBXe/b/8KL
WTeyN8LuxNhPsu/Be57eJcVd+cpZgJ6yGhc8K+M63d6k+X3n7TlYiN7mSsvR+cFmxuJ28DAsa4Pv
YTASQNf4rRngKgeE9IxP6x5+PQOG+NmsjVlVqaahVwrtOd2bO/T0hmHXpN0T96fJPLv9nGe33Zq0
lvWQ9bE9/HqVCPXbeH+gkizf3XZMQT9o1yLT8prYGKZvLtwMxopP95WUVuOHYceSl+XljWVHax3a
EQFwzLvLtJIYUE2Ul+N7TYr74N7UofrjywTuo4ne7uznKj+RMLJKSs0zzo1AMj/pe1wP0FeeLNSj
6+7N41YKdfwYlvQEu6B8pzdrn7IFQ7wlos54cfdu+WDAs+pJ0L/tV69c1xbUDdOyrQC/KFlWeaZO
k0LMky7G/icmE3gCs1IyJy4z6Z77ClxFO/4uXKjmMAivL+iEuxg2MrNTZH3rdVHbmwNuipQmYIUe
HyA6pmxdlZN5lf866gBpBVtC6Scu7i7P9oajUReGzeA/3AU2ao5aCEA3Oj/N0zSR3eq7kT2T+0r+
wBcpfyB7LLodnWE4U6KxYlenu5moNF1uyEqXUfU/6i9ej2o23/fuvQHP5OBdyh/VeKJQL/YGtW/R
7mU5aTNK3t2Y6AjN6KJ9v/x89uveQEAXOvb10D/sldAzvDwdnR91YOjIw9SMr8bd0Gsl5qZED+GJ
5FPqkmBvMNtRd/XDD6ej01Rff1ubvZL0WJNp9kVzNTldjvneGUWy0l3xMIwFF7AmDN+fnrRmbV0w
rBf+bKYOF1nT0y3NHaNWsKX8fpxPf+PJTxz13kTo/njFrQfePXou5/yMZ5OPiZp3a1NHasZPby8F
qQAl/fL9vFh+Z5GaYvajUE4n+SmM+PkiDNuXu8O6yBY3SplbeFqwZUFqhvIxL5LHPCv3Fi+G1jBs
THkJn71Bbuxmb/3WoDw9Gl7vHe4vNWO4j8j7u8++LqdmPKwkzxTQqzyPOjaztQ+9xvYMShuS0Iy+
3XEqNT0r8tm4vii0cZ+ueIsTnaTq4aJ6pN2ugRpoXpu+tDXakt1XRPvakwsVHeGzmbicYJC91cj1
oLuXR10dxWyRHVb5rN5FQId0HYOBfEyMwDDl/QswZHjyefTxpAdurKoJeLB8M0h+Vzz/wPW5gH2B
vcsrJK1P+LnrQuku+zQvij6hMeVPPPBv9Q4doT1wo/NLPrvMpdwjpo5ONK1ds3pvd9pTuf58xWdY
sZ8vutsqHWkfqu/1qWmSUWrZ+9sU2gy+e3zRRUk7AOq32/YW9Ibtx7O9c5uF1jtBtkZ/uijrJvU6
U19L/PgBKop44Henvx/ViAD0dI7Gd4oUV1TdVGKIzW6c/sC+/ItoQmdoMAXTkB/bor8u1If67LUZ
g4Z4y5bDIlkkcqqmebHcG9Lu+GHYvlS7uOco5UtVfOXz1Fg1Q/z8LsS+MKyua87qoRf10GHYM2Q7
IToff73o7kG0gt7FsR4tQkf19WowPj+53NuSNDrD8EZVX5OddvhBZbPbd/PuzupatIVYlPtOdavc
WRPslQlbEVwXsHDMy7vSiI21cAuK0zTZ33aWVob8pgf/kcvIzYX/L3lVH9p5erBh/Un/gtxuBxxe
tTamBbuDOuVigv7tM9f3TGx8rCPtgXmWhjc7Jj8KIq3bhoaET+c8bUbfzgrOvyaFuSBrUX8lnJbV
9WDM8tvbemP45vq96i3Kj+NptIbhorYlDKVaverYt21bTt+H8nHeXZy1aEtR+Tftoa6G393HRvNC
jVQxNYrJWmYukd33MNd+/56QwX8NRkWuD/VdZHGS6VOd+8L1rRkBZWVlUuflD3Cg+m9XN4Ot9ehp
yJOsOhldGHdotaL+UgbmJICXRfh/b5hlru9L0mRPiTzLp0toDcPz5nVjzw6XzcYj41rZ+Omufo99
8/tHfr83ELU2nS+q2Q/vnTYWtZsQqAm9TQgt2VKgrvLZ/tZlNP4Uhic/j68vrr6+oDAlj6rhRMYx
iLWwj8D6t3C1esDPekB9jGH1ehf7O363sd9wxo39zqHXzxD7Do5W32tiAwTpTGVGl7oW/Sd3SGsL
av6GVy/a9j1FpjLwbGT/MUAw4XcBG1BP82ScvATR/86XKgMHNyB1hM+TnuR2UtXAzi73Rn7QkOhr
3rXSMFxZsT3275bvmtuwNpG/Ej2zfbrP45pmqLYnRBBAy85pp8vlKM31DmT9ezvtGU9UjkXtoFpJ
nhx2610kyatyklcfz8AYTnOpvijJCN3f1Swxlfruyfos8elU3jSvd1mpEoMtVHcDciV5/nrc9MPl
8Dyrb7F4GkDs1R1dGJbR59aM7Uwuub1dNpsmMGnCM3OD4Duf9tmd2z9Sgj/6MDdzw2tywkohONxT
a16Q8fjsQp9VO89u67vyN2nP/KC3E97fRHjPk1tV3Px2szf/W2vUWLqm9N/vdOUlq5KbGZ/2rhHX
IhNZD9fDO8VLBLncX9V9iLTKaa5PLOjbgksYMdVRtrJo2g2zv8ob7+ZLoX6+OH9vXl1tZWag2Sam
n7O7LL/Prov9Ydqo1MdgaytewOomuVmeWsHztxQ8eyH8WRzdNP7cKRNYMQchWluzU/t3OjFO369F
/fTQvyTR9GYvBLLpur53Vre+fbnUZe/Nwa/oyPN5OTofruQHf9EYams3r/bQFtZqdAymCe8m0eb9
lir3YYJYGTzZfHnVMQ09buOdp/oJDjtlSX0oLM3z/kG1RrbtNGGC1PyQiH9WMNVkUfYrzuhulIZh
lb7kvO54fvneOK1bC55cF+ztT34+0UfTByeZHOz94lKrvD5y96JdPW3JKBF3/EF97pGOJx91Abrf
30be6xZyd/AXLM/TYyd/cebkCYIZl4XK9wei1ReG46SqUnVy9uUFJ9qTysjpzftere33UBdZrIps
XvZP6L/mDqSOzjCsrXgBOVLZ3OwFG0FvE2vw6eY0L1Sv8eDLMkk/XH692tt66LslyhdV1rZBMqvr
RvgfwrGxYFcof3bvVD1cTvUDWer7evWDkw714zD0CfH6aRH6plZeAGqlVrs+6qFSWfs0on8d1BA7
T1GKRPvEm7VE8FTpJzAZsnz6TeZVps8qd6TtLcAbwbxIu+9lc+/5+n2cpM197WvJ7dR4phPqnWFL
Aq6y6Ar0k5rq6PHq8J9G+mkZ+saRzVfK9gFSXdlMmKi/rB9wYvxlPcmlKZLJfNqV3Iw+d99Ol+U/
0/pBVO2rQX2nPRtKtRgM9VOtHGITDy//fiHfDjwh8F/gKtdzYld6TDkiJjFzvdj2FXU9oR9LxKzB
3/V90p37o9cDLnm9/uywucvnMZk1PYlTE93H5rFB62/j7cPUXJNcw2GEWJQyvf88Ors2pkrm32oo
fSFEibmc8LusLI0vNjc2/XppzFHPArzVT2oyYUF4XyQ97+g800m3i1Q/sQwGT0zn3MTGNzGZZ3fd
52XpKUpum+dotUd99TTJsiVcegLq7lxGq2c2aT8ulrMqrwXNjQ+38smaJ4ab1HNjdUXrpwnczhtn
XJnzO6JrcD0SXEw6s/nnn/8PWT+mog==
===END CRASH DUMP===
