PocketMine-MP Crash Dump Thu Nov 19 15:48:00 +07 2020

Error: Argument 2 passed to ShinPickaxeLevel\provider\DataProvider::savePlayer() must be of the type array, null given, called in C:\Users\Administrator\Desktop\SkyBlock 1.16\plugins\PickaxeLevelV6\src\ShinPickaxeLevel\Main.php on line 92
File: plugins/PickaxeLevelV6/src/ShinPickaxeLevel/provider/DataProvider
Line: 33
Type: TypeError

THIS CRASH WAS CAUSED BY A PLUGIN
BAD PLUGIN: ShinPickaxeLevel v6.0.0

Code:

Backtrace:
#0 plugins/PickaxeLevelV6/src/ShinPickaxeLevel/Main(92): ShinPickaxeLevel\provider\DataProvider->savePlayer(object koth\KothPlayer, NULL )
#1 src/pocketmine/plugin/MethodEventExecutor(42): ShinPickaxeLevel\Main->onQuit(object pocketmine\event\player\PlayerQuitEvent)
#2 src/pocketmine/plugin/RegisteredListener(80): pocketmine\plugin\MethodEventExecutor->execute(object ShinPickaxeLevel\Main, object pocketmine\event\player\PlayerQuitEvent)
#3 src/pocketmine/event/Event(88): pocketmine\plugin\RegisteredListener->callEvent(object pocketmine\event\player\PlayerQuitEvent)
#4 src/pocketmine/Player(3643): pocketmine\event\Event->call()
#5 src/pocketmine/network/mcpe/RakLibInterface(176): pocketmine\Player->close(object pocketmine\lang\TranslationContainer, string[21] Internal server error)
#6 vendor/pocketmine/raklib/src/server/ServerHandler(95): pocketmine\network\mcpe\RakLibInterface->handleEncapsulated(string[20] 14.246.128.239 59305, object raklib\protocol\EncapsulatedPacket, integer 0)
#7 src/pocketmine/network/mcpe/RakLibInterface(109): raklib\server\ServerHandler->handlePacket()
#8 src/pocketmine/network/mcpe/RakLibInterface(99): pocketmine\network\mcpe\RakLibInterface->process()
#9 vendor/pocketmine/snooze/src/SleeperHandler(123): pocketmine\network\mcpe\RakLibInterface->pocketmine\network\mcpe\{closure}()
#10 vendor/pocketmine/snooze/src/SleeperHandler(85): pocketmine\snooze\SleeperHandler->processNotifications()
#11 src/pocketmine/Server(2157): pocketmine\snooze\SleeperHandler->sleepUntil(double 1605775680.2384)
#12 src/pocketmine/Server(1994): pocketmine\Server->tickProcessor()
#13 src/pocketmine/Server(1588): pocketmine\Server->start()
#14 src/pocketmine/PocketMine(273): pocketmine\Server->__construct(object BaseClassLoader, object pocketmine\utils\MainLogger, string[45] C:\Users\Administrator\Desktop\SkyBlock 1.16\, string[53] C:\Users\Administrator\Desktop\SkyBlock 1.16\plugins\)
#15 src/pocketmine/PocketMine(304): pocketmine\server()

PocketMine-MP version: 3.15.2 [Protocol 408]
Git commit: 0000000000000000000000000000000000000000
uname -a: Windows NT WIN-4A4JKK157BG 6.3 build 9600 (Windows Server 2012 R2 Standard Edition) AMD64
PHP Version: 7.3.23
Zend version: 3.3.23
OS : WINNT, win
Composer libraries: 
- adhocore/json-comment 0.1.0@8448076039389f558f39ad0553aab87db3f81614
- ocramius/package-versions 1.5.1@1d32342b8c1eb27353c8887c366147b4c2da673c
- pocketmine/binaryutils 0.1.12@566fa87829e007eda0bd96e39fe20b9b0d638132
- pocketmine/callback-validator 1.0.2@8321aa3ccfe63639b0d08f0cbf270755cfc99fe2
- pocketmine/classloader 0.1.1@7c0363491d1ce8f914fe96d41a4338c982adedff
- pocketmine/log 0.2.0@e59bedb5d4bbeb9a26647cb7c367cb2fa72addfa
- pocketmine/log-pthreads 0.1.1@9bbcef398b01487ab47c234a6a7054722abbe067
- pocketmine/math 0.2.5@8c46cfa95351fb0b2b30739a381310941934b55f
- pocketmine/nbt 0.2.15@f8a81d37d24eb79fb77d985a52549d68955bc6a1
- pocketmine/raklib 0.12.9@5f2a02009f486ca4d90892814570fa13ebdc078d
- pocketmine/snooze 0.1.3@849510fa62e57512b8467e3694e9b3add97038fd
- pocketmine/spl 0.4.1@ff0579a0be41bbe65d3637607715c0f87728a838
- doctrine/instantiator 1.3.1@f350df0268e904597e3bd9c4685c53e0e333feea
- myclabs/deep-copy 1.10.1@969b211f9a51aa1f6c01d1d2aef56d3bd91598e5
- nikic/php-parser v4.10.2@658f1be311a230e0907f5dfe0213742aff0596de
- phar-io/manifest 2.0.1@85265efd3af7ba3ca4b2a2c34dbfc5788dd29133
- phar-io/version 3.0.2@c6bb6825def89e0a32220f88337f8ceaf1975fa0
- phpdocumentor/reflection-common 2.2.0@1d01c49d4ed62f25aa84a747ad35d5a16924662b
- phpdocumentor/reflection-docblock 5.2.2@069a785b2141f5bcf49f3e353548dc1cce6df556
- phpdocumentor/type-resolver 1.4.0@6a467b8989322d92aa1c8bf2bebcc6e5c2ba55c0
- phpspec/prophecy 1.12.1@8ce87516be71aae9b956f81906aaf0338e0d8a2d
- phpstan/phpstan 0.12.48@d364cfbac9ffd869570cdfea7eaa6541c3dac666
- phpstan/phpstan-phpunit 0.12.16@1dd916d181b0539dea5cd37e91546afb8b107e17
- phpstan/phpstan-strict-rules 0.12.5@334898a32217e4605e0f9cfa3d3fc3101bda26be
- phpunit/php-code-coverage 9.2.0@53a4b737e83be724efd2bc4e7b929b9a30c48972
- phpunit/php-file-iterator 3.0.5@aa4be8575f26070b100fccb67faabb28f21f66f8
- phpunit/php-invoker 3.1.1@5a10147d0aaf65b58940a0b72f71c9ac0423cc67
- phpunit/php-text-template 2.0.3@18c887016e60e52477e54534956d7b47bc52cd84
- phpunit/php-timer 5.0.2@c9ff14f493699e2f6adee9fd06a0245b276643b7
- phpunit/phpunit 9.4.0@ef533467a7974c4b6c354f3eff42a115910bd4e5
- sebastian/cli-parser 1.0.1@442e7c7e687e42adc03470c7b668bc4b2402c0b2
- sebastian/code-unit 1.0.7@59236be62b1bb9919e6d7f60b0b832dc05cef9ab
- sebastian/code-unit-reverse-lookup 2.0.3@ac91f01ccec49fb77bdc6fd1e548bc70f7faa3e5
- sebastian/comparator 4.0.5@7a8ff306445707539c1a6397372a982a1ec55120
- sebastian/complexity 2.0.1@ba8cc2da0c0bfbc813d03b56406734030c7f1eff
- sebastian/diff 4.0.3@ffc949a1a2aae270ea064453d7535b82e4c32092
- sebastian/environment 5.1.3@388b6ced16caa751030f6a69e588299fa09200ac
- sebastian/exporter 4.0.3@d89cc98761b8cb5a1a235a6b703ae50d34080e65
- sebastian/global-state 5.0.1@ea779cb749a478b22a2564ac41cd7bda79c78dc7
- sebastian/lines-of-code 1.0.1@6514b8f21906b8b46f520d1fbd17a4523fa59a54
- sebastian/object-enumerator 4.0.3@f6f5957013d84725427d361507e13513702888a4
- sebastian/object-reflector 2.0.3@d9d0ab3b12acb1768bc1e0a89b23c90d2043cbe5
- sebastian/recursion-context 4.0.3@ed8c9cd355089134bc9cba421b5cfdd58f0eaef7
- sebastian/resource-operations 3.0.3@0f4443cb3a1d92ce809899753bc0d5d5a8dd19a8
- sebastian/type 2.3.0@fa592377f3923946cb90bf1f6a71ba2e5f229909
- sebastian/version 3.0.2@c6c1022351a901512170118436c764e473f6de8c
- symfony/polyfill-ctype v1.18.1@1c302646f6efc070cd46856e600e5e0684d6b454
- theseer/tokenizer 1.2.0@75a63c33a8577608444246075ea0af0d052e452a
- webmozart/assert 1.9.1@bafc69caeb4d49c39fd0779086c03a3738cbb389
- pocketmine/pocketmine-mp 3.15.2@d7a66ad7559f23d24ffe95813421a720203109b1

Loaded plugins:
BlockProtect 1.0.0 by DarkByx for API(s) 3.3.1, 3.3.4, 4.0.0
KhungLong 1.0.0 by xXNiceYT for API(s) 3.0.0
NoFallDamage 1.0 by DeveloperNeb101 for API(s) 3.0.0
Worlds 3.0.6 by survanetwork for API(s) 3.0.0
RedstoneCircuit 2.0.0 by tedo0627 for API(s) 3.6.0
StairSeat 1.5.5 by korado531m7 for API(s) 3.14.0
KeepInventory 1.0 by KhoaGamingPro for API(s) 3.0.0
InvCrashFix 0.0.1 by  for API(s) 3.14.0
DevTools 1.13.0 by PocketMine Team for API(s) 3.0.0
AutoXP 1.0.1 by JackMD for API(s) 3.0.0
Slapper 1.6.1 by jojoe77777 for API(s) 3.13.0
WorldProtect 2.3.8 by aliuly for API(s) 3.0.0
NoAdvertisingPE 1.0.1 by Vaivez66 for API(s) 3.0.0
BuilderTools 1.2.0-beta2 by CzechPMDevs, VixikCZ for API(s) 3.0.0
MSpawns 2.2 by EvolSoft for API(s) 3.0.0
MineReset 3.2.0 by Falk for API(s) 3.0.0
SimpleWarp 4.0.1 by Falkirks for API(s) 3.0.0
NameTag 1 by MTwins for API(s) 3.0.0, 4.0.0
KingOfTheHill 3.0.0-ALPHA1 by Tethered, iZeaoGamer for API(s) 3.0.0
Sell 2 by Muqsit for API(s) 3.0.0
SlapperRotation 1.2.1 by jojoe77777 for API(s) 3.0.0
BuyFix 1.0.0 by HumYaiJang for API(s) 3.0.6
QuyenVipUI 1.2 by NightBlackDM for API(s) 3.1.1
CustomAlerts 2.1 by EvolSoft for API(s) 3.0.0
ShinPickaxeLevel 6.0.0 by shin for API(s) 3.0.0
PurePerms 1.4.2 by 64FF00 & ProjectInfinity for API(s) 3.0.0
AutoInv 1.0.0 by Nope for API(s) 3.0.0
sblevel 0.1 by AmGM-Encode for API(s) 3.0.0, 2.0.0
PointAPI 2.0.9 by onebone for API(s) 3.0.0
SkyBlockUI 2.0 KSCore by KaysilGMVN for API(s) 3.0.0
ChoDenUI 3.5 by BlackPMFury for API(s) 3.0.0, 3.2.0
MenuUI 2.0 KSCore by KaysilGMVN for API(s) 3.0.0
PECollide 1 by saxavlax001 for API(s) 3.0.0
ShellyEssentials 1.0.2 by Shelly7w7 and BlazeTheDev for API(s) 3.0.0
PHP-Sell 1.2.7 by Muqsit for API(s) 3.0.0-ALPHA9, 3.0.0-ALPHA10, 3.0.0-ALPHA11, 3.0.0-ALPHA12, 3.0.0
BuyceUIEF 0.4 by UnknownOre for API(s) 3.0.0
Marry 1.0.0 by GreenJajot for API(s) 3.0.0
Warps 2.0 KSCore by KaysilGMVN for API(s) 3.0.0
InvSee 1.0.0 by BlockHorizons for API(s) 3.0.0
iProtector 3.1.1 by LDX for API(s) 3.0.0
Minerloot 1.0.0 by Distoxicqted for API(s) 3.1.4
EconomyAPI 5.7.2 by onebone for API(s) 3.0.0
PiggyCustomEnchants 1.4.6 by DaPigGuy for API(s) 3.2.0
AntiTNT 0.1 by Adam1609 for API(s) 3.0.0
DOLNapTheUI 1.0.87 by Shin1134 for API(s) 3.0.0
GCPClan 1.1 by InstantlyTa for API(s) 3.0.0, 4.0.0
Kickk 1.1 by MCPEVN-TEAM for API(s) 3.0.0
EnchantUI 0.4 by UnknownOre for API(s) 3.0.0
Banking_vonfram 1 by Noob for API(s) 3.0.0
NoTP 1.0.7 by awzaw for API(s) 3.0.0
PlayerVaults 3.2.0 by  for API(s) 3.0.0
MysteryCrate 9.1.1 by JackMD, DaPigGuy for API(s) 3.9.0
OreGenerator 2.0.0 by vividmemory for API(s) 3.0.0
1vs1 1.0.1 by VixikHD for API(s) 3.0.0, 4.0.0
Alias 1.2.0 by Ghast Noob for API(s) 3.0.0
DEVirion 1.2.5-ALPHA12 by poggit, SOFe for API(s) 3.0.1
AutoClearLagg 3.1.0 by Twisted for API(s) 3.0.0
DanhHieu 3.0.0 by padreon for API(s) 3.0.0
Eternity 1 by minefore and shin1134 for API(s) 3.9.0
essentialsTP 1.2.2 by  for API(s) 3.0.0
AutoFix 1 by Noob for API(s) 2.0.0, 3.0.0
ScoreHud 2.0.0 by JackMD for API(s) 3.0.0
ItemDropText 1.0.0 by AlexItz16 for API(s) 1.0.0, 3.0.0, 4.0.0
PureChat 1.4.11 by 64FF00 for API(s) 3.0.0
FormAPI 1.1 by jojoe77777 for API(s) 3.0.0
MuaCoinUI 3.5 by BlackPMFury for API(s) 3.0.0, 3.2.0
CachMuaLand 1.2 by Noob for API(s) 3.1.1
KitUI 1.3.5 by Infernus101 for API(s) 3.4.0
NameCorrector 1.0.0#build011 by PEMapModder for API(s) 3.0.0
DeTuMF 3.0.0 by CLADevs And Shin1134 for API(s) 3.0.0
OrionTasks 1.0.0 by Clik for API(s) 3.0.0
ChongBug 1.0.0 by shin1134 for API(s) 3.0.0
LoadWorlds 1.1 by shin for API(s) 3.0.0
Eff 2 by AmGM for API(s) 2.0.0, 3.0.0
Weapons 1.12.0c by xBeastMode for API(s) 3.0.0
AuctionHouse 1.2.3 by Shock95x for API(s) 3.0.0
TheoDoi 1.2.0 by HotshotHD & CodeRed2019 for API(s) 3.0.0
TableSpoon 0.0.7-ALPHA by CortexPE, Xenophilicy, HyperFlareMC for API(s) 3.13.0
SizePlayer 1.0.3 by  for API(s) 3.0.0
MuaDanhHieu 3.5 by BlackPMFury for API(s) 3.0.0, 3.2.0
MapImageEngine 1.1.3 by FaigerSYS for API(s) 3.0.0
SkyBlock 1 by KhoaGamingPro for API(s) 3.0.0
SETVIP 2.3 by MCPEVN TEAM for API(s) 3.0.0
AntiSpam 1.3 by xBeastMode for API(s) 3.0.0
ShopUI 0.0.1 by InstantlyTa for API(s) 3.0.0
RankShopSystem 1.0.0 by zZPROGAMERZz423 | §eFor issues report by §2Visiting GitHub.com/zZPROGAMERZz423 for API(s) 3.0.0

----------------------REPORT THE DATA BELOW THIS LINE-----------------------

===BEGIN CRASH DUMP===
eNrtXGtz20ay/SsoZWvLWyVKGLzhDynJlGwrlmSuRTvZXKRcg8GARAQCXACkROXmv98zA5DEQLJI
SczNF6d2LaBJ9nTP9OP0vP7Yi/NiQquvc16USZ7tvTb396pkwvdeE0e3Xdd2PH1/L6VldVoUebH3
+o+9ajHFx3tD/Klp+3sTXpZ0JKjHxWg24VmlGdqUliWPtCrXrsZJNkjYNb3l53zO0yCYFvk8iXgR
BCe0ooPm7fXrks75IKULXrz6lzaZlZUWci2PtWrMNdGuRouCLva1bJam2iiZ82xfYzRN0U6Saf3X
QfC5hCZBcBxNkiwpq4JWuWiFl9dVPg2Cq+vFmzRn1xo5IA7kSGejJMP32+J9wQdlwfDle3Jf0CQ7
mI6nWp5paZJxzTegfgxp3iap0P+vF+HhrhNCCUlqKRqehyrLQ3A87DI8XPI7bLMDK6EezEHYQ0EZ
Hv9n7wddewpn0VmvfONfr7c2gN6PLQPIw985q7TrvBoHwQf8W9P3tcvP5+favyDiD0QTDU/RmbxC
Z/PDWrzDC16N8+gU5lGd3nI2wwC8sh4WRAjZ+zHP/j1LqmWTa4ZBwAUTMUqibQyS/Cu+LLlLKYxv
SPGJjzD8vODRufibQSdPhxBt9vVXIcZ9iXs/cvnEl2I9LPy+9jypza7U8jeH8guvPO8bct7Xqfej
cMD6Z8+TxOpK0hiA6VhmR4yGm/xt3fArycLussh4dZMX14cTNuWHn+j1eRKeZZA7him/Iq7T4Vu3
CI5pXvKH1EhpNgqCYUGzMqUVImU/zyr0vrBHuHiSjf7HIL9pso2MphpCAEKqxkWAlBI6GmSO8qIt
ZEGv0ySUzlN///BK/nlPsyhFB/h2R8xGqyAQamEwVL16P47lD08zRqflDHLy6NVSOP03jVgHhuUc
EMM7MExfs31Tt1fWU8siHbPKWQ7jarMZUCHEPoJsxUfQS5c6uU/rdd2HOst2aoUR4NoaLzWom6uH
1ntSI77/xC6DvgzZq27Lf2CQyizP73gd4VLOp+vhIYb51Ma+/d0/hOnNCv5nLQnRnySK17WU+qvo
XuV7K3Uv8yqJEyYtudGd3Aum9dC8Mojtbsm9FO+fsypJX0X5LEy5tkYRsDnPqlsyvtES8X2r01L9
Se/HCnFvUMuOWF6zMb/Fxr4XvpZsyooWjV2R+2FHPl7g8ZXhmt/g8PUrQ5dVxYytwt0bWvI+IFJ5
ntNIBIQH4scMfVLWAfs8H41aYcOyf3sGcFn93DZ/ewnuqbvCfqQrTL07JrXrohd/+3N/j3+Hhd+E
hbsHY+jwmt3XJJvn6ZyLTkUbUVLA4vaWn4LSZY3PWB4JGPfbd0T3HdF9R3TfEd13RPcd0X1HdN8R
XRvR7e+NRAqgqYB0GRUTgXvrn/YuBuAeonfWE4Z75gGxDwTeCWdJGu29Jh6x9/eS8mvE53uvY5qW
HLikCUJ7ry3dQyOJQC36lv+B96yR5ecELnRTapdD7eezy551bP304QPM+c07zTkwNSmC5ju6rr1a
frUeZ83QYaWfDO2qgm3TItJOo0Q4y7+044sTxxLYaTxFC+6BCcPG6x28VarXvOPjr3kpZDi7vByC
IF9ugLYEtJpMkWeKr4iEBS0SXor+o9EYOhf88Pcyz3r4ToPW9ANyoB95luXprqObvun5sW17senT
SLdtk9LQc6PQjD3iECFZzgo6SWbl4RRhFIi61/S+EIAc2AfkiESmYVpG6DHCQ9i6bTLP81xmOuDg
hhYzIuq4JhN6rI0iTDJaLKQlN2IR48h2nJh6rmf4XNddHlE9jHyHm37MDT30Qz1yTI+YhspKZO4Q
0vXmNE0iYatSNgSJI880CKUmYzF3TMcUHHQv1lkYG67u2jaLmS+YdxgK/0ul/y1lO3KZDgaWTyLC
uBf7xIq570QWoZZpesz3DHw9imOVU5qPJAcDnc5tP+RRaEdWGPLQp4bjWC4LRUfhjxFTFyyimN7j
0JtW44LTaNVRR34YMo4x80KdWJ5LQzDCGFCHurptuYZB0YTuuCqrCa3GjTT2kccsh8XUt02bxKEe
GqGpu7AC0b9IrhbxTSu07Y4+WVg1HIh9FHvUw+C7kWHx0PXj0HUj37OpbdiWHzmeb9shcyhRWdQ5
u1bFOPCP7NiguqHrfmx5DqNW5Oueb3jEsl09psTkYcR014tULnXSaDrEhEH7NsHXHYPbrk1gjJbj
ctPxLe6HJrrVd3XTi7tMpqnkYKFL4xi5xYfBcYug8xw7wnDDRVyX2EyPPdc1oK7pgUOUMxEu+SGC
Hjy6SlYmZwpGpq1HsW44Hvd1y/YhBowYve3ZzDa5zk3TjDkXwzxZwNLC8jBCooOPTheSCdHFCDt+
aBAS+9SGAZPYYTosLzIoj20nEhyJ7XvcBpcsuU4Qb8fT3pQWpTTZuSW4GEcOPJuE3CSEGqbOdV93
YzuKuW4Q07UMKpSGEXMZYmjRS3IYSZbEvBTDDKOFJJ5tODaPI5PGbghXolZoUIOZVhTGzHY9L4oM
n5hmi0c7QAsxmBOGjmfYEY89eDY1DcNAl3qm6cYe4zQmvmvHVK8jHbpXFuyAKwWPUyS/pAlhkqUh
nYlEOmGwMotHjhEbNqWeRV3LpZFpRzYljg906hjhYyxBDUUaA1NkEcipOz51PRsdb5EYthtbfmxy
BDTb8iJGGONOhGjp3GMqJgJ6BS9FWVxbggUZHQojDD3f86Fw5BsYR+Yh8sD7GXO4zYyQIgQ1apdT
zkQRPh1z1hiCIbof0QYW7YTchSHAmn3bQXD2dYfSWEfo4XrkUSNqmMAeD5u/SxezvCPYssVixEg/
jiPP8eFaDGZAXU6pY1uEmRFljuPcZ9LD31mWVEtmxEHXw/icCLk21G3Tjzi1GaIAh0VaDo1DLySI
3cR9gJmAGazqFbOUl0uO9pFpWugkYRXE5RYwHtdjH7HJjMyYIRiRMEKwDGsrldJIaxdzCvgHPV5P
9PjSMJDCrNCFOJ6JLkNkiiMjZBZ3Q99A51FTZ2jNNTrMxIRJLwG2bnxZGK59RMGLe4gosYFIoEMx
PWYsdNwYeTI0vNiAZ2I4OszEBMk1r9mIcA17RJx2Ix1D5tih7fmWjkjjGrFLmE+ZbhlIUY7bYVPx
2wr/TKaiamr80TwiHtKrqxOHOzq3Dct1uW3ZyEyIC8i2bshsg0We1WWWTKREdu2RMARkMMtHiPS5
ETtIXtyPI1iVbljwABfJyQw7EjWG4EvrRiDCwDkudX3XYlboMLgJ3CWOEVgIohNB8rZkhCo5cBvC
ZIbMmqyjFJHxxbIM7jKXOx4GHxkQedaCebqh43gYuNCwdIMhP6l8xNg34gg27pHtGyZsBC6P8O37
xIevurGjI7UBBICrjYzp0/BhNnBeEbR4L83z69l01dnwGBLrwvMRbESCQzJy4oigyyEcEpSwBLOr
JBAZXRqSJQ3JpV4cm7pjiazmwmsYoYAjsFODCuhAOLORtvR7fFJ+m1SLVTAOqccEntLRI3HIkKsj
3Qxtx0KyNy0dxu3GhEsUsuYTJSDUkpjIc8y3fIqEgGgCEMSplMqMIJUdega3mGnovtrdPJsnRZ41
GNKWKdf0PIw5jwiSNkWEQuMwI8fnKJgMgCoKJrpOmcrodpoXFS9W4kSezwCeXIcAP4a2kMu0qRMi
XVOORAqlPB3ZWOEySvOQpogmtV/YsmsQzVwfcArKWa4XAgMZ6BfKEN3gFxHMlAFFMFfhJCY3y14e
9+oJysYkHZtYoXBuRFmEM8uJbUOPAJMi4lLLNsyY2kjMlsKqrtN6PENSaA8+uhy/FyEXg+UBnNmW
4SIgE1tESaAv09UNAGb6ILsmXUlutUlGPuJIaIbEoCwkrnASgpzqAS+YzNcjQ7dMFnZMsuBsJnMy
FM1EXFkJxyOAV8Rv2wbsIsB8eAupZZAQ4DiKACBgIjx2O+zKfFYw3sunQtemHDAlQz22LCGBSQly
HrKXjgSI/G6GTI9EbgZgID71FIbNDL4BBKUfid41TNcFwDVMHzA19GHtiLTUJSEFwosNGJjuKxzu
Yw5GdAPGRKivE/gWwQAQzzId5joWt1wzBvDxpHkuJnGeLVCypgvkgbTHGnHmCN6eqHCYCTwHM3B4
DCyK3CnQnAjAiMDA2Z4VOaEl7aEa85JzIAIkgCy5a+KcSEwuzNpkpkmRT4ArUYJZgCgIBvBAZHJU
X/A92xC48IaHk/yOFtWhWLAo6iDnS/ePmeMzykMrsnxmiogNq9cBnOEvpotCJAxR0qkwd/3Ym0xX
VfNR5FIHcR9VkB8bJkB8jIrGRkjB4KMWASYXhUBI9v5cTf3L0lKW/gMU1WLaf12qK+T9vfV4CJ8S
gY3OqnFelGLu/4QW128Wt6Lmp9NEUESpKwoF8Vf0oyV/hM95RsOUoxquihmK+YhPURuX9VpCmcfV
SZswoXIBoi1KEHQEE3WdmFn4eDX8+eOn85O6v8tEhpI9qPphPMtG53k2aim3pm3Q7PaXy4Tx/wwV
1V6gykmS5fVMzzaiX+ZvUQuf0IlERCvpFXJHgc7AiKUA4dSXHGCH7EwLlW0QtCXaXr2f8yKNypZi
DaGtkpDTUZUqZ8WcNjOku9JI8gyCGylAEKwEeVSHcVVNy9eHzZJOeSCZHCynoH+omQlFP/GorPKM
95OCzZK2l3U/aatu3DfHike57hiuorbzfLWLpvnumF0Njz8NPw/ujdhVRZPiitO2Cmuaaor2ga0K
f50XNMptk0xU+Yn1fAVaPINgJUnrcasIgXr9LJvL2m/RjhIK/VFH+zDO6TuKmDxCZNqVUSpMg0AR
Z3svw0/6BS3Hb5Pblm5talszXSAmRbddDdVk9l9IFQSopphoOU5ug6CeFd9GDcScYZ6n7XCxIqlD
Q8zu6KynnbUhp5MdhkHZvphKX0nyiAct48Uoqcaz8AD1QGsu/XDFA8oez6r8l0FL1YbQzVbqSO39
RNn1xcmu1Ku5BUHd9nYG94CKNZvDRgMRRFI6nfKiHUIaiqqe01Xv9/z3nLviPzV+mC+I+3XLz1Zu
LdLhUollYrsPqRSyGunNA0/VlabJLF3saihrbk1+my6R1OaY/4DGF7OkiBOeRm0cutz5URVczEuL
TQCHirYSzBxHULlKShHQThU8o36ywcq/0GTO7xxnV52z5CdgjCJIh7BNlHojVo140Y1UCllVD1m+
F/KKGqqS/TvOxoMLBAXxgy/JbXLd/3VXGjPBfDqJwDwIwlq2qo5kHUmf6g8tsQ8VVuibi6spvcna
3bKkqL7Q6YnTeZ5eQZFdKd80CvNftb6FB9zc3BxwSCK4HlTXUh9Y/ieUh20XX9NUEGt0UxLw8s7A
awxeSXENlYQzFqJ5aNeSZKPZXiViaupnWkzbUXlNbCtj3ffIt40AL1MIbMpK7qKJZS64SvOb1usp
amexOJOWCBEPKV9KeW8gL/BfW/bNdRYUHtJ2gbikKL6qKn0xvBEVdFflF9a6QEUiHW2Piz4gMn2M
h2P+PknbS+0qvVtS6b3j88H7445KQ16NxfatfS35ldMc2BMy7MhI11v1tgWuV1xRSL4qkaIzHhJf
7kpc0ZrYurI9zm7y/6e8kjNo9+HN6pNuAtgO5rxEGVWA7XV6M1uoZUND2DBr8n42+Q9NfqLImaoG
zrOngGS72wv+79mCZ1+S6eezlvAtYmcIVPEvk9G4epMCt55cqEjzgDwbZJwNxNSV5BkESyE26tGf
oT6fHKfIz+3EqZDV7En+2uzZbjkIOnI8L4/e21/c8pz7W4/Xujr3Da/E93fmNA/uqN1m0Aazgg94
MWmP2Jqmmp7VNT7HevtW17V/aoDOYsngLIuTTKwZ7Uitr3UDQbCSqPX4DMQnf7vc+L3i09SwZ9m8
U8QKyobocZlP+a60HQw/oID9PPx4dvll+wEs0Y5qiEuKOlXS8bXjybuL3mkm157uwwLjpcYIhBMu
vWCzDeZJVh0PzpTNdw2pO8noq2rkGQ/x/10NQZSLHWdygzbLs3yyANMgOK2fa3E259Zmh6ISzlvE
jkbah6t+XvDOFB1dlEn67uLL5c4ixEqA7U2rP85PeKbosSKpIK0zeypzx+Di7axYPGBcdYXx3Jje
CIB4Lp+21+aCZzNFl4bw94yHgPvlUwZjcNrP0zSJ2osra9oj2L+kt3Se0lt9d2sqLZZBMIWrSCG2
npgfA68u1iWSkkM7H3XDbycB1d93b1wN8FeD2d1xVBGo6HeXWFWBnjBe7we9TlWwInVBtbtNdVBX
Qb50oHVRpHfeSefdWL7//xUXwL+Mfz47fati8YamZiVL1fxzdp3lN9nHYmcRfc1RzBdJIZ4QMmih
LLLU7xsgwbuC8+wn+nu+Mxy75ihEL56yoCLDTHtaV77/jSHvSWtBV5yry0CCsKH7ZZZ7nxfJXZ6V
uxJdYRoEtSRPmflImsnlvL2U0CKq6ZR00dr5yS+7UgWsgmDd8rNXE8Cnd9EfnB62tGgmGos0z7sT
jTVt096MBCXabcL+W0EptZi1nr+LYc0zCKonlEYt2LfWRcGCa2XsA7ebm3YMTRt2L0Gmg2Q0WtRl
MJD/mGZKnf7Qp936z+nupcGP3s1UkPcCcLfkJ04g3xNm+4E7Rq4eXg7b1VxDebwkiuiEOLq/qxFr
Gt0WFp18PL+kU8AXBaS2qV3v8dwuGkoyQkxrZ2vG67a37/x3/UE/pe0pxSWls/Ktyn5Wn2dIF0O6
62nqZMm6okEQM8ogTBC87R83Um2MfAh8+NmUH8yzehabXV8rs9fi/VHtRKD8ctkbnh5f7GxpSLIM
gmXrm8NZ7UeKda1pfyMsWwnxBIhJs+skG32d51mMir0NNDufPFIYXeZ5uCt9BC8ATDT+lB1zw4Gy
sjy8v2mi4+H05o7e7GyhXTALgiyvps9GAbVAIrfIg+df6CxVk0qb/Pgy4460Wm7dqQ/qz2XLy3Px
Kzk2I/+F2Bew6Bdym/caybTJbXX8+5it2eCy/3CW9F++16UtzEt3vCiKQX845jt5IlZFrAp5w/6/
eTJPogmf5MXO5oPbzQdB88i3GU8yL0lLD/m6aeuG2Mfw/mTX2Wgu2I4BRQHm5qVEdB8z/qXEP88Y
vnd0Qq/7vx5KhQT0SRPa9r/6/d4ujk7FOqZlpe0yHMpma5uUB8q32jR3+iUp1MXIFamrgN2a3Wgp
Ms1HI7kx9erj226qevZqWM00COZSlCCI+PKpJd4GbCdWE/opp8U5HY06qwxrercI7AzT8EbcVBLt
aoyqml0QoImcCSFSCFFvoWvL9FSTbMQ8LhfpbHLRP1T5iYGm2fh9wmftgV6S7q39dwaYRgXPd7Zs
1rALgmFSVSk/Pvn0hOpQXJAiz0et0dSS9AjoEKsLcV5wOWFZPgTYX5AZlsyDYBJvrwlfzW4qeEQh
dx3Q+CtSd7tF1Llq+5urPtiZugFgSdkeAxqrJYoXqJFJLLhufPOKkbgt4f0sak+EL0kbkuxfs4t2
2foTJusqPjkp8ulQnu9aT9m1yRsmf45TfntW3ZH2XkmijMcLM68QRgjytMXx/lg5QbAidadGCHlo
bfxJI9NaeH9ow5k8OV6KPfv7e78gCeWzcnDaW9L3vrFsLoRdP+1g0VyyQee8zYuJOje2pDxaCu9+
x9CaI6r6WoTVw1ZYf0b7eaKuc65pf9dCJyT4leViJf0kT4bJU1Y6+5SN8fNzmrVDSpv6+JaiLhB8
wVaiVK4c1RFxMqNp3fgWGwXVeYr6XZX63mCcZTHy76zsHh57wTmQFksx0/KkOQqxLbOfF0V31l+l
3wuKP8g9zno3nAxOL+j0Io+i3e1ybLEMAkWqzut2R16Gs4u3yoEXSdgA6Prnx2L/tXYMNLTr6cuG
t9xe/KSdhB8FqB/S8rpUSt8VcUMi66fJzrZLC14oEEXbzzhO1R/n2ejNbKRu4KhJG5QodzwYy8GV
+zaWEmxUQCyw3Tt52SI+mml2ucFu3eb2My0ijbLpPDuo8qmsGMRVCOtiQd6U8M0dwmJ/1q6BKZpE
GBOcyRNWkDmd5spJiCWl0/kQkXUOJL/htKwuHtpi9kwN1hyDoBFj9bBdjSDB0ntAJ64UCi1yt9Qx
u4ssObv27dsXnh9QVu7aBxxbu2yalkSFLuUbC/lEZaFIu1Hp4ZjnwBAtfZeUDfNC7/MKMlTvT7R/
an30+SceGTrZ2foYm0TiKi15pK0/ia7q5600Eo1dTXNlsqhF7B4Sdevpok6YFreB3MojXL/wLJ+O
kzRhonZ/v4AYb1Na8Iv+zg7vtZoIgrWo7ectdk4ld82lwsrRlxWxG9PNv6JKl+2d17fgrp+3BNoP
zP20qX/jrsI+ZGi2FYrHp2wSmp6JuwROs5G8rrq1W0j5oBMuu3HlLU1GvLj6z9Wu3GvFUKjSlqT7
/pRNrQ9saX1semWHR83ViNmcRc4zvmhFzIvFIJWbpOTfLfzpdPjlrD3n1RA6510fWsvV/oq13Cte
fUmm225xuJoqK58rUqdM+stzcig4TmROFjcSlpBhIoLDUqBJOzp8e1Norh6AaQiPn/d/dNvAo1Mt
LWt6bKMrhJgl4u77fMtDMJ9odi2+fSUW1NrD0/lgA/y++3Xw6eO744vTT7/eWYap/a8WzHSduvxt
XmhJWc54qRVcXGilhYvmM+NLAkHga9q7pHrfzN50GD19PqqZNVrPp7QPYLSoyw37j/Sm2gXbRtg/
2xcKHSwm4t5Mef2SuN/2QNxaKA49y0v9xN1DtEB/V3yZ8fhtxbPm0tg/9uQ2x9ZltyFrLiZdURhN
ubgoV6Hlk69RXmXi9GyL2tzUtCbMirT9HtVXhK3e4yStrx9bUUYT5erdMSBg+z2Bjc7bBHGhrrQX
V9rLJKzvTm5/pWzu+W3TpkzV+tPqHkrll7KTS5UUJbNJm3I1OG+/Thblf1N5X3DzpMkL0YxexOda
T1w+bOuW7uLxH2fRa81lDP/zHe64duxErsFtFuux4bix5XHiuEzcHgtz/4e4zqp1jdWqwQWV4280
q2N3ybTOprbcsnJX3+66+jZebyfqmORCHUPXTUIMsZd6cPJR6aoo/ypV6RJBStThhN1lZal8sT7J
+8uF0kcdCfAqLtRV1QLxpkg61tG6eleAGyIulobAY9U4177xlY1n2XX7WmPRRcmovu64WVMU3RSV
Dd4XHSDPCkXh8mpdYcfFYlrlklBfjDWK7o15opiJ7BuzTVpd+jaa1ca4FOdXeJf2ccAoG7d6888/
/w/qfs10
===END CRASH DUMP===
