PocketMine-MP Crash Dump Thu Nov 19 11:22:55 +07 2020

Error: Argument 2 passed to ShinPickaxeLevel\provider\DataProvider::savePlayer() must be of the type array, null given, called in C:\Users\Administrator\Desktop\SkyBlock 1.16\plugins\PickaxeLevelV6\src\ShinPickaxeLevel\Main.php on line 92
File: plugins/PickaxeLevelV6/src/ShinPickaxeLevel/provider/DataProvider
Line: 33
Type: TypeError

THIS CRASH WAS CAUSED BY A PLUGIN
BAD PLUGIN: ShinPickaxeLevel v6.0.0

Code:

Backtrace:
#0 plugins/PickaxeLevelV6/src/ShinPickaxeLevel/Main(92): ShinPickaxeLevel\provider\DataProvider->savePlayer(object koth\KothPlayer, NULL )
#1 src/pocketmine/plugin/MethodEventExecutor(42): ShinPickaxeLevel\Main->onQuit(object pocketmine\event\player\PlayerQuitEvent)
#2 src/pocketmine/plugin/RegisteredListener(80): pocketmine\plugin\MethodEventExecutor->execute(object ShinPickaxeLevel\Main, object pocketmine\event\player\PlayerQuitEvent)
#3 src/pocketmine/event/Event(88): pocketmine\plugin\RegisteredListener->callEvent(object pocketmine\event\player\PlayerQuitEvent)
#4 src/pocketmine/Player(3643): pocketmine\event\Event->call()
#5 src/pocketmine/network/mcpe/RakLibInterface(122): pocketmine\Player->close(object pocketmine\lang\TranslationContainer, string[17] client disconnect)
#6 vendor/pocketmine/raklib/src/server/ServerHandler(127): pocketmine\network\mcpe\RakLibInterface->closeSession(string[20] 14.246.128.239 64464, string[17] client disconnect)
#7 src/pocketmine/network/mcpe/RakLibInterface(109): raklib\server\ServerHandler->handlePacket()
#8 src/pocketmine/network/mcpe/RakLibInterface(99): pocketmine\network\mcpe\RakLibInterface->process()
#9 vendor/pocketmine/snooze/src/SleeperHandler(123): pocketmine\network\mcpe\RakLibInterface->pocketmine\network\mcpe\{closure}()
#10 vendor/pocketmine/snooze/src/SleeperHandler(85): pocketmine\snooze\SleeperHandler->processNotifications()
#11 src/pocketmine/Server(2157): pocketmine\snooze\SleeperHandler->sleepUntil(double 1605759775.2065)
#12 src/pocketmine/Server(1994): pocketmine\Server->tickProcessor()
#13 src/pocketmine/Server(1588): pocketmine\Server->start()
#14 src/pocketmine/PocketMine(273): pocketmine\Server->__construct(object BaseClassLoader, object pocketmine\utils\MainLogger, string[45] C:\Users\Administrator\Desktop\SkyBlock 1.16\, string[53] C:\Users\Administrator\Desktop\SkyBlock 1.16\plugins\)
#15 src/pocketmine/PocketMine(304): pocketmine\server()

PocketMine-MP version: 3.15.2 [Protocol 408]
Git commit: 0000000000000000000000000000000000000000
uname -a: Windows NT WIN-4A4JKK157BG 6.3 build 9600 (Windows Server 2012 R2 Standard Edition) AMD64
PHP Version: 7.3.23
Zend version: 3.3.23
OS : WINNT, win
Composer libraries: 
- adhocore/json-comment 0.1.0@8448076039389f558f39ad0553aab87db3f81614
- ocramius/package-versions 1.5.1@1d32342b8c1eb27353c8887c366147b4c2da673c
- pocketmine/binaryutils 0.1.12@566fa87829e007eda0bd96e39fe20b9b0d638132
- pocketmine/callback-validator 1.0.2@8321aa3ccfe63639b0d08f0cbf270755cfc99fe2
- pocketmine/classloader 0.1.1@7c0363491d1ce8f914fe96d41a4338c982adedff
- pocketmine/log 0.2.0@e59bedb5d4bbeb9a26647cb7c367cb2fa72addfa
- pocketmine/log-pthreads 0.1.1@9bbcef398b01487ab47c234a6a7054722abbe067
- pocketmine/math 0.2.5@8c46cfa95351fb0b2b30739a381310941934b55f
- pocketmine/nbt 0.2.15@f8a81d37d24eb79fb77d985a52549d68955bc6a1
- pocketmine/raklib 0.12.9@5f2a02009f486ca4d90892814570fa13ebdc078d
- pocketmine/snooze 0.1.3@849510fa62e57512b8467e3694e9b3add97038fd
- pocketmine/spl 0.4.1@ff0579a0be41bbe65d3637607715c0f87728a838
- doctrine/instantiator 1.3.1@f350df0268e904597e3bd9c4685c53e0e333feea
- myclabs/deep-copy 1.10.1@969b211f9a51aa1f6c01d1d2aef56d3bd91598e5
- nikic/php-parser v4.10.2@658f1be311a230e0907f5dfe0213742aff0596de
- phar-io/manifest 2.0.1@85265efd3af7ba3ca4b2a2c34dbfc5788dd29133
- phar-io/version 3.0.2@c6bb6825def89e0a32220f88337f8ceaf1975fa0
- phpdocumentor/reflection-common 2.2.0@1d01c49d4ed62f25aa84a747ad35d5a16924662b
- phpdocumentor/reflection-docblock 5.2.2@069a785b2141f5bcf49f3e353548dc1cce6df556
- phpdocumentor/type-resolver 1.4.0@6a467b8989322d92aa1c8bf2bebcc6e5c2ba55c0
- phpspec/prophecy 1.12.1@8ce87516be71aae9b956f81906aaf0338e0d8a2d
- phpstan/phpstan 0.12.48@d364cfbac9ffd869570cdfea7eaa6541c3dac666
- phpstan/phpstan-phpunit 0.12.16@1dd916d181b0539dea5cd37e91546afb8b107e17
- phpstan/phpstan-strict-rules 0.12.5@334898a32217e4605e0f9cfa3d3fc3101bda26be
- phpunit/php-code-coverage 9.2.0@53a4b737e83be724efd2bc4e7b929b9a30c48972
- phpunit/php-file-iterator 3.0.5@aa4be8575f26070b100fccb67faabb28f21f66f8
- phpunit/php-invoker 3.1.1@5a10147d0aaf65b58940a0b72f71c9ac0423cc67
- phpunit/php-text-template 2.0.3@18c887016e60e52477e54534956d7b47bc52cd84
- phpunit/php-timer 5.0.2@c9ff14f493699e2f6adee9fd06a0245b276643b7
- phpunit/phpunit 9.4.0@ef533467a7974c4b6c354f3eff42a115910bd4e5
- sebastian/cli-parser 1.0.1@442e7c7e687e42adc03470c7b668bc4b2402c0b2
- sebastian/code-unit 1.0.7@59236be62b1bb9919e6d7f60b0b832dc05cef9ab
- sebastian/code-unit-reverse-lookup 2.0.3@ac91f01ccec49fb77bdc6fd1e548bc70f7faa3e5
- sebastian/comparator 4.0.5@7a8ff306445707539c1a6397372a982a1ec55120
- sebastian/complexity 2.0.1@ba8cc2da0c0bfbc813d03b56406734030c7f1eff
- sebastian/diff 4.0.3@ffc949a1a2aae270ea064453d7535b82e4c32092
- sebastian/environment 5.1.3@388b6ced16caa751030f6a69e588299fa09200ac
- sebastian/exporter 4.0.3@d89cc98761b8cb5a1a235a6b703ae50d34080e65
- sebastian/global-state 5.0.1@ea779cb749a478b22a2564ac41cd7bda79c78dc7
- sebastian/lines-of-code 1.0.1@6514b8f21906b8b46f520d1fbd17a4523fa59a54
- sebastian/object-enumerator 4.0.3@f6f5957013d84725427d361507e13513702888a4
- sebastian/object-reflector 2.0.3@d9d0ab3b12acb1768bc1e0a89b23c90d2043cbe5
- sebastian/recursion-context 4.0.3@ed8c9cd355089134bc9cba421b5cfdd58f0eaef7
- sebastian/resource-operations 3.0.3@0f4443cb3a1d92ce809899753bc0d5d5a8dd19a8
- sebastian/type 2.3.0@fa592377f3923946cb90bf1f6a71ba2e5f229909
- sebastian/version 3.0.2@c6c1022351a901512170118436c764e473f6de8c
- symfony/polyfill-ctype v1.18.1@1c302646f6efc070cd46856e600e5e0684d6b454
- theseer/tokenizer 1.2.0@75a63c33a8577608444246075ea0af0d052e452a
- webmozart/assert 1.9.1@bafc69caeb4d49c39fd0779086c03a3738cbb389
- pocketmine/pocketmine-mp 3.15.2@d7a66ad7559f23d24ffe95813421a720203109b1

Loaded plugins:
Worlds 3.0.6 by survanetwork for API(s) 3.0.0
InvCrashFix 0.0.1 by  for API(s) 3.14.0
SimpleWarp 4.0.1 by Falkirks for API(s) 3.0.0
Slapper 1.6.1 by jojoe77777 for API(s) 3.13.0
KhungLong 1.0.0 by xXNiceYT for API(s) 3.0.0
MineReset 3.2.0 by Falk for API(s) 3.0.0
RedstoneCircuit 2.0.0 by tedo0627 for API(s) 3.6.0
KeepInventory 1.0 by KhoaGamingPro for API(s) 3.0.0
DevTools 1.13.0 by PocketMine Team for API(s) 3.0.0
NoFallDamage 1.0 by DeveloperNeb101 for API(s) 3.0.0
AutoXP 1.0.1 by JackMD for API(s) 3.0.0
NameTag 1 by MTwins for API(s) 3.0.0, 4.0.0
WorldProtect 2.3.8 by aliuly for API(s) 3.0.0
BuilderTools 1.2.0-beta2 by CzechPMDevs, VixikCZ for API(s) 3.0.0
NoAdvertisingPE 1.0.1 by Vaivez66 for API(s) 3.0.0
MSpawns 2.2 by EvolSoft for API(s) 3.0.0
BlockProtect 1.0.0 by DarkByx for API(s) 3.3.1, 3.3.4, 4.0.0
StairSeat 1.5.5 by korado531m7 for API(s) 3.14.0
MuaCoinUI 3.5 by BlackPMFury for API(s) 3.0.0, 3.2.0
DEVirion 1.2.5-ALPHA12 by poggit, SOFe for API(s) 3.0.1
1vs1 1.0.1 by VixikHD for API(s) 3.0.0, 4.0.0
BuyceUIEF 0.4 by UnknownOre for API(s) 3.0.0
Banking_vonfram 1 by Noob for API(s) 3.0.0
Minerloot 1.0.0 by Distoxicqted for API(s) 3.1.4
NameCorrector 1.0.0#build011 by PEMapModder for API(s) 3.0.0
GCPClan 1.1 by InstantlyTa for API(s) 3.0.0, 4.0.0
DOLNapTheUI 1.0.87 by Shin1134 for API(s) 3.0.0
AutoFix 1 by Noob for API(s) 2.0.0, 3.0.0
Kickk 1.1 by MCPEVN-TEAM for API(s) 3.0.0
EconomyAPI 5.7.2 by onebone for API(s) 3.0.0
SETVIP 2.3 by MCPEVN TEAM for API(s) 3.0.0
PECollide 1 by saxavlax001 for API(s) 3.0.0
SlapperRotation 1.2.1 by jojoe77777 for API(s) 3.0.0
PointAPI 2.0.9 by onebone for API(s) 3.0.0
Sell 2 by Muqsit for API(s) 3.0.0
ItemDropText 1.0.0 by AlexItz16 for API(s) 1.0.0, 3.0.0, 4.0.0
Weapons 1.12.0c by xBeastMode for API(s) 3.0.0
iProtector 3.1.1 by LDX for API(s) 3.0.0
DanhHieu 3.0.0 by padreon for API(s) 3.0.0
Eternity 1 by minefore and shin1134 for API(s) 3.9.0
DeTuMF 3.0.0 by CLADevs And Shin1134 for API(s) 3.0.0
OreGenerator 2.0.0 by vividmemory for API(s) 3.0.0
FormAPI 1.1 by jojoe77777 for API(s) 3.0.0
QuyenVipUI 1.2 by NightBlackDM for API(s) 3.1.1
PlayerVaults 3.2.0 by  for API(s) 3.0.0
MuaDanhHieu 3.5 by BlackPMFury for API(s) 3.0.0, 3.2.0
MapImageEngine 1.1.3 by FaigerSYS for API(s) 3.0.0
SkyBlockUI 2.0 KSCore by KaysilGMVN for API(s) 3.0.0
TheoDoi 1.2.0 by HotshotHD & CodeRed2019 for API(s) 3.0.0
Alias 1.2.0 by Ghast Noob for API(s) 3.0.0
MysteryCrate 9.1.1 by JackMD, DaPigGuy for API(s) 3.9.0
sblevel 0.1 by AmGM-Encode for API(s) 3.0.0, 2.0.0
AuctionHouse 1.2.3 by Shock95x for API(s) 3.0.0
ShopUI 0.0.1 by InstantlyTa for API(s) 3.0.0
AutoInv 1.0.0 by Nope for API(s) 3.0.0
Warps 2.0 KSCore by KaysilGMVN for API(s) 3.0.0
MenuUI 2.0 KSCore by KaysilGMVN for API(s) 3.0.0
InvSee 1.0.0 by BlockHorizons for API(s) 3.0.0
ChoDenUI 3.5 by BlackPMFury for API(s) 3.0.0, 3.2.0
LoadWorlds 1.1 by shin for API(s) 3.0.0
PiggyCustomEnchants 1.4.6 by DaPigGuy for API(s) 3.2.0
BuyFix 1.0.0 by HumYaiJang for API(s) 3.0.6
EnchantUI 0.4 by UnknownOre for API(s) 3.0.0
PurePerms 1.4.2 by 64FF00 & ProjectInfinity for API(s) 3.0.0
OrionTasks 1.0.0 by Clik for API(s) 3.0.0
ScoreHud 2.0.0 by JackMD for API(s) 3.0.0
essentialsTP 1.2.2 by  for API(s) 3.0.0
AntiTNT 0.1 by Adam1609 for API(s) 3.0.0
CustomAlerts 2.1 by EvolSoft for API(s) 3.0.0
CachMuaLand 1.2 by Noob for API(s) 3.1.1
KitUI 1.3.5 by Infernus101 for API(s) 3.4.0
TableSpoon 0.0.7-ALPHA by CortexPE, Xenophilicy, HyperFlareMC for API(s) 3.13.0
AutoClearLagg 3.1.0 by Twisted for API(s) 3.0.0
Eff 2 by AmGM for API(s) 2.0.0, 3.0.0
KingOfTheHill 3.0.0-ALPHA1 by Tethered, iZeaoGamer for API(s) 3.0.0
ChongBug 1.0.0 by shin1134 for API(s) 3.0.0
ShellyEssentials 1.0.2 by Shelly7w7 and BlazeTheDev for API(s) 3.0.0
SkyBlock 1 by KhoaGamingPro for API(s) 3.0.0
ShinPickaxeLevel 6.0.0 by shin for API(s) 3.0.0
NoTP 1.0.7 by awzaw for API(s) 3.0.0
SizePlayer 1.0.3 by  for API(s) 3.0.0
AntiSpam 1.3 by xBeastMode for API(s) 3.0.0
PureChat 1.4.11 by 64FF00 for API(s) 3.0.0
RankShopSystem 1.0.0 by zZPROGAMERZz423 | §eFor issues report by §2Visiting GitHub.com/zZPROGAMERZz423 for API(s) 3.0.0

----------------------REPORT THE DATA BELOW THIS LINE-----------------------

===BEGIN CRASH DUMP===
eNrtXG1z2za2/iscd+dOOhPZBN+ZDx07tvOysR1vrKTdLjsZEAAl1hSpJSnZcm//+30AUhJBO7Zs
K9MPt53dWDqSDp4DnHeA+GMnKcoJrb/ORVmlRb7zyn65U6cTsfOKeKbru6Hvuy93MlrVx2VZlDuv
/tipF1N8vDPEn4b2cmciqoqOJPWgHM0mIq8Ny5jSqhLcqAvjYpzm5ym7pNfiRMxFFkXTspinXJRR
dERret6+e/WqonNxntGFKF/8aExmVW3EwigSox4LQ45r0LKki5dGPssyY5TORf7SYDTLME6aG4ev
ouhzBUmi6IBP0jyt6pLWhRxFVJd1MY2ii8vF66xglwbZJR5wZLNRmuP7XXhf8EFVMnz5Fu5Tmua7
0/HUKHIjS3NhhBbET4DmTZpJ+b8/hLunToKSSBoULc89neUeOO71Ge4t+e112YGVFA/qIPWhpAwv
/7Pzg2k8hrOcrBeh9eOrjRVg8FNHAYr4d8Fq47Kox1H0Af829JfG2eeTE+NHQPyBGHLgKSZT1Jhs
sdfA2zsV9bjgx1CP+vhasBkW4IVzNxAJcvBTkf9rltbLIdcMo0hIJnKV5NhYJPVXfllxVyisb6D4
JEZYflEKfiL/5pApMAGiy775KmDcRjz4SahXYgnrbvAvjaehtvuo1W/21BdeBME3cN6WafCTNMDm
Z09D4vSRtApge47dg9FyU79tBn6hWLh9Frmor4rycm/CpmLvE708SeP3OXAnUOUXxLJ6fJsRwTEr
KnGXGBnNR1E0LGleZbSGpzws8hqzL/URJp7mo/8Q/zeDZal0fjytWJHnYKLQeQbw8qLsAizpZZbG
ynDgLuB+9y7Un3c05xmEJ5bfw9iKFEVSJqyELlSL/QKeGOhetJgs8zeDOLuW4+0SK9i17NDwHMdz
NgDtP25KzRBwG6HgupQo8F5dkQY/jdWLcypZNusWPGqQMHzklMDLMExIM1Z4xypUeVHciMZ9ZUJM
u/NvP3awb3/3D7k2s1L82SAh5qOgBG4PSfNVTK/2vZW4Z0WdJilTatrKTm55ymZpXljE9TfkXsn3
n/M6zV7wYhZnwlinCLuW6bnNSNY3RiJh6PRGaj4Z/FTDqZ032OGoGzb2t9i4t3zTkk1V07LVK3Lb
p6iXp3j5wvLtb3D4+hUWAMuYsZUve00rcYj8pzopKJfWfodzmGFOqsYbnxSjUccnOO5vT8hKVj93
7d+ek9Q0U+HeMxW22V+TxnQxi7/9+XJH/J3zfTPn236mhQlv2H1N83mRzYWcVIzB0xIat7P8FJQ+
a3zGCi5ztN/+Ttf+Ttf+Ttf+Ttf+Ttf+Ttf+Ttf+H6VrL3dG0r/TTOZrOZUtvJ31Twen5+AeY3bW
rb4de5dAFSR9lmZ85xUJiPtyJ62+cjHfeZXQrBJIOsqiLlgBto4ZYJBUpiTmhv+B96zF8nMKE7qq
jLOh8fP7s4Fz4Pzzwweo8+u3hrdrGwqCEXqmabxYfrVZZ8MyoaWfLOOihm7TkhvHPJXG8qNxcHrk
OTIxGk8xgr9rw2Xi7Q2sVYnXvsfHX4tKYnh/djYEQb25Qiol86bJFI64/ApPWNIyFZWcP8rHkLkU
e79XRT7Ad9pUzNwlu+Z+4DiB6XumHdpBmLhukNgh5abr2pTGgc9jOwmIRySygpV0ks6qvSncKNLl
QTv7EgDZdXfJPuG2ZTtWHDAiYui6a7MgCHxme+Dgxw6zOPV8m0k51koRpzktF0qTW1jE2nc9L6GB
H1ihME1fcGrGPPSEHSbCMuMwNrlnB8S2dFYyLMdAN5jTLOVSVxU2c9faD2yLUGozlgjP9mzJwQwS
k8WJ5Zu+67KEhZJ5j6G0v0zZ3xLbvs9MMHBCwgkTQRISJxGhxx1CHdsOWBhY+DpPEp1TVowUBwuT
LtwwFjx2uRPHIg6p5XmOz2I5UfhjJdQHC57QWxwG03pcCspXE7UfxjETWLMgNokT+DQGI6wB9ahv
uo5vWRRDmJ6vs5rQetyicfcD5ngsoaFruySJzdiKbdOHFsj5RXB1SGg7sev25MnjuuVA3P0koAEW
3+eWI2I/TGLf52HgUtdynZB7Qei6MfMo0Vk0MbsRxdoN993EoqZlmmHiBB6jDg/NILQC4ri+mVBi
i5gz0w+4zqUJGu2E2FDo0CX4umcJRAgCZXQ8X9he6IgwtjGtoW/aQdJnMs0UBwdTmiSILSEUTjgE
k+e5HMsNE/F94jIzCXzfgrh2AA68YNJdij04PVh0na5UzpaMbNfkiWl5gQhNB9FK2FBizHbgMtcW
prBtOxFCLvNkAU2Lqz2OQAcbnS4UE2LKFfbC2CIkCakLBSaJx0xoHreoSFyPS47EDQPhgkueXqbw
t+PpYErLSqns3JFcrH0Plk1iYRNCLdsUZmj6icsTYVrE9h2LSqGhxEK5GFoO0gJKkqeJqOQyQ2mB
JHAtzxUJt2nixzAl6sQWtZjt8Dhhrh8EnFshse0Oj66DljCYF8deYLlcJAEsm9qWZWFKA9v2k4AJ
mpDQdxNqNp4O06uqcaQrpUgyBL+0dWGKpaWMiXCTMGiZI7hnJZZLaeBQ3/Ept13uUuKFyEE9K76P
JaixDGNgiigCnKYXUj9wMfEOSaC7iRMmtoBDc52AM8KY8Di8pXeLqazyB6WoZM3baIIDjB6FEsZB
GIQQmIcW1pEF8DywfsY84TIrpnBBrdjVVDBZYU/HgrWKYMnph7eBRnux8KEI0ObQ9eCcQ9OjNDHh
eoTJA2rxlgn0ca/9uzQxJ9iHLjssgY8Mk4QHXgjTYlAD6gtKPdchzOaUeZ53m8kAf2d5Wi+ZEQ9T
D+XzOGJtbLp2yAV1GbyAgEY6Hk3iICbw3cS/g5lMM1g9KGeZqJYc3X3bdjBJUiuILxzkeMJMQvgm
m9sJgzMiMYezjBstVWiUtsuGAf7BjDddnFApBkKYE/uAE9iYMnimhFsxc4QfhxYmj9omw2i+1WMm
uyGDFLl1a8tScd19Cl4igEdJLHgCE4KZCWOx5yeIk7EVJBYsE8vRYya7H5eiYSPdNfQRftrnJpbM
c2M3CB0Tnsa3Ep+wkDLTsRCiPL/HphbXNf6ZoJatRWuP9j4JEF59k3jCM4VrOb4vXMdFZIJfQLT1
Y+ZajAdOn1k6UYjcxiKhCIhgTggXGQor8RC8RJhwaJVpObAAH8HJjnuIWkUIlXbDEWHhPJ/6oe8w
J/YYzATmkiRwLATeiSB4O8pDVQJ5G9xkjsiarr0UUf7FcSzhM194ARYfERBx1oF6+rHnBVi42HJM
iyE+6Xzk2rdwJBt/3w0tGzoCk4f7DkMSwlb9xDMR2pAEgKuLiBnS+G42MF7ptMQgK4rL2XQ12bAY
kpjS8uFsZIBDMPISTjDlAIcAJTXB7guJjIwuFclRiuTTIElsE7WwK/MOO2SEIh2BnlpUpg5EMBdh
y7zFJxPXab1YOeOYBkzmUyZmJIkZYjU37dj1HAR72zGh3H5ChMpC1nx4CkKDxEacY6ETUgQEeBMk
QYIqVDYHKjcOLOEw2zJDfbpFPk/LIm9zSFeFXDsIsOaCEwRtCg+FwaFGXihQMFlIqiiYmCZlOqPr
aVHWolzB4UHIkDz5HkH+GLsSl+1SL0a4pgKBFEIFJqKxxmWUFTHN4E0au3DV1MCb+SHSKQjn+EGM
HMjCvFAG7wa74FBThiyC+Ron2bmsBkUyaLqPrUp6LnFiadzwsnBnjpe4lsmRJnHiU8e17IS6CMyO
xqqp0wYiR1DoLj6mHL+XLheLFSA5cx3Lh0MmrvSSyL5s37SQMNM72bXhSnFrVJKH8COxHROLspj4
0kgIYmqAfMFmockt07FZ3FPJUrCZiskQNJd+ZQVOcCSv8N+ui7SLIOfDu5g6FomRHHOOBAIqIhK/
x64qZiUTg2IqZW3LAVsxNBPHkQhsShDzEL1MBEDEdztmJpexGQkDCWmgMWzb8xYyKHNfzq5l+z4S
XMsOkabGIbQdnpb6JKbI8BILCmaGGofbOQcjpgVlIjQ0CWyLYAFI4Nge8z1HOL6dIPEJlHouJkmR
L1CyZgvEgWzAWjhzOO9AVjjMRj4HNfBEglwUsVNmc9IBwwMjzw4c7sWO0od6LCohkBEgAOTpTevn
ZGDyodY2s22KeIK8EiWYgxQFzgAWiEiO6gu251oyL7wS8aS4oWW9J3cjysbJhcr8E+aFjIrY4U7I
bOmxofUmEmfYi+2jEIljlHR6mrt+OZhMV1XzPvepB7+PKihMLBtJfIKKxoVLweKjFkFOLguBmOz8
uerrq9Ly56LMeNUp0lvCyx19DWQ2QWf1uCgr2cyvZuWctn0qWezTaSrJ8pumfC9yGmcCZW9dzlC1
czFFEVw1OwJVkdRHXcKEqm0ExTOKrhSAKFoBkbWb7B58vBj+/PHTyVEzp1Wq3MW4rqfVq722a17t
Kia7y0bgDw2zHcj8Pp8flrQav0mvO9J2qV2RTek6NJG7QhLn6VJOZv8F9ChCWsHkyEl6HUVNe+gh
WaUYF6kMIz/TctqRokPsCuHcEmLnDc0u0/Kyet6agU1Vq3Z2olBfZMVV5+0x9FwWUll1fryzljxp
x46iSuG9At4o0rA/LH5Gp1NRdmVvKV3Bya7XF/z34vdC+PI/TXRiP0Nfm5Gb1t2mejpK6/Es3kU2
sLeGtLcUAhJ+GM/y0UmRjzoyrmm6lHLhNCmvfzlLmfj3cFsmeZTmxWbySeiys/cJHrPuQF/TdI9i
9aFLzdwW7LWmST9ZyuEhRQfJg6J8Eryqi1wcpiWbpV2B+p90xbJur0gteGF6lq513tNFK9vh+6ty
MTz4NPx8fkuQD0JM4eRUZbvoqpRG76mVLsKHcUHfUszk6LwstrVEGtMo0uBsrnFHYj4siqwbv1Yk
XSZl6JpY6260MRR0sjWTaceXHfYVknsW6Q7HsEa2t+IBYc8K2Eh2RCeqQl4JrJHvXcgjue8rk7wz
geKXbFHiLtso6iLafC0PZnXxy3lHsJbQd3k9x/5Pyi5Pj7YlS8Mtipqxn+zaGzZ7rQRy7SDSkHZ9
+pKiiaeLdjq8kllaX7SXKrA/3Tmm1zJobZ5yqEQMVlrLYx+9RHFJ1r2gvRvoktAsnWWLbS1Sw63N
FKcNgk384R0LdTpLyyQVGe/m1ctjKnUpZJ9dnljY06TFpLyWG0Si7HsfjaxrLoLDIBY1tfSpObwR
bHx+CiOSP/iSXqeXh79ua6aYZD6dcDCPorjBVjfeqYf0sRregb2nsVKO6oBD8jqtpHs/1nyV/skD
tv2FpnNx43nbmo4lP+miNCA9wkbJzsWUXuXdtV9SdFvoLffxvMguAG9bIrWDQv1Xo29gAVdXV7sC
SCTX3fpSKbRsnt+2co38QPZ5RMvL14trTTRbran86zzXcXWhQH91YA9XDjVNywtBu8Ktabpk7q6r
S3ZZlJQXrk0mvfLhGYVghyeqoCWSzsuNtHBGD4s0//y+q4crmp5y92R6nSFInZ++mZWLO0JMk6E/
VSln9FdWyBNfR0U6TEX+iIzu+EtaKsTrjG5J6vtTd3Bwcv7ugPRMbFqMRioxv/j4RvREI08VqWEa
RXMFJYrgUttXHXgP5OJkXpGOXOrtQx5QxoN3R9vOAeaS7ZhHESqJeaXKiY+5+FLhnyfEAuTxFEFr
TwmkYuOCic/vj99ogXFJ09ssji7v5/wyL67yj6XYloNcc5QxT4HYXBtf0/wS8eDrvMiTEjVCR57e
J/ekcWdFEW9LGskLcmDwx5XlZVYU/bK8oT3k01OUm9cp+y8KWd31Yeme3FVY84yiOttcFJk0HxZl
2TbRtWR6Tb8l0g8q9TFJb2HOj0/p9LTgMg/e0vp0WCKn6KLqvd1E2reH54cZ7brCJaVX2+pivW8O
MmSLId2230iXrGsaRQmjDGCi6M3hQYvqQc8Bx4GfTcXuPFfe/uPJGZ0Ox0ILYF1qfy0DXxdWHmsm
xHa2Vsyux35c6ar3lZeUzd2CtQq8z0CfK/ewHvxB5B9SdnnZbQup9/eq1+nh+fGXs8Hw+OB0a0ms
YhlFy9EfhH3MiryYLA7Ou2rTIXYFcHf9fhKOgBfj/9uC37KLItEgAM8o0tA8nJ0eD7+87zY/WkKv
rr5rJYzvsRIXov6SbtSRPz8+LLIs5d2W1Jp2j/5X9JrOM3ptbq8T1WEZRVOshgKxaau0bcJ/Kmq1
CXp7j2H1ST8R3Wyv4RmC9QBs7pnOkYXXupmsSP3OdfhdjYQX8ujpM61EZN3zxOqtJkXPPtRW29bW
AKPJ4+ybT/77WkyOymI6VFv06z3HLvmB9OsgE9fv6xvSbYEQLVI8M6JLMBLI5lL9LOi00BofS0ov
bECnWG976rWgVX0qT2dsaVHWHKOohbF6sYkwadtB0LLJDlGvoG/FwpOjX7YlCVhF0XrkJ7eewWcg
vfheRwqZadF8/C4Vs26atST19/p7OjilvBT4cEuCtuyiaJjWdSYOjj5trnvHtShzdYRqHfWXpHtC
jfQ7SVEKA+ZrVHdljOEzNvRb5lE0SR6zczWcnb7R9q0U4YG1ODw5kC1X4wCCbDv1bXmrndJHBRnU
1m/Vwx66GWnkB7ZJ5+k85RMxKcqt7RJ0h4+i9qXYRJ43RTnRY+aScm9ivP2wv+aIIquBsHqxiSD/
mi1EjjxOq646xF4e06tP0tG4Vk3Co9Ne5f/kLhpSWtm5VTyjaAni4SxGPWD5hc6yuht3NPL9xwu2
tCDLwzvNA6lzNfLy+c8Vjk2atne44y71r2rcHo6LQ2CQtW/78hFtJjp9L3d8j/OReoJ8LZj+Qc+G
+kXNG5qORHnx74ttGdGKoRSli6T/fqMMtH1YTrOoDrHn5owPF4cIDb3zFHRRpdnb0y9nW0tNVwA2
X67hWBRHRdoRY0m5tW2pw39X1NW4qN8dGf9jHCLx+iS4ZZJwa1uWEy4fB1IHqw4n/KJ5vVEXJktp
1z007x+Q5u0Y+aOxzRatGrZZB/Xo50a2s5CbzItDFaE6ltMldwUJb6ei7TkImemdp6O3s8W28pvl
kYgumOcejNAEg/wVUMmLI9aiLyn6bkFP5oPJ29PBcc7uKihetmnGU01qLLevqnh5ocUGPUD1HNK7
YlYJrRHYIfd10e73MmHDoXv9zMOZWk3dPeDaaZS0I0URbfCNJT7ZOdTQPuwOx4WeXLSE+4/S3tuh
vk/Wrmj3tYEAYpbKy1OKDRMM2THFTPUauJLyQH1+Bue0tb2D4QeswOfhx/dnXx5RjtNyqhXj6v1f
E4fU2I/IGEQ+03euG8JfCP4xERTqcSGEfphcEh5QGRWp3xVlelPk1bbAa0yjqEHymENeSPeOhH6O
YEX6C7NRBUAlo0ePOUUg5b71ZEOHeG8dJxsEW+vqrMbcPGTKiMmm83y3Lqaq+klHo8XhrKqLCWLd
GI5TK4Lu+FQXz+k/vHFnhvCMdVryk3dY3QLziM322ULfRGsJD9jTu9nk3zT9J81HvUXznmxMatxH
dKUaUTXjWdP+wvMOKxCP2DCYleJclBNNxVa0vmL1Wgae8+aNaaIuOC8L+cDb+zxJVW9uS7J9bQaA
ni0RdV4+IRtVv13eSbbiozpakHFIq8tK62etiA+o5GGWbu1ZBskritTYTzggfyGvDXk3490UbUl6
oCX3fQ5WL0ffXASxeppo2N0g1cj9xNr6Hs2f7ohR1Bv/4RQTXx6eDbspZku5v8ThdEI8c2vldTvo
pnuijS8/yESpBR2NrOsR+b7nXbsjIy/QcTzt5OshZePTGT2heddMutT7+6T93sEz+qOZ2l9sTnFM
ZjRrBt/gFIcefJr3OupbiRucsyjzWdV/EuQZR1o7LOVhjkcFnqEc7mJaaBvvHWK/pPSbw589xyuf
R79WB8t/EXkxHadZyuTW0LvFVJRvMlqK08OtPQDYGSKK1lC7rx+2MFloHmaClid0NOoVoGt6fx+y
56uHV/I+Rb4tI6sbdrI7UBdMgsgAojlY1MX02HjbwjyoFtlscnq4p/OTmZS822CdQ6mrD765vS+7
P9s+QIUhobqSM9lcdT+k+ehjMhyLd6l2PkGn39rZa08v91ZS1GN5QeZLI/1V0OItnWzvcOL6MtRN
JUPdlY9ez0Z6VdiQHsiBqi3vTi53O1UxuESwQYNKZNli/UCy1qrqfdQXyOp35+T3/Stf7SKj7L0R
WNojMd+ehDqgR2R5bf//jj2J+7bFt/hgp950bB9gLHKx6DQdTxfnWSEPmqi/G5zH6l8r3F27WzcO
r6X07lbGbSri7Yt0Nzq9XGgZrHrbV7re8VZ6dUOvtvbcnGQm04t6+uQGfgNIXURw0961rF1EsCL2
BbO/R0quxjtpLgdev940Hb+Yakf6V6Re4vTdzzDFkuNEnWGSF9BVwDCREi0BTboifctaZP16ONYe
b1qR+mV7/yB8U1Y/rhW/rpfvuh5CbSNU0q3ITGyeFrPq/HiwpO98o6SXYNevtlDQKzbycX6aX8rd
gAu579Rd894HD8S0m1/PP318e3B6/OnXG8eyjf81oplpUl+8KUojraqZqIxSyEuRjHjRfmZ9SYEX
PtZ4m9bvWpw9Ro+f+XZ+1mdBum2QDnV51vMe9dOnYFNv9mf3UprdxUTevaiu8JF3pO7Km+/kw5Tq
Yjh5fw0tMd+1WNq+uK5F3l48+seO6u53LkyNWXu55YrCaCbkZasarZh85UWdy+smOtT2tp81YVZm
3fe8uWZq9T5Js+YKqxVlNNGubx3TSsOSItLNuwR5KavSF1/pyyRu7t/tfqVq74rt0qZMl/rT6i5D
7ZdqkiudxNPZpEu5OD/pvp0sqv9m6s7Z9pWhLtWyBlzMjYG8wNY1HdPHy3+8568MnzH8L/SE57uJ
x31LuCwxE8vzEycQxPOZvIEU6v4PeSVS5yqk1YALqtbfaguTm3Ta9NVd1e68aW4IXX0bb68n+poU
UhzLNG1CLHkM+fzoozZVvPiqROkTQUr15YTe5VWlfbG5YeaXU22OegjwVl7KqosF4lWZ9rSjc32r
bJoTeTkxAI915Vzbxlc2nuWX3atx5RSlo+bK3Lack9PEq7Z5JSdAbX7zeHk9q9TjcjGtC0Vonqkd
8VtrnmpqoubG7pJWF4eNZo0yLuH8CusyPp4zysad2fzzz/8DQYYt/g==
===END CRASH DUMP===
