PocketMine-MP Crash Dump Tue Nov 17 16:27:42 +07 2020

Error: Class 'pocketmine\network\mcpe\protocol\MoveEntityAbsolutePacket' not found
File: plugins/Bot/src/Bot/EventListener
Line: 75
Type: Error

THIS CRASH WAS CAUSED BY A PLUGIN
BAD PLUGIN: Bot v2.0.0

Code:

Backtrace:
#0 src/pocketmine/plugin/MethodEventExecutor(42): Bot\EventListener->onPlayerMove(object pocketmine\event\player\PlayerMoveEvent)
#1 src/pocketmine/plugin/RegisteredListener(80): pocketmine\plugin\MethodEventExecutor->execute(object Bot\EventListener, object pocketmine\event\player\PlayerMoveEvent)
#2 src/pocketmine/event/Event(88): pocketmine\plugin\RegisteredListener->callEvent(object pocketmine\event\player\PlayerMoveEvent)
#3 src/pocketmine/Player(1662): pocketmine\event\Event->call()
#4 src/pocketmine/Player(1776): pocketmine\Player->processMostRecentMovements()
#5 src/pocketmine/level/Level(852): pocketmine\Player->onUpdate(integer 3615)
#6 src/pocketmine/level/Level(785): pocketmine\level\Level->actuallyDoTick(integer 3615)
#7 src/pocketmine/Server(2267): pocketmine\level\Level->doTick(integer 3615)
#8 src/pocketmine/Server(2398): pocketmine\Server->checkTickUpdates(integer 3615, double 1605605262.6914)
#9 src/pocketmine/Server(2154): pocketmine\Server->tick()
#10 src/pocketmine/Server(1994): pocketmine\Server->tickProcessor()
#11 src/pocketmine/Server(1588): pocketmine\Server->start()
#12 src/pocketmine/PocketMine(273): pocketmine\Server->__construct(object BaseClassLoader, object pocketmine\utils\MainLogger, string[45] C:\Users\Administrator\Desktop\SkyBlock 1.16\, string[53] C:\Users\Administrator\Desktop\SkyBlock 1.16\plugins\)
#13 src/pocketmine/PocketMine(304): pocketmine\server()

PocketMine-MP version: 3.15.2 [Protocol 408]
Git commit: 0000000000000000000000000000000000000000
uname -a: Windows NT WIN-4A4JKK157BG 6.3 build 9600 (Windows Server 2012 R2 Standard Edition) AMD64
PHP Version: 7.3.23
Zend version: 3.3.23
OS : WINNT, win
Composer libraries: 
- adhocore/json-comment 0.1.0@8448076039389f558f39ad0553aab87db3f81614
- ocramius/package-versions 1.5.1@1d32342b8c1eb27353c8887c366147b4c2da673c
- pocketmine/binaryutils 0.1.12@566fa87829e007eda0bd96e39fe20b9b0d638132
- pocketmine/callback-validator 1.0.2@8321aa3ccfe63639b0d08f0cbf270755cfc99fe2
- pocketmine/classloader 0.1.1@7c0363491d1ce8f914fe96d41a4338c982adedff
- pocketmine/log 0.2.0@e59bedb5d4bbeb9a26647cb7c367cb2fa72addfa
- pocketmine/log-pthreads 0.1.1@9bbcef398b01487ab47c234a6a7054722abbe067
- pocketmine/math 0.2.5@8c46cfa95351fb0b2b30739a381310941934b55f
- pocketmine/nbt 0.2.15@f8a81d37d24eb79fb77d985a52549d68955bc6a1
- pocketmine/raklib 0.12.9@5f2a02009f486ca4d90892814570fa13ebdc078d
- pocketmine/snooze 0.1.3@849510fa62e57512b8467e3694e9b3add97038fd
- pocketmine/spl 0.4.1@ff0579a0be41bbe65d3637607715c0f87728a838
- doctrine/instantiator 1.3.1@f350df0268e904597e3bd9c4685c53e0e333feea
- myclabs/deep-copy 1.10.1@969b211f9a51aa1f6c01d1d2aef56d3bd91598e5
- nikic/php-parser v4.10.2@658f1be311a230e0907f5dfe0213742aff0596de
- phar-io/manifest 2.0.1@85265efd3af7ba3ca4b2a2c34dbfc5788dd29133
- phar-io/version 3.0.2@c6bb6825def89e0a32220f88337f8ceaf1975fa0
- phpdocumentor/reflection-common 2.2.0@1d01c49d4ed62f25aa84a747ad35d5a16924662b
- phpdocumentor/reflection-docblock 5.2.2@069a785b2141f5bcf49f3e353548dc1cce6df556
- phpdocumentor/type-resolver 1.4.0@6a467b8989322d92aa1c8bf2bebcc6e5c2ba55c0
- phpspec/prophecy 1.12.1@8ce87516be71aae9b956f81906aaf0338e0d8a2d
- phpstan/phpstan 0.12.48@d364cfbac9ffd869570cdfea7eaa6541c3dac666
- phpstan/phpstan-phpunit 0.12.16@1dd916d181b0539dea5cd37e91546afb8b107e17
- phpstan/phpstan-strict-rules 0.12.5@334898a32217e4605e0f9cfa3d3fc3101bda26be
- phpunit/php-code-coverage 9.2.0@53a4b737e83be724efd2bc4e7b929b9a30c48972
- phpunit/php-file-iterator 3.0.5@aa4be8575f26070b100fccb67faabb28f21f66f8
- phpunit/php-invoker 3.1.1@5a10147d0aaf65b58940a0b72f71c9ac0423cc67
- phpunit/php-text-template 2.0.3@18c887016e60e52477e54534956d7b47bc52cd84
- phpunit/php-timer 5.0.2@c9ff14f493699e2f6adee9fd06a0245b276643b7
- phpunit/phpunit 9.4.0@ef533467a7974c4b6c354f3eff42a115910bd4e5
- sebastian/cli-parser 1.0.1@442e7c7e687e42adc03470c7b668bc4b2402c0b2
- sebastian/code-unit 1.0.7@59236be62b1bb9919e6d7f60b0b832dc05cef9ab
- sebastian/code-unit-reverse-lookup 2.0.3@ac91f01ccec49fb77bdc6fd1e548bc70f7faa3e5
- sebastian/comparator 4.0.5@7a8ff306445707539c1a6397372a982a1ec55120
- sebastian/complexity 2.0.1@ba8cc2da0c0bfbc813d03b56406734030c7f1eff
- sebastian/diff 4.0.3@ffc949a1a2aae270ea064453d7535b82e4c32092
- sebastian/environment 5.1.3@388b6ced16caa751030f6a69e588299fa09200ac
- sebastian/exporter 4.0.3@d89cc98761b8cb5a1a235a6b703ae50d34080e65
- sebastian/global-state 5.0.1@ea779cb749a478b22a2564ac41cd7bda79c78dc7
- sebastian/lines-of-code 1.0.1@6514b8f21906b8b46f520d1fbd17a4523fa59a54
- sebastian/object-enumerator 4.0.3@f6f5957013d84725427d361507e13513702888a4
- sebastian/object-reflector 2.0.3@d9d0ab3b12acb1768bc1e0a89b23c90d2043cbe5
- sebastian/recursion-context 4.0.3@ed8c9cd355089134bc9cba421b5cfdd58f0eaef7
- sebastian/resource-operations 3.0.3@0f4443cb3a1d92ce809899753bc0d5d5a8dd19a8
- sebastian/type 2.3.0@fa592377f3923946cb90bf1f6a71ba2e5f229909
- sebastian/version 3.0.2@c6c1022351a901512170118436c764e473f6de8c
- symfony/polyfill-ctype v1.18.1@1c302646f6efc070cd46856e600e5e0684d6b454
- theseer/tokenizer 1.2.0@75a63c33a8577608444246075ea0af0d052e452a
- webmozart/assert 1.9.1@bafc69caeb4d49c39fd0779086c03a3738cbb389
- pocketmine/pocketmine-mp 3.15.2@d7a66ad7559f23d24ffe95813421a720203109b1

Loaded plugins:
NoAdvertisingPE 1.0.1 by Vaivez66 for API(s) 3.0.0
Slapper 1.6.1 by jojoe77777 for API(s) 3.13.0
StairSeat 1.5.5 by korado531m7 for API(s) 3.14.0
KhungLong 1.0.0 by xXNiceYT for API(s) 3.0.0
NoFallDamage 1.0 by DeveloperNeb101 for API(s) 3.0.0
BuilderTools 1.2.0-beta2 by CzechPMDevs, VixikCZ for API(s) 3.0.0
MineReset 3.2.0 by Falk for API(s) 3.0.0
BlockProtect 1.0.0 by DarkByx for API(s) 3.3.1, 3.3.4, 4.0.0
RedstoneCircuit 2.0.0 by tedo0627 for API(s) 3.6.0
DevTools 1.13.0 by PocketMine Team for API(s) 3.0.0
KeepInventory 1.0 by KhoaGamingPro for API(s) 3.0.0
NameTag 1 by MTwins for API(s) 3.0.0, 4.0.0
WorldProtect 2.3.8 by aliuly for API(s) 3.0.0
Worlds 3.0.6 by survanetwork for API(s) 3.0.0
SimpleWarp 4.0.1 by Falkirks for API(s) 3.0.0
InvCrashFix 0.0.1 by  for API(s) 3.14.0
MSpawns 2.2 by EvolSoft for API(s) 3.0.0
AutoXP 1.0.1 by JackMD for API(s) 3.0.0
LoadWorlds 1.1 by shin for API(s) 3.0.0
AutoClearLagg 3.1.0 by Twisted for API(s) 3.0.0
BuyceUIEF 0.4 by UnknownOre for API(s) 3.0.0
Weapons 1.12.0c by xBeastMode for API(s) 3.0.0
GCPClan 1.1 by InstantlyTa for API(s) 3.0.0, 4.0.0
KitUI 1.3.5 by Infernus101 for API(s) 3.4.0
AntiSpam 1.3 by xBeastMode for API(s) 3.0.0
MenuUI 2.0 KSCore by KaysilGMVN for API(s) 3.0.0
sblevel 0.1 by AmGM-Encode for API(s) 3.0.0, 2.0.0
SizePlayer 1.0.3 by  for API(s) 3.0.0
QuyenVipUI 1.2 by NightBlackDM for API(s) 3.1.1
SETVIP 2.3 by MCPEVN TEAM for API(s) 3.0.0
DeTuMF 3.0.0 by CLADevs And Shin1134 for API(s) 3.0.0
FormAPI 1.1 by jojoe77777 for API(s) 3.0.0
OrionTasks 1.0.0 by Clik for API(s) 3.0.0
CachMuaLand 1.2 by Noob for API(s) 3.1.1
Minerloot 1.0.0 by Distoxicqted for API(s) 3.1.4
TableSpoon 0.0.7-ALPHA by CortexPE, Xenophilicy, HyperFlareMC for API(s) 3.13.0
KingOfTheHill 3.0.0-ALPHA1 by Tethered, iZeaoGamer for API(s) 3.0.0
MysteryCrate 9.1.1 by JackMD, DaPigGuy for API(s) 3.9.0
DanhHieu 3.0.0 by padreon for API(s) 3.0.0
DEVirion 1.2.5-ALPHA12 by poggit, SOFe for API(s) 3.0.1
SkyBlockUI 2.0 KSCore by KaysilGMVN for API(s) 3.0.0
Bot 2.0.0 by xXNiceYT, Blaze, FreeGamingHere for API(s) 3.0.0, 4.0.0
Sell 2 by Muqsit for API(s) 3.0.0
NameCorrector 1.0.0#build011 by PEMapModder for API(s) 3.0.0
TheoDoi 1.2.0 by HotshotHD & CodeRed2019 for API(s) 3.0.0
NoTP 1.0.7 by awzaw for API(s) 3.0.0
CustomAlerts 2.1 by EvolSoft for API(s) 3.0.0
MuaCoinUI 3.5 by BlackPMFury for API(s) 3.0.0, 3.2.0
OreGenerator 2.0.0 by vividmemory for API(s) 3.0.0
ChongBug 1.0.0 by shin1134 for API(s) 3.0.0
BuyFix 1.0.0 by HumYaiJang for API(s) 3.0.6
PECollide 1 by saxavlax001 for API(s) 3.0.0
DOLNapTheUI 1.0.87 by Shin1134 for API(s) 3.0.0
ShinPickaxeLevel 6.0.0 by shin for API(s) 3.0.0
InvSee 1.0.0 by BlockHorizons for API(s) 3.0.0
PointAPI 2.0.9 by onebone for API(s) 3.0.0
AntiTNT 0.1 by Adam1609 for API(s) 3.0.0
Warps 2.0 KSCore by KaysilGMVN for API(s) 3.0.0
PurePerms 1.4.2 by 64FF00 & ProjectInfinity for API(s) 3.0.0
1vs1 1.0.1 by VixikHD for API(s) 3.0.0, 4.0.0
ChoDenUI 3.5 by BlackPMFury for API(s) 3.0.0, 3.2.0
iProtector 3.1.1 by LDX for API(s) 3.0.0
SlapperRotation 1.2.1 by jojoe77777 for API(s) 3.0.0
MuaDanhHieu 3.5 by BlackPMFury for API(s) 3.0.0, 3.2.0
Eff 2 by AmGM for API(s) 2.0.0, 3.0.0
AutoInv 1.0.0 by Nope for API(s) 3.0.0
Alias 1.2.0 by Ghast Noob for API(s) 3.0.0
EnchantUI 0.4 by UnknownOre for API(s) 3.0.0
Banking_vonfram 1 by Noob for API(s) 3.0.0
PiggyCustomEnchants 1.4.6 by DaPigGuy for API(s) 3.2.0
EconomyAPI 5.7.2 by onebone for API(s) 3.0.0
ItemDropText 1.0.0 by AlexItz16 for API(s) 1.0.0, 3.0.0, 4.0.0
Kickk 1.1 by MCPEVN-TEAM for API(s) 3.0.0
AutoFix 1 by Noob for API(s) 2.0.0, 3.0.0
ShopUI 0.0.1 by InstantlyTa for API(s) 3.0.0
essentialsTP 1.2.2 by  for API(s) 3.0.0
PlayerVaults 3.2.0 by  for API(s) 3.0.0
ScoreHud 2.0.0 by JackMD for API(s) 3.0.0
ShellyEssentials 1.0.2 by Shelly7w7 and BlazeTheDev for API(s) 3.0.0
Eternity 1 by minefore and shin1134 for API(s) 3.9.0
PureChat 1.4.11 by 64FF00 for API(s) 3.0.0
AuctionHouse 1.2.3 by Shock95x for API(s) 3.0.0
SkyBlock 1 by KhoaGamingPro for API(s) 3.0.0
RankShopSystem 1.0.0 by zZPROGAMERZz423 | §eFor issues report by §2Visiting GitHub.com/zZPROGAMERZz423 for API(s) 3.0.0

----------------------REPORT THE DATA BELOW THIS LINE-----------------------

===BEGIN CRASH DUMP===
eNrtXHtz2ziS/yoqz9ZdpiqS+X7kjyk7tvPY2I4uVjKzs9xKgQBocUwRWpKSLe/Nd78fQEoi6Idk
W1NTdTVbszHZIhvdjX4DxH/2ElFMSPV9zosyFfneG/v1XpVO+N4b0zNc/Gd51uu9jJTVSVGIYu/N
f/aqxRQ/79X3r/cmvCzJpYQc4bGy999TQa94NUlzHkU5r65FcRVFEzrF7bQQlaAii6IzMecneZVW
i8O4FNms4kMiX/vvXi6qXiJmOQPuZJZl79JMIX8TRV9LUBlFhwzI07IqSCWKKDrm5VUlplF0cbV4
m2HwnjkwPQyWzS7THM+/FVUUlQVtrk7mPK9O8T7PeTGYjqdyoHqQ5pV9PLePF9Rf7XE8moGxvTe+
CzkVhOLyn3s/GD359Jrx/RrR/hmvxoIpDCc3nM5A7yvH+vFN7y4h/Z9EPszIghdSNK9E/BunVa8t
Sy4fl2zJh6Jo/bDC8yNI+8F8gI4v/FIOU3C2HO5VYICMNvr6UczMXZr7P3F1tSLrLvmve8+j2OpS
rN6phf4qCB6g8S4//Z8oybL6tedRYncpqR96ZXqe1SGjwaberQd+pVA4D6Hwfa+Dov6l/xMsgsKA
zkRZfeEU+CRRE/wta5RuF2WGwbP9U/nvq8C1HkAr8q9TRjBhaV7xS170bM90FULvMYR+4HYQql+j
SP3c/4nQagZuF8dilNKru8j9LvILXsCzvLIsz38UMXsAYfAQQjvs6kb9C6ZjzOmVxFZLoNSQvu4x
MYsz3lt7t4EXmo4aLHxoMNN1HhisklTXpmc88LYZho+9PawVAI6hRmM+hMYNHuK4rEhRNa/fsaeh
ujzD5SvLtx/A8P07FTkc6oyurOctKbly6KeCsAfse1alGfzrGUnzU3F5KZ8CkjS//Kfj/qv3dI+9
et21n/P6yuHXorAfEYVtdOekrMX8496/fn+9x/+MWPf0EARK68e/p/lcZLXjAA6WFpiqveWvgAAL
bqlgMl7966/Q9Vfo+it0/RW6/gpd/89C1+u9S+lRSCZjV05kGbe3frV/NgT2GNJZl3t79sB0B5aE
z9KMoewLoGp7afmd8fnem4RkJUccaWLZ3hvHCDBIKqOMseX/gHvW0PJzmjNxXfbOR72fP573nUPn
758+ma7/9n3PG9g9RUIv9Ayj92r5aD3PPcuAfnyxehcVyRkpWO+EpRU4+LF3eHbsOTLWoZB7s+cP
7IFl4/aWI6pK9pp7/PxdlJKGj+fnIwDUzTWio4yLk6mAFL9naVyQIuWllB9hY/Bc8P3fSpH38UwT
XY2BOTAOAscJDN8z7NAOwsR1g8QOCTNc1yYkDnwW20lgeqakTNCCTNJZuT9F2Ef60G+kLwkwB+7A
PDCZbdmOFQfU5DF03bVpEAQ+tT1g8GOHWox4vk0lH2uliNOcFAulyQ1ZpnXgel5CAj+wQm4YPmfE
iFnocTtMuGXEYWwwzw5M29JRyUAQg7r+nGQpk7qqaDMG1kFgWyYhNqUJ92zPlhiMIDFonFi+4bsu
TWgokXcQSvvLlP0taTvwqQEETmgyk/Igge9KeOgxxySObQc0DCw8zpJEx5SJS4XBgtC5G8acxS5z
4pjHIbE8z/FpLAWFP1ZCfKBgCbmDoT+txgUnbCWogzCOKcecBbFhOoFPYiDCHBCP+Ibr+JZFMITh
+TqqCanGDTXuQUAdjyYkdG3XTGIjtmLb8KEFUr6mETpmaDux63b4yeOqwWC6B0lAAky+zyyHx36Y
xL7PwsAlruU6IfOC0HVj6hFTR1GQK2hqzYo1CA/cxCKGZRhh4gQeJQ4LjSC0AtNxfSMhps1jRg0/
YDqWMhfiljcCsaHQoWvicc/iru+aUEbH87nthQ4PYxtiDX3DDpIukmmmMDgQaZIYrh9C4bhjQnie
yzDdMBHfN11qJIHvW2DXDoCBCSrdJd+H04NFV+lK5WyJyHYNlhiWF/DQcNwQZECJIe3Apa7NDW7b
dsK5nObJApoWl/uM8ylsdLpQSExDzrAXxpZpJiFxocBm4lEDmscswhPXYxKj6YYBd4ElT69S+Nvx
tD8lRalUdu5ILNaBB8s2Y26bJrFsgxuh4ScuS7hhmbbvWEQyDSXmysWQop8KKEmeJryU0wylBSVI
djyXJ8wmiR/DlIgTW8SitsPihLp+EDBmhaZtt3C0HbQkg3px7AWWy3gSwLKJbVkWRBrYtp8ElJPE
DH03IUbt6SDemfRWotgveJIh+KWNC1MoLWVMJjNMCi1zOPOsxHIJCRziOz5htstcYnqh5SCBjB9D
CWgswxiQIoqATsMLCVIxCN4xE+hu4oSJzeHQXCdg1KSUewze0ruDVFZa/YKXsoypNcEBjR6BEsZB
GIRgmIUW5pEG8Dywfko97lIrJnBBDdvllGMWCzFFHtUogiXFD28DjfZi7kMRoM2h68E5h4ZHSGLA
9XCDBcRiDRLo437zd2liTnAAXXZoAh8ZJgkLvBCmRaEGxOeEeK5jUpsR6nneXSR9/J3labVEZnoQ
PZTPY4i1seHaIePEpfACHBrpeCSJg9iE7zb9e5DJNINW/WKW8XKJ0T2wbQdCklph+txBdsiNJIRv
spmdUDgjM2ZwlnGtpYoape2yIMQ/kHhd1YZKMRDCnNgHOYENkcEzJcyKqcP9OLQgPGIbFKP5VgeZ
LGD7KUqbxpal4roHBLh4AI+SWPAEBhgzEkpjz08QJ2MrSCxYJqajg0wWtFe8RiPdNfQRftpnBqbM
c2M3CB0Dnsa3Et+kIaGGYyFEeX4HTcVvKvwzQfVU8cYe7QMzQHj1DdPjnsFdy/F97jouIhP8AqKt
H1PXoixwusjSiaLIrS0SioAI5oRwkSG3Eg/Bi4cJg1YZlgML8BGc7LhDUaMIodJuOCJMnOcTP/Qd
6sQehZnAXJIEjsWEdzIRvB3loUqOvA1uMkdkTddeylT+xXEs7lOfewEmHxEQcdaBevqx5wWYuNhy
DIsiPul45Nw35Eg0/oEbWjZ0BCYP9x2GZghb9RPPQGhDEgCsLiJmSOL70cB4pdPi/UyIq9l0JWxY
jJkY0vLhbGSAQzDyEmZC5CAOAUpqgt1lEhkZWSqSoxTJJ0GS2IbnyKjmw2qoSZCOQE8tIlMHk1MX
Ycu4gyfjN2m1WDnjmARU5lMGJJLEFLGaGXbseg6Cve0YUG4/MbnKQtZ4WApATYmNOEdDJyQICPAm
SII4UVTZDFS5cWBxh9qWEeri5vk8LUTe5JCuCrl2EGDOOTMRtAk8FAaHGnkhR8FkIakiQGIYhOqI
bqaiqHixIocFIUXy5Hsm8sfYlXTZLvFihGvCEUjBVGAgGmtYLjMRkwzepLYLV4kG3swPkU6BOccP
YuRAFuRCKLwb7IJBTSmyCOprmGQzquyLpF93lxqV9FzTiaVxw8vCnTle4loGQ5rETJ84rmUnxEVg
djRUdZ3W5zmCQnvyIXK8L10uJitAcuY6ls9kUSy9JLIv2zcsJMzkXnRNuFLYapVkIfxIbMemRWhs
+tJITMTUAPmCTUODWYZj07ijkgWnMxWTwWgu/cqKOM6QvMJ/uy7SLhM5H+5i4lhmjOSYMSQQUBGe
+B10pZgVlPfFVPLalAO2QmgkjiMpsImJmIfoZSAAIr7bMTWYjM1IGMyQBBrCplVpIYMyDqR0Ldv3
keBadog0NQ6h7fC0xDdjggwvsaBgRqhhuJtzUNOwoEwmCQ0TtmViAszAsT3qew53fDtB4hMo9VxM
EpEvULJmC8SBrE8bcuZw3oGscKiNfA5q4PEEuShip8zmpAOGB0aeHTjMix2lD9WYl5wjI0AAyNPb
xs/JwORDrW1q2wTxBHklSjAHKQqcASwQkRzVF2zPtWReeM3jibglRbWPOoQXtZMLlfkn1Asp4bHD
nJDa0mND6w0kzrAX20chEsco6fQ0d33Zn0xXVfMB84kHv48qKEwsG0l8gorGhUvB5KMWQU4uC4HY
3Pt91apVpeW5OGSQdpWWaX45PGlV691fXu+tZ0VZFiBkVo1FUcr27TeSzvktsg6U/mSaSpCcO0Pe
85zEGUcRXBUz1PCMT1ESl3X/txRJddwGTIjqEy/xRVGHkA5ANqFR3Mn2wueL0c+fv5we10IvU+VP
9sDvRUamU160mFtCdKa8LlO/id8E9+X/NLZM+/l8lfXIdcNnE/HjqpqWb/b3L9NqPIsHiCH7a5L2
l0xIDiuSFhecVG0eVzCdS3fg6lxeiYIw4drmpMOm83w2WzijaEVJ63Kbefs0nuWXpwKTvOZqDesq
pKFzdfPLeUr5P0a7UsjjNBfbzZok/Vy8I1l2TCYqnW0ZVQvcYUAn/1j2dKVHPufIVM2dcaGjlca0
pmh79t7K/hgvRkJkZYs9DayzB6/Zj3lFLJ3No1tOx8MzkCVf+JbepFdHv+6KWSqRTycMyKMormmr
JG1R1KH0qVbYIntfQwXZyAbnFwSOti2uYW2p2FIqujwwGVe7Yj8BrrS4ArcyXBRyeMxwi5LN0ywr
6mEhKrmI15rmNniDGR6T4urt4kbjyVZ+Vv6VUdZ5CY9tUjCrOmEb+fvCWVmJnB+lBZ2lbRa7v7S5
tO5yWXEmDM/S/af3fLaKZviuRV6MDr+Mvg7vMAJF7NriCqRPkIpdGu3rtnxvxMlkh55mVNtai5JH
2LjHytaU7a9wyLDA+fRjPlfdmkU7NGjwR73rp7Eg78lEJhSF2BXHGtIo0sh5QuQAMyPSDnlLiMaR
zs/Z6FomdF1GXmhcSXojM5V68Wob2n8WRcbu+gsNrFuSPQh0TkiWzrLFrqakxhZF15KC6dJNbLap
e5TxbJYWScoz1k7Bl3skqoLLlrxcTt/XuF0KpeyKo+xEAmPg6YIoZ8WcNDs5diUOhbORBgxzRchW
4a/hdaCQDBrK9n+okakkNJUtjp9JMW1noWtgm2HnbgXxrglXL2MWaMpqVJC8TJTOXmTiunV7ghpM
NvmzEiXNfaGyVPReg14kq23aNyo/bP2oIOX4XXrT4r8NbQvAuCOAXaXek9m/QVUUpfmcypFhxU+x
4bOLKbnO2/q6hOiW20nkTuYiuwBFu1LVZlAY62r0Lez1+vp6wEGJxDqoriQ/h7NK/DJssdMANtSz
fyf06ux4V9zU2KKoHvvZxV+NZr/hAMzJab3jX1rATuzveJgxiNgRg+sxt2dO8kan83xQielypo4y
TopTcnnZmbA1XHebdyI7AiG8MNsVX1WNLoowhKCSiAxE1BPZpumpM9mQeVgustnk7Ghfx6cqrAXl
Xz+evNPKqyVM9ySOLoKv+VUurvPPBd+VFNYYZeWkiNg+ofmZk6nQHMoS0tFO5NW0U8O/5fDmZ7Kd
uyNO1hgR/moyVhfbMPP+aHiUyeW4FTNLyKOm9rFeXM4WI7LrJC1doq4Q2RNKKIiJondHhw1V25gh
XpvywTxX2XVaff3YzqrVvc6d3W0hfcwRXvNZ2e1UvCCMtVAil5ZEbK9yhwjxCBuTthNZgjqc/OEK
F0uME6VwcntBCRomMqteEjRph+WH6rszns+0WWkAnbK09+niSBS8U+uQRZlm78++ne+KJ5kRlU+Z
jzJWOxVb9C8huiPrWM3h5P1Z/ySn903H66YMfyYLF2O5BbaMTxsqNveQ01tebwzVktsVsJtO2A/m
di+hWo53Wm+/XV9vQ/7/zBY8/5ZONSVqATvNOn0eztPLcfU2Q/JxfKZ3iAfms/v7H4eyX6NwRtGS
iM3TcDLCm+0pqAGdqrJTHR8NT76d90Ynh2c7S08VSrn5swLt21B+zEezs3dag0YBumVgJ585Oj2U
XcbeYc56UmlN03Z2xUSDWzUFQcD29vxOFJPDYVuVlpBHo+ADyykv4GCNESGvJmF1sQ0jnwuQOiLl
VTs9aQE3NDePsnRntbnEFUVq7Gd0jY4IHZ/NyCmRe01XnLShj1u4EPGuLBtpB/LlHBijaDIjWT34
5rpT9qgzIbpt8xq2qcuMbFrcpPTf3dTfHDjPX/BZ44yiKtt+MkZysIupEO08sQXs9gH8/uHp8MNh
R7fk3oobtfD6C8/FdJxmKZVtzQ+LKS/eZaTgZ0c7W5ZsDRFFa1Lb15uzlE9pfvk5GY35hzTLtBSy
Db/j8GruO75ixKux/DbldS/9lRPxnsg8aUemdiWqMXJK/LvtjJ4tZGtvcVSoTSpr/WyD23yFA/OB
hgICARmml+9neo8zfHlvoU3MSzsMGmMyeJF8/CHls3b4WoI2BLApYQUXO2s0NOigmGlVZfzw+Mv2
dnl88i0tUs0qV6DuaqXbaGXHUU7F5aVaDrr4/K6blD7bY9ZIo2iuSIkixpdXLfI22N7yMw4twWsB
/5xKYU3AE9aWtRDwVmxcfFuu9L/uIZ+85a977wrO64WYD7zguy641Xd72zJzwTVPqG41djqZqurd
7kz6GO2DisZPWXyCXhTNLjVtCWoNvxOMf1CL64bZcXnDkzMyRTHNdue6WyijSKOqc7tVnB5zcSzS
dpBuIHf2LuiMfRBVORbVh+Pef/WOUJ1+4cwyzHBn+xYmTH4SobYJHU3YRX293baT0VDbbjK62+j2
Owtu17fkemfrbRKZTP6q6bNDUE2QzGlnSMAmhxkvqnZ6roF112D+sWsS7ZExMzodz1udQHZ+JNJc
7+2sYHpo7fTcVPE8PHs3Kxb3uLh6b8lzq9sZ+ZUK2SGBMYxS/oTS8HPB36sv/3QHooE3+PN5Ok/Z
hE9EsbN14PbwUdRc8q0Kq7HIL9/O2usRK9CGoqTccbm+LP+hemsKttiqtdBXJBvABuI/zCb/IOnf
SX7ZId97dtxU426vScOTI5FlKWsn3GvYI5shSnJD5hm5MXa3ba6FMoqmnNZEbL075/PpOZkitmhm
3oZ2JyPoOOldd35aYz8hlwERw5RekRt+2mnn3vmpzZB3v2ns0izaY2/P0Md8fsG5vlgvARtMQ2W0
H0SR3oq83BUXGtIoqil5yrr9EP660ptyK1DX4YY6QyLnMf6/K1aYkF8ZqzMeqMjFZAGkUXRSX2/Z
mJOrI6PzUWcBZ6S+l35sxYCRiekZO8vEmkG3NXS1MNJe6FT3f+IizRO87azgQ15M2uSvYbpFON32
oee8e2cYSIaHhZBfunzMkzSXnzrtiJfv9QBRtKKodfmMFFO922zdWuOBFMx5abYEoG43ffgg9yx/
ON51lTmXaMco3WCY81JtBf2c828l/nkGw6iGydXRr/uKoTqrOeZ61rkC/VlJ55IAld4cPyXnTJvd
dlrG2QJ2t4x0ZvD0+JedbYM5/iWK1iM/uwYCnr5cYtpvcbH+kOWLqNR3Wnc/aFn90i1g//CVmA4B
208eao17uott6J+okEegodFIebk9VyfyK80VNyfqI84Huz5ynbtFvLUi/gXzgSGRqkrM5hP2Tcwq
gcyjs/dKQjakROdiurP0YTj6BMK/jj5/PP/2BNKzlLRjV32/oY/zfkzKqndn8eslCYMctqZaHfyz
la7kdExyfdfNGvYnbvVaEfGE5i3Jr9L88vtc5EmhbcDp/vJIAbfLCTlX65By8CfkQunl5aJu7zQi
0LKie37t5kde9yOYe5Z8XuCZlviQBd0l5glOap2StzSvnaevuXIHfjfr23HZ0KB7SdXwseKT40JM
R+qj6HVZ1wZv8GSHGb/5WN2a7Q9ZTc0hvzCxk8RIQrafpk8obq+05VR5/+hOi3p7Sv+P2PGyHH2r
YKJ3npaQ7U1/J6Gw3oqwHnyLRofQN0o1gMf37z+6yfMx0tsm91gPCkTMYBIrYjbywVcfO2irAhq4
GyGtP2LfWntE2Lc+/mZ3rHbYfSOzTPfDbfDjn1XuiI3llxX1CZhzNfLyuMgVHZu1Sx7l9mHW3qez
Am3ojP8xHyUsR39KJ5Bn2WL9LY1mKp2fuv7W6nY25fP+td8jOasXcEdjfsznu2sP6gQ9ITxWvFBd
jFZwXIIecWGy9ZVAooqhe9cAXrDZY4k8iibJ05o7R2PtdIAVqJu6dBdx69bL0xzauqdy3/dZ6sCu
Un54Kbc2zVMxK4cn/SV874G2jyR2fbWDpo9Co+KUGvgDyOBasGqBu17S7iqxoFehe/PCT9e0ZKf9
4ZgWBNRI8oMURd9Y0iejm0btZgtuNmbcs1nkMd3e4XezOrfNp77I/xYtbs8Ww0zttlB/N/dfvyDN
l+HxQm5fahcfnR825IC3vw6/fH5/eHby5ddbx7J7/9uLZoZBfP5OFL20LGe87BVcHn7UixfNb9a3
FIRAML33afWhUbkOoqcbUaPq6x2t7a5nC7ps9D/iOXQRbOs7fm8fPjNYTOQZi+qoHnkW6kCecCcP
YlEHwMlzaggqOw4f2QyNNJfnzQGj/9lTXe/WwagxbQ6xXEEoybg8VFWDicl3JqpcnqfQgjan+qwB
syJr37P6OKnVfZJm9VFVK8jlRDumdQxba9+nUM95GyAPX1X64it9mcT1ObvtR8rmTNg2bEp1rr+s
zizU3lRCLnUQS2eTNuRieNq+nSzKf2fqbNnmqqcOz7L6jM97fXlQrWs4ho/Lv31kb3o+pfgv9Ljn
u4nHfIu7NDESy/MTJ+Cm51N50ijU/W/y6KPWkUerARdEzb/VfHV3m07r2sNVbYnb+iTQ1dO4vZno
cyIkO5Zh2KZpyTWo4fFnTVRMfFesdIEApfp0Qu/ystQerL/W/eVMk1GHAtzKw1d1tgC8LtKOdrSO
aZX5pCkPIQbBY10517bxnY5n+VX7CFwpovSyPhq3aTxLMbGyiSFSAOojGBYvj2GVelwsppVQgPqY
jEt2Z85TTU2UbOw2aHVA2OWsVsYlOb/Cunqfh5TQcUuav//+f0f55oo=
===END CRASH DUMP===
