PocketMine-MP Crash Dump Tue Nov 17 16:30:41 +07 2020

Error: Class 'pocketmine\network\mcpe\protocol\MoveEntityAbsolutePacket' not found
File: plugins/Bot/src/Bot/EventListener
Line: 75
Type: Error

THIS CRASH WAS CAUSED BY A PLUGIN
BAD PLUGIN: Bot v2.0.0

Code:

Backtrace:
#0 src/pocketmine/plugin/MethodEventExecutor(42): Bot\EventListener->onPlayerMove(object pocketmine\event\player\PlayerMoveEvent)
#1 src/pocketmine/plugin/RegisteredListener(80): pocketmine\plugin\MethodEventExecutor->execute(object Bot\EventListener, object pocketmine\event\player\PlayerMoveEvent)
#2 src/pocketmine/event/Event(88): pocketmine\plugin\RegisteredListener->callEvent(object pocketmine\event\player\PlayerMoveEvent)
#3 src/pocketmine/Player(1662): pocketmine\event\Event->call()
#4 src/pocketmine/Player(1776): pocketmine\Player->processMostRecentMovements()
#5 src/pocketmine/level/Level(852): pocketmine\Player->onUpdate(integer 1304)
#6 src/pocketmine/level/Level(785): pocketmine\level\Level->actuallyDoTick(integer 1304)
#7 src/pocketmine/Server(2267): pocketmine\level\Level->doTick(integer 1304)
#8 src/pocketmine/Server(2398): pocketmine\Server->checkTickUpdates(integer 1304, double 1605605441.5167)
#9 src/pocketmine/Server(2154): pocketmine\Server->tick()
#10 src/pocketmine/Server(1994): pocketmine\Server->tickProcessor()
#11 src/pocketmine/Server(1588): pocketmine\Server->start()
#12 src/pocketmine/PocketMine(273): pocketmine\Server->__construct(object BaseClassLoader, object pocketmine\utils\MainLogger, string[45] C:\Users\Administrator\Desktop\SkyBlock 1.16\, string[53] C:\Users\Administrator\Desktop\SkyBlock 1.16\plugins\)
#13 src/pocketmine/PocketMine(304): pocketmine\server()

PocketMine-MP version: 3.15.2 [Protocol 408]
Git commit: 0000000000000000000000000000000000000000
uname -a: Windows NT WIN-4A4JKK157BG 6.3 build 9600 (Windows Server 2012 R2 Standard Edition) AMD64
PHP Version: 7.3.23
Zend version: 3.3.23
OS : WINNT, win
Composer libraries: 
- adhocore/json-comment 0.1.0@8448076039389f558f39ad0553aab87db3f81614
- ocramius/package-versions 1.5.1@1d32342b8c1eb27353c8887c366147b4c2da673c
- pocketmine/binaryutils 0.1.12@566fa87829e007eda0bd96e39fe20b9b0d638132
- pocketmine/callback-validator 1.0.2@8321aa3ccfe63639b0d08f0cbf270755cfc99fe2
- pocketmine/classloader 0.1.1@7c0363491d1ce8f914fe96d41a4338c982adedff
- pocketmine/log 0.2.0@e59bedb5d4bbeb9a26647cb7c367cb2fa72addfa
- pocketmine/log-pthreads 0.1.1@9bbcef398b01487ab47c234a6a7054722abbe067
- pocketmine/math 0.2.5@8c46cfa95351fb0b2b30739a381310941934b55f
- pocketmine/nbt 0.2.15@f8a81d37d24eb79fb77d985a52549d68955bc6a1
- pocketmine/raklib 0.12.9@5f2a02009f486ca4d90892814570fa13ebdc078d
- pocketmine/snooze 0.1.3@849510fa62e57512b8467e3694e9b3add97038fd
- pocketmine/spl 0.4.1@ff0579a0be41bbe65d3637607715c0f87728a838
- doctrine/instantiator 1.3.1@f350df0268e904597e3bd9c4685c53e0e333feea
- myclabs/deep-copy 1.10.1@969b211f9a51aa1f6c01d1d2aef56d3bd91598e5
- nikic/php-parser v4.10.2@658f1be311a230e0907f5dfe0213742aff0596de
- phar-io/manifest 2.0.1@85265efd3af7ba3ca4b2a2c34dbfc5788dd29133
- phar-io/version 3.0.2@c6bb6825def89e0a32220f88337f8ceaf1975fa0
- phpdocumentor/reflection-common 2.2.0@1d01c49d4ed62f25aa84a747ad35d5a16924662b
- phpdocumentor/reflection-docblock 5.2.2@069a785b2141f5bcf49f3e353548dc1cce6df556
- phpdocumentor/type-resolver 1.4.0@6a467b8989322d92aa1c8bf2bebcc6e5c2ba55c0
- phpspec/prophecy 1.12.1@8ce87516be71aae9b956f81906aaf0338e0d8a2d
- phpstan/phpstan 0.12.48@d364cfbac9ffd869570cdfea7eaa6541c3dac666
- phpstan/phpstan-phpunit 0.12.16@1dd916d181b0539dea5cd37e91546afb8b107e17
- phpstan/phpstan-strict-rules 0.12.5@334898a32217e4605e0f9cfa3d3fc3101bda26be
- phpunit/php-code-coverage 9.2.0@53a4b737e83be724efd2bc4e7b929b9a30c48972
- phpunit/php-file-iterator 3.0.5@aa4be8575f26070b100fccb67faabb28f21f66f8
- phpunit/php-invoker 3.1.1@5a10147d0aaf65b58940a0b72f71c9ac0423cc67
- phpunit/php-text-template 2.0.3@18c887016e60e52477e54534956d7b47bc52cd84
- phpunit/php-timer 5.0.2@c9ff14f493699e2f6adee9fd06a0245b276643b7
- phpunit/phpunit 9.4.0@ef533467a7974c4b6c354f3eff42a115910bd4e5
- sebastian/cli-parser 1.0.1@442e7c7e687e42adc03470c7b668bc4b2402c0b2
- sebastian/code-unit 1.0.7@59236be62b1bb9919e6d7f60b0b832dc05cef9ab
- sebastian/code-unit-reverse-lookup 2.0.3@ac91f01ccec49fb77bdc6fd1e548bc70f7faa3e5
- sebastian/comparator 4.0.5@7a8ff306445707539c1a6397372a982a1ec55120
- sebastian/complexity 2.0.1@ba8cc2da0c0bfbc813d03b56406734030c7f1eff
- sebastian/diff 4.0.3@ffc949a1a2aae270ea064453d7535b82e4c32092
- sebastian/environment 5.1.3@388b6ced16caa751030f6a69e588299fa09200ac
- sebastian/exporter 4.0.3@d89cc98761b8cb5a1a235a6b703ae50d34080e65
- sebastian/global-state 5.0.1@ea779cb749a478b22a2564ac41cd7bda79c78dc7
- sebastian/lines-of-code 1.0.1@6514b8f21906b8b46f520d1fbd17a4523fa59a54
- sebastian/object-enumerator 4.0.3@f6f5957013d84725427d361507e13513702888a4
- sebastian/object-reflector 2.0.3@d9d0ab3b12acb1768bc1e0a89b23c90d2043cbe5
- sebastian/recursion-context 4.0.3@ed8c9cd355089134bc9cba421b5cfdd58f0eaef7
- sebastian/resource-operations 3.0.3@0f4443cb3a1d92ce809899753bc0d5d5a8dd19a8
- sebastian/type 2.3.0@fa592377f3923946cb90bf1f6a71ba2e5f229909
- sebastian/version 3.0.2@c6c1022351a901512170118436c764e473f6de8c
- symfony/polyfill-ctype v1.18.1@1c302646f6efc070cd46856e600e5e0684d6b454
- theseer/tokenizer 1.2.0@75a63c33a8577608444246075ea0af0d052e452a
- webmozart/assert 1.9.1@bafc69caeb4d49c39fd0779086c03a3738cbb389
- pocketmine/pocketmine-mp 3.15.2@d7a66ad7559f23d24ffe95813421a720203109b1

Loaded plugins:
InvCrashFix 0.0.1 by  for API(s) 3.14.0
Worlds 3.0.6 by survanetwork for API(s) 3.0.0
NameTag 1 by MTwins for API(s) 3.0.0, 4.0.0
AutoXP 1.0.1 by JackMD for API(s) 3.0.0
StairSeat 1.5.5 by korado531m7 for API(s) 3.14.0
MineReset 3.2.0 by Falk for API(s) 3.0.0
NoFallDamage 1.0 by DeveloperNeb101 for API(s) 3.0.0
KhungLong 1.0.0 by xXNiceYT for API(s) 3.0.0
Slapper 1.6.1 by jojoe77777 for API(s) 3.13.0
BuilderTools 1.2.0-beta2 by CzechPMDevs, VixikCZ for API(s) 3.0.0
DevTools 1.13.0 by PocketMine Team for API(s) 3.0.0
MSpawns 2.2 by EvolSoft for API(s) 3.0.0
RedstoneCircuit 2.0.0 by tedo0627 for API(s) 3.6.0
WorldProtect 2.3.8 by aliuly for API(s) 3.0.0
BlockProtect 1.0.0 by DarkByx for API(s) 3.3.1, 3.3.4, 4.0.0
NoAdvertisingPE 1.0.1 by Vaivez66 for API(s) 3.0.0
SimpleWarp 4.0.1 by Falkirks for API(s) 3.0.0
KeepInventory 1.0 by KhoaGamingPro for API(s) 3.0.0
EconomyAPI 5.7.2 by onebone for API(s) 3.0.0
SlapperRotation 1.2.1 by jojoe77777 for API(s) 3.0.0
Bot 2.0.0 by xXNiceYT, Blaze, FreeGamingHere for API(s) 3.0.0, 4.0.0
InvSee 1.0.0 by BlockHorizons for API(s) 3.0.0
Banking_vonfram 1 by Noob for API(s) 3.0.0
TheoDoi 1.2.0 by HotshotHD & CodeRed2019 for API(s) 3.0.0
AntiSpam 1.3 by xBeastMode for API(s) 3.0.0
Minerloot 1.0.0 by Distoxicqted for API(s) 3.1.4
OrionTasks 1.0.0 by Clik for API(s) 3.0.0
TableSpoon 0.0.7-ALPHA by CortexPE, Xenophilicy, HyperFlareMC for API(s) 3.13.0
DEVirion 1.2.5-ALPHA12 by poggit, SOFe for API(s) 3.0.1
AntiTNT 0.1 by Adam1609 for API(s) 3.0.0
PiggyCustomEnchants 1.4.6 by DaPigGuy for API(s) 3.2.0
OreGenerator 2.0.0 by vividmemory for API(s) 3.0.0
essentialsTP 1.2.2 by  for API(s) 3.0.0
PurePerms 1.4.2 by 64FF00 & ProjectInfinity for API(s) 3.0.0
Kickk 1.1 by MCPEVN-TEAM for API(s) 3.0.0
ShopUI 0.0.1 by InstantlyTa for API(s) 3.0.0
DanhHieu 3.0.0 by padreon for API(s) 3.0.0
iProtector 3.1.1 by LDX for API(s) 3.0.0
ShellyEssentials 1.0.2 by Shelly7w7 and BlazeTheDev for API(s) 3.0.0
MuaDanhHieu 3.5 by BlackPMFury for API(s) 3.0.0, 3.2.0
ChoDenUI 3.5 by BlackPMFury for API(s) 3.0.0, 3.2.0
FormAPI 1.1 by jojoe77777 for API(s) 3.0.0
PECollide 1 by saxavlax001 for API(s) 3.0.0
PointAPI 2.0.9 by onebone for API(s) 3.0.0
Eff 2 by AmGM for API(s) 2.0.0, 3.0.0
ItemDropText 1.0.0 by AlexItz16 for API(s) 1.0.0, 3.0.0, 4.0.0
Alias 1.2.0 by Ghast Noob for API(s) 3.0.0
NameCorrector 1.0.0#build011 by PEMapModder for API(s) 3.0.0
AuctionHouse 1.2.3 by Shock95x for API(s) 3.0.0
Sell 2 by Muqsit for API(s) 3.0.0
NoTP 1.0.7 by awzaw for API(s) 3.0.0
SizePlayer 1.0.3 by  for API(s) 3.0.0
BuyFix 1.0.0 by HumYaiJang for API(s) 3.0.6
MuaCoinUI 3.5 by BlackPMFury for API(s) 3.0.0, 3.2.0
LoadWorlds 1.1 by shin for API(s) 3.0.0
SkyBlockUI 2.0 KSCore by KaysilGMVN for API(s) 3.0.0
sblevel 0.1 by AmGM-Encode for API(s) 3.0.0, 2.0.0
PlayerVaults 3.2.0 by  for API(s) 3.0.0
AutoFix 1 by Noob for API(s) 2.0.0, 3.0.0
ChongBug 1.0.0 by shin1134 for API(s) 3.0.0
KingOfTheHill 3.0.0-ALPHA1 by Tethered, iZeaoGamer for API(s) 3.0.0
AutoClearLagg 3.1.0 by Twisted for API(s) 3.0.0
ScoreHud 2.0.0 by JackMD for API(s) 3.0.0
DOLNapTheUI 1.0.87 by Shin1134 for API(s) 3.0.0
MysteryCrate 9.1.1 by JackMD, DaPigGuy for API(s) 3.9.0
AutoInv 1.0.0 by Nope for API(s) 3.0.0
Warps 2.0 KSCore by KaysilGMVN for API(s) 3.0.0
EnchantUI 0.4 by UnknownOre for API(s) 3.0.0
CustomAlerts 2.1 by EvolSoft for API(s) 3.0.0
1vs1 1.0.1 by VixikHD for API(s) 3.0.0, 4.0.0
CachMuaLand 1.2 by Noob for API(s) 3.1.1
ShinPickaxeLevel 6.0.0 by shin for API(s) 3.0.0
DeTuMF 3.0.0 by CLADevs And Shin1134 for API(s) 3.0.0
KitUI 1.3.5 by Infernus101 for API(s) 3.4.0
GCPClan 1.1 by InstantlyTa for API(s) 3.0.0, 4.0.0
MenuUI 2.0 KSCore by KaysilGMVN for API(s) 3.0.0
Eternity 1 by minefore and shin1134 for API(s) 3.9.0
QuyenVipUI 1.2 by NightBlackDM for API(s) 3.1.1
Weapons 1.12.0c by xBeastMode for API(s) 3.0.0
SETVIP 2.3 by MCPEVN TEAM for API(s) 3.0.0
BuyceUIEF 0.4 by UnknownOre for API(s) 3.0.0
SkyBlock 1 by KhoaGamingPro for API(s) 3.0.0
PureChat 1.4.11 by 64FF00 for API(s) 3.0.0
RankShopSystem 1.0.0 by zZPROGAMERZz423 | §eFor issues report by §2Visiting GitHub.com/zZPROGAMERZz423 for API(s) 3.0.0

----------------------REPORT THE DATA BELOW THIS LINE-----------------------

===BEGIN CRASH DUMP===
eNrtXHtz2ziS/yoqzdZdpsqy+X7kjyk7fiTZ2I4vVjKzs9xKgQAocUwRWpKyLe/Nd78fQEoi6Idk
W1NTdTVbszHZIhvd6HcDxH/6iSgmpPp+zYsyFXn/rb3Tr9IJ7781PcPFf45j7vQzUlbHRSGK/tv/
9Kv5FD/36/ud/oSXJRlJyCEeK3v/PRX0ileTNOdRlPPqRhRXUTShU9xOC1EJKrIoOhPX/Div0mp+
EJcim1X8gsjX/ruXi6qXiFnOgDuZZdlJminkb6Poawkqo+iAAXlaVgWpRBFFR7y8qsQ0ii6v5u8y
DN4zd00Pg2WzUZrj+XeiiqKyoM3V8TXPq1O8z3Ne7E7HUzlQPUjzyh6e28ML6q/2OB7NwFj/re9i
ngpCcfnP/g9GTz69YnyvRrR3xquxYArD8S2nM9D7xrF+fNu7T8jgJ5FfZGTOCzk1b0T8G6dVrz2X
XD4u2ZIPRdHqYYXnR5D2g/kIHV/4SA5TcLYY7k1ggIw2+vpRSOY+zYOfuLpaknWf/J3eyyi2uhSr
d+pJfxMEj9B4n5/BT5RkWf3ayyixu5TUD70xPc/qkNFgU+/WA79RKJzHUPi+10FR/zL4CRZBYUBn
oqy+cAp8kqgJ/pY1SreLMsPg2d6p/PdN4FqPoBX51ykjEFiaV3zEi55pG45C6D2F0A/cDkL1axSp
nwc/EVrNwO38SAxTenUfud9FfskLeJY3luX5TyJmjyAMHkNoh13dqH+BOMacXkls9QyUGtKdHhOz
OOO9lXfbdU0QJwcLHxvMdJ1HBqsk1bXpGY+8bYbhU29f1AoAx1CjMR9D4waPcVxWpKia1+/Z04W6
PMPlG8u3H8Hw/TsVORzqjC6t5x0puXLop4KwR+x7VqUZ/OsZSfNTMRrJp4AkzUf/dNx/9Z7vsZev
u/ZLXl86/Hoq7CemQuqXPhVlPc0/9v/1+06f/xmx7vkhCJTWj39P82uR1Y4DOFhaQFT9xa+AAAtu
qWAyXv3rr9D1V+j6K3T9Fbr+Cl3/z0LXTn8kPQrJZOzKiSzj+qtXB2cXwB5jdlblXt/eNd1dS8Jn
acZQ9gUmSpu0/M74df9tQrKSI440saz/1jECDJLKKGNs+D/gnjW0/JzmTNyUvfNh7+eP5wPnwPn7
p0+m67973/N27Z4ioRd6htF7s3i0lnPPMqAfX6zeZUVyRgrWO2ZpBQ5+7B2cHXmOjHUo5N72/V17
17Jxe8cRVSV7zT1+/i5KScPH8/MhAOrmBtFRxsXJVGAWv2dpXJAi5aWcP8LG4Lnge7+VIh/gmSa6
GrvmrrEfOE5g+J5hh3YQJq4bJHZImOG6NiFx4LPYTgLTMyVlghZkks7KvSnCPtKHQTP7kgDY8K65
bzLbsh0rDqjJY+i6a9MgCHxqe8Dgxw61GPF8m0o+VkoRpzkp5kqTG7JMa9/1vIQEfmCF3DB8zogR
s9Djdphwy4jD2GCeHZi2paOSgSAGdYNrkqVM6qqizdi19gPbMgmxKU24Z3u2xGAEiUHjxPIN33Vp
QkOJvINQ2l+m7G9B275PDSBwQpOZlAdJaDoJDz3mmMSx7YCGgYXHWZLomDIxUhgsTDp3w5iz2GVO
HPM4JJbnOT6N5UThj5UQHyhYQu5hGEyrccEJW07UfhjHlENmQWyYTuCTGIggA+IRH77VtyyCIQzP
11FNSDVuqHH3A+p4NCGha7tmEhuxFduGDy2Q82saoWOGthO7boefPK4aDKa7nwQkgPB9Zjk89sMk
9n0WBi5xLdcJmReErhtTj5g6ioJcQVNrVqzdcN9NLGJYhhEmTuBR4rDQCEIrMB3XNxJi2jxm1PAD
pmMpcyHueDMhNhQ6dE087lnc9V0Tyuh4Pre90OFhbGNaQ9+wg6SLZJopDA6mNEkM1w+hcNwxMXme
yyBumIjvmy41ksD3LbBrB8DABJXuku/B6cGiq3SpcrZEZLsGSwzLC3hoOG4IMqDEmO3Apa7NDW7b
dsK5FPNkDk2Lyz3G+RQ2Op0rJKYhJeyFsWWaSUhcKLCZeNSA5jGL8MT1mMRoumHAXWDJ06sU/nY8
HUxJUSqVvXYkFmvfg2WbMbdNk1i2wY3Q8BOXJdywTNt3LCKZhhJz5WJIMUgFlCRPE15KMUNpQQmS
Hc/lCbNJ4scwJeLEFrGo7bA4oa4fBIxZoWnbLRxtBy3JoF4ce4HlMp4EsGxiW5aFKQ1s208Cykli
hr6bEKP2dJjemfRWotgreJIh+KWNC1MoLWVMJjNMCi1zOPOsxHIJCRziOz5htstcYnqh5SCBjJ9C
CWgswxiQIoqATsMLCVIxTLxjJtDdxAkTm8OhuU7AqEkp9xi8pXcPqay0BgUvZRlTa4IDGj0CJYyD
MAjBMAstyJEG8Dywfko97lIrJnBBDdvllEOKhZgij2oUwZLTD28DjfZi7kMRoM2h68E5h4ZHSGLA
9XCDBcRiDRLo417zd2FiTrAPXXZoAh8ZJgkLvBCmRaEGxOeEeK5jUpsR6nnefSQD/J3labVAZnqY
eiifxxBrY8O1Q8aJS+EFODTS8UgSB7EJ3236DyCTaQatBsUs4+UCo7tv2w4mSWqF6XMH2SE3khC+
yWZ2QuGMzJjBWca1lipqlLbLghD/YMbrqjZUioEQ5sQ+yAlsTBk8U8KsmDrcj0MLk0dsg2I03+og
kwXsIEVp09iyVFx3nwAXD+BREguewABjRkJp7PkJ4mRsBYkFy4Q4OshkQXvFazTSXUMf4ad9ZkBk
nhu7QegY8DS+lfgmDQk1HAshyvM7aCp+W+GfCaqnijf2aO+bAcKrb5ge9wzuWo7vc9dxEZngFxBt
/Zi6FmWB00WWThRFbm2RUAREMCeEiwy5lXgIXjxMGLTKsBxYgI/gZMcdihpFCJV2wxFBcJ5P/NB3
qBN7FGYCc0kSOBYT3slE8HaUhyo58ja4yRyRNV15KVP5F8exuE997gUQPiIg4qwD9fRjzwsguNhy
DIsiPul4pOwbciQaf98NLRs6ApOH+w5DM4St+olnILQhCQBWFxEzJPHDaGC80mnxQSbE1Wy6nGxY
jJkY0vLhbGSAQzDyEmZiykEcApTUBLvLJDIyslAkRymST4IksQ3PkVHNh9VQkyAdgZ5aRKYOJqcu
wpZxD0/Gb9NqvnTGMQmozKcMzEgSU8RqZtix6zkI9rZjQLn9xOQqC1nhYSkANSU24hwNnZAgIMCb
IAniRFFlM1DlxoHFHWpbRqhPN8+v00LkTQ7pqpBrBwFkzpmJoE3goTA41MgLOQomC0kVARLDIFRH
dDsVRcWLJTksCCmSJ98zkT/GrqTLdokXI1wTjkAKpgID0VjDMspETDJ4k9ouXDU18GZ+iHQKzDl+
ECMHsjAvhMK7wS4Y1JQii6C+hkk2o8qBSAZ1d6lRSc81nVgaN7ws3JnjJa5lMKRJzPSJ41p2QlwE
ZkdDVddpA54jKLSFjynH+9LlQlgBkjPXsXw4ZNOVXhLZl+0bFhJm8iC6JlwpbLVKshB+JLZj0yI0
Nn1pJCZiaoB8waahwSzDsWncUcmC05mKyWA0l35lSRxnSF7hv10XaZeJnA93MXEsM0ZyzBgSCKgI
T/wOulLMCsoHYip5bcoBWyE0EseRFNjERMxD9DIQABHf7ZgaTMZmJAxmSAINYdOqtJBBGftydi3b
95HgWnaINDUOoe3wtMQ3Y4IML7GgYEaoYbifc1DTsKBMJgkNE7ZlQgBm4Nge9T2HO76dIPEJlHrO
J4nI5yhZszniQDagDTnXcN6BrHCojXwOauDxBLkoYqfM5qQDhgdGnh04zIsdpQ/VmJecIyNAAMjT
u8bPycDkQ61tatsE8QR5JUowBykKnAEsEJEc1Rdsz7VkXnjD44m4I0W1hzqEF7WTC5X5J9QLKeGx
w5yQ2tJjQ+sNJM6wF9tHIRLHKOn0NHd1OZhMl1XzPvOJB7+PKihMLBtJfIKKxoVLgfBRiyAnl4VA
bPZ/X7ZqVWn5Mb8+LEg5PklvW5V6G7rTX0nDkBYFCJlVY1GUdQeXTFPZvwUhUEJZ+fOcxBlHzVsV
M5TsjE9RATcPlyKpjtqACVFt4cns32VaRRGiLZUjJ+ltFNVdE9lmxoVsIHy+HP78+cvpUT2teEES
2wdHP4siY2WLgwbQJl6qkqcR3y9nxTVpuuX9NivGyzlROKPoRhEQRUtCnuRhXFXT8u1e02oudxWS
3YayvR9qZJLRc7A3JKMWpwtIm1VdRv2z4Y0Ud5fBHeU1XswoRCTbwJsL6WBWiV8uWqQ3AI3yexrW
/zuhV2dH2xJPjS2K6rHrvtum0hml1XgW7yKU79Vo9hoOwNxlRdLikpOqxd8KprPo7ro6i1eiIEy4
tjnx+9uyqBbOKFpS0rrcRGSyWfcFTrDN1QqmW5elVKrF1QnJtmZVCXClxRUMSrq+Qg4P2bUoWcvK
uQA92RGZqAJjZT5tcEcTdXaOZJddxshzjtrB3BZnHbRR1KZoM/2U7H0az/LRqcjbrmEF65pYh7Xb
X85Tyv8x3BpPaS42J/0yI9MpL9qG00B0sr2uZ/hN/Ca4L/+nW439Cu9dj/xiv7AiaW/BBDh8J9vJ
vBgKkbWDlAbWeYUxDWJeEUvn+PCO0/HFGXRGvvAtvU2vDn/dltSoRD6dMCCPorimrZK0RVGH0ufO
SovsPQ0V5gbA7rwsQfqcKLlq07FaUegNOZls0SSHNd8tShqeL4cHX4ZfL9ZxvKJsb4lD+tPLKbnJ
27wuIG1Wrd2O2I+vRXYJYrfFYDMotHw5+gbs3dzc7HJQIrHuVleSny+clZXI+WFa0FnajhLdX3T+
7nmgijNheJZuyN7LOSya4buG/BB/ywTyohCV3K7QSSMXYJ0FezfQWSBZOsvm2xJRja3JI6c1BZsw
84Auns3SIkl5xtrFw2J3R1VwuZggNwLsadxKtyUbqvcnRQOviSxHpLh6N7/VZsVWflz+dV6bg7ZJ
gZfSCdsgJThgoL5KyzQfXRxrWYH+y5oU9RtJr/md521L+At8MhnQCOkANoquqWw8/UyKaTvAroBt
1pz7rJ00idfrWAOashoWJC8TFdYvM3HTuj1GZSyXXrISc/1Q0lcqem9ALxLYNu3r8yLOpyhnVWt/
3s6NNPiTid+nsSDvyUQKoBDbErGGNIo0cjZPnY6pyMVkfnDxscVaC9jmy931u3EFDjLG/7fFU4Mu
inhNAXBGkUbNprngF1GpTtT9nHD5Szdf2iw3fAV3HQI2F5Lc8tbynmJtMFyk4zu9dxm54zu9Ezjp
Wlk+oPbZdiGvNqJtygyU9JJzvVckAWvigHLNH0SR3om83JZENKRRVFPynI7EO5JfYVK/X4s8KZA/
tqTU+eWJ7sq5EPG2OJK4EMcw+OYSGY65OBJpi/gF5F5JoRP+QVTlWFQfjnr/1TsUDKU0swwz3Fo5
MWFyYV9VU4cTdllfb9QoQixAYtqWxxKk82R3DOcdR5w5k+3/LTFxG0uME2CMIrk7oAQNE8nRgqBJ
m6XHsktZBxSZEN02Sg1bl0KlyGRvU/pv5Mh6nYv86cUF+gpnFFXZ5tr2uQChQ1JetYuYFnANM4dZ
urWekMQVRWrsF4TOoRzwciq0INMCdvve/uDg9OLDQYcduQB2qxLEX3gupuM0S6lMJz7MoesnGSn4
2eHWmhOtIaJoRWr7er0uHh1/Sws9tC5BXYfh1jybnbRhKkYjVdJdfj7pWpr5UuZqpFF0rUiJIsYX
Vy3y1vAmjXJ4Puz4jaHaZdeWZseDHzAyMT1ja56vGXTT2vMiHY3mhzNY5OQ4p2O4mbZtPfSrLien
u6xxRPDS+5lei1qv6Ic0+KLoAWKe4zr4e7UptBKF5jxa4DWZ0XV6nbIJn8icfUvCag8fRc0l34Qf
vqxahu1VDQ3ctSjr0dWzV7DQHhHJtz7+WjYuZgW/4MVEU7olrKtqHVfgOScnhoEEAlWMXOP+mCdp
Ljc5bIm17/UA0LwFRa3LF3Qi1btN62OFR9aJKb26ateH6r7TgOwsqx1eHH87HwyPD8621phTKFEO
NqOvr5fGYvq1Xfw1gKdXbZG0q82O2XxInkV6u7Z8qosOImao/ZbErOXjiOTjDymftaPSAtRdxO34
hClhBcePWxJBgw5BNa2qjB8cfdncw6VN80nzby2gzsk9hTo9+mVbXABVFK1GfvF6BvAMpFLutbhQ
asezbL5q22gK2PmpmxF2PEj9vH/j90jO6oIX9csRv95a3d4haHNxns3IA3rZhuoCdbs1L6FXF2cn
sweC1c7rIvLhWByChq8fUVrVl5tzhReOeK45jSXoT+RHEaDYwdXm3JyIYqK3vxaQJ3339ttDK4xR
1JCwvNgoDB8fiixLWbu3soI90X8oyS25zsitsb016RbKKJpyWhOxcT4r0rzSZbIEdfO78A9tSDIh
v3d5XUfyWO63XPVW1XbMFg+dSmLyvp0LWEvbeAUTGBJSkJjNZ7TpKj45KsR0qLYHrpp1bfCaUv0g
47cfqzuzvaphagy9su8oiZGEbM7VQZaSdqyp79e0ud6PSVn1ttmlU8PWVKuv+zZaawLFh6IoutmB
Dr8nkh/UOrxhdmz+4viMTM8Ek33OLTHVQhlFGlWd2822eqmvMj6IWcm1DV8tcFdsdjcvEPQqdG9f
ufCkGXt7X6OWraqRoojU9I0lfXKLmEbt+lwceUY7EZK3T/iKM7XlcWtZDkb7gAxqc2M6F1rZqm67
+ud3lrhv7sjN1la4JbIoykU1fXF6WhOkVjnveP3dtrbKuQR2GbP/iDpcjXdafx2/ut5oIWI213fg
NoA1LvrDbPIPkv6d5KOOULwXL6mocZ+VIh8itmvZ5Ar2Z6WToOBXKuQhB0ciHabPySfl4tG93cQt
4JNZZTlOt1aHrsbc3DqkcdDpdb5biamyiubbbr1DsAJ2srHep0t4ed5Z/SbzMs3en30735qrWhKw
uVjKWJ110GJjAXm6s4usaXCc04dWhHaa9OzFZaXUrzI+bahYn+ArT/SNzDK9v9sGP72jdkvzv9hr
Xx/kca1GXpx6saRjo93cus9aQDZfK91KfpyrNdPV4JsUwPno3WykF8A1aI3DlQZumrazvd5EjU/V
vQsK1u9pSfPR52Q45h9SLePQ4ffaZs1ijs7RkFdjeQbMTi/9lRPxnky2l1JeiWocRZ/w78YJPqR4
mHFSnJLRqKNaK3i3jdYR0vBGnmfDtsVFVaOT2WElqCQiAxG1xrVpem7u0pB5UM6z2eTscE/HJ723
PPPhw4y1ffcCtGad5I/5ZmIx+uZu++jz6TmZQiO1CNSGdg0u8LtlwHYtrjX2M7KcudwfOT9UK0Ot
RKcNbjMS3u/tNhLZeXhxLny9cNrEvPazFo2xxixRO3UMUkLW+MtzMd1aM+di+AlG93X4+eP5t81F
J/cJah+Gqfs/J/FRYz9jc1+9wqqZzgqm5z2OTvvX/CoXN/nnYmuzv8IYRUsintF0VmvGBxkvtORH
A+tCMf/YLfDtkRF9dTpethnevC7NFm/qdt3GYfkFx4ejbe/ou5Zox/DTIufXpdqS+Tnn30r88wKn
gJyAXB3+uqcYkrIkdIwK65Tk7dDUhnZaO2v2y5kv3zSSqY5HnQFOZiSrB99g1TTNL1J6RW75aaes
uPdTmxfv4Yxwm9lge+xnxFk+nJ2daJ/QKMCapdPD0wP5TU7vIGe9bQfaBrf6Su9Z22U/pbrLq+87
+/66zYSPecKLfFZ2P8x7xQeULZRyQf5Z7u794cVhRtp7rBaQJ/sHTy3Lv9IlpAvUFYmihBIKYqLo
5PCgoWqT3gJem/Ld61ylRDyf6V2fGvAnRtbnCOgY+Y3ap9IKrQvQE/WrXExKwI9aq36wGHxFJrdA
DleWbM7J/8zmPP+W6rtAWsCnfXE6GleqEXd0ti2f/O3jhfwUR+GMogUR6xM1TqZC+zRuAemYDLSK
/uHbfpcYo6ghY3mxUYA5HmIa2mGlBnQ+IXtoP1Hvj9hPdMkrCGLDTjRFbXR8ojejG9ifmHQ2RDzj
s+KmzfhA6/MpE9/i1z764lPzSSiysXlr8elsfpGp7y/U3w0W12cFPxxrxwwsQd29et1Vw3ov3fM2
fK02yT30UZdaICvlRMkN0NepmJUXx4MFvP/IPj5J7OpqC7v4FBr5OSrJr+Ses0tZv7Y/H+j8sKZq
vfv14svn9wdnx19+vXMsu/e/vWhmGMTnJ6LopWU542Wv4PLwo148b36zvqWgF1rTe59WHxo6O4ie
P/PN/Ky2kbT3Pragi+0VT9iSPgWbmtHv7cNnducTecaiOqpHnoW6K0+4k98iqgPg5Dk1pMB8I442
Q/PbiufNAaP/6atEoHUwakybQyyXEEoyLg9V1WBi8p2JKpdnULSgzak+K8CsyNr3rD5OanmfpFl9
VNUSMppox7SOSanRksJ2r9sAefiq0hdf6cskrs/ZbT9SNmfCtmFTqnP9ZXlmofammuRSB7F0NmlD
Li9O27eTefnvTJ0t21z11OFZ1oDx695AHlTrGo7h4/JvH9nbnk8p/gs97vlu4jHf4i5NjMTy/MQJ
uOn5VJ40CnX/mzz6qHXk0XLAOVHyt5qW6106rSOyqyLBXX0S6PJp3N5OdJkIyY5lGLZpWnLnz8XR
Z22qmPiuWOkCAUp1cULv8rLUHqy/C/3lTJujDgW4lYev6mwBeFOkHe1oHdMqF2JMeQgxCB7ryrmy
je90PMuv2kfgyilKR/XRuE2jWk4TK5v9DnIC1BIWixfHsEo9LubTSihA/Z30iN2TeaqpiZobuw1a
HhA2mtXKuCDnV1hX7/MFsv9xazZ///3/ANkz5k0=
===END CRASH DUMP===
