PocketMine-MP Crash Dump Tue Dec 8 08:59:47 +07 2020

Error: Heisenburger69\BurgerSpawners\libs\jojoe77777\FormAPI\Form cannot implement pocketmine\form\Form - it is not an interface
File: plugins/BurgerSpawners.phar/src/Heisenburger69/BurgerSpawners/libs/jojoe77777/FormAPI/Form
Line: 10
Type: E_ERROR

THIS CRASH WAS CAUSED BY A PLUGIN
BAD PLUGIN: BurgerSpawners v0.1.4

Code:

Backtrace:

PocketMine-MP version: 3.15.2 [Protocol 408]
Git commit: 0000000000000000000000000000000000000000
uname -a: Windows NT WIN-4P2C3VGUPNN 6.3 build 9600 (Windows Server 2012 R2 Standard Edition) AMD64
PHP Version: 7.3.23
Zend version: 3.3.23
OS : WINNT, win
Composer libraries: 
- adhocore/json-comment 0.1.0@8448076039389f558f39ad0553aab87db3f81614
- ocramius/package-versions 1.5.1@1d32342b8c1eb27353c8887c366147b4c2da673c
- pocketmine/binaryutils 0.1.12@566fa87829e007eda0bd96e39fe20b9b0d638132
- pocketmine/callback-validator 1.0.2@8321aa3ccfe63639b0d08f0cbf270755cfc99fe2
- pocketmine/classloader 0.1.1@7c0363491d1ce8f914fe96d41a4338c982adedff
- pocketmine/log 0.2.0@e59bedb5d4bbeb9a26647cb7c367cb2fa72addfa
- pocketmine/log-pthreads 0.1.1@9bbcef398b01487ab47c234a6a7054722abbe067
- pocketmine/math 0.2.5@8c46cfa95351fb0b2b30739a381310941934b55f
- pocketmine/nbt 0.2.15@f8a81d37d24eb79fb77d985a52549d68955bc6a1
- pocketmine/raklib 0.12.9@5f2a02009f486ca4d90892814570fa13ebdc078d
- pocketmine/snooze 0.1.3@849510fa62e57512b8467e3694e9b3add97038fd
- pocketmine/spl 0.4.1@ff0579a0be41bbe65d3637607715c0f87728a838
- doctrine/instantiator 1.3.1@f350df0268e904597e3bd9c4685c53e0e333feea
- myclabs/deep-copy 1.10.1@969b211f9a51aa1f6c01d1d2aef56d3bd91598e5
- nikic/php-parser v4.10.2@658f1be311a230e0907f5dfe0213742aff0596de
- phar-io/manifest 2.0.1@85265efd3af7ba3ca4b2a2c34dbfc5788dd29133
- phar-io/version 3.0.2@c6bb6825def89e0a32220f88337f8ceaf1975fa0
- phpdocumentor/reflection-common 2.2.0@1d01c49d4ed62f25aa84a747ad35d5a16924662b
- phpdocumentor/reflection-docblock 5.2.2@069a785b2141f5bcf49f3e353548dc1cce6df556
- phpdocumentor/type-resolver 1.4.0@6a467b8989322d92aa1c8bf2bebcc6e5c2ba55c0
- phpspec/prophecy 1.12.1@8ce87516be71aae9b956f81906aaf0338e0d8a2d
- phpstan/phpstan 0.12.48@d364cfbac9ffd869570cdfea7eaa6541c3dac666
- phpstan/phpstan-phpunit 0.12.16@1dd916d181b0539dea5cd37e91546afb8b107e17
- phpstan/phpstan-strict-rules 0.12.5@334898a32217e4605e0f9cfa3d3fc3101bda26be
- phpunit/php-code-coverage 9.2.0@53a4b737e83be724efd2bc4e7b929b9a30c48972
- phpunit/php-file-iterator 3.0.5@aa4be8575f26070b100fccb67faabb28f21f66f8
- phpunit/php-invoker 3.1.1@5a10147d0aaf65b58940a0b72f71c9ac0423cc67
- phpunit/php-text-template 2.0.3@18c887016e60e52477e54534956d7b47bc52cd84
- phpunit/php-timer 5.0.2@c9ff14f493699e2f6adee9fd06a0245b276643b7
- phpunit/phpunit 9.4.0@ef533467a7974c4b6c354f3eff42a115910bd4e5
- sebastian/cli-parser 1.0.1@442e7c7e687e42adc03470c7b668bc4b2402c0b2
- sebastian/code-unit 1.0.7@59236be62b1bb9919e6d7f60b0b832dc05cef9ab
- sebastian/code-unit-reverse-lookup 2.0.3@ac91f01ccec49fb77bdc6fd1e548bc70f7faa3e5
- sebastian/comparator 4.0.5@7a8ff306445707539c1a6397372a982a1ec55120
- sebastian/complexity 2.0.1@ba8cc2da0c0bfbc813d03b56406734030c7f1eff
- sebastian/diff 4.0.3@ffc949a1a2aae270ea064453d7535b82e4c32092
- sebastian/environment 5.1.3@388b6ced16caa751030f6a69e588299fa09200ac
- sebastian/exporter 4.0.3@d89cc98761b8cb5a1a235a6b703ae50d34080e65
- sebastian/global-state 5.0.1@ea779cb749a478b22a2564ac41cd7bda79c78dc7
- sebastian/lines-of-code 1.0.1@6514b8f21906b8b46f520d1fbd17a4523fa59a54
- sebastian/object-enumerator 4.0.3@f6f5957013d84725427d361507e13513702888a4
- sebastian/object-reflector 2.0.3@d9d0ab3b12acb1768bc1e0a89b23c90d2043cbe5
- sebastian/recursion-context 4.0.3@ed8c9cd355089134bc9cba421b5cfdd58f0eaef7
- sebastian/resource-operations 3.0.3@0f4443cb3a1d92ce809899753bc0d5d5a8dd19a8
- sebastian/type 2.3.0@fa592377f3923946cb90bf1f6a71ba2e5f229909
- sebastian/version 3.0.2@c6c1022351a901512170118436c764e473f6de8c
- symfony/polyfill-ctype v1.18.1@1c302646f6efc070cd46856e600e5e0684d6b454
- theseer/tokenizer 1.2.0@75a63c33a8577608444246075ea0af0d052e452a
- webmozart/assert 1.9.1@bafc69caeb4d49c39fd0779086c03a3738cbb389
- pocketmine/pocketmine-mp 3.15.2@d7a66ad7559f23d24ffe95813421a720203109b1

Loaded plugins:
DevTools 1.13.0 by PocketMine Team for API(s) 3.0.0
BuilderTools 1.2.0-beta2 by CzechPMDevs, VixikCZ for API(s) 3.0.0
NoFallDamage 1.0 by DeveloperNeb101 for API(s) 3.0.0
MSpawns 2.2 by EvolSoft for API(s) 3.0.0
NameTag 1 by MTwins for API(s) 3.0.0, 4.0.0
MobStacker 0.2.3 by UnknownOre for API(s) 3.8.1
NoAdvertisingPE 1.0.1 by Vaivez66 for API(s) 3.0.0
KhungLong 1.0.0 by xXNiceYT for API(s) 3.0.0
SimpleWarp 4.0.1 by Falkirks for API(s) 3.0.0
AutoInv 0.0.10 by JackNoordhuis for API(s) 3.0.0
StairSeat 1.5.5 by korado531m7 for API(s) 3.14.0
KeepInventory 1.0 by KhoaGamingPro for API(s) 3.0.0
Worlds 3.0.6 by survanetwork for API(s) 3.0.0
MineReset 3.2.0 by Falk for API(s) 3.0.0
RenameItems 1.1 by Wertzui123 for API(s) 3.0.0
MaxEnchants 1.2.1 by Xenophilicy for API(s) 3.0.0
KillRegen 1.1.0 by NashanPlaysYT for API(s) 3.4.0, 3.3.0, 3.2.0, 3.1.0, 3.6.0
BuyFly 0.1 by WoolChannel3295 for API(s) 3.0.0
AddNetherite-HiroTeam 2.0.0 by Mentagess for API(s) 3.0.0, 3.0.2, 4.0.0
InvCrashFix 0.0.1 by  for API(s) 3.14.0
AutoXP 1.0.1 by JackMD for API(s) 3.0.0
WorldProtect 2.3.8 by aliuly for API(s) 3.0.0
BlockProtect 1.0.0 by DarkByx for API(s) 3.3.1, 3.3.4, 4.0.0
GiftCode 2 by PTK-KienPham for API(s) 3.0.0
OnlineTime 1.3 by Zedstar16 for API(s) 3.0.0
VanillaEntityAI 1.0.0-alpha5 by jasonwynn10 for API(s) 3.0.0
Slapper 1.6.1 by jojoe77777 for API(s) 3.13.0
BurgerSpawners 0.1.4 by Heisenburger69 for API(s) 3.0.0
RedstoneCircuit 2.0.0 by tedo0627 for API(s) 3.6.0
SETVIP 2.3 by MCPEVN TEAM for API(s) 3.0.0
InvSee 1.0.0 by BlockHorizons for API(s) 3.0.0
DanhHieu 3.0.0 by padreon for API(s) 3.0.0
EconomyAPI 5.7.2 by onebone for API(s) 3.0.0
ChongBug 1.0.0 by shin1134 for API(s) 3.0.0
iProtector 3.1.1 by LDX for API(s) 3.0.0
EnchantUI 0.4 by UnknownOre for API(s) 3.0.0
BuyceUIEF 0.4 by UnknownOre for API(s) 3.0.0
MysteryCrate 9.1.1 by JackMD, DaPigGuy for API(s) 3.9.0
NoTP 1.0.7 by awzaw for API(s) 3.0.0
Alias 1.2.0 by Ghast Noob for API(s) 3.0.0
DEVirion 1.2.5-ALPHA12 by poggit, SOFe for API(s) 3.0.1
SlapperRotation 1.2.1 by jojoe77777 for API(s) 3.0.0
ShellyEssentials 1.0.2 by Shelly7w7 and BlazeTheDev for API(s) 3.0.0
LoadWorlds 1.1 by shin for API(s) 3.0.0
KitUI 1.3.5 by Infernus101 for API(s) 3.4.0
AuctionHouse 1.2.3 by Shock95x for API(s) 3.0.0
AntiSpam 1.3 by xBeastMode for API(s) 3.0.0
Warps 2.0 KSCore by KaysilGMVN for API(s) 3.0.0
PurePerms 1.4.2 by 64FF00 & ProjectInfinity for API(s) 3.0.0
CustomAlerts 2.1 by EvolSoft for API(s) 3.0.0
PECollide 1 by saxavlax001 for API(s) 3.0.0
PlayerVaults 3.2.0 by  for API(s) 3.0.0
Kickk 1.1 by MCPEVN-TEAM for API(s) 3.0.0
Sell 1.2.10.2 by Array, KairusDarkSeeker, JackMD for API(s) 3.0.0, 3.0.0-ALPHA12
MuaDanhHieu 3.5 by BlackPMFury for API(s) 3.0.0, 3.2.0
MuaCoinUI 3.5 by BlackPMFury for API(s) 3.0.0, 3.2.0
Minerloot 1.0.0 by Distoxicqted for API(s) 3.1.4
TableSpoon 0.0.7-ALPHA by CortexPE, Xenophilicy, HyperFlareMC for API(s) 3.13.0
PointPouch 1.0.0 by HituilaHuy for API(s) 3.0.0
AntiTNT 0.1 by Adam1609 for API(s) 3.0.0
Marry 1.0.0 by GreenJajot for API(s) 3.0.0
Police 4 by nlog for API(s) 3.0.0
AutoClearLagg 3.1.0 by Twisted for API(s) 3.0.0
Weapons 1.12.0c by xBeastMode for API(s) 3.0.0
ScoreHud 2.0.0 by JackMD for API(s) 3.0.0
GCPClan 1.1 by InstantlyTa for API(s) 3.0.0, 4.0.0
KingOfTheHill 3.0.0-ALPHA1 by Tethered, iZeaoGamer for API(s) 3.0.0
VeSo 3 by AmGM for API(s) 3.0.0
ChoDenUI 3.5 by BlackPMFury for API(s) 3.0.0, 3.2.0
ShopUI 0.0.1 by InstantlyTa for API(s) 3.0.0
OreGenerator 2.0.0 by vividmemory for API(s) 3.0.0
SizePlayer 1.0.3 by  for API(s) 3.0.0
OrionTasks 1.0.0 by Clik for API(s) 3.0.0
SkyBlockUI 2.0 KSCore by KaysilGMVN for API(s) 3.0.0
QuyenVipUI 1.2 by NightBlackDM for API(s) 3.1.1
ItemDropText 1.0.0 by AlexItz16 for API(s) 1.0.0, 3.0.0, 4.0.0
DeTuMF 3.0.0 by CLADevs And Shin1134 for API(s) 3.0.0
essentialsTP 1.2.2 by  for API(s) 3.0.0
PiggyCustomEnchants 1.4.6 by DaPigGuy for API(s) 3.2.0
Eff 2 by AmGM for API(s) 2.0.0, 3.0.0
AutoMineReset 0.3.4 by  for API(s) 3.0.0
BuyFix 1.0.0 by HumYaiJang for API(s) 3.0.6
Jail 1.3.0 by hoyinm14mc for API(s) 3.1.0
TheoDoi 1.2.0 by HotshotHD & CodeRed2019 for API(s) 3.0.0
MenuUI 2.0 KSCore by KaysilGMVN for API(s) 3.0.0
PHP-Sell 1.2.7 by Muqsit for API(s) 3.0.0-ALPHA9, 3.0.0-ALPHA10, 3.0.0-ALPHA11, 3.0.0-ALPHA12, 3.0.0
NameCorrector 1.0.0#build011 by PEMapModder for API(s) 3.0.0
PointAPI 2.0.9 by onebone for API(s) 3.0.0
SkyBlock 1 by KhoaGamingPro for API(s) 3.0.0
MapImageEngine 1.1.3 by FaigerSYS for API(s) 3.0.0
AutoFix 1 by Noob for API(s) 2.0.0, 3.0.0
sblevel 0.1 by AmGM-Encode for API(s) 3.0.0, 2.0.0
AutoSell 1 by phuongaz for API(s) 3.8.2
FormAPI 1.1 by jojoe77777 for API(s) 3.0.0
Banking_vonfram 1 by Noob for API(s) 3.0.0
BankNotes 2.0.3 by AndreasHGK for API(s) 3.7.0
ShinPickaxeLevel 6.0.0 by shin for API(s) 3.0.0
CachMuaLand 1.2 by Noob for API(s) 3.1.1
PureChat 1.4.11 by 64FF00 for API(s) 3.0.0
CuaHangUI 3.0.0 by phuongaz | Moded by LamPocketVN for API(s) 3.9.0
RankShopSystem 1.0.0 by zZPROGAMERZz423 | §eFor issues report by §2Visiting GitHub.com/zZPROGAMERZz423 for API(s) 3.0.0

----------------------REPORT THE DATA BELOW THIS LINE-----------------------

===BEGIN CRASH DUMP===
eNrFPf1T4ziy/0qKu7p6r2oC/v6Yn2CAAXYGJgdZdm7Or6ZkSU40OFbWH0C42//9tWTHkQRLAmRq
p3YhbodWt7rVX2rL/9nJeDlD9fdbWlaMFzvv3Xc7NZvRnfd2YIVu7IRR+G6HliUvd97/Z6dezOHW
zvH348vLL5c773ZmtKrQRMBOKatokTblhJZBnCQf5KerOborAHeS5CyFnz/4D05D8S9JPsLQB6Oz
9sMAo6Lg9YDN5jmd0aIezDm+ofWMFTRJBJXd94YDBt+qBuLLqBiwoqZlhjAFYjKWC0rmeTNhRbWn
U7A7n6Jyryrxnk6p8bU9Qefeisy9jkr5G8bIgR6YHOuPd90431lxy/NbSTMMTlhJcb2zvAsQHT/c
wZwAin//H8x0KQiXHycU7qJcTHKBxPzvjCT/5zDe8HwEf5aiiq7ktOPu2v6uI+ANywmQFNn+ux1W
fSf0dud9hvKKAhElrznmgNazIhiECRKtDf8B7qaj5TdWEH5XDS7Gg9/OLobeyDl0r09+HV1cDIJd
dyBJGMSBZQ3+Z/nVK1oCsQPHsp3BpTO4qlFBUEkGx4TVwMH/Dg7OjwJPTNR0DiOEu+6u48LlAy2I
ZK+7htvfeSVoOLu4GANAXtzB1IqZnM15RcvvILQSlYxWYv4QmQLPJd37UfFiCN/pRGPt2rvWfuR5
kRUGlhu7UZz5fpS5MSKW77sIpVFIUjeL7MAWlHFcohlrqr05wjeg5cNu9gUB9q6/a+/bxHVcz0kj
bNPUCV3fxVEUhdgNAEOYetghKAhdLPjo1XkvZQUqF03N8qojy3b2/SDIUBRGTkwtK6QEWSmJA+rG
GXWsNE4tEriR7To6KozyPAXqhrcoZwTVYpkCbdausx+5jo2Qi3FGAzdwBQYryiycZk5ohb6PMxwL
5AbCHFVVzhGh5ZK2/RBbgMCLbWJjGmWx7WU0DohnI891IxxHDnydZJmOKecTicGBSad+nFKS+sRL
U5rGyAkCL8SpmCj45WQoBBQkQ48wDOf1tKSI9BO1H6cppiCzKLVsLwpRCohABihAoeV7oeMgGMIK
Qh0V2LhpR42/H2EvwBmKfde3s9RKndQVtg6J+bWt2LNj10t93+CnSOsOg+3vZxGKQPghcTyahnGW
hiGJIx/5ju/FJIhi309xgGwdRYluQFNbVpzdeN/PHGQ5lhVnXhRg5JHYimInsj0/tDJkuzQl2Aoj
omOpCs4faDchLih07Nvw9cChfujboIxeEFI3iD0apy5MaxxabpSZSOa5xODBlGaZ5YcxKBz1bJi8
wCcgblgiYWj72MqiMHSAXTcCDITjuhR/DwYWVnTNepVzBSLXt0hmOUFEY8vzYyADlBhmO/Kx71KL
uq6bUSrEPFuApoGlJZTOYY3OFxKJbQkJB3Hq2HYWIx8U2M4CbIHmEQfRzA+IwGj7cUR9wFKwG4b3
wEQM56ispMreegKLsx/AyrZT6to2clyLWrEVZj7JqOXYbug5SDANSkyliUHlkHFQkoJltBJiBqUF
SiLfCXyaERdlYQpLCXmpgxzseiTNsB9GESFObLuugkM10IIMHKRpEDk+oVkEKxu5juPAlEauG2YR
piiz49DPkNVaOpjeRlgrXu6VNMvBk7DOhEmUjlxMNrFsDFrmURI4meMjFHko9EJEXJ/4yA5ixwsC
J30OJUDTHLQBkIIXATqtIEZh5MPEe3YGupt5ceZSMGi+FxFsY0wDAtYyeIRUhATDklbCB7aa4AGN
AQIlTKM4ioFhEjsgRxyB5YHVj3FAfeykCExQx3Y1pyDFks+nFHeK4IjpB2sDGh2kNARFAG2O/QCM
c2wFCGUWmB5qkQg5pEMC+rjX/V4uMS/aB132cAY2Ms4yEgUxLC0MaoBCilDgezZ2CcJBEDxGMoTf
TcHqJTI7gKkH5QsI+NrU8t2YUORjsAIUNNILUJZGqQ222w6fQFbBusH1sGxyWi0x+vuu68EkCa2w
Q+oFlk+tLAbb5BI3w2CM7JSAsUxbLZXUSG0XIQT8gBlvg69YKga4MC8NgZzIhSkDy5QRJ8UeDdPY
gclDroVhtNAxkImwacggjOrWslBcfx8BLhqBRckcsAQWMGZlGKdBmIGfTJ0oc2BlgjgMZCIauqEt
GmGuQR/BTofEApEFfupHsWeBpQmdLLRxjLDlOeCigtBAU9P7Gn5AMIhq2q1Hd9+OwL2Glh3QwKK+
44Uh9T0fPBPYBfC2YYp9B5PIM5FBQFtKTZcrEhQBPJgXg4mMqZMF4LxonBHQKsvxYAWE4Jzc1KCo
U4RYajcYIhBcEKIwDj3spQGGZQLLJcvAsNhgnWxw3p60UBWFuA3MZAGela2slC3ti+c5NMQhDSIQ
PnhA8LMeqGeYBkEEgksdz3Iw+Ccdj5B9R45AE+77seOCjsCSB/Mdx3YMazXMAgtcGwQBgNUHjxmj
9Gk0sHiF0aLDnPObZt5PNqwYO7PEygdjIxwcOKMgIzZMORAHDkpogmsyCREZWiqSJxUpRFGWuVbg
Ca8WwqrBNoJwBPTUQSJ0sCn2wW1Zj/Dk9J7Vi94YpyjCIp6yYEayFIOvJpab+oEHzt71LFDuMLOp
jEJWeAgDQEuJC34Ox16MwCGANYEgiCJJlUuAKj+NHOph17FifbppcctKXnQxpC9drhtFIHNKbHDa
CCwUDA5qFMTUjyB+i8Gcx+DVEdYR3c95WdOyJ4dEMYbgKQxsiB9TX9Dl+ihIwV0jCo4UmIos8MYa
lknOU5SDNWnXhS+nBqxZGEM4Bcx5YZRCDOTAvCAM1g3WBQE1xRBF4FDDJDKZasizYZuPdCoZ+LaX
isUNVhbMmRdkvmMRCJOIHSLPd9wM+eCYPQ0VT3+AXxnSApyCKnyYcvh7YXJBWBEEZ77nhGCQbV9Y
SYi+3NByIGBGT6Lr3JXE1qokicGOpG5qOwindigWiQ0+NYJ4wcWxRRzLc3FqqCTkY430ycBoIexK
TxwlELyC/fZ9CLtsiPngKkWeY6cQHBMCAQSoCM1CA13FmxLTIZ8LXrt0wJUIrczzBAUussHngfey
wAGCf3dTbBHhmyFgsGMUaQi7nNqBCMraF7PruGEIAa7jxhCmpjFoO1haFNopgggvc0DBrFjD8Djm
wLblgDLZKLZsWFs2CMCOPDfAYeBRL3QzCHwiqZ6LWcaLxd6c5wvwA/kQd+TcgvGORIaDXYjnQA0C
mkEsCr5TRHPCAIMFhjg78kiQelIf6imtKIWIABxAwR46OyccUwhq7WLXReBPIK6EFMyDEAWMAaxA
8OSQfcHa8x0RF97RdMYfUFnvQR5Cy9bIxXL5ZziIMaKpR7wYu8Jig9ZbEDjDenFDSETSFFI6Pcxd
fRzO5n3WvE9CFIDdhywozhwXgvgMMhofTAoIH3IRiMlFIpDaO3/0eb5MLY/o7ZjzvFLS9B70bmcl
B5g8EAWAUFNPOWT97/+t5PODMUWzHUj60ZyJO0JqlrimBUpzCulvXTaQvRM6h2S4agsEFc/qIxUw
Q7K8sBw/SRRKRAIH967GB5fjX0fttFZMWoxpXc+r93t7E1ZPm3QXDO3eirK9Hgfw/UFk9bQ0GdbA
OtMg62FKa+TonB8+UDwdnQNu8QfX7J7dHH7bFv9YIJ/PCCBPkrSlrW4nxKC0m5TRl6vxb18uPx+t
mxaF7D0NFczNBf8ImfcRmsn4q58bDazPjaENgJXmwoRcUAit7C1qg4o2SVSKkuQcybrJszMh2DuX
5SpV6kuIypSzawj6+JbnV0DZtrjpBgW6+9E30Oy7u7tdCpQIrLv1jRQXMDFGE1VSHUQTks7N+fhO
LHuTl3fSe7yap4zd0zJJPrcllk1kwdOrGmEZVK/EsQKqHIjqhKtz8WtxU/C74ktJNU7Atr+WgxVG
EExPx2bK9cQyUwiUC+uAAD81q1gxGR1ra0u/YyyvXUN614jd0gfI67aki0t8YklphBiATUT6adoU
k8+8UBVyBTMZMyzH/dcLhum/xlszGazgm1uGK1mg/w2Vc4V2BagS7z2WChijG1beVG8jHtBU9bhE
RZXJBXCV8zvl8hgiB1GayitQE2XldWMnSSXpvQN6k0SjfS37B03Nz4pbhfclRF+GwLghtl9glVxw
XpJpw6ptye4HIC2WSJMEhuOQgCfJiqj1Aq0RK68oqlV59jBdF/1dX2fqhpeIcN+1Z6HGku29nicF
J0hnSYnycaMVRukcJkCWqBbqKtPgz3roT1OOTtBMrPGSb0tgGtIk0cjZfBH+xsucqN65A6j8CDID
naOqKW9RQes7Xt5siyGJM0nuJAFJ0hOykRfoIutdiWS3o2zvby0y6fsgJr2ErEJVzhVMZ9cxBShs
zbbYXNkOkUuUYngQl0LJWpldUkH/WU1nquBUqJFA6Mz8Bv7loWG2426LpRXGJFHIeLUfX+HbU7kS
UkT3xwWeoqLWIkoFaqYRBvNfacHnU5YzvNgW9wpKwXFPinaxkaWBrPmSTmihWpkeZsjUVNELVMFA
oxwtKsOhe/KrYhe0/e10v+3ud/B61pVBwQJdiv83YfRDs/iYL7REUAJ0x2eqLSRMhzBaQXPXif1t
Sa8d+tezzU3mASEXtJ7SEkDDU1ZymYMrbvzJ+3q28ygUOwfDDXlV9VSSIEsxb00WloRAjLkk7qCc
8XJzvsG7HJYg8I/sXuFWhT4KXDQet+XVZ83vQFWSQHiCxciQBr0kCRIBzdeREXZ9Ha1LAkTQdX60
La1rsbXR1dfRqw1li2av42DpziEeqEXniOHUl2BdEyF/0xlFOWvyrRnHFlvn1ectBSa7G9aWzhtW
ZozmRC3FLTt06pKKrfmqpuWexq0wN2J78vGkaOA1mdIRKm8+LO61WXGliojf3lsXp0pKkhiErdXo
E5bVh7Ly3vPWgzRhG1XE8afhJ0aL0XR7JUTAmSTLwTc3LV8KsYUwlt1iPQ8KUJeOUZb4RklVo9Le
Wn7eI0ySFQ2vXqM9tj2FIeD5GhXg29ExpJf14uBMYdy880g3hyifT5GRQP1AFS/uFkVhW29MiUdN
SeXgjFZfd9QUsR8hSQwik0Qh95l1LfPEHM3nWg1qCdE5DUwbvOql01NE9w1JRzvyq6WrtPctmZAB
jtaopwY6RgefFvBIQ6Lwq7cXbku917VXvnImDGJlngKazwt6yErcsFrLVfQ7a4KjmhJuBY4u9TeE
rWU3/CaOSCrs8fj6TA0ZOoDhSY2I7nB0fH0xGB8fnG+tiC1RJskVra/ZfMOY7YpSPVwTgDXuTnqg
U16yB15srcKkIU2SlpKXRG5HqJieMtqoW2ZLkFmvMBiaI1JSuLklVjp0STJmdZ3Tg6PLzX3dMeYF
ny0ORqrJV4AqJ/5uaG6MgNqm8P+2OOnQJQltKQCcYMpVatYydDjlxeRDo1age9AaPaumrLBt19sW
N1cdviRRKFjLAOtiLa66JAWo69ajesrno6/boh9QQV7Tj/xqWwx4hsJY7ClcCNVrixG/aprXw3Rn
5G209/MGXtW9n56IzZcR5O2Y/np2/FEvI3Swv5CXjogX7JAuRNaygCy6Vi21Blb5iR+rYJecChM5
YpOTRk/f4rfnqSoxb81WNcbkPt14pG3OjR8n46GRo949oLutpagCWZIUvJ6/mrWWIFFdyBlSA772
+lFvg87OyRQS18EF5+m2eJLDttwcijb8jdzr8TUrJY0r97oEmQz4w4PPo9MD23BOcz6ZyHDu6stH
c3G9epO4RZokt5KUJCF0+Ukhb7OU45LXss/qcerR31lTP/6TFOQtPksn4AX7p1Oa54vVDqXKlHnL
XE+G3Nrvh3fhABVk8CFHD3Q8pUf0dnuOWSdocy5FePhok0oBPrvVIeKLrfnmfszNrYQwEnh+W+zW
fN5W+HXn214b1Q1zZ/SsyGhZNJXZ2/OGEqqCMkkkES8ofzey7/+UNxXVqqgK2FxErqlukAnE/v0b
6xRamKrWoZX0vhtJbGhL+qaCPlF31ahdzzSoLWTIWpl/CXq2OHX/gYJtPxeluC3p4X0qMM5kfU08
NlMBDTNRwVgSNFOzqT8ziKJLQdv2lddGHj74dHXIS2psZqNFxfKT8+uLrW0firE3V0BRnhrRUtv8
XMF0aXimpQu8jx8ta/CPAQTGojUYVgIrRG/4lnj53g6QJD1FysdXBBbyb7sa9wqPyLqaquazg5yW
2laoBtbFaf/cDjt1ZMi/dDpe12s3Oj7kec60yvYK9ky/XYXu0W2O7q3ttUMqKJNkDtmyJGLTCpLY
IqXlNWpyTVoa+PkehC2xsdw8m8uRb+XIoKE6HRvsVOObG82PietnXXFbuxr+jHLYcvT1ERMEIWqU
JC4fxXtmcASkyzkTVH5CrGwqsRl0RWnbMfkn+4Ltrq3Vh8nPsag6sudiKCD3FOKzF2SWDXqiZqZC
dZ3zzSog8DY6/9iUiyf5c95gLKb8EGgQcUf38UVcHXJWaIHUCvZXcQQUfMNAAmQlnI0ZfUEgL5p/
ypxzszWpha3bmWRgaO8Z/r0GgrVdkV3v9X2cK5xJUuebszIWg13NuZZiKUCzQyBsF4jR5C8ebrqX
fblqu867ndMFJEofc1TS88Ot7QBp7TsrUtXPG9h3kHw94g2eascu9MA1QjxldcNydNpsLQ5Zjf2C
yB4CyPHF2Ihxx/KohGcacw4ImtmBtbX9qW7QTV3rOSq1vsz2es2En5SUFr+gH3xr4c8KoyC8fEkP
5oiD8mkxTgvQGqB1+gtxJMKWKBe4IASQY74kDaz5YU5R+RlNJkY3zQpuls4NMYzvwNIYdusNnNQt
urZ7GQsiciCi7bJRaXppEN6ReVAt8mZ2frin4xPZFEVzrj3ksoQYMRE4GPzTE8QeY5J0ZPQfNoqS
xIknpw1RI6UlaM1G7c9pklqOvrlynhyODnOk+qAl5NkY9aw9iSJfjNG2n9VhS9Q1SpIMIwzEJMnH
w4OOqk1KSfBnc7p7W7QReDH5ko2n9JRpMa0Of7Qr2sWjxiqUDYGUvBuwbxTxEyQqCFuS4Q2vwQN9
gp+byu6aXnG1GUZcanwY3md2srWEQuBKkn+O7Q23PY+oHoX2oL8wrJYEyKj6iL6omMznGi8d4PmW
zmdXzBZSngqIaBhYgCUx6zvJSnoiz7/Sd3M18BojdstuGZnRGS+3Fo2pwydJ95Fu9pDUA22zc+0h
qR5oxjnuzygayPE+i/HEQ07Lz5uJA0gbo+qm0oTRA9eEaYc529pzFwJXksixX/GczNXNQvav6Gtk
BfxrKqcrAjbn5J/NghbXTF/tCtAoiBhPGbDJtJYG7OjcyDZfvb93fTYSPa8SZ5IsiVjf2lTT2VHJ
52N5DsOqwUkFr1Gvg5zen9UPWueorZZv3ur1BTGCkM2lc0THzflH7VAACVjT33T4+UA8XD44KMjg
astNNR1u+ZDSizYoab/dp23wa2Cz/Ob8DPuljpgkxvjr0zM2mSzaevYTzx49ddfcgwjMZvInmjTe
4PWX+CCJe0zMCxrTxPk2q74gefzNnzaPG2GXo62aV/IBQ9qQrAFm+2V56FPP9ulwPYxxjY6grRUu
SAmp1+nJpzbl7Id/UVeT/nhNB1hXP2pm/0LsF1SYRYHgLY9FiedqNiX8F8TUNERemvvaBtFTvmDF
zPZm2PAkrxbACmOS/AAKkqSjY33dckr5EWdq0bKDrGndOeU1BKn16dHgHwPxzMMlJY5lb60WhmdE
nNEoO9QPZ+Sq/bxRUZkWjV4ibwF/4RbvS6KU0eloaGzX9CBTJEZz2Gq7RqW8zXxjY2PG3KixH23c
vNGmvXzTRhwnAiIpzYZUHf7IIPxNHlhj2UaCNjo+R/NzTsj2UnoFZZJoVBmXm9U+WVHrvdA9yMzT
4p/aCU24OKL3ba3Qy3j8iRzhue3qLZ4PoDfFdMcxwSwtlKaY88Uol2Vq+XuTCvv8TBz6c1xM5JHV
Sqldu2E+oeyaD9Ez8ZzJv662JbEeoVhcKiXm9aZxhO56l5BnBGe0bG4lCgITn7bxQzv4WsorGOKW
qpZyCXl+2wbirCFEiU9Vnt91rLyhDT9JqvRzR8VGk29Y+x70zPTPpw0vJujBOI7IeXWnaYevnX4x
+uZmuzvcXeFgCXm25Lz9ftI/PRd/Qxv2ARU3YIm+3/IiK7WON/PO5gvjTQxdyAUhBn9BHA3fvuA1
rQzyW5jpWMySch/HayyE26lpqllCT5LycbNqLStGDN+ge/rZWPuPbqnMBk8/grPNx2/UsTeX1yHC
0/MGfUaFuu2kQp8vS5nq9oZyVC6jtdYKzxqUt4Nv1JV4ONXOPupBZj3ADNLansGXFdBXzYBPnWkl
u1srEU2IHopbxptqdDxcwnf+pF9RELv6tIVuRYlGNisiCIIn+mZJD1v37F5nlQf/HYhNTTJIF4PP
aNbGNkaKsu5RF8UoK2GmHjM9UdDZyGf0DG2u9pew6MXexpV4JEY1tcaNNen/w7fR5ZeTg/Pjy28P
nuPCRCWNZaGQArcDVlUNrQYlFWcGi7lr7znXDAgBcz44YfVpJz8D0cs1stMbZZaV3tcn5v6ZidWn
YNM5/UM9s3V3MROvJpAn3IpXiOyKg+HF6Xry3HRxvCsCP0ZruqwC0fuaFt17Of6zIxNj5X0iKe7e
/dBDMMqpeBeJBuOz74TXhahGKdDuMNwVoClz9Zq0pzD31xnL2xOee8hkpr3dZIoqjRYGSnyrAsQ7
S6S+hFJfZqk4N14cFLj6StW9SkWFzbHO9WV/1L/2l3KSKx1EWDNTIVejz+rlbFH9nstXsnSfBvLM
aWdI6O1gKN7v4lueFcLHv5+R94MQY/gvDmgQ+llAQof6OLMyJwgzL6J2EGLxgg5Q97+LE4OVk4L7
ARdIyt/pGk8e2LwNwXxZ/3toX6DRfxsu72e6TLhgx7Es17YdkX2Ojr5oU0X4d8mKCQQQ08UJeldU
lfbF9rjAr+faHBkUwKV4Z4nOFgDvxPk9GlB5u4koJtvi3T1A8FRXztXa+I6nTXGjvjlGTBGbtG+U
6dp1xDSRqiuziAmQeQVJl28vEXpcLuY178qqAjAhj2TONDWRc+OqoP5c7UnTKuOSnG+wugZfRhji
AGU2//jj/wH/rGtI
===END CRASH DUMP===
