PocketMine-MP Crash Dump Tue Dec 8 14:47:21 +07 2020

Error: Argument 2 passed to ShinPickaxeLevel\provider\DataProvider::savePlayer() must be of the type array, null given, called in C:\Users\Administrator\Desktop\SkyBlock 1.16-LOL\plugins\PickaxeLevelV6\src\ShinPickaxeLevel\Main.php on line 92
File: plugins/PickaxeLevelV6/src/ShinPickaxeLevel/provider/DataProvider
Line: 33
Type: TypeError

THIS CRASH WAS CAUSED BY A PLUGIN
BAD PLUGIN: ShinPickaxeLevel v6.0.0

Code:

Backtrace:
#0 plugins/PickaxeLevelV6/src/ShinPickaxeLevel/Main(92): ShinPickaxeLevel\provider\DataProvider->savePlayer(object koth\KothPlayer, NULL )
#1 src/pocketmine/plugin/MethodEventExecutor(42): ShinPickaxeLevel\Main->onQuit(object pocketmine\event\player\PlayerQuitEvent)
#2 src/pocketmine/plugin/RegisteredListener(80): pocketmine\plugin\MethodEventExecutor->execute(object ShinPickaxeLevel\Main, object pocketmine\event\player\PlayerQuitEvent)
#3 src/pocketmine/event/Event(88): pocketmine\plugin\RegisteredListener->callEvent(object pocketmine\event\player\PlayerQuitEvent)
#4 src/pocketmine/Player(3643): pocketmine\event\Event->call()
#5 src/pocketmine/network/mcpe/RakLibInterface(176): pocketmine\Player->close(object pocketmine\lang\TranslationContainer, string[21] Internal server error)
#6 vendor/pocketmine/raklib/src/server/ServerHandler(95): pocketmine\network\mcpe\RakLibInterface->handleEncapsulated(string[19] 14.246.129.31 61045, object raklib\protocol\EncapsulatedPacket, integer 0)
#7 src/pocketmine/network/mcpe/RakLibInterface(109): raklib\server\ServerHandler->handlePacket()
#8 src/pocketmine/network/mcpe/RakLibInterface(99): pocketmine\network\mcpe\RakLibInterface->process()
#9 vendor/pocketmine/snooze/src/SleeperHandler(123): pocketmine\network\mcpe\RakLibInterface->pocketmine\network\mcpe\{closure}()
#10 vendor/pocketmine/snooze/src/SleeperHandler(85): pocketmine\snooze\SleeperHandler->processNotifications()
#11 src/pocketmine/Server(2157): pocketmine\snooze\SleeperHandler->sleepUntil(double 1607413641.7071)
#12 src/pocketmine/Server(1994): pocketmine\Server->tickProcessor()
#13 src/pocketmine/Server(1588): pocketmine\Server->start()
#14 src/pocketmine/PocketMine(273): pocketmine\Server->__construct(object BaseClassLoader, object pocketmine\utils\MainLogger, string[49] C:\Users\Administrator\Desktop\SkyBlock 1.16-LOL\, string[57] C:\Users\Administrator\Desktop\SkyBlock 1.16-LOL\plugins\)
#15 src/pocketmine/PocketMine(304): pocketmine\server()

PocketMine-MP version: 3.15.2 [Protocol 408]
Git commit: 0000000000000000000000000000000000000000
uname -a: Windows NT WIN-4P2C3VGUPNN 6.3 build 9600 (Windows Server 2012 R2 Standard Edition) AMD64
PHP Version: 7.3.23
Zend version: 3.3.23
OS : WINNT, win
Composer libraries: 
- adhocore/json-comment 0.1.0@8448076039389f558f39ad0553aab87db3f81614
- ocramius/package-versions 1.5.1@1d32342b8c1eb27353c8887c366147b4c2da673c
- pocketmine/binaryutils 0.1.12@566fa87829e007eda0bd96e39fe20b9b0d638132
- pocketmine/callback-validator 1.0.2@8321aa3ccfe63639b0d08f0cbf270755cfc99fe2
- pocketmine/classloader 0.1.1@7c0363491d1ce8f914fe96d41a4338c982adedff
- pocketmine/log 0.2.0@e59bedb5d4bbeb9a26647cb7c367cb2fa72addfa
- pocketmine/log-pthreads 0.1.1@9bbcef398b01487ab47c234a6a7054722abbe067
- pocketmine/math 0.2.5@8c46cfa95351fb0b2b30739a381310941934b55f
- pocketmine/nbt 0.2.15@f8a81d37d24eb79fb77d985a52549d68955bc6a1
- pocketmine/raklib 0.12.9@5f2a02009f486ca4d90892814570fa13ebdc078d
- pocketmine/snooze 0.1.3@849510fa62e57512b8467e3694e9b3add97038fd
- pocketmine/spl 0.4.1@ff0579a0be41bbe65d3637607715c0f87728a838
- doctrine/instantiator 1.3.1@f350df0268e904597e3bd9c4685c53e0e333feea
- myclabs/deep-copy 1.10.1@969b211f9a51aa1f6c01d1d2aef56d3bd91598e5
- nikic/php-parser v4.10.2@658f1be311a230e0907f5dfe0213742aff0596de
- phar-io/manifest 2.0.1@85265efd3af7ba3ca4b2a2c34dbfc5788dd29133
- phar-io/version 3.0.2@c6bb6825def89e0a32220f88337f8ceaf1975fa0
- phpdocumentor/reflection-common 2.2.0@1d01c49d4ed62f25aa84a747ad35d5a16924662b
- phpdocumentor/reflection-docblock 5.2.2@069a785b2141f5bcf49f3e353548dc1cce6df556
- phpdocumentor/type-resolver 1.4.0@6a467b8989322d92aa1c8bf2bebcc6e5c2ba55c0
- phpspec/prophecy 1.12.1@8ce87516be71aae9b956f81906aaf0338e0d8a2d
- phpstan/phpstan 0.12.48@d364cfbac9ffd869570cdfea7eaa6541c3dac666
- phpstan/phpstan-phpunit 0.12.16@1dd916d181b0539dea5cd37e91546afb8b107e17
- phpstan/phpstan-strict-rules 0.12.5@334898a32217e4605e0f9cfa3d3fc3101bda26be
- phpunit/php-code-coverage 9.2.0@53a4b737e83be724efd2bc4e7b929b9a30c48972
- phpunit/php-file-iterator 3.0.5@aa4be8575f26070b100fccb67faabb28f21f66f8
- phpunit/php-invoker 3.1.1@5a10147d0aaf65b58940a0b72f71c9ac0423cc67
- phpunit/php-text-template 2.0.3@18c887016e60e52477e54534956d7b47bc52cd84
- phpunit/php-timer 5.0.2@c9ff14f493699e2f6adee9fd06a0245b276643b7
- phpunit/phpunit 9.4.0@ef533467a7974c4b6c354f3eff42a115910bd4e5
- sebastian/cli-parser 1.0.1@442e7c7e687e42adc03470c7b668bc4b2402c0b2
- sebastian/code-unit 1.0.7@59236be62b1bb9919e6d7f60b0b832dc05cef9ab
- sebastian/code-unit-reverse-lookup 2.0.3@ac91f01ccec49fb77bdc6fd1e548bc70f7faa3e5
- sebastian/comparator 4.0.5@7a8ff306445707539c1a6397372a982a1ec55120
- sebastian/complexity 2.0.1@ba8cc2da0c0bfbc813d03b56406734030c7f1eff
- sebastian/diff 4.0.3@ffc949a1a2aae270ea064453d7535b82e4c32092
- sebastian/environment 5.1.3@388b6ced16caa751030f6a69e588299fa09200ac
- sebastian/exporter 4.0.3@d89cc98761b8cb5a1a235a6b703ae50d34080e65
- sebastian/global-state 5.0.1@ea779cb749a478b22a2564ac41cd7bda79c78dc7
- sebastian/lines-of-code 1.0.1@6514b8f21906b8b46f520d1fbd17a4523fa59a54
- sebastian/object-enumerator 4.0.3@f6f5957013d84725427d361507e13513702888a4
- sebastian/object-reflector 2.0.3@d9d0ab3b12acb1768bc1e0a89b23c90d2043cbe5
- sebastian/recursion-context 4.0.3@ed8c9cd355089134bc9cba421b5cfdd58f0eaef7
- sebastian/resource-operations 3.0.3@0f4443cb3a1d92ce809899753bc0d5d5a8dd19a8
- sebastian/type 2.3.0@fa592377f3923946cb90bf1f6a71ba2e5f229909
- sebastian/version 3.0.2@c6c1022351a901512170118436c764e473f6de8c
- symfony/polyfill-ctype v1.18.1@1c302646f6efc070cd46856e600e5e0684d6b454
- theseer/tokenizer 1.2.0@75a63c33a8577608444246075ea0af0d052e452a
- webmozart/assert 1.9.1@bafc69caeb4d49c39fd0779086c03a3738cbb389
- pocketmine/pocketmine-mp 3.15.2@d7a66ad7559f23d24ffe95813421a720203109b1

Loaded plugins:
Worlds 3.0.6 by survanetwork for API(s) 3.0.0
AutoXP 1.0.1 by JackMD for API(s) 3.0.0
KhungLong 1.0.0 by xXNiceYT for API(s) 3.0.0
MobStacker 0.2.3 by UnknownOre for API(s) 3.8.1
MineReset 3.2.0 by Falk for API(s) 3.0.0
KeepInventory 1.0 by KhoaGamingPro for API(s) 3.0.0
SAC 3.6.6 by DarkWav for API(s) 3.0.0
GiftCode 2 by PTK-KienPham for API(s) 3.0.0
BuyFly 0.1 by WoolChannel3295 for API(s) 3.0.0
AutoInv 0.0.10 by JackNoordhuis for API(s) 3.0.0
RedstoneCircuit 2.0.0 by tedo0627 for API(s) 3.6.0
WorldProtect 2.3.8 by aliuly for API(s) 3.0.0
InvCrashFix 0.0.1 by  for API(s) 3.14.0
RenameItems 1.1 by Wertzui123 for API(s) 3.0.0
VanillaEntityAI 1.0.0-alpha5 by jasonwynn10 for API(s) 3.0.0
OnlineTime 1.3 by Zedstar16 for API(s) 3.0.0
Slapper 1.6.1 by jojoe77777 for API(s) 3.13.0
StairSeat 1.5.5 by korado531m7 for API(s) 3.14.0
BuilderTools 1.2.0-beta2 by CzechPMDevs, VixikCZ for API(s) 3.0.0
BlockProtect 1.0.0 by DarkByx for API(s) 3.3.1, 3.3.4, 4.0.0
SimpleWarp 4.0.1 by Falkirks for API(s) 3.0.0
MaxEnchants 1.2.1 by Xenophilicy for API(s) 3.0.0
MSpawns 2.2 by EvolSoft for API(s) 3.0.0
NoAdvertisingPE 1.0.1 by Vaivez66 for API(s) 3.0.0
NameTag 1 by MTwins for API(s) 3.0.0, 4.0.0
KillRegen 1.1.0 by NashanPlaysYT for API(s) 3.4.0, 3.3.0, 3.2.0, 3.1.0, 3.6.0
DevTools 1.13.0 by PocketMine Team for API(s) 3.0.0
NoFallDamage 1.0 by DeveloperNeb101 for API(s) 3.0.0
AddNetherite-HiroTeam 2.0.0 by Mentagess for API(s) 3.0.0, 3.0.2, 4.0.0
AntiTNT 0.1 by Adam1609 for API(s) 3.0.0
AutoFix 1 by Noob for API(s) 2.0.0, 3.0.0
EconomyAPI 5.7.2 by onebone for API(s) 3.0.0
MapImageEngine 1.1.3 by FaigerSYS for API(s) 3.0.0
ScoreHud 2.0.0 by JackMD for API(s) 3.0.0
BuyFix 1.0.0 by HumYaiJang for API(s) 3.0.6
TableSpoon 0.0.7-ALPHA by CortexPE, Xenophilicy, HyperFlareMC for API(s) 3.13.0
Marry 1.0.0 by GreenJajot for API(s) 3.0.0
AutoSell 1 by phuongaz for API(s) 3.8.2
KitUI 1.3.5 by Infernus101 for API(s) 3.4.0
QuyenVipUI 1.2 by NightBlackDM for API(s) 3.1.1
Weapons 1.12.0c by xBeastMode for API(s) 3.0.0
CachMuaLand 1.2 by Noob for API(s) 3.1.1
essentialsTP 1.2.2 by  for API(s) 3.0.0
MenuUI 2.0 KSCore by KaysilGMVN for API(s) 3.0.0
ChongBug 1.0.0 by shin1134 for API(s) 3.0.0
Sell 1.2.10.2 by Array, KairusDarkSeeker, JackMD for API(s) 3.0.0, 3.0.0-ALPHA12
SkyBlock 1 by KhoaGamingPro for API(s) 3.0.0
Police 4 by nlog for API(s) 3.0.0
PointAPI 2.0.9 by onebone for API(s) 3.0.0
VeSo 3 by AmGM for API(s) 3.0.0
KingOfTheHill 3.0.0-ALPHA1 by Tethered, iZeaoGamer for API(s) 3.0.0
FormAPI 1.1 by jojoe77777 for API(s) 3.0.0
ItemDropText 1.0.0 by AlexItz16 for API(s) 1.0.0, 3.0.0, 4.0.0
Warps 2.0 KSCore by KaysilGMVN for API(s) 3.0.0
NoTP 1.0.7 by awzaw for API(s) 3.0.0
DeTuMF 3.0.0 by CLADevs And Shin1134 for API(s) 3.0.0
PiggyCustomEnchants 1.4.6 by DaPigGuy for API(s) 3.2.0
TheoDoi 1.2.0 by HotshotHD & CodeRed2019 for API(s) 3.0.0
MuaCoinUI 3.5 by BlackPMFury for API(s) 3.0.0, 3.2.0
CuaHangUI 3.0.0 by phuongaz | Moded by LamPocketVN for API(s) 3.9.0
Jail 1.3.0 by hoyinm14mc for API(s) 3.1.0
BuyceUIEF 0.4 by UnknownOre for API(s) 3.0.0
Minerloot 1.0.0 by Distoxicqted for API(s) 3.1.4
ShellyEssentials 1.0.2 by Shelly7w7 and BlazeTheDev for API(s) 3.0.0
Kickk 1.1 by MCPEVN-TEAM for API(s) 3.0.0
SlapperRotation 1.2.1 by jojoe77777 for API(s) 3.0.0
SizePlayer 1.0.3 by  for API(s) 3.0.0
Banking_vonfram 1 by Noob for API(s) 3.0.0
OrionTasks 1.0.0 by Clik for API(s) 3.0.0
AuctionHouse 1.2.3 by Shock95x for API(s) 3.0.0
PointPouch 1.0.0 by HituilaHuy for API(s) 3.0.0
OreGenerator 2.0.0 by vividmemory for API(s) 3.0.0
ChoDenUI 3.5 by BlackPMFury for API(s) 3.0.0, 3.2.0
InvSee 1.0.0 by BlockHorizons for API(s) 3.0.0
AntiNuker 2.0.0 by GreenJajot for API(s) 3.0.0
PlayerVaults 3.2.0 by  for API(s) 3.0.0
ShopXP 1.0.0 by Unknown for API(s) 3.0.0
EnchantUI 0.4 by UnknownOre for API(s) 3.0.0
sblevel 0.1 by AmGM-Encode for API(s) 3.0.0, 2.0.0
MuaDanhHieu 3.5 by BlackPMFury for API(s) 3.0.0, 3.2.0
PurePerms 1.4.2 by 64FF00 & ProjectInfinity for API(s) 3.0.0
Alias 1.2.0 by Ghast Noob for API(s) 3.0.0
ShinPickaxeLevel 6.0.0 by shin for API(s) 3.0.0
LoadWorlds 1.1 by shin for API(s) 3.0.0
PECollide 1 by saxavlax001 for API(s) 3.0.0
NameCorrector 1.0.0#build011 by PEMapModder for API(s) 3.0.0
SkyBlockUI 2.0 KSCore by KaysilGMVN for API(s) 3.0.0
AutoClearLagg 3.1.0 by Twisted for API(s) 3.0.0
GCPClan 1.1 by InstantlyTa for API(s) 3.0.0, 4.0.0
iProtector 3.1.1 by LDX for API(s) 3.0.0
Giftcode 1.0.0 by  for API(s) 3.0.0, 4.0.0
AutoMineReset 0.3.4 by  for API(s) 3.0.0
CustomAlerts 2.1 by EvolSoft for API(s) 3.0.0
DEVirion 1.2.5-ALPHA12 by poggit, SOFe for API(s) 3.0.1
SETVIP 2.3 by MCPEVN TEAM for API(s) 3.0.0
AntiSpam 1.3 by xBeastMode for API(s) 3.0.0
ShopUI 0.0.1 by InstantlyTa for API(s) 3.0.0
DanhHieu 3.0.0 by padreon for API(s) 3.0.0
Eff 2 by AmGM for API(s) 2.0.0, 3.0.0
AntiHack 1.0.0 by pmmp for API(s) 3.0.0
BankNotes 2.0.3 by AndreasHGK for API(s) 3.7.0
MysteryCrate 9.1.1 by JackMD, DaPigGuy for API(s) 3.9.0
PureChat 1.4.11 by 64FF00 for API(s) 3.0.0
RankShopSystem 1.0.0 by zZPROGAMERZz423 | §eFor issues report by §2Visiting GitHub.com/zZPROGAMERZz423 for API(s) 3.0.0

----------------------REPORT THE DATA BELOW THIS LINE-----------------------

===BEGIN CRASH DUMP===
eNrtXWtz2zbW/iscd2cnnbFsgnfmQ8euL7Eb29HaStLtspMBQVBCTBFaXmzL3f739wCkJIByLMlW
335JprXEI+ngOcC54QAE/9hJeTHG1Zc7WpSM5ztv7d2dio3pzlvkmb6DbM9BuzsZLquTouDFzts/
dqrpBD7eGcBLQ9vdGdOyxENBPSyG9ZjmlWEZE1yWNDEqbtyMWN5n5BY/0At6R7MomhT8jiW0iKJj
XOF+e/X2bYnvaD/DU1q8+dEY12VlxNTgqVGNqCHaNXBR4OmukddZZgzZHc13DYKzDNphuXH0Noo+
liBJFB0mY5azsipwxUUrtLyt+CSKbm6nP2ec3BpoD3m9iw8XgCWrhyyH36gQP3lRVBYEfrCE/RKz
fG8ymhg8NzKWUyO0oAtSQHTKMtEH/z8wnu5CAUygaZC0PPd1lvvAcb/LcH/Gb19lB6yEiKAWQi8K
TODtf3Z+MI1NOIsOexNaP75dWxF6PymKwOOvlFTGLa9GUfQe/jb0XePq48WF8SNA/AEZouEJdCit
oMPpfgNv/5JWI56cgJpUJw+U1DAIb5yngQiQvZ94/q+aVbMmFwyjiAomYpRE2zBI8lV8WXKXKKxv
oLimQ1ABWtDkQrzmIFNgAgiVffNVgLGMuPcTle/oDNbT4HeNl6G2u6jlb/blF94EwTdwLsvU+0kY
YvOzlyFxukhaBQAfZHdgtNzkb5uG30gWbpdFTqt7Xtzuj8mE7l/j2wsWn+eAOwVVfoN8r8O3aRE4
ZrykT4mR4XwYRYMC52WGK/CYRzyvoPeFPoKZs3z4Hwv9bsg2cpwZ4AbAtRpUOEqJ0DMAc8ILFWSB
bzMWS+Npvr9/I1/OcJ5k0AGh24HZShVFQiwYDF2u3k8j+cOTnOBJWQNOmrxpwaHwdwM5e5bj7SEr
3LOR4SHTcefK00CRdllxwkG3VC59LDDsgq+t6BDEMqVI/madboYgzaydRl7wb6rAMwGa5pqRDTZq
JAw37DGQl0AQa9oKnxijMuf8kTYOLqN0shgdZNmbNvbt7/4hNK8u6J8NEmRuBCXoKkrzVehe7Xtz
ca94xVJGpCK3sqMlX9oMzRsLuf6a3Etx/TGvWPYm4XWcUWORTOz5po+alqxvtITC0Om01HzS+6kC
t9dvsIMrb9jY32LjLnmvGZuywkWrV2jZ68i3l/D2jeXb3+Dw5QuBLquKmsy93c+4pEeQKZUXHCfC
HzzhPmrok7Lx1xd8OFS8hgOG+bLEYc7C9X9/bQrUdIn7TJfYZndsGhOG3vz9z90d+j1LfDZL3H5e
Bp3esPvC8jue3VHRsdBGwgrQvp3Zp0DpsobPCE9ERvf79+Tue3L3Pbn7ntx9T+6+J3ffk7vvyd0T
yd3uzlBEApyJ7C7HokS4s/hp77IP3GPopUUpccfeQ+6eSHvimmXJzlsUIHd3h5VfEnq38zbFWUkh
PWmd0c5bxwygESaSF3PNf8C7brF8ZmBK96VxNTA+n1/1nL51ZH9697F/dWV4e7YhIRihZ5rGm9lX
m/E2LBO09doybirQcVwkxknChNH8aBxeHnuOSKFGE2jB37P3LBsuH8FqpXjtNXz8hZcCw/nV1QAI
8uIeki6RYY0nEG6KL+ARC1wwWor+w8kIZC7o/teS5z34Tpu0mXtozzwIHCcwfc+0QzsIU9cNUjvE
iem6NsZx4CexnQbIQwIZJwUes7rcn4A7heS61/a+AID23D10gBLbsh0rDgiiMei8a5MgCHxie8DB
jx1iJdjzbSLkWChFzHJcTKVGt7CQdeB6XooDP7BCapo+TbAZJ6FH7TCllhmHsZl4doBsS2clAngM
6Hp3OGOJ0FeJzdyzDgLbQhjbhKTUsz1bcDCD1CRxaoEncV2SklAw7zAUdphJO5xhO/CJCQycECWI
0CANkZPS0EschB3bDkgYWPD1JE11ThkfSg4WdDp1w5gmsZs4cUzjEFue5/gkFh0FL1aKfWCRpHiJ
Q29SjQqKk3lHHYRxTCiMWRCbyAl8HAMjGAPsYd90Hd+yMDRher7OaoyrUYvGPQiI45EUh67tojQ2
Yyu2TR+0QPQvBFkHhbYTu25HnjyuWg7IPUgDHMDg+4nl0NgP09j3kzBwsWu5Tph4Qei6MfEw0lk0
sbsRxdoLD9zUwqZlmmHqBB7BThKaQWgFyHF9M8XIpnFCTD9IdC5N8Gg7xAaFDl0EX/cs6vouAmV0
PJ/aXujQMLahW0PftIO0y2SSSQ4OdGmamq4fgsJRB0HneW4Cww0m4vvIJWYa+L4F4toBcEg4ES6T
7oPTA4uu2FzlbMHIds0kNS0voCHkRiHAACWG3g5c4trUpLZtp5SKYR5PQdPicj+BgAc2OplKJsgU
I+yFsYVQGmIXFBilHjFB8xIL09T1EsERuWFAXeCSs1sG/nY06U1wUUqVvXMEF+vAA8tGMbURwpZt
UjM0/dRNUmpayPYdCwuhQYmpdDG46DEOSpKzlJZimEFpAUngWp5L08TGqR+DKWEntrBFbCeJU+L6
QZAkVohsW+GhOmgBg3hx7AWWm9A0AMvGtmVZ0KWBbftpQChOUei7KTYbTwfdK+fukLYUNM0gCLLW
hUmWljQmlJiIgJY5NPGs1HIxDhzsOz5ObDdxMfJCSFI9K36OJVBjEcqAKUQRwGl6IfYDFzreQSno
buqEqU3BoblOkBBECPUS8JbeElNRE+gVtBSz40YTHMDoYVDCOAiDEAROQgvGkQTgecD6CfGoS6wY
gwtqxS4nlIi5+GRESasIluh+8Dag0V5MfVAE0ObQ9cA5h6aHcWqC66FmEmAraZmAPu63rzMTc4ID
0GWHpOAjwzRNAi8E0yKgBtinGHuug4idYOJ53jKTHrzWOatmzJAHXQ/K5yUQa2PTtcOEYpeAF6Cg
kY6H0ziIEfhu5D/BTKQapOoVdUbLGUf3wLYd6CShFcinjme61ExD8E12YqcEnBGKE3CWcaOlEo3U
dlFagD/Q403NJ5SKASHMiX2AE9jQZeCZ0sSKiUP9OLSg87BtEmjNtzrMRN2kxyDHbm1ZKK57gIEX
DcCjpBZ4AhMEM1NCYs9PIU7GVpBaYJkwHB1mok5ySxs2wl2DPoKf9hMThsxzYzcIHRM8jW+lPiIh
JqZjQYjy/A6bij5U8Gc8EbOn1h7tAxRAePVN5FHPpK7l+D51HRciE/gFiLZ+TFyLJIHTZcbGEpHb
WCQoAkQwJwQXGVIr9SB40TBNQKtMywEL8CE42XEHUasIodRucEQwcJ6P/dB3iBN7BMwEzCVNwbEg
8E4IgrcjPVRJIW8DN5lDZGULL4Wkf3Eci/rEp14Agw8REOKsA+rpx54XwMDFlmNaBOKTzkeMfQtH
sPEP3NCyQUfA5MF9hyEKwVb91DMhtEESAFxdiJghjp9mA8YrnBbtZZzf1pN5Z4PFoNQUlg/ORgQ4
CEZemiDocgAHAUpogt0VEjIyPFMkRyqSj4M0tU3PEVHNB6shCEM6AnpqYZE6IEpcCFvmEp+MPrBq
OnfGMQ6IyKdM6JE0JhCrE9OOXc+BYG87Jii3nyIqs5AFn4QBoUFiQ5wjoRNiCAjgTSAJoliishNA
5caBRR1iW2aodzfN71jB8zaHdGXItYMAxpwmCII2Bg8FjYMaeSGFiZMFSRUGJqaJic7oYcKLihZz
OEkQEkiefA9B/hi7ApftYi+GcI0pBFIQKjAhGmtchhmPcQbepLELV3YNeDM/hHQKhHP8IIYcyIJ+
wQS8G9hFAmpKIIsgvsZJ1DjLHk97TZ2yVUnPRU4sjBu8LLgzx0tdy0wgTUqQjx3XslPsQmB2NFbN
fK1HcwgK6uBDl8PvhcuFwQogOXMdyweHjFzhJSH7sn3TgoQZP8muDVeSW6OSSQh+JLZjZGESI18Y
CYKYGkC+YJPQTCzTsUncUcmCklrGZBA0F35lDo4mkLyC/3ZdSLsQ5HxwFWPHQjEkx0kCCQSoCE39
DruS1wWhPT4RsrbTAVsyNFPHEQhsjCDmQfQyIQBCfLdjYiYiNkPCgEIcaAzbYr4FGZR5IHrXsn0f
ElzLDiFNjUPQdvC02EcxhgwvtUDBzFDjsJxzEGRaoEwIhyYC20IwAChwbI/4nkMd304h8Qmkek7H
Kc+nMGXNphAHsh5p4dyB8w7EDIfYkM+BGng0hVwUYqfI5oQDBg8MeXbgJF7sSH2oRrSkFDICCAA5
e2z9nAhMPqi1TWwbQzyBvBKmYA6kKOAMwAIhksPsC2zPtUReeE/jMX/ERbUv1i6KxsmF0vxT4oUE
09hJnJDYwmOD1puQOIO92D5MROIYpnR6mrt42xtP5rPmg8THHvh9mAWFqWVDEp/CjMYFlwKDD3MR
yMnFRCBGO3/OVwDk1PIzL7KkVCbpLWF3Rx8DkU3guhrxohRl/7Iu7nBbrxKTfTxhgiy+aYprmuM4
ozDtrYoaZu0JncAkuGzWDkqeVscqYYzlgoPkGUX3EkAUzYGIuZuoHny4GXz+cH1x3PRpyaS7GFXV
pHy739bXyz3JZG9WEPyhYbYDMh/WFf+1rwjaElRBpcPQBf0FpqKXx9sSseEWRU3bTfFnXQmHrBrV
8R7Ekf2GzX4rAQj3flTnwwueDxX5FrSuiKYu4sOvV4zQfw+2JeQxy/l6ognolzy+qURxt1CwK0QV
vJiq2jr4j/ltzu/zDwXV4IOhvxT+giMIMcfx4rFSAAppwW6vwalUqrBzmm50VnegTnG2NWNLgRcr
bsHOhCspRPMgooJk5cC9h3nueX4n50xTVe80ekf3dIHejzh+hwHAsF/wbUmmMY0iDc76anlzeKTI
JK70wfG6HvEYF7ef8d3WjKhhF0XQtPyzAH0zOLwefOwvQX7H0upIZj5z3HOSCt7SgfcH73vvGc37
IzzeFnrgGUWzxtfv9J/r6Wmm6lJL0H1Ax0N/5jw7GuE8p5lthe62RGia/ni+PnrhjkHTOiFGUHT8
IIG5HGSuOC+SUc3KbQnwFZjmM6ZRBM1xmMo2sacBtVKia5qUFc/pEStIzVSf1f1E06/lEFPRhJue
5WuyeS+XrWib7w7Ot0xD5hLgDiqxx6GT68zIuggQQnQRcMZqUMUtDU7DrU12Jg2CdYR5IsBc1qxI
Gc0SNTWc7cmoCipKxWJ5fl+TFjoFlOCowOXolD0ofaJSl/RW6xK1K5Dz8r4Y1/8F6aIItJOIllP2
EEXNwtl6SiqQn1d0XGoKuqDqMajrPiAlf6wZsuxtje2Co9gbMYfx4gxiwW9flQpE/4RzmOHgk7xi
1fTwXBG/+8lSCtjD2WSEXb0vvuKS5/fTPEfm6zpjp18XVDbOaPnrjuqU5i1EUQek2F8wh7vCoD/k
YrI/kLcezIVWiLq8nZzxN+E9cIG8bY34nGEULTC8eLzn3PYVgURKkuHJREuTZxRdWq+r4l/5V059
8U8TGNmvmKs1Lb9YxgWk/ZkQQsIKs+KGYtVHL2i6lO5eR3lveYET7tpo3BHzFa5J4QlJ2AyJ8na9
rIZl4MsGkKeUWm6jkHXZIIL2YlrhTqZ29EjJqH95TO/EDz6xB3Z79Nu2dJgI5pNxAsyjKG6wVQJb
FHWQbjrWCux9jZXoG7FksxyYNfKK6avIlH+ePmj9YEsTEK+ijOO8Kg9UoEBX6MBWTyOYqPp+xsVE
VekFUZXNWa4+nLaztFd641NIAOQ+tVQ6i5uM3yuXJ2VJxbpnVvZPdp6aIZYS7z3gBc1Xsa+e3OOH
k5xAcl6pmq9Su4rf6YBfac4nI5YxsrXUS2Ep3NccinaxlnA3E3yfa4K1FD2V7FjxyR3PbgDbtuRp
GwX489bXSCDv7+/3KCARXPeqWyHPFT9MAHfFSjF3PlHk6n6yomb2CbM7+uhtLbzO+EVRB0iHsM6g
XYFEA6zWyWYUTShdoMvBvSiXdsV5pWeBPFdE0PUz3feQLV3TIc3Vasuc1slyu27yCjJrnItNrWWn
1OfIrwpn2bxa7StqX18xT1MajaL31+L/dQSFUNGNlnNSR0y7K+dik5kxoNuraMzaF5vn7jqRcM2J
2gLZ/pyHNDvw8tkxHsuFb8XmFPKzVbRjsfFbrN1c0RiZaIsSq2yFrS0QbVAVSZIrWo1oAaTeGSu4
HBWlRvLk5yvqCZcQsABF+ZRNyhWjJ22z3UK4lvQzJCD2DN1hMebFBoJDTB1cDVRRW8qz5azDBI+R
Z4bbGsa20XUrJaI6pBcEZpRn/OMV57GC11JG4sW4c+DZFKuaxlf29wnhOR9PD/vqPFghqvjdPb8b
lnlOY/h/W93esosi2iAAnjC/VdGskTxNzoWtneRDefOOkj9pH3Qdv93NIdmQFjf/vtmWaHOGQqdU
JN3rtRJksa/1rE7U9HhGWuEE/pqluVnrm1WtNYtpCSvmLWf1+N+Y/YIhb9FF8F5Tsha1s3WBD0QT
NxPO1YRCIXbLf37v8KJ/dtiZlIotIA8yKVST9d2dsynEjtMMF/TyaGt1By15X0BV36/2cZe40Fas
musVw/WuoDT/BX/lW0vcFxzFkBWbrE4Jt3hDs6zjpiXpGT89GdU8H+LHzlKp9VIJZvwaPy1aX1+E
96z6eK4lsuK6U7fr1njOc5iy5nXZTXNeUeJRWEJ6KkCsL8O/6inNP7GJJohC7ExuO0GTDUfVzxm4
neNL3T5evnb96bwvahSSZxTNQKyU4zPFE67NZGeUTmwBL0w6mwd+prisLsUa45bMYsExiloY8zfr
CHOEyeiyxhc4V4OKSn1+WPRc5lXDkUFrUdRkMuMaZ03jKyWg84LMQN2wopG7dRPrm0szrxgKtUXI
ZPT2V+cvNK81y2gJnbBuvL+BGEI7OwNgxsiyd5efrra2KoOLSbmJcR+NwLf9XKulgjlpRawoRyxH
yHa2hf2m5RdFCoLVqZUeIJaDgyi3mR3NgbmVXI4TUN9jVtSlqK/eUNrsxflGztXm+k1+gJ6PJ2pO
/pzMAPdM2s/aWzbam9lUmWekZ4LiFjeh6NONdr4Ps4CpUla9nPYzGfHl6+pkpc8h2aHaXXSSoFWO
dYlycaPSllRP8Iqips31h6LPWV7pM7E5qZvVh3/pPCzh4o63103EPtEbrq6tikttN1BnBj9+d7m1
2TvwiqJ/DdB6KVU+/JAORvSMaZav07s7O2dWqwsxkFUPmuwa7DeKORgI2P+WhFoc37CuPp3yYqyr
04zy7Nr+NxY+X7OpZs4xiloI8zfrCCKW7o8LPhnIXduLTRcqeUVwOczow3n1qK1eI63i8sq6tAAj
gKxv7jK2qtmjvP4b4/z60K+4lmPJy+4A+J2dQPeP+H5rG4EEM5EjVpMXL6Y3gGTdfFBfnmpVc0lY
MvnOFP7iUCzOGod5YtxsOXVpecu9pUxM1NcOIWw4nB7VZcXHTywhPvWpPmzO8gZN+NG7Wl9HtF6z
Q7PhJ874WQKzQRFmRPkxZ2oFpqUs7Qno1I94VY54dXZs/NMQ2yyvaWKZaGt1YzJOxG25cpPH0Ti5
ad6vlffX+AiCvZ76z2m6Lnbm93Lq2r88rYvpkznmK4YLEPxGuDivBvp2wOgGqnhUY8hEh5pAC9oK
45rVSIz/GWJOmxjx1LjA4yY57Li9cIV4StRT0ik96XzCMNaq4MwFWr9ffsFMTTPkZbeA0+mNEZ+y
fIycMenMsV88rguOUfQVEERRi2Odui2hH89PTvXSbUvTi5/OWncdvMLc1LsOWhAb3EMhtvBnnHfv
Kmhoq/bPMFCWB0b+WwFkfVCcl98CsuAZRdUGZcGbEcz7postKepkrvtRV7BOJaf5vn/vGzCNNMC1
PFJwrRCNtjct1wFtUvwkt7dahi6un81lL4/6J5+ueoOTw61NLhqWourZtL56cJqtete8krcJLu9E
nH+yYlvP9hPzDoANFI49tqfLaTu05sSuktl/RaFNtnfRHIe2eL+WE8P5LUzvvtzxPC20hfXuJ+uv
375KlCtZ7RSNrz8GHwqANcDlrWruCnGFBzvK2NbuixK8oki2/YK7hg5reRjFGa9Lqq3NKOSuadhd
rwWZQeg+bLMSpe7pV/bwti2Je0MkvpHAJ9ZyNLTrFXv6vCajbrmnIa5aB2VVzTJ8Vm9th9+i7U1U
kL6TB1ZVvNCUUCGvWI++Y3csGdMxL7Ymidp8FLVv6ZrV62Oq5+Bz0t+Vgs8AyDL28SYZOCjwDaX6
XSqCsEK1ZO33jBfskedbu69KYxpFDZJNtvGJHTlXtX7D64K2Qsm2vww9b3qDubkMjZ9wnemTcpX8
/L2sW8I+u3WoOUr0TrY8O7lzjmONnJNPtFvDW8IK7WpT9q3tS+6vPwDt1E4z7wXtb5y6zEGsL0sJ
DYrjhReSzCjP75Mbv7vsQXNPrTzvtpbziuW2KCrj2bHH61Q8jnE+OmO01msec+rf6HKPAEPrc8Xb
Day8LmifFtptdQtat9rWmXx5zumpaRr/NPoFF2efnOcpy8XhN1tSui9NA2DsM0TK2xfUUOVvZwdZ
z/kIb50xrPZAc72iNvduhMvK2GZaLZttxk4eLLqeX+uc4K16uKXDvRcCeU+vaG9zNXv5zOp1BBIx
dunAEoX47AR6myIs2ly/aC/0jUzu8r2KT6R5nRzxLGPa/foL2jOztRI/4LsMP5jb2+utsIRgSkkD
Yt09w+IOiiNeFO3RRtqdFQv6UjT9Qd5lZqKOeP2TSzy55EmyvQVHhWUUaag6l5tsM9CCr0L8e5a9
FgA220V4lFFcXODhsLOVcEHXQ9fS3QeDe3Hoe7ItOaqGXXNeAREgMgDRbDBUMW3q31uYh+U0q8eX
R/s6P3F6xlEfHKta05pRnvUq582podl0gLd9fxCbsa5wFKUEEwATRadHhy2qdTwO/GxC9+5yISFr
71vUbFQhdge6I+nF8a9bc5/Hv0bRouUXL3wCn54oYu4rUrQHoZDlg1BI9yCU5Zx+yyM4wPmAi0Hb
/CgUoZ9PHRak0/UM2e7k+lubICYFxeXZu/eNGc6b32QFTSxIHWa00CaMGln3m+ivvWlSbVmsfWk4
Xnb75PHJJ1boVfE5qZsuuvOdcvpaIR8O5WEqNx9Ou7OaF29CbZhG0Z2EEkUJnb1T4K2I8Dcng0/n
2gy5IXTOTHlqxcL4K1Ysbmj1iU3WLbbcTPQ7zmakZw+J+As2NseC41i6AXHQdAkYxiIjmQEaq/Wj
bw7FiOv7zVvC82e1PBuntrBbswQQNRNPNuJr7jl/YsL8jdny8pI6BofEt5bMt+yiaMCqKqOHx9cb
FGLEYayLEow8q/WbJ211NgZu5TY5aBJSdsEZbXZr4hnWdsrOSSuKXpPxeLI1a8bl4YRNGgMQJcgN
7rnC+e0VhPyys+DV0Lo11O4GzXlA0yTxt2MKaricQ1LerlVQmooTm6ZHstqvVJRUsipkuJyutTu1
d5/e9xS+/kY5FcxrT7LUBGtLT0cj7RyYOalbeOrOH5vC0GZOblHxeerwDLkcVord4eIetzvG67J/
0pvRd75RlBJgF++2UJKSbMSBV6BJws/eiE5TA1vngxWW/Phb//rDu8PLk+vfHh3LNv5nRLVpYp+e
8sJgZVnT0iioOOFZbFlqPrM+McDL8qHxjlVnLc4Oo817vu0fZXOTUsh7YsvTM8qpd8G6/uRP9YTd
velYPEhCnkcsHviyJ47xF0dMyFPuxWG8uID+Bn1tm6YPFc3bp6j8sSMn+8rTX2LSPqljTiE4o+LJ
MRqNj78kvMpFrq9Q26OLF4S6yNTrpDkze36dsqw5j3tOGY61Z9GMcKlhYeDS7lSCeMKM1Bdf6ss4
bh4opH6lbB98o9ImRJf6ev5gBu2XspNLnZSweqxSbvoX6uV4Wv43kw/Qad8Z8oRwqwd5rNETT+Nx
Tcf04e0/zpO3hk8I/Bd61PPd1Et8i7okNVPL81MnoMjziXicCqj7P8T5zsq5zvMGp1iOv9WWOh7Z
pJn3u3J29dg87mT+bbh8GOtjwoU4lmnaCFni5ob+8QetqxL+RYrSJQKJ6cMJepeXpfbF5vydXy+1
PuoggEvxhBldLCDei1MMNKLyLBqxzIDEk5YA8EhXzoVtfCGjOr9Vn/MjuogNm+f/tHUD0U1J2c50
RAfI1Zwknj1rRuhxMZ1UvJ20CsIwWRpzpqmJ7BtbJc1PQR/WjTLO4PwG1mV86BNMRkpv/vnn/wE/
CKpr
===END CRASH DUMP===
