PocketMine-MP Crash Dump Tue Nov 17 18:47:59 +07 2020

Error: Argument 2 passed to ShinPickaxeLevel\provider\DataProvider::savePlayer() must be of the type array, null given, called in C:\Users\Administrator\Desktop\SkyBlock 1.16\plugins\PickaxeLevelV6\src\ShinPickaxeLevel\Main.php on line 92
File: plugins/PickaxeLevelV6/src/ShinPickaxeLevel/provider/DataProvider
Line: 33
Type: TypeError

THIS CRASH WAS CAUSED BY A PLUGIN
BAD PLUGIN: ShinPickaxeLevel v6.0.0

Code:

Backtrace:
#0 plugins/PickaxeLevelV6/src/ShinPickaxeLevel/Main(92): ShinPickaxeLevel\provider\DataProvider->savePlayer(object koth\KothPlayer, NULL )
#1 src/pocketmine/plugin/MethodEventExecutor(42): ShinPickaxeLevel\Main->onQuit(object pocketmine\event\player\PlayerQuitEvent)
#2 src/pocketmine/plugin/RegisteredListener(80): pocketmine\plugin\MethodEventExecutor->execute(object ShinPickaxeLevel\Main, object pocketmine\event\player\PlayerQuitEvent)
#3 src/pocketmine/event/Event(88): pocketmine\plugin\RegisteredListener->callEvent(object pocketmine\event\player\PlayerQuitEvent)
#4 src/pocketmine/Player(3643): pocketmine\event\Event->call()
#5 src/pocketmine/network/mcpe/RakLibInterface(176): pocketmine\Player->close(object pocketmine\lang\TranslationContainer, string[21] Internal server error)
#6 vendor/pocketmine/raklib/src/server/ServerHandler(95): pocketmine\network\mcpe\RakLibInterface->handleEncapsulated(string[20] 171.248.86.159 36647, object raklib\protocol\EncapsulatedPacket, integer 0)
#7 src/pocketmine/network/mcpe/RakLibInterface(109): raklib\server\ServerHandler->handlePacket()
#8 src/pocketmine/network/mcpe/RakLibInterface(99): pocketmine\network\mcpe\RakLibInterface->process()
#9 vendor/pocketmine/snooze/src/SleeperHandler(123): pocketmine\network\mcpe\RakLibInterface->pocketmine\network\mcpe\{closure}()
#10 vendor/pocketmine/snooze/src/SleeperHandler(85): pocketmine\snooze\SleeperHandler->processNotifications()
#11 src/pocketmine/Server(2157): pocketmine\snooze\SleeperHandler->sleepUntil(double 1605613675.2674)
#12 src/pocketmine/Server(1994): pocketmine\Server->tickProcessor()
#13 src/pocketmine/Server(1588): pocketmine\Server->start()
#14 src/pocketmine/PocketMine(273): pocketmine\Server->__construct(object BaseClassLoader, object pocketmine\utils\MainLogger, string[45] C:\Users\Administrator\Desktop\SkyBlock 1.16\, string[53] C:\Users\Administrator\Desktop\SkyBlock 1.16\plugins\)
#15 src/pocketmine/PocketMine(304): pocketmine\server()

PocketMine-MP version: 3.15.2 [Protocol 408]
Git commit: 0000000000000000000000000000000000000000
uname -a: Windows NT WIN-4A4JKK157BG 6.3 build 9600 (Windows Server 2012 R2 Standard Edition) AMD64
PHP Version: 7.3.23
Zend version: 3.3.23
OS : WINNT, win
Composer libraries: 
- adhocore/json-comment 0.1.0@8448076039389f558f39ad0553aab87db3f81614
- ocramius/package-versions 1.5.1@1d32342b8c1eb27353c8887c366147b4c2da673c
- pocketmine/binaryutils 0.1.12@566fa87829e007eda0bd96e39fe20b9b0d638132
- pocketmine/callback-validator 1.0.2@8321aa3ccfe63639b0d08f0cbf270755cfc99fe2
- pocketmine/classloader 0.1.1@7c0363491d1ce8f914fe96d41a4338c982adedff
- pocketmine/log 0.2.0@e59bedb5d4bbeb9a26647cb7c367cb2fa72addfa
- pocketmine/log-pthreads 0.1.1@9bbcef398b01487ab47c234a6a7054722abbe067
- pocketmine/math 0.2.5@8c46cfa95351fb0b2b30739a381310941934b55f
- pocketmine/nbt 0.2.15@f8a81d37d24eb79fb77d985a52549d68955bc6a1
- pocketmine/raklib 0.12.9@5f2a02009f486ca4d90892814570fa13ebdc078d
- pocketmine/snooze 0.1.3@849510fa62e57512b8467e3694e9b3add97038fd
- pocketmine/spl 0.4.1@ff0579a0be41bbe65d3637607715c0f87728a838
- doctrine/instantiator 1.3.1@f350df0268e904597e3bd9c4685c53e0e333feea
- myclabs/deep-copy 1.10.1@969b211f9a51aa1f6c01d1d2aef56d3bd91598e5
- nikic/php-parser v4.10.2@658f1be311a230e0907f5dfe0213742aff0596de
- phar-io/manifest 2.0.1@85265efd3af7ba3ca4b2a2c34dbfc5788dd29133
- phar-io/version 3.0.2@c6bb6825def89e0a32220f88337f8ceaf1975fa0
- phpdocumentor/reflection-common 2.2.0@1d01c49d4ed62f25aa84a747ad35d5a16924662b
- phpdocumentor/reflection-docblock 5.2.2@069a785b2141f5bcf49f3e353548dc1cce6df556
- phpdocumentor/type-resolver 1.4.0@6a467b8989322d92aa1c8bf2bebcc6e5c2ba55c0
- phpspec/prophecy 1.12.1@8ce87516be71aae9b956f81906aaf0338e0d8a2d
- phpstan/phpstan 0.12.48@d364cfbac9ffd869570cdfea7eaa6541c3dac666
- phpstan/phpstan-phpunit 0.12.16@1dd916d181b0539dea5cd37e91546afb8b107e17
- phpstan/phpstan-strict-rules 0.12.5@334898a32217e4605e0f9cfa3d3fc3101bda26be
- phpunit/php-code-coverage 9.2.0@53a4b737e83be724efd2bc4e7b929b9a30c48972
- phpunit/php-file-iterator 3.0.5@aa4be8575f26070b100fccb67faabb28f21f66f8
- phpunit/php-invoker 3.1.1@5a10147d0aaf65b58940a0b72f71c9ac0423cc67
- phpunit/php-text-template 2.0.3@18c887016e60e52477e54534956d7b47bc52cd84
- phpunit/php-timer 5.0.2@c9ff14f493699e2f6adee9fd06a0245b276643b7
- phpunit/phpunit 9.4.0@ef533467a7974c4b6c354f3eff42a115910bd4e5
- sebastian/cli-parser 1.0.1@442e7c7e687e42adc03470c7b668bc4b2402c0b2
- sebastian/code-unit 1.0.7@59236be62b1bb9919e6d7f60b0b832dc05cef9ab
- sebastian/code-unit-reverse-lookup 2.0.3@ac91f01ccec49fb77bdc6fd1e548bc70f7faa3e5
- sebastian/comparator 4.0.5@7a8ff306445707539c1a6397372a982a1ec55120
- sebastian/complexity 2.0.1@ba8cc2da0c0bfbc813d03b56406734030c7f1eff
- sebastian/diff 4.0.3@ffc949a1a2aae270ea064453d7535b82e4c32092
- sebastian/environment 5.1.3@388b6ced16caa751030f6a69e588299fa09200ac
- sebastian/exporter 4.0.3@d89cc98761b8cb5a1a235a6b703ae50d34080e65
- sebastian/global-state 5.0.1@ea779cb749a478b22a2564ac41cd7bda79c78dc7
- sebastian/lines-of-code 1.0.1@6514b8f21906b8b46f520d1fbd17a4523fa59a54
- sebastian/object-enumerator 4.0.3@f6f5957013d84725427d361507e13513702888a4
- sebastian/object-reflector 2.0.3@d9d0ab3b12acb1768bc1e0a89b23c90d2043cbe5
- sebastian/recursion-context 4.0.3@ed8c9cd355089134bc9cba421b5cfdd58f0eaef7
- sebastian/resource-operations 3.0.3@0f4443cb3a1d92ce809899753bc0d5d5a8dd19a8
- sebastian/type 2.3.0@fa592377f3923946cb90bf1f6a71ba2e5f229909
- sebastian/version 3.0.2@c6c1022351a901512170118436c764e473f6de8c
- symfony/polyfill-ctype v1.18.1@1c302646f6efc070cd46856e600e5e0684d6b454
- theseer/tokenizer 1.2.0@75a63c33a8577608444246075ea0af0d052e452a
- webmozart/assert 1.9.1@bafc69caeb4d49c39fd0779086c03a3738cbb389
- pocketmine/pocketmine-mp 3.15.2@d7a66ad7559f23d24ffe95813421a720203109b1

Loaded plugins:
NameTag 1 by MTwins for API(s) 3.0.0, 4.0.0
BlockProtect 1.0.0 by DarkByx for API(s) 3.3.1, 3.3.4, 4.0.0
Slapper 1.6.1 by jojoe77777 for API(s) 3.13.0
KhungLong 1.0.0 by xXNiceYT for API(s) 3.0.0
Worlds 3.0.6 by survanetwork for API(s) 3.0.0
SimpleWarp 4.0.1 by Falkirks for API(s) 3.0.0
BuilderTools 1.2.0-beta2 by CzechPMDevs, VixikCZ for API(s) 3.0.0
InvCrashFix 0.0.1 by  for API(s) 3.14.0
DevTools 1.13.0 by PocketMine Team for API(s) 3.0.0
KeepInventory 1.0 by KhoaGamingPro for API(s) 3.0.0
StairSeat 1.5.5 by korado531m7 for API(s) 3.14.0
RedstoneCircuit 2.0.0 by tedo0627 for API(s) 3.6.0
NoAdvertisingPE 1.0.1 by Vaivez66 for API(s) 3.0.0
MineReset 3.2.0 by Falk for API(s) 3.0.0
MSpawns 2.2 by EvolSoft for API(s) 3.0.0
NoFallDamage 1.0 by DeveloperNeb101 for API(s) 3.0.0
AutoXP 1.0.1 by JackMD for API(s) 3.0.0
WorldProtect 2.3.8 by aliuly for API(s) 3.0.0
MenuUI 2.0 KSCore by KaysilGMVN for API(s) 3.0.0
NoTP 1.0.7 by awzaw for API(s) 3.0.0
Weapons 1.12.0c by xBeastMode for API(s) 3.0.0
AntiSpam 1.3 by xBeastMode for API(s) 3.0.0
AutoInv 1.0.0 by Nope for API(s) 3.0.0
NameCorrector 1.0.0#build011 by PEMapModder for API(s) 3.0.0
Eternity 1 by minefore and shin1134 for API(s) 3.9.0
PECollide 1 by saxavlax001 for API(s) 3.0.0
TableSpoon 0.0.7-ALPHA by CortexPE, Xenophilicy, HyperFlareMC for API(s) 3.13.0
SETVIP 2.3 by MCPEVN TEAM for API(s) 3.0.0
Warps 2.0 KSCore by KaysilGMVN for API(s) 3.0.0
DEVirion 1.2.5-ALPHA12 by poggit, SOFe for API(s) 3.0.1
AutoFix 1 by Noob for API(s) 2.0.0, 3.0.0
OrionTasks 1.0.0 by Clik for API(s) 3.0.0
ScoreHud 2.0.0 by JackMD for API(s) 3.0.0
PurePerms 1.4.2 by 64FF00 & ProjectInfinity for API(s) 3.0.0
EnchantUI 0.4 by UnknownOre for API(s) 3.0.0
DanhHieu 3.0.0 by padreon for API(s) 3.0.0
GCPClan 1.1 by InstantlyTa for API(s) 3.0.0, 4.0.0
ChoDenUI 3.5 by BlackPMFury for API(s) 3.0.0, 3.2.0
MuaDanhHieu 3.5 by BlackPMFury for API(s) 3.0.0, 3.2.0
Eff 2 by AmGM for API(s) 2.0.0, 3.0.0
Banking_vonfram 1 by Noob for API(s) 3.0.0
DeTuMF 3.0.0 by CLADevs And Shin1134 for API(s) 3.0.0
Alias 1.2.0 by Ghast Noob for API(s) 3.0.0
EconomyAPI 5.7.2 by onebone for API(s) 3.0.0
SkyBlockUI 2.0 KSCore by KaysilGMVN for API(s) 3.0.0
Kickk 1.1 by MCPEVN-TEAM for API(s) 3.0.0
DOLNapTheUI 1.0.87 by Shin1134 for API(s) 3.0.0
ShellyEssentials 1.0.2 by Shelly7w7 and BlazeTheDev for API(s) 3.0.0
MapImageEngine 1.1.3 by FaigerSYS for API(s) 3.0.0
Minerloot 1.0.0 by Distoxicqted for API(s) 3.1.4
Sell 2 by Muqsit for API(s) 3.0.0
1vs1 1.0.1 by VixikHD for API(s) 3.0.0, 4.0.0
MuaCoinUI 3.5 by BlackPMFury for API(s) 3.0.0, 3.2.0
SlapperRotation 1.2.1 by jojoe77777 for API(s) 3.0.0
LoadWorlds 1.1 by shin for API(s) 3.0.0
BuyFix 1.0.0 by HumYaiJang for API(s) 3.0.6
SizePlayer 1.0.3 by  for API(s) 3.0.0
AutoClearLagg 3.1.0 by Twisted for API(s) 3.0.0
BuyceUIEF 0.4 by UnknownOre for API(s) 3.0.0
MysteryCrate 9.1.1 by JackMD, DaPigGuy for API(s) 3.9.0
KingOfTheHill 3.0.0-ALPHA1 by Tethered, iZeaoGamer for API(s) 3.0.0
ItemDropText 1.0.0 by AlexItz16 for API(s) 1.0.0, 3.0.0, 4.0.0
ShopUI 0.0.1 by InstantlyTa for API(s) 3.0.0
sblevel 0.1 by AmGM-Encode for API(s) 3.0.0, 2.0.0
PointAPI 2.0.9 by onebone for API(s) 3.0.0
QuyenVipUI 1.2 by NightBlackDM for API(s) 3.1.1
ChongBug 1.0.0 by shin1134 for API(s) 3.0.0
FormAPI 1.1 by jojoe77777 for API(s) 3.0.0
AntiTNT 0.1 by Adam1609 for API(s) 3.0.0
KitUI 1.3.5 by Infernus101 for API(s) 3.4.0
CachMuaLand 1.2 by Noob for API(s) 3.1.1
PlayerVaults 3.2.0 by  for API(s) 3.0.0
PiggyCustomEnchants 1.4.6 by DaPigGuy for API(s) 3.2.0
essentialsTP 1.2.2 by  for API(s) 3.0.0
OreGenerator 2.0.0 by vividmemory for API(s) 3.0.0
SkyBlock 1 by KhoaGamingPro for API(s) 3.0.0
CustomAlerts 2.1 by EvolSoft for API(s) 3.0.0
ShinPickaxeLevel 6.0.0 by shin for API(s) 3.0.0
TheoDoi 1.2.0 by HotshotHD & CodeRed2019 for API(s) 3.0.0
InvSee 1.0.0 by BlockHorizons for API(s) 3.0.0
iProtector 3.1.1 by LDX for API(s) 3.0.0
PureChat 1.4.11 by 64FF00 for API(s) 3.0.0
RankShopSystem 1.0.0 by zZPROGAMERZz423 | §eFor issues report by §2Visiting GitHub.com/zZPROGAMERZz423 for API(s) 3.0.0
AuctionHouse 1.2.3 by Shock95x for API(s) 3.0.0

----------------------REPORT THE DATA BELOW THIS LINE-----------------------

===BEGIN CRASH DUMP===
eNrtXO1z2zbS/1c47s1NOmNJBN+ZDx07spP4Yju6WHF7OXYyIABKqClSR1Ky5T79358FSEkA5Viy
rUy/JNNa5Ipa/BZY7BtA/HmQ5MUEV1/nrCh5nh28tg8PKj5hB6+RZ7oesj0/PDxIcVmdFkVeHLz+
86BaTOHrgyF81LTDgwkrSzwS1ONiNJuwrDIsY4rLklGjyo2rMc8GnNzgO3bO5iyNommRzzllRRSd
4AoPmrvXr0s8Z4MUL1jx6mdjMisrI2ZGnhjVmBmiXQMXBV4cGtksTY0Rn7Ps0CA4TaEdnhn911H0
uQRJouiYTnjGy6rAVS5aYeVNlU+j6Opm8SbNyY2BusgDHOlsxDN4XoV3DV+UBYGHN3BfYJ51p+Op
kWdGyjNmhBaInwCatzwV8n9/CA93nQAlkNQoGp49nWUPOPbaDHtLfj2VHbAS4oE6CH0oMIHL/x78
ZBpP4Sw661Vo/fx6ZwXo/KIoQB7/wUhl3OTVOIo+wN+afmhcfj4/N34GiD8hQzQ8hc5kFXQ269Xw
ehesGuf0FNSjOr1jZAYD8Mp5GIgA2fklz/4949WyyTXDKGKCiRgl0TYMkvwUD0vuEoX1DRSf2AiG
nxWMnovPDGQKTAChsq8fBRibiDu/MHnFlrAeBn9oPA+13UYtf9OTD7wKgm/g3JSp84uYgPXPnofE
aSNpFMD2HLsFo+Emf1s3/EqycNssMlbd5sVNb0KmrPcJ35zz+CwD3Amo8ivkey2+dYvAMc1L9pAY
Kc5GUTQscFamuAJL2c+zCnpf6CNMcZ6N/muh3w3ZRoZTA0wAmFSDCQMpEXoGYKZ5oYIs8E3KYzl5
6ud7V/LjPc5oCh0Qui2YjVRRJMSCwdDl6vwylj88zQieljPAyeirJTjzdwP5qGs5QTfwusgNDdvz
HH+lPTUWOTGrnOSgXCqbARYgDsHIVmwEcplSJv9pvW6GIM6ynVpgMHCqxEsJ6ubqoQ2e1EgYPrHL
QF4C3qtuK3xgkMosz+9ZbeFSxqbr4UGW/dTGvv3sn0L1ZgX7q0aCzCdBCdqaUj8K3as9txL3Mq94
wonU5EZ2tGFM66F5ZSHX35F7Ke4/ZxVPX9F8FqfMWEURbtfyfKduyfpGSygMnVZL9TedXyqwe4Ma
O9jymo39LTbuhvlasikrXDR6hTbNjry8gMtXlm9/g8PXrwS6rCpmZGXu3uCS9SFEKs9zTIVBeMB+
zKBPytpgn+ejkWI2HPf3ZwQuq5+79u8viXvqrnAf6QrbbI9JPXWhF3//6/CA/QgLvxkW7j8Ygw6v
2X3l2TxP50x0KrRBeQEad7D8Fiht1vAdyakI437/EdH9iOh+RHQ/IrofEd2PiO5HRPcjolMjusOD
kXABOBUhXYZFIfBg/dPOxQC4x9A764LhgQ22pyvinXjGU3rwGgXIPTzg5VfK5gevE5yWDOKSxggd
vHbMABrhImoxd/wHvGcNll85TKHb0rgcGr+eXXacY+dfHz6AOr95Z3hd25AQjNAzTePV8tF6nA3L
BC39ZBlXFeg2LqhxSrmYLD8bxxcnniNip/EUWvC7dtey4fYeZqsUr7mHr7/mpcBwdnk5BIK8uYVo
S4RWkyn4meIrWMICF5yVov8wHYPMBev9UeZZB55pojWzi7rmUeA4gel7ph3aQZi4bpDYIaam69oY
x4FPYzsJkIcEspwUeMJnZW8KZhQi6k7T+wIA6rpddISobdmOFQcEsRh03bVJEAQ+AZeAHD92iEWx
59tEyLFWiphnuFhITW5gIevI9bwEB35ghcw0fUaxGdPQY3aYMMuMw9iknh0g29JZCc8dA7rOHKec
Cl2V2MyudRTYFsLYJiRhnu3ZgoMZJCaJE8s3fdclCQkF8xZDMf9SOf+W2I58YgIDJ0QUERYkIXIS
FnrUQdix7YCEgQWP0yTROaX5SHKwoNOZG8aMxi514pjFIbaEyySx6Cj4sBLsAwua4A0OnWk1Lhim
q446CuOYMBizIDaRE/g4BkYwBtjDvuk6vmVhaML0fJ3VBFfjBo17FBDHIwkOXdtFSWzGVmybPmiB
6F9wrg4KbSd23ZY8WVw1HJB7lAQ4gMH3qeWw2A+T2PdpGLjYtVwnpF4Qum5MPIx0FrXPrkWxuuGR
m1jYtEwzTJzAI9ihoRmEVoAc1zcTjGwWU2L6AdW51E6j6RAbFDp0ETzuWcz1XQTK6Hg+s73QYWFs
Q7eGvmkHSZvJNJUcHOjSJDFdPwSFYw6CzvNcCsMNU8T3kUvMJPB9C8S1A+BAcyLMJeuB0YMZXfGV
ytmCke2aNDEtL2Ch6bghwAAlht4OXOLazGS2bSeMiWGeLEDT4rJHwdHBHJ0uJBNkihH2wthCKAmx
CwqMEo+YoHnUwixxPSo4QtQVMBe4ZPyGg70dTztTXJRSZeeO4GIdeTCzUcxshLBlm8wMTT9xacJM
C9m+Y2EhNCgxkyYGFx2eg5JkPGGlGGZQWkASuJbnsoTaOPFjmErYiS1sEduhcUJcPwgotUJk2woP
1UALGMSLYy+wXMqSAGY2ti3Lgi4NbNtPAsJwgkLfTbBZWzroXpmwQ7hSsCQF58cbEyZZWnIyIWoi
AlrmMOpZieViHDjYd3xMbZe6GHmh5XieFT/GEqixcGPAFLwI4DS9EPuBCx3voAR0N3HCxGZg0Fwn
oAQRwjwK1tLbYCoKAZ2ClSItrjXBAYweBiWMgzAIQWAaWjCOJADLA7OfEI+5xIoxmKBG7HLKiEjC
p2NGGkWwRPeDtQGN9mLmgyKANoeuB8Y5ND2MExNMDzNpgC3aMAF97DWfyynmBEegyw5JwEaGSUID
L4SpRUANsM8w9lwHEZti4nneJpMOfM4yXi2ZIQ+6HpTPo+BrY9O1Q8qwS8AKMNBIx8NJHMQIbDfy
H2AmwgxSdYpZysolR/fIth3oJKEVyGcOxHjMTEKwTTa1EwLGCMUUjGVca6lEI7Vd1BTgD/R4XegJ
pWKAC3NiH+AENnQZWKaEWjFxmB+HFnQetk0CrflWi5komHQ4xNbNXBaK6x5h4MUCsCiJBZbABMHM
hJDY8xPwk7EVJBbMTBiOFjNRILlhNRthrkEfwU771IQh89zYDULHBEvjW4mPSIiJ6Vjgojy/xaZi
dxX8mUxF1tTMR/sIBeBefRN5zDOZazm+z1zHBc8EdgG8rR8T1yI0cNrM+EQicusZCYoAHswJwUSG
zEo8cF4sTCholWk5MAN8cE523ELUKEIotRsMEQyc52M/9B3ixB6BaQLTJUnAsCCwTgictyMtVMkg
bgMzmYFn5WsrhaR9cRyL+cRnXgCDDx4Q/KwD6unHnhfAwMWWY1oE/JPOR4x9A0ew8Y/c0LJBR2DK
g/kOQxTCXPUTzwTXBkEAcHXBY4Y4fpgNTF5htFgnzfOb2XTV2TBjUGKKmQ/GRjg4cEZeQhF0OYAD
ByU0wW4LCREZXiqSIxXJx0GS2KbnCK/mw6whCEM4AnpqYRE6IEZccFvmBp+U3fFqsTLGMQ6IiKdM
6JEkJuCrqWnHrueAs7cdE5TbTxCTUciaD+VAqJHY4OdI6IQYHAJYEwiCGJaobAqo3DiwmENsywz1
7mbZnBd51sSQrnS5dhDAmDOKwGljsFDQOKiRFzJImCwIqjAwMU1MdEZ307yoWLGCQ4OQQPDkewji
x9gVuGwXezG4a8zAkYJQgQneWOMySvMYp2BN6nnhyq4Ba+aHEE6BcI4fxBADWdAvmIB1g3lBQU0J
RBHE1ziJ4mbZyZNOXaBsVNJzkROLyQ1WFsyZ4yWuZVIIkyjyseNadoJdcMyOxqrO0zosA6egDj50
OfxemFwYrACCM9exfDDIyBVWEqIv2zctCJjxg+wadyW51SpJQ7AjsR0jC5MY+WKSIPCpAcQLNglN
apmOTeKWShaMzKRPBkEzYVdW4BiF4BXst+tC2IUg5oO7GDsWiiE4phQCCFARlvgtdmU+Kwjr5FMh
a5MO2JKhmTiOQGBjBD4PvJcJDhD8ux0TkwrfDAEDCnGgMWwq+BZEUOaR6F3L9n0IcC07hDA1DkHb
wdJiH8UYIrzEAgUzQ43DZsxBkGmBMiEcmgjmFoIBQIFje8T3HOb4dgKBTyDVczFJ8mwBKWu6AD+Q
dkgDZw7GOxAZDrEhngM18FgCsSj4ThHNCQMMFhji7MChXuxIfajGrGQMIgJwABm/b+yccEw+qLVN
bBuDP4G4ElIwB0IUMAYwA8GTQ/YFc8+1RFx4y+JJfo+LqicWLIrayIVy+ifECwlmsUOdkNjCYoPW
mxA4w3yxfUhE4hhSOj3MXV92JtNV1nxEfeyB3YcsKEwsG4L4BDIaF0wKDD7kIhCTi0QgRgd/rUr/
MrW8hHR4iEdKlr6kHB6sR0FE/XhWjfOiFNX+i+Gt+Dkk+XjKBUGMkjB3jvwEOstwnDJIe6tiBlk7
ZVNIgst60aDMk+pEJUywXGlI+J0o+9WlErFWAReiavDxavjrx0/nJ3VfllyaiQMQQ5YtBkVeiSWL
tQAaWZOiQalIcoKLmzeLO00U6FF4SHw6LxVJhRJFLWBb5btK8XTKCkW0JUWXyuu2xueP/I+c+eKf
Jhiyny9JWbdc16m2gR9X1bR83euNeDWexV1wfb01pN5SCJDww3iWjc7zTNW/NW3L2N39dskJ+89w
Qw+fKeIJz/Ld5BPQf82LlJYK7oagghZwPB10OSvmuCnw7gu45BlFtxJAFK2A7DRGjS3oSibdZQX9
p5qZ1EIuApdfcTFVFXFNVAUWk6Wli29xesOLm/JlwgKbspJrLIlU/6s0v1VuT8GyitQ9LQenB4pF
adqOolLivQW8UaRh325kRCWQFcM8T9XR1si6ooJ/6MSswpbeEf17RsaDixM2Fz+45nf8pv9lXypA
BPPphALzKIprbJXABlZHR/rUiavA7mmsoG/Osnm/wOX4Lb9Tukalqj1jbiiHZpyc50s/mf0PBIgi
SNWIaBk8yVP8CMjWHt4VSR9aaUG1UV3XtI0hw5O92aKmfVGnn7eG7mp4/Gn4ebBt4NbIeisewuQy
NoURkqWOhWp2NXrL9Ooyfxjn+B2GEGQEzmxfEmtMo0iDs7tVvqowL64YVuOBNU2Xyu26ulw3eYFp
7tpo0vKbL1BNhSdYniUS5XIXqT4xWlZ5xvq8IDOuytb+RpXQ2nSZFaO56Vm6eN7zpSua5tsD9JCK
CkEu82MKACteinE+VaPO1jdt39/yKteYz9m95+1L+5b8oqgFpEXYZbTElPsEiYM6TmuaHh9Y7RES
7nJfQq3dn0gXCtE8DJSCZLsoV1N8m6mGcUnRFa3l6k7neXoFoPYlSNMogF+1voMtvL297TJAIrh2
q5ta/6B/0xM8kUVGRfkU8qOm70TsrhF58iWLkYn2aO5VtkLp1oh2t37Hsyr/baAI1hC2TKZ/YXJz
cbIvWWpuUVS3/eyEoWbTayRYBtyb2Z5G1rXS7ga6oDjls3SxL0Frbk3cPV0medsN4QPCXsx4kXCW
UjW9X26oqwomlvvE3qqeJq2YoCybfT5T52dNaPkB48NVPy9Yy43jRcnTdxfXl/vqERFTl5/PdlfY
y3w40ObhcFNZ/dYY3t7j270NoWAWRVleTZ+tqDUgoaAMT3PNWC4prSASBoS0Utk3DMb3QpQt9yTZ
miMkhDWM1cVOpgTSKTC2E9WYLEm6OPZ3FyUWHCdSFLFAWwKGiShFLAFN1DD/W6GHMCQQULaMo6Bs
KTNcgl3elyiD4QeA/Xn48ezy+gmzBPDC9C2a0rFWqVvTN8T4SeaBJmpZ+8HpBZ7C+IjkaF9irVmC
61JRtW53kfZU7JOUyyQrQVekR2qSwmQmYOMMnFGjHPMMIdvRBAxfkGA2zCGSSnYft8FpP09TTtVQ
Y017RJYS3+F5iu/M/UUYCssomjJSg9g1bh+KBq+muQC7EkUhttN8v3N8Pnh/3CqAiMWiOxnb/8ay
fDrmKSdiTN8vIPJ5m+KCXfT3VrBUmoiiNVT1ervcV6fD6zPVQzWEVpzRqo73B6fXl8bw9PhibwGw
ZCm2GlbXfKeylXTFqiuS939jWLD7tDk5veYF11RtRWpX2txa0VArAZnmo5HMhq8+vm0bb/RcMWqm
UTSXUKKIsuWVAm8HL6RXy5aUR8zBZZ7HihDLvP5FY5IBzzpGrxvfOiofhYBDXN6oWqUQt3jRfsr3
ltcKXlEk235OiUjspHw/o+qsXpK2lE++T6K0bP0JjmVWsAErJupQrGn6SDjt5Nxz3r41TeOfBqQR
YlX6LEu4dK57Eutr3UAUrRApl8+Ir+Vvl+8WrfiIQCEjY4gHtfRnTdNdkqP3wefsJstvs4/F3iK7
NUf5ekQN4gk2D2fj95zNVJu3JLVXlFpKOcW0YPDlngRp2IGf5FWVsuOTT7tL8a4/6KdYNdxLSisD
0iU4q3deposh3veaMl+yrnAUJQQTABNFb/vHDaqtygi6CD+bsu48ExL2x/kJyzSVW5H0cWrVlt+k
MNsHF29nxeIBGetC4HPNYQMgiuqr3cfrYoYfUDyV+jfK1AcMjVDicnepTsUGqbVFkPunFLOuy3A8
eXexb98KTUKQLTij3VG/wdkNz0Zf53mWFFre3f5m90jhRVJcyghBNP4EM8aGs4u32jqaJGwxYf3z
Y7G+aBxD6nb1UOr2kmCh5i0L3zJY27mYmnKsOtj6fmOpV5fk3RiXlbHPYZDN1qjlm0Q7zQCSZ/lk
cTzQXOOaqArhdv12hJBnLIb/9yVBwy6KWI0AeIKPVNFsj9mad5Q0w6sQ/568Zg1gd636wMnNjbrs
Ku8fdY918tf5HvnksvXtE/vj+SWeDsdMGwGV2o7/g1bddt/zWmn7CbH/mKXpYr1bRNWm9ldtgay2
POJ5/9aXBSdwhfcMwICp2Zt2tQA9wa3j6ZlYODrNRvJ1/7Vn179oaV27jvEW8xErrv5ztS+JVgyF
KCqS9v2uq6xFmuftVdaatm3bHy+r/I6T/1UgglZx6jrP3z625hlFVfoErYSBVjVR3D4SslzI3S57
UzNoTbyluztcNC+RAlfebluuF7ud3p/sO7qfC7ZjgA7uZV5KH/MxY9flx+0q9ECi+Q5P8E3/S08K
VEfH/Zzrwf6a9ndFxoDgC8nFgQsnOR/yp4T7zcbLT3kld3lv7itdfdOOcnbbX/oSLdQB7C6T2OW1
sRVTIT7qWcUywb4kWLe5+0qi0D8ynWfdKp/Wew0XenGwIWyxZu9nk/9g/i+cjVrCeM/etyzbfYJm
8fvmbBZtj+iK2BbA/uY2wJfokGjvvD5MZH29676JfspwcY5Ho1Ztdk3XZ/zG1pDhrTj2hO5Ln6qa
XRRBEzkRIFIAUZdsVUxPtXINzONykc4mF/2ezq9WQgJB1elbXQ8b2t9YVmtAPCEOWog9E4t+Id8s
WttwlazKE3bRN7bGiALdgI/ezRb7WlFcFn9VMC/dK6MJJnONbPQxgaj0PdcCDJ2+kZs3Syot7WbV
WJztc2jwLwzn4Cv3t3y8Psdp15E9q9jkpMinQ/ny03rnsUreYjSPU3Z3Vt0jdQsh0qo/LwxOBBgB
5CnZST7VM9ya8Pgm6kfLp49hVysCj60cA4gZF6eVNWC2ylFCe+KksLUgS4ouCdosxXVOM/LQ1pHD
pjL37FxKBExlvDzBbPsKC0RYlV4/WZHai0Thd62e0Fwc2fGy8sm/ZwuWXXNduRRiK9xr1RT5aFzJ
gPbkopUrPXsp9fpsIF6HkjyjaAliqxz9cZ6N3sxGevW9Jm2Z7uWeyw/LcoasTy8RbBXgbV5MdK1a
Uh6NU/cfb685RlEDYXWx6/aw4eWwtTtsKI+zeWyKUzxBnhnurThaN7rrNpYPXF8trO9b29naudxZ
lrAim5Xt7b4veClAYSlqcE9aKexjMoYc8Bxn6gq2Sn18NrdL0y+YxaksG9Q7CSYznNaNb7etMie4
xrO00hawVfLju+T3pD3L14bqEwjnsuXlgX8rHNvF4aPRoj8rq3zSLPxqUj3wbXuB3mu/k/pAqPmC
isGSnziFdAPM7orHVpVIbc+uRm7XDazvMWxqi+AV9fZ32MfC3smTyfS9lBp5yzaQOZ9zOmGTvNjb
pgm1+ShqLtlTlkYeWBh5bKVwj+9w6StLzWtnEAEtlDcxLxaDNBehsPzcbqlrJYUYvdBmk0bWRwl9
31dQ1JbB5+s4nvcyysbJumrgv3Ho7lpW7+HoZp+RzeZZsruoImSU+UnO1S2iDWXLqun7vIIso3p/
YvzT6EP4/4lRy0R7ixLIhIoTxuTr6/0Jvaqvd8ozs/kVY/q7rYKwJdiUs+99XvD7PCv3JYXGNIpq
JE95zZU3741odk8htutbrRl1fvLb3mqlJ79F0brlZ9c9gE9HLGX2FCma7XH9sfYO6IrU9r3t3fH1
5rWn5dHrXWkPvbcujycrhZUV+57nPJ+Vg9POkn7wjY1zAuz6ag/b5iQb8S4pzm5EKn8likXqNpPW
F1tU/P7L4NPHd8cXp5++3DuWbfyfEc1ME/sMkgiDl+WMlUbBxPlARrxovrOuOeAFl2O849X7BmeL
0dN7vumfdfKibjZUqMv0/RG91LvgKe/dycF8D0PLtPKxQm6bQLu9nAyzO3Tv9umK1RfxtXqObElU
liW+scAnCssa2i1C/6UeStNdTMTZi/IIH3FGalecfCdemZUHw4nza3ABXVKxZRjI7iqWNQeP/nkg
92ooB6bGpDncckUhOGXisFWNlk++0rzKxHu2CrU57WdNmBWpek/rY6ZW9wlP6yOsVpTRRDu+dQw9
qN5z6OK5ShCHsspB9eUkmcT1+bvqI2VzVqxKmxJd6k+rswy1X8pOLnUS5bOJSrkanKu3k0X5v1Se
OdtcGfJQLatD2dzoiANsXdMxfbj8xxl9bfiEwH+hxzzfTTzqW8wliZlYnp84AUOeT8QJpDDH/yGO
RFKOQlo1uMBy/K1mUeSeT+sqhisXCO7rE0JXT8Pt3UQfk1yIY5mmjZAlymmDk49aV9H8qxSlTQQS
14cT9C4rS+3B+ryP3y60PmohgFtxKKsuFhBvC97SDuX4VpGVIXE4MQAe68q5nhtfyXiW3ahH44ou
4qP6yNzG1YpuomVjGUQHyHIpjZfHswo9LhbTKpeE+oCiEd0Yc66piewbWyWtDg4bzWplXML5ArPL
+DggmIyV3vzrr/8HcSpJRA==
===END CRASH DUMP===
