PocketMine-MP Crash Dump Tue Dec 8 13:36:24 +07 2020

Error: Argument 2 passed to ShinPickaxeLevel\provider\DataProvider::savePlayer() must be of the type array, null given, called in C:\Users\Administrator\Desktop\SkyBlock 1.16-LOL\plugins\PickaxeLevelV6\src\ShinPickaxeLevel\Main.php on line 92
File: plugins/PickaxeLevelV6/src/ShinPickaxeLevel/provider/DataProvider
Line: 33
Type: TypeError

THIS CRASH WAS CAUSED BY A PLUGIN
BAD PLUGIN: ShinPickaxeLevel v6.0.0

Code:

Backtrace:
#0 plugins/PickaxeLevelV6/src/ShinPickaxeLevel/Main(92): ShinPickaxeLevel\provider\DataProvider->savePlayer(object koth\KothPlayer, NULL )
#1 src/pocketmine/plugin/MethodEventExecutor(42): ShinPickaxeLevel\Main->onQuit(object pocketmine\event\player\PlayerQuitEvent)
#2 src/pocketmine/plugin/RegisteredListener(80): pocketmine\plugin\MethodEventExecutor->execute(object ShinPickaxeLevel\Main, object pocketmine\event\player\PlayerQuitEvent)
#3 src/pocketmine/event/Event(88): pocketmine\plugin\RegisteredListener->callEvent(object pocketmine\event\player\PlayerQuitEvent)
#4 src/pocketmine/Player(3643): pocketmine\event\Event->call()
#5 src/pocketmine/network/mcpe/RakLibInterface(176): pocketmine\Player->close(object pocketmine\lang\TranslationContainer, string[21] Internal server error)
#6 vendor/pocketmine/raklib/src/server/ServerHandler(95): pocketmine\network\mcpe\RakLibInterface->handleEncapsulated(string[19] 14.246.129.31 61045, object raklib\protocol\EncapsulatedPacket, integer 0)
#7 src/pocketmine/network/mcpe/RakLibInterface(109): raklib\server\ServerHandler->handlePacket()
#8 src/pocketmine/network/mcpe/RakLibInterface(99): pocketmine\network\mcpe\RakLibInterface->process()
#9 vendor/pocketmine/snooze/src/SleeperHandler(123): pocketmine\network\mcpe\RakLibInterface->pocketmine\network\mcpe\{closure}()
#10 vendor/pocketmine/snooze/src/SleeperHandler(85): pocketmine\snooze\SleeperHandler->processNotifications()
#11 src/pocketmine/Server(2157): pocketmine\snooze\SleeperHandler->sleepUntil(double 1607409384.0879)
#12 src/pocketmine/Server(1994): pocketmine\Server->tickProcessor()
#13 src/pocketmine/Server(1588): pocketmine\Server->start()
#14 src/pocketmine/PocketMine(273): pocketmine\Server->__construct(object BaseClassLoader, object pocketmine\utils\MainLogger, string[49] C:\Users\Administrator\Desktop\SkyBlock 1.16-LOL\, string[57] C:\Users\Administrator\Desktop\SkyBlock 1.16-LOL\plugins\)
#15 src/pocketmine/PocketMine(304): pocketmine\server()

PocketMine-MP version: 3.15.2 [Protocol 408]
Git commit: 0000000000000000000000000000000000000000
uname -a: Windows NT WIN-4P2C3VGUPNN 6.3 build 9600 (Windows Server 2012 R2 Standard Edition) AMD64
PHP Version: 7.3.23
Zend version: 3.3.23
OS : WINNT, win
Composer libraries: 
- adhocore/json-comment 0.1.0@8448076039389f558f39ad0553aab87db3f81614
- ocramius/package-versions 1.5.1@1d32342b8c1eb27353c8887c366147b4c2da673c
- pocketmine/binaryutils 0.1.12@566fa87829e007eda0bd96e39fe20b9b0d638132
- pocketmine/callback-validator 1.0.2@8321aa3ccfe63639b0d08f0cbf270755cfc99fe2
- pocketmine/classloader 0.1.1@7c0363491d1ce8f914fe96d41a4338c982adedff
- pocketmine/log 0.2.0@e59bedb5d4bbeb9a26647cb7c367cb2fa72addfa
- pocketmine/log-pthreads 0.1.1@9bbcef398b01487ab47c234a6a7054722abbe067
- pocketmine/math 0.2.5@8c46cfa95351fb0b2b30739a381310941934b55f
- pocketmine/nbt 0.2.15@f8a81d37d24eb79fb77d985a52549d68955bc6a1
- pocketmine/raklib 0.12.9@5f2a02009f486ca4d90892814570fa13ebdc078d
- pocketmine/snooze 0.1.3@849510fa62e57512b8467e3694e9b3add97038fd
- pocketmine/spl 0.4.1@ff0579a0be41bbe65d3637607715c0f87728a838
- doctrine/instantiator 1.3.1@f350df0268e904597e3bd9c4685c53e0e333feea
- myclabs/deep-copy 1.10.1@969b211f9a51aa1f6c01d1d2aef56d3bd91598e5
- nikic/php-parser v4.10.2@658f1be311a230e0907f5dfe0213742aff0596de
- phar-io/manifest 2.0.1@85265efd3af7ba3ca4b2a2c34dbfc5788dd29133
- phar-io/version 3.0.2@c6bb6825def89e0a32220f88337f8ceaf1975fa0
- phpdocumentor/reflection-common 2.2.0@1d01c49d4ed62f25aa84a747ad35d5a16924662b
- phpdocumentor/reflection-docblock 5.2.2@069a785b2141f5bcf49f3e353548dc1cce6df556
- phpdocumentor/type-resolver 1.4.0@6a467b8989322d92aa1c8bf2bebcc6e5c2ba55c0
- phpspec/prophecy 1.12.1@8ce87516be71aae9b956f81906aaf0338e0d8a2d
- phpstan/phpstan 0.12.48@d364cfbac9ffd869570cdfea7eaa6541c3dac666
- phpstan/phpstan-phpunit 0.12.16@1dd916d181b0539dea5cd37e91546afb8b107e17
- phpstan/phpstan-strict-rules 0.12.5@334898a32217e4605e0f9cfa3d3fc3101bda26be
- phpunit/php-code-coverage 9.2.0@53a4b737e83be724efd2bc4e7b929b9a30c48972
- phpunit/php-file-iterator 3.0.5@aa4be8575f26070b100fccb67faabb28f21f66f8
- phpunit/php-invoker 3.1.1@5a10147d0aaf65b58940a0b72f71c9ac0423cc67
- phpunit/php-text-template 2.0.3@18c887016e60e52477e54534956d7b47bc52cd84
- phpunit/php-timer 5.0.2@c9ff14f493699e2f6adee9fd06a0245b276643b7
- phpunit/phpunit 9.4.0@ef533467a7974c4b6c354f3eff42a115910bd4e5
- sebastian/cli-parser 1.0.1@442e7c7e687e42adc03470c7b668bc4b2402c0b2
- sebastian/code-unit 1.0.7@59236be62b1bb9919e6d7f60b0b832dc05cef9ab
- sebastian/code-unit-reverse-lookup 2.0.3@ac91f01ccec49fb77bdc6fd1e548bc70f7faa3e5
- sebastian/comparator 4.0.5@7a8ff306445707539c1a6397372a982a1ec55120
- sebastian/complexity 2.0.1@ba8cc2da0c0bfbc813d03b56406734030c7f1eff
- sebastian/diff 4.0.3@ffc949a1a2aae270ea064453d7535b82e4c32092
- sebastian/environment 5.1.3@388b6ced16caa751030f6a69e588299fa09200ac
- sebastian/exporter 4.0.3@d89cc98761b8cb5a1a235a6b703ae50d34080e65
- sebastian/global-state 5.0.1@ea779cb749a478b22a2564ac41cd7bda79c78dc7
- sebastian/lines-of-code 1.0.1@6514b8f21906b8b46f520d1fbd17a4523fa59a54
- sebastian/object-enumerator 4.0.3@f6f5957013d84725427d361507e13513702888a4
- sebastian/object-reflector 2.0.3@d9d0ab3b12acb1768bc1e0a89b23c90d2043cbe5
- sebastian/recursion-context 4.0.3@ed8c9cd355089134bc9cba421b5cfdd58f0eaef7
- sebastian/resource-operations 3.0.3@0f4443cb3a1d92ce809899753bc0d5d5a8dd19a8
- sebastian/type 2.3.0@fa592377f3923946cb90bf1f6a71ba2e5f229909
- sebastian/version 3.0.2@c6c1022351a901512170118436c764e473f6de8c
- symfony/polyfill-ctype v1.18.1@1c302646f6efc070cd46856e600e5e0684d6b454
- theseer/tokenizer 1.2.0@75a63c33a8577608444246075ea0af0d052e452a
- webmozart/assert 1.9.1@bafc69caeb4d49c39fd0779086c03a3738cbb389
- pocketmine/pocketmine-mp 3.15.2@d7a66ad7559f23d24ffe95813421a720203109b1

Loaded plugins:
MSpawns 2.2 by EvolSoft for API(s) 3.0.0
RenameItems 1.1 by Wertzui123 for API(s) 3.0.0
BuyFly 0.1 by WoolChannel3295 for API(s) 3.0.0
KillRegen 1.1.0 by NashanPlaysYT for API(s) 3.4.0, 3.3.0, 3.2.0, 3.1.0, 3.6.0
OnlineTime 1.3 by Zedstar16 for API(s) 3.0.0
VanillaEntityAI 1.0.0-alpha5 by jasonwynn10 for API(s) 3.0.0
NoFallDamage 1.0 by DeveloperNeb101 for API(s) 3.0.0
SimpleWarp 4.0.1 by Falkirks for API(s) 3.0.0
NameTag 1 by MTwins for API(s) 3.0.0, 4.0.0
AutoXP 1.0.1 by JackMD for API(s) 3.0.0
Worlds 3.0.6 by survanetwork for API(s) 3.0.0
BlockProtect 1.0.0 by DarkByx for API(s) 3.3.1, 3.3.4, 4.0.0
MaxEnchants 1.2.1 by Xenophilicy for API(s) 3.0.0
InvCrashFix 0.0.1 by  for API(s) 3.14.0
StairSeat 1.5.5 by korado531m7 for API(s) 3.14.0
RedstoneCircuit 2.0.0 by tedo0627 for API(s) 3.6.0
NoAdvertisingPE 1.0.1 by Vaivez66 for API(s) 3.0.0
KeepInventory 1.0 by KhoaGamingPro for API(s) 3.0.0
WorldProtect 2.3.8 by aliuly for API(s) 3.0.0
GiftCode 2 by PTK-KienPham for API(s) 3.0.0
MobStacker 0.2.3 by UnknownOre for API(s) 3.8.1
DevTools 1.13.0 by PocketMine Team for API(s) 3.0.0
MineReset 3.2.0 by Falk for API(s) 3.0.0
AutoInv 0.0.10 by JackNoordhuis for API(s) 3.0.0
AddNetherite-HiroTeam 2.0.0 by Mentagess for API(s) 3.0.0, 3.0.2, 4.0.0
BuilderTools 1.2.0-beta2 by CzechPMDevs, VixikCZ for API(s) 3.0.0
Slapper 1.6.1 by jojoe77777 for API(s) 3.13.0
KhungLong 1.0.0 by xXNiceYT for API(s) 3.0.0
MuaCoinUI 3.5 by BlackPMFury for API(s) 3.0.0, 3.2.0
SETVIP 2.3 by MCPEVN TEAM for API(s) 3.0.0
EnchantUI 0.4 by UnknownOre for API(s) 3.0.0
PointPouch 1.0.0 by HituilaHuy for API(s) 3.0.0
MenuUI 2.0 KSCore by KaysilGMVN for API(s) 3.0.0
ShinPickaxeLevel 6.0.0 by shin for API(s) 3.0.0
KitUI 1.3.5 by Infernus101 for API(s) 3.4.0
ChoDenUI 3.5 by BlackPMFury for API(s) 3.0.0, 3.2.0
iProtector 3.1.1 by LDX for API(s) 3.0.0
SizePlayer 1.0.3 by  for API(s) 3.0.0
Banking_vonfram 1 by Noob for API(s) 3.0.0
sblevel 0.1 by AmGM-Encode for API(s) 3.0.0, 2.0.0
ShopXP 1.0.0 by Unknown for API(s) 3.0.0
DanhHieu 3.0.0 by padreon for API(s) 3.0.0
PurePerms 1.4.2 by 64FF00 & ProjectInfinity for API(s) 3.0.0
AntiSpam 1.3 by xBeastMode for API(s) 3.0.0
CachMuaLand 1.2 by Noob for API(s) 3.1.1
MysteryCrate 9.1.1 by JackMD, DaPigGuy for API(s) 3.9.0
KingOfTheHill 3.0.0-ALPHA1 by Tethered, iZeaoGamer for API(s) 3.0.0
AutoMineReset 0.3.4 by  for API(s) 3.0.0
SkyBlockUI 2.0 KSCore by KaysilGMVN for API(s) 3.0.0
VeSo 3 by AmGM for API(s) 3.0.0
PHP-Sell 1.2.7 by Muqsit for API(s) 3.0.0-ALPHA9, 3.0.0-ALPHA10, 3.0.0-ALPHA11, 3.0.0-ALPHA12, 3.0.0
OrionTasks 1.0.0 by Clik for API(s) 3.0.0
OreGenerator 2.0.0 by vividmemory for API(s) 3.0.0
AutoSell 1 by phuongaz for API(s) 3.8.2
Eff 2 by AmGM for API(s) 2.0.0, 3.0.0
ItemDropText 1.0.0 by AlexItz16 for API(s) 1.0.0, 3.0.0, 4.0.0
Jail 1.3.0 by hoyinm14mc for API(s) 3.1.0
TheoDoi 1.2.0 by HotshotHD & CodeRed2019 for API(s) 3.0.0
BuyceUIEF 0.4 by UnknownOre for API(s) 3.0.0
Alias 1.2.0 by Ghast Noob for API(s) 3.0.0
Marry 1.0.0 by GreenJajot for API(s) 3.0.0
ShellyEssentials 1.0.2 by Shelly7w7 and BlazeTheDev for API(s) 3.0.0
QuyenVipUI 1.2 by NightBlackDM for API(s) 3.1.1
DEVirion 1.2.5-ALPHA12 by poggit, SOFe for API(s) 3.0.1
PlayerVaults 3.2.0 by  for API(s) 3.0.0
essentialsTP 1.2.2 by  for API(s) 3.0.0
MuaDanhHieu 3.5 by BlackPMFury for API(s) 3.0.0, 3.2.0
ScoreHud 2.0.0 by JackMD for API(s) 3.0.0
TableSpoon 0.0.7-ALPHA by CortexPE, Xenophilicy, HyperFlareMC for API(s) 3.13.0
Police 4 by nlog for API(s) 3.0.0
NoTP 1.0.7 by awzaw for API(s) 3.0.0
LoadWorlds 1.1 by shin for API(s) 3.0.0
Kickk 1.1 by MCPEVN-TEAM for API(s) 3.0.0
PiggyCustomEnchants 1.4.6 by DaPigGuy for API(s) 3.2.0
CustomAlerts 2.1 by EvolSoft for API(s) 3.0.0
PointAPI 2.0.9 by onebone for API(s) 3.0.0
InvSee 1.0.0 by BlockHorizons for API(s) 3.0.0
EconomyAPI 5.7.2 by onebone for API(s) 3.0.0
DeTuMF 3.0.0 by CLADevs And Shin1134 for API(s) 3.0.0
PureChat 1.4.11 by 64FF00 for API(s) 3.0.0
Warps 2.0 KSCore by KaysilGMVN for API(s) 3.0.0
GCPClan 1.1 by InstantlyTa for API(s) 3.0.0, 4.0.0
FormAPI 1.1 by jojoe77777 for API(s) 3.0.0
AutoClearLagg 3.1.0 by Twisted for API(s) 3.0.0
Minerloot 1.0.0 by Distoxicqted for API(s) 3.1.4
MapImageEngine 1.1.3 by FaigerSYS for API(s) 3.0.0
AutoFix 1 by Noob for API(s) 2.0.0, 3.0.0
PECollide 1 by saxavlax001 for API(s) 3.0.0
ShopUI 0.0.1 by InstantlyTa for API(s) 3.0.0
ChongBug 1.0.0 by shin1134 for API(s) 3.0.0
AntiTNT 0.1 by Adam1609 for API(s) 3.0.0
NameCorrector 1.0.0#build011 by PEMapModder for API(s) 3.0.0
BuyFix 1.0.0 by HumYaiJang for API(s) 3.0.6
SlapperRotation 1.2.1 by jojoe77777 for API(s) 3.0.0
Weapons 1.12.0c by xBeastMode for API(s) 3.0.0
RankShopSystem 1.0.0 by zZPROGAMERZz423 | §eFor issues report by §2Visiting GitHub.com/zZPROGAMERZz423 for API(s) 3.0.0
CuaHangUI 3.0.0 by phuongaz | Moded by LamPocketVN for API(s) 3.9.0
AuctionHouse 1.2.3 by Shock95x for API(s) 3.0.0
BankNotes 2.0.3 by AndreasHGK for API(s) 3.7.0
Sell 1.2.10.2 by Array, KairusDarkSeeker, JackMD for API(s) 3.0.0, 3.0.0-ALPHA12
SkyBlock 1 by KhoaGamingPro for API(s) 3.0.0

----------------------REPORT THE DATA BELOW THIS LINE-----------------------

===BEGIN CRASH DUMP===
eNrtXe1T47bW/1c89M4z2xkSLL97P3RggV3oApsLWdrb686OLMuJF8dK/QKEPv3fnyPZSSSFJQHS
p1+205b4JDn6Hem86eglf+6krJzg+sstLauMFTtv7d2dOpvQnbfIM33HDO3A2d3JcVUflyUrd97+
uVPPpvD2zhD+tLTdnQmtKjzi1INy1ExoURuWMcVVRROjZsbVOCsGGbnB9/SM3tI8iqYlu80SWkbR
Ea7xoHt6+7bCt3SQ4xkt3/xoTJqqNmJqsNSox9Tg7Rq4LPFs1yiaPDdG2S0tdg2C8xzayQrj8G0U
fa5Akig6SCZZkVV1iWvGW6HVTc2mUXR1M3uXM3JjoD7yemefzgBL3oyyAr4jQ7z2oqgqCXxhBfs5
zor+dDw1WGHkWUGN0IIuSAHR+yznffD/A+PxLuTAOJoWScdzT2W5Bxz3dIZ7c357MjtgxUUEteB6
UWICL/+784NpPIcz77A3ofXj240VofeTpAgs/kpJbdywehxFH+H/LX3XuPh8dmb8CBB/QAZveAod
SmvocLrXwts7p/WYJcegJvXxPSUNDMIb53EgHGTvJ1b8u8nqeZNLhlFEORM+SrxtGCTxl39YcBco
rG+guKQjUAFa0uSM/y1ApsAEEDL79qMAYxVx7ycqXtE5rMfB7xovQ23rqMV39sQH3gTBN3CuytT7
iRti+7WXIXF0JJ0C2J5jazA6buK7bcNvBAtXZ1HQ+o6VN3sTMqV7l/jmLItPC8Cdgiq/Qb6n8W1b
BI45q+hjYuS4GEXRsMRFleMaPOYhK2rofa6PYOZZMfqvhX43RBsFzg1wA+BaDcodpUDoGYA5YaUM
ssQ3eRYL42k/v3cl/pzgIsmhA0JXg9lJFUVcLBgMVa7eT2PxxeOC4GnVAE6avOnAofB3Azl9y/H6
yAr7NjI8ZDruQnlaKMIua0YY6JbMZYA5hl3wtTUdgVimEMl/XqebIUgzb6eVF/ybLPBcgLa5dmSD
ZzUShs/sMZCXQBBr2wofGaOqYOyBtg4up3S6HB1k2c9t7Nuf/ZNrXlPSv1okyHwWlEBXlPaj0L3K
5xbiXrA6SzMiFLmTHa340nZo3ljI9TfkXvHnz0Wd5W8S1sQ5NZbJRN8M/LBtyfpGSygMHa2l9p3e
TzW4vUGLHVx5y8b+Fht3xXvN2VQ1Lju9QqteR7w8h5dvLN/+BocvXwh0WV02ZOHt3uGKHkKmVJ0x
nHB/8Ij7aKBPqtZfn7HRSPIaDhjmyxKHBQvX//21KVDbJe4TXWKb+ti0Jgy9+ftfuzv0e5b4ZJa4
/bwMOr1l9yUrbll+S3nHQhtJVoL27czfBYrOGt4jLOEZ3e/fk7vvyd335O57cvc9ufue3H1P7r4n
d48kd7s7Ix4JcM6zuwLzEuHO8qu98wFwj6GXlqXEHbuP3D5Pe+Imy5OdtyhA7u5OVn1J6O3O2xTn
FYX0pHNGO28dM4BGMp68mBv+A7ybDssvGZjSXWVcDI1fTi96zsA6tK8/fB5cXBhe3zYEBCP0TNN4
M/9oO96GZYK2XlrGVQ06jsvEOE4ybjQ/GgfnR57DU6jxFFrw+3bfsuHxAaxWiNc9w9tfWMUxnF5c
DIEgHu4g6eIZ1mQK4ab8Ah6xxGVGK95/OBmDzCXd+1qxogef6ZI2s4/65n7gOIHpe6YNNhWmrhuk
dogT03VtjOPAT2I7DZCHODJGSjzJmmpvCu4Ukute1/scAOq7fbSPEtuyHSsOCKIx6LxrkyAIfGJ7
wMGPHWIl2PNtwuVYKkWcFbicCY3uYCFr3/W8FAd+YIXUNH2aYDNOQo/aYUotMw5jM/HsANmWyooH
8BjQ9W5xniVcXwU2s2/tB7aFMLYJSalnezbnYAapSeLU8k3fdUlKQs5cY8jtMBd2OMe27xMTGDgh
ShChQRoiJ6WhlzgIO7YdkDCw4ONJmqqccjYSHCzodOqGMU1iN3HimMYhtjzP8UnMOwr+WCn2gUWS
4hUOvWk9LilOFh21H8YxoTBmQWwiJ/BxDIxgDLCHfdN1fMvC0ITp+SqrCa7HHRp3PyCOR1IcuraL
0tiMrdg2fdAC3r8QZB0U2k7supo8RVx3HJC7nwY4gMH3E8uhsR+mse8nYeBi13KdMPGC0HVj4mGk
smhjdyuK1Q/33dTCpmWaYeoEHsFOEppBaAXIcX0zxcimcUJMP0hULm3w6DrEBoUOXQQf9yzq+i4C
ZXQ8n9pe6NAwtqFbQ9+0g1RnMs0FBwe6NE1N1w9B4aiDoPM8N4HhBhPxfeQSMw183wJx7QA4JIxw
l0n3wOmBRdfZQuVszsh2zSQ1LS+gIeRGIcAAJYbeDlzi2tSktm2nlPJhnsxA0+JqL4GABzY6nQkm
yOQj7IWxhVAaYhcUGKUeMUHzEgvT1PUSzhG5YUBd4FJkNxn42/G0N8VlJVT21uFcrH0PLBvF1EYI
W7ZJzdD0UzdJqWkh23cszIUGJabCxeCylzFQkiJLacWHGZQWkASu5bk0TWyc+jGYEnZiC1vEdpI4
Ja4fBElihci2JR6yg+YwiBfHXmC5CU0DsGxsW5YFXRrYtp8GhOIUhb6bYrP1dNC9Yu4OaUtJ0xyC
YNa5MMHSEsaEEhMR0DKHJp6VWi7GgYN9x8eJ7SYuRl4ISapnxU+xBGrMQxkwhSgCOE0vxH7gQsc7
KAXdTZ0wtSk4NNcJEoIIoV4C3tJbYcprAr2SVnx23GoCZCr7HgYljIMwCEHgJLRgHEkAngesnxCP
usSKMbigTuxqSgmfi0/HlHSKYPHuB28DGu3F1AdFAG0OXQ+cc2h6GKcmuB5qJgG2ko4J6ONe93du
Yk6wD7rskBR8ZJimSeCFYFoE1AD7FGPPdRCxE0w8z1tl0oO/TZHVc2bIg64H5fMSiLWx6dphQrFL
wAtQ0EjHw2kcxAh8N/IfYcZTDVL3yian1Zyju2/bDnQS1wrkU8czXWqmIfgmO7FTAs4IxQk4y7jV
UoFGaDsvLcD/oMfbmk8oFANCmBP7ACewocvAM6WJFROH+nFoQedh2yTQmm9pzHjdpJdBjt3ZMldc
dx8DLxqAR0kt8AQmCGamhMSen0KcjK0gtcAyYTg0ZrxOckNbNtxdgz6Cn/YTE4bMc2M3CB0TPI1v
pT4iISamY0GI8nyNTU3va/jfZMpnT5092vsogPDqm8ijnkldy/F96jouRCbwCxBt/Zi4FkkCR2eW
TQQit7VIUASIYE4ILjKkVupB8KJhmoBWmZYDFuBDcLJjDVGnCKHQbnBEMHCej/3Qd4gTewTMBMwl
TcGxIPBOCIK3IzxURSFvAzdZQGTNll4KCf/iOBb1iU+9AAYfIiDEWQfU0489L4CBiy3HtAjEJ5UP
H/sODmfj77uhZYOOgMmD+w5DFIKt+qlnQmiDJAC4uhAxQxw/zgaMlzst2ssZu2mmi84Gi0GpyS0f
nA0PcBCMvDRB0OUADgIU1wRbFxIyMjxXJEcoko+DNLVNz+FRzQerIQhDOgJ6amGeOiBKXAhb5gqf
nN5n9WzhjGMcEJ5PmdAjaUwgViemHbueA8HedkxQbj9FVGQhSz5JBoQWiQ1xjoROiCEggDeBJIhi
gcpOAJUbBxZ1iG2ZodrdtLjNSlZ0OaQrQq4dBDDmNEEQtDF4KGgc1MgLKUycLEiqMDAxTUxURvdT
Vta0XMBJgpBA8uR7CPLH2OW4bBd7MYRrTCGQglCBCdFY4TLKWYxz8CatXbiia8Cb+SGkUyCc4wcx
5EAW9Asm4N3ALhJQUwJZBPEVTrzGWfVY2mvrlJ1Kei5yYm7c4GXBnTle6lpmAmlSgnzsuJadYhcC
s6OwaudrPVpAUJAHH7ocvs9dLgxWAMmZ61g+OGTkci8J2ZftmxYkzPhRdl24EtxalUxC8COxHSML
kxj53EgQxNQA8gWbhGZimY5NYk0lS0oaEZNB0IL7lQU4mkDyCv7bdSHtQpDzwVOMHQvFkBwnCSQQ
oCI09TV2FWtKQntsymXtpgO2YGimjsMR2BhBzIPoZUIAhPhux8RMeGyGhAGFOFAYdsV8CzIoc5/3
rmX7PiS4lh1CmhqHoO3gabGPYgwZXmqBgpmhwmE15yDItECZEA5NBLaFYABQ4Nge8T2HOr6dQuIT
CPWcTVJWzGDKms8gDuQ90sG5Becd8BkOsSGfAzXwaAq5KMROns1xBwweGPLswEm82BH6UI9pRSlk
BBAAiuyh83M8MPmg1jaxbQzxBPJKmII5kKKAMwALhEgOsy+wPdfieeEdjSfsAZf1Hl+7KFsnFwrz
T4kXEkxjJ3FCYnOPDVpvQuIM9mL7MBGJY5jSqWnu8mVvMl3MmvcTH3vg92EWFKaWDUl8CjMaF1wK
DD7MRSAn5xOBGO38tVgBEFPL86spvmtfdjPjOWV3ZzkKlpiX46Yes7LiZf/jW5ZfsbTmE308zTiJ
j5TJn2mB45zClLcuG5ixJ3QKE+CqXTeo4DtHMmGCxWJD12gULVvnUza+DDE8uBx+HrQdWWXCR4zr
elq93du7u7vrU0DCufbrmx0Q7ZJyMU4h0MoyyVRZLlAJVa5fYIAemgzBRH1Lki058kr5AkZb+FmK
Ofh0Nfzl0+XZ0aOCjrJ63MR9iCF7S357slQg+rtm9j6fSVJ3BFlgc0VgxvLDMS4KmttW6G5L6rbp
z6ebicnRfwRbvaQjWkgCLGnaoPVNVYoLXIEMvGJf/WeoyOCIj/LaS/vX6v6i7q/3chmlRqPo4yX/
bxNBPxU8Tg3FrrmFpBJRFdVWBf2NJrxgibxtDdSCYRQtMbxYORfc9iSBQOZrmIfmOT6G6XU9OziV
BNffUaUHwXo4h5moq3bDV1yx4m5WFMh8XUfsDJqSisYzWv26s+wXqYUo0kDyhZAF3CfcFJf8gr3H
eX6EJ2JasxBbIWsyq6Ie8WU9HpkvKMxY0LbGXWMbRTKiza32KuNZ7S+4nErCSURZNJ6iaN4HmrzJ
ypvqlYP4HtIGsQ6XirXuq5zdSY/HEHZ5XSevBsfSCKdd21FUCbx3gDeKFOxrxb8AgYd4JA9sR1HG
VBX6fHjHg68u8q7ooBcPaJrd88WzdsFhE+wHTc1+HUjQO4JugRr6nzG5OT/alhq23KKobfvFfqdl
s9dJAML9wso8kTOAjiALx4F7qnBVU97ibhluWyIKnlF0JwBE0QLIRjJ2mVpfMOnP1zl/aJmJoM9r
XoOS1Xz3hhT6ZfKKT9U8DC5v3s3uFXltMez8r/NaxZShRJEGbK2WnuP744JAnK2VHFWiqtJZur7+
Sgs2HWd5RmbbGlGJJdfYBRTlYRPhTovbwxKyiPfZvSScTFVzN90YZXmQ83KBJs0fgCqKsuKW8JbB
lzzHk1zVOCuvKJYVcElTx8fta6H8hpU4Ya6NJv7OtuSReIJHnyORXm4i1SXPZVhBD7OSNFmtzCbU
d9SZ0op91TRhpmep4r0i7yy75nVv+e0U5CABgHVWZcUIQqCchajvrHH91zi7pQ/e1nLPOT+efChA
NMJG0wdKp2A4ooIvz4FU+pOZ1scxwx/whCMo2bZkVJjCFEGGs3maJYLGqpdXyKoW2v1AlQ7nWZNv
zQW23LqoNp079/X6+EjsPm+yMs1onsiljfmewrqkfKmTby/bU6SFTvmQpfWhqPQtOmRBUjpD7YjB
8GPvY0aLwRhPttUdwDOK5o1vPqznLAaXRMTqwjK2LYmq97f0yeDn4qZgd8WnkipyBH30UjmWHEGI
BY4Xp2USQJAWphxDxnI5ji9I2vze1m1zuXXEGNLtjdu8fb4lZoHkeeq7RLa34MGHFgiXtKKyuS5p
ahpq6dLyadG2RFxOc7hhlbx5GE8JyUYTBfBZ2kyBU1ayE3N1rnDBWJmMm6zalkBfgWkxZxpF0ByD
vKWdQrSg1kuUJBe0HtMSSL2TrGRCpyT5Hn1/TZg/B6cOc+fqsZmdqGI/mkh325o2knyOBMLjHN1B
OWHl5g7nHd/WREvdDBWynk+bvZjWWHOihw+UjAfnoPH8C9fZfXZz+Nu2Rphw5tNJAsyjKG6x1a2Z
akif65Ak2HsKK57F5ng6VTzxnKL2iKenRV/ZV0Z9/o+awNqvmDO2Lb/Y8S4h7c2F4DnSuClGZ6yQ
6xVL2ppZ4v2vFxmhWnX1Na43K9gzImWDD8HMP8ulwyVNdafaBONdDg5jcP6+KWePWqb1ilWLBv9G
GN8Df8SyIeQUzyicHQ+vT+XqS0fQsjjNxRwOjq8vjOHxwfnWFl4ES76Ztb7ONqp5dRNcZSiWNDUk
OBslLK+ALycsCxCbj8IABq8esIaMlW2qC+IamzjJanAi+KTZWl69bPsZtkGLRjWMlqDFK+Pj1SEr
qTbnwbMqyz+cX19sbb0Ll9PqOWOwcs5IsonVI0hLkbzV8ajg89uS4/GTNZutZKnG0T5ryzq6lzot
UloWTaWX+F9RBZFYwsQze5ZhHI7ZEVXd7YL0T3nbOYAoal9tLk3WzRqZHN0loirRyqLw2dGv29Iq
YBVFy5ZfHOCBT4+77j1JCrEc89AdlVOWYxZE3Z/Z3ywnvsZyeHtn7dmu5euN0lNc3GTF6MstK9JS
ycj1d55YXoEJR7yt4eK8IOmExjdXtgpaUd3YnPLkQvzB5MN5D0IYr16sGo71WlcWRVU896EbuGQ2
VZaGOsKacNgF462V2Qebd/oRLsYnGW3k2sKcpK/5aKinOCkp2xrqjl0UDbO6zunB0eUz0pGmpANa
KltXljS19x19S47nvH9vmsb/GOAR+G4zcP9ZwbcbbkmwL20DUbRAJL18gQsT350fHV7w4bPzos6u
puqEfE56cnPE/TuKq/r8MQt6ocz3Mec4EUU9fjagAgwT7tfmgCayY/tWAf4QkzFMFc4wPwe0jKcS
VZtzr3Fo6OUFvhxai6JCuLVJg/O28fUp5oxXYGeHpdijuUw0ZbIsQ7gaRLt1Y26qg2z0QUuZw9cv
IctgXruQrAgmUrpi9CkdjulJludKaifTVxxN7+BscHKgdcRQ1G5osmtkv1HMPmCuQ1vS1+XB+E1d
Dq+aPVarVOlq5LK1ed2WwB8U4DlxdfLhY1vMWzT/jLlEd55RSVwl4j8zJVoC2FySa3rF5G1S/FHR
r9XsYVtwOa8o+vcQbRSyTga9K6oYxYKkVxJ9rZohVp111K3NhF3RdG5CpvaMtGdr/vziMQLAJ8I5
bjpCn0qQbIirGzlaS8Q1ydJhnm2txs95RZFo+wWLi59K+kGc1VXnRwp5Te37NrvNkgmdsHJr6Ybc
fBR1L+mmLk1TyQXpiXnDdNywYoQftLU068WJYMevdWa89c2H5Jif8VhW18QRkG8uaGq2b0lrDi/u
fWgSAXDgjDZHzXciH5VsOhRHEpb7WWTyGqs4yOn9af2g7G9FikCv3I3EwXAgm0v1M85kVRKPejFH
k2LMZlkxQc6EaHnbi2EvOUbRV0AQRR2OtfAhOWFHLJMkmFNWFnq04iarqzGrT45gSsGXtS9pYpko
3NoizyThx37FKsfhJLlqX2+2iDUj9PPp8Xt1q3tH+wcL0B2IzVXrIM+wHD3a5zXj8mEMUxJjm1UO
0WyLWlxasdm+vFLZZ9M+r7HuDyWlxc/4K9vauZElR46/fE7YuxqDS54tNwcr5Q7tLV0uzQO3n/fv
fAMyCONdjh8oGNkRvd1eMVoFtLmU/25mtLjOpkpGLBGfnnlmo3EtKrpH59uagV6fDvguUMEziuYg
1hd4jq+zUsBcFnjmJN1gXCkplAM8G43Ebr2rT+91+3+xOC3TKLoVUKIoofNXErw19YG2OHuNm1zZ
5KqQn94xsiU1m+8DbW/muhUtzy/CWuBYO1R0oaZDuYaokPUhs/4OceQWo0hrf5Ml50eqijL1H1wI
OQQM3UoIf/kMr8fvkTlp5ELUgrQmyf97dv7PW99chCFv7GrKFGcgEfVdSX7rDrTpFz+5fC/2vMo7
xHd3TmaQhrzPcUnPD7e2n0PZMb6EKr/ewE0w+D5VFqoFQTljo0pZ8CtrtjRgnBc4A9Hm5oN1wRQn
IB71aKrVBfDdA77b2kZVzoxXPOvpi4uCLSAQhm+JXzlZIhGfPFq6zcXpZZubC8VlItPbol+zaVvT
JDc3Si2TPz8pQrtZpPd37D+Zt76+4JSNRrPDpqrZ5JGDIY+9q6+bePrxl0fq0a/wznN+/O7XFTDP
WIEX34P5cKkIqJBVh43+3iPacssQeFQcLzusLXa7HAxO9c03nKQHo1CVjhU0hv+2JVzC+MVo4jpR
wgo2mQHTKDpuX7dwNjnNc0WpepCHE9ZMikRp+ISV2QMrtrZJVmEaRS2S55zpkUSXClFyfyyFcvu+
PnPY8vB07F4zOkd02Jy/V/aeC8Ka1eHDswO+W9Q4gIkdX0dHyHa2ZlEtb7EdW0wZnrNOfDhWzlst
SLq3Q+ixZeJniSCtQT929lbcv1XxMzM8l7rNWFMNjntz+s43VpA52OWrLawfCzb8rAzfgCYfkhHP
/+BmuM3H9cPh4DDHclo7pzwZlk/bm+vy2RBv+1RxNmdd4yhKCSYAJoreHx50qDbJOuBrU9q/LbiE
71k5UX3KnPKkhN/YYv2aUwQLjiBOC2HxYtNFhsOc4vIMj0baSsOSrm8s05zL8I5fmJ1sS6a6Zdee
iSAcRA4g2vUHGdNzLa2DeVDN8mZyfrin8usOu5Q5Y/phl5a27vgxMGf3GflD7wnwXi/fXL7kGUX1
M1ZezvH0lF+BcFyMxI35UoFTeUO/kMTWT/BkI1pe/edqW2O7YMhFkZHoz5sqr3rmeE7ZfF/dVpaZ
2o0oy8bXR77jQ5bnmXLob0l7An2F7/Ftju/N7V2hIbGMoilkJgLEpqdy+ZY6dZtCS3j6xPeTvv7J
GC5lS0/JBCCajP9CBduwMHs4ZsXoXTNSdwq3pDWWX205n5rnZ6IsNkew3hiKOhteDLXdZkNxM/NT
+zUTPEGeubX1sK7RjQ91A1TIYEp9V7NKXxmAH8RxKlNPCgfH4ETOWZJsbyuSxDKKFFTa44ZLfqq/
6gjrzmc0k//g7Gdc6EUw7zX3WvHLETYut7anry5ZLS7WWz1ctnhnzTUW28+ANADPOIxO8ZQpV8bN
KVpQhBBB/vYdmguOUdTBWLzY6JYHXNxwZ3fFd/zJW061N9Zo2sNvg8tPHw7Ojy9/e3As2/hfI2pM
E/sUUkojq6qGVkZJ+XWZRjzr3rOuMwCSFSPjQ1afdLmWxuj587RuNrVMZeU9uhJ1Xmd5om/VLnhO
6QqfgM2pp0cWtHXbsbttM9CFfFQT3l9neNIes9ZmZut2jT4m765axXisYLjRpp6FQM9Y7m/ElPgE
JshUyb0ksu4GbH2lGfohdO9feWGW0gXyfTNKJiBa4rMJgW/M8fFkTUG70ZmOC1bTSjvN0dL0Kp++
rXGxJVQR2N9OsiNvOF1Akl5u5ODVjWaP7ntE+oYBee/jR5yVTcXvYLqitL304RsLbfqOxy30wPN3
Pc73sj6yv/ap9HuLd6to9ttev8AKOpOU93w2yMWWEPF3XTb1l3zBan824b8jIK6j5b/30ee3uPOb
aMQl5/wuVlyC3DWdr1TT+5oW3Y9o/LkjqkrSj3/EpPuhhgWF4JzyHw5RaGzyJWF1wbdgS9Tu5tol
oSlz+Tlpr0xePKdZ3l7HvKCMJspPkYzBzOXnDLryVibwHxgRWusLhZvE7e/JyB+put89kWlTokp9
ubiXX/mm6ORKJSVZM5EpV4Mz+XEyq/7Ixe+ndK8McUG01UvordHjP8bimo7pw8t/nSZvDZ8Q+Df0
qOe7qZf4FnVJaqaW56dOQJHnE/5rGhCg/8Wv95Wu9V00OMNi/K2uWvOQTdtkxhV7yR7aX7tYfBoe
7yfqmDAujmWaNkIWX7QYHH1SuiphX4QoOhFImTqcoHdFVSkfbK8n/PVc6SMNATzyHxhRxQLiHb8w
QiFKP0XCl7wQ/6EdADxWlXNpG1/IuClu5J954V2Ujdqff+lqXLybkqpzfbwDxOG3JJ7/1AjX43I2
rVl3loATRsnKmGeKmoi+sWXS4hLsUdMq4xzOb2BdxqcBwWQs9eZff/0fJC8ELA==
===END CRASH DUMP===
