PocketMine-MP Crash Dump Tue Dec 8 14:32:50 +07 2020

Error: Argument 2 passed to ShinPickaxeLevel\provider\DataProvider::savePlayer() must be of the type array, null given, called in C:\Users\Administrator\Desktop\SkyBlock 1.16-LOL\plugins\PickaxeLevelV6\src\ShinPickaxeLevel\Main.php on line 92
File: plugins/PickaxeLevelV6/src/ShinPickaxeLevel/provider/DataProvider
Line: 33
Type: TypeError

THIS CRASH WAS CAUSED BY A PLUGIN
BAD PLUGIN: ShinPickaxeLevel v6.0.0

Code:

Backtrace:
#0 plugins/PickaxeLevelV6/src/ShinPickaxeLevel/Main(92): ShinPickaxeLevel\provider\DataProvider->savePlayer(object koth\KothPlayer, NULL )
#1 src/pocketmine/plugin/MethodEventExecutor(42): ShinPickaxeLevel\Main->onQuit(object pocketmine\event\player\PlayerQuitEvent)
#2 src/pocketmine/plugin/RegisteredListener(80): pocketmine\plugin\MethodEventExecutor->execute(object ShinPickaxeLevel\Main, object pocketmine\event\player\PlayerQuitEvent)
#3 src/pocketmine/event/Event(88): pocketmine\plugin\RegisteredListener->callEvent(object pocketmine\event\player\PlayerQuitEvent)
#4 src/pocketmine/Player(3643): pocketmine\event\Event->call()
#5 src/pocketmine/network/mcpe/RakLibInterface(176): pocketmine\Player->close(object pocketmine\lang\TranslationContainer, string[21] Internal server error)
#6 vendor/pocketmine/raklib/src/server/ServerHandler(95): pocketmine\network\mcpe\RakLibInterface->handleEncapsulated(string[20] 14.176.114.238 59616, object raklib\protocol\EncapsulatedPacket, integer 0)
#7 src/pocketmine/network/mcpe/RakLibInterface(109): raklib\server\ServerHandler->handlePacket()
#8 src/pocketmine/network/mcpe/RakLibInterface(99): pocketmine\network\mcpe\RakLibInterface->process()
#9 vendor/pocketmine/snooze/src/SleeperHandler(123): pocketmine\network\mcpe\RakLibInterface->pocketmine\network\mcpe\{closure}()
#10 vendor/pocketmine/snooze/src/SleeperHandler(85): pocketmine\snooze\SleeperHandler->processNotifications()
#11 src/pocketmine/Server(2157): pocketmine\snooze\SleeperHandler->sleepUntil(double 1607412767.1106)
#12 src/pocketmine/Server(1994): pocketmine\Server->tickProcessor()
#13 src/pocketmine/Server(1588): pocketmine\Server->start()
#14 src/pocketmine/PocketMine(273): pocketmine\Server->__construct(object BaseClassLoader, object pocketmine\utils\MainLogger, string[49] C:\Users\Administrator\Desktop\SkyBlock 1.16-LOL\, string[57] C:\Users\Administrator\Desktop\SkyBlock 1.16-LOL\plugins\)
#15 src/pocketmine/PocketMine(304): pocketmine\server()

PocketMine-MP version: 3.15.2 [Protocol 408]
Git commit: 0000000000000000000000000000000000000000
uname -a: Windows NT WIN-4P2C3VGUPNN 6.3 build 9600 (Windows Server 2012 R2 Standard Edition) AMD64
PHP Version: 7.3.23
Zend version: 3.3.23
OS : WINNT, win
Composer libraries: 
- adhocore/json-comment 0.1.0@8448076039389f558f39ad0553aab87db3f81614
- ocramius/package-versions 1.5.1@1d32342b8c1eb27353c8887c366147b4c2da673c
- pocketmine/binaryutils 0.1.12@566fa87829e007eda0bd96e39fe20b9b0d638132
- pocketmine/callback-validator 1.0.2@8321aa3ccfe63639b0d08f0cbf270755cfc99fe2
- pocketmine/classloader 0.1.1@7c0363491d1ce8f914fe96d41a4338c982adedff
- pocketmine/log 0.2.0@e59bedb5d4bbeb9a26647cb7c367cb2fa72addfa
- pocketmine/log-pthreads 0.1.1@9bbcef398b01487ab47c234a6a7054722abbe067
- pocketmine/math 0.2.5@8c46cfa95351fb0b2b30739a381310941934b55f
- pocketmine/nbt 0.2.15@f8a81d37d24eb79fb77d985a52549d68955bc6a1
- pocketmine/raklib 0.12.9@5f2a02009f486ca4d90892814570fa13ebdc078d
- pocketmine/snooze 0.1.3@849510fa62e57512b8467e3694e9b3add97038fd
- pocketmine/spl 0.4.1@ff0579a0be41bbe65d3637607715c0f87728a838
- doctrine/instantiator 1.3.1@f350df0268e904597e3bd9c4685c53e0e333feea
- myclabs/deep-copy 1.10.1@969b211f9a51aa1f6c01d1d2aef56d3bd91598e5
- nikic/php-parser v4.10.2@658f1be311a230e0907f5dfe0213742aff0596de
- phar-io/manifest 2.0.1@85265efd3af7ba3ca4b2a2c34dbfc5788dd29133
- phar-io/version 3.0.2@c6bb6825def89e0a32220f88337f8ceaf1975fa0
- phpdocumentor/reflection-common 2.2.0@1d01c49d4ed62f25aa84a747ad35d5a16924662b
- phpdocumentor/reflection-docblock 5.2.2@069a785b2141f5bcf49f3e353548dc1cce6df556
- phpdocumentor/type-resolver 1.4.0@6a467b8989322d92aa1c8bf2bebcc6e5c2ba55c0
- phpspec/prophecy 1.12.1@8ce87516be71aae9b956f81906aaf0338e0d8a2d
- phpstan/phpstan 0.12.48@d364cfbac9ffd869570cdfea7eaa6541c3dac666
- phpstan/phpstan-phpunit 0.12.16@1dd916d181b0539dea5cd37e91546afb8b107e17
- phpstan/phpstan-strict-rules 0.12.5@334898a32217e4605e0f9cfa3d3fc3101bda26be
- phpunit/php-code-coverage 9.2.0@53a4b737e83be724efd2bc4e7b929b9a30c48972
- phpunit/php-file-iterator 3.0.5@aa4be8575f26070b100fccb67faabb28f21f66f8
- phpunit/php-invoker 3.1.1@5a10147d0aaf65b58940a0b72f71c9ac0423cc67
- phpunit/php-text-template 2.0.3@18c887016e60e52477e54534956d7b47bc52cd84
- phpunit/php-timer 5.0.2@c9ff14f493699e2f6adee9fd06a0245b276643b7
- phpunit/phpunit 9.4.0@ef533467a7974c4b6c354f3eff42a115910bd4e5
- sebastian/cli-parser 1.0.1@442e7c7e687e42adc03470c7b668bc4b2402c0b2
- sebastian/code-unit 1.0.7@59236be62b1bb9919e6d7f60b0b832dc05cef9ab
- sebastian/code-unit-reverse-lookup 2.0.3@ac91f01ccec49fb77bdc6fd1e548bc70f7faa3e5
- sebastian/comparator 4.0.5@7a8ff306445707539c1a6397372a982a1ec55120
- sebastian/complexity 2.0.1@ba8cc2da0c0bfbc813d03b56406734030c7f1eff
- sebastian/diff 4.0.3@ffc949a1a2aae270ea064453d7535b82e4c32092
- sebastian/environment 5.1.3@388b6ced16caa751030f6a69e588299fa09200ac
- sebastian/exporter 4.0.3@d89cc98761b8cb5a1a235a6b703ae50d34080e65
- sebastian/global-state 5.0.1@ea779cb749a478b22a2564ac41cd7bda79c78dc7
- sebastian/lines-of-code 1.0.1@6514b8f21906b8b46f520d1fbd17a4523fa59a54
- sebastian/object-enumerator 4.0.3@f6f5957013d84725427d361507e13513702888a4
- sebastian/object-reflector 2.0.3@d9d0ab3b12acb1768bc1e0a89b23c90d2043cbe5
- sebastian/recursion-context 4.0.3@ed8c9cd355089134bc9cba421b5cfdd58f0eaef7
- sebastian/resource-operations 3.0.3@0f4443cb3a1d92ce809899753bc0d5d5a8dd19a8
- sebastian/type 2.3.0@fa592377f3923946cb90bf1f6a71ba2e5f229909
- sebastian/version 3.0.2@c6c1022351a901512170118436c764e473f6de8c
- symfony/polyfill-ctype v1.18.1@1c302646f6efc070cd46856e600e5e0684d6b454
- theseer/tokenizer 1.2.0@75a63c33a8577608444246075ea0af0d052e452a
- webmozart/assert 1.9.1@bafc69caeb4d49c39fd0779086c03a3738cbb389
- pocketmine/pocketmine-mp 3.15.2@d7a66ad7559f23d24ffe95813421a720203109b1

Loaded plugins:
AddNetherite-HiroTeam 2.0.0 by Mentagess for API(s) 3.0.0, 3.0.2, 4.0.0
Worlds 3.0.6 by survanetwork for API(s) 3.0.0
Slapper 1.6.1 by jojoe77777 for API(s) 3.13.0
BuyFly 0.1 by WoolChannel3295 for API(s) 3.0.0
RenameItems 1.1 by Wertzui123 for API(s) 3.0.0
AutoInv 0.0.10 by JackNoordhuis for API(s) 3.0.0
MSpawns 2.2 by EvolSoft for API(s) 3.0.0
MaxEnchants 1.2.1 by Xenophilicy for API(s) 3.0.0
InvCrashFix 0.0.1 by  for API(s) 3.14.0
StairSeat 1.5.5 by korado531m7 for API(s) 3.14.0
AutoXP 1.0.1 by JackMD for API(s) 3.0.0
KhungLong 1.0.0 by xXNiceYT for API(s) 3.0.0
RedstoneCircuit 2.0.0 by tedo0627 for API(s) 3.6.0
DevTools 1.13.0 by PocketMine Team for API(s) 3.0.0
MineReset 3.2.0 by Falk for API(s) 3.0.0
BlockProtect 1.0.0 by DarkByx for API(s) 3.3.1, 3.3.4, 4.0.0
NoFallDamage 1.0 by DeveloperNeb101 for API(s) 3.0.0
NameTag 1 by MTwins for API(s) 3.0.0, 4.0.0
SAC 3.6.6 by DarkWav for API(s) 3.0.0
BuilderTools 1.2.0-beta2 by CzechPMDevs, VixikCZ for API(s) 3.0.0
OnlineTime 1.3 by Zedstar16 for API(s) 3.0.0
SimpleWarp 4.0.1 by Falkirks for API(s) 3.0.0
NoAdvertisingPE 1.0.1 by Vaivez66 for API(s) 3.0.0
GiftCode 2 by PTK-KienPham for API(s) 3.0.0
KillRegen 1.1.0 by NashanPlaysYT for API(s) 3.4.0, 3.3.0, 3.2.0, 3.1.0, 3.6.0
MobStacker 0.2.3 by UnknownOre for API(s) 3.8.1
KeepInventory 1.0 by KhoaGamingPro for API(s) 3.0.0
WorldProtect 2.3.8 by aliuly for API(s) 3.0.0
VanillaEntityAI 1.0.0-alpha5 by jasonwynn10 for API(s) 3.0.0
BuyFix 1.0.0 by HumYaiJang for API(s) 3.0.6
FormAPI 1.1 by jojoe77777 for API(s) 3.0.0
AntiHack 1.0.0 by pmmp for API(s) 3.0.0
TableSpoon 0.0.7-ALPHA by CortexPE, Xenophilicy, HyperFlareMC for API(s) 3.13.0
OrionTasks 1.0.0 by Clik for API(s) 3.0.0
Alias 1.2.0 by Ghast Noob for API(s) 3.0.0
DeTuMF 3.0.0 by CLADevs And Shin1134 for API(s) 3.0.0
SizePlayer 1.0.3 by  for API(s) 3.0.0
Weapons 1.12.0c by xBeastMode for API(s) 3.0.0
ItemDropText 1.0.0 by AlexItz16 for API(s) 1.0.0, 3.0.0, 4.0.0
Banking_vonfram 1 by Noob for API(s) 3.0.0
EconomyAPI 5.7.2 by onebone for API(s) 3.0.0
ChoDenUI 3.5 by BlackPMFury for API(s) 3.0.0, 3.2.0
DanhHieu 3.0.0 by padreon for API(s) 3.0.0
AuctionHouse 1.2.3 by Shock95x for API(s) 3.0.0
BankNotes 2.0.3 by AndreasHGK for API(s) 3.7.0
PiggyCustomEnchants 1.4.6 by DaPigGuy for API(s) 3.2.0
Kickk 1.1 by MCPEVN-TEAM for API(s) 3.0.0
AutoClearLagg 3.1.0 by Twisted for API(s) 3.0.0
NameCorrector 1.0.0#build011 by PEMapModder for API(s) 3.0.0
iProtector 3.1.1 by LDX for API(s) 3.0.0
OreGenerator 2.0.0 by vividmemory for API(s) 3.0.0
TheoDoi 1.2.0 by HotshotHD & CodeRed2019 for API(s) 3.0.0
ShinPickaxeLevel 6.0.0 by shin for API(s) 3.0.0
AntiNuker 2.0.0 by GreenJajot for API(s) 3.0.0
Marry 1.0.0 by GreenJajot for API(s) 3.0.0
PurePerms 1.4.2 by 64FF00 & ProjectInfinity for API(s) 3.0.0
ScoreHud 2.0.0 by JackMD for API(s) 3.0.0
ShellyEssentials 1.0.2 by Shelly7w7 and BlazeTheDev for API(s) 3.0.0
AutoMineReset 0.3.4 by  for API(s) 3.0.0
CustomAlerts 2.1 by EvolSoft for API(s) 3.0.0
PointAPI 2.0.9 by onebone for API(s) 3.0.0
AutoSell 1 by phuongaz for API(s) 3.8.2
KingOfTheHill 3.0.0-ALPHA1 by Tethered, iZeaoGamer for API(s) 3.0.0
Jail 1.3.0 by hoyinm14mc for API(s) 3.1.0
CachMuaLand 1.2 by Noob for API(s) 3.1.1
GCPClan 1.1 by InstantlyTa for API(s) 3.0.0, 4.0.0
NoTP 1.0.7 by awzaw for API(s) 3.0.0
AntiTNT 0.1 by Adam1609 for API(s) 3.0.0
sblevel 0.1 by AmGM-Encode for API(s) 3.0.0, 2.0.0
VeSo 3 by AmGM for API(s) 3.0.0
MysteryCrate 9.1.1 by JackMD, DaPigGuy for API(s) 3.9.0
BuyceUIEF 0.4 by UnknownOre for API(s) 3.0.0
DEVirion 1.2.5-ALPHA12 by poggit, SOFe for API(s) 3.0.1
AutoFix 1 by Noob for API(s) 2.0.0, 3.0.0
PointPouch 1.0.0 by HituilaHuy for API(s) 3.0.0
MapImageEngine 1.1.3 by FaigerSYS for API(s) 3.0.0
KitUI 1.3.5 by Infernus101 for API(s) 3.4.0
Police 4 by nlog for API(s) 3.0.0
InvSee 1.0.0 by BlockHorizons for API(s) 3.0.0
MuaCoinUI 3.5 by BlackPMFury for API(s) 3.0.0, 3.2.0
AntiSpam 1.3 by xBeastMode for API(s) 3.0.0
Sell 1.2.10.2 by Array, KairusDarkSeeker, JackMD for API(s) 3.0.0, 3.0.0-ALPHA12
ShopUI 0.0.1 by InstantlyTa for API(s) 3.0.0
MuaDanhHieu 3.5 by BlackPMFury for API(s) 3.0.0, 3.2.0
Warps 2.0 KSCore by KaysilGMVN for API(s) 3.0.0
MenuUI 2.0 KSCore by KaysilGMVN for API(s) 3.0.0
Minerloot 1.0.0 by Distoxicqted for API(s) 3.1.4
SlapperRotation 1.2.1 by jojoe77777 for API(s) 3.0.0
EnchantUI 0.4 by UnknownOre for API(s) 3.0.0
PlayerVaults 3.2.0 by  for API(s) 3.0.0
LoadWorlds 1.1 by shin for API(s) 3.0.0
SkyBlockUI 2.0 KSCore by KaysilGMVN for API(s) 3.0.0
CuaHangUI 3.0.0 by phuongaz | Moded by LamPocketVN for API(s) 3.9.0
ChongBug 1.0.0 by shin1134 for API(s) 3.0.0
SETVIP 2.3 by MCPEVN TEAM for API(s) 3.0.0
PECollide 1 by saxavlax001 for API(s) 3.0.0
Eff 2 by AmGM for API(s) 2.0.0, 3.0.0
QuyenVipUI 1.2 by NightBlackDM for API(s) 3.1.1
essentialsTP 1.2.2 by  for API(s) 3.0.0
ShopXP 1.0.0 by Unknown for API(s) 3.0.0
SkyBlock 1 by KhoaGamingPro for API(s) 3.0.0
PureChat 1.4.11 by 64FF00 for API(s) 3.0.0
RankShopSystem 1.0.0 by zZPROGAMERZz423 | §eFor issues report by §2Visiting GitHub.com/zZPROGAMERZz423 for API(s) 3.0.0

----------------------REPORT THE DATA BELOW THIS LINE-----------------------

===BEGIN CRASH DUMP===
eNrtXW1z27ay/isc98ydnBnLJsD3fOjYsZ3Yje3oxEqa08NOBgRAiTFF6vBFttzb/34XICUBlGNJ
tnr7JZnWElfS4llgsbtYLME/9uK8GJPq65QXZZJne6+t/b0qGfO918g1PRthzzP391JSVmdFkRd7
r//Yq2YT+HhvAC8NbX9vzMuSDAX1uBjWY55VBjYmpCw5M6rcuBklWT+ht+SeX/IpT8NwUuTThPEi
DE9JRfrt1evXJZnyfkpmvHj1T2Ncl5URcSOPjWrEDdGuQYqCzPaNrE5TY5hMebZvUJKm0E6SGSev
w/BTCZKE4TEbJ1lSVgWpctEKL2+rfBKGN7ezN2lObw10gNze5YdLwJLWwySD36gQP7thWBYUfrCC
/Yok2cFkNDHyzEiTjBsBhi6IAdHbJBV98P8D4/EuFMAEmgZJy/NQZ3kIHA+7DA/n/A5VdsBKiAhq
IfSiIBTe/mfvJ9PYhrPosFcB/ufrjRWh97OiCHn0jdPKuM2rURi+h78Nfd+4/nR5afwTIP6EDNHw
BDqUV9Dh/LCBd3jFq1HOzkBNqrN7TmsYhFf240AEyN7PefavOqnmTS4ZhiEXTMQoibZhkOSr+LLk
LlHg76D4yIegArzg7FK8ZiCTbwIIlX3zVYCxirj3M5fv+BzW4+D3jeehtrqo5W8O5Rde+f53cK7K
1PtZTMTmZ89DYneRtApgubbVgdFyk79tGn4lWThdFhmv7vLi9nBMJ/zwI7m9TKKLDHDHoMqvkOd2
+DYtAsc0L/ljYqQkG4bhoCBZmZIKLOZJnlXQ+0IfYZon2fA/GP1uyDYykhpgBsC0GlwYSonQNQAz
ywsVZEFu0ySSk6f5/uGNfDknGUuhAwKnA7OVKgyFWDAYuly9n0fyh2cZJZOyBpycvZqDM383kH0A
kh8geMWWbziBi9yF9jRY5MSscpqDcqls+kSA2AdjW/EhyGVKmbztet0MQJx5O43AYOBUiecSNM01
Q+tv1UgQbNllIC8FL9a0FTwySGWW5w+8sXAp55Pl8CBsbdvY97/7h1C9uuB/NkiQuRUUv6spzVeh
e7XvLcS9zqskTqjU5FZ2tGJMm6F5hZHjbci9FNefsipJX7G8jlJuzKMJ1wO9M92mJfydllAQ2J2W
mk96P1dg9/oNdrDlDRvre2ycFfM1Z1NWpGj1Cq2aHfn2Ct6+wp71HQ5fv1Losqqo6cLcvSElP4FQ
qbzMCRMG4RH7UUOflI3BvsyHQ8Vs2MHvzwxgFiwc7/eXxkBNlzhPdIlldsemmcLQm7//ub/Hf4SJ
T4aJuw/MoNMbdl+TbJqnUy46FtpgSQHatzf/FChd1vAZzZkI6X7/Ed39iO5+RHc/orsf0d2P6O5H
dPcjunssutvfGwpXQFIR3mVEJAn3lj/tXfWBewS9tEwm7lkHyDkQcU9UJynbe4185OzvJeVXxqd7
r2OSlhzik9YY7b22TR8aSUT0Ym74D3jXLZZfE5hKd6VxPTB+vbju2X18Yn1+96l/fW24B5YhIRiB
a5rGq/lXm/E2sAna+hEbNxXoOCmYccYSMWn+aRxfnbq2iKFGE2jBO7DAqMLlA8xaKV57DR9/zUuB
4eL6egAEeXEHUZcIscYT8DfFV7CIBSkSXor+I2wEMhf88FuZZz34Thu1mQfowDzybds3Pde0AssP
YsfxYysgzHQci5DI91hkxT5ykUCW04KMk7o8nIA5hei61/a+AIAOnAN0hJiFLRtHPkU8Ap13LOr7
vkctFzh4kU0xI65nUSHHUimiJCPFTGp0CwvhI8d1Y+J7Pg64aXqcETNigcutIObYjILIZK7lIwvr
rIQHjwBdb0rShAl9ldjMA3zkWxgRYlEac9dyLcHB9GOTRjH2TM9xaEwDwbzDUMzDVM7DObYjj5rA
wA4QQ5T7cYDsmAcusxGxLcungY/h6yyOdU5pPpQcMHQ6d4KIs8hhdhTxKCDYdW2PRqKj4AXHxAMW
LCYrHHqTalRwwhYddRREEeUwZn5kItv3SASMYAyISzzTsT2MCTRhup7OakyqUYvGOfKp7dKYBI7l
oDgyIxxZpgdaIPoXnKyNAsuOHKcjTxZVLQfkHMU+8WHwPYZtHnlBHHkeC3yHONixA+b6geNE1CVI
Z9H47kYUfBAcOTEmJjbNILZ9lxKbBaYfYB/ZjmfGBFk8YtT0fKZzaZxH2yEWKHTgIPi6i7njOQiU
0XY9brmBzYPIgm4NPNPy4y6TSSo5QEhzFMem4wWgcNxG0Hmuw2C4YYp4HnKoGfueh0FcywcOLKfC
ZPJDMHowo6tkoXKWYGQ5JotN7Po8MG0nABigxNDbvkMdi5vcsqyYczHM4xloWlQeMnB4MEcnM8kE
mWKE3SDCCMUBcUCBUexSEzSPYcJjx2WCI3ICnzvAJUtuE7C3o0lvQopSquzUFlzwkQszG0XcQohg
y+RmYHqxw2JuYmR5NiZCaFBiLk0MKXpJDkqSJTEvxTCD0gIS38Guw2NmkdiLYCoRO8IEU8tmUUwd
z/cZwwGyLIWHaqAFDOpGketjh/HYh5lNLIwxdKlvWV7sU05iFHhOTMzG0kH3ysU7hC0Fj1Nwgklr
wiRLLCcTYiaioGU2Zy6OsUOIbxPP9gizHOYQ5AbYdl0cPcUSqJFwZcAUvAjgNN2AeL4DHW+jGHQ3
toPY4mDQHNtnFFHKXQbW0l1hKpICvYKXYnncaIINGF0CShj5gR+AwCzAMI7UB8sDs59SlzsURwRM
UCt2OeFULMYnI05bRcCi+8HagEa7EfdAEUCbA8cF4xyYLiGxCaaHm8wnmLVMQB8P29f5FLP9I9Bl
m8ZgI4M4Zr4bwNSioAbE44S4jo2oxQh1XXeVSQ9e6yyp5syQC10Pyucy8LWR6VgB48ShYAU4aKTt
kjjyIwS2G3mPMBOhBq16RZ3ycs7RObIsGzpJaAXyuO2aDjfjAGyTxayYgjFCEQNjGTVaKtFIbRe5
BfgDPd4kfQKpGODC7MgDOL4FXQaWKWY4ojb3ogBD5xHLpNCahzvMROKkl0CM3c5lobjOEQFe3AeL
EmOwBCYIZsaURq4Xg5+MsB9jmJkwHB1mIlFyyxs2wlyDPoKd9pgJQ+Y6keMHtgmWxsOxh2hAqGlj
cFGu12FT8fsK/ownYvXUzkfrCPngXj0Tudw1uYNtz+OO7YBnArsA3taLqIMp8+0us2QsETnNjARF
AA9mB2AiA45jF5wXD2IGWmViG2aAB87JijqIWkUIpHaDIYKBcz3iBZ5N7cilME1gusQxGBYE1gmB
87alhSo5xG1gJjPwrMnSSiFpX2wbc4963PVh8MEDgp+1QT29yHV9GLgI2yam4J90PmLsWziCjXfk
BNgCHYEpD+Y7CFAAc9WLXRNcGwQBwNUBjxmQ6HE2MHmF0eK9NM9v68mis2HGoNgUMx+MjXBw4Izc
mCHocgAHDkpogtUVEiIyMlckWyqSR/w4tkzXFl7Ng1lDEYFwBPQUExE6IE4dcFvmCp+U3yfVbGGM
I+JTEU+Z0CNxRMFXM9OKHNcGZ2/ZJii3FyMuo5AlH5YAoUFigZ+jgR0QcAhgTSAI4kSishigciIf
c5ta2Az07ubZNCnyrI0hHelyLd+HMecMgdMmYKGgcVAjN+CwcMIQVBFgYpqE6ozuJ3lR8WIBh/kB
heDJcxHEj5EjcFkOcSNw14SDIwWhfBO8scZlmOYRScGaNPPCkV0D1swLIJwC4WzPjyAGwtAvhIJ1
g3nBQE0pRBHU0ziJJGfZy+Nek6hsVdJ1kB2JyQ1WFsyZ7cYONhmESQx5xHawFRMHHLOtsWrWaz2e
gVNQBx+6HH4vTC4Mlg/BmWNjDwwycoSVhOjL8kwMATN5lF3rriS3RiVZAHYksiKECY2QJyYJAp/q
Q7xg0cBk2LQtGnVUsuC0lj4ZBM2EXVmA4wyCV7DfjgNhF4KYD64iYmMUQXDMGAQQoCI89jrsyrwu
KO/lEyFruxywJEMztm2BwCIIfB54LxMcIPh3K6ImE74ZAgYUEF9j2GbzMURQ5pHoXWx5HgS42Aog
TI0C0HawtMRDEYEIL8agYGagcViNOSgyMSgTIoGJYG4hGADk25ZLPdfmtmfFEPj4Uj1n4zjPZrBk
TWfgB9IebeFMwXj7YoVDLYjnQA1cHkMsCr5TRHPCAIMFhjjbt5kb2VIfqhEvOYeIABxAljy0dk44
Jg/U2qKWRcCfQFwJSzAbQhQwBjADwZPD6gvmnoNFXHjHo3H+QIrqUGxeFI2RC+T0j6kbUMIjm9kB
tYTFBq03IXCG+WJ5sBCJIljS6WHu8m1vPFmsmo+YR1yw+7AKCmJsQRAfw4rGAZMCgw9rEYjJxUIg
Qnt/LrYA5NLymLFrDnIW4C5752AXBpyMlTX745/v7y1HSCiyMHWkrkZ5UYpdgSswLeDGy1LkAcgk
ETSr/ZocUHi15TV8zjMSpZwtVviMT2DBXDYbDWUeV6cqYUzk7sQcSRgu0B0XY5HbEPkUseEBCz6R
cvhwM/j1w8fL02YgykTamD3og1/zImWlImlLUEUTWF1dtLIupqRN1K1Ip0pTFfWmwkieYXgnAYTh
AsiTMoyqalK+Pmx3FsoDyeRgngn9qWEmBL1JyWTCC0XSOUUVFR24B0gX9Vv+Leee+KcJiqwXSNq0
vNkozSUcJtWojg7AgR4uIR3OhQAJ39Szt+lMEbAlqPKZXel+zfP0ZESyjKcWDpxdjWXT9KeLzRXx
IxeoLyA0VLVRperj1JUDTMpDnSBs7UqEJUexubOA8exBW/I7VKUC0Y/rKr/Ipqq5aSn60MHgdSzM
L4TeXud5wUZ1Uu5K8G/ANJszDUNoLofgPwyXoNYO5tXNhNxl6kDOKbrJxLo4Z9M8vQFUu5KkbRSG
bNF6C/1mcPxx8Kn/6Jjd3d0dcEAiuB5Ut1Iecn+WUZgmlSaTQtWVE3fV8wvPYBGcpAksg3cknMJS
6OQCinaxyWDBmJ4UpBy9Te4V4VTqihpqwmlW0X6+QOP6v4AqDEHZqGg5Tu7DsNk52ESMm4okxQ0n
lWriFzR9fJwDRx+f27wgLHcsNO5Y+RfIo/AMwwUS5e0mUolJ96XfMQ1f+h15Vsy6MAxXp7tStYZb
YwG+9J9tARs2h60EINz7UZ0NL/NsqMi3pHVF7Ni++y/XCeX/HuxKyNMky7dxV6ys8oyfJAWtk0pz
Wfona4LEirPcdLGudu7zxSja5ruiPGbxhCCnfDqAGEC1awtSx+NaXezLnSxDxsO7Gom2fbFDt0Cy
geFWVG2J7HDBQ9hxIHyExYw6XkuaHvPirrRvSbqzWBeC/NukuAURxRKmEM3DgClI1iqg3LDsF3kl
CpaUmE8lr5lBp6S4fTO712SypCURr/ajq5NtYkAFShh2gK2V7zqH/k5PyVgmQhfyaeSOfB3pRCWQ
WMtf8wiZaIfKqbKFlZeCaHP7cQ3iDIhq+OYUTajOgnJwJ9arq6vJF40T+FmxFtnC0x6fqD4WrvSZ
43ZXi0LRfiXTnQ1Bww486fGJ/LPeyr0RG9m86Fo6jdwN4cxexCvSCVFPHjgd9a9AC8QPPif3ye3J
b7sSjArmkzED5mEYNdiqxhJ2kG7rehXYhxor6JsPmcgYDuQdTIueUYh6v1h6f/wm3A0pkLurPlgw
DMMlhmeHHAtuh4pAQoUTkYb+lRQTVZOXRFVmezW8etua75cJDWzKSlbOxXLi3aT5nXJ5VpZcbMSm
Zf9s7zHXUUq8d4AXZoGKfQPjesxAwCopk2wI3FX7qn+yJs78TJIpf3B3NvpzfsKsakA6hE2EfJfE
1YlMgS+kW5C0oKwT1Aze994nPOuPdhfRAM8wnDe+uZN4n6TpRz7kmRofL2id6Kzr/65hCUUyUb9Z
doJku81AWu0rbl9R+/qC6FNpNAzffxT/b5QvyCNYFdFbLT+nEPUFKO4aoU/ZbZbfZR8KrsnpH6Dn
yrHkCKO1wPFsM6QAFMPK+QSW13KbXc3X6fQng5v3o5y8I2MxNYp8V1qqMYWhU+FsmVFeDUw1sr4m
gpHSpSNpUqc7S5Q03NrE8mQej65fHT0yjld1UsQJT5m6/zCv/K8KLuqRRBH4oSYtdMpnksG8JWdg
z6vZ8YXSL91PVmL2HkknI9LJV3wjZZ7dzbIMmS/0Qf264LLxhJdf9tQs4KKFMOyAFCXQC7hrI6+Z
nlhqCWvWJuf1+N8k+YWAqdflc1+SkhYZpU31+G1ejI/76lDNKU8mor+zXfCSfOyCYxi2EBZvNkoh
wVidE1EStEwizUlrRmEyHk92lowl5fEkgVBFNH5d327hBweitZtJnquOUCF285Ne7/iyf37cidzF
Jv29DGnUbOz+3vkMVnNvU1Lwq5OdbfFo2dklVPX9+rnzoQCZBqS8VdcsCnHN6J2kyc4SFoIXROSi
7Wf4hOM0IaoMzfXKgkuH/24EttS4zvNoV0LIZhvUsix9E+infFBfvdWyY5LQ3SDt9v3lsVhsGccZ
k7cnIWTZOxuLhrdMGCVCpzYdhpvkob2HTFv1LIhdfbK+m+d/AXrZ3mVz09Py/UaRBSeTXNtVmlM6
FhlUiXaSxW84KNOVCP13JMaSYxi2MBZvNtp1qfj4tMgnA1m4stx2Uclr5vdxyu8vqgdt7Y2U+oIX
Z4YEGAFkcw17Q7JbiB+/TvMsLrQKiu4nT6S5djnlBa8wFI1vLsQZzbN8PNOdv0JUoTsHXncXM894
BP/vSoKWXRjyBgHwhPhLRbNWoJNRfsqzT6o4C5Juxzph5psUgoT+1du6mD1aw4JfYMRaAGHYvNt8
eE5JNjpPeK3a5DlpjVWeEFZw+HBHQ9OyA6eeVFXKj08/buESa1mwfZ7XJde29xRy10F2lr03I1iE
BM79C1cAmi6p275KwUrbkqgGkPhGAp/YENTQbmQermFRVHYMQ0Pr7pR1xAVXWoDNPX/3XhPYWyOw
Kt9TscGCe2MuJCTl7Sbi9ZPhcHZSl1U+fqRc4LFP9RG2VxPn8KN3tT758Esy5w0/cUf+Cpht8lL0
9lbLSYnrJ5dFVyf9s8/XvcHZ8dXOFhSSZRjOW99oL/0k5aS4JMNhZ0t9SddNyErmZXAnbu9muxKi
atg1ZTZUgEgBRLPVrmLaNuPUwjwuZ2k9vjo51Pm1G1CwJCraQlxtG2pJX4lAfpLbEibqDG//7IpM
IBgSO0i7ypkuWYahhqpzucnQJ20uRhNVIXYHvSPe5emXXYkFrMJw2fKzU4rApydmwKEihVwy8nfy
jlNdVI28piJhmkwTNubjvNhZCk5tPgzbtxt5jMGI56d5oq77W8qa1eN5XoHXqs5Pjf8xRNb9I2fY
RMHOturGTNyuJ6s4T8bspnm/0SKse6KIshRbPWxkKaO7OlIlfH9XAj1+hsam+SWRzyk6CaaGtkbZ
3hWcZ7+Qb/nOiv4WTW8uwRUptER8c71m9bV75EuOAnqxTYJFZHH7vNBqZ5e0bpTRWbC49tu3pgnz
BCyJuEHjIouTTNyhsyO5vjYNQNAxR6S8fYbpk7+dH7ez4COmlrg7/Lxm6pSak9bo4V9TMDdvfYsU
zYin6Wy59atZh85HXQXF3eWB+L535xkkYwYs5R442M5TPt2dydABbbP4qfLHarF0up7WbSqSdp6O
UuN+rfnNpWnC6OOUF1q8r5F19UN/bd2z2jK4Jx3H8yqg+3mSVXpGZEHqTq3gL82HsFwc3vCyhIgY
6BtQ3o7qSdITianJqM6zIXno7DLjZ+cPWn6N5onWt1mDZcMPMUzo80STQ6ev5EOanZGOXAN58xBn
+0byGyf5OzLeXRi/PKVsU8l+IYkqkLzs1CB1rfconyXZGNljqm/gPB/2kmMYfgMEYdjiWG8NCB1d
1eSSZKofUqmdyHVN8hM9v4ohhdbCMJMp0HFN0qbx9YUzJ/2TlKh7bXPKk0v8i+bkiHQ2ILsuUUzm
rCsShjElFMCE4duT4xbV2ggCjBr8bMIPpllT/zToa0VPg9WKeq9Tk3D3QO52VpIgmImRqSbPXgA2
gNr4e3A96ETfA3mmzhN3fh0zMkauGewy7oZGN607L6EBffUzpzyNevzuqneW0cd2cvbbwO4FK6Aw
LKP50mvtPPnMb3K1kkNcagZ3FfrOOht4heG/Bmij5c1M1KTMTuSaW1nlqGQVd7CaAGnD4/3HM5LB
yyNlFcxLbzDRBGtKUCj/dHH2Vq9CaWm6utkbVZa9YOTUyrIWxBZbH2efkyLRyiAWpG4+xGldfce/
TPLhUN6VcvPhbVeoZzuahmkYTiWUMGR8/k6Bt8YgiBBIrxSaUzbfKsTa7uczhWn85bLx9YtvEQj3
85qOutFxQ1xX6pRUdZKS83pnC+5l29vkQCYX4haGs2woD8lVkiHaB92qU6tbGZ0MeXHz75tdybJg
KERRkXSvNwuaK20XtLnuBpdON66JeZHVZfcmkhfcGqiwFPsX1TY2oJ+nCeWapkmCVrKuS5CJI9t2
NB6CVxg2bW4O+iKb3nCu314qCGumhrxp6Dwvkoc829n9zRrTMGyQbHP/C8TxJzDDNE1a0v6uDXVA
8BvNRQhzmieDZJsddRG63Uz0Ay/mpCfv/vgLymoiwXEsy2rEMXQlYBiLXO4c0Fgdo+/5ks7afnVd
L+7Q7ibM/gNdKO5AFtDfk6SoS3GjEehGk8b+ToZwX1tX411sRQu453LptnnWMJ9o6tgSnr5x+8kV
2w7kKAFEnYiD3lswm8ysR6o7VOrfWK5yAhjaehXxdouKeFJMtKo1ed3Jmhnvb07ygnfK/MmsTNJ3
V5+vd3aqhWh7i6iAZ7Vu5xrC3wh+G18pkrlFmufd+30b2rrbY5Oyyu8T+t/udj86sJ9/k/mSZxhW
W+T72oNePuaVPJtq9RybxSdrjqLYfYF6B8AWhXZN5YmmYEva37gwW4DYIiyTJbSfSZ3qRT8q+ekb
zHckx/wYjebBAlPZ8vwc/wWOteKIaGjlbCiF+GQmcJf70ss2N08LiKwAnUyzgyqfyLnTnu+tu8gl
8e+xZksA22w1EYgMhnop54K2rvqx3W4w/tcQIRszoplxScbNWQkdudaldJSbYZR9IG0X5rF6t402
QxYCbdEvI/jtm3qoV7g2pDVmvtxxdf682l8GCnME68372eDzhZqTbgmdO+UeK6oz/oqiuhvQiGSj
e4n7Zyd5mibafbZL2hO5m5Lck2lK7s3dHc6gsAQDyGkDYtOU9Jk4UnTpiOSJo9+9TbiTzd1J5gma
BNyCM9pc9f9Vz3gGY6XZBIX49G5TMhxVMmw+vdrVrhOorTjuQ/IMwzmItXLwRR2BtjejkbuhDf4r
HKjaYhh22t9oKaYd2NQS1lihNvrY2eFg/S0iy9YPPeIbn5q+O7wFueM3mrN78ozPlBL0q1k/lYVR
8nX9ZBaFQScj7TSwBalbD9WtZm3qlbZbEi8LkR4750GWyZeio8Tdh9Mkr8v+WW9O3/tOrZQAu3y3
g0opyUacXkWyW6GXN2KnRE37dD5Yo7QPv/U/fnh3fHX28bcHG1sQV4S1aRKPQ3BgJGVZ89IouDgd
WYQazWf4cwJ4QWuMd0l13uLsMNq+59v+UYISpb7skVDliamjd8Gm0+hP9XTag9lYPIRBnuUrHpZy
II7AF0dXyBPixUG2pID+rvjcbPH7imftE0j+2JPBp/LklIi2T7lYUChJuXjqikbLx19ZXmWioEqh
tsf+Lgl1karXrDlvenEdJ2lzlvWCMhxrz3EZkVLDksDcnaoE8XQWqS+e1Jdx1DyMR/1K2T40RqVN
qC71x8VDDbRfyk4udRJL6rFKuelfqpfjWfnfVD58pn1nyNO1cY/xqdETT7JxTNv04O0/Lthrw6MU
/gtc7npO7DIPc4fGZoxdL7Z9jlyPikeRgLr/Q5yNrJyJvGhwRuT44/bugYdk0qySHLmKfWgeFbL4
Nlzej/UxyYU42DQthLCopuqfftC6iuVfpShdIpASfThB77Ky1L7YHBXz5Urrow4CuBRPZ9HFAuKd
OGJYIyrPcRFLWiSeUgSAR7pyLufGVzqqs1v1GTmii5Jh8+yctvxedBMrWycvOkBWBrBo/pwWocfF
bFLlbWWgIAzZypgnmprIvrFU0uIE8WHdKOMczm8wu4wPfUroSOnNP//8P0Wzbj4=
===END CRASH DUMP===
