PocketMine-MP Crash Dump Tue Nov 17 18:39:40 +07 2020

Error: Argument 2 passed to ShinPickaxeLevel\provider\DataProvider::savePlayer() must be of the type array, null given, called in C:\Users\Administrator\Desktop\SkyBlock 1.16\plugins\PickaxeLevelV6\src\ShinPickaxeLevel\Main.php on line 92
File: plugins/PickaxeLevelV6/src/ShinPickaxeLevel/provider/DataProvider
Line: 33
Type: TypeError

THIS CRASH WAS CAUSED BY A PLUGIN
BAD PLUGIN: ShinPickaxeLevel v6.0.0

Code:

Backtrace:
#0 plugins/PickaxeLevelV6/src/ShinPickaxeLevel/Main(92): ShinPickaxeLevel\provider\DataProvider->savePlayer(object koth\KothPlayer, NULL )
#1 src/pocketmine/plugin/MethodEventExecutor(42): ShinPickaxeLevel\Main->onQuit(object pocketmine\event\player\PlayerQuitEvent)
#2 src/pocketmine/plugin/RegisteredListener(80): pocketmine\plugin\MethodEventExecutor->execute(object ShinPickaxeLevel\Main, object pocketmine\event\player\PlayerQuitEvent)
#3 src/pocketmine/event/Event(88): pocketmine\plugin\RegisteredListener->callEvent(object pocketmine\event\player\PlayerQuitEvent)
#4 src/pocketmine/Player(3643): pocketmine\event\Event->call()
#5 src/pocketmine/network/mcpe/RakLibInterface(122): pocketmine\Player->close(object pocketmine\lang\TranslationContainer, string[17] client disconnect)
#6 vendor/pocketmine/raklib/src/server/ServerHandler(127): pocketmine\network\mcpe\RakLibInterface->closeSession(string[20] 14.246.128.239 54751, string[17] client disconnect)
#7 src/pocketmine/network/mcpe/RakLibInterface(109): raklib\server\ServerHandler->handlePacket()
#8 src/pocketmine/network/mcpe/RakLibInterface(99): pocketmine\network\mcpe\RakLibInterface->process()
#9 vendor/pocketmine/snooze/src/SleeperHandler(123): pocketmine\network\mcpe\RakLibInterface->pocketmine\network\mcpe\{closure}()
#10 vendor/pocketmine/snooze/src/SleeperHandler(85): pocketmine\snooze\SleeperHandler->processNotifications()
#11 src/pocketmine/Server(2157): pocketmine\snooze\SleeperHandler->sleepUntil(double 1605613180.4324)
#12 src/pocketmine/Server(1994): pocketmine\Server->tickProcessor()
#13 src/pocketmine/Server(1588): pocketmine\Server->start()
#14 src/pocketmine/PocketMine(273): pocketmine\Server->__construct(object BaseClassLoader, object pocketmine\utils\MainLogger, string[45] C:\Users\Administrator\Desktop\SkyBlock 1.16\, string[53] C:\Users\Administrator\Desktop\SkyBlock 1.16\plugins\)
#15 src/pocketmine/PocketMine(304): pocketmine\server()

PocketMine-MP version: 3.15.2 [Protocol 408]
Git commit: 0000000000000000000000000000000000000000
uname -a: Windows NT WIN-4A4JKK157BG 6.3 build 9600 (Windows Server 2012 R2 Standard Edition) AMD64
PHP Version: 7.3.23
Zend version: 3.3.23
OS : WINNT, win
Composer libraries: 
- adhocore/json-comment 0.1.0@8448076039389f558f39ad0553aab87db3f81614
- ocramius/package-versions 1.5.1@1d32342b8c1eb27353c8887c366147b4c2da673c
- pocketmine/binaryutils 0.1.12@566fa87829e007eda0bd96e39fe20b9b0d638132
- pocketmine/callback-validator 1.0.2@8321aa3ccfe63639b0d08f0cbf270755cfc99fe2
- pocketmine/classloader 0.1.1@7c0363491d1ce8f914fe96d41a4338c982adedff
- pocketmine/log 0.2.0@e59bedb5d4bbeb9a26647cb7c367cb2fa72addfa
- pocketmine/log-pthreads 0.1.1@9bbcef398b01487ab47c234a6a7054722abbe067
- pocketmine/math 0.2.5@8c46cfa95351fb0b2b30739a381310941934b55f
- pocketmine/nbt 0.2.15@f8a81d37d24eb79fb77d985a52549d68955bc6a1
- pocketmine/raklib 0.12.9@5f2a02009f486ca4d90892814570fa13ebdc078d
- pocketmine/snooze 0.1.3@849510fa62e57512b8467e3694e9b3add97038fd
- pocketmine/spl 0.4.1@ff0579a0be41bbe65d3637607715c0f87728a838
- doctrine/instantiator 1.3.1@f350df0268e904597e3bd9c4685c53e0e333feea
- myclabs/deep-copy 1.10.1@969b211f9a51aa1f6c01d1d2aef56d3bd91598e5
- nikic/php-parser v4.10.2@658f1be311a230e0907f5dfe0213742aff0596de
- phar-io/manifest 2.0.1@85265efd3af7ba3ca4b2a2c34dbfc5788dd29133
- phar-io/version 3.0.2@c6bb6825def89e0a32220f88337f8ceaf1975fa0
- phpdocumentor/reflection-common 2.2.0@1d01c49d4ed62f25aa84a747ad35d5a16924662b
- phpdocumentor/reflection-docblock 5.2.2@069a785b2141f5bcf49f3e353548dc1cce6df556
- phpdocumentor/type-resolver 1.4.0@6a467b8989322d92aa1c8bf2bebcc6e5c2ba55c0
- phpspec/prophecy 1.12.1@8ce87516be71aae9b956f81906aaf0338e0d8a2d
- phpstan/phpstan 0.12.48@d364cfbac9ffd869570cdfea7eaa6541c3dac666
- phpstan/phpstan-phpunit 0.12.16@1dd916d181b0539dea5cd37e91546afb8b107e17
- phpstan/phpstan-strict-rules 0.12.5@334898a32217e4605e0f9cfa3d3fc3101bda26be
- phpunit/php-code-coverage 9.2.0@53a4b737e83be724efd2bc4e7b929b9a30c48972
- phpunit/php-file-iterator 3.0.5@aa4be8575f26070b100fccb67faabb28f21f66f8
- phpunit/php-invoker 3.1.1@5a10147d0aaf65b58940a0b72f71c9ac0423cc67
- phpunit/php-text-template 2.0.3@18c887016e60e52477e54534956d7b47bc52cd84
- phpunit/php-timer 5.0.2@c9ff14f493699e2f6adee9fd06a0245b276643b7
- phpunit/phpunit 9.4.0@ef533467a7974c4b6c354f3eff42a115910bd4e5
- sebastian/cli-parser 1.0.1@442e7c7e687e42adc03470c7b668bc4b2402c0b2
- sebastian/code-unit 1.0.7@59236be62b1bb9919e6d7f60b0b832dc05cef9ab
- sebastian/code-unit-reverse-lookup 2.0.3@ac91f01ccec49fb77bdc6fd1e548bc70f7faa3e5
- sebastian/comparator 4.0.5@7a8ff306445707539c1a6397372a982a1ec55120
- sebastian/complexity 2.0.1@ba8cc2da0c0bfbc813d03b56406734030c7f1eff
- sebastian/diff 4.0.3@ffc949a1a2aae270ea064453d7535b82e4c32092
- sebastian/environment 5.1.3@388b6ced16caa751030f6a69e588299fa09200ac
- sebastian/exporter 4.0.3@d89cc98761b8cb5a1a235a6b703ae50d34080e65
- sebastian/global-state 5.0.1@ea779cb749a478b22a2564ac41cd7bda79c78dc7
- sebastian/lines-of-code 1.0.1@6514b8f21906b8b46f520d1fbd17a4523fa59a54
- sebastian/object-enumerator 4.0.3@f6f5957013d84725427d361507e13513702888a4
- sebastian/object-reflector 2.0.3@d9d0ab3b12acb1768bc1e0a89b23c90d2043cbe5
- sebastian/recursion-context 4.0.3@ed8c9cd355089134bc9cba421b5cfdd58f0eaef7
- sebastian/resource-operations 3.0.3@0f4443cb3a1d92ce809899753bc0d5d5a8dd19a8
- sebastian/type 2.3.0@fa592377f3923946cb90bf1f6a71ba2e5f229909
- sebastian/version 3.0.2@c6c1022351a901512170118436c764e473f6de8c
- symfony/polyfill-ctype v1.18.1@1c302646f6efc070cd46856e600e5e0684d6b454
- theseer/tokenizer 1.2.0@75a63c33a8577608444246075ea0af0d052e452a
- webmozart/assert 1.9.1@bafc69caeb4d49c39fd0779086c03a3738cbb389
- pocketmine/pocketmine-mp 3.15.2@d7a66ad7559f23d24ffe95813421a720203109b1

Loaded plugins:
NameTag 1 by MTwins for API(s) 3.0.0, 4.0.0
MineReset 3.2.0 by Falk for API(s) 3.0.0
WorldProtect 2.3.8 by aliuly for API(s) 3.0.0
SimpleWarp 4.0.1 by Falkirks for API(s) 3.0.0
Worlds 3.0.6 by survanetwork for API(s) 3.0.0
KhungLong 1.0.0 by xXNiceYT for API(s) 3.0.0
InvCrashFix 0.0.1 by  for API(s) 3.14.0
StairSeat 1.5.5 by korado531m7 for API(s) 3.14.0
NoAdvertisingPE 1.0.1 by Vaivez66 for API(s) 3.0.0
BlockProtect 1.0.0 by DarkByx for API(s) 3.3.1, 3.3.4, 4.0.0
Slapper 1.6.1 by jojoe77777 for API(s) 3.13.0
NoFallDamage 1.0 by DeveloperNeb101 for API(s) 3.0.0
MSpawns 2.2 by EvolSoft for API(s) 3.0.0
RedstoneCircuit 2.0.0 by tedo0627 for API(s) 3.6.0
AutoXP 1.0.1 by JackMD for API(s) 3.0.0
BuilderTools 1.2.0-beta2 by CzechPMDevs, VixikCZ for API(s) 3.0.0
DevTools 1.13.0 by PocketMine Team for API(s) 3.0.0
KeepInventory 1.0 by KhoaGamingPro for API(s) 3.0.0
Eternity 1 by minefore and shin1134 for API(s) 3.9.0
MuaCoinUI 3.5 by BlackPMFury for API(s) 3.0.0, 3.2.0
LoadWorlds 1.1 by shin for API(s) 3.0.0
DOLNapTheUI 1.0.87 by Shin1134 for API(s) 3.0.0
ShinPickaxeLevel 6.0.0 by shin for API(s) 3.0.0
MuaDanhHieu 3.5 by BlackPMFury for API(s) 3.0.0, 3.2.0
DanhHieu 3.0.0 by padreon for API(s) 3.0.0
FormAPI 1.1 by jojoe77777 for API(s) 3.0.0
ChoDenUI 3.5 by BlackPMFury for API(s) 3.0.0, 3.2.0
AutoClearLagg 3.1.0 by Twisted for API(s) 3.0.0
ScoreHud 2.0.0 by JackMD for API(s) 3.0.0
EconomyAPI 5.7.2 by onebone for API(s) 3.0.0
DEVirion 1.2.5-ALPHA12 by poggit, SOFe for API(s) 3.0.1
QuyenVipUI 1.2 by NightBlackDM for API(s) 3.1.1
OrionTasks 1.0.0 by Clik for API(s) 3.0.0
MenuUI 2.0 KSCore by KaysilGMVN for API(s) 3.0.0
Sell 2 by Muqsit for API(s) 3.0.0
MapImageEngine 1.1.3 by FaigerSYS for API(s) 3.0.0
BuyFix 1.0.0 by HumYaiJang for API(s) 3.0.6
EnchantUI 0.4 by UnknownOre for API(s) 3.0.0
ShopUI 0.0.1 by InstantlyTa for API(s) 3.0.0
sblevel 0.1 by AmGM-Encode for API(s) 3.0.0, 2.0.0
OreGenerator 2.0.0 by vividmemory for API(s) 3.0.0
AutoFix 1 by Noob for API(s) 2.0.0, 3.0.0
AntiTNT 0.1 by Adam1609 for API(s) 3.0.0
SizePlayer 1.0.3 by  for API(s) 3.0.0
1vs1 1.0.1 by VixikHD for API(s) 3.0.0, 4.0.0
KingOfTheHill 3.0.0-ALPHA1 by Tethered, iZeaoGamer for API(s) 3.0.0
Eff 2 by AmGM for API(s) 2.0.0, 3.0.0
SlapperRotation 1.2.1 by jojoe77777 for API(s) 3.0.0
SkyBlockUI 2.0 KSCore by KaysilGMVN for API(s) 3.0.0
CustomAlerts 2.1 by EvolSoft for API(s) 3.0.0
SETVIP 2.3 by MCPEVN TEAM for API(s) 3.0.0
TheoDoi 1.2.0 by HotshotHD & CodeRed2019 for API(s) 3.0.0
AutoInv 1.0.0 by Nope for API(s) 3.0.0
ChongBug 1.0.0 by shin1134 for API(s) 3.0.0
DeTuMF 3.0.0 by CLADevs And Shin1134 for API(s) 3.0.0
PECollide 1 by saxavlax001 for API(s) 3.0.0
NameCorrector 1.0.0#build011 by PEMapModder for API(s) 3.0.0
SkyBlock 1 by KhoaGamingPro for API(s) 3.0.0
TableSpoon 0.0.7-ALPHA by CortexPE, Xenophilicy, HyperFlareMC for API(s) 3.13.0
Weapons 1.12.0c by xBeastMode for API(s) 3.0.0
MysteryCrate 9.1.1 by JackMD, DaPigGuy for API(s) 3.9.0
iProtector 3.1.1 by LDX for API(s) 3.0.0
Warps 2.0 KSCore by KaysilGMVN for API(s) 3.0.0
AntiSpam 1.3 by xBeastMode for API(s) 3.0.0
KitUI 1.3.5 by Infernus101 for API(s) 3.4.0
NoTP 1.0.7 by awzaw for API(s) 3.0.0
PiggyCustomEnchants 1.4.6 by DaPigGuy for API(s) 3.2.0
GCPClan 1.1 by InstantlyTa for API(s) 3.0.0, 4.0.0
Banking_vonfram 1 by Noob for API(s) 3.0.0
CachMuaLand 1.2 by Noob for API(s) 3.1.1
PointAPI 2.0.9 by onebone for API(s) 3.0.0
AuctionHouse 1.2.3 by Shock95x for API(s) 3.0.0
Minerloot 1.0.0 by Distoxicqted for API(s) 3.1.4
ShellyEssentials 1.0.2 by Shelly7w7 and BlazeTheDev for API(s) 3.0.0
ItemDropText 1.0.0 by AlexItz16 for API(s) 1.0.0, 3.0.0, 4.0.0
Alias 1.2.0 by Ghast Noob for API(s) 3.0.0
essentialsTP 1.2.2 by  for API(s) 3.0.0
BuyceUIEF 0.4 by UnknownOre for API(s) 3.0.0
Kickk 1.1 by MCPEVN-TEAM for API(s) 3.0.0
InvSee 1.0.0 by BlockHorizons for API(s) 3.0.0
PurePerms 1.4.2 by 64FF00 & ProjectInfinity for API(s) 3.0.0
PlayerVaults 3.2.0 by  for API(s) 3.0.0
PureChat 1.4.11 by 64FF00 for API(s) 3.0.0
RankShopSystem 1.0.0 by zZPROGAMERZz423 | §eFor issues report by §2Visiting GitHub.com/zZPROGAMERZz423 for API(s) 3.0.0

----------------------REPORT THE DATA BELOW THIS LINE-----------------------

===BEGIN CRASH DUMP===
eNrtXFtz2ziy/issz9ZWpiqSCfCehyk7tnPZ2I43VjKzOZxKgQAoYUwRWpKSLc+Z/34aICURlC+S
rdQ8nEztxlJLanzd6CsA4s+9VBZjUn2b8aIUMt975bzcq8SY771Cvu35yEGh/XIvI2V1UhSy2Hv1
5141n8DHewP4U9Ne7o15WZKhoh4Ww+mY55WFrQkpS86sSlqXI5FfCHpFbvgpn/EsjieFnAnGizg+
JhW5aN69elWSGb/IyJwXL362xtOyshJuydSqRtxS41qkKMj8pZVPs8waihnPX1qUZBmMI3Lr6FUc
fy5Bkjg+ZGORi7IqSCXVKLy8quQkji+v5q8zSa8s1Ec+4MimQ5HD99vwvsAHZUHhy2u4z4jI+5PR
xJK5lYmcWxEG8VNA80ZkSv7vD+Fu1SlQCkmNouG5b7LcB477XYb7C377bXbASokH5qDsoSAUXv7P
3k+2tQ1npawXEf751cYG0PulZQAy+YPTyrqS1SiOP8C/Nf2ldf759NT6GSD+hCw18ASUyStQNt+v
4e2f8Wok2QmYR3Vyw+kUJuCFezcQBbL3i8z/PRXVYsgVwzjmiomaJTU2TJL+q76suWsU+B4Un/gQ
pp8XnJ2qvznIFNoAos2+/irAWEfc+4XrV3wB627wL62noXa6qPVv9vUXXoThPTjXZer9ohyw/tnT
kLhdJI0BOL7rdGA03PRv64FfaBZel0XOq2tZXO2P6YTvfyJXpyJ5nwPuFEz5BcK4w7ceEThmsuR3
iZGRfBjHg4LkZUYqiJRHMq9A+8oewcVFPvwfFPxu0Uyo4MdESWWeAxONzrcAL5NFG2BBrjKRaMeB
cAHhd/9S/3lHcpaB8AgHHYyNSHGsZIKZMIVqsF9CJAZ0LxpM2P7dQm4fu34f4bCPncjy3MBDG4AO
tlOpHQHcWigIXVoUiF5tkXq/jPSLC6JY1vMWbjVIFG2pEogyFBRSjxXdMQtlLuUtr8NXxvmkrX9n
28Hu/+6fam6mBf+rRoLsraCEXgdJ/VVQr/G9pbjnshKpoNpMG9nRWqSsp+YFRl6wIfdSvf+cVyJ7
weQ0ybi1KhH6roPdeiR8z0goitzOSPUnvV8qCGoXNXYI1DUb5z423lpsWrApK1I0doXWY4p+eQYv
X+DAuYfDt2/gAeAZU7qMZa9JyY+g/ilPJWHK2+8IDlPQSVlH41M5HLZiguv9/oSqZPlzz/n9OUVN
rQrvAVU4dndOatcFLf7+18s9/qPmu7fm232lBQqv2X0T+UxmM66UCmMwUYDF7S0+BUqXNXxGJVM1
2u8/yrUf5dqPcu1HufajXPtRrv0o1/4flWsv94YqvpNM1Ws5UUt4e6uf9s4ugHsC2lkt9e05feT1
VTGTTEXG9l6hEHkv90T5jfHZ3quUZCWHoqOQlaQS2Lp2CIMIVZLYG/4HvKcNll8FuNB1aZ0PrF/f
n/fcQ/dfHz6AOb9+a/l9x9IQrMi3bevF4qv1PFvYBiv9hK3LCmybFMw6YUI5y8/W4dmx76rCaDSB
EYK+AyET3t6Ct2rxmvfw8TdZKgzvz88HQNBvrqGUUnXTeAKBuPgGkbAgheCl0h9hI5C54Pt/lDLv
wXeaUszuo759ELpuaAe+7UROGKWeF6ZORJjteQ4hSRiwxElD5COFTNKCjMW03J9AGIVyuddoXwFA
fa+PDhBzsOPiJKSIJ2DrnkPDMAyo4wOHIHEpZsQPHKrkWBlFInJSzLUlN7AQPvB8PyVhEOKI23bA
GbETFvnciVKO7SRKbOY7IXKwyUql5QTQ9WYkE0zZqsZm9/FB6GBEiENpyn3HdxQHO0xtmqQ4sAPP
oymNFPMOQ+V/mfa/BbaDgNrAwI0QQ5SHaYTclEc+cxFxHSekUYjh6yxNTU6ZHGoOGJTOvSjhLPGY
myQ8iQj2fTegiVIU/MEpCYAFS8kah96kGhWcsKWiDqIkoRzmLExs5IYBSYARzAHxSWBDvsWYwBC2
H5isxqQaNWi8g5C6Pk1J5DkeShM7wYljB2AFSr+QXF0UOW7ieR158qRqOCDvIA1JCJMfMOzyJIjS
JAhYFHrEw54bMT+MPC+hPkEmizpn16LgfnTgpZjY2Laj1A19SlwW2WGEQ+R6gZ0S5PCEUTsImcml
ThqNQhww6MhD8HUfcw/KDTBG1w+440cujxIH1BoFthOmXSaTTHNwQaVpantBBAbHXQTK8z0G0w0u
EgTIo3YaBgEGcZ0QODBJVbjk+xD0wKMrsTQ5RzFyPJulNvZDHtmuFwEMMGLQduhRz+E2dxwn5VxN
83gOlpaU+wwSHfjoZK6ZIFvNsB8lGKE0Ih4YMEp9aoPlMUx46vlMcUReFHIPuOTiSkC8HU16E1KU
2mRnruKCD3zwbJRwByGCHZvbkR2kHku5jZETuJgoocGIuQ4xpOgJCUaSi5SXaprBaAFJ6GHf4ylz
SBok4ErETTDB1HFZklIvCEPGcIQcp8WjHaAVDOoniR9ij/E0BM8mDsYYVBo6TpCGlJMURYGXEruO
dKBe3Y1DuVLwNIPkJ5oQplli7UyI2YiClbmc+TjFHiGhSwI3IMzxmEeQH0EN6uPkIZZATVQaA6aQ
RQCn7UckCD1QvItSsN3UjVKHQ0Dz3JBRRCn3GURLf42p6vJ7BS9Vz1tbggsYfQJGmIRRGIHALMIw
jzSEyAPeT6nPPYoTAiGoEbuccKo67MmI08YQsFI/RBuwaD/hARgCWHPk+RCcI9snJLUh9HCbhQSz
hgnY437zd+FibngAtuzSFGJklKYs9CNwLQpmQAJOiO+5iDqMUN/315n04O80F9WCGfJB9WB8PoNc
m9ieEzFOPApRgINFuj5JkzBBELtRcAczVWbQqldMM14uOHoHjuOCkpRVoIC7UONxO40gNjnMSSkE
I5QwCJZJbaUajbZ2tWAA/4DG61WcSBsGpDA3CQBO6IDKIDKlDCfU5UESYVAecWwKowW4w0ythvQE
1NaNLyvD9Q4I8OIhRJQUQySwQTA7pTTxgxTyZILDFINnwnR0mKnVjytes1HhGuwR4nTAbJgy30u8
MHJtiDQBTgNEI0JtF0OK8oMOm4rfVPDPGHrZijf+6BygENJrYCOf+zb3sBsE3HM9yEwQFyDbBgn1
MGWh22UmxhqRV3skGAJkMDeCEBlxnPqQvHiUMrAqG7vgAQEkJyfpIGoMIdLWDYEIJs4PSBAFLnUT
n4KbgLukKQQWBNEJQfJ2dYQqOdRtECZzyKxiFaWQji+ui3lAA+6HMPmQASHPumCeQeL7IUxcgl0b
U8hPJh819w0cxSY48CLsgI2Ay0P4jiIUga8GqW9DaoMiALh6kDEjktzNBpxXBS3ey6S8mk6WygaP
QamtPB+CjUpwkIz8lCFQOYCDBKUswekKCRUZWRiSqw0pIGGaOrbvqqwWgNdQRKAcATvFRJUOiFMP
0pa9xifjN6KaL4NxQkKq6ikbNJImFHI1s53E811I9o5rg3EHKeK6ClnxYQIINRIH8hyN3IhAQoBo
AkUQJxqVwwCVl4SYu9TBdmSqm+czUci8qSE9nXKdMIQ55wxB0iYQoWBwMCM/4tAwYSiqCDCxbUJN
RjcTWVS8WMJhYUSheAp8BPVj4ilcjkf8BNI14ZBIQajQhmxscBlmMiEZRJPaLzytGohmQQTlFAjn
BmECNRAGvRAK0Q38goGZUqgiaGBwUiuXZU+mvXr1sTFJ30NuopwboiyEM9dPPWwzKJMYCojrYScl
HiRm12BV92k9nkNSaE8+qBx+r0IuTFYIxZnn4gACMvJUlITqywlsDAUzuZNdk640t9okWQRxJHES
hAlNUKCcBEFODaFecGhkM2y7Dk06JllwOtU5GQTNVVxZguMMileI354HZReCmg/eJcTFKIHimDEo
IMBEeBp02JVyWlDekxMla9MOOJqhnbquQuAQBDkPspcNCRDyu5NQm6ncDAUDikhoMGyW5zFUUPaB
0i52ggAKXOxEUKYmEVg7RFoSoIRAhZdiMDA7Mjis1xwU2RiMCZHIRuBbCCYAha7j08B3uRs4KRQ+
oTbP+TiV+Rxa1mwOeSDr0QbODIJ3qDoc6kA9B2bg8xRqUcidqppTARgiMNTZocv8xNX2UI14yTlU
BJAAcnHbxDmVmAIwa4c6DoF8AnUltGAulCgQDMADIZND9wW+52FVF17zZCxvSVHtq92Iog5ykXb/
lPoRJTxxmRtRR0VssHobCmfwFyeARiRJoKUzy9zVy954suyaD1hAfIj70AVFKXagiE+ho/EgpMDk
Qy8CNblqBBK099dyXV+3lufQDg/IsNWlLygv91azoKp+Mq1GsijVUv7Z4Fr9HJp8MhGKoGZJhTtX
/wU6z0mScWh7q2IKXTvjE2iCy3pHoJRpddwmjIneRkjFjVr2q5dK1EYEvFCrBh8vB79+/HR6XOuy
FDpM7IEYaiXhE8xQ1UK/orXxO2rSTBnekOxqTYKnIgdeorgq41jNS6GGj+M2kkdF+VUWGbsoZKW2
VlbSGOS2QMq3QlMgaJen2XxXItXc4vhaIZjUCOpFqpU4l4PDT4PPF4Ywo6qalK/294eiGk2TPmS9
/bOpKFLBM9a23cVWUFVw1cuqXYF9Q1pQyqVQKfNXUkxaKmkR2wpRlofWZ1jNyvNUAmzKSi/dp9oq
LzN53Xp7Aj6tmsasvDjZu8siSo33GvDGsYF9M5sou9ZQdgzb7vum2OW0mJFmCXlX1qB5NsYAMi2B
PCjDwhSaqe5rJv3FGv1PNTMl6IfRNB+eyrwdhVY0Iw41caYl7s1v54Ly/wx2JeqxyGXX0O+fo/f5
7Kgg5eiNuGmBb1Pb8O01I22DRu7TUY+n/wVUcQzNClUjQyzdJpJeVkQUl5y0Y8+KZs6A1/fMGbiS
BWHSc9A42NuVPC2e4DYLJK2Xm0h1Lg8ZIK9EKfIhuGcrx3U+6dpYJ5J8IWLGb6Gj3pGNLfjFcQdI
h7CJkHrtfj1zGORHXOiYFFev5zeGdI7WgfrrPjevt6HEcQfY46aZkcmEF23DbCimVH530v6Qf0ge
qP9Mq3SeEQbrkTcLD3dkwhWk/YUQ2kwhU2XHZKxXPlo22iJ3ZrAzf2o/XxXv5zxBNtpZJDTZKttc
Ido8RJ5dTsh13s5jC4pZ0GBTqJOZzC4B2a6kaQYF3MvRNyhjrq+v+xyQKK796krJ84mzspI5PxIF
nYq2z3U/MeVbc7uKM2n72DRP/+kSFs3wm5RpSpDDaSV/u2jhbwiPBMN/EXp1dryraam5xXE99pM9
q2az30igwqLawOPFQMqsbXoG2RQUZqiX8Ip07PDoltPRxRk4g/rBF3Ejro6+7kp6qphPxgyYx3FS
Y6sUNoiTJtJtFdKCvW+wAt0AsauXJcnUiQ6WhjpWe7jWgJPxDmPNoJa7hWS7NmOFbH/JQxWXnE+g
HtNL+/N2gWnQH4yvH0aSvCVjlaELuSuJDaZxbMDZPLieQN+U6zXFpWBL0gMNvGrBUllwi+TMKkci
R8hxDcmiZ9SiDXPohtMt0sSUHEmRf37fThRLmtnzdArQ1xl4/8XZm2kxv2NNou79n5o1puQrlers
2rEUA8HzzQVS1fdaC9cidjyt08TBnOzK0lZjbh5elWvRySzvV3KiQ8bH03MyGYy4MT9tajdrhIEp
0eVdVvaciLEae/M5WTup2qoq1w+xrgTy17P3Lmfo7rOZG3rNMclH7wSfmn6zpP5dnnM0kkeAQc1O
83Jzqe4Q6R551qZlQljB5c5mpmEXxwNRVRk/PP60uRRvZDE+vGj7y4LyoOvf07c8Q4gVxzhuICxf
bCIIzN8xNyPzkvQ3mpcGoK3reJu4rGrEo4yT4pQMh53qd0U35VorCQbX6gAz29UMVTW7OIYhJFUg
MgBRV8VtTNtWgQ3Mw3KeTcdnR/smPxUQ1bGyd1PWDoQL0iPty/fpAxajb1ECUZnL8dz0tBaxLYbX
D7p9JjRMCfx/V3I07OKY1wiAZxwbaB6PfidfRKHxrqLfgtRtWbze4enFu0PUEWoih0PdgF5+fNMV
DT05FmqmcTzTUOIYupbmVQveIz3nv6dznn8REyOYtIgd+UypzsVwVOmYcnxmruk8Xagv7y/UmpTm
GccLEI/O0Ucl7oCUV+3irkV8ZMXtKBM7W5tXvOJYj/2EBuKM51Oz5q4JHee3PlwegWN2+iIyL0X2
9uzL+a5kUVsj5VYFHc+MIk69NaB3Ni71MvnOyjYYTR1w30LbZPJerZ6d5EP9lNVK6+YHnQKh73R3
tsSQF5f/udyVJEuGSpQ2ku77jVakp3NzO6QhPOIT76bj/xDxL5IPO1L5T1541uNukUlyOiJ5ZbjD
imZu5Lgm+M/5VS6v84/FzhLJiiPkjwWIbTodaQbZhvDwdtTe+/oQbDYfkK0EaSfchxbQAcRUqMca
5YaBtoTxzEZtQTEl6chxOH571gO1qYNA65Unfm6zFsdlsugSN8gV/K1+FqKShZEtWuRHaq2ZmAk2
5mNZ7GyDvz18HDcv+aYFtOngC8oDK07nUiYt6HjZAzxDhBx41jVyPfjjyPNKDM4HbeQN5WFjYmSM
fDvaleqbQTddp78Ut81TrcYxiCWxG1ede3eYn2P1arzT+jHM1etNlI5mJWoB128f229Vq+zvjnd9
wGim2I4gXUOBPit1lf4x51/Kj4/ntTt6q7dkTK6Ovu5rgdRCs8iHH9PBiL8TRk1i0teWL5oCvtNe
8mqkHpN9aYmvnEgYCnS9o5lcPRK9cV5UJ05XGVEfSL23xFKRd9eODkMicHTgjLbIgPUO6ydZ6TON
6xvIy0+6TdV3X5DpANhCpuZZPTOzr4h/T9W+ArC5JEfTspLjw4wXVbuFMsimNOj77g+3R47jDo6n
7RRfngygvWzPVE3oHOTrtChHFydfzq3ByeHZzra+NUv1oGoFDe4mswPRSh5L0YK+oKztmXaKeFlB
jVe9O7b+aR1B8fWJM2yjnWVOOmbqWTF9BuNozC7r15sWLdAed4oWRXmkLTmHEXYF/2LwAcLY58HH
9+dftnCVkcyHr6dDc/m1Jj0CvtzxpstiE0evui4QPL6gxQfTszfGbrMmPLKUf3R6qLavrcOcWbve
PWp461O6W0Xgi5MjmWWCtZv3Fe2BArgkN2SWkRt7dwd0WizjeMJpDWLTslKd84bsUDQPJBjnv1f0
NQP7SR9TsFFHvIuTMzI5k4ztrlBpsYxjA1Xn7TaZ8468+dCs7XDr31yTbk4rQBE6bx0bPptfZFKd
s9Z/H5/DgRr8ciKN8qZF7Hb7QV1tdvxMPcRzo09B/sZzORmJTFB1fODdHILrm4wU/OxoZ2foWkPE
8Qpq+/Xjcv/KyUQaZ8oWlM7KGSQo2jkv/JqTEhTPdhbVVxzjuIGxfLHRouBcnX6fH+n+u7Uk2Ca3
xYr66J4zWWrn9EIM307nuzrLsdiWaYN57iEtQzCQXzSnQY0o1CJ2t+I6sp8e/7azkxLHv8XxauQn
Cwp8eqro2m9JoaxWrW63bVa//xtX2rfYNM0rcTkh487SiSaZLud8d3dLFMexdjf1vH4JGMYqRSwA
jdsV4X0R5IMw13nr9x1RuvvZ7/OUF/m07B6yfcZB9xZLaMrFVmu853JwYRwYHqwf3uycwiHXt+R6
Z88IKWZxnMtq8mRXqQGpwkoMh/O67WqWu9uuctenpqhu9zmYO0PhM04cLPipm/rWwGw+aW+PLo4y
0s7XC8qDp0IeWph/5rKYWLCuSBynlFAAE8dvjg4bVJscFoOfTXh/luv9H5JfQcH0bSbztDBCRveT
zdeLn2Wn53qdWA2+RdNF6OhsSk5J3j4b0aY+vFXdhf+MLepMbzHWi93jKcnqwR/vVKTIK/NUxJLU
3W6IvuuZCCbVrUPPOxRxONXXfLyT05IbTXyL3F2bcLonEKHmjrybXZbx7Se9jG0uPZI6z6PxjRQ+
tVVhoN3oAdcik7L7gGtNe+ypHgEB6kbQ/3bPKUGsfPrDcSuecVxl2+xH8iybr56WNHYmOx91BcPd
eVTfD64DfXr5dUZu+WDEoZ3f3SqHCWiLxwErPj4u5GSgH8pfPQ/YJj8ybYcZv3lf3aL2w2bIWER/
ZrhXYBSQLYq/TJD2hNXvH1kJfDuCKs3aZRjXw9ao9Z16m0Dny0k0SiWD3BUEf4/9s/aIEAfN8Tc5
UkH55/cnb8xTFQ3tbzyZ0IDY3JY+CHp1ZdTd6v2DpU+9fN37Hivii9E3ec73knPzEV9FeMSZ9frS
O1mIW5mXuwJvMI3jGsk2T/teTAt+wYuxUWAvad2yuhN9fffNG9u2/mlBa6suNYEGRujHTXYk3bd6
AKiyF4haL5/QYOjfLu6dXvJRWtC751/INDM7jTb54TskdiTx4tnt+pbjmR55canwEsdGk3o0Mp7g
XpK6U9pdvK1Vvt2Bn5Uu77oyQdc5pVozVYuKMwEVz8VJb0Hfu2e6FdjVqx1MtmajntmE2l+dObpU
S0/tjqTzwSPufPv14tPHt4dnJ5++3rrYsf7Xiqe2TQL+RhaWKMspL62Cq0uRrGTefIa/CMALXY/1
VlTvGpwdRttrvtHP6hB/20Va1EXB/4D5mSrYNJL/1b6Upj8fq7sX9RU+6o7Uvrr5Tj3Eri+GU/fX
EOgAeMUXbgPlB8+bi0f/3NPrXa0LUxPaXG65pFCScXXZqkGT429MVrm6/qVFbW77WRGmRdZ+z+pr
ppbvU5HVV1gtKcOxcX0r1DEGFgH1/6xNUJeyansJtL2Mk/r+3fZXyuau2DZtQk2pPy3vMjR+qZVc
miQmpuM25fLitP12PC//m+k7Z5tXlr5UC/cYn1k9dYGtZ7t2AC//8Z69sgJK4X+Rz/3AS30WYO7R
1E6xH6RuyJEfUHUDKZj7P9SVSK2rkJYDzomef9w8J3ErJnUe93QxclvfELr8Nry9GZtzIpU42LYd
hLDqRS+OPxqqYvKbFqVLBJIwpxPsLi9L44v1rSu/nRk66iCAt+pSVlMsIF4XomMdretbVUZA6nJi
ADwyjXPlG9/oaJpfta/GVSoSw/rK3GZJW6mJlU39qRSgjziyZHE9q7LjYj6ppCbUdzMM2dqcC8NM
tG6cNml5cdhwWhvjAs5X8C7r4wUldNTS5l9//R86Xi27
===END CRASH DUMP===
