PocketMine-MP Crash Dump Tue Nov 17 16:29:09 +07 2020

Error: Class 'pocketmine\network\mcpe\protocol\MoveEntityAbsolutePacket' not found
File: plugins/Bot/src/Bot/EventListener
Line: 75
Type: Error

THIS CRASH WAS CAUSED BY A PLUGIN
BAD PLUGIN: Bot v2.0.0

Code:

Backtrace:
#0 src/pocketmine/plugin/MethodEventExecutor(42): Bot\EventListener->onPlayerMove(object pocketmine\event\player\PlayerMoveEvent)
#1 src/pocketmine/plugin/RegisteredListener(80): pocketmine\plugin\MethodEventExecutor->execute(object Bot\EventListener, object pocketmine\event\player\PlayerMoveEvent)
#2 src/pocketmine/event/Event(88): pocketmine\plugin\RegisteredListener->callEvent(object pocketmine\event\player\PlayerMoveEvent)
#3 src/pocketmine/Player(1662): pocketmine\event\Event->call()
#4 src/pocketmine/Player(1776): pocketmine\Player->processMostRecentMovements()
#5 src/pocketmine/level/Level(852): pocketmine\Player->onUpdate(integer 1496)
#6 src/pocketmine/level/Level(785): pocketmine\level\Level->actuallyDoTick(integer 1496)
#7 src/pocketmine/Server(2267): pocketmine\level\Level->doTick(integer 1496)
#8 src/pocketmine/Server(2398): pocketmine\Server->checkTickUpdates(integer 1496, double 1605605349.9243)
#9 src/pocketmine/Server(2154): pocketmine\Server->tick()
#10 src/pocketmine/Server(1994): pocketmine\Server->tickProcessor()
#11 src/pocketmine/Server(1588): pocketmine\Server->start()
#12 src/pocketmine/PocketMine(273): pocketmine\Server->__construct(object BaseClassLoader, object pocketmine\utils\MainLogger, string[45] C:\Users\Administrator\Desktop\SkyBlock 1.16\, string[53] C:\Users\Administrator\Desktop\SkyBlock 1.16\plugins\)
#13 src/pocketmine/PocketMine(304): pocketmine\server()

PocketMine-MP version: 3.15.2 [Protocol 408]
Git commit: 0000000000000000000000000000000000000000
uname -a: Windows NT WIN-4A4JKK157BG 6.3 build 9600 (Windows Server 2012 R2 Standard Edition) AMD64
PHP Version: 7.3.23
Zend version: 3.3.23
OS : WINNT, win
Composer libraries: 
- adhocore/json-comment 0.1.0@8448076039389f558f39ad0553aab87db3f81614
- ocramius/package-versions 1.5.1@1d32342b8c1eb27353c8887c366147b4c2da673c
- pocketmine/binaryutils 0.1.12@566fa87829e007eda0bd96e39fe20b9b0d638132
- pocketmine/callback-validator 1.0.2@8321aa3ccfe63639b0d08f0cbf270755cfc99fe2
- pocketmine/classloader 0.1.1@7c0363491d1ce8f914fe96d41a4338c982adedff
- pocketmine/log 0.2.0@e59bedb5d4bbeb9a26647cb7c367cb2fa72addfa
- pocketmine/log-pthreads 0.1.1@9bbcef398b01487ab47c234a6a7054722abbe067
- pocketmine/math 0.2.5@8c46cfa95351fb0b2b30739a381310941934b55f
- pocketmine/nbt 0.2.15@f8a81d37d24eb79fb77d985a52549d68955bc6a1
- pocketmine/raklib 0.12.9@5f2a02009f486ca4d90892814570fa13ebdc078d
- pocketmine/snooze 0.1.3@849510fa62e57512b8467e3694e9b3add97038fd
- pocketmine/spl 0.4.1@ff0579a0be41bbe65d3637607715c0f87728a838
- doctrine/instantiator 1.3.1@f350df0268e904597e3bd9c4685c53e0e333feea
- myclabs/deep-copy 1.10.1@969b211f9a51aa1f6c01d1d2aef56d3bd91598e5
- nikic/php-parser v4.10.2@658f1be311a230e0907f5dfe0213742aff0596de
- phar-io/manifest 2.0.1@85265efd3af7ba3ca4b2a2c34dbfc5788dd29133
- phar-io/version 3.0.2@c6bb6825def89e0a32220f88337f8ceaf1975fa0
- phpdocumentor/reflection-common 2.2.0@1d01c49d4ed62f25aa84a747ad35d5a16924662b
- phpdocumentor/reflection-docblock 5.2.2@069a785b2141f5bcf49f3e353548dc1cce6df556
- phpdocumentor/type-resolver 1.4.0@6a467b8989322d92aa1c8bf2bebcc6e5c2ba55c0
- phpspec/prophecy 1.12.1@8ce87516be71aae9b956f81906aaf0338e0d8a2d
- phpstan/phpstan 0.12.48@d364cfbac9ffd869570cdfea7eaa6541c3dac666
- phpstan/phpstan-phpunit 0.12.16@1dd916d181b0539dea5cd37e91546afb8b107e17
- phpstan/phpstan-strict-rules 0.12.5@334898a32217e4605e0f9cfa3d3fc3101bda26be
- phpunit/php-code-coverage 9.2.0@53a4b737e83be724efd2bc4e7b929b9a30c48972
- phpunit/php-file-iterator 3.0.5@aa4be8575f26070b100fccb67faabb28f21f66f8
- phpunit/php-invoker 3.1.1@5a10147d0aaf65b58940a0b72f71c9ac0423cc67
- phpunit/php-text-template 2.0.3@18c887016e60e52477e54534956d7b47bc52cd84
- phpunit/php-timer 5.0.2@c9ff14f493699e2f6adee9fd06a0245b276643b7
- phpunit/phpunit 9.4.0@ef533467a7974c4b6c354f3eff42a115910bd4e5
- sebastian/cli-parser 1.0.1@442e7c7e687e42adc03470c7b668bc4b2402c0b2
- sebastian/code-unit 1.0.7@59236be62b1bb9919e6d7f60b0b832dc05cef9ab
- sebastian/code-unit-reverse-lookup 2.0.3@ac91f01ccec49fb77bdc6fd1e548bc70f7faa3e5
- sebastian/comparator 4.0.5@7a8ff306445707539c1a6397372a982a1ec55120
- sebastian/complexity 2.0.1@ba8cc2da0c0bfbc813d03b56406734030c7f1eff
- sebastian/diff 4.0.3@ffc949a1a2aae270ea064453d7535b82e4c32092
- sebastian/environment 5.1.3@388b6ced16caa751030f6a69e588299fa09200ac
- sebastian/exporter 4.0.3@d89cc98761b8cb5a1a235a6b703ae50d34080e65
- sebastian/global-state 5.0.1@ea779cb749a478b22a2564ac41cd7bda79c78dc7
- sebastian/lines-of-code 1.0.1@6514b8f21906b8b46f520d1fbd17a4523fa59a54
- sebastian/object-enumerator 4.0.3@f6f5957013d84725427d361507e13513702888a4
- sebastian/object-reflector 2.0.3@d9d0ab3b12acb1768bc1e0a89b23c90d2043cbe5
- sebastian/recursion-context 4.0.3@ed8c9cd355089134bc9cba421b5cfdd58f0eaef7
- sebastian/resource-operations 3.0.3@0f4443cb3a1d92ce809899753bc0d5d5a8dd19a8
- sebastian/type 2.3.0@fa592377f3923946cb90bf1f6a71ba2e5f229909
- sebastian/version 3.0.2@c6c1022351a901512170118436c764e473f6de8c
- symfony/polyfill-ctype v1.18.1@1c302646f6efc070cd46856e600e5e0684d6b454
- theseer/tokenizer 1.2.0@75a63c33a8577608444246075ea0af0d052e452a
- webmozart/assert 1.9.1@bafc69caeb4d49c39fd0779086c03a3738cbb389
- pocketmine/pocketmine-mp 3.15.2@d7a66ad7559f23d24ffe95813421a720203109b1

Loaded plugins:
Worlds 3.0.6 by survanetwork for API(s) 3.0.0
SimpleWarp 4.0.1 by Falkirks for API(s) 3.0.0
NoAdvertisingPE 1.0.1 by Vaivez66 for API(s) 3.0.0
BlockProtect 1.0.0 by DarkByx for API(s) 3.3.1, 3.3.4, 4.0.0
KeepInventory 1.0 by KhoaGamingPro for API(s) 3.0.0
StairSeat 1.5.5 by korado531m7 for API(s) 3.14.0
AutoXP 1.0.1 by JackMD for API(s) 3.0.0
WorldProtect 2.3.8 by aliuly for API(s) 3.0.0
InvCrashFix 0.0.1 by  for API(s) 3.14.0
BuilderTools 1.2.0-beta2 by CzechPMDevs, VixikCZ for API(s) 3.0.0
MineReset 3.2.0 by Falk for API(s) 3.0.0
RedstoneCircuit 2.0.0 by tedo0627 for API(s) 3.6.0
NoFallDamage 1.0 by DeveloperNeb101 for API(s) 3.0.0
MSpawns 2.2 by EvolSoft for API(s) 3.0.0
NameTag 1 by MTwins for API(s) 3.0.0, 4.0.0
KhungLong 1.0.0 by xXNiceYT for API(s) 3.0.0
Slapper 1.6.1 by jojoe77777 for API(s) 3.13.0
DevTools 1.13.0 by PocketMine Team for API(s) 3.0.0
MysteryCrate 9.1.1 by JackMD, DaPigGuy for API(s) 3.9.0
OreGenerator 2.0.0 by vividmemory for API(s) 3.0.0
InvSee 1.0.0 by BlockHorizons for API(s) 3.0.0
PiggyCustomEnchants 1.4.6 by DaPigGuy for API(s) 3.2.0
KitUI 1.3.5 by Infernus101 for API(s) 3.4.0
ShinPickaxeLevel 6.0.0 by shin for API(s) 3.0.0
DanhHieu 3.0.0 by padreon for API(s) 3.0.0
Eff 2 by AmGM for API(s) 2.0.0, 3.0.0
LoadWorlds 1.1 by shin for API(s) 3.0.0
TableSpoon 0.0.7-ALPHA by CortexPE, Xenophilicy, HyperFlareMC for API(s) 3.13.0
MuaCoinUI 3.5 by BlackPMFury for API(s) 3.0.0, 3.2.0
iProtector 3.1.1 by LDX for API(s) 3.0.0
Warps 2.0 KSCore by KaysilGMVN for API(s) 3.0.0
NameCorrector 1.0.0#build011 by PEMapModder for API(s) 3.0.0
Minerloot 1.0.0 by Distoxicqted for API(s) 3.1.4
MenuUI 2.0 KSCore by KaysilGMVN for API(s) 3.0.0
CustomAlerts 2.1 by EvolSoft for API(s) 3.0.0
SlapperRotation 1.2.1 by jojoe77777 for API(s) 3.0.0
CachMuaLand 1.2 by Noob for API(s) 3.1.1
BuyFix 1.0.0 by HumYaiJang for API(s) 3.0.6
PointAPI 2.0.9 by onebone for API(s) 3.0.0
AutoClearLagg 3.1.0 by Twisted for API(s) 3.0.0
Bot 2.0.0 by xXNiceYT, Blaze, FreeGamingHere for API(s) 3.0.0, 4.0.0
SETVIP 2.3 by MCPEVN TEAM for API(s) 3.0.0
OrionTasks 1.0.0 by Clik for API(s) 3.0.0
AntiTNT 0.1 by Adam1609 for API(s) 3.0.0
PurePerms 1.4.2 by 64FF00 & ProjectInfinity for API(s) 3.0.0
ChongBug 1.0.0 by shin1134 for API(s) 3.0.0
BuyceUIEF 0.4 by UnknownOre for API(s) 3.0.0
QuyenVipUI 1.2 by NightBlackDM for API(s) 3.1.1
ShellyEssentials 1.0.2 by Shelly7w7 and BlazeTheDev for API(s) 3.0.0
Eternity 1 by minefore and shin1134 for API(s) 3.9.0
Banking_vonfram 1 by Noob for API(s) 3.0.0
Alias 1.2.0 by Ghast Noob for API(s) 3.0.0
KingOfTheHill 3.0.0-ALPHA1 by Tethered, iZeaoGamer for API(s) 3.0.0
Weapons 1.12.0c by xBeastMode for API(s) 3.0.0
PlayerVaults 3.2.0 by  for API(s) 3.0.0
EnchantUI 0.4 by UnknownOre for API(s) 3.0.0
1vs1 1.0.1 by VixikHD for API(s) 3.0.0, 4.0.0
essentialsTP 1.2.2 by  for API(s) 3.0.0
TheoDoi 1.2.0 by HotshotHD & CodeRed2019 for API(s) 3.0.0
PureChat 1.4.11 by 64FF00 for API(s) 3.0.0
EconomyAPI 5.7.2 by onebone for API(s) 3.0.0
AutoInv 1.0.0 by Nope for API(s) 3.0.0
FormAPI 1.1 by jojoe77777 for API(s) 3.0.0
SizePlayer 1.0.3 by  for API(s) 3.0.0
DeTuMF 3.0.0 by CLADevs And Shin1134 for API(s) 3.0.0
DEVirion 1.2.5-ALPHA12 by poggit, SOFe for API(s) 3.0.1
sblevel 0.1 by AmGM-Encode for API(s) 3.0.0, 2.0.0
NoTP 1.0.7 by awzaw for API(s) 3.0.0
AutoFix 1 by Noob for API(s) 2.0.0, 3.0.0
PECollide 1 by saxavlax001 for API(s) 3.0.0
ScoreHud 2.0.0 by JackMD for API(s) 3.0.0
ChoDenUI 3.5 by BlackPMFury for API(s) 3.0.0, 3.2.0
ItemDropText 1.0.0 by AlexItz16 for API(s) 1.0.0, 3.0.0, 4.0.0
Kickk 1.1 by MCPEVN-TEAM for API(s) 3.0.0
AuctionHouse 1.2.3 by Shock95x for API(s) 3.0.0
Sell 2 by Muqsit for API(s) 3.0.0
AntiSpam 1.3 by xBeastMode for API(s) 3.0.0
GCPClan 1.1 by InstantlyTa for API(s) 3.0.0, 4.0.0
SkyBlockUI 2.0 KSCore by KaysilGMVN for API(s) 3.0.0
MuaDanhHieu 3.5 by BlackPMFury for API(s) 3.0.0, 3.2.0
DOLNapTheUI 1.0.87 by Shin1134 for API(s) 3.0.0
SkyBlock 1 by KhoaGamingPro for API(s) 3.0.0
RankShopSystem 1.0.0 by zZPROGAMERZz423 | §eFor issues report by §2Visiting GitHub.com/zZPROGAMERZz423 for API(s) 3.0.0
ShopUI 0.0.1 by InstantlyTa for API(s) 3.0.0

----------------------REPORT THE DATA BELOW THIS LINE-----------------------

===BEGIN CRASH DUMP===
eNrtXG1z2ziS/isqz9Zdpiqy+f6SD1N2bCf2xnJ8sZKZzXIrBQKgxRFFaElKtrw3//0egJRE0LEt
20pN1dVszcZki2x0A43upxsg/rOTiGJCqm9zXpSpyHfe2K93qnTCd96YnuHiP9sJX+9kpKyOi0IU
O2/+s1Mtpvh5p75/vTPhZUmuJOUQj5W9/54KOubVJM15FOW8uhbFOIomdIrbaSEqQUUWRQMx58d5
lVaLg7gU2aziF0S+9t+9XFS9RMxyBt7JLMvepZli/iaKPpeQMooOGJinZVWQShRRdMTLcSWmUXQ5
XrzN0HjP3DU9NJbNrtIcz78VVRSVBW2ujuc8r87wPs95sTsdTWVDdSPNK3t4bg8vqL/a43g0g2I7
b3wX/VQQist/7vxk9OTTa8X3akZ7A16NBFMcjm84nUHeV47185veXUH6v4j8IiMLXsiueSXi3zmt
eu2+5PJxqZZ8KIrWDys+P0O0n8x75PjEr2QzBWfL5l4FBsRos68fxcjclbn/C1dXK7Huiv+69zyJ
ra7E6p26018FwT0y3tWn/wslWVa/9jxJ7K4k9UOvTM+zOmI03NS7dcOvFAvnPha+73VY1L/0f8GM
oJhAA1FWnzgFPynUBH/LmqXbZZmh8WzvTP77KnCte9iK/POUEQxYmlf8ihc90wk9xdB7iKEfuB2G
6tcoUj/3fyG0mkHbxZEYpnR8l7nfZX7JC3iWV5bl+Q8yZvcwDO5jaIdd26h/wXCMOB1LbnUPlBrT
1z0mZnHGe2vvthtajq0aC+9rzHSdexqrpNT11DPuedsMw4fevqgNAI6hZmPex8YN7tO4rEhRNa/f
mU8X6nKAy1eWb9/D4ds3KnI41BldzZ63pOTKoZ8Jwu6Z37MqzeBfByTNz8TVlXwKTNL86p+O+6/e
0z326nXXfs7rK4dfd4X9QFfYRndMyrqbf9751x+vd/ifEeueHoIgaf34tzSfi6x2HODB0gJDtbP8
FRRwwS0VTMarf/0Vuv4KXX+Frr9C11+h6/9Z6Hq9cyU9Cslk7MqJTON21q/2BxfgHqN31unejr1r
uruWpM/SjCHtC0ykNmn5jfH5zpuEZCVHHGli2c4bxwjQSCqjjLHh/8B71sjya5ozcV32zoe9X0/P
+86B8/cPH0zXf/u+5+3aPSVCL/QMo/dq+Wg9zj3LgH18snqXFckZKVjvmKUVNPi5dzA48hwZ65DI
vdnxd+1dy8btLUdUleo19/j5myilDKfn50MQ1M01oqOMi5OpQC9+y9K4IEXKS9l/hI2gc8H3fi9F
3sczTXQ1ds1dYz9wnMDwPcMO7SBMXDdI7JAww3VtQuLAZ7GdBKZnSskELcgknZV7U4R9wId+0/tS
AHPX3TX3TWZbtmPFATV5DFt3bRoEgU9tDxz82KEWI55vU6nH2ijiNCfFQllyI5Zp7buel5DAD6yQ
G4bPGTFiFnrcDhNuGXEYG8yzA9O2dFYyEMSQrj8nWcqkrSrZjF1rP7AtkxCb0oR7tmdLDkaQGDRO
LN/wXZcmNJTMOwzl/MvU/FvKtu9TAwyc0GQm5UESmk7CQ485JnFsO6BhYOFxliQ6p0xcKQ4WOp27
YcxZ7DInjnkcEsvzHJ/GsqPwx0qIDxYsIXc49KfVqOCErTpqP4xjyjFmQWyYTuCTGIwwBsQjvuE6
vmURNGF4vs5qQqpRI427H1DHowkJXds1k9iIrdg2fFiB7F/TCB0ztJ3YdTv65HHVcDDd/SQgAQbf
Z5bDYz9MYt9nYeAS13KdkHlB6Lox9YipsyjIGJZaq2LthvtuYhHDMowwcQKPEoeFRhBagem4vpEQ
0+Yxo4YfMJ1LmQtxy5sOsWHQoWvicc/iru+aMEbH87nthQ4PYxvdGvqGHSRdJtNMcXDQpUliuH4I
g+OOic7zXIbhxhTxfdOlRhL4vgV17QAcmKDSXfI9OD3M6CpdmZwtGdmuwRLD8gIeGo4bQgwYMXo7
cKlrc4Pbtp1wLod5soClxeUe43yKOTpdKCamIUfYC2PLNJOQuDBgM/GoActjFuGJ6zHJ0XTDgLvg
kqfjFP52NO1PSVEqk507kou172FmmzG3TZNYtsGN0PATlyXcsEzbdywilYYRc+ViSNFPBYwkTxNe
ymGG0UISgB3P5QmzSeLHmErEiS1iUdthcUJdPwgYs0LTtls82g5aikG9OPYCy2U8CTCziW1ZFro0
sG0/CSgniRn6bkKM2tOhe2fSW4lir+BJhuCXNi5MsbTUZDKZYVJYmcOZZyWWS0jgEN/xCbNd5hLT
A7oAgIwfYglqLMMYmCKKQE7DCwmgGDreMRPYbuKEic3h0FwnYNSklHsM3tK7w1RmWv2ClzKNqS3B
gYwegRHGQRiEUJiFFsaRBvA8mP2UetylVkzgghq1yynHKBZiChzVGIIlux/eBhbtxdyHIcCaQ9eD
cw4Nj5DEgOvhBguIxRomsMe95u9yijnBPmzZoQl8ZJgkLPBCTC0KMyA+J8RzHZPajFDP8+4y6ePv
LE+rJTPTQ9fD+DyGWBsDyIWME5fCC3BYpOORJA5iE77b9L/DTMIMWvWLWcbLJUd337YddJK0CtPn
DtAhN5IQvslmdkLhjMyYwVnGtZUqaZS1y4QQ/6DH66w2VIaBEObEPsQJbHQZPFPCrJg63I9DC51H
bIOiNd/qMJMJbD9FatPMZWm47j4BLx7AoyQWPIEBxYyE0tjzE8TJ2AoSCzMTw9FhJhPaMa/ZSHcN
e4Sf9pmBIfPc2A1Cx4Cn8a3EN2lIqOFYCFGe32FT8ZsK/0yQPVW8mY/2vhkgvPqG6XHP4K7l+D53
HQmo4RcQbf2YuhZlgdNllk6URG49I2EIiGBOCBcZcivxELx4mDBYlWE5mAE+gpMddyRqDCFU1g1H
hIHzfOKHvkOd2KOYJpguSQLHYsI7mQjejvJQJQdug5vMEVnTtZcylX9xHIv71OdegMFHBEScdWCe
fux5AQYuthzDoohPOh859o04ko2/74aWDRvBlIf7DkMzxFz1E89AaAMIAFcXETMk8ffZYPJKp8X7
mRDj2XTV2ZgxZmLImQ9nIwMcgpGXMBNdDuEQoKQl2F0lgcjI0pAcZUg+CZLENjxHRjUfs4aaBHAE
dmoRCR1MTl2ELeMOn4zfpNVi5YxjElCJpwz0SBJTxGpm2LHrOQj2tmPAuP3E5AqFrPmwFIRaEhtx
joZOSBAQ4E0AgjhRUtkMUrlxYHGH2pYR6t3N83laiLzBkK4KuXYQYMw5MxG0CTwUGocZeSFHwmQB
VBEwMQxCdUY3U1FUvFiJw4KQAjz5ngn8GLtSLtslXoxwTTgCKZQKDERjjctVJmKSwZvU88JVXQNv
5oeAU1DO8YMYGMhCvxAK74Z5wWCmFCiC+honWYwq+yLp19WlxiQ913RiObnhZeHOHC9xLYMBJjHT
J45r2QlxEZgdjVWdp/V5jqDQHnx0Od6XLheDFQCcuY7lwyGbrvSSQF+2b1gAzOS77JpwpbjVJslC
+JHYjk2L0Nj05SQxEVMD4AWbhgazDMemccckC05nKiZD0Vz6lZVwnAG8wn+7LmCXCcyHu5g4lhkD
HDMGAAET4YnfYVeKWUF5X0ylrk06YCuGRuI4UgKbmIh5iF4GAiDiux1Tg8nYDMBghiTQGDalSgsI
ytiXvWvZvg+Aa9khYGocwtrhaYlvxgQIL7FgYEaocbiLOahpWDAmk4SGibllYgDMwLE96nsOd3w7
AfAJlHkuJonIF0hZswXiQNanjThzOO9AZjjUBp6DGXg8ARZF7JRoTjpgeGDg7MBhXuwoe6hGvOQc
iAABIE9vGz8nA5MPs7apbRPEE+BKpGAOIAqcAWYgIjmyL8w915K48JrHE3FLimoPeQgvaicXqumf
UC+khMcOc0JqS48NqzcAnDFfbB+JSBwjpdNh7vqyP5musuZ95hMPfh9ZUJhYNkB8gozGhUvB4CMX
ASaXiUBs7vyxKtWq1PJXUWSsbCXpDeH1jj4GEk2QWTUSRSmLteWsmJOmzCyTfTJNJVk+ach7npM4
40h7q2KGrJ3xKZLgsq74liKpjtqECVGVYcUziq6VAFG0EkTmbrJ68PFy+OvHT2dHdZ+WqXIXo6qa
lm/2mhptuauY7DaS7f1UM9uBzpep9L+/kmLaUrZFbCssJ5OpK/yOZOO0GJcvUxZsympYkLxMVPn8
MhPXrdtjGIjMQLLy4nhn3TFJ03YUlUrea8gbRZrsD/aRVP9cHDAoWKVlml+B+7oPur+0O8K82xFf
SDrnt0CXWxr1Jb8o6gjSIWyipKpjXRSikmsOaw01clc9Q1fviBTjt4sbTTtb9YH8K52C8xJt26JE
UUewR/X7gNTyNJ+rNGXRUlCndzTU9fswEuQ9mcgeLsS2xlBjGkWaOHVlcxPtLiuSFpectIduTdO1
cnddXa+xKAgTrm1OfE0r03m+Wi2emG5LSVqXm2h1MKvEbxctlRrCI9Ps74SOB0fbGqCaWxTVbW82
JEvPepVWo1m8C/y6V7PZazSAcspH351wGrmtqIQEga4oydJZttiWojW3JohMl/NMV/dyePBp+Pni
MWUHs7RIUp6xdshdrolWBZclOLl8tqdpi06B6R8WpBy9S29afdKmtrvEuDP22zLfyezf0C6KkMBS
2XKS3kRRvRCxkTOVJXBeDIXI2vhAI+tGDGDUj3lFLH2ED285HV0MjvhcvvAlvUnHh1+3NeBUMp9O
GJhHUVzLVknZ4F11SZ9q7C2x9zRW6Bu5hvEJ2LBt9Guajp2srguWUGJb6q+hgTTPQjYPc29J8ugw
f+KsrETOD9OCztK2Qt1f9Il8J3JWnAnDs3T36z1ftaJpfpPpWyMcdGx2RCaqgNSCNy3yg6HxSK6i
yhzonMemYW5riDpsJaxZS7R5dBxcTsl13p6JS4o+Lp3JdzwX2SUk25Y2TaOQe9X6Bm71+vp6l0MS
yXW3GqvhghJDctUeqYaiDZKuzWB4LfOWri4vBGVwjHI/w+au8cNoll+dibwt/Zr2CMK8+e08pfwf
w63ZV5qLJ4CsjEynvGhDrIaii+11Acnv4nfBffk/HV/ZL0j46pafDUfWIu0tlYCGmG/dmLUi6Toq
2TUl1yvUvSEnky26gGEdk1qSPA2NrCXbW/GQXmEhIcgCyKJqOz2N3FY6lCXs7yJNdBy5SK/ez3Qs
Fr4cdLaFeSn01BSD/h8L/l7tM6hE26Y18iNxa57OUzbhE5k6bWm8281HUXPJN5meQImXnOuwURIe
8SkqkTwRRXor8nJbWmhMo6iW5CluEuZ0tTicIYpPjnM6InnVnpTf+1VX0+lWnb5rodYL5mXDL4q+
I8zmPvVDWn0+bYcCda/rYncT1tM84UU+K7tI4wWAv8USSbgU4glxYZTmFykdkxuudpO1A0T3p7Zm
3l1jLPH8tmyw2/bmCh2RfHSS8lk7DCxJ3eJmR4EpYQUXW9OhYRdFw7SqMn5w9GlzLY7lYs9KgWO1
FtTyZrrcB5P3g5bQS1/3IuHRJIxJcjY3l1q6iDuF5RaxE4Z/nPms29w88Mi4Q6fzfLcSU6nMUDZ7
ORVS2pUyLWI3mff7B2cXJwedHFgulN2o6upvPBfTUZqlVJbqThaALe8yUvDB4daAVasJWN1K1Pb1
4/nUYEYORZprnm1N06eQ2w1HiNYXg3ez74TU1y9z2ZDgKxVy+/KRSIcpzze3yrSp0WhIoUXUVbpj
l2dHv23NLI9+i6J1y88GReDTHxxeHO+1tJBVOVJMtSUddd+BQb0PlzBK3qkOk0WZZu8HX863papq
e/MxkjkgxCq6w6TT76Chn1TlxzA7Q3ZxPCDTgWASr2xJnxZLZPJtqTq3G+X0smaTCdEtI9W0x1Yq
UqCVm5T+u4IKmufYdZ6fS655RlH1hHA74PlMdxU14U+0uqfAnxr6HWS80DCqRtZVMX9snaXdchR1
5HhexaXJkT+JSi3y3y0BrH7plnU3KwW8BObpAjxh3AgdISScEbnFej1sLWpHF12TcyHiztwxn6tD
htaiKAfHKJrMSFY3vkGZfaEvFDSER2b/yWzyD5L+neRXnTHwnp3uqXY37/oLROHq4OJU2+DfkLop
d6gLL3Ie4//bsh4m5K529U0RFbmYLMA0io7r61qcjZbpDjNOijNyddVZrVvTuxChMyjDa/khFduW
XlXNLorQhKBSiAxC1Kt4bZmeChsaMQ/KRTabDA73dH7SJrWI9FY8Wvtf1jRf9wD9bvnr3ruC83pF
+IQXfNsFW/Xl3MaZ7fHwy2l7AbYhdNYlO4VmoKov573h8cFga5VzxVJ+LlR9STfas/GxgHRDUo5L
rbS1Ij7iIg6zdGvrTJJXFKm2n7Gyf5BX6fB82J5WDUVPnjpx5oCRiekZ4baUaBrddEHpYlbwC15M
tKLVitYtVXUii+e8e2cYvf/qAZnLvX+neZLmcvPnlnT5VjcQRSuJWpfP8Anq3WZxe81HRtiRyK/e
zto+cUV6xABlJm+atrPNYpDkBzy0lmCTAEv559Pjd3qMbWi6ATq6Ap/zcS6u84/F1kLVmqNcn1ZC
bD6N/me24Dl8h4azW8SHoU56NapUYn402BbkgRuVm5gUzyhaCrFBrZFn2WK92U2rNXZ+6ppYR6v6
ef/a7wFu1cFnOOJHfL49m9MFekLpruKFmvGt+t2S9MASpwQyCVIkpdB3Z9ALlmSWzIFQk801eUvy
MSL5t7nIEyCt9jzq/PKAXneg9gsG5VyBbNn4E2JQlpK2pdX3dzaw6EK/H5Gy6m1TdNVsLbX6MHiz
9YX86mMCuz5Js0xbZ2jT7xS16zpkZxiGvBrJT/5f99KvnAhgtO3VRsaiGkXRB/y76aD8yslUaJsa
lpROiRgjQzuQ8y3H2AzkTv8tib/mGEWNGKuLjRIidWzAFzLL9HWuNvnhrUFbUmS58as+qGGuWl6e
arCS43H/Va+DacFmTfsT4+ZKiM0nvzkvzZYa6vaxfc5yn9rJ0bZTl7lkO0JOh/x3XqrtTR9z/qXE
P89AbZi+ZHz4dU8pJE+LWcWpYTvj0chdl2f9CBNst4i0XG//0eGCSxNHIm2vtzSUR/z1iajKkahO
jgC8DzGRP3FmGebWEgg6YfJTZbVn5XDCLuvrjXwDIPXhSNvavCJ1M4luFbtG+k/SoZWnfO8bBPXF
bCk3gMvlqHkqZuXFcX9J37kny5DCrq+2kGMoNtLTrCs1LVfTLt+sO8jd9bsYcMvVpIbdS4tJSJM7
ZSRJeSRjOoc9bW2lYvghig4+Dz+enn/Z3FO+E8VEH4gl5cFF2+2XhNcco6gRYXWxUZKR3vI65Gnf
+6yI3ZGwf4QbVO2d1cclra832r7Ah7PBO20PmyI8snXh8OxAbljuHSB5uNxy+t3wVvuLn1SkPzr+
khb6isOK1HXoboNaO3N8Kq6u1Bbky4/vujPk2elrzTSK5kqUKGJ8edUS75EiURlnne0yS8rDpa3J
+0EfQOZ78PV1U2F9QZUkisp4uVdng0/DNLCgbruzw+98tHF9S6639s2GZCZXTqrps1fCa4Ea16uv
pywpm+emW9k4Uy8ErRt/HCIcH4osS1l799+a9oD0Jbkh84zcGNvbs95iiTQCgVAJsWnh9FKeVXQy
a6/IrUiPLCT8mM+elq0/YV1xJI64vvdlRfqztr4sBVDlz6On7Hw5rfjkqBDTofpWfL23tE1+BJkc
ZPzmtLo12999mto8eWFiJIWRgjxl2yUdj7VyiLx/EKbUazD9H7Gss2x9A3CoYPYJQDfX3FSL3I2K
drfqKeg4dG9e+DGyBmrb36e1HEHTklyDVPKNpHzSr2nSPo7GuFa5UrcP7GQcqArG1mq4aO1Erc4/
ZcHqcqqVOlekzr7eH16ViiXHiapKyeOpSsgwkXhyKdCkDSjvc8nvDy8OM9JGYEvKg/PltD4TK1sM
ybYLIemSdUWiKKGEQhgA/MODRqpN9mnitSnfnefKwppjDDWf3SL+ORuR1gI8YSvVjHxn83Kb+idG
oEPI0IQgefmEJODj2TmZDkdcG6A2tRuBAr/r9babz7TafsJugmZAv2NkD2G0LX52r7vt5rsgkfNF
y20PFheZ2iOh/j7uHj6RfIygMr2Un9e0vV7nh0dAwu3Xi08f3x8Mjj99vXUsu/e/vWhmGMTnyNt7
aVnOeNkruDw0qBcvmt+sLykEQcf03qfVSQPnO4yeXvtqKlTrekF7bbxFXW5YesBM9C54yhcVQl+p
bQgPf/z9oMt9UO2WWTyE7CHELAUkXgrziB5/tA+f2V1M5BmL6qgeeRbqrjzhTh7QoQ6Ak+fUkAK6
VnxZQwGe43lzwOh/dpTDbR2MGtPmEMsVhZKMy0NVNZqYfGOiyuXH1i1qc6rPmjArsvY9q4+TWt0n
aVYfVbWiXE20Y1pHAD/t+xT9OW8T5OGryu59ZfeTuD5nt/1I2ZwJ26ZNqa71p9WZhdqbqpNLncTS
2aRNubw4a99OFuW/M3W2bHPVU4dnWX3G572+PKjWNRzDx+XfTtmbnk8p/gs97vlu4jHf4i5NjMTy
/MQJuOn5VJ40imn7N3n0UevIo1WDC6LG32p2vt2m0xo0uGoB6LY+CXT1NG5vJvqYCKmOZRi2aVpy
T+DF0Uetq5j4plTpEkFK9eGE3eVlqT1YH4jz20Dro44EuJWHr+pqgXhdpB3raB3TKmOmKQ8hhsAj
3TjXc+MbHc3ycfsIXNlF6VV9NG6zX1B2EysbUC87QJWKWLw8hlXacbGYVkIR6nNnrtidMU81M1F9
Y7dJqwPCrma1MS7F+YrZ1ft4AbQ1avXmH3/8H3NN5sA=
===END CRASH DUMP===
