PocketMine-MP Crash Dump Wed Dec 9 09:04:04 +07 2020

Error: Argument 2 passed to ShinPickaxeLevel\provider\DataProvider::savePlayer() must be of the type array, null given, called in C:\Users\Administrator\Desktop\SkyBlock 1.16-LOL\plugins\PickaxeLevelV6\src\ShinPickaxeLevel\Main.php on line 92
File: plugins/PickaxeLevelV6/src/ShinPickaxeLevel/provider/DataProvider
Line: 33
Type: TypeError

THIS CRASH WAS CAUSED BY A PLUGIN
BAD PLUGIN: ShinPickaxeLevel v6.0.0

Code:

Backtrace:
#0 plugins/PickaxeLevelV6/src/ShinPickaxeLevel/Main(92): ShinPickaxeLevel\provider\DataProvider->savePlayer(object koth\KothPlayer, NULL )
#1 src/pocketmine/plugin/MethodEventExecutor(42): ShinPickaxeLevel\Main->onQuit(object pocketmine\event\player\PlayerQuitEvent)
#2 src/pocketmine/plugin/RegisteredListener(80): pocketmine\plugin\MethodEventExecutor->execute(object ShinPickaxeLevel\Main, object pocketmine\event\player\PlayerQuitEvent)
#3 src/pocketmine/event/Event(88): pocketmine\plugin\RegisteredListener->callEvent(object pocketmine\event\player\PlayerQuitEvent)
#4 src/pocketmine/Player(3643): pocketmine\event\Event->call()
#5 src/pocketmine/network/mcpe/RakLibInterface(176): pocketmine\Player->close(object pocketmine\lang\TranslationContainer, string[21] Internal server error)
#6 vendor/pocketmine/raklib/src/server/ServerHandler(95): pocketmine\network\mcpe\RakLibInterface->handleEncapsulated(string[19] 14.252.50.241 56669, object raklib\protocol\EncapsulatedPacket, integer 0)
#7 src/pocketmine/network/mcpe/RakLibInterface(109): raklib\server\ServerHandler->handlePacket()
#8 src/pocketmine/network/mcpe/RakLibInterface(99): pocketmine\network\mcpe\RakLibInterface->process()
#9 vendor/pocketmine/snooze/src/SleeperHandler(123): pocketmine\network\mcpe\RakLibInterface->pocketmine\network\mcpe\{closure}()
#10 vendor/pocketmine/snooze/src/SleeperHandler(85): pocketmine\snooze\SleeperHandler->processNotifications()
#11 src/pocketmine/Server(2157): pocketmine\snooze\SleeperHandler->sleepUntil(double 1607479444.4857)
#12 src/pocketmine/Server(1994): pocketmine\Server->tickProcessor()
#13 src/pocketmine/Server(1588): pocketmine\Server->start()
#14 src/pocketmine/PocketMine(273): pocketmine\Server->__construct(object BaseClassLoader, object pocketmine\utils\MainLogger, string[49] C:\Users\Administrator\Desktop\SkyBlock 1.16-LOL\, string[57] C:\Users\Administrator\Desktop\SkyBlock 1.16-LOL\plugins\)
#15 src/pocketmine/PocketMine(304): pocketmine\server()

PocketMine-MP version: 3.15.2 [Protocol 408]
Git commit: 0000000000000000000000000000000000000000
uname -a: Windows NT WIN-4P2C3VGUPNN 6.3 build 9600 (Windows Server 2012 R2 Standard Edition) AMD64
PHP Version: 7.3.23
Zend version: 3.3.23
OS : WINNT, win
Composer libraries: 
- adhocore/json-comment 0.1.0@8448076039389f558f39ad0553aab87db3f81614
- ocramius/package-versions 1.5.1@1d32342b8c1eb27353c8887c366147b4c2da673c
- pocketmine/binaryutils 0.1.12@566fa87829e007eda0bd96e39fe20b9b0d638132
- pocketmine/callback-validator 1.0.2@8321aa3ccfe63639b0d08f0cbf270755cfc99fe2
- pocketmine/classloader 0.1.1@7c0363491d1ce8f914fe96d41a4338c982adedff
- pocketmine/log 0.2.0@e59bedb5d4bbeb9a26647cb7c367cb2fa72addfa
- pocketmine/log-pthreads 0.1.1@9bbcef398b01487ab47c234a6a7054722abbe067
- pocketmine/math 0.2.5@8c46cfa95351fb0b2b30739a381310941934b55f
- pocketmine/nbt 0.2.15@f8a81d37d24eb79fb77d985a52549d68955bc6a1
- pocketmine/raklib 0.12.9@5f2a02009f486ca4d90892814570fa13ebdc078d
- pocketmine/snooze 0.1.3@849510fa62e57512b8467e3694e9b3add97038fd
- pocketmine/spl 0.4.1@ff0579a0be41bbe65d3637607715c0f87728a838
- doctrine/instantiator 1.3.1@f350df0268e904597e3bd9c4685c53e0e333feea
- myclabs/deep-copy 1.10.1@969b211f9a51aa1f6c01d1d2aef56d3bd91598e5
- nikic/php-parser v4.10.2@658f1be311a230e0907f5dfe0213742aff0596de
- phar-io/manifest 2.0.1@85265efd3af7ba3ca4b2a2c34dbfc5788dd29133
- phar-io/version 3.0.2@c6bb6825def89e0a32220f88337f8ceaf1975fa0
- phpdocumentor/reflection-common 2.2.0@1d01c49d4ed62f25aa84a747ad35d5a16924662b
- phpdocumentor/reflection-docblock 5.2.2@069a785b2141f5bcf49f3e353548dc1cce6df556
- phpdocumentor/type-resolver 1.4.0@6a467b8989322d92aa1c8bf2bebcc6e5c2ba55c0
- phpspec/prophecy 1.12.1@8ce87516be71aae9b956f81906aaf0338e0d8a2d
- phpstan/phpstan 0.12.48@d364cfbac9ffd869570cdfea7eaa6541c3dac666
- phpstan/phpstan-phpunit 0.12.16@1dd916d181b0539dea5cd37e91546afb8b107e17
- phpstan/phpstan-strict-rules 0.12.5@334898a32217e4605e0f9cfa3d3fc3101bda26be
- phpunit/php-code-coverage 9.2.0@53a4b737e83be724efd2bc4e7b929b9a30c48972
- phpunit/php-file-iterator 3.0.5@aa4be8575f26070b100fccb67faabb28f21f66f8
- phpunit/php-invoker 3.1.1@5a10147d0aaf65b58940a0b72f71c9ac0423cc67
- phpunit/php-text-template 2.0.3@18c887016e60e52477e54534956d7b47bc52cd84
- phpunit/php-timer 5.0.2@c9ff14f493699e2f6adee9fd06a0245b276643b7
- phpunit/phpunit 9.4.0@ef533467a7974c4b6c354f3eff42a115910bd4e5
- sebastian/cli-parser 1.0.1@442e7c7e687e42adc03470c7b668bc4b2402c0b2
- sebastian/code-unit 1.0.7@59236be62b1bb9919e6d7f60b0b832dc05cef9ab
- sebastian/code-unit-reverse-lookup 2.0.3@ac91f01ccec49fb77bdc6fd1e548bc70f7faa3e5
- sebastian/comparator 4.0.5@7a8ff306445707539c1a6397372a982a1ec55120
- sebastian/complexity 2.0.1@ba8cc2da0c0bfbc813d03b56406734030c7f1eff
- sebastian/diff 4.0.3@ffc949a1a2aae270ea064453d7535b82e4c32092
- sebastian/environment 5.1.3@388b6ced16caa751030f6a69e588299fa09200ac
- sebastian/exporter 4.0.3@d89cc98761b8cb5a1a235a6b703ae50d34080e65
- sebastian/global-state 5.0.1@ea779cb749a478b22a2564ac41cd7bda79c78dc7
- sebastian/lines-of-code 1.0.1@6514b8f21906b8b46f520d1fbd17a4523fa59a54
- sebastian/object-enumerator 4.0.3@f6f5957013d84725427d361507e13513702888a4
- sebastian/object-reflector 2.0.3@d9d0ab3b12acb1768bc1e0a89b23c90d2043cbe5
- sebastian/recursion-context 4.0.3@ed8c9cd355089134bc9cba421b5cfdd58f0eaef7
- sebastian/resource-operations 3.0.3@0f4443cb3a1d92ce809899753bc0d5d5a8dd19a8
- sebastian/type 2.3.0@fa592377f3923946cb90bf1f6a71ba2e5f229909
- sebastian/version 3.0.2@c6c1022351a901512170118436c764e473f6de8c
- symfony/polyfill-ctype v1.18.1@1c302646f6efc070cd46856e600e5e0684d6b454
- theseer/tokenizer 1.2.0@75a63c33a8577608444246075ea0af0d052e452a
- webmozart/assert 1.9.1@bafc69caeb4d49c39fd0779086c03a3738cbb389
- pocketmine/pocketmine-mp 3.15.2@d7a66ad7559f23d24ffe95813421a720203109b1

Loaded plugins:
BuyFly 0.1 by WoolChannel3295 for API(s) 3.0.0
MobStacker 0.2.3 by UnknownOre for API(s) 3.8.1
BuilderTools 1.2.0-beta2 by CzechPMDevs, VixikCZ for API(s) 3.0.0
DevTools 1.13.0 by PocketMine Team for API(s) 3.0.0
WorldProtect 2.3.8 by aliuly for API(s) 3.0.0
AutoInv 0.0.10 by JackNoordhuis for API(s) 3.0.0
KillRegen 1.1.0 by NashanPlaysYT for API(s) 3.4.0, 3.3.0, 3.2.0, 3.1.0, 3.6.0
InvCrashFix 0.0.1 by  for API(s) 3.14.0
Worlds 3.0.6 by survanetwork for API(s) 3.0.0
StairSeat 1.5.5 by korado531m7 for API(s) 3.14.0
OnlineTime 1.3 by Zedstar16 for API(s) 3.0.0
NameTag 1 by MTwins for API(s) 3.0.0, 4.0.0
KhungLong 1.0.0 by xXNiceYT for API(s) 3.0.0
RedstoneCircuit 2.0.0 by tedo0627 for API(s) 3.6.0
AutoXP 1.0.1 by JackMD for API(s) 3.0.0
NoFallDamage 1.0 by DeveloperNeb101 for API(s) 3.0.0
SimpleWarp 4.0.1 by Falkirks for API(s) 3.0.0
MSpawns 2.2 by EvolSoft for API(s) 3.0.0
RenameItems 1.1 by Wertzui123 for API(s) 3.0.0
MineReset 3.2.0 by Falk for API(s) 3.0.0
BlockProtect 1.0.0 by DarkByx for API(s) 3.3.1, 3.3.4, 4.0.0
SAC 3.6.6 by DarkWav for API(s) 3.0.0
MaxEnchants 1.2.1 by Xenophilicy for API(s) 3.0.0
Slapper 1.6.1 by jojoe77777 for API(s) 3.13.0
VanillaEntityAI 1.0.0-alpha5 by jasonwynn10 for API(s) 3.0.0
GiftCode 2 by PTK-KienPham for API(s) 3.0.0
KeepInventory 1.0 by KhoaGamingPro for API(s) 3.0.0
AddNetherite-HiroTeam 2.0.0 by Mentagess for API(s) 3.0.0, 3.0.2, 4.0.0
NoAdvertisingPE 1.0.1 by Vaivez66 for API(s) 3.0.0
PECollide 1 by saxavlax001 for API(s) 3.0.0
Kickk 1.1 by MCPEVN-TEAM for API(s) 3.0.0
VeSo 3 by AmGM for API(s) 3.0.0
GCPClan 1.1 by InstantlyTa for API(s) 3.0.0, 4.0.0
ShopXP 1.0.0 by Unknown for API(s) 3.0.0
Alias 1.2.0 by Ghast Noob for API(s) 3.0.0
DeTuMF 3.0.0 by CLADevs And Shin1134 for API(s) 3.0.0
EconomyAPI 5.7.2 by onebone for API(s) 3.0.0
ChoDenUI 3.5 by BlackPMFury for API(s) 3.0.0, 3.2.0
Banking_vonfram 1 by Noob for API(s) 3.0.0
AntiSpam 1.3 by xBeastMode for API(s) 3.0.0
sblevel 0.1 by AmGM-Encode for API(s) 3.0.0, 2.0.0
ChongBug 1.0.0 by shin1134 for API(s) 3.0.0
MysteryCrate 9.1.1 by JackMD, DaPigGuy for API(s) 3.9.0
Sell 1.2.10.2 by Array, KairusDarkSeeker, JackMD for API(s) 3.0.0, 3.0.0-ALPHA12
AutoFix 1 by Noob for API(s) 2.0.0, 3.0.0
PiggyCustomEnchants 1.4.6 by DaPigGuy for API(s) 3.2.0
AutoClearLagg 3.1.0 by Twisted for API(s) 3.0.0
OrionTasks 1.0.0 by Clik for API(s) 3.0.0
SkyBlockUI 2.0 KSCore by KaysilGMVN for API(s) 3.0.0
ShellyEssentials 1.0.2 by Shelly7w7 and BlazeTheDev for API(s) 3.0.0
FormAPI 1.1 by jojoe77777 for API(s) 3.0.0
DEVirion 1.2.5-ALPHA12 by poggit, SOFe for API(s) 3.0.1
AntiTNT 0.1 by Adam1609 for API(s) 3.0.0
PlayerVaults 3.2.0 by  for API(s) 3.0.0
CustomAlerts 2.1 by EvolSoft for API(s) 3.0.0
MapImageEngine 1.1.3 by FaigerSYS for API(s) 3.0.0
NoTP 1.0.7 by awzaw for API(s) 3.0.0
SETVIP 2.3 by MCPEVN TEAM for API(s) 3.0.0
Warps 2.0 KSCore by KaysilGMVN for API(s) 3.0.0
TableSpoon 0.0.7-ALPHA by CortexPE, Xenophilicy, HyperFlareMC for API(s) 3.13.0
KitUI 1.3.5 by Infernus101 for API(s) 3.4.0
QuyenVipUI 1.2 by NightBlackDM for API(s) 3.1.1
PurePerms 1.4.2 by 64FF00 & ProjectInfinity for API(s) 3.0.0
Minerloot 1.0.0 by Distoxicqted for API(s) 3.1.4
PointPouch 1.0.0 by HituilaHuy for API(s) 3.0.0
LoadWorlds 1.1 by shin for API(s) 3.0.0
BankNotes 2.0.3 by AndreasHGK for API(s) 3.7.0
AntiNuker 2.0.0 by GreenJajot for API(s) 3.0.0
Police 4 by nlog for API(s) 3.0.0
essentialsTP 1.2.2 by  for API(s) 3.0.0
AuctionHouse 1.2.3 by Shock95x for API(s) 3.0.0
PointAPI 2.0.9 by onebone for API(s) 3.0.0
AutoSell 1 by phuongaz for API(s) 3.8.2
EnchantUI 0.4 by UnknownOre for API(s) 3.0.0
iProtector 3.1.1 by LDX for API(s) 3.0.0
ItemDropText 1.0.0 by AlexItz16 for API(s) 1.0.0, 3.0.0, 4.0.0
BuyceUIEF 0.4 by UnknownOre for API(s) 3.0.0
AutoMineReset 0.3.4 by  for API(s) 3.0.0
PureChat 1.4.11 by 64FF00 for API(s) 3.0.0
OreGenerator 2.0.0 by vividmemory for API(s) 3.0.0
Jail 1.3.0 by hoyinm14mc for API(s) 3.1.0
MuaDanhHieu 3.5 by BlackPMFury for API(s) 3.0.0, 3.2.0
SlapperRotation 1.2.1 by jojoe77777 for API(s) 3.0.0
TheoDoi 1.2.0 by HotshotHD & CodeRed2019 for API(s) 3.0.0
CachMuaLand 1.2 by Noob for API(s) 3.1.1
AntiHack 1.0.0 by pmmp for API(s) 3.0.0
NameCorrector 1.0.0#build011 by PEMapModder for API(s) 3.0.0
Eff 2 by AmGM for API(s) 2.0.0, 3.0.0
SizePlayer 1.0.3 by  for API(s) 3.0.0
InvSee 1.0.0 by BlockHorizons for API(s) 3.0.0
BuyFix 1.0.0 by HumYaiJang for API(s) 3.0.6
ScoreHud 2.0.0 by JackMD for API(s) 3.0.0
DanhHieu 3.0.0 by padreon for API(s) 3.0.0
ShinPickaxeLevel 6.0.0 by shin for API(s) 3.0.0
MuaCoinUI 3.5 by BlackPMFury for API(s) 3.0.0, 3.2.0
MenuUI 2.0 KSCore by KaysilGMVN for API(s) 3.0.0
KingOfTheHill 3.0.0-ALPHA1 by Tethered, iZeaoGamer for API(s) 3.0.0
Weapons 1.12.0c by xBeastMode for API(s) 3.0.0
SkyBlock 1 by KhoaGamingPro for API(s) 3.0.0
ShopUI 0.0.1 by InstantlyTa for API(s) 3.0.0
RankShopSystem 1.0.0 by zZPROGAMERZz423 | §eFor issues report by §2Visiting GitHub.com/zZPROGAMERZz423 for API(s) 3.0.0
CuaHangUI 3.0.0 by phuongaz | Moded by LamPocketVN for API(s) 3.9.0

----------------------REPORT THE DATA BELOW THIS LINE-----------------------

===BEGIN CRASH DUMP===
eNrtXW1z2za2/iscd2cnO2PZBN+ZDx07shOnsR2traTZXnYyIABKjClCyxfZcm//+z0AKQmgHEu2
1dsvybSWeCQdPAc4OG8AwT/2El5McPV1xooy5fnea3t/r0onbO818kzf8UPHcfb3MlxWp0XBi73X
f+xV8yl8vDeEl4a2vzdhZYlHgnpcjOoJyyvDMqa4LBk1Km5cj9N8kJIbfMfO2YxlUTQt+CylrIii
E1zhQXv1+nWJZ2yQ4TkrXv3LmNRlZcTM4IlRjZkh2jVwUeD5vpHXWWaM0hnL9w2CswzaSXOj/zqK
PpUgSRQd00map2VV4IqLVlh5U/FpFF3fzN9knNwY6AB5vfOP54Alq0dpDr9RIX72oqgsCPxgDfsF
TvOD6Xhq8NzI0pwZoQVdkACit2km+uD/B8bDXSiACTQNkpbnoc7yEDgedhkeLvgdquyAlRAR1ELo
RYEJvP2fvZ9M4ymcRYe9Cq1/vd5aEXo/K4rA42+MVMYNr8ZR9AH+NvR94/LT+bnxL4D4EzJEw1Po
UFZBh7PDBt7hBavGnJ6CmlSnd4zUMAivnIeBCJC9n3n+7zqtFk2uGEYRE0zEKIm2YZDkq/iy5C5R
WN9BccVGoAKsYPRcvOYgU2ACCJV981WAsY649zOT79gC1sPg943noba7qOVvDuUXXgXBd3Cuy9T7
WUzE5mfPQ+J0kbQKYHuO3YHRcpO/bRp+JVm4XRY5q255cXM4IVN2eIVvztP4fQ64E1DlV8j3Onyb
FoFjxkv2kBgZzkdRNCxwXma4AovZ53kFvS/0EaZ5mo/+x0K/G7KNHGcGmAEwrQYThlIi9AzATHmh
gizwTZbGcvI03z+8li9nOKcZdEDodmC2UkWREAsGQ5er9/NY/vA0J3ha1oCT0VctOBT+biDnwHKt
A9c8sBxkuJ7nhUvlaaDIeVlxwkG3VC4DLDDsg62t2AjEMqVI/tM63QxBmkU7jbxg31SBFwI0zTUj
GzypkTB8Yo+BvAScWNNW+MAYlTnn96wxcBlj09XoIMt+amPf/+4fQvPqgv3ZIEHmk6AEXUVpvgrd
q31vKe4lr9IkJVKRW9nRmi1thuaVhVx/S+6luP6UV2n2ivI6zpixCiYOnAD4yJas77SEwtDptNR8
0vu5ArM3aLCDKW/Y2N9j465ZrwWbssJFq1do3erItxfw9pXl29/h8PUrgS6riposrd0bXLI+RErl
OcdU2IMHzEcNfVI29vqcj0aK1XBgYj4vcFiycP3fXxoCNV3iPtIlttkdm2YKQ2/+/uf+HvsRJT4a
Je4+LoNOb9h9TfMZz2ZMdCy0QdMCtG9v8SlQuqzhM8KpiOh+/xHc/QjufgR3P4K7H8Hdj+DuR3D3
I7h7ILjb3xsJT4AzEd3lWJQI91Y/7V0MgHsMvbQqJe7ZB8g9EGFPXKcZ3XuNAuTu76XlV8pme68T
nJUMwpPWGO29dswAGklF8GJu+Q941y2WX1OYSrelcTk0fn1/2XMGVt/+/O7T4PLS8A5sQ0IwQs80
jVeLrzbjbVgmaOuVZVxXoOO4oMYpTcWk+ZdxfHHiOSKEGk+hBf/APrBsuLyHWSvFa6/h46+8FBje
X14OgSAvbiHoEhHWZArupvgKFrHARcpK0X+YjkHmgh1+K3neg++0QZt5gA7Mo8BxAtP3TDu0gzBx
3SCxQ0xN17UxjgOfxnYSIA8JZJwUeJLW5eEUzCkE17229wUAdOAeoCNEbct2rDggiMWg865NgiDw
ie0BBz92iEWx59tEyLFSijjNcTGXGt3CQtYReJMEB35ghcw0fUaxGdPQY3aYMMuMw9iknh0g29JZ
CQceA7reDGcpFfoqsYGDOgpsC2FsE5Iwz/ZswcEMEpPEieWbvuuShISCeYehmIeZnIcLbEc+MYGB
EyKKCAuSEDkJCz3qIOzYdkDCwIKv0yTROWV8JDlY0OnMDWNGY5c6ccziEFue5/gkFh0FL1aCfWBB
E7zGoTetxgXDdNlRR2EcEwZjFsQmcgIfx8AIxgB72Dddx7csDE2Ynq+zmuBq3KJxjwLieCTBoWu7
KInN2Ipt0wctEP0LTtZBoe3ErtuRJ4+rlgNyj5IABzD4PrUcFvthEvs+DQMXu5brhNQLQteNiYeR
zqLx3Y0o1kF45CYWNi3TDBMn8Ah2aGgGoRUgx/XNBCObxZSYfkB1Lo3zaDvEBoUOXQRf9yzm+i4C
ZXQ8n9le6LAwtqFbQ9+0g6TLZJpJDg50aZKYrh+CwjEHQed5LoXhhini+8glZhL4vgXi2gFwoJwI
k8kOwejBjK7SpcrZgpHtmjQxLS9goem4IcAAJYbeDlzi2sxktm0njIlhnsxB0+LykILDgzk6nUsm
yBQj7IWxhVASYhcUGCUeMUHzqIVZ4npUcERuGDAXuOTpTQr2djztTXFRSpWdOYKLdeTBzEYxsxHC
lm0yMzT9xKUJMy1k+46FhdCgxEyaGFz0Ug5KkqcJK8Uwg9ICksC1PJcl1MaJH8NUwk5sYYvYDo0T
4vpBQKkVIttWeKgGWsAgXhx7geVSlgQws7FtWRZ0aWDbfhIQhhMU+m6CzcbSQffK3B3CloIlGTjB
tDVhkqUlJxOiJiKgZQ6jnpVYLsaBgyFIwNR2qYuRF1qO51nxYyyBGgtXBkzBiwBO0wuxH7jQ8Q5K
QHcTJ0xsBgbNdQJKECHMo2AtvTWmoibQK1gpsuNGExzA6GFQwjgIgxAEpqEF40gCsDww+wnxmEus
GIMJasUup4yIXHw6ZqRVBEt0P1gb0GgvZj4oAmhz6HpgnEPTwzgxwfQwkwbYoi0T0MfD9nUxxZzg
CHTZIQnYyDBJaOCFMLUIqAH2Gcae6yBiU0wgkl9n0oPXOk+rBTPkQdeD8nkUfG1sunZIGXYJWAEG
Gul4OImDGIHtRv4DzESoQapeUWesXHB0j2zbgU4SWoF85nimy8wkBNtkUzshYIxQTMFYxo2WSjRS
20VpAf5Ajzc1n1AqBrgwJ/YBTmBDl4FlSqgVE4f5cWhB52HbJNCab3WYibpJL4UYu53LQnHdIwy8
GEScYKPAEpggmJkQEnt+An4ytoLEgpkJw9FhJuokN6xhI8w16CPYaZ+aMGSeG7tB6JhgaXwr8REJ
MTEdC1yU53fYVOyugj+Tqcie2vloH6EA3KtvIo95JnMtx/eZ67jgmcAugLf1Y+JahAZOl1k6kYjc
ZkaCIoAHc0IwkSGzEg+cFwsTClplWg7MAB+ckx13ELWKEErtBkMEA+f52A99hzixR2CawHRJEjAs
CKwTAuftSAtVMojbwEzm4FnTlZVC0r44jsV84jMvgMEHDwh+1gH19GPPC2DgYssxLQL+Secjxr6F
I9j4R25o2aAjMOXBfIchCmGu+olngmuDIAC4uuAxQxw/zAYmrzBarJdxflNPl50NMwYlppj5YGyE
gwNn5CUUQZcDOHBQQhPsrpAQkeGFIjlSkXwcJIlteo7waj7MGoIwhCOgpxYWoQNixAW3Za7xydhd
Ws2XxjjGARHxlAk9ksQEfDU17dj1HHD2tmOCcvsJYjIKWfGhKRAaJDb4ORI6IQaHANYEgiCGJSqb
Aio3DizmENsyQ727WT5LC563MaQrXa4dBDDmjCJw2hgsFDQOauSFDBInC4IqDExMExOd0d2UFxUr
lnBoEBIInnwPQfwYuwKX7WIvBneNGThSECowwRtrXEYZj3EG1qSZF67sGrBmfgjhFAjn+EEMMZAF
/YIJWDeYFxTUlEAUQXyNk6hxlj2e9Jo6ZauSnoucWExusLJgzhwvcS2TQphEkY8d17IT7IJjdjRW
Tb7WYzk4BXXwocvh98LkwmAFEJy5juWDQUausJIQfdm+aUHAjB9k17orya1RSRqCHYntGFmYxMgX
kwSBTw0gXrBJaFLLdGwSd1SyYKSWPhkEzYVdWYJjFIJXsN+uC2EXgpgPrmLsWCiG4JhSCCBARVji
d9iVvC4I6/GpkLVNB2zJ0EwgTwcENkbg88B7meAAwb/bMTGp8M0QMKAQBxrDtphvQQRlHonetWzf
hwDXskMIU+MQtB0sLfZRjCHCSyxQMDPUOKzHHASZFigTwqGJYG4hGAAUOLZHfM9hjm8nEPgEUj3n
k4Tnc0hZszn4gaxHWjgzMN6ByHCIDfEcqIHHEohFwXeKaE4YYLDAEGcHDvViR+pDNWYlYxARgAPI
0/vWzgnH5INa28S2MfgTiCshBXMgRAFjADMQPDlkXzD3XEvEhbcsnvB7XFSHYu2iaIxcKKd/QryQ
YBY71AmJLSw2aL0JgTPMF9uHRCSOIaXTw9zV295kusyaj6iPPbD7kAWFiWVDEJ9ARuOCSYHBh1wE
YnKRCMRo78/lCoBMLd/U87fZXEnSW8L+3moMYBbBNa6rMS9KUfT/lfOsP8Z5zjLbCl2R7eNpKj4R
w2WKa5bjOGOQ91ZFDWk7ZVPIgstm8aDkSXWiEiZYrjg0TX963xRFxKIFZG2ibvDxevjrx6vzk6Y3
y1Qaij0Q5ILHkIYT6Z6XEihEXQpQSF2OT/lNzm/zjwXTRAAtea4IK44gxBLHdgKNq2pavj48HKXV
uI4PwGEcKgBB2jeiKMGKIfR+qY2YQlYllqrai1mFLV3u/j0j48HFCZuJH3xO79Kb/m+7GkUimE8n
FJhHUdxgqwS2KOogfWpvKLAPNVbQN0Ds9suSpPcJAun07ljVpYwhw5NddcSifVFvm3Vkvh4eXw0/
DTZJvEJ2uOQBwv7Ki4wOCl6JJbuVwBpZFVpY4kCXGWdpDdN8R6I23KLoViCYNgi6Sr+lyBd1WiQp
y6hq6RZLjFXBROVDrDYdatJCpxzXFX+fz5T+WFB0KwDWrDP+v8AkveS8oOM6LXfVJd+Aab5gGkXQ
HIdMIopWoDZatw/gvq7YiOWKTCtaR6u7Sn2JS7DQYhGr/M9QE8qRXxXlyObVal9R++o9X2il0Sj6
cCX+30ZQ6I9+AT99m94poqrUtSHUhFWlQ87z4U/q/wKqKIKBIqLlJL2LoqaEv40YUiPL7oTU7Y/Q
KU8fqbIuZrhd+9mV9kme7XyEoVgC2crktrPtQDI5WCyu/dQwE4KCW0uLa4ZV47Oi6YrpHri6uDe8
wJS7Npr4e7saOIVnFC2RKG+3Gb6PuUgghnI781IshajL1QklfmNUrCQhb1cjuGQYRSsMzw4kltwO
FYFA5kuQcohHisALiiatLuvF8FZEj11B92US8myBYbKJSGn76fZhXOejc56r6Fc0fbTMrnm8+3KZ
EtaxjC9x9mnOt49br8Rw8Jz104LUqTqNup/obnxNjIpRbnqWPpNeYMCLtvltnPfC6X4ZdHzul8Fa
76N1j3txsqu+b7g1rvXL4NlzpGFz2EogJgd/i7PsBE9kSXI1Q1RyR1BdzBOxJUdk1ZcsRibaYWCp
so0iFdH2SnidiorUr7iYqmZ8RVRFc9bHEJq8SYubFwZMwKas5B6aRM7664zfKpenkDKLNZmsHJzu
KbaibTuKSon3FvCCtVexb84dr6f4Nlfd9YKiz7lO7nQ649k1iLCrwWwbhWFbtr5FwHx7e3vAAIng
elDdNDZFiPG+YpNSsycraidi7OT0kKXd1ymy7F1JtuIo9ogtYTx7fq74HapSiaEEj3bFSqYa0hVN
D7+s7iQVerwrkVd6KdKWQjQP4ipINmql3I6xntpp5A2u7QQXN2/md5pMthxu8eq81E+rUCCl14Ft
NjrHfdXawJU+PF43OhbS/IpnO7OdDTswFsd9+Wezj7vAd6c5gbym0oyFQu0WXTpT6wvL+XScZinZ
WcKtsBTzaQlFu9hqPDI8nWrlswVFF8rrCvWNf+PMF//0KN5+QdLStPxsA7GCdLgQAiT8jHPImfEp
uJFqfvxekbT7ydq86uFsOsad/OUbLnl+O89zZL7Q9Q3qgsnGU1Z+2VNLB8sWoqgDUmzCXMLdoLjv
0qTqy6WQpchLkubjOuWw4Yfeh5Tlg/HuamHAM4oWjW8fonxgbPo+n8l1ebVIrdMfjcE+jDl+h8Ec
j8BK7UocjWkUaXC2l+6Y0ktWjVkBpN5ZWnBZfVRi6Qc/35ARXAAKCAPLh/IzuZjyoP1vd9dtJfwC
CcSdC3THxYQX2wt+yY8pCFGlpejBUy221j/ZkEd8xumM3Xs7S7oX/ERIrQHpELYRcnDa51mWatNv
RXskvS7xHZ5l+M7cXcagsIyiKSMNiG2TvA8pubnRapDi+tFo8qI/OP182RueHl/sLFCWLGGyta1v
HIDP7Jqr1l5casGGDvl48m5nWAWvKPr3EG2D811/0M+wWuRdUB7t4vfNfrVsPsS7LsWkC9YVjqKE
YAJgouht/7hFtdExg1+Gn03ZwSyXQcaYT7UqQUvYEMi2q187i5kGTzDNWYrVaK+5Xltc0/G+G0Mu
a1xyHu9Mj0SzDWq5nXwb6CdsWF+81dbBJKFbhe6A758fi4U14zin8q4ihGxnV2K0vGUqBAC2H4ZT
wnM+mR8P1LBNIaoyuQd+N1fnOYvh/12J0bKLItYgAJ4QjqloNgrUH/MTln9SxVmS9AHqRJ1vMgx5
1sXbupg/6NitF4xOCyCKmnfbD88bnN+AN/w643lSaKFL95NH3N0u54vgBTkpNP6EqQ7x9PVUD7wW
pEdL/ndvGMz3CxFN7wj+XSw4TmSILLYil4BhIhKiBaCJWhn/nrsuoV1xv+ZKngXl0U0dwmf1IHV8
SJ79NtJ8plzCnkRRGS/uI91mmuSjN/VInyYNaYPTKHdsuxa2UM6OBYLNxcW5WKOe9wu5qW1VNFDJ
qiDhAfpOjRwMOh6ko3e1Pu/Dl5fLVTAvLZprggmPzzJVAeXlWpXE7NhrCBvlAqwQ7ANOi7oU1Zpr
xpqtPN9ZNGjSGrN3fD44O0bWo72i+o7HxhzgijvYnmBE6orrq9cLyvaWz1LFee7g5tICrhrfnKak
o9G8X5cVnzxQ5XroU30cnfWC3QPqar2kYtfwE/fSr4F52gj1M4aLczwadcZpRdd98FoxYXgr7nCm
u7ItVcOu2R1CBIgMQDTDp2J66qRsYR6X86yeXPQPdX5iqbsAEYe4vFHHWiFusLH9LN1ZyVzwiiLZ
9jNKKIsbGLWISiF2iiXGh+s+L1inQoTnZZq9u/h8uTOfsQTwBEnGYHTmq/UuLVvqfNQdnk7Y23zf
v/UNsGEGRI73bDhmEIHvzifqgLaX8i0vJno0v6A8mut+p9j8ku1ZS46Q2DYQlm+2yrJOP6eFRLvK
sxakrqNzl75JE2rKRyO5wn/98W035Hr2BtSGaRTNJJQoomzxToG3aVEfRnV4OewExEN5r+pjASTF
E+SZ4c6S36bRbatUzXkNn3Gd6R5MJT++FLgj3ItdZM35FjPZ8uI4iSWOzSGw9HPHGSs0cTSybt3Q
X7tQrbYMwbCO43lL1hd4+l7sWTjNR/J4GmVxTfugu9XR7q7gpiNWXP/neleiLhkK3VORdK+3K3YP
B1qFe7he+PI7m3Nv7/HtzvbmCmZRlPNq+uwovwEkvNTp8PN7rZLXEDq7jR8qBht/RTH4mlWf0622
e4htIdreTHn998QHsu3tneZQtHA95Zq3UYjdzbF+4286MZu4VetOLqmo69H7e2fzKSveZrhgF/2d
LeVq69MrqOr7bdYdKi2ua647NZluoex9nrAir8vufqsX7C5VWIrlh+opYd2/6znLQUU1QRRiJ1bo
JIjpaFzJyt+JPnPQ8wMEmK1i14bkGUULEJvTxLpgA1Zoe4tWtG5K2JHDc96+NU3jn8ag4OJGOOjQ
NBd3Qu5oPn1tGgAnu0CkvH2GuZO/XZxqtuTTbjQqMs67G40a2qZ9OZCU8buU/LebQUKPPX/b6Ypn
FFXZ9oo54GleDXhNxtoJLUviBmHO0qpOM3xW72wQV21vL4TYLLy2614hPppUiErhrsCv2tzexwqd
I9NZflDx6aKafskrVnbq6A2tu+zfXb3MacFwefbugyaSv0GkLQtiK+5NdV1CUt5uW2e/rPVb9Va0
Dbsa3hWM5b/gb7zaZXYhm37KlAF/pi3nNwRto6yOOxdnxuwIseAFdk22uT1otszStTBUI3cTVuuv
SIvUFqOo0/4W5Tt5zMcZr0umVe8UclcMu1sW4eQmdO9euGtLW/BT71FStlu0LYnCnsQ3FvhEXU9D
u52N1sslS1J3woR/6dIn5eLgqJetfYoqZGddYEl6pEo+Hdc8H+H7zi261rMrJC2/pswqWn/CenRT
dtaCuRVNj8Odre41fsGYqPcaL0FsL0va7trlqkFWiN1SeGdYzk++7Mx5nnyJolXLz85SgU9PJIaH
ihTi7sKKTU4KPh3KkxJWtxeq5A3RznHG7t5X99rdXUhbrnnhjhsBRgB5wtp7PSfs0/vTt/q9+y3t
b1TFFsTTVmYe2sGv03WJ7I5MOwsKVnGO1vwTggTIF/pj7dbIJambJiH0UJ70pEFRkrCH7q2R/qYU
O19F2j9LwfMMTnsL+t53UigBdvVuBwmUZCPXndg7eSykbnU08oZIcJbOUjphE17sLPNQm4+i9u1W
DvoXnKruTF526xMd/GM+T/MJciakkwM+G/6KYxR9AwRR1OLYvEuhxic4H5+lrFYTWoX6N+5J6gOG
dlOSePuElbRm7/8Vr+RhNuu3Niw/2XDfxu5XnToAnlACHDN+wlO1/tdSNuxJPOMVRKPV2YnxT0Ps
vb9i1DLRztZoyISKwxvlXRv9Cb1u3m+1voHJGDTtHIvDUVfLGwr18dJYd9fYC0pimdzq0eycmNQ4
axrfKqE9w+Smk89K0oZ4YjqZTHdWCsfl8TSdNpvEREb7hH34gLrPi6IbBer0NVl+kqe6mF3vNTi9
wNMLTsXt27uqCa1YRpGGqnO5VfAuDk5bhe3yXLXv3gTT2Q2+k7050CSCYQLO6Cl36d63Tz/Q7tJd
ErujY/8VcZFs77w5rn/1fsujPa4Z00/1EIQNE0RunzjjRXrP850dyaIxjaIGyVNOHBAHVGmbvFrC
plppPfkPTn/BebcU5L3kpCxxNsnWSiROjz6rVUu7JG2It/6aW/UXrW8vwgOByneilHVriyGq5zur
9bbsomiYVlXGjk+unrLLp/NQFXWXz9rzVlZSeQ9vdN3lJtf1x4hsGUL2earvaF/R/q7wERD8RrjY
dAwh0jB9yp72C5bXujQN4W9cKX5KMv0hzUcfEwgOz1Kt0qbT1yZMu0Ops9tR3t7H6L6R/sYwf4cn
u/Psq0f4bCvZrwxPuXZew4LSWeWB0SF/+U79JccoamEs3zxl3+IDuxYfq4Xu8GZWvY7dHjTHczZX
igIX80HGRe1Dvm5esBe3dek7MRvC46d3PXon2w4WryD/mdapeOoW33Kx+wrnN+Lb12JXu3pjSOeD
DX7//rfB1cd3xxenV7/dO5Zt/K8R1aaJffaWF0ZaljUrjYKJM3SNeN5+Zn1OAQgMsPEurc7ackqH
0dMLRG0ZZ7W/UV0dV6iLxYVHelPvgu0NU7/GZxAB6bc+LWmbPHhbs4cuFHOOiv46x5NGazvWdtOd
EQ/Ju9+ZDQ/set9qRWEp0Lb98qd6tuvBfCIeYSBPwhWPGjkQB8iLW47l+eriGFhcQMdVbBHas7uK
5e3zO/7Yk/5Iee5ITNpnRCwpBGdMPLNEo/HJV8qrXJReFWp7aO6KUBeZek2b05qX10maNSdBLymj
ifYUlDEuNSwpdPhMJYhnm8h55MvRn8TNo2zUr5TtI1dU2pToUl8tHwmg/VJ2cqmTaFpPVMr14Fy9
nMzL/2by0S3tO0OeTW31KJsZPfEcGNd0TB/e/uM9fW34hMB/occ830086lvMJYmZWJ6fOAFDnk/E
gzzADPxDnCysnCi8bHCO5fhb7X0H9+m0cWiuLHbfNw/aWH4bLu8m+phwIY5lmjZCllgPHJx81LqK
8q9SlC4RSKk+nKB3eVlqX2xOV/pyofVRBwFcimeb6GIB8VYcEqARlaegiEgPiWf8AOCxrpyrufGV
jOv8Rn3CjOiidNQ8eaZdohLdRMu2ECY6QN72RuPFU06EHhfzacXbNQRBGNG1MU81NZF9Y6uk5fnb
o7pRxgWc32B2GR8HBJOx0pt//vl/oTUwoQ==
===END CRASH DUMP===
