PocketMine-MP Crash Dump Wed Dec 9 07:15:40 +07 2020

Error: Argument 2 passed to ShinPickaxeLevel\provider\DataProvider::savePlayer() must be of the type array, null given, called in C:\Users\Administrator\Desktop\SkyBlock 1.16-LOL\plugins\PickaxeLevelV6\src\ShinPickaxeLevel\Main.php on line 92
File: plugins/PickaxeLevelV6/src/ShinPickaxeLevel/provider/DataProvider
Line: 33
Type: TypeError

THIS CRASH WAS CAUSED BY A PLUGIN
BAD PLUGIN: ShinPickaxeLevel v6.0.0

Code:

Backtrace:
#0 plugins/PickaxeLevelV6/src/ShinPickaxeLevel/Main(92): ShinPickaxeLevel\provider\DataProvider->savePlayer(object koth\KothPlayer, NULL )
#1 src/pocketmine/plugin/MethodEventExecutor(42): ShinPickaxeLevel\Main->onQuit(object pocketmine\event\player\PlayerQuitEvent)
#2 src/pocketmine/plugin/RegisteredListener(80): pocketmine\plugin\MethodEventExecutor->execute(object ShinPickaxeLevel\Main, object pocketmine\event\player\PlayerQuitEvent)
#3 src/pocketmine/event/Event(88): pocketmine\plugin\RegisteredListener->callEvent(object pocketmine\event\player\PlayerQuitEvent)
#4 src/pocketmine/Player(3643): pocketmine\event\Event->call()
#5 src/pocketmine/network/mcpe/RakLibInterface(176): pocketmine\Player->close(object pocketmine\lang\TranslationContainer, string[21] Internal server error)
#6 vendor/pocketmine/raklib/src/server/ServerHandler(95): pocketmine\network\mcpe\RakLibInterface->handleEncapsulated(string[19] 14.252.50.241 62225, object raklib\protocol\EncapsulatedPacket, integer 0)
#7 src/pocketmine/network/mcpe/RakLibInterface(109): raklib\server\ServerHandler->handlePacket()
#8 src/pocketmine/network/mcpe/RakLibInterface(99): pocketmine\network\mcpe\RakLibInterface->process()
#9 vendor/pocketmine/snooze/src/SleeperHandler(123): pocketmine\network\mcpe\RakLibInterface->pocketmine\network\mcpe\{closure}()
#10 vendor/pocketmine/snooze/src/SleeperHandler(85): pocketmine\snooze\SleeperHandler->processNotifications()
#11 src/pocketmine/Server(2157): pocketmine\snooze\SleeperHandler->sleepUntil(double 1607472940.9132)
#12 src/pocketmine/Server(1994): pocketmine\Server->tickProcessor()
#13 src/pocketmine/Server(1588): pocketmine\Server->start()
#14 src/pocketmine/PocketMine(273): pocketmine\Server->__construct(object BaseClassLoader, object pocketmine\utils\MainLogger, string[49] C:\Users\Administrator\Desktop\SkyBlock 1.16-LOL\, string[57] C:\Users\Administrator\Desktop\SkyBlock 1.16-LOL\plugins\)
#15 src/pocketmine/PocketMine(304): pocketmine\server()

PocketMine-MP version: 3.15.2 [Protocol 408]
Git commit: 0000000000000000000000000000000000000000
uname -a: Windows NT WIN-4P2C3VGUPNN 6.3 build 9600 (Windows Server 2012 R2 Standard Edition) AMD64
PHP Version: 7.3.23
Zend version: 3.3.23
OS : WINNT, win
Composer libraries: 
- adhocore/json-comment 0.1.0@8448076039389f558f39ad0553aab87db3f81614
- ocramius/package-versions 1.5.1@1d32342b8c1eb27353c8887c366147b4c2da673c
- pocketmine/binaryutils 0.1.12@566fa87829e007eda0bd96e39fe20b9b0d638132
- pocketmine/callback-validator 1.0.2@8321aa3ccfe63639b0d08f0cbf270755cfc99fe2
- pocketmine/classloader 0.1.1@7c0363491d1ce8f914fe96d41a4338c982adedff
- pocketmine/log 0.2.0@e59bedb5d4bbeb9a26647cb7c367cb2fa72addfa
- pocketmine/log-pthreads 0.1.1@9bbcef398b01487ab47c234a6a7054722abbe067
- pocketmine/math 0.2.5@8c46cfa95351fb0b2b30739a381310941934b55f
- pocketmine/nbt 0.2.15@f8a81d37d24eb79fb77d985a52549d68955bc6a1
- pocketmine/raklib 0.12.9@5f2a02009f486ca4d90892814570fa13ebdc078d
- pocketmine/snooze 0.1.3@849510fa62e57512b8467e3694e9b3add97038fd
- pocketmine/spl 0.4.1@ff0579a0be41bbe65d3637607715c0f87728a838
- doctrine/instantiator 1.3.1@f350df0268e904597e3bd9c4685c53e0e333feea
- myclabs/deep-copy 1.10.1@969b211f9a51aa1f6c01d1d2aef56d3bd91598e5
- nikic/php-parser v4.10.2@658f1be311a230e0907f5dfe0213742aff0596de
- phar-io/manifest 2.0.1@85265efd3af7ba3ca4b2a2c34dbfc5788dd29133
- phar-io/version 3.0.2@c6bb6825def89e0a32220f88337f8ceaf1975fa0
- phpdocumentor/reflection-common 2.2.0@1d01c49d4ed62f25aa84a747ad35d5a16924662b
- phpdocumentor/reflection-docblock 5.2.2@069a785b2141f5bcf49f3e353548dc1cce6df556
- phpdocumentor/type-resolver 1.4.0@6a467b8989322d92aa1c8bf2bebcc6e5c2ba55c0
- phpspec/prophecy 1.12.1@8ce87516be71aae9b956f81906aaf0338e0d8a2d
- phpstan/phpstan 0.12.48@d364cfbac9ffd869570cdfea7eaa6541c3dac666
- phpstan/phpstan-phpunit 0.12.16@1dd916d181b0539dea5cd37e91546afb8b107e17
- phpstan/phpstan-strict-rules 0.12.5@334898a32217e4605e0f9cfa3d3fc3101bda26be
- phpunit/php-code-coverage 9.2.0@53a4b737e83be724efd2bc4e7b929b9a30c48972
- phpunit/php-file-iterator 3.0.5@aa4be8575f26070b100fccb67faabb28f21f66f8
- phpunit/php-invoker 3.1.1@5a10147d0aaf65b58940a0b72f71c9ac0423cc67
- phpunit/php-text-template 2.0.3@18c887016e60e52477e54534956d7b47bc52cd84
- phpunit/php-timer 5.0.2@c9ff14f493699e2f6adee9fd06a0245b276643b7
- phpunit/phpunit 9.4.0@ef533467a7974c4b6c354f3eff42a115910bd4e5
- sebastian/cli-parser 1.0.1@442e7c7e687e42adc03470c7b668bc4b2402c0b2
- sebastian/code-unit 1.0.7@59236be62b1bb9919e6d7f60b0b832dc05cef9ab
- sebastian/code-unit-reverse-lookup 2.0.3@ac91f01ccec49fb77bdc6fd1e548bc70f7faa3e5
- sebastian/comparator 4.0.5@7a8ff306445707539c1a6397372a982a1ec55120
- sebastian/complexity 2.0.1@ba8cc2da0c0bfbc813d03b56406734030c7f1eff
- sebastian/diff 4.0.3@ffc949a1a2aae270ea064453d7535b82e4c32092
- sebastian/environment 5.1.3@388b6ced16caa751030f6a69e588299fa09200ac
- sebastian/exporter 4.0.3@d89cc98761b8cb5a1a235a6b703ae50d34080e65
- sebastian/global-state 5.0.1@ea779cb749a478b22a2564ac41cd7bda79c78dc7
- sebastian/lines-of-code 1.0.1@6514b8f21906b8b46f520d1fbd17a4523fa59a54
- sebastian/object-enumerator 4.0.3@f6f5957013d84725427d361507e13513702888a4
- sebastian/object-reflector 2.0.3@d9d0ab3b12acb1768bc1e0a89b23c90d2043cbe5
- sebastian/recursion-context 4.0.3@ed8c9cd355089134bc9cba421b5cfdd58f0eaef7
- sebastian/resource-operations 3.0.3@0f4443cb3a1d92ce809899753bc0d5d5a8dd19a8
- sebastian/type 2.3.0@fa592377f3923946cb90bf1f6a71ba2e5f229909
- sebastian/version 3.0.2@c6c1022351a901512170118436c764e473f6de8c
- symfony/polyfill-ctype v1.18.1@1c302646f6efc070cd46856e600e5e0684d6b454
- theseer/tokenizer 1.2.0@75a63c33a8577608444246075ea0af0d052e452a
- webmozart/assert 1.9.1@bafc69caeb4d49c39fd0779086c03a3738cbb389
- pocketmine/pocketmine-mp 3.15.2@d7a66ad7559f23d24ffe95813421a720203109b1

Loaded plugins:
MineReset 3.2.0 by Falk for API(s) 3.0.0
GiftCode 2 by PTK-KienPham for API(s) 3.0.0
RedstoneCircuit 2.0.0 by tedo0627 for API(s) 3.6.0
MobStacker 0.2.3 by UnknownOre for API(s) 3.8.1
WorldProtect 2.3.8 by aliuly for API(s) 3.0.0
OnlineTime 1.3 by Zedstar16 for API(s) 3.0.0
NameTag 1 by MTwins for API(s) 3.0.0, 4.0.0
InvCrashFix 0.0.1 by  for API(s) 3.14.0
BuyFly 0.1 by WoolChannel3295 for API(s) 3.0.0
SAC 3.6.6 by DarkWav for API(s) 3.0.0
BlockProtect 1.0.0 by DarkByx for API(s) 3.3.1, 3.3.4, 4.0.0
NoAdvertisingPE 1.0.1 by Vaivez66 for API(s) 3.0.0
RenameItems 1.1 by Wertzui123 for API(s) 3.0.0
MaxEnchants 1.2.1 by Xenophilicy for API(s) 3.0.0
BuilderTools 1.2.0-beta2 by CzechPMDevs, VixikCZ for API(s) 3.0.0
DevTools 1.13.0 by PocketMine Team for API(s) 3.0.0
VanillaEntityAI 1.0.0-alpha5 by jasonwynn10 for API(s) 3.0.0
KillRegen 1.1.0 by NashanPlaysYT for API(s) 3.4.0, 3.3.0, 3.2.0, 3.1.0, 3.6.0
KeepInventory 1.0 by KhoaGamingPro for API(s) 3.0.0
Slapper 1.6.1 by jojoe77777 for API(s) 3.13.0
AutoInv 0.0.10 by JackNoordhuis for API(s) 3.0.0
Worlds 3.0.6 by survanetwork for API(s) 3.0.0
StairSeat 1.5.5 by korado531m7 for API(s) 3.14.0
AddNetherite-HiroTeam 2.0.0 by Mentagess for API(s) 3.0.0, 3.0.2, 4.0.0
AutoXP 1.0.1 by JackMD for API(s) 3.0.0
MSpawns 2.2 by EvolSoft for API(s) 3.0.0
KhungLong 1.0.0 by xXNiceYT for API(s) 3.0.0
SimpleWarp 4.0.1 by Falkirks for API(s) 3.0.0
NoFallDamage 1.0 by DeveloperNeb101 for API(s) 3.0.0
PointAPI 2.0.9 by onebone for API(s) 3.0.0
CachMuaLand 1.2 by Noob for API(s) 3.1.1
AntiHack 1.0.0 by pmmp for API(s) 3.0.0
MuaCoinUI 3.5 by BlackPMFury for API(s) 3.0.0, 3.2.0
BuyFix 1.0.0 by HumYaiJang for API(s) 3.0.6
NoTP 1.0.7 by awzaw for API(s) 3.0.0
AutoFix 1 by Noob for API(s) 2.0.0, 3.0.0
SizePlayer 1.0.3 by  for API(s) 3.0.0
NameCorrector 1.0.0#build011 by PEMapModder for API(s) 3.0.0
EconomyAPI 5.7.2 by onebone for API(s) 3.0.0
GCPClan 1.1 by InstantlyTa for API(s) 3.0.0, 4.0.0
ScoreHud 2.0.0 by JackMD for API(s) 3.0.0
AntiSpam 1.3 by xBeastMode for API(s) 3.0.0
Banking_vonfram 1 by Noob for API(s) 3.0.0
SkyBlock 1 by KhoaGamingPro for API(s) 3.0.0
MenuUI 2.0 KSCore by KaysilGMVN for API(s) 3.0.0
EnchantUI 0.4 by UnknownOre for API(s) 3.0.0
DanhHieu 3.0.0 by padreon for API(s) 3.0.0
Alias 1.2.0 by Ghast Noob for API(s) 3.0.0
VeSo 3 by AmGM for API(s) 3.0.0
Minerloot 1.0.0 by Distoxicqted for API(s) 3.1.4
InvSee 1.0.0 by BlockHorizons for API(s) 3.0.0
PurePerms 1.4.2 by 64FF00 & ProjectInfinity for API(s) 3.0.0
SlapperRotation 1.2.1 by jojoe77777 for API(s) 3.0.0
PECollide 1 by saxavlax001 for API(s) 3.0.0
SkyBlockUI 2.0 KSCore by KaysilGMVN for API(s) 3.0.0
essentialsTP 1.2.2 by  for API(s) 3.0.0
ShinPickaxeLevel 6.0.0 by shin for API(s) 3.0.0
TheoDoi 1.2.0 by HotshotHD & CodeRed2019 for API(s) 3.0.0
Police 4 by nlog for API(s) 3.0.0
KitUI 1.3.5 by Infernus101 for API(s) 3.4.0
ShopUI 0.0.1 by InstantlyTa for API(s) 3.0.0
SETVIP 2.3 by MCPEVN TEAM for API(s) 3.0.0
Warps 2.0 KSCore by KaysilGMVN for API(s) 3.0.0
QuyenVipUI 1.2 by NightBlackDM for API(s) 3.1.1
AutoMineReset 0.3.4 by  for API(s) 3.0.0
ChongBug 1.0.0 by shin1134 for API(s) 3.0.0
Weapons 1.12.0c by xBeastMode for API(s) 3.0.0
Kickk 1.1 by MCPEVN-TEAM for API(s) 3.0.0
CustomAlerts 2.1 by EvolSoft for API(s) 3.0.0
OreGenerator 2.0.0 by vividmemory for API(s) 3.0.0
TableSpoon 0.0.7-ALPHA by CortexPE, Xenophilicy, HyperFlareMC for API(s) 3.13.0
Sell 1.2.10.2 by Array, KairusDarkSeeker, JackMD for API(s) 3.0.0, 3.0.0-ALPHA12
Eff 2 by AmGM for API(s) 2.0.0, 3.0.0
MysteryCrate 9.1.1 by JackMD, DaPigGuy for API(s) 3.9.0
PiggyCustomEnchants 1.4.6 by DaPigGuy for API(s) 3.2.0
LoadWorlds 1.1 by shin for API(s) 3.0.0
DeTuMF 3.0.0 by CLADevs And Shin1134 for API(s) 3.0.0
Giftcode 1.0.0 by  for API(s) 3.0.0, 4.0.0
MuaDanhHieu 3.5 by BlackPMFury for API(s) 3.0.0, 3.2.0
ShopXP 1.0.0 by Unknown for API(s) 3.0.0
ShellyEssentials 1.0.2 by Shelly7w7 and BlazeTheDev for API(s) 3.0.0
AutoSell 1 by phuongaz for API(s) 3.8.2
sblevel 0.1 by AmGM-Encode for API(s) 3.0.0, 2.0.0
AntiNuker 2.0.0 by GreenJajot for API(s) 3.0.0
AntiTNT 0.1 by Adam1609 for API(s) 3.0.0
DEVirion 1.2.5-ALPHA12 by poggit, SOFe for API(s) 3.0.1
PlayerVaults 3.2.0 by  for API(s) 3.0.0
MapImageEngine 1.1.3 by FaigerSYS for API(s) 3.0.0
Jail 1.3.0 by hoyinm14mc for API(s) 3.1.0
iProtector 3.1.1 by LDX for API(s) 3.0.0
ItemDropText 1.0.0 by AlexItz16 for API(s) 1.0.0, 3.0.0, 4.0.0
PointPouch 1.0.0 by HituilaHuy for API(s) 3.0.0
BuyceUIEF 0.4 by UnknownOre for API(s) 3.0.0
AutoClearLagg 3.1.0 by Twisted for API(s) 3.0.0
KingOfTheHill 3.0.0-ALPHA1 by Tethered, iZeaoGamer for API(s) 3.0.0
ChoDenUI 3.5 by BlackPMFury for API(s) 3.0.0, 3.2.0
OrionTasks 1.0.0 by Clik for API(s) 3.0.0
FormAPI 1.1 by jojoe77777 for API(s) 3.0.0
AuctionHouse 1.2.3 by Shock95x for API(s) 3.0.0
BankNotes 2.0.3 by AndreasHGK for API(s) 3.7.0
PureChat 1.4.11 by 64FF00 for API(s) 3.0.0
CuaHangUI 3.0.0 by phuongaz | Moded by LamPocketVN for API(s) 3.9.0
RankShopSystem 1.0.0 by zZPROGAMERZz423 | §eFor issues report by §2Visiting GitHub.com/zZPROGAMERZz423 for API(s) 3.0.0

----------------------REPORT THE DATA BELOW THIS LINE-----------------------

===BEGIN CRASH DUMP===
eNrtXetz27ay/1c47pk76Yxl8/3Ih45d2Y7d2I6OraQ5PexkQBCUEFOkyodsubf/+12AlARAjiXZ
7O2XZFpLXEmL3wKLfQAL8s+9JC8mqPoyI0VJ82zvrbW/V9EJ2XtruLpne2Zg6/t7KSqr06LIi723
f+5V8yl8vDeEl4a2vzchZYlGjHpcjOoJySrN1KaoLEmsVbl2O6bZgOI79EAuyYykYTgt8hmNSRGG
J6hCg/bq7dsSzcggRXNSvPlRm9RlpUVEyxOtGhONtauhokDzfS2r01Qb0RnJ9jWM0hTaoZnWfxuG
H0uQJAyP4wnNaFkVqMpZK6S8q/JpGN7ezX9Oc3ynGQeG27v8cAlY0npEM/iNCPGTG4ZlgeEHa9iv
EM0OpuOplmdaSjOiBSZ0QQKIzmjK+uD/B8bTXciAMTQNkpbnoczyEDgeqgwPF/wORXbAiokIasH0
okAY3v537wdd24Uz67A3gfnj260VofeToAh59JXgSrvLq3EYvoe/DX1fu/54ean9CBB/MDTW8BQ6
lFTQ4eSwgXd4RapxHp+CmlSnDwTXMAhv7KeBMJC9n/Ls3zWtFk2uGIYhYUzYKLG2YZD4K/sy585R
mN9AcUNGoAKkIPEle81AJl8HECL75qsAYx1x7yfC35EFrKfB72svQ22pqPlvDvkX3vj+N3Cuy9T7
iU3E5mcvQ2KrSFoFsFzbUmC03Phvm4bfcBaOyiIj1X1e3B1O8JQc3qC7SxpdZIA7AVV+Y3iuwrdp
ETimeUmeEiNF2SgMhwXKyhRVYDH7eVZB7zN9hGlOs9F/TeN3jbeRoVQDMwCmVSPMUHKErgaY47wQ
QRboLqURnzzN9w9v+cs5yuIUOiBwFJitVGHIxILBkOXq/TTmPzzNMJqWNeAk8ZsWnBH8rhn2gemY
B45+YNqG5pqm6SyVp4HC52WV4xx0S+QyQAzDPtjaioxALJ2L5O3W6XoA0izaaeQF+yYKvBCgaa4Z
WX+nRoJgxx4DeTE4saat4IkxKrM8fySNgUsJma5GxzCtXRv79nf/ZJpXF+SvBomh7wTFVxWl+Sp0
r/S9pbjXeUUTirkit7Iba7a0GZo3puF4W3Iv2fXHrKLpmzivo5Roq2DiIDAss2nJ/EZLRhDYSkvN
J72fKjB7gwY7mPKGjfUtNs6a9VqwKStUtHplrFsd/vYK3r4xPesbHL58wdBlVVHjpbX7GZWkD5FS
eZmjmNmDJ8xHDX1SNvb6Mh+NBKthw8R8WeCwZOF4v782BGq6xHmmSyxdHZtmCkNv/v7X/h75HiU+
GyV2H5dBpzfsvtBslqczwjoW2ohpAdq3t/gUKCpr+AznMYvofv8e3H0P7r4Hd9+Du+/B3ffg7ntw
9z24eyK4298bMU+AUhbdZYgtEe6tftq7GgD3CHpptZS4Zx0YzgELe6KapvHeW8M3nP09Wn6JyWzv
bYLSkkB40hqjvbe27kMjlAUv+pb/gHfdYvmVwlS6L7XrofbrxXXPHph969O7j4Pra809sDQOQQtc
XdfeLL7ajLdm6qCtN6Z2W4GOoyLWTmPKJs2P2vHViWuzEGo8hRa8A+vAtODyEWYtF6+9ho+/5CXD
cHF9PQQCv7iHoItFWJMpuJviC1jEAhWUlKz/UDwGmQty+LXMsx58pw3a9APjQD/ybdvXPVe3AssP
EsfxEytAse44FkKR78WRlfiGazBkOS7QhNbl4RTMKQTXvbb3GQDjwDkwjozYMi3bjHxskAh03rGw
7/setlzg4EU2NmPkehZmcqyUIqIZKuZco1tYhnnkuG6CfM83A6LrHomRHsWBS6wgIaYeBZEeu5YP
FkBmxRx4BOh6M5TSmOkrxwYO6si3TAMhC+OEuJZrMQ66n+g4SkxP9xwHJzhgzBWGbB6mfB4usB15
WAcGdmDEBiZ+Ehh2QgI3tg1kW5aPA9+Er8dJInNK8xHnYEKnEyeISBw5sR1FJAqQ6bq2hyPWUfBi
JsgDFnGC1jj0ptW4IChedtRREEWYwJj5kW7YvociYARjgFzk6Q5YShNBE7rryawmqBq3aJwjH9su
TlDgWI6RRHpkRpbugRaw/gUnaxuBZUeOo8iTRVXLwXCOEh/5MPhebNok8oIk8rw48B3kmI4dxK4f
OE6EXWTILBrf3YhiHgRHTmIi3dT1ILF9FyM7DnQ/MH3Ddjw9QYZFohjrnh/LXBrn0XaIBQodOAZ8
3TWJ4zkGKKPtesRyA5sEkQXdGni65Scqk2nKOdjQpUmiO14ACkdsAzrPdWIYbpginmc4WE98zzNB
XMsHDnGOmckkh2D0YEZXdKlyFmNkOXqc6Kbrk0C3nQBggBJDb/sOdiyiE8uyEkLYME/moGlReRiD
w4M5Op1zJobORtgNItMwkgA5oMBG4mIdNC82EUkcN2YcDSfwiQNcMnpHwd6Op70pKkqusjObcTGP
XJjZRkQsw0CmpRM90L3EiROim4bl2SZiQoMSE25iUNGjOShJRhNSsmEGpQUkvmO6DkliCyVeBFMJ
2ZGJTGzZcZRgx/P9ODbBK1sCD9FAMxjYjSLXN52YJD7MbGRB0Ahd6luWl/iYoMQIPCdBemPpoHt5
7g5hS0GSFJwgbU0YZ2nyyWTEuoFBy2wSu2ZiOgj5NoIgAcWWEzvIcAPTdl0zeo4lUCPmyoApeBHA
qbsB8nwHOt42EtDdxA4Si4BBc2w/xgbGxI3BWrprTNmaQK8gJcuOG02wAaOLQAkjP/ADEDgOTBhH
7IPlgdmPsUscbEYITFArdjklmOXi0zHBrSKYrPvB2oBGuxHxQBFAmwPHBeMc6C5CiQ6mh+ixj8y4
ZQL6eNi+LqaY7R+BLts4ARsZJEnsuwFMLQxqgDyCkOvYBrZihF3XXWfSg9c6o9WCmeFC14PyuTH4
2kh3rCAmyMFgBQhopO2iJPIjA2y34T3BjIUauOoVdUrKBUfnyLJs6CSmFYZHbFd3iJ4EYJus2Eow
GCMjisFYRo2WcjRc29nSAvyBHm/WfAKuGODC7MgDOL4FXQaWKYnNCNvEiwITOg9ZOobWPFNhxtZN
ehRi7HYuM8V1jhDwIj5YlMQES6CDYHqCceR6CfjJyPQTE2YmDIfCjK2T3JGGDTPXoI9gp71YhyFz
ncjxIZIFS+OZiWfgAGHdNsFFuZ7CpiIPFfyZTFn21M5H68jwwb16uuESVyeOaXsecWwHPBPYBfC2
XoQdE8e+rTKjE47IaWYkKAJ4MDsAExkQM3HBeZEgiUGrdNOGGeCBc7IiBVGrCAHXbjBEMHCuh7zA
s7EduRimCUyXJAHDYoB1MsB529xClQTiNjCTGXhWurJSBrcvtm0SD3vE9WHwwQOCn7VBPb3IdX0Y
uMi0dRODf5L5sLFv4TA23pETmBboCEx5MN9BYAQwV73E1cG1QRAAXB3wmAGKnmYDk5cZLdJL8/yu
ni47G2aMkehs5oOxYQ4OnJGbxAZ0OYADB8U0wVKFhIgMLRTJ5orkIT9JLN21mVfzYNZgA0E4Anpq
IhY6GAQ74Lb0NT4peaDVfGmMI+RjFk/p0CNJhMFXx7oVOa4Nzt6ydVBuLzEIj0JWfGIKhAaJBX4O
B3aAwCGANYEgiCCOyooBlRP5JrGxZeqB3N0km9Eiz9oY0uEu1/J9GHMSG+C0EVgoaBzUyA0IJE4m
BFUImOg6wjKjh2leVKRYwon9AEPw5LkGxI+Rw3BZDnIjcNeIgCMFoXwdvLHEZZTmEUrBmjTzwuFd
A9bMCyCcAuFsz48gBjKhXxAG6wbzIgY1xRBFYE/ixNY4y16e9Jp1ylYlXcewIza5wcqCObPdxDH1
GMKk2PCQ7ZhWghxwzLbEqsnXeiQDpyAOPnQ5/J6ZXBgsH4IzxzY9MMiGw6wkRF+Wp5sQMKMn2bXu
inNrVDIOwI5EVmSYCEeGxyaJAT7Vh3jBwoEem7pt4UhRyYLgmvtkEDRjdmUJjsQQvIL9dhwIuwyI
+eAqQrZpRBAcxzEEEKAiJPEUdmVeF5j08imTtU0HLM5QT2ybIbCQAT4PvJcODhD8uxVhPWa+GQIG
I0C+xLBdzDchgtKPWO+aludBgGtaAYSpUQDaDpYWeUaEIMJLTFAwPZA4rMcc2NBNUCYDBboBc8uA
ATB823Kx59rE9qwEAh+fq+d8kuTZHFLWdA5+IO3hFs4MjLfPMhxsQTwHauCSBGJR8J0smmMGGCww
xNm+HbuRzfWhGpOSEIgIwAFk9LG1c8wxeaDWFrYsBP4E4kpIwWwIUcAYwAwETw7ZF8w9x2Rx4T2J
JvkjKqpDtndRNEYu4NM/wW6AEYns2A6wxSw2aL0OgTPMF8uDRCSKIKWTw9zV295kusyaj2IPuWD3
IQsKEtOCID6BjMYBkwKDD7kIxOQsEYiMvb+WOwA8tWTZ+A1IWQl5+oq2vyeOBAgOFFRX47wo2eL/
GUrvWKqPppRdsrHS2TXJUJQSSHqrooacPSZTSIHLZuegzJPqRCRMEN9ugPz+jhZ3ZRgy2QrWfBiK
SFgKxxYRPtwOf/1wc3nSdG1JudXYA6ne0aTq85m/lGRJEgUxZSEGw/e995RkgzGadCUM8AzDRePN
Gs82EtyQuKzyjPRpgWsqDon6iSQPRyrJVJE4113Tk+RxXy5P0TavinI7PL4ZfhysCXKVR7cVW7Et
RLVaEUX4LP+0ZPgfs7ssv88+FEQSAGbvSwVYcQQRlji2G5lxVU3Lt4eHI1qN6+gAHPmhABCk/TUv
0nhQ5BXbQVvJK5HlAQNZZIlRSut03pX6NdzC8J4hmDYIthm6JyS9qmmRUJLGouFZ7PhVBWELEWzz
51CSFjrlQ8bc8ZAXBy67RCCKHWKoCvAb0zdUGG5XPbJkGIYrDC8e/iW3Q0EgkPkapByikSDwgiJJ
K8t6NbxntlgVdJ+79JebU/rA9LtZf97G9lxks36ByvEZfRDwi1R50kJoJckh4jfslwOf1H8AqjCE
tAuzlkGQXcT4uZ6fwURaSdASZPDKEPya52l/jLKMpJYZOF0pXdP0x4vtHcDtcV+Azq5kD+weuDLy
E1Tc/YpmXSFu2YUhNM3/bDb1fP9g3fhJZHmur3kr1urP8wdJCIuPEXu1XzsVRChhqADbOCTX+XEM
6Cta0mw0OBXntvKJKqWiZJ8QnZFHtzOTtuAXhgoQhbBd4MFkuqjIpJSCjhVVFk6dP9DWY00N0+pK
uBVHVl+whPFii73idyhKxUIV9HCaYZj8lSi6SJVFN1XhP5Msn45pSnFn/ltgySReQpEutrOGNAXD
OQT7Vko2USCr4um9iFRICZL7jwSPB1cnZMZ+8Ik+0Lv+b12Jixnz6SQG5mEYNdgqhg1mq4x012EX
YB9KrKBvgKj2y5KkaLulWqzVTqY2JN2lDYv22Q7tTJF5y3hthexwyQOE/YQyyIXRaVbRan58Icis
frJmq3sonY6RI3fAV1Tm2f08ywz9dcLvDeqC8MYpKT/vrfpCaCEMFZCsEmUJd4N/eg8/vCEjkgky
r2jKQKvjfA0BCMpYJVD5n6EkqM2/yvxT82q2r0b7+opkS2g0DN/fsP+3mevvCZlCuMb3MMQASKYr
wyuL+36co3dowrxIkXel1BJTEEaEs0NklKLpVEonFxRZIlc1z1/zrznx2D9JID6nXyhR2bT8Yme0
gnS4EAIkPK6rHDpGkHBBWQu8lWH7BZLZ6zwv4nFNy66G7SswzRZMwxCayyEkD8MVqI1jxlPCUs2I
SyWm1dWYtqyLGWprobqShvNsE2KQZglkq6Fr090DzuRgUWz2Q8OMK2eFaHFLkBgAr2iygjoHiim9
ywsU545lTBQNfUUSJfCEMH6BRHi7zfAdx/E1qcakAFLvnBY5d3WCej75+YaVqSuY+GhEyqcSXr7W
+2S03xb/bCX7AgmEwQt0x8UkL7a3NUzFPw+Uifh5sCnAZ9Pw6qQrjW24NfPt8+DFtqZhc9hKwOLd
2ym6z6RYt6XII6cEgKezPL0FqF2J1zYKci1b3yLQub+/PyCAhHE9qO642xvX2egyz8RVlxVtQ+b5
8PmaYqK49tcEcDTLd/BplG0J/oqKqWg3VkQRvL2ub2ftivkrA7AzVFa8iDnhzvQ2ze+Fy9OyJKwo
Ji0hw31qtb7keO8BL5gXEfsWmTVIkJ6gCd/xF9JqgfxsuHLCKt7ZptU1iQzd6DAKF9mydHqFaPvR
HYC/rI4HF1IBZEtSjWQgC5ZnJIL/uxIozlnVH6+Vx3mWT+bAFELo5n0DZ6M0fYTHVzW6RKyWcSmQ
SFXySCWQzvNI9m4vX8tPobUwhNgkCsNJjdKm8c1WHdT4HLECoZVdX5A2mInpZDLtzPCh8nhKYbKw
xq/rux00Cnq6Dxr0UVSpFU2OqpQg4+cUxBxcndXF/EnHa75CoBr9hnN2EOQkp0NKsu0FYguk0nJz
S9gwHOf15D+I/oLAvsuyuK9ZqWXrzNsCv86HA8lkDdejA0/Z4bl/RPedbfAwZmwOVNMXRwYNoDbc
kYdhQXlm10KZ0KYQwr1YqmZKrxrfwoE+tifDJAe6JKpDYn1zx+IVqHl7l81RptX7rbQIAPfzomhL
QqRNoxV9bTL8wJfIdEMZkcHpFZpe5THbKOlqG3vFErygiEq53EZawd+sRJWc0EpO58BTPUjHPrFl
9xqX+K4/6KdIXFdaUJ5dLL9o6ozT+RB1velHF6wryHUTjDCACcOz/nGLaqOJAAsBP5uSg1nG5xc7
dHBeix5/SdqQ5/09ydCi9R1yOfCykGFMFK/PSc9uQT/8TCAwvmLFIx0J8RAxjhNeEcIKzUvAMGEz
awFoIpqNb+63oeyOZqMvszxLCkku9ZPtrferxLrmVps1vkPm0547EhVrQXoGdofrk7LlaVfNwSDM
hSTnaj5Ic1Y4wV+3qHohWS0HZw1BmSra+1swnEQRDc1Lmr67+nTd2RYapGHlLpvP7caSJMGKJi9C
2lsV7LwCvViwswSxvSwnKBufU1KLmzsLkrr8qAb7KC4IfNiRIC27MBzSqkrJ8cnNDsYrpUhcqWmu
1zbsZPzvxmBltC5nOG+2Qc0PNW4D/RO5zcVdJnYpdbwM+njy7qozuMArDP89NLbKqVixYZrnav1j
Q9tUuEDLKn+g+I8KIMrZrf3yJaQVzzCs0u215SKb3RIiF+8wwgYhuNU9zwv6mGed7R5ITMOwQbJL
HQ/bFhyQQqpHWNFkkWw1VnTtszNd1/5HAzfBCq8vsoRmrPK+I+m+NA2E4RKR8PYFqRj/7eIuGks+
q12vm7ziddnru1/LTzYUKXxjF+w1aY8MYId1sdN+nqZUqtNd0Z7x/iV6QLMUPejdLfUJLMNwCqkA
B7FtlesiZJE8pkD8Z/z+CsD2Y0KWq7zSuoZEVjXM/DuSabFFyM3k9jeHleota4RhWb+bzUocd90q
lvD9zkbkyZu0bCPQcEzyk5wKciwoG4KA87wqx3l1fgJGkNWg35DY1I2gs4qdSczO7PJN8P4kvm3e
b7cqnlIsTf2GIO11yLJk7Nx1R8AZL7DVvM3th+E9laPi5lpJH9UlV3A6pMjqUt2ZeMW2rsAyDDmI
HVKucT6VDVVDeL6q99nViuekEPOr5wwwgKgpuyNWC2azHKfDTxeikWoJSoG9suvcH5x+utaGp8ed
RZkNS3YXkOoT3Wq/iydkYjUEv/4Hk8Ptleff9ZxkIKakQALx+b0fOhpXfAPi5KqrPSAYcVbKy3mG
4QLEVjv7T514kunylLCUZLerLCWDvBCV5+/eN0vey+a3H5X+OM9GP9fizveStCHoZ+7NMCy7SxfH
+IE7WCHYPCMImuZSLcKCoqygwsTAf/vy3JJjGLYwlm+2cxL47k5yEuz62aXgxob0/g6ztGh9sxLV
kG9OjlNSSAXQElm2UcbfWxkitgzqJON4WY3Ih4K843cjkvdZJPKG9ewZndF4QiZ50VkWKTYfhu1b
slVYyBq7neZSRigQVZ/u9Y4vB+fHSkk3O7v9wM8tiCXs+3vnc4jlzlJUkKt+ZzWTUkn7Cqr4fouE
i6RSTM8u1xJfXfE/MM34kSKG/D2iRV2y8ya3hDQHEb+xUdFuZTYdZ5hdxDoM7jmvXdh6RZYd9V+t
xfI7AXzzHKuyhNbJjiw0CZEm42zsUKYwZwcC532uzcKqmkgW5QgOjG+U0rF13AEdvavlORe8fiNJ
BPPa2jpJMJbi0NFo3titJ06WPPWpupy1dsjriU4wX3PKq+HH7k67Bmb7cWaLeWslvgLxWdfXZX69
anP7oWQjiaez7KDKp81pkGF9dSadBeGEDZsF/ctjdrhEg2hOu+04pmp581PwO62wsYPneP0gPFYP
wq/HhR3vRw9RNszZFvTuR+GvavTEHo5I/afqnSDA7QMGlnu3b3dLwqXK4pawIVpvN8M6O1422AUx
eK35qgpUwq58pEqhOKjm+969p4ET1GCEHslwTEDFu0tCZEC7VXwrwcWS9MyK9HRcQ7KDHpW7FJgv
3its+TUZIWt9exFKaE1e8lxQnj36zHx7D2z/U4nUfhtEvCInDMMyWqy3blWrwSoiC6VYo6FtCNDf
FYRkv6CveWeJyLLp3apNhtdDBf+Q3+XzuUGI0cRw9aBL5NDotvsYJ6efaCFvLy1JanjtLCNieSbk
oxG/LcnthzNVkV68yNMwDcMZhxKGMVm8E+BtkK2pBPyE6lSOwkTy83e56WhMFvc1aO56PuMtL24y
vsSx2S2i6QUrQz/NRvyG/sKBZekD9VyjpR4doCNS3P7ntiuNWzJkOiciUa+3EfIXREU7xi/VxXZl
9o/zOc0mhj3BygrjiyVacQzDr4AgDFscG+HT9u4C0lqDQJTVbS0yvjz53FlgfPI5DFctvzjRAT49
trB0KEjBCg4qMjkp8umQ34JsVXYgkjdENscpebioHqUbvRhS5vrKEJSBYUB2PLcxyGs8Vk9uNMRN
xem0qmmKzuvO1olWbe9UWY/Jx4vTM7m4vqX9g7VcLYjdQrN+SlBxiUYjJT5b0dU5pQzK8J49mSLu
SqCqYdecisUMRAogmqhNxLTrPGthHpfztJ5c9Q9lfnyNORt9SCBqPqdSsCrT13LW1mcrfcJPR5J4
X6O/EZS/Q5PuCsdXD2jZYS/jhMhHW5akfzDT4wB4oneyy8GWDyw4GaLyrpSWm5fEDTakn9LOTj4z
XmHI237BsfuzvJjIFfsLyrOrO92XG604hmELYflmOzPCbxN9ntclkayIQFZjXUvNX3N8FzgPXRYe
i/fXknbFeUvMwHB8Y4aP2RcJ7WYvgLK7a3DYpVIl3tDUhEotyVxuUEoCe91s/Ivbn0tIwtttawT7
Y+nU/ZKkLqmqp2WaCr7dShpWpXlPnaLlQ1OywnS2oTKjMEiD096CvveN6kEGdvWug9pBzobv66Fz
lI1ki7qkbaqBbhcitP/V2IZorEVz7RJNmjJ5pQph02q8YDGE869y+f0Ta+JbLZMsBdrhHpugYWzV
7Zat2ovHJ5QPNpjox98GNx/eHV+d3vz2aJsWdFRY6zryCEir0bKsSakVhN0fmfVd85n5iQIQcNXa
O1qdt+OnMNpdI1u9EXpZqER9ou+f6Vi5C7bt07/E+9MezCfsMQz8br7scSkH7Cb47FZk/B7x7Fa2
qID+rsgit4bYnGTtM0j+3OO1L8KzUyLcPudiScEoJey5KxItn3yJ8ypjNR0Ctb3x74pQF6l4HTd3
nF5eJzRt7ma9pIwm0pNcxmCpxWsKSjwTCez5LFxfPK4vk6h5HI/4lbJ9bIxIm2JZ6pvlYw2kX/JO
LmVSTOuJSLkdXIqXk3n5R8ofP9O+0/j9tc1eTGZajz3LxtFt3YO3/7qI32oexvBf4BLXcxI39kzi
4ERPTNdLbJ8YrofZw0hA3f/F7o4s3BV52eAc8fE32xj8kU6b+MDhacZj87CQ5bfh8mEij0nOxDF1
3TIMkx2LH5x8kLoqzr9wUVQikKg8nKB3WVlKX2xuUPD5SuojBQFcsuezyGIB8Z7dSUQiCk9yYXGm
wZ5TBIDHsnKu5sYXPK6zO/EpOayL6Kh5ek6bubBuiss2AmEdwBdx42jxpBamx8V8WuVtcRIjjOK1
MaeSmvC+sUTS8h7io7pRxgWc32B2aR8GGOGx0Jt//fV/OndtAA==
===END CRASH DUMP===
