PocketMine-MP Crash Dump Wed Dec 9 19:03:04 +07 2020

Error: Argument 2 passed to ShinPickaxeLevel\provider\DataProvider::savePlayer() must be of the type array, null given, called in C:\Users\Administrator\Desktop\SkyBlock 1.16-LOL\plugins\PickaxeLevelV6\src\ShinPickaxeLevel\Main.php on line 92
File: plugins/PickaxeLevelV6/src/ShinPickaxeLevel/provider/DataProvider
Line: 33
Type: TypeError

THIS CRASH WAS CAUSED BY A PLUGIN
BAD PLUGIN: ShinPickaxeLevel v6.0.0

Code:

Backtrace:
#0 plugins/PickaxeLevelV6/src/ShinPickaxeLevel/Main(92): ShinPickaxeLevel\provider\DataProvider->savePlayer(object koth\KothPlayer, NULL )
#1 src/pocketmine/plugin/MethodEventExecutor(42): ShinPickaxeLevel\Main->onQuit(object pocketmine\event\player\PlayerQuitEvent)
#2 src/pocketmine/plugin/RegisteredListener(80): pocketmine\plugin\MethodEventExecutor->execute(object ShinPickaxeLevel\Main, object pocketmine\event\player\PlayerQuitEvent)
#3 src/pocketmine/event/Event(88): pocketmine\plugin\RegisteredListener->callEvent(object pocketmine\event\player\PlayerQuitEvent)
#4 src/pocketmine/Player(3643): pocketmine\event\Event->call()
#5 src/pocketmine/network/mcpe/RakLibInterface(176): pocketmine\Player->close(object pocketmine\lang\TranslationContainer, string[21] Internal server error)
#6 vendor/pocketmine/raklib/src/server/ServerHandler(95): pocketmine\network\mcpe\RakLibInterface->handleEncapsulated(string[19] 14.252.50.241 53366, object raklib\protocol\EncapsulatedPacket, integer 0)
#7 src/pocketmine/network/mcpe/RakLibInterface(109): raklib\server\ServerHandler->handlePacket()
#8 src/pocketmine/network/mcpe/RakLibInterface(99): pocketmine\network\mcpe\RakLibInterface->process()
#9 vendor/pocketmine/snooze/src/SleeperHandler(123): pocketmine\network\mcpe\RakLibInterface->pocketmine\network\mcpe\{closure}()
#10 vendor/pocketmine/snooze/src/SleeperHandler(85): pocketmine\snooze\SleeperHandler->processNotifications()
#11 src/pocketmine/Server(2157): pocketmine\snooze\SleeperHandler->sleepUntil(double 1607515384.9965)
#12 src/pocketmine/Server(1994): pocketmine\Server->tickProcessor()
#13 src/pocketmine/Server(1588): pocketmine\Server->start()
#14 src/pocketmine/PocketMine(273): pocketmine\Server->__construct(object BaseClassLoader, object pocketmine\utils\MainLogger, string[49] C:\Users\Administrator\Desktop\SkyBlock 1.16-LOL\, string[57] C:\Users\Administrator\Desktop\SkyBlock 1.16-LOL\plugins\)
#15 src/pocketmine/PocketMine(304): pocketmine\server()

PocketMine-MP version: 3.15.2 [Protocol 408]
Git commit: 0000000000000000000000000000000000000000
uname -a: Windows NT WIN-4P2C3VGUPNN 6.3 build 9600 (Windows Server 2012 R2 Standard Edition) AMD64
PHP Version: 7.3.23
Zend version: 3.3.23
OS : WINNT, win
Composer libraries: 
- adhocore/json-comment 0.1.0@8448076039389f558f39ad0553aab87db3f81614
- ocramius/package-versions 1.5.1@1d32342b8c1eb27353c8887c366147b4c2da673c
- pocketmine/binaryutils 0.1.12@566fa87829e007eda0bd96e39fe20b9b0d638132
- pocketmine/callback-validator 1.0.2@8321aa3ccfe63639b0d08f0cbf270755cfc99fe2
- pocketmine/classloader 0.1.1@7c0363491d1ce8f914fe96d41a4338c982adedff
- pocketmine/log 0.2.0@e59bedb5d4bbeb9a26647cb7c367cb2fa72addfa
- pocketmine/log-pthreads 0.1.1@9bbcef398b01487ab47c234a6a7054722abbe067
- pocketmine/math 0.2.5@8c46cfa95351fb0b2b30739a381310941934b55f
- pocketmine/nbt 0.2.15@f8a81d37d24eb79fb77d985a52549d68955bc6a1
- pocketmine/raklib 0.12.9@5f2a02009f486ca4d90892814570fa13ebdc078d
- pocketmine/snooze 0.1.3@849510fa62e57512b8467e3694e9b3add97038fd
- pocketmine/spl 0.4.1@ff0579a0be41bbe65d3637607715c0f87728a838
- doctrine/instantiator 1.3.1@f350df0268e904597e3bd9c4685c53e0e333feea
- myclabs/deep-copy 1.10.1@969b211f9a51aa1f6c01d1d2aef56d3bd91598e5
- nikic/php-parser v4.10.2@658f1be311a230e0907f5dfe0213742aff0596de
- phar-io/manifest 2.0.1@85265efd3af7ba3ca4b2a2c34dbfc5788dd29133
- phar-io/version 3.0.2@c6bb6825def89e0a32220f88337f8ceaf1975fa0
- phpdocumentor/reflection-common 2.2.0@1d01c49d4ed62f25aa84a747ad35d5a16924662b
- phpdocumentor/reflection-docblock 5.2.2@069a785b2141f5bcf49f3e353548dc1cce6df556
- phpdocumentor/type-resolver 1.4.0@6a467b8989322d92aa1c8bf2bebcc6e5c2ba55c0
- phpspec/prophecy 1.12.1@8ce87516be71aae9b956f81906aaf0338e0d8a2d
- phpstan/phpstan 0.12.48@d364cfbac9ffd869570cdfea7eaa6541c3dac666
- phpstan/phpstan-phpunit 0.12.16@1dd916d181b0539dea5cd37e91546afb8b107e17
- phpstan/phpstan-strict-rules 0.12.5@334898a32217e4605e0f9cfa3d3fc3101bda26be
- phpunit/php-code-coverage 9.2.0@53a4b737e83be724efd2bc4e7b929b9a30c48972
- phpunit/php-file-iterator 3.0.5@aa4be8575f26070b100fccb67faabb28f21f66f8
- phpunit/php-invoker 3.1.1@5a10147d0aaf65b58940a0b72f71c9ac0423cc67
- phpunit/php-text-template 2.0.3@18c887016e60e52477e54534956d7b47bc52cd84
- phpunit/php-timer 5.0.2@c9ff14f493699e2f6adee9fd06a0245b276643b7
- phpunit/phpunit 9.4.0@ef533467a7974c4b6c354f3eff42a115910bd4e5
- sebastian/cli-parser 1.0.1@442e7c7e687e42adc03470c7b668bc4b2402c0b2
- sebastian/code-unit 1.0.7@59236be62b1bb9919e6d7f60b0b832dc05cef9ab
- sebastian/code-unit-reverse-lookup 2.0.3@ac91f01ccec49fb77bdc6fd1e548bc70f7faa3e5
- sebastian/comparator 4.0.5@7a8ff306445707539c1a6397372a982a1ec55120
- sebastian/complexity 2.0.1@ba8cc2da0c0bfbc813d03b56406734030c7f1eff
- sebastian/diff 4.0.3@ffc949a1a2aae270ea064453d7535b82e4c32092
- sebastian/environment 5.1.3@388b6ced16caa751030f6a69e588299fa09200ac
- sebastian/exporter 4.0.3@d89cc98761b8cb5a1a235a6b703ae50d34080e65
- sebastian/global-state 5.0.1@ea779cb749a478b22a2564ac41cd7bda79c78dc7
- sebastian/lines-of-code 1.0.1@6514b8f21906b8b46f520d1fbd17a4523fa59a54
- sebastian/object-enumerator 4.0.3@f6f5957013d84725427d361507e13513702888a4
- sebastian/object-reflector 2.0.3@d9d0ab3b12acb1768bc1e0a89b23c90d2043cbe5
- sebastian/recursion-context 4.0.3@ed8c9cd355089134bc9cba421b5cfdd58f0eaef7
- sebastian/resource-operations 3.0.3@0f4443cb3a1d92ce809899753bc0d5d5a8dd19a8
- sebastian/type 2.3.0@fa592377f3923946cb90bf1f6a71ba2e5f229909
- sebastian/version 3.0.2@c6c1022351a901512170118436c764e473f6de8c
- symfony/polyfill-ctype v1.18.1@1c302646f6efc070cd46856e600e5e0684d6b454
- theseer/tokenizer 1.2.0@75a63c33a8577608444246075ea0af0d052e452a
- webmozart/assert 1.9.1@bafc69caeb4d49c39fd0779086c03a3738cbb389
- pocketmine/pocketmine-mp 3.15.2@d7a66ad7559f23d24ffe95813421a720203109b1

Loaded plugins:
MineReset 3.2.0 by Falk for API(s) 3.0.0
KhungLong 1.0.0 by xXNiceYT for API(s) 3.0.0
WorldProtect 2.3.8 by aliuly for API(s) 3.0.0
MSpawns 2.2 by EvolSoft for API(s) 3.0.0
SimpleWarp 4.0.1 by Falkirks for API(s) 3.0.0
Slapper 1.6.1 by jojoe77777 for API(s) 3.13.0
NoFallDamage 1.0 by DeveloperNeb101 for API(s) 3.0.0
MaxEnchants 1.2.1 by Xenophilicy for API(s) 3.0.0
BuilderTools 1.2.0-beta2 by CzechPMDevs, VixikCZ for API(s) 3.0.0
NoAdvertisingPE 1.0.1 by Vaivez66 for API(s) 3.0.0
KillRegen 1.1.0 by NashanPlaysYT for API(s) 3.4.0, 3.3.0, 3.2.0, 3.1.0, 3.6.0
NameTag 1 by MTwins for API(s) 3.0.0, 4.0.0
RenameItems 1.1 by Wertzui123 for API(s) 3.0.0
MobStacker 0.2.3 by UnknownOre for API(s) 3.8.1
Worlds 3.0.6 by survanetwork for API(s) 3.0.0
BuyFly 0.1 by WoolChannel3295 for API(s) 3.0.0
AutoXP 1.0.1 by JackMD for API(s) 3.0.0
BlockProtect 1.0.0 by DarkByx for API(s) 3.3.1, 3.3.4, 4.0.0
InvCrashFix 0.0.1 by  for API(s) 3.14.0
AutoInv 0.0.10 by JackNoordhuis for API(s) 3.0.0
SAC 3.6.6 by DarkWav for API(s) 3.0.0
OnlineTime 1.3 by Zedstar16 for API(s) 3.0.0
GiftCode 2 by PTK-KienPham for API(s) 3.0.0
VanillaEntityAI 1.0.0-alpha5 by jasonwynn10 for API(s) 3.0.0
RedstoneCircuit 2.0.0 by tedo0627 for API(s) 3.6.0
AddNetherite-HiroTeam 2.0.0 by Mentagess for API(s) 3.0.0, 3.0.2, 4.0.0
DevTools 1.13.0 by PocketMine Team for API(s) 3.0.0
KeepInventory 1.0 by KhoaGamingPro for API(s) 3.0.0
StairSeat 1.5.5 by korado531m7 for API(s) 3.14.0
BuyFix 1.0.0 by HumYaiJang for API(s) 3.0.6
ShopXP 1.0.0 by Unknown for API(s) 3.0.0
Minerloot 1.0.0 by Distoxicqted for API(s) 3.1.4
sblevel 0.1 by AmGM-Encode for API(s) 3.0.0, 2.0.0
DanhHieu 3.0.0 by padreon for API(s) 3.0.0
AntiTNT 0.1 by Adam1609 for API(s) 3.0.0
PiggyCustomEnchants 1.4.6 by DaPigGuy for API(s) 3.2.0
Eff 2 by AmGM for API(s) 2.0.0, 3.0.0
DEVirion 1.2.5-ALPHA12 by poggit, SOFe for API(s) 3.0.1
iProtector 3.1.1 by LDX for API(s) 3.0.0
PointPouch 1.0.0 by HituilaHuy for API(s) 3.0.0
GCPClan 1.1 by InstantlyTa for API(s) 3.0.0, 4.0.0
PointAPI 2.0.9 by onebone for API(s) 3.0.0
Weapons 1.12.0c by xBeastMode for API(s) 3.0.0
SETVIP 2.3 by MCPEVN TEAM for API(s) 3.0.0
PurePerms 1.4.2 by 64FF00 & ProjectInfinity for API(s) 3.0.0
LoadWorlds 1.1 by shin for API(s) 3.0.0
VeSo 3 by AmGM for API(s) 3.0.0
FormAPI 1.1 by jojoe77777 for API(s) 3.0.0
AutoClearLagg 3.1.0 by Twisted for API(s) 3.0.0
DeTuMF 3.0.0 by CLADevs And Shin1134 for API(s) 3.0.0
AutoSell 1 by phuongaz for API(s) 3.8.2
PECollide 1 by saxavlax001 for API(s) 3.0.0
CustomAlerts 2.1 by EvolSoft for API(s) 3.0.0
NoTP 1.0.7 by awzaw for API(s) 3.0.0
OrionTasks 1.0.0 by Clik for API(s) 3.0.0
MysteryCrate 9.1.1 by JackMD, DaPigGuy for API(s) 3.9.0
MapImageEngine 1.1.3 by FaigerSYS for API(s) 3.0.0
AutoFix 1 by Noob for API(s) 2.0.0, 3.0.0
MuaDanhHieu 3.5 by BlackPMFury for API(s) 3.0.0, 3.2.0
PlayerVaults 3.2.0 by  for API(s) 3.0.0
QuyenVipUI 1.2 by NightBlackDM for API(s) 3.1.1
BuyceUIEF 0.4 by UnknownOre for API(s) 3.0.0
CachMuaLand 1.2 by Noob for API(s) 3.1.1
EconomyAPI 5.7.2 by onebone for API(s) 3.0.0
Warps 2.0 KSCore by KaysilGMVN for API(s) 3.0.0
EnchantUI 0.4 by UnknownOre for API(s) 3.0.0
ChongBug 1.0.0 by shin1134 for API(s) 3.0.0
Kickk 1.1 by MCPEVN-TEAM for API(s) 3.0.0
InvSee 1.0.0 by BlockHorizons for API(s) 3.0.0
Banking_vonfram 1 by Noob for API(s) 3.0.0
OreGenerator 2.0.0 by vividmemory for API(s) 3.0.0
ScoreHud 2.0.0 by JackMD for API(s) 3.0.0
TableSpoon 0.0.7-ALPHA by CortexPE, Xenophilicy, HyperFlareMC for API(s) 3.13.0
essentialsTP 1.2.2 by  for API(s) 3.0.0
AntiSpam 1.3 by xBeastMode for API(s) 3.0.0
ChoDenUI 3.5 by BlackPMFury for API(s) 3.0.0, 3.2.0
Jail 1.3.0 by hoyinm14mc for API(s) 3.1.0
KitUI 1.3.5 by Infernus101 for API(s) 3.4.0
SlapperRotation 1.2.1 by jojoe77777 for API(s) 3.0.0
Police 4 by nlog for API(s) 3.0.0
MuaCoinUI 3.5 by BlackPMFury for API(s) 3.0.0, 3.2.0
PureChat 1.4.11 by 64FF00 for API(s) 3.0.0
MenuUI 2.0 KSCore by KaysilGMVN for API(s) 3.0.0
ItemDropText 1.0.0 by AlexItz16 for API(s) 1.0.0, 3.0.0, 4.0.0
AntiNuker 2.0.0 by GreenJajot for API(s) 3.0.0
NameCorrector 1.0.0#build011 by PEMapModder for API(s) 3.0.0
AntiHack 1.0.0 by pmmp for API(s) 3.0.0
CuaHangUI 3.0.0 by phuongaz | Moded by LamPocketVN for API(s) 3.9.0
ShinPickaxeLevel 6.0.0 by shin for API(s) 3.0.0
SkyBlockUI 2.0 KSCore by KaysilGMVN for API(s) 3.0.0
ShellyEssentials 1.0.2 by Shelly7w7 and BlazeTheDev for API(s) 3.0.0
SkyBlock 1 by KhoaGamingPro for API(s) 3.0.0
Alias 1.2.0 by Ghast Noob for API(s) 3.0.0
AutoMineReset 0.3.4 by  for API(s) 3.0.0
BankNotes 2.0.3 by AndreasHGK for API(s) 3.7.0
Sell 1.2.10.2 by Array, KairusDarkSeeker, JackMD for API(s) 3.0.0, 3.0.0-ALPHA12
KingOfTheHill 3.0.0-ALPHA1 by Tethered, iZeaoGamer for API(s) 3.0.0
TheoDoi 1.2.0 by HotshotHD & CodeRed2019 for API(s) 3.0.0
SizePlayer 1.0.3 by  for API(s) 3.0.0
RankShopSystem 1.0.0 by zZPROGAMERZz423 | §eFor issues report by §2Visiting GitHub.com/zZPROGAMERZz423 for API(s) 3.0.0
AuctionHouse 1.2.3 by Shock95x for API(s) 3.0.0
ShopUI 0.0.1 by InstantlyTa for API(s) 3.0.0

----------------------REPORT THE DATA BELOW THIS LINE-----------------------

===BEGIN CRASH DUMP===
eNrtPWtz27ayf4XjnrmTM2PZBN/Mh44d2Ynd2I6OraQ9PexkQBCUWFOkDh+25d7+97sLUhJAOZZk
q7dfkmktcSUtdrHvBUD+sRfnxYRWX+94USZ5tvfW3N+rkgnfe0sc3bWJbXrW/l5Ky+q0KPJi7+0f
e9VsCh/vDeGlge3vTXhZ0hFCj4tRPeFZpRnalJYlj7Qq127GSTZI2C194Bf8jqdBMC3yuyTiRRCc
0IoO2qu3b0t6xwcpnfHizT+1SV1WWsi1PNaqMddwXI0WBZ3ta1mdptoouePZvsZomsI4Sab13wbB
5xI4CYLjaJJkSVkVtMpxFF7eVvk0CG5uZ+/SnN1q5IA4vYtPF0BLWo+SDH4jk/jFCYKyYPCDFdov
aZIdTMdTLc+0NMm45hswBTFQ9D5JcQ7+f8h4egqRMKSmoaTFeaiiPASMh12Eh3N8hzI6QIUsglqg
XhSUwdv/7P2ga9tgxgl74xv/fLuxIvR+lBQhD3/nrNJu82ocBB/hbwPf164+X1xo/wQSfyAaDjyF
CeUVTDg/bMg7vOTVOI9OQU2q0wfOahDCG+tpQpDI3o959q86qeZDLhEGAUckKCUcG4QkXvHLArug
wvgGFdd8BCrACx5d4GsGPHk6ECGjb74KZKxS3PuRi3d8TtbTxO9rL6Pa7FItfnMovvDG875B5ypP
vR/REJufvYwSq0tJqwCmY5kdMlps4rfNwG8ECruLIuPVfV7cHk7YlB9e09uLJDzPgO4YVPkNcZ0O
3mZEwJjmJX+KjZRmoyAYFjQrU1qBx+znWQWzj/oIZp5ko/8Y5DdNjJHRVAM3AK5V4+goBYWOBjRH
eSETWdDbNAmF8TTfP7wRL2c0i1KYAN/ukNlyFQTIFghD5av341j88DRjdFrWQCeP3rTEEf83jVgH
hm0c2PqBYRHNNk3HWShPQ4qwyypnOeiWjGVAkYZ98LUVHwFbumDJ3W7SdR+4mY/T8Av+TWZ4zkAz
XCNZb6tBfH/LGQN+GQSxZiz/CRmVWZ4/8sbBpZxPl9IhhrntYN/+7h+oeXXB/2woIfpWpHhdRWm+
CtOrfG/B7lVeJXHChCK3vJMVX9qI5o1BbHdD7CVef86qJH0T5XWYcm2ZTBz4vmM3IxnfGIn4vtUZ
qfmk92MFbm/Q0A6uvEFjfguNveK95mjKihatXpFVryPeXsLbN4ZrfgPD168Mpqwqarbwdu9oyfuQ
KZUXOY3QHzzhPmqYk7Lx1xf5aCR5DQsM82WJwwKF7f722hSomRL7mSkx9a5sGhOG2fztz/09/j1L
fDZL3H1eBpPeoPuaZHd5esdxYmGMKClA+/bmnwKkixo+Y3mEGd1v35O778nd9+Tue3L3Pbn7ntx9
T+6+J3dPJHf7eyOMBDTF7C6j2CLcW/60dzkA7CHM0rKVuGceEPsA056wTtJo7y3xiL2/l5RfI363
9zamackhPWmd0d5bS/dgkASTF33Df4C7bmn5OQFTui+1q6H28/lVzxoYffPLh8+DqyvNOTA1QYLm
O7quvZl/tZG3ZuigrdeGdlOBjtMi0k6jBI3mn9rx5YljYQo1nsII7oF5YJhw+QhWK9hrr+Hjr3mJ
NJxfXQ0BIC7uIenCDGsyhXBTfAWPWNAi4SXOH43GwHPBD38v86wH32mTNv2AHOhHnmV5uuvopm96
fmzbXmz6NNJt26Q09NwoNGOPOAQpy1lBJ0ldHk7BnUJy3WtnHwkgB/YBOSKRaZiWEXqM8BB03jaZ
53kug8BALDe0mBFRxzUZ8rFUijDJaDETGt2SRYwj23Fi6rme4XNdd3lE9TDyHW76MTf00A/1yDE9
YhoqKgzgIVDXu6NpEqG+CtogQB15pkEoNRmLuWM6JmLQvVhnYWy44FNsFjMfkXcQoh2mwg7ntB25
TAcElk8iwrgX+8SKue9EFqGWaXrM9wz4ehTHKqY0HwkMBkw6t/2QR6EdWWHIQ58ajmO5LMSJghcj
pi6giGK6gqE3rcYFp9Fioo78MGQcZOaFOrE8l4aACGRAHerqtuUaBoUhdMdVUU1oNW6psY88Zjks
pr5t2iQO9dAITd0FLcD5hSBrEd+0Qtvu8JOFVYuB2EexRz0QvhsZFg9dPw5dN/I9m9qGbfmR4/m2
HTKHEhVFE7sbVowD/8iODaobuu7HlucwakW+7vmGRyzb1WNKTB5GTHe9SMXSBI92QkxQaN8m8HXH
4DaEClBGy3G56fgW90MTptV3ddOLu0imqcBgwZTGsW67PigctwhMnmNHIG4wEdclNtNjz3UNYNf0
AEOUM3SZ/BCcHlh0lSxUzkREpq1HsW44Hvd1y/aBDFBimG3PZrbJdW6aZsw5inkyA00Ly8MIAh7Y
6HQmkBAdJez4oUFI7FMbFJjEDtNB8yKD8th2IsRIbN/jNmDJktsE/O142pvSohQqe2chFuPIAcsm
ITcJoYapc93X3diOYq4bxHQtgyLToMRcuBha9JIclCRLYl6imEFpgRLPNhybx5FJYzcEU6JWaFCD
mVYUxsx2PS+KDJ+YpoRDdtBIBnPC0PEMO+KxB5ZNTcMwYEo903Rjj3EaE9+1Y6o3ng6mV9TukLYU
PE4hCCatCxMoDWFMJNIJAy2zeOQYsWFT6lnUtVwamXZkU+L4huU4RvgcSoCGGMoAKUQRoFN3fOp6
Nky8RWLQ3djyY5ODQ7MtL2KEMe5E4C2dFaTYE+gVvMTquNEEC2h0KChh6PmeDwxHvgFyZB54HrB+
xhxuMyOk4IJatsspZ1iLT8ectYpg4PSDtwGNdkLugiKANvu2A87Z1x1KYx1cD9cjjxpRiwT08bB9
nZuY5R2BLlssBh/px3HkOT6YFgM1oC6n1LEtwsyIMsdxVpH04LXOkmqOjDgw9aB8TgSxNtRt0484
tRl4AQ4aaTk0Dr2QgO8m7hPIMNVgVa+oU17OMdpHpmnBJKFWEJdbjm5zPfbBN5mRGTNwRiSMwFmG
jZYKaoS2Y2sB/sCMNz0fXygGhDArdIEcz4QpA88UR0bILO6GvgGTR02dwWiu0UGGfZNeAjl2a8uo
uPYRBVzcA48SG+AJdGBMjxkLHTeGOBkaXmyAZYI4OsiwT3LLGzTorkEfwU+7kQ4ic+zQ9nxLB0/j
GrFLmE+ZbhkQohy3g6biDxX8mUyxemrt0TwiHoRXVycOd3RuG5brctuyITKBX4Bo64bMNljkWV1k
yURQZDcWCYoAEczywUX63IgdCF7cjyPQKt2wwAJcCE5m2KGoVQRfaDc4IhCc41LXdy1mhQ4DMwFz
iWNwLAS8E4HgbQkPVXLI28BNZhBZk6WXIsK/WJbBXeZyxwPhQwSEOGuBerqh43gguNCwdINBfFLx
oOxbchCNe2T7hgk6AiYP7tv3iQ+26saODqENkgDAakPE9Gn4NBowXnRavJfm+W09XUw2WAyJdbR8
cDYY4CAYOXFEYMqBOAhQqAlml0nIyOhckSyhSC714tjUHQujmgtWwwiFdAT01KCYOhDObAhb+gqe
lD8k1WzhjEPqMcyndJiROGQQqyPdDG3HgmBvWjootxsTLrKQJZ4oAUBDiQlxjvmWTyEggDeBJIhT
QZUZAVV26BncYqah++p08+wuKfKszSFtEXJNzwOZ84hA0KbgoWBwUCPH51A4GZBUUUCi65SpiB6m
eVHxYkFO5PkMkifXIZA/hjbSZdrUCSFcUw6BFJjydIjGCpZRmoc0BW/S2IUtpga8metDOgXMWa4X
Qg5kwLxQBt4N7CICNWWQRTBXwYQ9zrKXx72mT9mqpGMTK0TjBi8L7sxyYtvQI0iTIuJSyzbMmNoQ
mC0FVVOv9XgGQUEWPkw5/B5dLgjLg+TMtgwXHDKx0UtC9mW6ugEJM30SXRuuBLZGJSMf/EhohsSg
LCQuGgmBmOpBvmAyX48M3TJZ2FHJgrNaxGRgNEO/siCOR5C8gv+2bUi7COR8cBVSyyAhJMdRBAkE
qAiP3Q66Mq8Lxnv5FHltywFTINRjy0IKTEog5kH00iEAQnw3Q6ZHGJshYSA+9RSEbTPfgAxKP8LZ
NUzXhQTXMH1IU0MftB08LXVJSCHDiw1QMN1XMKzmHIzoBigTob5OwLYICIB4lukw17G45ZoxJD6e
UM/ZJM6zGZSs6QziQNpjLTl34Lw9rHCYCfkcqIHDY8hFIXZiNocOGDww5NmeFTmhJfShGvOSc8gI
IABkyWPr5zAwuaDWJjNNCvEE8koowSxIUcAZgAVCJIfqC2zPNjAvvOfhJH+kRXWIaxdF4+R8Yf4x
c3xGeWhFls9M9Nig9TokzmAvpguFSBhCSaemucu3vcl0UTUfRS51wO9DFeTHhglJfAwVjQ0uBYQP
tQjk5FgIhGTvz8UKgCgtsRq/Bi4rqU5fwvb3ZEkA4wChdTXOixKb/+9peoulPp0meImy0vGaZzRM
ORS9VVFDzR7xKZTAZbNyUOZxdSIDJlQsN0B9f5sUt2UQIG8FDh8EMiVYwmET4dPN8OdP1xcnzdSW
ifAae8DVx3GdjS7ybCSxsoTJrBBBqMLKwy9XCeP/Hu6KnZMky5vmziak/5wXaTQo8grXYJbUK2CZ
ATQtT2UAquU6ne2K/AZbENwjBdOGgi47N8Pj6+HngcLMuKqm5dvDw1FSjevwAILe4WWdFHHC00hW
3fmaUVVwLGVx+eBQ4RYm5fJmSu8bLZ0rZgtRp8JQJ+L0Lk9vgK1dTUU7KHC/GH2DCbi/vz/gQAli
PahukZ+bBDOAn2kxlViSgDJX6M7JqrGhgbyOL0BTVmLNIhbrgjdpfi9dnoKLwho4LQene08ZZyno
vQd6g0Chfa2O36R0OuWFzHsLUU3T6TL+e/57zl38p7BOzJfLtGxG3sxAn9DpJUmHcyaAw6scZJSe
0IkoYRZsKuCOG1I5PcElPIzCVxyqE7IzX6SiDQKZos2d1CV9OM3YmGaVYpMSVGXO6AryF55BQZyk
CduZn5JQIiMLUpSLTZh7hw1fXgzzPJW5U8Bd9vReyCvacT/9R87Gg0uYc/zBl+Qhue3/uit2GSKf
TiJAHgRhQ1uFtAVBh9JtNVoi+1BBJfT6OALOq6RMshH4BVm11U+6QbajAF9ocscfHWdX0zHHhxqt
ENIBbJQ9QK54zUc8k7OHBUxlbMVwr2gJmoYrxmUnhbDEV7H337wa7StpX52Xcy8NGgQfr/H/TRi9
At6GVE6S5hCFSZXBy+E9Joxdue2LQPXynC95QCfcLJJtQvs1R5LPKz6RjVSGdgSlcvEzKMRjnRDD
3JUGLjHiPogFGS8OLEt8hzJX6H3z8KbCRXA5gkpAmXFs6Zsq65+z2yy/zz4VXGEdCqKXsr7ECNwu
6Hgx5xKB84S47KbCZacg0Q8clcuyLu5ou4y+KxELnG0mDIJdELIRg22eeyCQHMz3KfzQIGvizuw9
pO1yxBEAVZxdPQbP3Afbz3hqGr69K06boT+fb54SHNdV/stAor4FrIkDP4GqXJ7siuwGWxA0Y79Y
ARs0hy0HKBpcTlgtyhTwmqryhBa372YPCqemmA18tV7rP2VSIANQCVsrvPPsrl9ADHmfPEjsyVBV
CbtiVJJx6+VcTOr/AlVBkGR3DEeGqLBNTECBAdEdJUTICvn6qhpe5XkRjeuk3JU2/g5IsznSIIDh
cmCs0c6GqPWV0nFfrpLgSnV7TtftoZr9TO92Vi806KDAO+6LP8+XvEjypwybr0NxFGxBuQRU7aQT
m37lEe7CITvLCxcIg2BJw4sdwwLbocQQ8Pwhiau+6DQvOF6AlA6Fyu1g+LH3MeHZYEwnu2IYcAbB
fPDN3fcXmkGGS0+h4q9mx+cSI91PVvxcj6bTMbU7lTot8+x+lmVEf2WXYlAXXAye8PKXPdm6FiME
QYdI3J+4IHeNvl6jTPOM95OC1UmlJJPqJ2qvacXDVzzKdcdQWxOvSOqLdvhNmm3C+0XRFa/GvABQ
7ywp8iEHtZJ84ZOfr2HqkmcVHfHyqYRfNOSfDFztDq2N2JxTAoXanLrjYpIXm+suVKrdYn0B6hQB
Zpe/5UY0TUzH7vosw6YYlyjZrlm6pOxwgQOLU86nEDzE/gQ5WVThz/aWPo5z+oFOsDwu8l1xrCCF
AlQmZ3NRQumQFDecyma4hKlc2Qcdn3ObFzTKbZNMOu3BV2QkEk6If3NKpLebdZRmambVAtakjGf1
5N80+Ylmo46QnNek9ZhSbSyOcT5VkvoWsIbwtoDbWWdvsEVnEleM0jzvLmI1sHU5egIO9yFh/wVX
rmoQJOgvXv1Z4gyCKt2clRLGwsM2S0bmkGcrwuPJh8veaSYWvld9tvEaQeARkyAow/khoPWemWbj
s4TXsmeeg7r1e0cWUxoVPN+ZDrXogmCYVFXKj0+utyhtIZcYXg3lUNpCnhdERCfE0f1dsdAOumk6
MEhGo1m/Bu2bPNGrf+pT1Tqs1dICfvShVhv2xmtqiwYfnoxbIWZz6ZziJpgFX6dij8w3M240Dol+
Q8pkXswHDEmgqAPMZIuc5fRLUggSl5YxB3UXF+ze8cXg7Jh0eJnmo5HISm8+ve+a+otbeQ3SILgT
pARBxOfvJPLWaF7Sdh5yuT8pAVXLX2nNXpz8siuTAVRBsBz5xXUf4Old9genhxIXaGJQz1eDvGZj
5WjDArguvidVnaT0rN7ZGthy7M018UN/0E+prIhzyLMN9PNmj3Q6G9JdrwUkc9QVDYKYUQbEBMH7
/nFL1VrpgfDgZ1N+cJctxHQ8OO8KCUHd8sdXuYTyK4T/dyWfKMdDF+KoIsuzfDIDpFCrNu8bctZv
EOF0mit7IeaQjryAHdbZ2fKO07K6fCozeCFDS4xB0JKxeLNRgnk6/HKuJJgNoLPDpVOTgiV+udKG
p8eXO9vZIVDiQa7qS7LRHgZsSwx4oaw+LWHdUNpx3Y71/r2ua/+jgTvB7YDnWZxkuB90R+x8bQaA
yDqnSHr7Av8nfjs/273AA7OAvdmVBRoJ+KwLKSGd3JmnX4y5uZNHHtn0Ljuo8qnogfGbXG584aUS
q57NJV6X2wGuIPjXkGyieu/zYqK6sznk2en+xuaZ1zS4FxjBPTckLN5s2q/vp5wWF3Q06nTtl/Bu
utCJosN7PGoe7YqnqkHXtOsZEpECEU3TXqZpWxNqyTwuZ2k9uewfqvhEF2tYX75XelgCsKZO6l8c
404N7TiLxC0ACDGtXc1Fi1tsvhQ54DaLgTc8TTsyFaBnthZMx3WejehjZ13aeHEy2+JrpIejb87C
4LSfp2mi9PSXsGeYKOkDvUvpg767XVsSyiCYQuogiNi0EGwKq+OUF0oFqIDVeEv+2m2U8shB0KHj
ZRsqr/LhQNmMNFxtUrmdXbL3j/R+Z5tkEVkQZHk1fXGR0RCEK2hYZg1peSuLSwKuKSv6abKzHQ+I
KwjE2C/o5l7OcDfvrF+I8xzLfpwMlpnxV4vBdn/A/tPdB//1WwVkYl67YUBhTGyTnJ7jxsrTbCTu
uSPtlFQ+6G4pM7vbfZMRL27+fbMrqS4QIsMyJd3rTX292t2eQ55xkld5Hu66D5MBzsbTN4OvV8+a
PtGglKFq7O0sN7xLQeqDy/d1MXtycewVrbH+OO8DDbj/pn27ReASN6v5QutUbfjJ4OcPc+xIy+ab
OZqb+9yJkef30lnQsZadf9UznkFN9lnOdyVgp1nWUbNkNK6EnE4uOw39F3fIoDzFDTYCZxDMidhk
DYjxz+en79VloBamNpKtjTbsvUI08oa9lojNFaxP2RiM5ILivSyW6YQEfV4mqum/ShYpjIZRFw1/
UtO0GXx9y3jZcJE6x3IXZkm/feB2OdhxU6hF96qeEC2mSkdIXHd6W9rHm35e8M5aMJ2VSfrh8svV
zvbB4thbtO+bhr9i3kvY32gXCyK2sIwxlBvvarmUXYDWJG3ljku3eSkoAsicgg12vrPbW2XXO14/
21VoOme9v6IZNx99k+2LN5yrOxcRsGbOxS7Js7xIHvNsZ5v+FKRB0FCyzSbGdzS7TbLR17s8iwtl
A0/3k83zq1dxdCXcKw6+uSWABX0QN31SF4EU8JqdR3fJXRJN+CQvdtYWlYcPgvbtRknuDd5z6ayW
A94CtIaPv2aH83z0zUUyxMFuprmy5igBu1tk3WbVsVNb4in/B3G8Rz7Ctb93Npvy4n1KC37Z39nZ
POVI15JU+f369gdfnGNUWgQKuLviavwV+bA8IgR7dfyNNiHcTNUNfXPQs1tq/4JFnxAxTsSiD94m
qQQaJnjeY07QRPZ032xLjfMTnilxfwH6G+suQYCImvBuc+v6iSZyt1NcdsTSdQzjfJZkE2JNWCcd
fjH5S4xB8DtQEAQtHRsEfjUDa667DNjdJeCYF1ldds+nvmK7nYQS4/9W2Vd7/PY6r8SdK1ZPFy8+
WXM4dfcLJR0Ctijmc3B+Sgu6ASgHxFXqM7w33Y7oRlxQsosxt2j71bSfJ6ppL2F/l20DBb+yHDew
neTJMNnGuHHJsz9WNqUuQN2VXkKeWurdSiDSOvJTh/bFTc5K3LqLQfguyetycNqbw/e+sQqMxC7f
7WANWKBBafOsVkXdAP7G6nMbr4GnKk+KfDoUN89ZVhAyeE0dcZzyh/PqUTm0QpSO5is3xCAxSMh2
WxavavWE6BK2JmP9UHCe/UR/z6tdbl0UQ2/OAZ5EBoUpuvvIVPiKZH4QR+H1rhUOTi/pFHIgrMF2
tddqiTIIFKo6l5vK64yy2464BGiN9k0nk+nOKm9aHk+TaZPJocC26H3U9IxmIzWfW8DWbfZtF2q1
/9UwUY20cKZd0ElzBKLjHNat+UibIaRdXko/7anNrxstIy8Y2mYLfefZCfJm+pXHKixnyXm6R7TL
/tDq0wI2Yqi9UbQiaQn49/j9JQHbiIan6Wx5nxtFNJ2PukbYaQk333fvXY1mkQZZzCMfjvkJv9ud
vFSCtpfXE9J6roO0w0NCHeNrzjXlGZ9JucrlbJDmGODE6waH3dKEygJrrlduy9IJbGOoW7Vd9sbE
sI0sxE3eN10wfepeaypcbceYnd73zuJyVEAtf/bhY7Nwuhh+c/XCvuBVXvGy06hsYN1Mo7uFbjG+
IhB3nYuXFGpD7hYkSW83sh51F9PqDiYsH7vu4D9QbODaJxL3kSZFXeI56hvOm+TrGx3BNllcbPbf
wQwguWdijWxTcX4Eg/8Ug+86SxTGVfhKOG+J7uzME+c5ebSvJb9ymoM32V32tXzuz8b9zzHPofKT
m58tZI3XOMurcpxXZyfa/2h4qPqaR4ZOdnash00ivOm5uAdZfxLdNO830s3ksX0aknIXuQWwG7PM
v8KFiPEumsf3LN9vdAcfsEM8T3iDu2bkvmbngzX57+Ovg+tPH44vT69/fbQME1LIoNZ16nLIA7Wk
LGteagXH29NiVtl8ZnxJgBBQae1DUp21BW4H0fYle1tYS/mntOX6iaz0mVlVp2CbjZeiC3CW1yVX
QosE7qq72U1lIED79sMuY758JxFpW2M7Eu61FfSNkT6MRAq1G51SVbPRBvD8PUuePcGyA98L3E3r
BJ/wlm+0ReRP+d6uB7MJPsJA3AkXHzVygDeQx3uYifur421gaQG8Vnxuyvyh4ln7/I4/9kTGLT13
JGTtMyIWEEZTjs8sUWD55GuUVxlmJRK0vWnuElAXqXwdNXdrXlzHSdrcCXoBGU2Up6BAFqbQksB8
3skAfLaJUE5XGPskbB5lI3+lbB+5IsOmTOX6evFIAOWXYpJLFRQl9USG3Awu5MvJrPxvKh7d0r7T
xL2pjV7E77QePgfG1i3dhbf/OI/eai5j8J/vcMe1YydyDW6zWI8Nx40tjxPHZfggD/BV/8A7C0t3
FF4MOKNC/ka73f0xmTZr77bIAx+bB20svg2XDxNVJjmyY+i6SYiBZ5oGJ5+UqYryr4KVLhBAiSpO
0LusLJUvNnf7/OVSmaMOBXCJzzZR2QLgPd7gQQFKT0HBBi/BZ/wAwWNVOZe28ZWN6+xWfsIMTlEy
ap480x4SwGmKytbD4QSIk9NROH/KCepxMZtWeZteI2AUrcg8UdREzI0pgxb33x7VjTLOyfkVrEv7
NGCUjaXZ/PPP/wMTXDCH
===END CRASH DUMP===
